[14.731s] Invoking command in '/home/jetson/mecanum-ros2/src/teleop_keyboard': PYTHONPATH=/home/jetson/mecanum-ros2/build/teleop_keyboard/prefix_override:/home/jetson/mecanum-ros2/install/teleop_keyboard/lib/python3.8/site-packages:${PYTHONPATH} /usr/bin/python3 setup.py egg_info --egg-base ../../build/teleop_keyboard build --build-base /home/jetson/mecanum-ros2/build/teleop_keyboard/build install --record /home/jetson/mecanum-ros2/build/teleop_keyboard/install.log --single-version-externally-managed
[20.270s] running egg_info
[20.298s] creating ../../build/teleop_keyboard/teleop_keyboard.egg-info
[20.302s] writing ../../build/teleop_keyboard/teleop_keyboard.egg-info/PKG-INFO
[20.305s] writing dependency_links to ../../build/teleop_keyboard/teleop_keyboard.egg-info/dependency_links.txt
[20.307s] writing entry points to ../../build/teleop_keyboard/teleop_keyboard.egg-info/entry_points.txt
[20.308s] writing requirements to ../../build/teleop_keyboard/teleop_keyboard.egg-info/requires.txt
[20.322s] writing top-level names to ../../build/teleop_keyboard/teleop_keyboard.egg-info/top_level.txt
[20.353s] writing manifest file '../../build/teleop_keyboard/teleop_keyboard.egg-info/SOURCES.txt'
[20.380s] reading manifest file '../../build/teleop_keyboard/teleop_keyboard.egg-info/SOURCES.txt'
[20.395s] writing manifest file '../../build/teleop_keyboard/teleop_keyboard.egg-info/SOURCES.txt'
[20.400s] running build
[20.403s] running build_py
[20.406s] creating /home/jetson/mecanum-ros2/build/teleop_keyboard/build
[20.409s] creating /home/jetson/mecanum-ros2/build/teleop_keyboard/build/lib
[20.412s] creating /home/jetson/mecanum-ros2/build/teleop_keyboard/build/lib/teleop_keyboard
[20.423s] copying teleop_keyboard/__init__.py -> /home/jetson/mecanum-ros2/build/teleop_keyboard/build/lib/teleop_keyboard
[20.424s] copying teleop_keyboard/teleop_keyboard.py -> /home/jetson/mecanum-ros2/build/teleop_keyboard/build/lib/teleop_keyboard
[20.426s] running install
[20.436s] running install_lib
[20.452s] copying /home/jetson/mecanum-ros2/build/teleop_keyboard/build/lib/teleop_keyboard/__init__.py -> /home/jetson/mecanum-ros2/install/teleop_keyboard/lib/python3.8/site-packages/teleop_keyboard
[20.455s] copying /home/jetson/mecanum-ros2/build/teleop_keyboard/build/lib/teleop_keyboard/teleop_keyboard.py -> /home/jetson/mecanum-ros2/install/teleop_keyboard/lib/python3.8/site-packages/teleop_keyboard
[20.466s] byte-compiling /home/jetson/mecanum-ros2/install/teleop_keyboard/lib/python3.8/site-packages/teleop_keyboard/teleop_keyboard.py to teleop_keyboard.cpython-38.pyc
[20.482s] running install_data
[20.492s] creating /home/jetson/mecanum-ros2/install/teleop_keyboard/share/ament_index
[20.496s] creating /home/jetson/mecanum-ros2/install/teleop_keyboard/share/ament_index/resource_index
[20.499s] creating /home/jetson/mecanum-ros2/install/teleop_keyboard/share/ament_index/resource_index/packages
[20.505s] copying resource/teleop_keyboard -> /home/jetson/mecanum-ros2/install/teleop_keyboard/share/ament_index/resource_index/packages
[20.507s] copying package.xml -> /home/jetson/mecanum-ros2/install/teleop_keyboard/share/teleop_keyboard
[20.508s] running install_egg_info
[20.529s] Copying ../../build/teleop_keyboard/teleop_keyboard.egg-info to /home/jetson/mecanum-ros2/install/teleop_keyboard/lib/python3.8/site-packages/teleop_keyboard-0.0.1-py3.8.egg-info
[20.550s] running install_scripts
[20.845s] Installing teleop_keyboard script to /home/jetson/mecanum-ros2/install/teleop_keyboard/lib/teleop_keyboard
[20.848s] writing list of installed files to '/home/jetson/mecanum-ros2/build/teleop_keyboard/install.log'
[21.109s] Invoked command in '/home/jetson/mecanum-ros2/src/teleop_keyboard' returned '0': PYTHONPATH=/home/jetson/mecanum-ros2/build/teleop_keyboard/prefix_override:/home/jetson/mecanum-ros2/install/teleop_keyboard/lib/python3.8/site-packages:${PYTHONPATH} /usr/bin/python3 setup.py egg_info --egg-base ../../build/teleop_keyboard build --build-base /home/jetson/mecanum-ros2/build/teleop_keyboard/build install --record /home/jetson/mecanum-ros2/build/teleop_keyboard/install.log --single-version-externally-managed
