[5.198s] Invoking command in '/home/jetson/mecanum-ros2/src/mecanum_cartographer': PYTHONPATH=/home/jetson/mecanum-ros2/build/mecanum_cartographer/prefix_override:/home/jetson/mecanum-ros2/install/mecanum_cartographer/lib/python3.8/site-packages:${PYTHONPATH} /usr/bin/python3 setup.py egg_info --egg-base ../../build/mecanum_cartographer build --build-base /home/jetson/mecanum-ros2/build/mecanum_cartographer/build install --record /home/jetson/mecanum-ros2/build/mecanum_cartographer/install.log --single-version-externally-managed
[9.116s] running egg_info
[9.125s] creating ../../build/mecanum_cartographer/mecanum_cartographer.egg-info
[9.127s] writing ../../build/mecanum_cartographer/mecanum_cartographer.egg-info/PKG-INFO
[9.129s] writing dependency_links to ../../build/mecanum_cartographer/mecanum_cartographer.egg-info/dependency_links.txt
[9.131s] writing entry points to ../../build/mecanum_cartographer/mecanum_cartographer.egg-info/entry_points.txt
[9.134s] writing requirements to ../../build/mecanum_cartographer/mecanum_cartographer.egg-info/requires.txt
[9.135s] writing top-level names to ../../build/mecanum_cartographer/mecanum_cartographer.egg-info/top_level.txt
[9.160s] writing manifest file '../../build/mecanum_cartographer/mecanum_cartographer.egg-info/SOURCES.txt'
[9.184s] reading manifest file '../../build/mecanum_cartographer/mecanum_cartographer.egg-info/SOURCES.txt'
[9.195s] writing manifest file '../../build/mecanum_cartographer/mecanum_cartographer.egg-info/SOURCES.txt'
[9.197s] running build
[9.198s] running build_py
[9.199s] creating /home/jetson/mecanum-ros2/build/mecanum_cartographer/build
[9.200s] creating /home/jetson/mecanum-ros2/build/mecanum_cartographer/build/lib
[9.200s] creating /home/jetson/mecanum-ros2/build/mecanum_cartographer/build/lib/mecanum_cartographer
[9.201s] copying mecanum_cartographer/__init__.py -> /home/jetson/mecanum-ros2/build/mecanum_cartographer/build/lib/mecanum_cartographer
[9.202s] running install
[9.215s] running install_lib
[9.225s] creating /home/jetson/mecanum-ros2/install/mecanum_cartographer/lib/python3.8/site-packages/mecanum_cartographer
[9.225s] copying /home/jetson/mecanum-ros2/build/mecanum_cartographer/build/lib/mecanum_cartographer/__init__.py -> /home/jetson/mecanum-ros2/install/mecanum_cartographer/lib/python3.8/site-packages/mecanum_cartographer
[9.233s] byte-compiling /home/jetson/mecanum-ros2/install/mecanum_cartographer/lib/python3.8/site-packages/mecanum_cartographer/__init__.py to __init__.cpython-38.pyc
[9.236s] running install_data
[9.243s] creating /home/jetson/mecanum-ros2/install/mecanum_cartographer/share/ament_index
[9.244s] creating /home/jetson/mecanum-ros2/install/mecanum_cartographer/share/ament_index/resource_index
[9.245s] creating /home/jetson/mecanum-ros2/install/mecanum_cartographer/share/ament_index/resource_index/packages
[9.246s] copying resource/mecanum_cartographer -> /home/jetson/mecanum-ros2/install/mecanum_cartographer/share/ament_index/resource_index/packages
[9.247s] copying package.xml -> /home/jetson/mecanum-ros2/install/mecanum_cartographer/share/mecanum_cartographer
[9.248s] creating /home/jetson/mecanum-ros2/install/mecanum_cartographer/share/mecanum_cartographer/launch
[9.249s] copying launch/cartographer.launch.py -> /home/jetson/mecanum-ros2/install/mecanum_cartographer/share/mecanum_cartographer/launch
[9.254s] copying launch/occupancy_grid.launch.py -> /home/jetson/mecanum-ros2/install/mecanum_cartographer/share/mecanum_cartographer/launch
[9.256s] creating /home/jetson/mecanum-ros2/install/mecanum_cartographer/share/mecanum_cartographer/config
[9.257s] copying config/mecanum_2d.lua -> /home/jetson/mecanum-ros2/install/mecanum_cartographer/share/mecanum_cartographer/config
[9.258s] creating /home/jetson/mecanum-ros2/install/mecanum_cartographer/share/mecanum_cartographer/rviz
[9.259s] copying rviz/mecanum_cartographer.rviz -> /home/jetson/mecanum-ros2/install/mecanum_cartographer/share/mecanum_cartographer/rviz
[9.259s] running install_egg_info
[9.280s] Copying ../../build/mecanum_cartographer/mecanum_cartographer.egg-info to /home/jetson/mecanum-ros2/install/mecanum_cartographer/lib/python3.8/site-packages/mecanum_cartographer-0.0.0-py3.8.egg-info
[9.294s] running install_scripts
[9.550s] writing list of installed files to '/home/jetson/mecanum-ros2/build/mecanum_cartographer/install.log'
[10.979s] Invoked command in '/home/jetson/mecanum-ros2/src/mecanum_cartographer' returned '0': PYTHONPATH=/home/jetson/mecanum-ros2/build/mecanum_cartographer/prefix_override:/home/jetson/mecanum-ros2/install/mecanum_cartographer/lib/python3.8/site-packages:${PYTHONPATH} /usr/bin/python3 setup.py egg_info --egg-base ../../build/mecanum_cartographer build --build-base /home/jetson/mecanum-ros2/build/mecanum_cartographer/build install --record /home/jetson/mecanum-ros2/build/mecanum_cartographer/install.log --single-version-externally-managed
