[1.697s] DEBUG:colcon:Command line arguments: ['/usr/bin/colcon', 'build']
[1.697s] DEBUG:colcon:Parsed command line arguments: Namespace(allow_overriding=[], ament_cmake_args=None, base_paths=['.'], build_base='build', catkin_cmake_args=None, catkin_skip_building_tests=False, cmake_args=None, cmake_clean_cache=False, cmake_clean_first=False, cmake_force_configure=False, cmake_target=None, cmake_target_skip_unavailable=False, continue_on_error=False, event_handlers=None, executor='parallel', ignore_user_meta=False, install_base='install', log_base=None, log_level=None, main=<bound method BuildVerb.main of <colcon_core.verb.build.BuildVerb object at 0x7fafb031c0>>, merge_install=False, metas=['./colcon.meta'], packages_above=None, packages_above_and_dependencies=None, packages_above_depth=None, packages_end=None, packages_ignore=None, packages_ignore_regex=None, packages_select=None, packages_select_build_failed=False, packages_select_by_dep=None, packages_select_regex=None, packages_select_test_failures=False, packages_skip=None, packages_skip_build_finished=False, packages_skip_by_dep=None, packages_skip_regex=None, packages_skip_test_passed=False, packages_skip_up_to=None, packages_start=None, packages_up_to=None, packages_up_to_regex=None, parallel_workers=4, paths=None, symlink_install=False, test_result_base=None, verb_extension=<colcon_core.verb.build.BuildVerb object at 0x7fafb031c0>, verb_name='build', verb_parser=<colcon_defaults.argument_parser.defaults.DefaultArgumentsDecorator object at 0x7fafb03700>)
[1.832s] Level 1:colcon.colcon_core.package_discovery:discover_packages(colcon_meta) check parameters
[1.833s] Level 1:colcon.colcon_core.package_discovery:discover_packages(recursive) check parameters
[1.833s] Level 1:colcon.colcon_core.package_discovery:discover_packages(ignore) check parameters
[1.833s] Level 1:colcon.colcon_core.package_discovery:discover_packages(path) check parameters
[1.833s] Level 1:colcon.colcon_core.package_discovery:discover_packages(colcon_meta) discover
[1.833s] Level 1:colcon.colcon_core.package_discovery:discover_packages(recursive) discover
[1.834s] INFO:colcon.colcon_core.package_discovery:Crawling recursively for packages in '/home/jetson/mecanum-ros2'
[1.834s] Level 1:colcon.colcon_core.package_identification:_identify(.) by extensions ['ignore', 'ignore_ament_install']
[1.834s] Level 1:colcon.colcon_core.package_identification:_identify(.) by extension 'ignore'
[1.835s] Level 1:colcon.colcon_core.package_identification:_identify(.) by extension 'ignore_ament_install'
[1.835s] Level 1:colcon.colcon_core.package_identification:_identify(.) by extensions ['colcon_pkg']
[1.835s] Level 1:colcon.colcon_core.package_identification:_identify(.) by extension 'colcon_pkg'
[1.835s] Level 1:colcon.colcon_core.package_identification:_identify(.) by extensions ['colcon_meta']
[1.835s] Level 1:colcon.colcon_core.package_identification:_identify(.) by extension 'colcon_meta'
[1.835s] Level 1:colcon.colcon_core.package_identification:_identify(.) by extensions ['ros']
[1.836s] Level 1:colcon.colcon_core.package_identification:_identify(.) by extension 'ros'
[1.883s] Level 1:colcon.colcon_core.package_identification:_identify(.) by extensions ['cmake', 'python']
[1.883s] Level 1:colcon.colcon_core.package_identification:_identify(.) by extension 'cmake'
[1.883s] Level 1:colcon.colcon_core.package_identification:_identify(.) by extension 'python'
[1.883s] Level 1:colcon.colcon_core.package_identification:_identify(.) by extensions ['python_setup_py']
[1.884s] Level 1:colcon.colcon_core.package_identification:_identify(.) by extension 'python_setup_py'
[1.884s] Level 1:colcon.colcon_core.package_identification:_identify(arduino_test_folder) by extensions ['ignore', 'ignore_ament_install']
[1.885s] Level 1:colcon.colcon_core.package_identification:_identify(arduino_test_folder) by extension 'ignore'
[1.885s] Level 1:colcon.colcon_core.package_identification:_identify(arduino_test_folder) by extension 'ignore_ament_install'
[1.885s] Level 1:colcon.colcon_core.package_identification:_identify(arduino_test_folder) by extensions ['colcon_pkg']
[1.885s] Level 1:colcon.colcon_core.package_identification:_identify(arduino_test_folder) by extension 'colcon_pkg'
[1.885s] Level 1:colcon.colcon_core.package_identification:_identify(arduino_test_folder) by extensions ['colcon_meta']
[1.885s] Level 1:colcon.colcon_core.package_identification:_identify(arduino_test_folder) by extension 'colcon_meta'
[1.886s] Level 1:colcon.colcon_core.package_identification:_identify(arduino_test_folder) by extensions ['ros']
[1.886s] Level 1:colcon.colcon_core.package_identification:_identify(arduino_test_folder) by extension 'ros'
[1.886s] Level 1:colcon.colcon_core.package_identification:_identify(arduino_test_folder) by extensions ['cmake', 'python']
[1.886s] Level 1:colcon.colcon_core.package_identification:_identify(arduino_test_folder) by extension 'cmake'
[1.887s] Level 1:colcon.colcon_core.package_identification:_identify(arduino_test_folder) by extension 'python'
[1.887s] Level 1:colcon.colcon_core.package_identification:_identify(arduino_test_folder) by extensions ['python_setup_py']
[1.887s] Level 1:colcon.colcon_core.package_identification:_identify(arduino_test_folder) by extension 'python_setup_py'
[1.887s] Level 1:colcon.colcon_core.package_identification:_identify(arduino_test_folder/modefied_code_motor_control_master) by extensions ['ignore', 'ignore_ament_install']
[1.888s] Level 1:colcon.colcon_core.package_identification:_identify(arduino_test_folder/modefied_code_motor_control_master) by extension 'ignore'
[1.888s] Level 1:colcon.colcon_core.package_identification:_identify(arduino_test_folder/modefied_code_motor_control_master) by extension 'ignore_ament_install'
[1.888s] Level 1:colcon.colcon_core.package_identification:_identify(arduino_test_folder/modefied_code_motor_control_master) by extensions ['colcon_pkg']
[1.888s] Level 1:colcon.colcon_core.package_identification:_identify(arduino_test_folder/modefied_code_motor_control_master) by extension 'colcon_pkg'
[1.888s] Level 1:colcon.colcon_core.package_identification:_identify(arduino_test_folder/modefied_code_motor_control_master) by extensions ['colcon_meta']
[1.889s] Level 1:colcon.colcon_core.package_identification:_identify(arduino_test_folder/modefied_code_motor_control_master) by extension 'colcon_meta'
[1.889s] Level 1:colcon.colcon_core.package_identification:_identify(arduino_test_folder/modefied_code_motor_control_master) by extensions ['ros']
[1.889s] Level 1:colcon.colcon_core.package_identification:_identify(arduino_test_folder/modefied_code_motor_control_master) by extension 'ros'
[1.889s] Level 1:colcon.colcon_core.package_identification:_identify(arduino_test_folder/modefied_code_motor_control_master) by extensions ['cmake', 'python']
[1.889s] Level 1:colcon.colcon_core.package_identification:_identify(arduino_test_folder/modefied_code_motor_control_master) by extension 'cmake'
[1.890s] Level 1:colcon.colcon_core.package_identification:_identify(arduino_test_folder/modefied_code_motor_control_master) by extension 'python'
[1.890s] Level 1:colcon.colcon_core.package_identification:_identify(arduino_test_folder/modefied_code_motor_control_master) by extensions ['python_setup_py']
[1.890s] Level 1:colcon.colcon_core.package_identification:_identify(arduino_test_folder/modefied_code_motor_control_master) by extension 'python_setup_py'
[1.890s] Level 1:colcon.colcon_core.package_identification:_identify(arduino_test_folder/modefied_code_motor_control_master (copy)) by extensions ['ignore', 'ignore_ament_install']
[1.891s] Level 1:colcon.colcon_core.package_identification:_identify(arduino_test_folder/modefied_code_motor_control_master (copy)) by extension 'ignore'
[1.891s] Level 1:colcon.colcon_core.package_identification:_identify(arduino_test_folder/modefied_code_motor_control_master (copy)) by extension 'ignore_ament_install'
[1.891s] Level 1:colcon.colcon_core.package_identification:_identify(arduino_test_folder/modefied_code_motor_control_master (copy)) by extensions ['colcon_pkg']
[1.891s] Level 1:colcon.colcon_core.package_identification:_identify(arduino_test_folder/modefied_code_motor_control_master (copy)) by extension 'colcon_pkg'
[1.891s] Level 1:colcon.colcon_core.package_identification:_identify(arduino_test_folder/modefied_code_motor_control_master (copy)) by extensions ['colcon_meta']
[1.892s] Level 1:colcon.colcon_core.package_identification:_identify(arduino_test_folder/modefied_code_motor_control_master (copy)) by extension 'colcon_meta'
[1.892s] Level 1:colcon.colcon_core.package_identification:_identify(arduino_test_folder/modefied_code_motor_control_master (copy)) by extensions ['ros']
[1.892s] Level 1:colcon.colcon_core.package_identification:_identify(arduino_test_folder/modefied_code_motor_control_master (copy)) by extension 'ros'
[1.892s] Level 1:colcon.colcon_core.package_identification:_identify(arduino_test_folder/modefied_code_motor_control_master (copy)) by extensions ['cmake', 'python']
[1.892s] Level 1:colcon.colcon_core.package_identification:_identify(arduino_test_folder/modefied_code_motor_control_master (copy)) by extension 'cmake'
[1.893s] Level 1:colcon.colcon_core.package_identification:_identify(arduino_test_folder/modefied_code_motor_control_master (copy)) by extension 'python'
[1.893s] Level 1:colcon.colcon_core.package_identification:_identify(arduino_test_folder/modefied_code_motor_control_master (copy)) by extensions ['python_setup_py']
[1.893s] Level 1:colcon.colcon_core.package_identification:_identify(arduino_test_folder/modefied_code_motor_control_master (copy)) by extension 'python_setup_py'
[1.893s] Level 1:colcon.colcon_core.package_identification:_identify(arduino_test_folder/modefied_code_motor_control_slave) by extensions ['ignore', 'ignore_ament_install']
[1.894s] Level 1:colcon.colcon_core.package_identification:_identify(arduino_test_folder/modefied_code_motor_control_slave) by extension 'ignore'
[1.894s] Level 1:colcon.colcon_core.package_identification:_identify(arduino_test_folder/modefied_code_motor_control_slave) by extension 'ignore_ament_install'
[1.894s] Level 1:colcon.colcon_core.package_identification:_identify(arduino_test_folder/modefied_code_motor_control_slave) by extensions ['colcon_pkg']
[1.894s] Level 1:colcon.colcon_core.package_identification:_identify(arduino_test_folder/modefied_code_motor_control_slave) by extension 'colcon_pkg'
[1.895s] Level 1:colcon.colcon_core.package_identification:_identify(arduino_test_folder/modefied_code_motor_control_slave) by extensions ['colcon_meta']
[1.895s] Level 1:colcon.colcon_core.package_identification:_identify(arduino_test_folder/modefied_code_motor_control_slave) by extension 'colcon_meta'
[1.895s] Level 1:colcon.colcon_core.package_identification:_identify(arduino_test_folder/modefied_code_motor_control_slave) by extensions ['ros']
[1.895s] Level 1:colcon.colcon_core.package_identification:_identify(arduino_test_folder/modefied_code_motor_control_slave) by extension 'ros'
[1.895s] Level 1:colcon.colcon_core.package_identification:_identify(arduino_test_folder/modefied_code_motor_control_slave) by extensions ['cmake', 'python']
[1.896s] Level 1:colcon.colcon_core.package_identification:_identify(arduino_test_folder/modefied_code_motor_control_slave) by extension 'cmake'
[1.896s] Level 1:colcon.colcon_core.package_identification:_identify(arduino_test_folder/modefied_code_motor_control_slave) by extension 'python'
[1.896s] Level 1:colcon.colcon_core.package_identification:_identify(arduino_test_folder/modefied_code_motor_control_slave) by extensions ['python_setup_py']
[1.896s] Level 1:colcon.colcon_core.package_identification:_identify(arduino_test_folder/modefied_code_motor_control_slave) by extension 'python_setup_py'
[1.897s] Level 1:colcon.colcon_core.package_identification:_identify(arduino_test_folder/modefied_code_motor_control_slave (copy)) by extensions ['ignore', 'ignore_ament_install']
[1.897s] Level 1:colcon.colcon_core.package_identification:_identify(arduino_test_folder/modefied_code_motor_control_slave (copy)) by extension 'ignore'
[1.897s] Level 1:colcon.colcon_core.package_identification:_identify(arduino_test_folder/modefied_code_motor_control_slave (copy)) by extension 'ignore_ament_install'
[1.897s] Level 1:colcon.colcon_core.package_identification:_identify(arduino_test_folder/modefied_code_motor_control_slave (copy)) by extensions ['colcon_pkg']
[1.897s] Level 1:colcon.colcon_core.package_identification:_identify(arduino_test_folder/modefied_code_motor_control_slave (copy)) by extension 'colcon_pkg'
[1.898s] Level 1:colcon.colcon_core.package_identification:_identify(arduino_test_folder/modefied_code_motor_control_slave (copy)) by extensions ['colcon_meta']
[1.898s] Level 1:colcon.colcon_core.package_identification:_identify(arduino_test_folder/modefied_code_motor_control_slave (copy)) by extension 'colcon_meta'
[1.898s] Level 1:colcon.colcon_core.package_identification:_identify(arduino_test_folder/modefied_code_motor_control_slave (copy)) by extensions ['ros']
[1.898s] Level 1:colcon.colcon_core.package_identification:_identify(arduino_test_folder/modefied_code_motor_control_slave (copy)) by extension 'ros'
[1.899s] Level 1:colcon.colcon_core.package_identification:_identify(arduino_test_folder/modefied_code_motor_control_slave (copy)) by extensions ['cmake', 'python']
[1.899s] Level 1:colcon.colcon_core.package_identification:_identify(arduino_test_folder/modefied_code_motor_control_slave (copy)) by extension 'cmake'
[1.899s] Level 1:colcon.colcon_core.package_identification:_identify(arduino_test_folder/modefied_code_motor_control_slave (copy)) by extension 'python'
[1.899s] Level 1:colcon.colcon_core.package_identification:_identify(arduino_test_folder/modefied_code_motor_control_slave (copy)) by extensions ['python_setup_py']
[1.899s] Level 1:colcon.colcon_core.package_identification:_identify(arduino_test_folder/modefied_code_motor_control_slave (copy)) by extension 'python_setup_py'
[1.900s] Level 1:colcon.colcon_core.package_identification:_identify(build) by extensions ['ignore', 'ignore_ament_install']
[1.900s] Level 1:colcon.colcon_core.package_identification:_identify(build) by extension 'ignore'
[1.900s] Level 1:colcon.colcon_core.package_identification:_identify(build) ignored
[1.901s] Level 1:colcon.colcon_core.package_identification:_identify(install) by extensions ['ignore', 'ignore_ament_install']
[1.901s] Level 1:colcon.colcon_core.package_identification:_identify(install) by extension 'ignore'
[1.901s] Level 1:colcon.colcon_core.package_identification:_identify(install) ignored
[1.901s] Level 1:colcon.colcon_core.package_identification:_identify(log) by extensions ['ignore', 'ignore_ament_install']
[1.902s] Level 1:colcon.colcon_core.package_identification:_identify(log) by extension 'ignore'
[1.902s] Level 1:colcon.colcon_core.package_identification:_identify(log) ignored
[1.902s] Level 1:colcon.colcon_core.package_identification:_identify(spi_test_folder) by extensions ['ignore', 'ignore_ament_install']
[1.902s] Level 1:colcon.colcon_core.package_identification:_identify(spi_test_folder) by extension 'ignore'
[1.903s] Level 1:colcon.colcon_core.package_identification:_identify(spi_test_folder) by extension 'ignore_ament_install'
[1.903s] Level 1:colcon.colcon_core.package_identification:_identify(spi_test_folder) by extensions ['colcon_pkg']
[1.903s] Level 1:colcon.colcon_core.package_identification:_identify(spi_test_folder) by extension 'colcon_pkg'
[1.903s] Level 1:colcon.colcon_core.package_identification:_identify(spi_test_folder) by extensions ['colcon_meta']
[1.903s] Level 1:colcon.colcon_core.package_identification:_identify(spi_test_folder) by extension 'colcon_meta'
[1.904s] Level 1:colcon.colcon_core.package_identification:_identify(spi_test_folder) by extensions ['ros']
[1.904s] Level 1:colcon.colcon_core.package_identification:_identify(spi_test_folder) by extension 'ros'
[1.904s] Level 1:colcon.colcon_core.package_identification:_identify(spi_test_folder) by extensions ['cmake', 'python']
[1.904s] Level 1:colcon.colcon_core.package_identification:_identify(spi_test_folder) by extension 'cmake'
[1.904s] Level 1:colcon.colcon_core.package_identification:_identify(spi_test_folder) by extension 'python'
[1.905s] Level 1:colcon.colcon_core.package_identification:_identify(spi_test_folder) by extensions ['python_setup_py']
[1.905s] Level 1:colcon.colcon_core.package_identification:_identify(spi_test_folder) by extension 'python_setup_py'
[1.905s] Level 1:colcon.colcon_core.package_identification:_identify(src) by extensions ['ignore', 'ignore_ament_install']
[1.905s] Level 1:colcon.colcon_core.package_identification:_identify(src) by extension 'ignore'
[1.906s] Level 1:colcon.colcon_core.package_identification:_identify(src) by extension 'ignore_ament_install'
[1.906s] Level 1:colcon.colcon_core.package_identification:_identify(src) by extensions ['colcon_pkg']
[1.906s] Level 1:colcon.colcon_core.package_identification:_identify(src) by extension 'colcon_pkg'
[1.906s] Level 1:colcon.colcon_core.package_identification:_identify(src) by extensions ['colcon_meta']
[1.906s] Level 1:colcon.colcon_core.package_identification:_identify(src) by extension 'colcon_meta'
[1.907s] Level 1:colcon.colcon_core.package_identification:_identify(src) by extensions ['ros']
[1.907s] Level 1:colcon.colcon_core.package_identification:_identify(src) by extension 'ros'
[1.907s] Level 1:colcon.colcon_core.package_identification:_identify(src) by extensions ['cmake', 'python']
[1.907s] Level 1:colcon.colcon_core.package_identification:_identify(src) by extension 'cmake'
[1.907s] Level 1:colcon.colcon_core.package_identification:_identify(src) by extension 'python'
[1.908s] Level 1:colcon.colcon_core.package_identification:_identify(src) by extensions ['python_setup_py']
[1.908s] Level 1:colcon.colcon_core.package_identification:_identify(src) by extension 'python_setup_py'
[1.908s] Level 1:colcon.colcon_core.package_identification:_identify(src/mecanum_description) by extensions ['ignore', 'ignore_ament_install']
[1.908s] Level 1:colcon.colcon_core.package_identification:_identify(src/mecanum_description) by extension 'ignore'
[1.909s] Level 1:colcon.colcon_core.package_identification:_identify(src/mecanum_description) by extension 'ignore_ament_install'
[1.909s] Level 1:colcon.colcon_core.package_identification:_identify(src/mecanum_description) by extensions ['colcon_pkg']
[1.909s] Level 1:colcon.colcon_core.package_identification:_identify(src/mecanum_description) by extension 'colcon_pkg'
[1.909s] Level 1:colcon.colcon_core.package_identification:_identify(src/mecanum_description) by extensions ['colcon_meta']
[1.909s] Level 1:colcon.colcon_core.package_identification:_identify(src/mecanum_description) by extension 'colcon_meta'
[1.909s] Level 1:colcon.colcon_core.package_identification:_identify(src/mecanum_description) by extensions ['ros']
[1.910s] Level 1:colcon.colcon_core.package_identification:_identify(src/mecanum_description) by extension 'ros'
[1.919s] DEBUG:colcon.colcon_core.package_identification:Package 'src/mecanum_description' with type 'ros.ament_cmake' and name 'mecanum_description'
[1.920s] Level 1:colcon.colcon_core.package_identification:_identify(src/motor_control) by extensions ['ignore', 'ignore_ament_install']
[1.920s] Level 1:colcon.colcon_core.package_identification:_identify(src/motor_control) by extension 'ignore'
[1.921s] Level 1:colcon.colcon_core.package_identification:_identify(src/motor_control) by extension 'ignore_ament_install'
[1.921s] Level 1:colcon.colcon_core.package_identification:_identify(src/motor_control) by extensions ['colcon_pkg']
[1.921s] Level 1:colcon.colcon_core.package_identification:_identify(src/motor_control) by extension 'colcon_pkg'
[1.921s] Level 1:colcon.colcon_core.package_identification:_identify(src/motor_control) by extensions ['colcon_meta']
[1.921s] Level 1:colcon.colcon_core.package_identification:_identify(src/motor_control) by extension 'colcon_meta'
[1.922s] Level 1:colcon.colcon_core.package_identification:_identify(src/motor_control) by extensions ['ros']
[1.922s] Level 1:colcon.colcon_core.package_identification:_identify(src/motor_control) by extension 'ros'
[1.924s] DEBUG:colcon.colcon_core.package_identification:Package 'src/motor_control' with type 'ros.ament_python' and name 'motor_control'
[1.925s] Level 1:colcon.colcon_core.package_identification:_identify(src/teleop_keyboard) by extensions ['ignore', 'ignore_ament_install']
[1.925s] Level 1:colcon.colcon_core.package_identification:_identify(src/teleop_keyboard) by extension 'ignore'
[1.925s] Level 1:colcon.colcon_core.package_identification:_identify(src/teleop_keyboard) by extension 'ignore_ament_install'
[1.926s] Level 1:colcon.colcon_core.package_identification:_identify(src/teleop_keyboard) by extensions ['colcon_pkg']
[1.926s] Level 1:colcon.colcon_core.package_identification:_identify(src/teleop_keyboard) by extension 'colcon_pkg'
[1.926s] Level 1:colcon.colcon_core.package_identification:_identify(src/teleop_keyboard) by extensions ['colcon_meta']
[1.926s] Level 1:colcon.colcon_core.package_identification:_identify(src/teleop_keyboard) by extension 'colcon_meta'
[1.926s] Level 1:colcon.colcon_core.package_identification:_identify(src/teleop_keyboard) by extensions ['ros']
[1.927s] Level 1:colcon.colcon_core.package_identification:_identify(src/teleop_keyboard) by extension 'ros'
[1.930s] DEBUG:colcon.colcon_core.package_identification:Package 'src/teleop_keyboard' with type 'ros.ament_python' and name 'teleop_keyboard'
[1.930s] Level 1:colcon.colcon_core.package_identification:_identify(src/ydlidar_ros2) by extensions ['ignore', 'ignore_ament_install']
[1.930s] Level 1:colcon.colcon_core.package_identification:_identify(src/ydlidar_ros2) by extension 'ignore'
[1.931s] Level 1:colcon.colcon_core.package_identification:_identify(src/ydlidar_ros2) by extension 'ignore_ament_install'
[1.931s] Level 1:colcon.colcon_core.package_identification:_identify(src/ydlidar_ros2) by extensions ['colcon_pkg']
[1.931s] Level 1:colcon.colcon_core.package_identification:_identify(src/ydlidar_ros2) by extension 'colcon_pkg'
[1.931s] Level 1:colcon.colcon_core.package_identification:_identify(src/ydlidar_ros2) by extensions ['colcon_meta']
[1.931s] Level 1:colcon.colcon_core.package_identification:_identify(src/ydlidar_ros2) by extension 'colcon_meta'
[1.931s] Level 1:colcon.colcon_core.package_identification:_identify(src/ydlidar_ros2) by extensions ['ros']
[1.932s] Level 1:colcon.colcon_core.package_identification:_identify(src/ydlidar_ros2) by extension 'ros'
[1.932s] Level 1:colcon.colcon_core.package_identification:_identify(src/ydlidar_ros2) by extensions ['cmake', 'python']
[1.932s] Level 1:colcon.colcon_core.package_identification:_identify(src/ydlidar_ros2) by extension 'cmake'
[1.932s] Level 1:colcon.colcon_core.package_identification:_identify(src/ydlidar_ros2) by extension 'python'
[1.933s] Level 1:colcon.colcon_core.package_identification:_identify(src/ydlidar_ros2) by extensions ['python_setup_py']
[1.933s] Level 1:colcon.colcon_core.package_identification:_identify(src/ydlidar_ros2) by extension 'python_setup_py'
[1.933s] Level 1:colcon.colcon_core.package_discovery:discover_packages(recursive) using defaults
[1.933s] Level 1:colcon.colcon_core.package_discovery:discover_packages(ignore) discover
[1.933s] Level 1:colcon.colcon_core.package_discovery:discover_packages(ignore) using defaults
[1.933s] Level 1:colcon.colcon_core.package_discovery:discover_packages(path) discover
[1.933s] Level 1:colcon.colcon_core.package_discovery:discover_packages(path) using defaults
[2.037s] Level 1:colcon.colcon_core.package_discovery:discover_packages(prefix_path) check parameters
[2.038s] Level 1:colcon.colcon_core.package_discovery:discover_packages(prefix_path) discover
[2.051s] DEBUG:colcon.colcon_installed_package_information.package_discovery:Found 3 installed packages in /home/jetson/mecanum-ros2/install
[2.061s] DEBUG:colcon.colcon_installed_package_information.package_discovery:Found 268 installed packages in /opt/ros/galactic
[2.069s] Level 1:colcon.colcon_core.package_discovery:discover_packages(prefix_path) using defaults
[2.429s] Level 5:colcon.colcon_core.verb:set package 'mecanum_description' build argument 'cmake_args' from command line to 'None'
[2.429s] Level 5:colcon.colcon_core.verb:set package 'mecanum_description' build argument 'cmake_target' from command line to 'None'
[2.430s] Level 5:colcon.colcon_core.verb:set package 'mecanum_description' build argument 'cmake_target_skip_unavailable' from command line to 'False'
[2.430s] Level 5:colcon.colcon_core.verb:set package 'mecanum_description' build argument 'cmake_clean_cache' from command line to 'False'
[2.430s] Level 5:colcon.colcon_core.verb:set package 'mecanum_description' build argument 'cmake_clean_first' from command line to 'False'
[2.430s] Level 5:colcon.colcon_core.verb:set package 'mecanum_description' build argument 'cmake_force_configure' from command line to 'False'
[2.430s] Level 5:colcon.colcon_core.verb:set package 'mecanum_description' build argument 'ament_cmake_args' from command line to 'None'
[2.430s] Level 5:colcon.colcon_core.verb:set package 'mecanum_description' build argument 'catkin_cmake_args' from command line to 'None'
[2.430s] Level 5:colcon.colcon_core.verb:set package 'mecanum_description' build argument 'catkin_skip_building_tests' from command line to 'False'
[2.431s] DEBUG:colcon.colcon_core.verb:Building package 'mecanum_description' with the following arguments: {'ament_cmake_args': None, 'build_base': '/home/jetson/mecanum-ros2/build/mecanum_description', 'catkin_cmake_args': None, 'catkin_skip_building_tests': False, 'cmake_args': None, 'cmake_clean_cache': False, 'cmake_clean_first': False, 'cmake_force_configure': False, 'cmake_target': None, 'cmake_target_skip_unavailable': False, 'install_base': '/home/jetson/mecanum-ros2/install/mecanum_description', 'merge_install': False, 'path': '/home/jetson/mecanum-ros2/src/mecanum_description', 'symlink_install': False, 'test_result_base': None}
[2.436s] Level 5:colcon.colcon_core.verb:set package 'motor_control' build argument 'cmake_args' from command line to 'None'
[2.436s] Level 5:colcon.colcon_core.verb:set package 'motor_control' build argument 'cmake_target' from command line to 'None'
[2.436s] Level 5:colcon.colcon_core.verb:set package 'motor_control' build argument 'cmake_target_skip_unavailable' from command line to 'False'
[2.437s] Level 5:colcon.colcon_core.verb:set package 'motor_control' build argument 'cmake_clean_cache' from command line to 'False'
[2.437s] Level 5:colcon.colcon_core.verb:set package 'motor_control' build argument 'cmake_clean_first' from command line to 'False'
[2.437s] Level 5:colcon.colcon_core.verb:set package 'motor_control' build argument 'cmake_force_configure' from command line to 'False'
[2.437s] Level 5:colcon.colcon_core.verb:set package 'motor_control' build argument 'ament_cmake_args' from command line to 'None'
[2.437s] Level 5:colcon.colcon_core.verb:set package 'motor_control' build argument 'catkin_cmake_args' from command line to 'None'
[2.437s] Level 5:colcon.colcon_core.verb:set package 'motor_control' build argument 'catkin_skip_building_tests' from command line to 'False'
[2.437s] DEBUG:colcon.colcon_core.verb:Building package 'motor_control' with the following arguments: {'ament_cmake_args': None, 'build_base': '/home/jetson/mecanum-ros2/build/motor_control', 'catkin_cmake_args': None, 'catkin_skip_building_tests': False, 'cmake_args': None, 'cmake_clean_cache': False, 'cmake_clean_first': False, 'cmake_force_configure': False, 'cmake_target': None, 'cmake_target_skip_unavailable': False, 'install_base': '/home/jetson/mecanum-ros2/install/motor_control', 'merge_install': False, 'path': '/home/jetson/mecanum-ros2/src/motor_control', 'symlink_install': False, 'test_result_base': None}
[2.443s] Level 5:colcon.colcon_core.verb:set package 'teleop_keyboard' build argument 'cmake_args' from command line to 'None'
[2.444s] Level 5:colcon.colcon_core.verb:set package 'teleop_keyboard' build argument 'cmake_target' from command line to 'None'
[2.444s] Level 5:colcon.colcon_core.verb:set package 'teleop_keyboard' build argument 'cmake_target_skip_unavailable' from command line to 'False'
[2.444s] Level 5:colcon.colcon_core.verb:set package 'teleop_keyboard' build argument 'cmake_clean_cache' from command line to 'False'
[2.444s] Level 5:colcon.colcon_core.verb:set package 'teleop_keyboard' build argument 'cmake_clean_first' from command line to 'False'
[2.444s] Level 5:colcon.colcon_core.verb:set package 'teleop_keyboard' build argument 'cmake_force_configure' from command line to 'False'
[2.444s] Level 5:colcon.colcon_core.verb:set package 'teleop_keyboard' build argument 'ament_cmake_args' from command line to 'None'
[2.444s] Level 5:colcon.colcon_core.verb:set package 'teleop_keyboard' build argument 'catkin_cmake_args' from command line to 'None'
[2.444s] Level 5:colcon.colcon_core.verb:set package 'teleop_keyboard' build argument 'catkin_skip_building_tests' from command line to 'False'
[2.445s] DEBUG:colcon.colcon_core.verb:Building package 'teleop_keyboard' with the following arguments: {'ament_cmake_args': None, 'build_base': '/home/jetson/mecanum-ros2/build/teleop_keyboard', 'catkin_cmake_args': None, 'catkin_skip_building_tests': False, 'cmake_args': None, 'cmake_clean_cache': False, 'cmake_clean_first': False, 'cmake_force_configure': False, 'cmake_target': None, 'cmake_target_skip_unavailable': False, 'install_base': '/home/jetson/mecanum-ros2/install/teleop_keyboard', 'merge_install': False, 'path': '/home/jetson/mecanum-ros2/src/teleop_keyboard', 'symlink_install': False, 'test_result_base': None}
[2.448s] INFO:colcon.colcon_core.executor:Executing jobs using 'parallel' executor
[2.469s] DEBUG:colcon.colcon_parallel_executor.executor.parallel:run_until_complete
[2.470s] INFO:colcon.colcon_ros.task.ament_cmake.build:Building ROS package in '/home/jetson/mecanum-ros2/src/mecanum_description' with build type 'ament_cmake'
[2.471s] INFO:colcon.colcon_cmake.task.cmake.build:Building CMake package in '/home/jetson/mecanum-ros2/src/mecanum_description'
[2.492s] INFO:colcon.colcon_core.plugin_system:Skipping extension 'colcon_core.shell.bat': Not used on non-Windows systems
[2.493s] INFO:colcon.colcon_core.shell:Skip shell extension 'powershell' for command environment: Not usable outside of PowerShell
[2.493s] DEBUG:colcon.colcon_core.shell:Skip shell extension 'dsv' for command environment
[2.520s] INFO:colcon.colcon_ros.task.ament_python.build:Building ROS package in '/home/jetson/mecanum-ros2/src/motor_control' with build type 'ament_python'
[2.521s] Level 1:colcon.colcon_core.shell:create_environment_hook('motor_control', 'ament_prefix_path')
[2.531s] INFO:colcon.colcon_core.shell:Creating environment hook '/home/jetson/mecanum-ros2/install/motor_control/share/motor_control/hook/ament_prefix_path.ps1'
[2.534s] INFO:colcon.colcon_core.shell:Creating environment descriptor '/home/jetson/mecanum-ros2/install/motor_control/share/motor_control/hook/ament_prefix_path.dsv'
[2.536s] INFO:colcon.colcon_core.shell:Creating environment hook '/home/jetson/mecanum-ros2/install/motor_control/share/motor_control/hook/ament_prefix_path.sh'
[2.546s] INFO:colcon.colcon_core.shell:Skip shell extension 'powershell' for command environment: Not usable outside of PowerShell
[2.546s] DEBUG:colcon.colcon_core.shell:Skip shell extension 'dsv' for command environment
[2.571s] INFO:colcon.colcon_ros.task.ament_python.build:Building ROS package in '/home/jetson/mecanum-ros2/src/teleop_keyboard' with build type 'ament_python'
[2.573s] Level 1:colcon.colcon_core.shell:create_environment_hook('teleop_keyboard', 'ament_prefix_path')
[2.583s] INFO:colcon.colcon_core.shell:Creating environment hook '/home/jetson/mecanum-ros2/install/teleop_keyboard/share/teleop_keyboard/hook/ament_prefix_path.ps1'
[2.584s] INFO:colcon.colcon_core.shell:Creating environment descriptor '/home/jetson/mecanum-ros2/install/teleop_keyboard/share/teleop_keyboard/hook/ament_prefix_path.dsv'
[2.586s] INFO:colcon.colcon_core.shell:Creating environment hook '/home/jetson/mecanum-ros2/install/teleop_keyboard/share/teleop_keyboard/hook/ament_prefix_path.sh'
[2.595s] INFO:colcon.colcon_core.shell:Skip shell extension 'powershell' for command environment: Not usable outside of PowerShell
[2.595s] DEBUG:colcon.colcon_core.shell:Skip shell extension 'dsv' for command environment
[2.639s] DEBUG:colcon.colcon_core.event_handler.log_command:Invoking command in '/home/jetson/mecanum-ros2/build/mecanum_description': CMAKE_PREFIX_PATH=${CMAKE_PREFIX_PATH}:/home/jetson/mecanum-ros2/install/teleop_keyboard:/home/jetson/mecanum-ros2/install/motor_control:/opt/ros/galactic /usr/bin/cmake --build /home/jetson/mecanum-ros2/build/mecanum_description -- -j4 -l4
[3.924s] INFO:colcon.colcon_core.task.python.build:Building Python package in '/home/jetson/mecanum-ros2/src/motor_control'
[3.933s] INFO:colcon.colcon_core.shell:Skip shell extension 'powershell' for command environment: Not usable outside of PowerShell
[3.933s] DEBUG:colcon.colcon_core.shell:Skip shell extension 'dsv' for command environment
[5.233s] INFO:colcon.colcon_core.task.python.build:Building Python package in '/home/jetson/mecanum-ros2/src/teleop_keyboard'
[5.242s] INFO:colcon.colcon_core.shell:Skip shell extension 'powershell' for command environment: Not usable outside of PowerShell
[5.242s] DEBUG:colcon.colcon_core.shell:Skip shell extension 'dsv' for command environment
[5.276s] DEBUG:colcon.colcon_core.event_handler.log_command:Invoked command in '/home/jetson/mecanum-ros2/build/mecanum_description' returned '0': CMAKE_PREFIX_PATH=${CMAKE_PREFIX_PATH}:/home/jetson/mecanum-ros2/install/teleop_keyboard:/home/jetson/mecanum-ros2/install/motor_control:/opt/ros/galactic /usr/bin/cmake --build /home/jetson/mecanum-ros2/build/mecanum_description -- -j4 -l4
[5.408s] DEBUG:colcon.colcon_core.event_handler.log_command:Invoking command in '/home/jetson/mecanum-ros2/build/mecanum_description': CMAKE_PREFIX_PATH=${CMAKE_PREFIX_PATH}:/home/jetson/mecanum-ros2/install/teleop_keyboard:/home/jetson/mecanum-ros2/install/motor_control:/opt/ros/galactic /usr/bin/cmake --install /home/jetson/mecanum-ros2/build/mecanum_description
[5.450s] Level 1:colcon.colcon_core.environment:create_environment_scripts_only(mecanum_description)
[5.454s] DEBUG:colcon.colcon_core.event_handler.log_command:Invoked command in '/home/jetson/mecanum-ros2/build/mecanum_description' returned '0': CMAKE_PREFIX_PATH=${CMAKE_PREFIX_PATH}:/home/jetson/mecanum-ros2/install/teleop_keyboard:/home/jetson/mecanum-ros2/install/motor_control:/opt/ros/galactic /usr/bin/cmake --install /home/jetson/mecanum-ros2/build/mecanum_description
[5.481s] Level 1:colcon.colcon_core.environment:checking '/home/jetson/mecanum-ros2/install/mecanum_description' for CMake module files
[5.485s] Level 1:colcon.colcon_core.environment:checking '/home/jetson/mecanum-ros2/install/mecanum_description' for CMake config files
[5.486s] Level 1:colcon.colcon_core.shell:create_environment_hook('mecanum_description', 'cmake_prefix_path')
[5.495s] INFO:colcon.colcon_core.shell:Creating environment hook '/home/jetson/mecanum-ros2/install/mecanum_description/share/mecanum_description/hook/cmake_prefix_path.ps1'
[5.498s] INFO:colcon.colcon_core.shell:Creating environment descriptor '/home/jetson/mecanum-ros2/install/mecanum_description/share/mecanum_description/hook/cmake_prefix_path.dsv'
[5.499s] INFO:colcon.colcon_core.shell:Creating environment hook '/home/jetson/mecanum-ros2/install/mecanum_description/share/mecanum_description/hook/cmake_prefix_path.sh'
[5.502s] Level 1:colcon.colcon_core.environment:checking '/home/jetson/mecanum-ros2/install/mecanum_description/bin'
[5.503s] Level 1:colcon.colcon_core.environment:checking '/home/jetson/mecanum-ros2/install/mecanum_description/lib/pkgconfig/mecanum_description.pc'
[5.504s] Level 1:colcon.colcon_core.environment:checking '/home/jetson/mecanum-ros2/install/mecanum_description/lib/python3.8/site-packages'
[5.504s] Level 1:colcon.colcon_core.environment:checking '/home/jetson/mecanum-ros2/install/mecanum_description/bin'
[5.514s] INFO:colcon.colcon_core.shell:Creating package script '/home/jetson/mecanum-ros2/install/mecanum_description/share/mecanum_description/package.ps1'
[5.518s] INFO:colcon.colcon_core.shell:Creating package descriptor '/home/jetson/mecanum-ros2/install/mecanum_description/share/mecanum_description/package.dsv'
[5.520s] INFO:colcon.colcon_core.shell:Creating package script '/home/jetson/mecanum-ros2/install/mecanum_description/share/mecanum_description/package.sh'
[5.524s] INFO:colcon.colcon_core.shell:Creating package script '/home/jetson/mecanum-ros2/install/mecanum_description/share/mecanum_description/package.bash'
[5.527s] INFO:colcon.colcon_core.shell:Creating package script '/home/jetson/mecanum-ros2/install/mecanum_description/share/mecanum_description/package.zsh'
[5.530s] Level 1:colcon.colcon_core.environment:create_file_with_runtime_dependencies(/home/jetson/mecanum-ros2/install/mecanum_description/share/colcon-core/packages/mecanum_description)
[5.614s] Level 1:colcon.colcon_core.environment:create_environment_scripts_only(mecanum_description)
[5.634s] Level 1:colcon.colcon_core.environment:checking '/home/jetson/mecanum-ros2/install/mecanum_description' for CMake module files
[5.636s] Level 1:colcon.colcon_core.environment:checking '/home/jetson/mecanum-ros2/install/mecanum_description' for CMake config files
[5.637s] Level 1:colcon.colcon_core.shell:create_environment_hook('mecanum_description', 'cmake_prefix_path')
[5.646s] INFO:colcon.colcon_core.shell:Creating environment hook '/home/jetson/mecanum-ros2/install/mecanum_description/share/mecanum_description/hook/cmake_prefix_path.ps1'
[5.648s] INFO:colcon.colcon_core.shell:Creating environment descriptor '/home/jetson/mecanum-ros2/install/mecanum_description/share/mecanum_description/hook/cmake_prefix_path.dsv'
[5.650s] INFO:colcon.colcon_core.shell:Creating environment hook '/home/jetson/mecanum-ros2/install/mecanum_description/share/mecanum_description/hook/cmake_prefix_path.sh'
[5.652s] Level 1:colcon.colcon_core.environment:checking '/home/jetson/mecanum-ros2/install/mecanum_description/bin'
[5.652s] Level 1:colcon.colcon_core.environment:checking '/home/jetson/mecanum-ros2/install/mecanum_description/lib/pkgconfig/mecanum_description.pc'
[5.653s] Level 1:colcon.colcon_core.environment:checking '/home/jetson/mecanum-ros2/install/mecanum_description/lib/python3.8/site-packages'
[5.654s] Level 1:colcon.colcon_core.environment:checking '/home/jetson/mecanum-ros2/install/mecanum_description/bin'
[5.663s] INFO:colcon.colcon_core.shell:Creating package script '/home/jetson/mecanum-ros2/install/mecanum_description/share/mecanum_description/package.ps1'
[5.665s] INFO:colcon.colcon_core.shell:Creating package descriptor '/home/jetson/mecanum-ros2/install/mecanum_description/share/mecanum_description/package.dsv'
[5.667s] INFO:colcon.colcon_core.shell:Creating package script '/home/jetson/mecanum-ros2/install/mecanum_description/share/mecanum_description/package.sh'
[5.669s] INFO:colcon.colcon_core.shell:Creating package script '/home/jetson/mecanum-ros2/install/mecanum_description/share/mecanum_description/package.bash'
[5.671s] INFO:colcon.colcon_core.shell:Creating package script '/home/jetson/mecanum-ros2/install/mecanum_description/share/mecanum_description/package.zsh'
[5.672s] Level 1:colcon.colcon_core.environment:create_file_with_runtime_dependencies(/home/jetson/mecanum-ros2/install/mecanum_description/share/colcon-core/packages/mecanum_description)
[7.151s] DEBUG:colcon.colcon_core.event_handler.log_command:Invoking command in '/home/jetson/mecanum-ros2/src/motor_control': PYTHONPATH=/home/jetson/mecanum-ros2/build/motor_control/prefix_override:/home/jetson/mecanum-ros2/install/motor_control/lib/python3.8/site-packages:${PYTHONPATH} /usr/bin/python3 setup.py egg_info --egg-base ../../build/motor_control build --build-base /home/jetson/mecanum-ros2/build/motor_control/build install --record /home/jetson/mecanum-ros2/build/motor_control/install.log --single-version-externally-managed
[7.214s] DEBUG:colcon.colcon_core.event_handler.log_command:Invoking command in '/home/jetson/mecanum-ros2/src/teleop_keyboard': PYTHONPATH=/home/jetson/mecanum-ros2/build/teleop_keyboard/prefix_override:/home/jetson/mecanum-ros2/install/teleop_keyboard/lib/python3.8/site-packages:${PYTHONPATH} /usr/bin/python3 setup.py egg_info --egg-base ../../build/teleop_keyboard build --build-base /home/jetson/mecanum-ros2/build/teleop_keyboard/build install --record /home/jetson/mecanum-ros2/build/teleop_keyboard/install.log --single-version-externally-managed
[8.645s] DEBUG:colcon.colcon_core.event_handler.log_command:Invoked command in '/home/jetson/mecanum-ros2/src/motor_control' returned '0': PYTHONPATH=/home/jetson/mecanum-ros2/build/motor_control/prefix_override:/home/jetson/mecanum-ros2/install/motor_control/lib/python3.8/site-packages:${PYTHONPATH} /usr/bin/python3 setup.py egg_info --egg-base ../../build/motor_control build --build-base /home/jetson/mecanum-ros2/build/motor_control/build install --record /home/jetson/mecanum-ros2/build/motor_control/install.log --single-version-externally-managed
[8.646s] Level 1:colcon.colcon_core.environment:checking '/home/jetson/mecanum-ros2/install/motor_control' for CMake module files
[8.648s] Level 1:colcon.colcon_core.environment:checking '/home/jetson/mecanum-ros2/install/motor_control' for CMake config files
[8.651s] Level 1:colcon.colcon_core.environment:checking '/home/jetson/mecanum-ros2/install/motor_control/lib'
[8.653s] Level 1:colcon.colcon_core.environment:checking '/home/jetson/mecanum-ros2/install/motor_control/bin'
[8.653s] Level 1:colcon.colcon_core.environment:checking '/home/jetson/mecanum-ros2/install/motor_control/lib/pkgconfig/motor_control.pc'
[8.654s] Level 1:colcon.colcon_core.environment:checking '/home/jetson/mecanum-ros2/install/motor_control/lib/python3.8/site-packages'
[8.654s] Level 1:colcon.colcon_core.shell:create_environment_hook('motor_control', 'pythonpath')
[8.664s] INFO:colcon.colcon_core.shell:Creating environment hook '/home/jetson/mecanum-ros2/install/motor_control/share/motor_control/hook/pythonpath.ps1'
[8.666s] INFO:colcon.colcon_core.shell:Creating environment descriptor '/home/jetson/mecanum-ros2/install/motor_control/share/motor_control/hook/pythonpath.dsv'
[8.668s] INFO:colcon.colcon_core.shell:Creating environment hook '/home/jetson/mecanum-ros2/install/motor_control/share/motor_control/hook/pythonpath.sh'
[8.670s] Level 1:colcon.colcon_core.environment:checking '/home/jetson/mecanum-ros2/install/motor_control/bin'
[8.670s] Level 1:colcon.colcon_core.environment:create_environment_scripts_only(motor_control)
[8.680s] INFO:colcon.colcon_core.shell:Creating package script '/home/jetson/mecanum-ros2/install/motor_control/share/motor_control/package.ps1'
[8.683s] INFO:colcon.colcon_core.shell:Creating package descriptor '/home/jetson/mecanum-ros2/install/motor_control/share/motor_control/package.dsv'
[8.685s] INFO:colcon.colcon_core.shell:Creating package script '/home/jetson/mecanum-ros2/install/motor_control/share/motor_control/package.sh'
[8.687s] INFO:colcon.colcon_core.shell:Creating package script '/home/jetson/mecanum-ros2/install/motor_control/share/motor_control/package.bash'
[8.688s] INFO:colcon.colcon_core.shell:Creating package script '/home/jetson/mecanum-ros2/install/motor_control/share/motor_control/package.zsh'
[8.690s] Level 1:colcon.colcon_core.environment:create_file_with_runtime_dependencies(/home/jetson/mecanum-ros2/install/motor_control/share/colcon-core/packages/motor_control)
[8.727s] DEBUG:colcon.colcon_core.event_handler.log_command:Invoked command in '/home/jetson/mecanum-ros2/src/teleop_keyboard' returned '0': PYTHONPATH=/home/jetson/mecanum-ros2/build/teleop_keyboard/prefix_override:/home/jetson/mecanum-ros2/install/teleop_keyboard/lib/python3.8/site-packages:${PYTHONPATH} /usr/bin/python3 setup.py egg_info --egg-base ../../build/teleop_keyboard build --build-base /home/jetson/mecanum-ros2/build/teleop_keyboard/build install --record /home/jetson/mecanum-ros2/build/teleop_keyboard/install.log --single-version-externally-managed
[8.730s] Level 1:colcon.colcon_core.environment:checking '/home/jetson/mecanum-ros2/install/teleop_keyboard' for CMake module files
[8.733s] Level 1:colcon.colcon_core.environment:checking '/home/jetson/mecanum-ros2/install/teleop_keyboard' for CMake config files
[8.736s] Level 1:colcon.colcon_core.environment:checking '/home/jetson/mecanum-ros2/install/teleop_keyboard/lib'
[8.736s] Level 1:colcon.colcon_core.environment:checking '/home/jetson/mecanum-ros2/install/teleop_keyboard/bin'
[8.736s] Level 1:colcon.colcon_core.environment:checking '/home/jetson/mecanum-ros2/install/teleop_keyboard/lib/pkgconfig/teleop_keyboard.pc'
[8.737s] Level 1:colcon.colcon_core.environment:checking '/home/jetson/mecanum-ros2/install/teleop_keyboard/lib/python3.8/site-packages'
[8.737s] Level 1:colcon.colcon_core.shell:create_environment_hook('teleop_keyboard', 'pythonpath')
[8.746s] INFO:colcon.colcon_core.shell:Creating environment hook '/home/jetson/mecanum-ros2/install/teleop_keyboard/share/teleop_keyboard/hook/pythonpath.ps1'
[8.747s] INFO:colcon.colcon_core.shell:Creating environment descriptor '/home/jetson/mecanum-ros2/install/teleop_keyboard/share/teleop_keyboard/hook/pythonpath.dsv'
[8.748s] INFO:colcon.colcon_core.shell:Creating environment hook '/home/jetson/mecanum-ros2/install/teleop_keyboard/share/teleop_keyboard/hook/pythonpath.sh'
[8.750s] Level 1:colcon.colcon_core.environment:checking '/home/jetson/mecanum-ros2/install/teleop_keyboard/bin'
[8.751s] Level 1:colcon.colcon_core.environment:create_environment_scripts_only(teleop_keyboard)
[8.759s] INFO:colcon.colcon_core.shell:Creating package script '/home/jetson/mecanum-ros2/install/teleop_keyboard/share/teleop_keyboard/package.ps1'
[8.761s] INFO:colcon.colcon_core.shell:Creating package descriptor '/home/jetson/mecanum-ros2/install/teleop_keyboard/share/teleop_keyboard/package.dsv'
[8.763s] INFO:colcon.colcon_core.shell:Creating package script '/home/jetson/mecanum-ros2/install/teleop_keyboard/share/teleop_keyboard/package.sh'
[8.764s] INFO:colcon.colcon_core.shell:Creating package script '/home/jetson/mecanum-ros2/install/teleop_keyboard/share/teleop_keyboard/package.bash'
[8.765s] INFO:colcon.colcon_core.shell:Creating package script '/home/jetson/mecanum-ros2/install/teleop_keyboard/share/teleop_keyboard/package.zsh'
[8.766s] Level 1:colcon.colcon_core.environment:create_file_with_runtime_dependencies(/home/jetson/mecanum-ros2/install/teleop_keyboard/share/colcon-core/packages/teleop_keyboard)
[8.767s] DEBUG:colcon.colcon_parallel_executor.executor.parallel:closing loop
[8.768s] DEBUG:colcon.colcon_parallel_executor.executor.parallel:loop closed
[8.768s] DEBUG:colcon.colcon_parallel_executor.executor.parallel:run_until_complete finished with '0'
[8.768s] DEBUG:colcon.colcon_core.event_reactor:joining thread
[8.791s] INFO:colcon.colcon_core.plugin_system:Skipping extension 'colcon_notification.desktop_notification.terminal_notifier': Not used on non-Darwin systems
[8.791s] INFO:colcon.colcon_core.plugin_system:Skipping extension 'colcon_notification.desktop_notification.win32': Not used on non-Windows systems
[8.791s] INFO:colcon.colcon_notification.desktop_notification:Sending desktop notification using 'notify2'
[8.827s] DEBUG:colcon.colcon_core.event_reactor:joined thread
[8.836s] INFO:colcon.colcon_core.shell:Creating prefix script '/home/jetson/mecanum-ros2/install/local_setup.ps1'
[8.840s] INFO:colcon.colcon_core.shell:Creating prefix util module '/home/jetson/mecanum-ros2/install/_local_setup_util_ps1.py'
[8.846s] INFO:colcon.colcon_core.shell:Creating prefix chain script '/home/jetson/mecanum-ros2/install/setup.ps1'
[8.854s] INFO:colcon.colcon_core.shell:Creating prefix script '/home/jetson/mecanum-ros2/install/local_setup.sh'
[8.856s] INFO:colcon.colcon_core.shell:Creating prefix util module '/home/jetson/mecanum-ros2/install/_local_setup_util_sh.py'
[8.858s] INFO:colcon.colcon_core.shell:Creating prefix chain script '/home/jetson/mecanum-ros2/install/setup.sh'
[8.865s] INFO:colcon.colcon_core.shell:Creating prefix script '/home/jetson/mecanum-ros2/install/local_setup.bash'
[8.866s] INFO:colcon.colcon_core.shell:Creating prefix chain script '/home/jetson/mecanum-ros2/install/setup.bash'
[8.873s] INFO:colcon.colcon_core.shell:Creating prefix script '/home/jetson/mecanum-ros2/install/local_setup.zsh'
[8.875s] INFO:colcon.colcon_core.shell:Creating prefix chain script '/home/jetson/mecanum-ros2/install/setup.zsh'
