[0.029s] Invoking command in '/home/ohj/mecanum-ros2/build/mecanum_description': CMAKE_PREFIX_PATH=/opt/ros/galactic /usr/bin/cmake /home/ohj/mecanum-ros2/src/mecanum_description -DCMAKE_INSTALL_PREFIX=/home/ohj/mecanum-ros2/install/mecanum_description
[0.356s] -- The C compiler identification is GNU 9.4.0
[0.357s] -- The CXX compiler identification is GNU 9.4.0
[0.358s] -- Check for working C compiler: /usr/bin/cc
[0.358s] -- Check for working C compiler: /usr/bin/cc -- works
[0.358s] -- Detecting C compiler ABI info
[0.390s] -- Detecting C compiler ABI info - done
[0.403s] -- Detecting C compile features
[0.403s] -- Detecting C compile features - done
[0.406s] -- Check for working CXX compiler: /usr/bin/c++
[0.479s] -- Check for working CXX compiler: /usr/bin/c++ -- works
[0.481s] -- Detecting CXX compiler ABI info
[0.553s] -- Detecting CXX compiler ABI info - done
[0.564s] -- Detecting CXX compile features
[0.564s] -- Detecting CXX compile features - done
[0.569s] -- Found ament_cmake: 1.1.6 (/opt/ros/galactic/share/ament_cmake/cmake)
[0.596s] -- Found PythonInterp: /usr/bin/python3 (found suitable version "3.8.10", minimum required is "3") 
[0.596s] -- Using PYTHON_EXECUTABLE: /usr/bin/python3
[0.661s] -- Found ament_lint_auto: 0.10.7 (/opt/ros/galactic/share/ament_lint_auto/cmake)
[0.719s] -- Added test 'copyright' to check source files copyright and LICENSE
[0.719s] -- Added test 'flake8' to check Python code syntax and style conventions
[0.720s] -- Added test 'lint_cmake' to check CMake code style
[0.720s] -- Added test 'pep257' to check Python code against some of the style conventions in PEP 257
[0.720s] -- Added test 'xmllint' to check XML markup files
[0.721s] -- Configuring done
[0.722s] -- Generating done
[0.722s] -- Build files have been written to: /home/ohj/mecanum-ros2/build/mecanum_description
[0.726s] Invoked command in '/home/ohj/mecanum-ros2/build/mecanum_description' returned '0': CMAKE_PREFIX_PATH=/opt/ros/galactic /usr/bin/cmake /home/ohj/mecanum-ros2/src/mecanum_description -DCMAKE_INSTALL_PREFIX=/home/ohj/mecanum-ros2/install/mecanum_description
[0.729s] Invoking command in '/home/ohj/mecanum-ros2/build/mecanum_description': CMAKE_PREFIX_PATH=/opt/ros/galactic /usr/bin/cmake --build /home/ohj/mecanum-ros2/build/mecanum_description -- -j16 -l16
[0.766s] Invoked command in '/home/ohj/mecanum-ros2/build/mecanum_description' returned '0': CMAKE_PREFIX_PATH=/opt/ros/galactic /usr/bin/cmake --build /home/ohj/mecanum-ros2/build/mecanum_description -- -j16 -l16
[0.802s] Invoking command in '/home/ohj/mecanum-ros2/build/mecanum_description': CMAKE_PREFIX_PATH=/opt/ros/galactic /usr/bin/cmake --install /home/ohj/mecanum-ros2/build/mecanum_description
[0.810s] -- Install configuration: ""
[0.810s] -- Installing: /home/ohj/mecanum-ros2/install/mecanum_description/share/mecanum_description//launch
[0.810s] -- Installing: /home/ohj/mecanum-ros2/install/mecanum_description/share/mecanum_description//launch/mecanum.launch.py
[0.811s] -- Installing: /home/ohj/mecanum-ros2/install/mecanum_description/share/ament_index/resource_index/package_run_dependencies/mecanum_description
[0.811s] -- Installing: /home/ohj/mecanum-ros2/install/mecanum_description/share/ament_index/resource_index/parent_prefix_path/mecanum_description
[0.811s] -- Installing: /home/ohj/mecanum-ros2/install/mecanum_description/share/mecanum_description/environment/ament_prefix_path.sh
[0.811s] -- Installing: /home/ohj/mecanum-ros2/install/mecanum_description/share/mecanum_description/environment/ament_prefix_path.dsv
[0.811s] -- Installing: /home/ohj/mecanum-ros2/install/mecanum_description/share/mecanum_description/environment/path.sh
[0.811s] -- Installing: /home/ohj/mecanum-ros2/install/mecanum_description/share/mecanum_description/environment/path.dsv
[0.811s] -- Installing: /home/ohj/mecanum-ros2/install/mecanum_description/share/mecanum_description/local_setup.bash
[0.811s] -- Installing: /home/ohj/mecanum-ros2/install/mecanum_description/share/mecanum_description/local_setup.sh
[0.811s] -- Installing: /home/ohj/mecanum-ros2/install/mecanum_description/share/mecanum_description/local_setup.zsh
[0.812s] -- Installing: /home/ohj/mecanum-ros2/install/mecanum_description/share/mecanum_description/local_setup.dsv
[0.812s] -- Installing: /home/ohj/mecanum-ros2/install/mecanum_description/share/mecanum_description/package.dsv
[0.812s] -- Installing: /home/ohj/mecanum-ros2/install/mecanum_description/share/ament_index/resource_index/packages/mecanum_description
[0.812s] -- Installing: /home/ohj/mecanum-ros2/install/mecanum_description/share/mecanum_description/cmake/mecanum_descriptionConfig.cmake
[0.812s] -- Installing: /home/ohj/mecanum-ros2/install/mecanum_description/share/mecanum_description/cmake/mecanum_descriptionConfig-version.cmake
[0.812s] -- Installing: /home/ohj/mecanum-ros2/install/mecanum_description/share/mecanum_description/package.xml
[0.814s] Invoked command in '/home/ohj/mecanum-ros2/build/mecanum_description' returned '0': CMAKE_PREFIX_PATH=/opt/ros/galactic /usr/bin/cmake --install /home/ohj/mecanum-ros2/build/mecanum_description
