[7.623s] Invoking command in '/home/jetson/mecanum-ros2/src/motor_control': PYTHONPATH=/home/jetson/mecanum-ros2/build/motor_control/prefix_override:/home/jetson/mecanum-ros2/install/motor_control/lib/python3.8/site-packages:${PYTHONPATH} /usr/bin/python3 setup.py egg_info --egg-base ../../build/motor_control build --build-base /home/jetson/mecanum-ros2/build/motor_control/build install --record /home/jetson/mecanum-ros2/build/motor_control/install.log --single-version-externally-managed
[9.113s] running egg_info
[9.117s] writing ../../build/motor_control/motor_control.egg-info/PKG-INFO
[9.118s] writing dependency_links to ../../build/motor_control/motor_control.egg-info/dependency_links.txt
[9.119s] writing entry points to ../../build/motor_control/motor_control.egg-info/entry_points.txt
[9.120s] writing requirements to ../../build/motor_control/motor_control.egg-info/requires.txt
[9.121s] writing top-level names to ../../build/motor_control/motor_control.egg-info/top_level.txt
[9.136s] reading manifest file '../../build/motor_control/motor_control.egg-info/SOURCES.txt'
[9.142s] writing manifest file '../../build/motor_control/motor_control.egg-info/SOURCES.txt'
[9.143s] running build
[9.143s] running build_py
[9.144s] copying motor_control/motor_control_float.py -> /home/jetson/mecanum-ros2/build/motor_control/build/lib/motor_control
[9.145s] running install
[9.148s] running install_lib
[9.157s] copying /home/jetson/mecanum-ros2/build/motor_control/build/lib/motor_control/motor_control_float.py -> /home/jetson/mecanum-ros2/install/motor_control/lib/python3.8/site-packages/motor_control
[9.163s] byte-compiling /home/jetson/mecanum-ros2/install/motor_control/lib/python3.8/site-packages/motor_control/motor_control_float.py to motor_control_float.cpython-38.pyc
[9.167s] running install_data
[9.171s] running install_egg_info
[9.177s] removing '/home/jetson/mecanum-ros2/install/motor_control/lib/python3.8/site-packages/motor_control-0.0.0-py3.8.egg-info' (and everything under it)
[9.179s] Copying ../../build/motor_control/motor_control.egg-info to /home/jetson/mecanum-ros2/install/motor_control/lib/python3.8/site-packages/motor_control-0.0.0-py3.8.egg-info
[9.183s] running install_scripts
[9.276s] Installing motor_control_float script to /home/jetson/mecanum-ros2/install/motor_control/lib/motor_control
[9.276s] Installing motor_control_int script to /home/jetson/mecanum-ros2/install/motor_control/lib/motor_control
[9.278s] writing list of installed files to '/home/jetson/mecanum-ros2/build/motor_control/install.log'
[9.494s] Invoked command in '/home/jetson/mecanum-ros2/src/motor_control' returned '0': PYTHONPATH=/home/jetson/mecanum-ros2/build/motor_control/prefix_override:/home/jetson/mecanum-ros2/install/motor_control/lib/python3.8/site-packages:${PYTHONPATH} /usr/bin/python3 setup.py egg_info --egg-base ../../build/motor_control build --build-base /home/jetson/mecanum-ros2/build/motor_control/build install --record /home/jetson/mecanum-ros2/build/motor_control/install.log --single-version-externally-managed
