[1.153s] Invoking command in '/home/ohj/mecanum-ros2/src/motor_control': PYTHONPATH=/home/ohj/mecanum-ros2/build/motor_control/prefix_override:/home/ohj/mecanum-ros2/install/motor_control/lib/python3.8/site-packages:${PYTHONPATH} /usr/bin/python3 setup.py egg_info --egg-base ../../build/motor_control build --build-base /home/ohj/mecanum-ros2/build/motor_control/build install --record /home/ohj/mecanum-ros2/build/motor_control/install.log --single-version-externally-managed
[1.349s] running egg_info
[1.350s] creating ../../build/motor_control/motor_control.egg-info
[1.350s] writing ../../build/motor_control/motor_control.egg-info/PKG-INFO
[1.350s] writing dependency_links to ../../build/motor_control/motor_control.egg-info/dependency_links.txt
[1.352s] writing entry points to ../../build/motor_control/motor_control.egg-info/entry_points.txt
[1.352s] writing requirements to ../../build/motor_control/motor_control.egg-info/requires.txt
[1.353s] writing top-level names to ../../build/motor_control/motor_control.egg-info/top_level.txt
[1.353s] writing manifest file '../../build/motor_control/motor_control.egg-info/SOURCES.txt'
[1.376s] reading manifest file '../../build/motor_control/motor_control.egg-info/SOURCES.txt'
[1.377s] writing manifest file '../../build/motor_control/motor_control.egg-info/SOURCES.txt'
[1.377s] running build
[1.377s] running build_py
[1.377s] creating /home/ohj/mecanum-ros2/build/motor_control/build
[1.377s] creating /home/ohj/mecanum-ros2/build/motor_control/build/lib
[1.378s] creating /home/ohj/mecanum-ros2/build/motor_control/build/lib/motor_control
[1.378s] copying motor_control/motor_control_float.py -> /home/ohj/mecanum-ros2/build/motor_control/build/lib/motor_control
[1.378s] copying motor_control/__init__.py -> /home/ohj/mecanum-ros2/build/motor_control/build/lib/motor_control
[1.378s] copying motor_control/motor_control_int.py -> /home/ohj/mecanum-ros2/build/motor_control/build/lib/motor_control
[1.378s] running install
[1.378s] running install_lib
[1.379s] creating /home/ohj/mecanum-ros2/install/motor_control/lib/python3.8/site-packages/motor_control
[1.379s] copying /home/ohj/mecanum-ros2/build/motor_control/build/lib/motor_control/motor_control_float.py -> /home/ohj/mecanum-ros2/install/motor_control/lib/python3.8/site-packages/motor_control
[1.379s] copying /home/ohj/mecanum-ros2/build/motor_control/build/lib/motor_control/__init__.py -> /home/ohj/mecanum-ros2/install/motor_control/lib/python3.8/site-packages/motor_control
[1.379s] copying /home/ohj/mecanum-ros2/build/motor_control/build/lib/motor_control/motor_control_int.py -> /home/ohj/mecanum-ros2/install/motor_control/lib/python3.8/site-packages/motor_control
[1.379s] byte-compiling /home/ohj/mecanum-ros2/install/motor_control/lib/python3.8/site-packages/motor_control/motor_control_float.py to motor_control_float.cpython-38.pyc
[1.381s] byte-compiling /home/ohj/mecanum-ros2/install/motor_control/lib/python3.8/site-packages/motor_control/__init__.py to __init__.cpython-38.pyc
[1.381s] byte-compiling /home/ohj/mecanum-ros2/install/motor_control/lib/python3.8/site-packages/motor_control/motor_control_int.py to motor_control_int.cpython-38.pyc
[1.382s] running install_data
[1.382s] creating /home/ohj/mecanum-ros2/install/motor_control/share/ament_index
[1.382s] creating /home/ohj/mecanum-ros2/install/motor_control/share/ament_index/resource_index
[1.382s] creating /home/ohj/mecanum-ros2/install/motor_control/share/ament_index/resource_index/packages
[1.383s] copying resource/motor_control -> /home/ohj/mecanum-ros2/install/motor_control/share/ament_index/resource_index/packages
[1.383s] copying package.xml -> /home/ohj/mecanum-ros2/install/motor_control/share/motor_control
[1.383s] creating /home/ohj/mecanum-ros2/install/motor_control/share/motor_control/launch
[1.383s] copying launch/motor_control.launch.py -> /home/ohj/mecanum-ros2/install/motor_control/share/motor_control/launch
[1.383s] creating /home/ohj/mecanum-ros2/install/motor_control/share/motor_control/param
[1.383s] copying param/motor_config.yaml -> /home/ohj/mecanum-ros2/install/motor_control/share/motor_control/param
[1.383s] running install_egg_info
[1.384s] Copying ../../build/motor_control/motor_control.egg-info to /home/ohj/mecanum-ros2/install/motor_control/lib/python3.8/site-packages/motor_control-0.0.0-py3.8.egg-info
[1.385s] running install_scripts
[1.398s] Installing motor_control_float script to /home/ohj/mecanum-ros2/install/motor_control/lib/motor_control
[1.398s] Installing motor_control_int script to /home/ohj/mecanum-ros2/install/motor_control/lib/motor_control
[1.398s] writing list of installed files to '/home/ohj/mecanum-ros2/build/motor_control/install.log'
[1.418s] Invoked command in '/home/ohj/mecanum-ros2/src/motor_control' returned '0': PYTHONPATH=/home/ohj/mecanum-ros2/build/motor_control/prefix_override:/home/ohj/mecanum-ros2/install/motor_control/lib/python3.8/site-packages:${PYTHONPATH} /usr/bin/python3 setup.py egg_info --egg-base ../../build/motor_control build --build-base /home/ohj/mecanum-ros2/build/motor_control/build install --record /home/ohj/mecanum-ros2/build/motor_control/install.log --single-version-externally-managed
