[0.646s] Invoking command in '/home/ohj/mecanum-ros2/build/ydlidar_ros2_driver': CMAKE_PREFIX_PATH=${CMAKE_PREFIX_PATH}:/home/ohj/mecanum-ros2/install/teleop_keyboard:/home/ohj/mecanum-ros2/install/motor_control:/home/ohj/mecanum-ros2/install/mobile_description:/home/ohj/mecanum-ros2/install/mecanum_odometry:/opt/ros/galactic /usr/bin/cmake /home/ohj/mecanum-ros2/src/ydlidar_ros2_driver -DAMENT_CMAKE_SYMLINK_INSTALL=1 -DCMAKE_INSTALL_PREFIX=/home/ohj/mecanum-ros2/install/ydlidar_ros2_driver
[0.657s] -- Found ament_cmake: 1.1.6 (/opt/ros/galactic/share/ament_cmake/cmake)
[0.671s] -- Using PYTHON_EXECUTABLE: /usr/bin/python3
[0.711s] -- Override CMake install command with custom implementation using symlinks instead of copying resources
[0.716s] -- Found rclcpp: 9.2.2 (/opt/ros/galactic/share/rclcpp/cmake)
[0.740s] -- Using all available rosidl_typesupport_c: rosidl_typesupport_fastrtps_c;rosidl_typesupport_introspection_c
[0.742s] -- Found rosidl_adapter: 2.2.3 (/opt/ros/galactic/share/rosidl_adapter/cmake)
[0.830s] -- Using all available rosidl_typesupport_cpp: rosidl_typesupport_fastrtps_cpp;rosidl_typesupport_introspection_cpp
[0.865s] -- Found rmw_implementation_cmake: 3.3.1 (/opt/ros/galactic/share/rmw_implementation_cmake/cmake)
[0.866s] -- Found rmw_cyclonedds_cpp: 0.22.6 (/opt/ros/galactic/share/rmw_cyclonedds_cpp/cmake)
[0.879s] -- Using RMW implementation 'rmw_cyclonedds_cpp' as default
[0.986s] -- Found sensor_msgs: 2.2.4 (/opt/ros/galactic/share/sensor_msgs/cmake)
[1.065s] -- Found visualization_msgs: 2.2.4 (/opt/ros/galactic/share/visualization_msgs/cmake)
[1.116s] -- Found std_srvs: 2.2.4 (/opt/ros/galactic/share/std_srvs/cmake)
[1.127s] -- Found ament_lint_auto: 0.10.7 (/opt/ros/galactic/share/ament_lint_auto/cmake)
[1.183s] -- Added test 'copyright' to check source files copyright and LICENSE
[1.184s] -- Added test 'cppcheck' to perform static code analysis on C / C++ code
[1.184s] -- Configured cppcheck include dirs: /home/ohj/mecanum-ros2/src/ydlidar_ros2_driver/src
[1.184s] -- Configured cppcheck exclude dirs and/or files: 
[1.184s] -- Added test 'cpplint' to check C / C++ code against the Google style
[1.185s] -- Configured cpplint exclude dirs and/or files: 
[1.185s] -- Added test 'flake8' to check Python code syntax and style conventions
[1.185s] -- Added test 'lint_cmake' to check CMake code style
[1.185s] -- Added test 'pep257' to check Python code against some of the style conventions in PEP 257
[1.186s] -- Added test 'uncrustify' to check C / C++ code style
[1.186s] -- Configured uncrustify additional arguments: 
[1.186s] -- Added test 'xmllint' to check XML markup files
[1.188s] -- Configuring done
[1.200s] -- Generating done
[1.201s] -- Build files have been written to: /home/ohj/mecanum-ros2/build/ydlidar_ros2_driver
[1.206s] Invoked command in '/home/ohj/mecanum-ros2/build/ydlidar_ros2_driver' returned '0': CMAKE_PREFIX_PATH=${CMAKE_PREFIX_PATH}:/home/ohj/mecanum-ros2/install/teleop_keyboard:/home/ohj/mecanum-ros2/install/motor_control:/home/ohj/mecanum-ros2/install/mobile_description:/home/ohj/mecanum-ros2/install/mecanum_odometry:/opt/ros/galactic /usr/bin/cmake /home/ohj/mecanum-ros2/src/ydlidar_ros2_driver -DAMENT_CMAKE_SYMLINK_INSTALL=1 -DCMAKE_INSTALL_PREFIX=/home/ohj/mecanum-ros2/install/ydlidar_ros2_driver
[1.209s] Invoking command in '/home/ohj/mecanum-ros2/build/ydlidar_ros2_driver': CMAKE_PREFIX_PATH=${CMAKE_PREFIX_PATH}:/home/ohj/mecanum-ros2/install/teleop_keyboard:/home/ohj/mecanum-ros2/install/motor_control:/home/ohj/mecanum-ros2/install/mobile_description:/home/ohj/mecanum-ros2/install/mecanum_odometry:/opt/ros/galactic /usr/bin/cmake --build /home/ohj/mecanum-ros2/build/ydlidar_ros2_driver -- -j16 -l16
[1.265s] [ 25%] [32m[1mLinking CXX executable ydlidar_ros2_driver_node[0m
[1.267s] [ 50%] [32m[1mLinking CXX executable ydlidar_ros2_driver_client[0m
[1.474s] [ 75%] Built target ydlidar_ros2_driver_node
[1.502s] [100%] Built target ydlidar_ros2_driver_client
[1.514s] Invoked command in '/home/ohj/mecanum-ros2/build/ydlidar_ros2_driver' returned '0': CMAKE_PREFIX_PATH=${CMAKE_PREFIX_PATH}:/home/ohj/mecanum-ros2/install/teleop_keyboard:/home/ohj/mecanum-ros2/install/motor_control:/home/ohj/mecanum-ros2/install/mobile_description:/home/ohj/mecanum-ros2/install/mecanum_odometry:/opt/ros/galactic /usr/bin/cmake --build /home/ohj/mecanum-ros2/build/ydlidar_ros2_driver -- -j16 -l16
[1.542s] Invoking command in '/home/ohj/mecanum-ros2/build/ydlidar_ros2_driver': CMAKE_PREFIX_PATH=${CMAKE_PREFIX_PATH}:/home/ohj/mecanum-ros2/install/teleop_keyboard:/home/ohj/mecanum-ros2/install/motor_control:/home/ohj/mecanum-ros2/install/mobile_description:/home/ohj/mecanum-ros2/install/mecanum_odometry:/opt/ros/galactic /usr/bin/cmake --install /home/ohj/mecanum-ros2/build/ydlidar_ros2_driver
[1.551s] -- Install configuration: ""
[1.551s] -- Execute custom install script
[1.552s] -- Symlinking: /home/ohj/mecanum-ros2/install/ydlidar_ros2_driver/lib/ydlidar_ros2_driver/ydlidar_ros2_driver_node
[1.561s] -- Symlinking: /home/ohj/mecanum-ros2/install/ydlidar_ros2_driver/lib/ydlidar_ros2_driver/ydlidar_ros2_driver_client
[1.569s] -- Symlinking: /home/ohj/mecanum-ros2/install/ydlidar_ros2_driver/share/ydlidar_ros2_driver/launch/ydlidar.py
[1.579s] -- Symlinking: /home/ohj/mecanum-ros2/install/ydlidar_ros2_driver/share/ydlidar_ros2_driver/launch/ydlidar_launch.py
[1.585s] -- Symlinking: /home/ohj/mecanum-ros2/install/ydlidar_ros2_driver/share/ydlidar_ros2_driver/launch/ydlidar_launch_view.py
[1.592s] -- Symlinking: /home/ohj/mecanum-ros2/install/ydlidar_ros2_driver/share/ydlidar_ros2_driver/params/ydlidar.yaml
[1.604s] -- Symlinking: /home/ohj/mecanum-ros2/install/ydlidar_ros2_driver/share/ydlidar_ros2_driver/startup/initenv.sh
[1.609s] -- Symlinking: /home/ohj/mecanum-ros2/install/ydlidar_ros2_driver/share/ydlidar_ros2_driver/config/ydlidar.rviz
[1.614s] -- Symlinking: /home/ohj/mecanum-ros2/install/ydlidar_ros2_driver/share/ament_index/resource_index/package_run_dependencies/ydlidar_ros2_driver
[1.619s] -- Symlinking: /home/ohj/mecanum-ros2/install/ydlidar_ros2_driver/share/ament_index/resource_index/parent_prefix_path/ydlidar_ros2_driver
[1.624s] -- Symlinking: /home/ohj/mecanum-ros2/install/ydlidar_ros2_driver/share/ydlidar_ros2_driver/environment/ament_prefix_path.sh
[1.634s] -- Symlinking: /home/ohj/mecanum-ros2/install/ydlidar_ros2_driver/share/ydlidar_ros2_driver/environment/ament_prefix_path.dsv
[1.639s] -- Symlinking: /home/ohj/mecanum-ros2/install/ydlidar_ros2_driver/share/ydlidar_ros2_driver/environment/path.sh
[1.644s] -- Symlinking: /home/ohj/mecanum-ros2/install/ydlidar_ros2_driver/share/ydlidar_ros2_driver/environment/path.dsv
[1.649s] -- Symlinking: /home/ohj/mecanum-ros2/install/ydlidar_ros2_driver/share/ydlidar_ros2_driver/local_setup.bash
[1.654s] -- Symlinking: /home/ohj/mecanum-ros2/install/ydlidar_ros2_driver/share/ydlidar_ros2_driver/local_setup.sh
[1.659s] -- Symlinking: /home/ohj/mecanum-ros2/install/ydlidar_ros2_driver/share/ydlidar_ros2_driver/local_setup.zsh
[1.664s] -- Symlinking: /home/ohj/mecanum-ros2/install/ydlidar_ros2_driver/share/ydlidar_ros2_driver/local_setup.dsv
[1.669s] -- Symlinking: /home/ohj/mecanum-ros2/install/ydlidar_ros2_driver/share/ydlidar_ros2_driver/package.dsv
[1.675s] -- Symlinking: /home/ohj/mecanum-ros2/install/ydlidar_ros2_driver/share/ament_index/resource_index/packages/ydlidar_ros2_driver
[1.680s] -- Symlinking: /home/ohj/mecanum-ros2/install/ydlidar_ros2_driver/share/ydlidar_ros2_driver/cmake/ydlidar_ros2_driverConfig.cmake
[1.685s] -- Symlinking: /home/ohj/mecanum-ros2/install/ydlidar_ros2_driver/share/ydlidar_ros2_driver/cmake/ydlidar_ros2_driverConfig-version.cmake
[1.691s] -- Symlinking: /home/ohj/mecanum-ros2/install/ydlidar_ros2_driver/share/ydlidar_ros2_driver/package.xml
[1.706s] Invoked command in '/home/ohj/mecanum-ros2/build/ydlidar_ros2_driver' returned '0': CMAKE_PREFIX_PATH=${CMAKE_PREFIX_PATH}:/home/ohj/mecanum-ros2/install/teleop_keyboard:/home/ohj/mecanum-ros2/install/motor_control:/home/ohj/mecanum-ros2/install/mobile_description:/home/ohj/mecanum-ros2/install/mecanum_odometry:/opt/ros/galactic /usr/bin/cmake --install /home/ohj/mecanum-ros2/build/ydlidar_ros2_driver
