[0.888s] Invoking command in '/home/ohj/mecanum-ros2/src/mobile_description': PYTHONPATH=/home/ohj/mecanum-ros2/build/mobile_description/prefix_override:/home/ohj/mecanum-ros2/install/mobile_description/lib/python3.8/site-packages:${PYTHONPATH} /usr/bin/python3 setup.py egg_info --egg-base ../../build/mobile_description build --build-base /home/ohj/mecanum-ros2/build/mobile_description/build install --record /home/ohj/mecanum-ros2/build/mobile_description/install.log --install-scripts $base/lib/mobile_description --single-version-externally-managed
[1.028s] running egg_info
[1.029s] creating ../../build/mobile_description/mobile_description.egg-info
[1.029s] writing ../../build/mobile_description/mobile_description.egg-info/PKG-INFO
[1.029s] writing dependency_links to ../../build/mobile_description/mobile_description.egg-info/dependency_links.txt
[1.029s] writing entry points to ../../build/mobile_description/mobile_description.egg-info/entry_points.txt
[1.029s] writing requirements to ../../build/mobile_description/mobile_description.egg-info/requires.txt
[1.029s] writing top-level names to ../../build/mobile_description/mobile_description.egg-info/top_level.txt
[1.030s] writing manifest file '../../build/mobile_description/mobile_description.egg-info/SOURCES.txt'
[1.052s] reading manifest file '../../build/mobile_description/mobile_description.egg-info/SOURCES.txt'
[1.053s] writing manifest file '../../build/mobile_description/mobile_description.egg-info/SOURCES.txt'
[1.053s] running build
[1.053s] running build_py
[1.053s] creating /home/ohj/mecanum-ros2/build/mobile_description/build
[1.053s] creating /home/ohj/mecanum-ros2/build/mobile_description/build/lib
[1.053s] creating /home/ohj/mecanum-ros2/build/mobile_description/build/lib/mobile_description
[1.053s] copying mobile_description/__init__.py -> /home/ohj/mecanum-ros2/build/mobile_description/build/lib/mobile_description
[1.054s] running install
[1.054s] running install_lib
[1.054s] creating /home/ohj/mecanum-ros2/install/mobile_description/lib/python3.8/site-packages/mobile_description
[1.054s] copying /home/ohj/mecanum-ros2/build/mobile_description/build/lib/mobile_description/__init__.py -> /home/ohj/mecanum-ros2/install/mobile_description/lib/python3.8/site-packages/mobile_description
[1.054s] byte-compiling /home/ohj/mecanum-ros2/install/mobile_description/lib/python3.8/site-packages/mobile_description/__init__.py to __init__.cpython-38.pyc
[1.055s] running install_data
[1.055s] creating /home/ohj/mecanum-ros2/install/mobile_description/share/ament_index
[1.055s] creating /home/ohj/mecanum-ros2/install/mobile_description/share/ament_index/resource_index
[1.055s] creating /home/ohj/mecanum-ros2/install/mobile_description/share/ament_index/resource_index/packages
[1.055s] copying resource/mobile_description -> /home/ohj/mecanum-ros2/install/mobile_description/share/ament_index/resource_index/packages
[1.055s] copying package.xml -> /home/ohj/mecanum-ros2/install/mobile_description/share/mobile_description
[1.056s] creating /home/ohj/mecanum-ros2/install/mobile_description/share/mobile_description/launch
[1.056s] copying launch/gazebo.launch.py -> /home/ohj/mecanum-ros2/install/mobile_description/share/mobile_description/launch
[1.056s] copying launch/display.launch.py -> /home/ohj/mecanum-ros2/install/mobile_description/share/mobile_description/launch
[1.056s] creating /home/ohj/mecanum-ros2/install/mobile_description/share/mobile_description/urdf
[1.056s] copying urdf/mobile.gazebo -> /home/ohj/mecanum-ros2/install/mobile_description/share/mobile_description/urdf
[1.056s] copying urdf/materials.xacro -> /home/ohj/mecanum-ros2/install/mobile_description/share/mobile_description/urdf
[1.056s] copying urdf/mobile.xacro -> /home/ohj/mecanum-ros2/install/mobile_description/share/mobile_description/urdf
[1.056s] copying urdf/mobile.trans -> /home/ohj/mecanum-ros2/install/mobile_description/share/mobile_description/urdf
[1.056s] creating /home/ohj/mecanum-ros2/install/mobile_description/share/mobile_description/meshes
[1.056s] copying meshes/imu_1.stl -> /home/ohj/mecanum-ros2/install/mobile_description/share/mobile_description/meshes
[1.056s] copying meshes/rear_left_wheel_1.stl -> /home/ohj/mecanum-ros2/install/mobile_description/share/mobile_description/meshes
[1.056s] copying meshes/base_link.stl -> /home/ohj/mecanum-ros2/install/mobile_description/share/mobile_description/meshes
[1.056s] copying meshes/lidar_1.stl -> /home/ohj/mecanum-ros2/install/mobile_description/share/mobile_description/meshes
[1.057s] copying meshes/rear_right_wheel_1.stl -> /home/ohj/mecanum-ros2/install/mobile_description/share/mobile_description/meshes
[1.057s] copying meshes/front_left_wheel_1.stl -> /home/ohj/mecanum-ros2/install/mobile_description/share/mobile_description/meshes
[1.057s] copying meshes/front_right_wheel_1.stl -> /home/ohj/mecanum-ros2/install/mobile_description/share/mobile_description/meshes
[1.057s] creating /home/ohj/mecanum-ros2/install/mobile_description/share/mobile_description/config
[1.057s] copying config/display.rviz -> /home/ohj/mecanum-ros2/install/mobile_description/share/mobile_description/config
[1.057s] running install_egg_info
[1.057s] Copying ../../build/mobile_description/mobile_description.egg-info to /home/ohj/mecanum-ros2/install/mobile_description/lib/python3.8/site-packages/mobile_description-0.0.0-py3.8.egg-info
[1.058s] running install_scripts
[1.071s] writing list of installed files to '/home/ohj/mecanum-ros2/build/mobile_description/install.log'
[1.094s] Invoked command in '/home/ohj/mecanum-ros2/src/mobile_description' returned '0': PYTHONPATH=/home/ohj/mecanum-ros2/build/mobile_description/prefix_override:/home/ohj/mecanum-ros2/install/mobile_description/lib/python3.8/site-packages:${PYTHONPATH} /usr/bin/python3 setup.py egg_info --egg-base ../../build/mobile_description build --build-base /home/ohj/mecanum-ros2/build/mobile_description/build install --record /home/ohj/mecanum-ros2/build/mobile_description/install.log --install-scripts $base/lib/mobile_description --single-version-externally-managed
