[6.588s] Invoking command in '/home/jetson/mecanum-ros2/src/motor_control': PYTHONPATH=/home/jetson/mecanum-ros2/build/motor_control/prefix_override:/home/jetson/mecanum-ros2/install/motor_control/lib/python3.8/site-packages:${PYTHONPATH} /usr/bin/python3 setup.py egg_info --egg-base ../../build/motor_control build --build-base /home/jetson/mecanum-ros2/build/motor_control/build install --record /home/jetson/mecanum-ros2/build/motor_control/install.log --single-version-externally-managed
[7.942s] running egg_info
[7.951s] writing ../../build/motor_control/motor_control.egg-info/PKG-INFO
[7.951s] writing dependency_links to ../../build/motor_control/motor_control.egg-info/dependency_links.txt
[7.952s] writing entry points to ../../build/motor_control/motor_control.egg-info/entry_points.txt
[7.952s] writing requirements to ../../build/motor_control/motor_control.egg-info/requires.txt
[7.956s] writing top-level names to ../../build/motor_control/motor_control.egg-info/top_level.txt
[7.963s] reading manifest file '../../build/motor_control/motor_control.egg-info/SOURCES.txt'
[7.967s] writing manifest file '../../build/motor_control/motor_control.egg-info/SOURCES.txt'
[7.968s] running build
[7.969s] running build_py
[7.969s] running install
[7.972s] running install_lib
[7.978s] running install_data
[7.981s] running install_egg_info
[7.988s] removing '/home/jetson/mecanum-ros2/install/motor_control/lib/python3.8/site-packages/motor_control-0.0.0-py3.8.egg-info' (and everything under it)
[7.989s] Copying ../../build/motor_control/motor_control.egg-info to /home/jetson/mecanum-ros2/install/motor_control/lib/python3.8/site-packages/motor_control-0.0.0-py3.8.egg-info
[7.994s] running install_scripts
[8.082s] Installing motor_control script to /home/jetson/mecanum-ros2/install/motor_control/lib/motor_control
[8.083s] writing list of installed files to '/home/jetson/mecanum-ros2/build/motor_control/install.log'
[8.252s] Invoked command in '/home/jetson/mecanum-ros2/src/motor_control' returned '0': PYTHONPATH=/home/jetson/mecanum-ros2/build/motor_control/prefix_override:/home/jetson/mecanum-ros2/install/motor_control/lib/python3.8/site-packages:${PYTHONPATH} /usr/bin/python3 setup.py egg_info --egg-base ../../build/motor_control build --build-base /home/jetson/mecanum-ros2/build/motor_control/build install --record /home/jetson/mecanum-ros2/build/motor_control/install.log --single-version-externally-managed
