[0.678s] Invoking command in '/home/ohj/mecanum-ros2/src/motor_control': PYTHONPATH=/home/ohj/mecanum-ros2/build/motor_control/prefix_override:/home/ohj/mecanum-ros2/install/motor_control/lib/python3.8/site-packages:${PYTHONPATH} /usr/bin/python3 setup.py egg_info --egg-base ../../build/motor_control build --build-base /home/ohj/mecanum-ros2/build/motor_control/build install --record /home/ohj/mecanum-ros2/build/motor_control/install.log --single-version-externally-managed
[0.836s] running egg_info
[0.836s] writing ../../build/motor_control/motor_control.egg-info/PKG-INFO
[0.836s] writing dependency_links to ../../build/motor_control/motor_control.egg-info/dependency_links.txt
[0.836s] writing entry points to ../../build/motor_control/motor_control.egg-info/entry_points.txt
[0.836s] writing requirements to ../../build/motor_control/motor_control.egg-info/requires.txt
[0.837s] writing top-level names to ../../build/motor_control/motor_control.egg-info/top_level.txt
[0.860s] reading manifest file '../../build/motor_control/motor_control.egg-info/SOURCES.txt'
[0.860s] writing manifest file '../../build/motor_control/motor_control.egg-info/SOURCES.txt'
[0.860s] running build
[0.861s] running build_py
[0.861s] running install
[0.861s] running install_lib
[0.862s] running install_data
[0.862s] running install_egg_info
[0.864s] removing '/home/ohj/mecanum-ros2/install/motor_control/lib/python3.8/site-packages/motor_control-0.0.0-py3.8.egg-info' (and everything under it)
[0.864s] Copying ../../build/motor_control/motor_control.egg-info to /home/ohj/mecanum-ros2/install/motor_control/lib/python3.8/site-packages/motor_control-0.0.0-py3.8.egg-info
[0.864s] running install_scripts
[0.876s] Installing motor_control script to /home/ohj/mecanum-ros2/install/motor_control/lib/motor_control
[0.876s] writing list of installed files to '/home/ohj/mecanum-ros2/build/motor_control/install.log'
[0.903s] Invoked command in '/home/ohj/mecanum-ros2/src/motor_control' returned '0': PYTHONPATH=/home/ohj/mecanum-ros2/build/motor_control/prefix_override:/home/ohj/mecanum-ros2/install/motor_control/lib/python3.8/site-packages:${PYTHONPATH} /usr/bin/python3 setup.py egg_info --egg-base ../../build/motor_control build --build-base /home/ohj/mecanum-ros2/build/motor_control/build install --record /home/ohj/mecanum-ros2/build/motor_control/install.log --single-version-externally-managed
