[1.448s] Invoking command in '/home/ohj/mecanum-ros2/src/tomato_detection': PYTHONPATH=/home/ohj/mecanum-ros2/build/tomato_detection/prefix_override:/home/ohj/mecanum-ros2/install/tomato_detection/lib/python3.8/site-packages:${PYTHONPATH} /usr/bin/python3 setup.py egg_info --egg-base ../../build/tomato_detection build --build-base /home/ohj/mecanum-ros2/build/tomato_detection/build install --record /home/ohj/mecanum-ros2/build/tomato_detection/install.log --single-version-externally-managed
[1.627s] running egg_info
[1.627s] writing ../../build/tomato_detection/tomato_detection.egg-info/PKG-INFO
[1.628s] writing dependency_links to ../../build/tomato_detection/tomato_detection.egg-info/dependency_links.txt
[1.628s] writing entry points to ../../build/tomato_detection/tomato_detection.egg-info/entry_points.txt
[1.628s] writing requirements to ../../build/tomato_detection/tomato_detection.egg-info/requires.txt
[1.628s] writing top-level names to ../../build/tomato_detection/tomato_detection.egg-info/top_level.txt
[1.655s] reading manifest file '../../build/tomato_detection/tomato_detection.egg-info/SOURCES.txt'
[1.656s] writing manifest file '../../build/tomato_detection/tomato_detection.egg-info/SOURCES.txt'
[1.656s] running build
[1.656s] running build_py
[1.656s] copying tomato_detection/tomato_detection_node_new_3.py -> /home/ohj/mecanum-ros2/build/tomato_detection/build/lib/tomato_detection
[1.657s] running install
[1.657s] running install_lib
[1.658s] copying /home/ohj/mecanum-ros2/build/tomato_detection/build/lib/tomato_detection/tomato_detection_node_new_3.py -> /home/ohj/mecanum-ros2/install/tomato_detection/lib/python3.8/site-packages/tomato_detection
[1.658s] byte-compiling /home/ohj/mecanum-ros2/install/tomato_detection/lib/python3.8/site-packages/tomato_detection/tomato_detection_node_new_3.py to tomato_detection_node_new_3.cpython-38.pyc
[1.660s] running install_data
[1.661s] running install_egg_info
[1.662s] removing '/home/ohj/mecanum-ros2/install/tomato_detection/lib/python3.8/site-packages/tomato_detection-0.0.0-py3.8.egg-info' (and everything under it)
[1.662s] Copying ../../build/tomato_detection/tomato_detection.egg-info to /home/ohj/mecanum-ros2/install/tomato_detection/lib/python3.8/site-packages/tomato_detection-0.0.0-py3.8.egg-info
[1.663s] running install_scripts
[1.676s] Installing tomato_detection_node script to /home/ohj/mecanum-ros2/install/tomato_detection/lib/tomato_detection
[1.676s] Installing tomato_detection_node_new script to /home/ohj/mecanum-ros2/install/tomato_detection/lib/tomato_detection
[1.676s] Installing tomato_detection_node_new_3 script to /home/ohj/mecanum-ros2/install/tomato_detection/lib/tomato_detection
[1.676s] writing list of installed files to '/home/ohj/mecanum-ros2/build/tomato_detection/install.log'
[1.699s] Invoked command in '/home/ohj/mecanum-ros2/src/tomato_detection' returned '0': PYTHONPATH=/home/ohj/mecanum-ros2/build/tomato_detection/prefix_override:/home/ohj/mecanum-ros2/install/tomato_detection/lib/python3.8/site-packages:${PYTHONPATH} /usr/bin/python3 setup.py egg_info --egg-base ../../build/tomato_detection build --build-base /home/ohj/mecanum-ros2/build/tomato_detection/build install --record /home/ohj/mecanum-ros2/build/tomato_detection/install.log --single-version-externally-managed
