[0.049s] Invoking command in '/home/ohj/mecanum-ros2/build/mecanum_bringup': CMAKE_PREFIX_PATH=${CMAKE_PREFIX_PATH}:/opt/ros/galactic /usr/bin/cmake /home/ohj/mecanum-ros2/src/mecanum_bringup -DCMAKE_INSTALL_PREFIX=/home/ohj/mecanum-ros2/install/mecanum_bringup
[0.715s] -- The C compiler identification is GNU 9.4.0
[0.715s] -- The CXX compiler identification is GNU 9.4.0
[0.715s] -- Check for working C compiler: /usr/bin/cc
[0.715s] -- Check for working C compiler: /usr/bin/cc -- works
[0.716s] -- Detecting C compiler ABI info
[0.716s] -- Detecting C compiler ABI info - done
[0.716s] -- Detecting C compile features
[0.716s] -- Detecting C compile features - done
[0.716s] -- Check for working CXX compiler: /usr/bin/c++
[0.716s] -- Check for working CXX compiler: /usr/bin/c++ -- works
[0.716s] -- Detecting CXX compiler ABI info
[0.716s] -- Detecting CXX compiler ABI info - done
[0.716s] -- Detecting CXX compile features
[0.717s] -- Detecting CXX compile features - done
[0.718s] -- Found ament_cmake: 1.1.6 (/opt/ros/galactic/share/ament_cmake/cmake)
[0.718s] -- Found PythonInterp: /usr/bin/python3 (found suitable version "3.8.10", minimum required is "3") 
[0.718s] -- Using PYTHON_EXECUTABLE: /usr/bin/python3
[0.718s] -- Found ament_lint_auto: 0.10.7 (/opt/ros/galactic/share/ament_lint_auto/cmake)
[0.718s] -- Added test 'copyright' to check source files copyright and LICENSE
[0.718s] -- Added test 'flake8' to check Python code syntax and style conventions
[0.718s] -- Added test 'lint_cmake' to check CMake code style
[0.718s] -- Added test 'pep257' to check Python code against some of the style conventions in PEP 257
[0.718s] -- Added test 'xmllint' to check XML markup files
[0.719s] -- Configuring done
[0.719s] -- Generating done
[0.719s] -- Build files have been written to: /home/ohj/mecanum-ros2/build/mecanum_bringup
[0.725s] Invoked command in '/home/ohj/mecanum-ros2/build/mecanum_bringup' returned '0': CMAKE_PREFIX_PATH=${CMAKE_PREFIX_PATH}:/opt/ros/galactic /usr/bin/cmake /home/ohj/mecanum-ros2/src/mecanum_bringup -DCMAKE_INSTALL_PREFIX=/home/ohj/mecanum-ros2/install/mecanum_bringup
[0.728s] Invoking command in '/home/ohj/mecanum-ros2/build/mecanum_bringup': CMAKE_PREFIX_PATH=${CMAKE_PREFIX_PATH}:/opt/ros/galactic /usr/bin/cmake --build /home/ohj/mecanum-ros2/build/mecanum_bringup -- -j16 -l16
[0.761s] Invoked command in '/home/ohj/mecanum-ros2/build/mecanum_bringup' returned '0': CMAKE_PREFIX_PATH=${CMAKE_PREFIX_PATH}:/opt/ros/galactic /usr/bin/cmake --build /home/ohj/mecanum-ros2/build/mecanum_bringup -- -j16 -l16
[0.788s] Invoking command in '/home/ohj/mecanum-ros2/build/mecanum_bringup': CMAKE_PREFIX_PATH=${CMAKE_PREFIX_PATH}:/opt/ros/galactic /usr/bin/cmake --install /home/ohj/mecanum-ros2/build/mecanum_bringup
[0.795s] -- Install configuration: ""
[0.795s] -- Installing: /home/ohj/mecanum-ros2/install/mecanum_bringup/share/mecanum_bringup/launch
[0.795s] -- Installing: /home/ohj/mecanum-ros2/install/mecanum_bringup/share/mecanum_bringup/launch/mecanum_state_publisher.launch.py
[0.795s] -- Installing: /home/ohj/mecanum-ros2/install/mecanum_bringup/share/mecanum_bringup/launch/mecanum.launch.py
[0.795s] -- Installing: /home/ohj/mecanum-ros2/install/mecanum_bringup/share/mecanum_bringup/launch/mecanum_rviz_view.launch.py
[0.796s] -- Installing: /home/ohj/mecanum-ros2/install/mecanum_bringup/share/mecanum_bringup/config
[0.796s] -- Installing: /home/ohj/mecanum-ros2/install/mecanum_bringup/share/mecanum_bringup/config/mecanum_rviz_view.rviz
[0.796s] -- Installing: /home/ohj/mecanum-ros2/install/mecanum_bringup/share/mecanum_bringup/config/config.rviz
[0.797s] -- Installing: /home/ohj/mecanum-ros2/install/mecanum_bringup/share/ament_index/resource_index/package_run_dependencies/mecanum_bringup
[0.797s] -- Installing: /home/ohj/mecanum-ros2/install/mecanum_bringup/share/ament_index/resource_index/parent_prefix_path/mecanum_bringup
[0.797s] -- Installing: /home/ohj/mecanum-ros2/install/mecanum_bringup/share/mecanum_bringup/environment/ament_prefix_path.sh
[0.797s] -- Installing: /home/ohj/mecanum-ros2/install/mecanum_bringup/share/mecanum_bringup/environment/ament_prefix_path.dsv
[0.797s] -- Installing: /home/ohj/mecanum-ros2/install/mecanum_bringup/share/mecanum_bringup/environment/path.sh
[0.797s] -- Installing: /home/ohj/mecanum-ros2/install/mecanum_bringup/share/mecanum_bringup/environment/path.dsv
[0.797s] -- Installing: /home/ohj/mecanum-ros2/install/mecanum_bringup/share/mecanum_bringup/local_setup.bash
[0.797s] -- Installing: /home/ohj/mecanum-ros2/install/mecanum_bringup/share/mecanum_bringup/local_setup.sh
[0.798s] -- Installing: /home/ohj/mecanum-ros2/install/mecanum_bringup/share/mecanum_bringup/local_setup.zsh
[0.798s] -- Installing: /home/ohj/mecanum-ros2/install/mecanum_bringup/share/mecanum_bringup/local_setup.dsv
[0.798s] -- Installing: /home/ohj/mecanum-ros2/install/mecanum_bringup/share/mecanum_bringup/package.dsv
[0.798s] -- Installing: /home/ohj/mecanum-ros2/install/mecanum_bringup/share/ament_index/resource_index/packages/mecanum_bringup
[0.798s] -- Installing: /home/ohj/mecanum-ros2/install/mecanum_bringup/share/mecanum_bringup/cmake/mecanum_bringupConfig.cmake
[0.798s] -- Installing: /home/ohj/mecanum-ros2/install/mecanum_bringup/share/mecanum_bringup/cmake/mecanum_bringupConfig-version.cmake
[0.798s] -- Installing: /home/ohj/mecanum-ros2/install/mecanum_bringup/share/mecanum_bringup/package.xml
[0.801s] Invoked command in '/home/ohj/mecanum-ros2/build/mecanum_bringup' returned '0': CMAKE_PREFIX_PATH=${CMAKE_PREFIX_PATH}:/opt/ros/galactic /usr/bin/cmake --install /home/ohj/mecanum-ros2/build/mecanum_bringup
