[0.658s] Invoking command in '/home/ohj/mecanum-ros2/build/ydlidar_ros2_driver': CMAKE_PREFIX_PATH=/opt/ros/galactic /usr/bin/cmake --build /home/ohj/mecanum-ros2/build/ydlidar_ros2_driver -- -j20 -l20
[0.691s] [ 50%] Built target ydlidar_ros2_driver_client
[0.691s] [100%] Built target ydlidar_ros2_driver_node
[0.701s] Invoked command in '/home/ohj/mecanum-ros2/build/ydlidar_ros2_driver' returned '0': CMAKE_PREFIX_PATH=/opt/ros/galactic /usr/bin/cmake --build /home/ohj/mecanum-ros2/build/ydlidar_ros2_driver -- -j20 -l20
[0.787s] Invoking command in '/home/ohj/mecanum-ros2/build/ydlidar_ros2_driver': CMAKE_PREFIX_PATH=/opt/ros/galactic /usr/bin/cmake --install /home/ohj/mecanum-ros2/build/ydlidar_ros2_driver
[0.808s] -- Install configuration: ""
[0.811s] -- Installing: /home/ohj/mecanum-ros2/install/ydlidar_ros2_driver/lib/ydlidar_ros2_driver/ydlidar_ros2_driver_node
[0.811s] -- Set runtime path of "/home/ohj/mecanum-ros2/install/ydlidar_ros2_driver/lib/ydlidar_ros2_driver/ydlidar_ros2_driver_node" to ""
[0.811s] -- Installing: /home/ohj/mecanum-ros2/install/ydlidar_ros2_driver/lib/ydlidar_ros2_driver/ydlidar_ros2_driver_client
[0.811s] -- Set runtime path of "/home/ohj/mecanum-ros2/install/ydlidar_ros2_driver/lib/ydlidar_ros2_driver/ydlidar_ros2_driver_client" to ""
[0.811s] -- Installing: /home/ohj/mecanum-ros2/install/ydlidar_ros2_driver/share/ydlidar_ros2_driver/launch
[0.811s] -- Installing: /home/ohj/mecanum-ros2/install/ydlidar_ros2_driver/share/ydlidar_ros2_driver/launch/ydlidar_launch.py
[0.811s] -- Installing: /home/ohj/mecanum-ros2/install/ydlidar_ros2_driver/share/ydlidar_ros2_driver/launch/ydlidar_launch_view.py
[0.811s] -- Installing: /home/ohj/mecanum-ros2/install/ydlidar_ros2_driver/share/ydlidar_ros2_driver/launch/ydlidar.py
[0.811s] -- Installing: /home/ohj/mecanum-ros2/install/ydlidar_ros2_driver/share/ydlidar_ros2_driver/params
[0.811s] -- Installing: /home/ohj/mecanum-ros2/install/ydlidar_ros2_driver/share/ydlidar_ros2_driver/params/ydlidar.yaml
[0.811s] -- Installing: /home/ohj/mecanum-ros2/install/ydlidar_ros2_driver/share/ydlidar_ros2_driver/startup
[0.812s] -- Installing: /home/ohj/mecanum-ros2/install/ydlidar_ros2_driver/share/ydlidar_ros2_driver/startup/initenv.sh
[0.812s] -- Installing: /home/ohj/mecanum-ros2/install/ydlidar_ros2_driver/share/ydlidar_ros2_driver/config
[0.812s] -- Installing: /home/ohj/mecanum-ros2/install/ydlidar_ros2_driver/share/ydlidar_ros2_driver/config/ydlidar.rviz
[0.812s] -- Installing: /home/ohj/mecanum-ros2/install/ydlidar_ros2_driver/share/ament_index/resource_index/package_run_dependencies/ydlidar_ros2_driver
[0.812s] -- Installing: /home/ohj/mecanum-ros2/install/ydlidar_ros2_driver/share/ament_index/resource_index/parent_prefix_path/ydlidar_ros2_driver
[0.812s] -- Installing: /home/ohj/mecanum-ros2/install/ydlidar_ros2_driver/share/ydlidar_ros2_driver/environment/ament_prefix_path.sh
[0.812s] -- Installing: /home/ohj/mecanum-ros2/install/ydlidar_ros2_driver/share/ydlidar_ros2_driver/environment/ament_prefix_path.dsv
[0.812s] -- Installing: /home/ohj/mecanum-ros2/install/ydlidar_ros2_driver/share/ydlidar_ros2_driver/environment/path.sh
[0.812s] -- Installing: /home/ohj/mecanum-ros2/install/ydlidar_ros2_driver/share/ydlidar_ros2_driver/environment/path.dsv
[0.812s] -- Installing: /home/ohj/mecanum-ros2/install/ydlidar_ros2_driver/share/ydlidar_ros2_driver/local_setup.bash
[0.812s] -- Installing: /home/ohj/mecanum-ros2/install/ydlidar_ros2_driver/share/ydlidar_ros2_driver/local_setup.sh
[0.812s] -- Installing: /home/ohj/mecanum-ros2/install/ydlidar_ros2_driver/share/ydlidar_ros2_driver/local_setup.zsh
[0.812s] -- Installing: /home/ohj/mecanum-ros2/install/ydlidar_ros2_driver/share/ydlidar_ros2_driver/local_setup.dsv
[0.812s] -- Installing: /home/ohj/mecanum-ros2/install/ydlidar_ros2_driver/share/ydlidar_ros2_driver/package.dsv
[0.813s] -- Installing: /home/ohj/mecanum-ros2/install/ydlidar_ros2_driver/share/ament_index/resource_index/packages/ydlidar_ros2_driver
[0.813s] -- Installing: /home/ohj/mecanum-ros2/install/ydlidar_ros2_driver/share/ydlidar_ros2_driver/cmake/ydlidar_ros2_driverConfig.cmake
[0.813s] -- Installing: /home/ohj/mecanum-ros2/install/ydlidar_ros2_driver/share/ydlidar_ros2_driver/cmake/ydlidar_ros2_driverConfig-version.cmake
[0.813s] -- Installing: /home/ohj/mecanum-ros2/install/ydlidar_ros2_driver/share/ydlidar_ros2_driver/package.xml
[0.824s] Invoked command in '/home/ohj/mecanum-ros2/build/ydlidar_ros2_driver' returned '0': CMAKE_PREFIX_PATH=/opt/ros/galactic /usr/bin/cmake --install /home/ohj/mecanum-ros2/build/ydlidar_ros2_driver
