[5.024s] Invoking command in '/home/jetson/mecanum-ros2/src/mecanum_odometry': PYTHONPATH=/home/jetson/mecanum-ros2/build/mecanum_odometry/prefix_override:/home/jetson/mecanum-ros2/install/mecanum_odometry/lib/python3.8/site-packages:${PYTHONPATH} /usr/bin/python3 setup.py egg_info --egg-base ../../build/mecanum_odometry build --build-base /home/jetson/mecanum-ros2/build/mecanum_odometry/build install --record /home/jetson/mecanum-ros2/build/mecanum_odometry/install.log --single-version-externally-managed
[6.780s] running egg_info
[6.784s] creating ../../build/mecanum_odometry/mecanum_odometry.egg-info
[6.785s] writing ../../build/mecanum_odometry/mecanum_odometry.egg-info/PKG-INFO
[6.787s] writing dependency_links to ../../build/mecanum_odometry/mecanum_odometry.egg-info/dependency_links.txt
[6.789s] writing entry points to ../../build/mecanum_odometry/mecanum_odometry.egg-info/entry_points.txt
[6.790s] writing requirements to ../../build/mecanum_odometry/mecanum_odometry.egg-info/requires.txt
[6.792s] writing top-level names to ../../build/mecanum_odometry/mecanum_odometry.egg-info/top_level.txt
[6.871s] writing manifest file '../../build/mecanum_odometry/mecanum_odometry.egg-info/SOURCES.txt'
[6.883s] reading manifest file '../../build/mecanum_odometry/mecanum_odometry.egg-info/SOURCES.txt'
[6.887s] writing manifest file '../../build/mecanum_odometry/mecanum_odometry.egg-info/SOURCES.txt'
[6.888s] running build
[6.888s] running build_py
[6.889s] creating /home/jetson/mecanum-ros2/build/mecanum_odometry/build
[6.889s] creating /home/jetson/mecanum-ros2/build/mecanum_odometry/build/lib
[6.891s] creating /home/jetson/mecanum-ros2/build/mecanum_odometry/build/lib/mecanum_odometry
[6.895s] copying mecanum_odometry/__init__.py -> /home/jetson/mecanum-ros2/build/mecanum_odometry/build/lib/mecanum_odometry
[6.897s] copying mecanum_odometry/odom_publisher.py -> /home/jetson/mecanum-ros2/build/mecanum_odometry/build/lib/mecanum_odometry
[6.898s] copying mecanum_odometry/time_test.py -> /home/jetson/mecanum-ros2/build/mecanum_odometry/build/lib/mecanum_odometry
[6.900s] running install
[6.905s] running install_lib
[6.910s] creating /home/jetson/mecanum-ros2/install/mecanum_odometry/lib/python3.8/site-packages/mecanum_odometry
[6.911s] copying /home/jetson/mecanum-ros2/build/mecanum_odometry/build/lib/mecanum_odometry/__init__.py -> /home/jetson/mecanum-ros2/install/mecanum_odometry/lib/python3.8/site-packages/mecanum_odometry
[6.912s] copying /home/jetson/mecanum-ros2/build/mecanum_odometry/build/lib/mecanum_odometry/odom_publisher.py -> /home/jetson/mecanum-ros2/install/mecanum_odometry/lib/python3.8/site-packages/mecanum_odometry
[6.914s] copying /home/jetson/mecanum-ros2/build/mecanum_odometry/build/lib/mecanum_odometry/time_test.py -> /home/jetson/mecanum-ros2/install/mecanum_odometry/lib/python3.8/site-packages/mecanum_odometry
[6.917s] byte-compiling /home/jetson/mecanum-ros2/install/mecanum_odometry/lib/python3.8/site-packages/mecanum_odometry/__init__.py to __init__.cpython-38.pyc
[6.918s] byte-compiling /home/jetson/mecanum-ros2/install/mecanum_odometry/lib/python3.8/site-packages/mecanum_odometry/odom_publisher.py to odom_publisher.cpython-38.pyc
[6.924s] byte-compiling /home/jetson/mecanum-ros2/install/mecanum_odometry/lib/python3.8/site-packages/mecanum_odometry/time_test.py to time_test.cpython-38.pyc
[6.925s] running install_data
[6.928s] creating /home/jetson/mecanum-ros2/install/mecanum_odometry/share/ament_index
[6.929s] creating /home/jetson/mecanum-ros2/install/mecanum_odometry/share/ament_index/resource_index
[6.930s] creating /home/jetson/mecanum-ros2/install/mecanum_odometry/share/ament_index/resource_index/packages
[6.931s] copying resource/mecanum_odometry -> /home/jetson/mecanum-ros2/install/mecanum_odometry/share/ament_index/resource_index/packages
[6.933s] copying package.xml -> /home/jetson/mecanum-ros2/install/mecanum_odometry/share/mecanum_odometry
[6.934s] creating /home/jetson/mecanum-ros2/install/mecanum_odometry/share/mecanum_odometry/launch
[6.935s] copying launch/mecanum_localization.launch.py -> /home/jetson/mecanum-ros2/install/mecanum_odometry/share/mecanum_odometry/launch
[6.937s] creating /home/jetson/mecanum-ros2/install/mecanum_odometry/share/mecanum_odometry/param
[6.938s] copying param/ekf.yaml -> /home/jetson/mecanum-ros2/install/mecanum_odometry/share/mecanum_odometry/param
[6.939s] running install_egg_info
[6.947s] Copying ../../build/mecanum_odometry/mecanum_odometry.egg-info to /home/jetson/mecanum-ros2/install/mecanum_odometry/lib/python3.8/site-packages/mecanum_odometry-0.0.0-py3.8.egg-info
[6.952s] running install_scripts
[7.040s] Installing odom_publisher script to /home/jetson/mecanum-ros2/install/mecanum_odometry/lib/mecanum_odometry
[7.041s] Installing time_test script to /home/jetson/mecanum-ros2/install/mecanum_odometry/lib/mecanum_odometry
[7.042s] writing list of installed files to '/home/jetson/mecanum-ros2/build/mecanum_odometry/install.log'
[8.527s] Invoked command in '/home/jetson/mecanum-ros2/src/mecanum_odometry' returned '0': PYTHONPATH=/home/jetson/mecanum-ros2/build/mecanum_odometry/prefix_override:/home/jetson/mecanum-ros2/install/mecanum_odometry/lib/python3.8/site-packages:${PYTHONPATH} /usr/bin/python3 setup.py egg_info --egg-base ../../build/mecanum_odometry build --build-base /home/jetson/mecanum-ros2/build/mecanum_odometry/build install --record /home/jetson/mecanum-ros2/build/mecanum_odometry/install.log --single-version-externally-managed
