[0.061s] Invoking command in '/home/ohj/mecanum-ros2/build/dynamixel_sdk': CMAKE_PREFIX_PATH=${CMAKE_PREFIX_PATH}:/home/ohj/mecanum-ros2/install/teleop_keyboard:/home/ohj/mecanum-ros2/install/motor_control:/home/ohj/mecanum-ros2/install/mobile_description:/home/ohj/mecanum-ros2/install/mecanum_odometry:/home/ohj/mecanum-ros2/install/mecanum_cartographer:/home/ohj/mecanum-ros2/install/manipulator:/home/ohj/navigation2/install/nav2_simple_commander:/home/ohj/navigation2/install/nav2_gazebo_spawner:/opt/ros/galactic /usr/bin/cmake /home/ohj/mecanum-ros2/src/DynamixelSDK/dynamixel_sdk -DCMAKE_INSTALL_PREFIX=/home/ohj/mecanum-ros2/install/dynamixel_sdk
[0.774s] -- The C compiler identification is GNU 9.4.0
[0.774s] -- The CXX compiler identification is GNU 9.4.0
[0.774s] -- Check for working C compiler: /usr/bin/cc
[0.774s] -- Check for working C compiler: /usr/bin/cc -- works
[0.775s] -- Detecting C compiler ABI info
[0.775s] -- Detecting C compiler ABI info - done
[0.775s] -- Detecting C compile features
[0.775s] -- Detecting C compile features - done
[0.775s] -- Check for working CXX compiler: /usr/bin/c++
[0.775s] -- Check for working CXX compiler: /usr/bin/c++ -- works
[0.775s] -- Detecting CXX compiler ABI info
[0.775s] -- Detecting CXX compiler ABI info - done
[0.775s] -- Detecting CXX compile features
[0.775s] -- Detecting CXX compile features - done
[0.775s] -- Found ament_cmake: 1.1.6 (/opt/ros/galactic/share/ament_cmake/cmake)
[0.775s] -- Found PythonInterp: /usr/bin/python3 (found suitable version "3.8.10", minimum required is "3") 
[0.775s] -- Using PYTHON_EXECUTABLE: /usr/bin/python3
[0.775s] -- Configuring done
[0.775s] -- Generating done
[0.775s] -- Build files have been written to: /home/ohj/mecanum-ros2/build/dynamixel_sdk
[0.778s] Invoked command in '/home/ohj/mecanum-ros2/build/dynamixel_sdk' returned '0': CMAKE_PREFIX_PATH=${CMAKE_PREFIX_PATH}:/home/ohj/mecanum-ros2/install/teleop_keyboard:/home/ohj/mecanum-ros2/install/motor_control:/home/ohj/mecanum-ros2/install/mobile_description:/home/ohj/mecanum-ros2/install/mecanum_odometry:/home/ohj/mecanum-ros2/install/mecanum_cartographer:/home/ohj/mecanum-ros2/install/manipulator:/home/ohj/navigation2/install/nav2_simple_commander:/home/ohj/navigation2/install/nav2_gazebo_spawner:/opt/ros/galactic /usr/bin/cmake /home/ohj/mecanum-ros2/src/DynamixelSDK/dynamixel_sdk -DCMAKE_INSTALL_PREFIX=/home/ohj/mecanum-ros2/install/dynamixel_sdk
[0.780s] Invoking command in '/home/ohj/mecanum-ros2/build/dynamixel_sdk': CMAKE_PREFIX_PATH=${CMAKE_PREFIX_PATH}:/home/ohj/mecanum-ros2/install/teleop_keyboard:/home/ohj/mecanum-ros2/install/motor_control:/home/ohj/mecanum-ros2/install/mobile_description:/home/ohj/mecanum-ros2/install/mecanum_odometry:/home/ohj/mecanum-ros2/install/mecanum_cartographer:/home/ohj/mecanum-ros2/install/manipulator:/home/ohj/navigation2/install/nav2_simple_commander:/home/ohj/navigation2/install/nav2_gazebo_spawner:/opt/ros/galactic /usr/bin/cmake --build /home/ohj/mecanum-ros2/build/dynamixel_sdk -- -j20 -l20
[0.812s] [35m[1mScanning dependencies of target dynamixel_sdk[0m
[0.825s] [ 10%] [32mBuilding CXX object CMakeFiles/dynamixel_sdk.dir/src/dynamixel_sdk/group_bulk_read.cpp.o[0m
[0.826s] [ 30%] [32mBuilding CXX object CMakeFiles/dynamixel_sdk.dir/src/dynamixel_sdk/protocol2_packet_handler.cpp.o[0m
[0.826s] [ 30%] [32mBuilding CXX object CMakeFiles/dynamixel_sdk.dir/src/dynamixel_sdk/group_sync_read.cpp.o[0m
[0.826s] [ 40%] [32mBuilding CXX object CMakeFiles/dynamixel_sdk.dir/src/dynamixel_sdk/protocol1_packet_handler.cpp.o[0m
[0.826s] [ 50%] [32mBuilding CXX object CMakeFiles/dynamixel_sdk.dir/src/dynamixel_sdk/group_sync_write.cpp.o[0m
[0.826s] [ 60%] [32mBuilding CXX object CMakeFiles/dynamixel_sdk.dir/src/dynamixel_sdk/group_bulk_write.cpp.o[0m
[0.827s] [ 70%] [32mBuilding CXX object CMakeFiles/dynamixel_sdk.dir/src/dynamixel_sdk/port_handler.cpp.o[0m
[0.827s] [ 80%] [32mBuilding CXX object CMakeFiles/dynamixel_sdk.dir/src/dynamixel_sdk/packet_handler.cpp.o[0m
[0.827s] [ 90%] [32mBuilding CXX object CMakeFiles/dynamixel_sdk.dir/src/dynamixel_sdk/port_handler_linux.cpp.o[0m
[1.416s] [100%] [32m[1mLinking CXX shared library libdynamixel_sdk.so[0m
[1.487s] [100%] Built target dynamixel_sdk
[1.496s] Invoked command in '/home/ohj/mecanum-ros2/build/dynamixel_sdk' returned '0': CMAKE_PREFIX_PATH=${CMAKE_PREFIX_PATH}:/home/ohj/mecanum-ros2/install/teleop_keyboard:/home/ohj/mecanum-ros2/install/motor_control:/home/ohj/mecanum-ros2/install/mobile_description:/home/ohj/mecanum-ros2/install/mecanum_odometry:/home/ohj/mecanum-ros2/install/mecanum_cartographer:/home/ohj/mecanum-ros2/install/manipulator:/home/ohj/navigation2/install/nav2_simple_commander:/home/ohj/navigation2/install/nav2_gazebo_spawner:/opt/ros/galactic /usr/bin/cmake --build /home/ohj/mecanum-ros2/build/dynamixel_sdk -- -j20 -l20
[1.534s] Invoking command in '/home/ohj/mecanum-ros2/build/dynamixel_sdk': CMAKE_PREFIX_PATH=${CMAKE_PREFIX_PATH}:/home/ohj/mecanum-ros2/install/teleop_keyboard:/home/ohj/mecanum-ros2/install/motor_control:/home/ohj/mecanum-ros2/install/mobile_description:/home/ohj/mecanum-ros2/install/mecanum_odometry:/home/ohj/mecanum-ros2/install/mecanum_cartographer:/home/ohj/mecanum-ros2/install/manipulator:/home/ohj/navigation2/install/nav2_simple_commander:/home/ohj/navigation2/install/nav2_gazebo_spawner:/opt/ros/galactic /usr/bin/cmake --install /home/ohj/mecanum-ros2/build/dynamixel_sdk
[1.540s] -- Install configuration: ""
[1.540s] -- Installing: /home/ohj/mecanum-ros2/install/dynamixel_sdk/include/
[1.540s] -- Installing: /home/ohj/mecanum-ros2/install/dynamixel_sdk/include//dynamixel_sdk
[1.540s] -- Installing: /home/ohj/mecanum-ros2/install/dynamixel_sdk/include//dynamixel_sdk/port_handler_windows.h
[1.540s] -- Installing: /home/ohj/mecanum-ros2/install/dynamixel_sdk/include//dynamixel_sdk/protocol1_packet_handler.h
[1.540s] -- Installing: /home/ohj/mecanum-ros2/install/dynamixel_sdk/include//dynamixel_sdk/group_sync_write.h
[1.541s] -- Installing: /home/ohj/mecanum-ros2/install/dynamixel_sdk/include//dynamixel_sdk/port_handler_mac.h
[1.541s] -- Installing: /home/ohj/mecanum-ros2/install/dynamixel_sdk/include//dynamixel_sdk/group_bulk_write.h
[1.541s] -- Installing: /home/ohj/mecanum-ros2/install/dynamixel_sdk/include//dynamixel_sdk/protocol2_packet_handler.h
[1.541s] -- Installing: /home/ohj/mecanum-ros2/install/dynamixel_sdk/include//dynamixel_sdk/packet_handler.h
[1.541s] -- Installing: /home/ohj/mecanum-ros2/install/dynamixel_sdk/include//dynamixel_sdk/dynamixel_sdk.h
[1.541s] -- Installing: /home/ohj/mecanum-ros2/install/dynamixel_sdk/include//dynamixel_sdk/port_handler.h
[1.541s] -- Installing: /home/ohj/mecanum-ros2/install/dynamixel_sdk/include//dynamixel_sdk/group_sync_read.h
[1.541s] -- Installing: /home/ohj/mecanum-ros2/install/dynamixel_sdk/include//dynamixel_sdk/port_handler_linux.h
[1.541s] -- Installing: /home/ohj/mecanum-ros2/install/dynamixel_sdk/include//dynamixel_sdk/group_bulk_read.h
[1.541s] -- Installing: /home/ohj/mecanum-ros2/install/dynamixel_sdk/include//dynamixel_sdk/port_handler_arduino.h
[1.541s] -- Installing: /home/ohj/mecanum-ros2/install/dynamixel_sdk/lib/libdynamixel_sdk.so
[1.541s] -- Installing: /home/ohj/mecanum-ros2/install/dynamixel_sdk/share/dynamixel_sdk/environment/library_path.sh
[1.541s] -- Installing: /home/ohj/mecanum-ros2/install/dynamixel_sdk/share/dynamixel_sdk/environment/library_path.dsv
[1.541s] -- Installing: /home/ohj/mecanum-ros2/install/dynamixel_sdk/share/ament_index/resource_index/package_run_dependencies/dynamixel_sdk
[1.542s] -- Installing: /home/ohj/mecanum-ros2/install/dynamixel_sdk/share/ament_index/resource_index/parent_prefix_path/dynamixel_sdk
[1.542s] -- Installing: /home/ohj/mecanum-ros2/install/dynamixel_sdk/share/dynamixel_sdk/environment/ament_prefix_path.sh
[1.542s] -- Installing: /home/ohj/mecanum-ros2/install/dynamixel_sdk/share/dynamixel_sdk/environment/ament_prefix_path.dsv
[1.542s] -- Installing: /home/ohj/mecanum-ros2/install/dynamixel_sdk/share/dynamixel_sdk/environment/path.sh
[1.542s] -- Installing: /home/ohj/mecanum-ros2/install/dynamixel_sdk/share/dynamixel_sdk/environment/path.dsv
[1.542s] -- Installing: /home/ohj/mecanum-ros2/install/dynamixel_sdk/share/dynamixel_sdk/local_setup.bash
[1.542s] -- Installing: /home/ohj/mecanum-ros2/install/dynamixel_sdk/share/dynamixel_sdk/local_setup.sh
[1.542s] -- Installing: /home/ohj/mecanum-ros2/install/dynamixel_sdk/share/dynamixel_sdk/local_setup.zsh
[1.542s] -- Installing: /home/ohj/mecanum-ros2/install/dynamixel_sdk/share/dynamixel_sdk/local_setup.dsv
[1.542s] -- Installing: /home/ohj/mecanum-ros2/install/dynamixel_sdk/share/dynamixel_sdk/package.dsv
[1.542s] -- Installing: /home/ohj/mecanum-ros2/install/dynamixel_sdk/share/ament_index/resource_index/packages/dynamixel_sdk
[1.542s] -- Installing: /home/ohj/mecanum-ros2/install/dynamixel_sdk/share/dynamixel_sdk/cmake/ament_cmake_export_include_directories-extras.cmake
[1.542s] -- Installing: /home/ohj/mecanum-ros2/install/dynamixel_sdk/share/dynamixel_sdk/cmake/ament_cmake_export_libraries-extras.cmake
[1.542s] -- Installing: /home/ohj/mecanum-ros2/install/dynamixel_sdk/share/dynamixel_sdk/cmake/dynamixel_sdkConfig.cmake
[1.542s] -- Installing: /home/ohj/mecanum-ros2/install/dynamixel_sdk/share/dynamixel_sdk/cmake/dynamixel_sdkConfig-version.cmake
[1.543s] -- Installing: /home/ohj/mecanum-ros2/install/dynamixel_sdk/share/dynamixel_sdk/package.xml
[1.546s] Invoked command in '/home/ohj/mecanum-ros2/build/dynamixel_sdk' returned '0': CMAKE_PREFIX_PATH=${CMAKE_PREFIX_PATH}:/home/ohj/mecanum-ros2/install/teleop_keyboard:/home/ohj/mecanum-ros2/install/motor_control:/home/ohj/mecanum-ros2/install/mobile_description:/home/ohj/mecanum-ros2/install/mecanum_odometry:/home/ohj/mecanum-ros2/install/mecanum_cartographer:/home/ohj/mecanum-ros2/install/manipulator:/home/ohj/navigation2/install/nav2_simple_commander:/home/ohj/navigation2/install/nav2_gazebo_spawner:/opt/ros/galactic /usr/bin/cmake --install /home/ohj/mecanum-ros2/build/dynamixel_sdk
