[0.428s] Invoking command in '/home/jetson/mecanum-ros2/build/dynamixel_sdk_examples': AMENT_PREFIX_PATH=/home/jetson/mecanum-ros2/install/dynamixel_sdk_custom_interfaces:/home/jetson/mecanum-ros2/install/dynamixel_sdk:${AMENT_PREFIX_PATH} CMAKE_PREFIX_PATH=/home/jetson/mecanum-ros2/install/dynamixel_sdk_custom_interfaces:/home/jetson/mecanum-ros2/install/dynamixel_sdk:/home/jetson/mecanum-ros2/install/ydlidar_ros2_driver:/home/jetson/mecanum-ros2/install/stella_ahrs:/home/jetson/mecanum-ros2/install/mecanum_bringup:/home/jetson/mecanum-ros2/install/teleop_keyboard:/home/jetson/mecanum-ros2/install/motor_control:/home/jetson/mecanum-ros2/install/mobile_description:/home/jetson/mecanum-ros2/install/mecanum_odometry:/opt/ros/galactic LD_LIBRARY_PATH=/home/jetson/mecanum-ros2/install/dynamixel_sdk_custom_interfaces/lib:/home/jetson/mecanum-ros2/install/dynamixel_sdk/lib:${LD_LIBRARY_PATH} PYTHONPATH=/home/jetson/mecanum-ros2/install/dynamixel_sdk_custom_interfaces/lib/python3.8/site-packages:${PYTHONPATH} /usr/bin/cmake /home/jetson/mecanum-ros2/src/DynamixelSDK/dynamixel_sdk_examples -DCMAKE_INSTALL_PREFIX=/home/jetson/mecanum-ros2/install/dynamixel_sdk_examples
[1.330s] -- The C compiler identification is GNU 8.4.0
[2.129s] -- The CXX compiler identification is GNU 8.4.0
[2.238s] -- Check for working C compiler: /usr/bin/cc
[3.363s] -- Check for working C compiler: /usr/bin/cc -- works
[3.393s] -- Detecting C compiler ABI info
[4.406s] -- Detecting C compiler ABI info - done
[4.635s] -- Detecting C compile features
[4.643s] -- Detecting C compile features - done
[4.688s] -- Check for working CXX compiler: /usr/bin/c++
[5.763s] -- Check for working CXX compiler: /usr/bin/c++ -- works
[5.786s] -- Detecting CXX compiler ABI info
[6.954s] -- Detecting CXX compiler ABI info - done
[7.200s] -- Detecting CXX compile features
[7.211s] -- Detecting CXX compile features - done
[7.282s] -- Found ament_cmake: 1.1.6 (/opt/ros/galactic/share/ament_cmake/cmake)
[7.761s] -- Found PythonInterp: /usr/bin/python3 (found suitable version "3.8.10", minimum required is "3") 
[7.763s] -- Using PYTHON_EXECUTABLE: /usr/bin/python3
[9.486s] -- Found dynamixel_sdk: 3.7.40 (/home/jetson/mecanum-ros2/install/dynamixel_sdk/share/dynamixel_sdk/cmake)
[9.526s] -- Found dynamixel_sdk_custom_interfaces: 3.7.40 (/home/jetson/mecanum-ros2/install/dynamixel_sdk_custom_interfaces/share/dynamixel_sdk_custom_interfaces/cmake)
[10.289s] -- Using all available rosidl_typesupport_c: rosidl_typesupport_fastrtps_c;rosidl_typesupport_introspection_c
[10.494s] -- Found rosidl_adapter: 2.2.3 (/opt/ros/galactic/share/rosidl_adapter/cmake)
[12.429s] -- Found OpenSSL: /usr/lib/aarch64-linux-gnu/libcrypto.so (found version "1.1.1f")  
[12.998s] -- Found FastRTPS: /opt/ros/galactic/include  
[14.770s] -- Using all available rosidl_typesupport_cpp: rosidl_typesupport_fastrtps_cpp;rosidl_typesupport_introspection_cpp
[15.811s] -- Found rclcpp: 9.2.2 (/opt/ros/galactic/share/rclcpp/cmake)
[17.175s] -- Found rmw_implementation_cmake: 3.3.1 (/opt/ros/galactic/share/rmw_implementation_cmake/cmake)
[17.257s] -- Found rmw_cyclonedds_cpp: 0.22.6 (/opt/ros/galactic/share/rmw_cyclonedds_cpp/cmake)
[17.700s] -- Using RMW implementation 'rmw_cyclonedds_cpp' as default
[17.715s] -- Looking for pthread.h
[18.900s] -- Looking for pthread.h - found
[18.909s] -- Performing Test CMAKE_HAVE_LIBC_PTHREAD
[20.074s] -- Performing Test CMAKE_HAVE_LIBC_PTHREAD - Failed
[20.077s] -- Looking for pthread_create in pthreads
[21.008s] -- Looking for pthread_create in pthreads - not found
[21.018s] -- Looking for pthread_create in pthread
[22.174s] -- Looking for pthread_create in pthread - found
[22.189s] -- Found Threads: TRUE  
[25.309s] -- Found ament_lint_auto: 0.10.7 (/opt/ros/galactic/share/ament_lint_auto/cmake)
[26.776s] -- Added test 'copyright' to check source files copyright and LICENSE
[26.797s] -- Added test 'cppcheck' to perform static code analysis on C / C++ code
[26.803s] -- Configured cppcheck include dirs: /home/jetson/mecanum-ros2/src/DynamixelSDK/dynamixel_sdk_examples/include
[26.805s] -- Configured cppcheck exclude dirs and/or files: 
[26.823s] -- Added test 'cpplint' to check C / C++ code against the Google style
[26.824s] -- Configured cpplint exclude dirs and/or files: 
[26.836s] -- Added test 'lint_cmake' to check CMake code style
[26.862s] -- Added test 'uncrustify' to check C / C++ code style
[26.864s] -- Configured uncrustify additional arguments: 
[26.872s] -- Added test 'xmllint' to check XML markup files
[26.930s] -- Configuring done
[27.057s] -- Generating done
[27.080s] -- Build files have been written to: /home/jetson/mecanum-ros2/build/dynamixel_sdk_examples
[27.190s] Invoked command in '/home/jetson/mecanum-ros2/build/dynamixel_sdk_examples' returned '0': AMENT_PREFIX_PATH=/home/jetson/mecanum-ros2/install/dynamixel_sdk_custom_interfaces:/home/jetson/mecanum-ros2/install/dynamixel_sdk:${AMENT_PREFIX_PATH} CMAKE_PREFIX_PATH=/home/jetson/mecanum-ros2/install/dynamixel_sdk_custom_interfaces:/home/jetson/mecanum-ros2/install/dynamixel_sdk:/home/jetson/mecanum-ros2/install/ydlidar_ros2_driver:/home/jetson/mecanum-ros2/install/stella_ahrs:/home/jetson/mecanum-ros2/install/mecanum_bringup:/home/jetson/mecanum-ros2/install/teleop_keyboard:/home/jetson/mecanum-ros2/install/motor_control:/home/jetson/mecanum-ros2/install/mobile_description:/home/jetson/mecanum-ros2/install/mecanum_odometry:/opt/ros/galactic LD_LIBRARY_PATH=/home/jetson/mecanum-ros2/install/dynamixel_sdk_custom_interfaces/lib:/home/jetson/mecanum-ros2/install/dynamixel_sdk/lib:${LD_LIBRARY_PATH} PYTHONPATH=/home/jetson/mecanum-ros2/install/dynamixel_sdk_custom_interfaces/lib/python3.8/site-packages:${PYTHONPATH} /usr/bin/cmake /home/jetson/mecanum-ros2/src/DynamixelSDK/dynamixel_sdk_examples -DCMAKE_INSTALL_PREFIX=/home/jetson/mecanum-ros2/install/dynamixel_sdk_examples
[27.203s] Invoking command in '/home/jetson/mecanum-ros2/build/dynamixel_sdk_examples': AMENT_PREFIX_PATH=/home/jetson/mecanum-ros2/install/dynamixel_sdk_custom_interfaces:/home/jetson/mecanum-ros2/install/dynamixel_sdk:${AMENT_PREFIX_PATH} CMAKE_PREFIX_PATH=/home/jetson/mecanum-ros2/install/dynamixel_sdk_custom_interfaces:/home/jetson/mecanum-ros2/install/dynamixel_sdk:/home/jetson/mecanum-ros2/install/ydlidar_ros2_driver:/home/jetson/mecanum-ros2/install/stella_ahrs:/home/jetson/mecanum-ros2/install/mecanum_bringup:/home/jetson/mecanum-ros2/install/teleop_keyboard:/home/jetson/mecanum-ros2/install/motor_control:/home/jetson/mecanum-ros2/install/mobile_description:/home/jetson/mecanum-ros2/install/mecanum_odometry:/opt/ros/galactic LD_LIBRARY_PATH=/home/jetson/mecanum-ros2/install/dynamixel_sdk_custom_interfaces/lib:/home/jetson/mecanum-ros2/install/dynamixel_sdk/lib:${LD_LIBRARY_PATH} PYTHONPATH=/home/jetson/mecanum-ros2/install/dynamixel_sdk_custom_interfaces/lib/python3.8/site-packages:${PYTHONPATH} /usr/bin/cmake --build /home/jetson/mecanum-ros2/build/dynamixel_sdk_examples -- -j4 -l4
[27.762s] [35m[1mScanning dependencies of target read_write_node[0m
[28.423s] [ 50%] [32mBuilding CXX object CMakeFiles/read_write_node.dir/src/read_write_node.cpp.o[0m
[119.413s] [100%] [32m[1mLinking CXX executable read_write_node[0m
[123.543s] [100%] Built target read_write_node
