[4.643s] Invoking command in '/home/jetson/mecanum-ros2/src/motor_control': PYTHONPATH=/home/jetson/mecanum-ros2/build/motor_control/prefix_override:/home/jetson/mecanum-ros2/install/motor_control/lib/python3.8/site-packages:${PYTHONPATH} /usr/bin/python3 setup.py egg_info --egg-base ../../build/motor_control build --build-base /home/jetson/mecanum-ros2/build/motor_control/build install --record /home/jetson/mecanum-ros2/build/motor_control/install.log --single-version-externally-managed
[5.897s] running egg_info
[5.899s] writing ../../build/motor_control/motor_control.egg-info/PKG-INFO
[5.901s] writing dependency_links to ../../build/motor_control/motor_control.egg-info/dependency_links.txt
[5.901s] writing entry points to ../../build/motor_control/motor_control.egg-info/entry_points.txt
[5.902s] writing requirements to ../../build/motor_control/motor_control.egg-info/requires.txt
[5.902s] writing top-level names to ../../build/motor_control/motor_control.egg-info/top_level.txt
[5.915s] reading manifest file '../../build/motor_control/motor_control.egg-info/SOURCES.txt'
[5.919s] writing manifest file '../../build/motor_control/motor_control.egg-info/SOURCES.txt'
[5.923s] running build
[5.923s] running build_py
[5.924s] running install
[5.927s] running install_lib
[5.932s] running install_data
[5.935s] copying param/motor_config.yaml -> /home/jetson/mecanum-ros2/install/motor_control/share/motor_control/param
[5.936s] running install_egg_info
[5.942s] removing '/home/jetson/mecanum-ros2/install/motor_control/lib/python3.8/site-packages/motor_control-0.0.0-py3.8.egg-info' (and everything under it)
[5.943s] Copying ../../build/motor_control/motor_control.egg-info to /home/jetson/mecanum-ros2/install/motor_control/lib/python3.8/site-packages/motor_control-0.0.0-py3.8.egg-info
[5.947s] running install_scripts
[6.023s] Installing motor_control script to /home/jetson/mecanum-ros2/install/motor_control/lib/motor_control
[6.025s] writing list of installed files to '/home/jetson/mecanum-ros2/build/motor_control/install.log'
[6.142s] Invoked command in '/home/jetson/mecanum-ros2/src/motor_control' returned '0': PYTHONPATH=/home/jetson/mecanum-ros2/build/motor_control/prefix_override:/home/jetson/mecanum-ros2/install/motor_control/lib/python3.8/site-packages:${PYTHONPATH} /usr/bin/python3 setup.py egg_info --egg-base ../../build/motor_control build --build-base /home/jetson/mecanum-ros2/build/motor_control/build install --record /home/jetson/mecanum-ros2/build/motor_control/install.log --single-version-externally-managed
