[1.082s] Invoking command in '/home/ohj/mecanum-ros2/src/mecanum_odometry': PYTHONPATH=/home/ohj/mecanum-ros2/build/mecanum_odometry/prefix_override:/home/ohj/mecanum-ros2/install/mecanum_odometry/lib/python3.8/site-packages:${PYTHONPATH} /usr/bin/python3 setup.py egg_info --egg-base ../../build/mecanum_odometry build --build-base /home/ohj/mecanum-ros2/build/mecanum_odometry/build install --record /home/ohj/mecanum-ros2/build/mecanum_odometry/install.log --single-version-externally-managed
[1.235s] running egg_info
[1.235s] creating ../../build/mecanum_odometry/mecanum_odometry.egg-info
[1.235s] writing ../../build/mecanum_odometry/mecanum_odometry.egg-info/PKG-INFO
[1.235s] writing dependency_links to ../../build/mecanum_odometry/mecanum_odometry.egg-info/dependency_links.txt
[1.235s] writing entry points to ../../build/mecanum_odometry/mecanum_odometry.egg-info/entry_points.txt
[1.235s] writing requirements to ../../build/mecanum_odometry/mecanum_odometry.egg-info/requires.txt
[1.235s] writing top-level names to ../../build/mecanum_odometry/mecanum_odometry.egg-info/top_level.txt
[1.236s] writing manifest file '../../build/mecanum_odometry/mecanum_odometry.egg-info/SOURCES.txt'
[1.258s] reading manifest file '../../build/mecanum_odometry/mecanum_odometry.egg-info/SOURCES.txt'
[1.259s] writing manifest file '../../build/mecanum_odometry/mecanum_odometry.egg-info/SOURCES.txt'
[1.259s] running build
[1.260s] running build_py
[1.260s] creating /home/ohj/mecanum-ros2/build/mecanum_odometry/build
[1.260s] creating /home/ohj/mecanum-ros2/build/mecanum_odometry/build/lib
[1.260s] creating /home/ohj/mecanum-ros2/build/mecanum_odometry/build/lib/mecanum_odometry
[1.260s] copying mecanum_odometry/__init__.py -> /home/ohj/mecanum-ros2/build/mecanum_odometry/build/lib/mecanum_odometry
[1.260s] copying mecanum_odometry/odom_publisher.py -> /home/ohj/mecanum-ros2/build/mecanum_odometry/build/lib/mecanum_odometry
[1.260s] running install
[1.260s] running install_lib
[1.261s] creating /home/ohj/mecanum-ros2/install/mecanum_odometry/lib/python3.8/site-packages/mecanum_odometry
[1.261s] copying /home/ohj/mecanum-ros2/build/mecanum_odometry/build/lib/mecanum_odometry/__init__.py -> /home/ohj/mecanum-ros2/install/mecanum_odometry/lib/python3.8/site-packages/mecanum_odometry
[1.261s] copying /home/ohj/mecanum-ros2/build/mecanum_odometry/build/lib/mecanum_odometry/odom_publisher.py -> /home/ohj/mecanum-ros2/install/mecanum_odometry/lib/python3.8/site-packages/mecanum_odometry
[1.261s] byte-compiling /home/ohj/mecanum-ros2/install/mecanum_odometry/lib/python3.8/site-packages/mecanum_odometry/__init__.py to __init__.cpython-38.pyc
[1.262s] byte-compiling /home/ohj/mecanum-ros2/install/mecanum_odometry/lib/python3.8/site-packages/mecanum_odometry/odom_publisher.py to odom_publisher.cpython-38.pyc
[1.262s] running install_data
[1.263s] creating /home/ohj/mecanum-ros2/install/mecanum_odometry/share/ament_index
[1.263s] creating /home/ohj/mecanum-ros2/install/mecanum_odometry/share/ament_index/resource_index
[1.263s] creating /home/ohj/mecanum-ros2/install/mecanum_odometry/share/ament_index/resource_index/packages
[1.263s] copying resource/mecanum_odometry -> /home/ohj/mecanum-ros2/install/mecanum_odometry/share/ament_index/resource_index/packages
[1.263s] copying package.xml -> /home/ohj/mecanum-ros2/install/mecanum_odometry/share/mecanum_odometry
[1.263s] running install_egg_info
[1.265s] Copying ../../build/mecanum_odometry/mecanum_odometry.egg-info to /home/ohj/mecanum-ros2/install/mecanum_odometry/lib/python3.8/site-packages/mecanum_odometry-0.0.0-py3.8.egg-info
[1.265s] running install_scripts
[1.280s] writing list of installed files to '/home/ohj/mecanum-ros2/build/mecanum_odometry/install.log'
[1.316s] Invoked command in '/home/ohj/mecanum-ros2/src/mecanum_odometry' returned '0': PYTHONPATH=/home/ohj/mecanum-ros2/build/mecanum_odometry/prefix_override:/home/ohj/mecanum-ros2/install/mecanum_odometry/lib/python3.8/site-packages:${PYTHONPATH} /usr/bin/python3 setup.py egg_info --egg-base ../../build/mecanum_odometry build --build-base /home/ohj/mecanum-ros2/build/mecanum_odometry/build install --record /home/ohj/mecanum-ros2/build/mecanum_odometry/install.log --single-version-externally-managed
