[0.018s] Invoking command in '/home/ohj/mecanum-ros2/build/dynamixel_sdk_examples': CMAKE_PREFIX_PATH=/home/ohj/mecanum-ros2/install/dynamixel_sdk_custom_interfaces:/home/ohj/mecanum-ros2/install/dynamixel_sdk:/home/ohj/mecanum-ros2/install/ydlidar_ros2_driver:/home/ohj/mecanum-ros2/install/stella_ahrs:/home/ohj/mecanum-ros2/install/mecanum_bringup:/home/ohj/mecanum-ros2/install/dynamixel_sdk_examples:/home/ohj/mecanum-ros2/install/teleop_keyboard:/home/ohj/mecanum-ros2/install/motor_control:/home/ohj/mecanum-ros2/install/mobile_description:/home/ohj/mecanum-ros2/install/mecanum_odometry:/home/ohj/mecanum-ros2/install/mecanum_cartographer:/home/ohj/mecanum-ros2/install/manipulator:/opt/ros/galactic PYTHONPATH=/home/ohj/mecanum-ros2/install/dynamixel_sdk_custom_interfaces/lib/python3.8/site-packages:/home/ohj/mecanum-ros2/install/teleop_keyboard/lib/python3.8/site-packages:/home/ohj/mecanum-ros2/install/motor_control/lib/python3.8/site-packages:/home/ohj/mecanum-ros2/install/mobile_description/lib/python3.8/site-packages:/home/ohj/mecanum-ros2/install/mecanum_odometry/lib/python3.8/site-packages:/home/ohj/mecanum-ros2/install/mecanum_cartographer/lib/python3.8/site-packages:/home/ohj/mecanum-ros2/install/manipulator/lib/python3.8/site-packages:/opt/ros/galactic/lib/python3.8/site-packages /usr/bin/cmake /home/ohj/mecanum-ros2/src/DynamixelSDK/dynamixel_sdk_examples -DCMAKE_INSTALL_PREFIX=/home/ohj/mecanum-ros2/install/dynamixel_sdk_examples
[0.051s] -- The C compiler identification is GNU 9.4.0
[0.087s] -- The CXX compiler identification is GNU 9.4.0
[0.091s] -- Check for working C compiler: /usr/bin/cc
[0.135s] -- Check for working C compiler: /usr/bin/cc -- works
[0.136s] -- Detecting C compiler ABI info
[0.184s] -- Detecting C compiler ABI info - done
[0.190s] -- Detecting C compile features
[0.190s] -- Detecting C compile features - done
[0.192s] -- Check for working CXX compiler: /usr/bin/c++
[0.243s] -- Check for working CXX compiler: /usr/bin/c++ -- works
[0.244s] -- Detecting CXX compiler ABI info
[0.296s] -- Detecting CXX compiler ABI info - done
[0.305s] -- Detecting CXX compile features
[0.305s] -- Detecting CXX compile features - done
[0.307s] -- Found ament_cmake: 1.1.6 (/opt/ros/galactic/share/ament_cmake/cmake)
[0.324s] -- Found PythonInterp: /usr/bin/python3 (found suitable version "3.8.10", minimum required is "3") 
[0.324s] -- Using PYTHON_EXECUTABLE: /usr/bin/python3
[0.381s] -- Found dynamixel_sdk: 3.7.40 (/home/ohj/mecanum-ros2/install/dynamixel_sdk/share/dynamixel_sdk/cmake)
[0.382s] -- Found dynamixel_sdk_custom_interfaces: 3.7.40 (/home/ohj/mecanum-ros2/install/dynamixel_sdk_custom_interfaces/share/dynamixel_sdk_custom_interfaces/cmake)
[0.403s] -- Using all available rosidl_typesupport_c: rosidl_typesupport_fastrtps_c;rosidl_typesupport_introspection_c
[0.407s] -- Found rosidl_adapter: 2.2.3 (/opt/ros/galactic/share/rosidl_adapter/cmake)
[0.458s] -- Found OpenSSL: /usr/lib/x86_64-linux-gnu/libcrypto.so (found version "1.1.1f")  
[0.479s] -- Found FastRTPS: /opt/ros/galactic/include  
[0.536s] -- Using all available rosidl_typesupport_cpp: rosidl_typesupport_fastrtps_cpp;rosidl_typesupport_introspection_cpp
[0.571s] -- Found rclcpp: 9.2.2 (/opt/ros/galactic/share/rclcpp/cmake)
[0.607s] -- Found rmw_implementation_cmake: 3.3.1 (/opt/ros/galactic/share/rmw_implementation_cmake/cmake)
[0.610s] -- Found rmw_cyclonedds_cpp: 0.22.6 (/opt/ros/galactic/share/rmw_cyclonedds_cpp/cmake)
[0.624s] -- Using RMW implementation 'rmw_cyclonedds_cpp' as default
[0.624s] -- Looking for pthread.h
[0.672s] -- Looking for pthread.h - found
[0.673s] -- Performing Test CMAKE_HAVE_LIBC_PTHREAD
[0.720s] -- Performing Test CMAKE_HAVE_LIBC_PTHREAD - Failed
[0.720s] -- Looking for pthread_create in pthreads
[0.757s] -- Looking for pthread_create in pthreads - not found
[0.757s] -- Looking for pthread_create in pthread
[0.801s] -- Looking for pthread_create in pthread - found
[0.802s] -- Found Threads: TRUE  
[0.901s] -- Found ament_lint_auto: 0.10.7 (/opt/ros/galactic/share/ament_lint_auto/cmake)
[0.950s] -- Added test 'copyright' to check source files copyright and LICENSE
[0.951s] -- Added test 'cppcheck' to perform static code analysis on C / C++ code
[0.951s] -- Configured cppcheck include dirs: /home/ohj/mecanum-ros2/src/DynamixelSDK/dynamixel_sdk_examples/include
[0.951s] -- Configured cppcheck exclude dirs and/or files: 
[0.952s] -- Added test 'cpplint' to check C / C++ code against the Google style
[0.952s] -- Configured cpplint exclude dirs and/or files: 
[0.952s] -- Added test 'lint_cmake' to check CMake code style
[0.953s] -- Added test 'uncrustify' to check C / C++ code style
[0.953s] -- Configured uncrustify additional arguments: 
[0.953s] -- Added test 'xmllint' to check XML markup files
[0.955s] -- Configuring done
[0.959s] -- Generating done
[0.960s] -- Build files have been written to: /home/ohj/mecanum-ros2/build/dynamixel_sdk_examples
[0.966s] Invoked command in '/home/ohj/mecanum-ros2/build/dynamixel_sdk_examples' returned '0': CMAKE_PREFIX_PATH=/home/ohj/mecanum-ros2/install/dynamixel_sdk_custom_interfaces:/home/ohj/mecanum-ros2/install/dynamixel_sdk:/home/ohj/mecanum-ros2/install/ydlidar_ros2_driver:/home/ohj/mecanum-ros2/install/stella_ahrs:/home/ohj/mecanum-ros2/install/mecanum_bringup:/home/ohj/mecanum-ros2/install/dynamixel_sdk_examples:/home/ohj/mecanum-ros2/install/teleop_keyboard:/home/ohj/mecanum-ros2/install/motor_control:/home/ohj/mecanum-ros2/install/mobile_description:/home/ohj/mecanum-ros2/install/mecanum_odometry:/home/ohj/mecanum-ros2/install/mecanum_cartographer:/home/ohj/mecanum-ros2/install/manipulator:/opt/ros/galactic PYTHONPATH=/home/ohj/mecanum-ros2/install/dynamixel_sdk_custom_interfaces/lib/python3.8/site-packages:/home/ohj/mecanum-ros2/install/teleop_keyboard/lib/python3.8/site-packages:/home/ohj/mecanum-ros2/install/motor_control/lib/python3.8/site-packages:/home/ohj/mecanum-ros2/install/mobile_description/lib/python3.8/site-packages:/home/ohj/mecanum-ros2/install/mecanum_odometry/lib/python3.8/site-packages:/home/ohj/mecanum-ros2/install/mecanum_cartographer/lib/python3.8/site-packages:/home/ohj/mecanum-ros2/install/manipulator/lib/python3.8/site-packages:/opt/ros/galactic/lib/python3.8/site-packages /usr/bin/cmake /home/ohj/mecanum-ros2/src/DynamixelSDK/dynamixel_sdk_examples -DCMAKE_INSTALL_PREFIX=/home/ohj/mecanum-ros2/install/dynamixel_sdk_examples
[0.968s] Invoking command in '/home/ohj/mecanum-ros2/build/dynamixel_sdk_examples': CMAKE_PREFIX_PATH=/home/ohj/mecanum-ros2/install/dynamixel_sdk_custom_interfaces:/home/ohj/mecanum-ros2/install/dynamixel_sdk:/home/ohj/mecanum-ros2/install/ydlidar_ros2_driver:/home/ohj/mecanum-ros2/install/stella_ahrs:/home/ohj/mecanum-ros2/install/mecanum_bringup:/home/ohj/mecanum-ros2/install/dynamixel_sdk_examples:/home/ohj/mecanum-ros2/install/teleop_keyboard:/home/ohj/mecanum-ros2/install/motor_control:/home/ohj/mecanum-ros2/install/mobile_description:/home/ohj/mecanum-ros2/install/mecanum_odometry:/home/ohj/mecanum-ros2/install/mecanum_cartographer:/home/ohj/mecanum-ros2/install/manipulator:/opt/ros/galactic PYTHONPATH=/home/ohj/mecanum-ros2/install/dynamixel_sdk_custom_interfaces/lib/python3.8/site-packages:/home/ohj/mecanum-ros2/install/teleop_keyboard/lib/python3.8/site-packages:/home/ohj/mecanum-ros2/install/motor_control/lib/python3.8/site-packages:/home/ohj/mecanum-ros2/install/mobile_description/lib/python3.8/site-packages:/home/ohj/mecanum-ros2/install/mecanum_odometry/lib/python3.8/site-packages:/home/ohj/mecanum-ros2/install/mecanum_cartographer/lib/python3.8/site-packages:/home/ohj/mecanum-ros2/install/manipulator/lib/python3.8/site-packages:/opt/ros/galactic/lib/python3.8/site-packages /usr/bin/cmake --build /home/ohj/mecanum-ros2/build/dynamixel_sdk_examples -- -j20 -l20
[0.993s] [35m[1mScanning dependencies of target read_write_node[0m
[1.015s] [ 50%] [32mBuilding CXX object CMakeFiles/read_write_node.dir/src/read_write_node.cpp.o[0m
[4.976s] [100%] [32m[1mLinking CXX executable read_write_node[0m
[5.126s] [100%] Built target read_write_node
[5.134s] Invoked command in '/home/ohj/mecanum-ros2/build/dynamixel_sdk_examples' returned '0': CMAKE_PREFIX_PATH=/home/ohj/mecanum-ros2/install/dynamixel_sdk_custom_interfaces:/home/ohj/mecanum-ros2/install/dynamixel_sdk:/home/ohj/mecanum-ros2/install/ydlidar_ros2_driver:/home/ohj/mecanum-ros2/install/stella_ahrs:/home/ohj/mecanum-ros2/install/mecanum_bringup:/home/ohj/mecanum-ros2/install/dynamixel_sdk_examples:/home/ohj/mecanum-ros2/install/teleop_keyboard:/home/ohj/mecanum-ros2/install/motor_control:/home/ohj/mecanum-ros2/install/mobile_description:/home/ohj/mecanum-ros2/install/mecanum_odometry:/home/ohj/mecanum-ros2/install/mecanum_cartographer:/home/ohj/mecanum-ros2/install/manipulator:/opt/ros/galactic PYTHONPATH=/home/ohj/mecanum-ros2/install/dynamixel_sdk_custom_interfaces/lib/python3.8/site-packages:/home/ohj/mecanum-ros2/install/teleop_keyboard/lib/python3.8/site-packages:/home/ohj/mecanum-ros2/install/motor_control/lib/python3.8/site-packages:/home/ohj/mecanum-ros2/install/mobile_description/lib/python3.8/site-packages:/home/ohj/mecanum-ros2/install/mecanum_odometry/lib/python3.8/site-packages:/home/ohj/mecanum-ros2/install/mecanum_cartographer/lib/python3.8/site-packages:/home/ohj/mecanum-ros2/install/manipulator/lib/python3.8/site-packages:/opt/ros/galactic/lib/python3.8/site-packages /usr/bin/cmake --build /home/ohj/mecanum-ros2/build/dynamixel_sdk_examples -- -j20 -l20
[5.147s] Invoking command in '/home/ohj/mecanum-ros2/build/dynamixel_sdk_examples': CMAKE_PREFIX_PATH=/home/ohj/mecanum-ros2/install/dynamixel_sdk_custom_interfaces:/home/ohj/mecanum-ros2/install/dynamixel_sdk:/home/ohj/mecanum-ros2/install/ydlidar_ros2_driver:/home/ohj/mecanum-ros2/install/stella_ahrs:/home/ohj/mecanum-ros2/install/mecanum_bringup:/home/ohj/mecanum-ros2/install/dynamixel_sdk_examples:/home/ohj/mecanum-ros2/install/teleop_keyboard:/home/ohj/mecanum-ros2/install/motor_control:/home/ohj/mecanum-ros2/install/mobile_description:/home/ohj/mecanum-ros2/install/mecanum_odometry:/home/ohj/mecanum-ros2/install/mecanum_cartographer:/home/ohj/mecanum-ros2/install/manipulator:/opt/ros/galactic PYTHONPATH=/home/ohj/mecanum-ros2/install/dynamixel_sdk_custom_interfaces/lib/python3.8/site-packages:/home/ohj/mecanum-ros2/install/teleop_keyboard/lib/python3.8/site-packages:/home/ohj/mecanum-ros2/install/motor_control/lib/python3.8/site-packages:/home/ohj/mecanum-ros2/install/mobile_description/lib/python3.8/site-packages:/home/ohj/mecanum-ros2/install/mecanum_odometry/lib/python3.8/site-packages:/home/ohj/mecanum-ros2/install/mecanum_cartographer/lib/python3.8/site-packages:/home/ohj/mecanum-ros2/install/manipulator/lib/python3.8/site-packages:/opt/ros/galactic/lib/python3.8/site-packages /usr/bin/cmake --install /home/ohj/mecanum-ros2/build/dynamixel_sdk_examples
[5.151s] -- Install configuration: ""
[5.152s] -- Installing: /home/ohj/mecanum-ros2/install/dynamixel_sdk_examples/lib/dynamixel_sdk_examples/read_write_node
[5.153s] -- Set runtime path of "/home/ohj/mecanum-ros2/install/dynamixel_sdk_examples/lib/dynamixel_sdk_examples/read_write_node" to ""
[5.153s] -- Installing: /home/ohj/mecanum-ros2/install/dynamixel_sdk_examples/share/ament_index/resource_index/package_run_dependencies/dynamixel_sdk_examples
[5.154s] -- Installing: /home/ohj/mecanum-ros2/install/dynamixel_sdk_examples/share/ament_index/resource_index/parent_prefix_path/dynamixel_sdk_examples
[5.154s] -- Installing: /home/ohj/mecanum-ros2/install/dynamixel_sdk_examples/share/dynamixel_sdk_examples/environment/ament_prefix_path.sh
[5.154s] -- Installing: /home/ohj/mecanum-ros2/install/dynamixel_sdk_examples/share/dynamixel_sdk_examples/environment/ament_prefix_path.dsv
[5.154s] -- Installing: /home/ohj/mecanum-ros2/install/dynamixel_sdk_examples/share/dynamixel_sdk_examples/environment/path.sh
[5.154s] -- Installing: /home/ohj/mecanum-ros2/install/dynamixel_sdk_examples/share/dynamixel_sdk_examples/environment/path.dsv
[5.154s] -- Installing: /home/ohj/mecanum-ros2/install/dynamixel_sdk_examples/share/dynamixel_sdk_examples/local_setup.bash
[5.154s] -- Installing: /home/ohj/mecanum-ros2/install/dynamixel_sdk_examples/share/dynamixel_sdk_examples/local_setup.sh
[5.154s] -- Installing: /home/ohj/mecanum-ros2/install/dynamixel_sdk_examples/share/dynamixel_sdk_examples/local_setup.zsh
[5.154s] -- Installing: /home/ohj/mecanum-ros2/install/dynamixel_sdk_examples/share/dynamixel_sdk_examples/local_setup.dsv
[5.154s] -- Installing: /home/ohj/mecanum-ros2/install/dynamixel_sdk_examples/share/dynamixel_sdk_examples/package.dsv
[5.154s] -- Installing: /home/ohj/mecanum-ros2/install/dynamixel_sdk_examples/share/ament_index/resource_index/packages/dynamixel_sdk_examples
[5.155s] -- Installing: /home/ohj/mecanum-ros2/install/dynamixel_sdk_examples/share/dynamixel_sdk_examples/cmake/dynamixel_sdk_examplesConfig.cmake
[5.155s] -- Installing: /home/ohj/mecanum-ros2/install/dynamixel_sdk_examples/share/dynamixel_sdk_examples/cmake/dynamixel_sdk_examplesConfig-version.cmake
[5.155s] -- Installing: /home/ohj/mecanum-ros2/install/dynamixel_sdk_examples/share/dynamixel_sdk_examples/package.xml
[5.155s] Invoked command in '/home/ohj/mecanum-ros2/build/dynamixel_sdk_examples' returned '0': CMAKE_PREFIX_PATH=/home/ohj/mecanum-ros2/install/dynamixel_sdk_custom_interfaces:/home/ohj/mecanum-ros2/install/dynamixel_sdk:/home/ohj/mecanum-ros2/install/ydlidar_ros2_driver:/home/ohj/mecanum-ros2/install/stella_ahrs:/home/ohj/mecanum-ros2/install/mecanum_bringup:/home/ohj/mecanum-ros2/install/dynamixel_sdk_examples:/home/ohj/mecanum-ros2/install/teleop_keyboard:/home/ohj/mecanum-ros2/install/motor_control:/home/ohj/mecanum-ros2/install/mobile_description:/home/ohj/mecanum-ros2/install/mecanum_odometry:/home/ohj/mecanum-ros2/install/mecanum_cartographer:/home/ohj/mecanum-ros2/install/manipulator:/opt/ros/galactic PYTHONPATH=/home/ohj/mecanum-ros2/install/dynamixel_sdk_custom_interfaces/lib/python3.8/site-packages:/home/ohj/mecanum-ros2/install/teleop_keyboard/lib/python3.8/site-packages:/home/ohj/mecanum-ros2/install/motor_control/lib/python3.8/site-packages:/home/ohj/mecanum-ros2/install/mobile_description/lib/python3.8/site-packages:/home/ohj/mecanum-ros2/install/mecanum_odometry/lib/python3.8/site-packages:/home/ohj/mecanum-ros2/install/mecanum_cartographer/lib/python3.8/site-packages:/home/ohj/mecanum-ros2/install/manipulator/lib/python3.8/site-packages:/opt/ros/galactic/lib/python3.8/site-packages /usr/bin/cmake --install /home/ohj/mecanum-ros2/build/dynamixel_sdk_examples
