[3.292s] DEBUG:colcon:Command line arguments: ['/usr/bin/colcon', 'build']
[3.293s] DEBUG:colcon:Parsed command line arguments: Namespace(allow_overriding=[], ament_cmake_args=None, base_paths=['.'], build_base='build', catkin_cmake_args=None, catkin_skip_building_tests=False, cmake_args=None, cmake_clean_cache=False, cmake_clean_first=False, cmake_force_configure=False, cmake_target=None, cmake_target_skip_unavailable=False, continue_on_error=False, event_handlers=None, executor='parallel', ignore_user_meta=False, install_base='install', log_base=None, log_level=None, main=<bound method BuildVerb.main of <colcon_core.verb.build.BuildVerb object at 0x7f863f4760>>, merge_install=False, metas=['./colcon.meta'], packages_above=None, packages_above_and_dependencies=None, packages_above_depth=None, packages_end=None, packages_ignore=None, packages_ignore_regex=None, packages_select=None, packages_select_build_failed=False, packages_select_by_dep=None, packages_select_regex=None, packages_select_test_failures=False, packages_skip=None, packages_skip_build_finished=False, packages_skip_by_dep=None, packages_skip_regex=None, packages_skip_test_passed=False, packages_skip_up_to=None, packages_start=None, packages_up_to=None, packages_up_to_regex=None, parallel_workers=4, paths=None, symlink_install=False, test_result_base=None, verb_extension=<colcon_core.verb.build.BuildVerb object at 0x7f863f4760>, verb_name='build', verb_parser=<colcon_defaults.argument_parser.defaults.DefaultArgumentsDecorator object at 0x7f863f4ca0>)
[3.512s] Level 1:colcon.colcon_core.package_discovery:discover_packages(colcon_meta) check parameters
[3.513s] Level 1:colcon.colcon_core.package_discovery:discover_packages(recursive) check parameters
[3.513s] Level 1:colcon.colcon_core.package_discovery:discover_packages(ignore) check parameters
[3.513s] Level 1:colcon.colcon_core.package_discovery:discover_packages(path) check parameters
[3.513s] Level 1:colcon.colcon_core.package_discovery:discover_packages(colcon_meta) discover
[3.513s] Level 1:colcon.colcon_core.package_discovery:discover_packages(recursive) discover
[3.514s] INFO:colcon.colcon_core.package_discovery:Crawling recursively for packages in '/home/jetson/mecanum-ros2'
[3.514s] Level 1:colcon.colcon_core.package_identification:_identify(.) by extensions ['ignore', 'ignore_ament_install']
[3.514s] Level 1:colcon.colcon_core.package_identification:_identify(.) by extension 'ignore'
[3.515s] Level 1:colcon.colcon_core.package_identification:_identify(.) by extension 'ignore_ament_install'
[3.515s] Level 1:colcon.colcon_core.package_identification:_identify(.) by extensions ['colcon_pkg']
[3.515s] Level 1:colcon.colcon_core.package_identification:_identify(.) by extension 'colcon_pkg'
[3.516s] Level 1:colcon.colcon_core.package_identification:_identify(.) by extensions ['colcon_meta']
[3.516s] Level 1:colcon.colcon_core.package_identification:_identify(.) by extension 'colcon_meta'
[3.516s] Level 1:colcon.colcon_core.package_identification:_identify(.) by extensions ['ros']
[3.516s] Level 1:colcon.colcon_core.package_identification:_identify(.) by extension 'ros'
[3.584s] Level 1:colcon.colcon_core.package_identification:_identify(.) by extensions ['cmake', 'python']
[3.584s] Level 1:colcon.colcon_core.package_identification:_identify(.) by extension 'cmake'
[3.585s] Level 1:colcon.colcon_core.package_identification:_identify(.) by extension 'python'
[3.585s] Level 1:colcon.colcon_core.package_identification:_identify(.) by extensions ['python_setup_py']
[3.585s] Level 1:colcon.colcon_core.package_identification:_identify(.) by extension 'python_setup_py'
[3.585s] Level 1:colcon.colcon_core.package_identification:_identify(arduino_test_folder) by extensions ['ignore', 'ignore_ament_install']
[3.586s] Level 1:colcon.colcon_core.package_identification:_identify(arduino_test_folder) by extension 'ignore'
[3.586s] Level 1:colcon.colcon_core.package_identification:_identify(arduino_test_folder) by extension 'ignore_ament_install'
[3.586s] Level 1:colcon.colcon_core.package_identification:_identify(arduino_test_folder) by extensions ['colcon_pkg']
[3.587s] Level 1:colcon.colcon_core.package_identification:_identify(arduino_test_folder) by extension 'colcon_pkg'
[3.587s] Level 1:colcon.colcon_core.package_identification:_identify(arduino_test_folder) by extensions ['colcon_meta']
[3.587s] Level 1:colcon.colcon_core.package_identification:_identify(arduino_test_folder) by extension 'colcon_meta'
[3.587s] Level 1:colcon.colcon_core.package_identification:_identify(arduino_test_folder) by extensions ['ros']
[3.587s] Level 1:colcon.colcon_core.package_identification:_identify(arduino_test_folder) by extension 'ros'
[3.588s] Level 1:colcon.colcon_core.package_identification:_identify(arduino_test_folder) by extensions ['cmake', 'python']
[3.588s] Level 1:colcon.colcon_core.package_identification:_identify(arduino_test_folder) by extension 'cmake'
[3.588s] Level 1:colcon.colcon_core.package_identification:_identify(arduino_test_folder) by extension 'python'
[3.588s] Level 1:colcon.colcon_core.package_identification:_identify(arduino_test_folder) by extensions ['python_setup_py']
[3.588s] Level 1:colcon.colcon_core.package_identification:_identify(arduino_test_folder) by extension 'python_setup_py'
[3.589s] Level 1:colcon.colcon_core.package_identification:_identify(arduino_test_folder/modefied_code_motor_control_master) by extensions ['ignore', 'ignore_ament_install']
[3.589s] Level 1:colcon.colcon_core.package_identification:_identify(arduino_test_folder/modefied_code_motor_control_master) by extension 'ignore'
[3.589s] Level 1:colcon.colcon_core.package_identification:_identify(arduino_test_folder/modefied_code_motor_control_master) by extension 'ignore_ament_install'
[3.590s] Level 1:colcon.colcon_core.package_identification:_identify(arduino_test_folder/modefied_code_motor_control_master) by extensions ['colcon_pkg']
[3.590s] Level 1:colcon.colcon_core.package_identification:_identify(arduino_test_folder/modefied_code_motor_control_master) by extension 'colcon_pkg'
[3.590s] Level 1:colcon.colcon_core.package_identification:_identify(arduino_test_folder/modefied_code_motor_control_master) by extensions ['colcon_meta']
[3.590s] Level 1:colcon.colcon_core.package_identification:_identify(arduino_test_folder/modefied_code_motor_control_master) by extension 'colcon_meta'
[3.590s] Level 1:colcon.colcon_core.package_identification:_identify(arduino_test_folder/modefied_code_motor_control_master) by extensions ['ros']
[3.590s] Level 1:colcon.colcon_core.package_identification:_identify(arduino_test_folder/modefied_code_motor_control_master) by extension 'ros'
[3.591s] Level 1:colcon.colcon_core.package_identification:_identify(arduino_test_folder/modefied_code_motor_control_master) by extensions ['cmake', 'python']
[3.591s] Level 1:colcon.colcon_core.package_identification:_identify(arduino_test_folder/modefied_code_motor_control_master) by extension 'cmake'
[3.591s] Level 1:colcon.colcon_core.package_identification:_identify(arduino_test_folder/modefied_code_motor_control_master) by extension 'python'
[3.591s] Level 1:colcon.colcon_core.package_identification:_identify(arduino_test_folder/modefied_code_motor_control_master) by extensions ['python_setup_py']
[3.591s] Level 1:colcon.colcon_core.package_identification:_identify(arduino_test_folder/modefied_code_motor_control_master) by extension 'python_setup_py'
[3.592s] Level 1:colcon.colcon_core.package_identification:_identify(arduino_test_folder/modefied_code_motor_control_master (copy)) by extensions ['ignore', 'ignore_ament_install']
[3.592s] Level 1:colcon.colcon_core.package_identification:_identify(arduino_test_folder/modefied_code_motor_control_master (copy)) by extension 'ignore'
[3.592s] Level 1:colcon.colcon_core.package_identification:_identify(arduino_test_folder/modefied_code_motor_control_master (copy)) by extension 'ignore_ament_install'
[3.593s] Level 1:colcon.colcon_core.package_identification:_identify(arduino_test_folder/modefied_code_motor_control_master (copy)) by extensions ['colcon_pkg']
[3.593s] Level 1:colcon.colcon_core.package_identification:_identify(arduino_test_folder/modefied_code_motor_control_master (copy)) by extension 'colcon_pkg'
[3.593s] Level 1:colcon.colcon_core.package_identification:_identify(arduino_test_folder/modefied_code_motor_control_master (copy)) by extensions ['colcon_meta']
[3.593s] Level 1:colcon.colcon_core.package_identification:_identify(arduino_test_folder/modefied_code_motor_control_master (copy)) by extension 'colcon_meta'
[3.593s] Level 1:colcon.colcon_core.package_identification:_identify(arduino_test_folder/modefied_code_motor_control_master (copy)) by extensions ['ros']
[3.594s] Level 1:colcon.colcon_core.package_identification:_identify(arduino_test_folder/modefied_code_motor_control_master (copy)) by extension 'ros'
[3.594s] Level 1:colcon.colcon_core.package_identification:_identify(arduino_test_folder/modefied_code_motor_control_master (copy)) by extensions ['cmake', 'python']
[3.594s] Level 1:colcon.colcon_core.package_identification:_identify(arduino_test_folder/modefied_code_motor_control_master (copy)) by extension 'cmake'
[3.594s] Level 1:colcon.colcon_core.package_identification:_identify(arduino_test_folder/modefied_code_motor_control_master (copy)) by extension 'python'
[3.594s] Level 1:colcon.colcon_core.package_identification:_identify(arduino_test_folder/modefied_code_motor_control_master (copy)) by extensions ['python_setup_py']
[3.595s] Level 1:colcon.colcon_core.package_identification:_identify(arduino_test_folder/modefied_code_motor_control_master (copy)) by extension 'python_setup_py'
[3.595s] Level 1:colcon.colcon_core.package_identification:_identify(arduino_test_folder/modefied_code_motor_control_slave) by extensions ['ignore', 'ignore_ament_install']
[3.595s] Level 1:colcon.colcon_core.package_identification:_identify(arduino_test_folder/modefied_code_motor_control_slave) by extension 'ignore'
[3.596s] Level 1:colcon.colcon_core.package_identification:_identify(arduino_test_folder/modefied_code_motor_control_slave) by extension 'ignore_ament_install'
[3.596s] Level 1:colcon.colcon_core.package_identification:_identify(arduino_test_folder/modefied_code_motor_control_slave) by extensions ['colcon_pkg']
[3.596s] Level 1:colcon.colcon_core.package_identification:_identify(arduino_test_folder/modefied_code_motor_control_slave) by extension 'colcon_pkg'
[3.596s] Level 1:colcon.colcon_core.package_identification:_identify(arduino_test_folder/modefied_code_motor_control_slave) by extensions ['colcon_meta']
[3.596s] Level 1:colcon.colcon_core.package_identification:_identify(arduino_test_folder/modefied_code_motor_control_slave) by extension 'colcon_meta'
[3.597s] Level 1:colcon.colcon_core.package_identification:_identify(arduino_test_folder/modefied_code_motor_control_slave) by extensions ['ros']
[3.597s] Level 1:colcon.colcon_core.package_identification:_identify(arduino_test_folder/modefied_code_motor_control_slave) by extension 'ros'
[3.597s] Level 1:colcon.colcon_core.package_identification:_identify(arduino_test_folder/modefied_code_motor_control_slave) by extensions ['cmake', 'python']
[3.597s] Level 1:colcon.colcon_core.package_identification:_identify(arduino_test_folder/modefied_code_motor_control_slave) by extension 'cmake'
[3.597s] Level 1:colcon.colcon_core.package_identification:_identify(arduino_test_folder/modefied_code_motor_control_slave) by extension 'python'
[3.598s] Level 1:colcon.colcon_core.package_identification:_identify(arduino_test_folder/modefied_code_motor_control_slave) by extensions ['python_setup_py']
[3.598s] Level 1:colcon.colcon_core.package_identification:_identify(arduino_test_folder/modefied_code_motor_control_slave) by extension 'python_setup_py'
[3.598s] Level 1:colcon.colcon_core.package_identification:_identify(arduino_test_folder/modefied_code_motor_control_slave (copy)) by extensions ['ignore', 'ignore_ament_install']
[3.598s] Level 1:colcon.colcon_core.package_identification:_identify(arduino_test_folder/modefied_code_motor_control_slave (copy)) by extension 'ignore'
[3.599s] Level 1:colcon.colcon_core.package_identification:_identify(arduino_test_folder/modefied_code_motor_control_slave (copy)) by extension 'ignore_ament_install'
[3.599s] Level 1:colcon.colcon_core.package_identification:_identify(arduino_test_folder/modefied_code_motor_control_slave (copy)) by extensions ['colcon_pkg']
[3.599s] Level 1:colcon.colcon_core.package_identification:_identify(arduino_test_folder/modefied_code_motor_control_slave (copy)) by extension 'colcon_pkg'
[3.599s] Level 1:colcon.colcon_core.package_identification:_identify(arduino_test_folder/modefied_code_motor_control_slave (copy)) by extensions ['colcon_meta']
[3.599s] Level 1:colcon.colcon_core.package_identification:_identify(arduino_test_folder/modefied_code_motor_control_slave (copy)) by extension 'colcon_meta'
[3.600s] Level 1:colcon.colcon_core.package_identification:_identify(arduino_test_folder/modefied_code_motor_control_slave (copy)) by extensions ['ros']
[3.600s] Level 1:colcon.colcon_core.package_identification:_identify(arduino_test_folder/modefied_code_motor_control_slave (copy)) by extension 'ros'
[3.600s] Level 1:colcon.colcon_core.package_identification:_identify(arduino_test_folder/modefied_code_motor_control_slave (copy)) by extensions ['cmake', 'python']
[3.600s] Level 1:colcon.colcon_core.package_identification:_identify(arduino_test_folder/modefied_code_motor_control_slave (copy)) by extension 'cmake'
[3.600s] Level 1:colcon.colcon_core.package_identification:_identify(arduino_test_folder/modefied_code_motor_control_slave (copy)) by extension 'python'
[3.601s] Level 1:colcon.colcon_core.package_identification:_identify(arduino_test_folder/modefied_code_motor_control_slave (copy)) by extensions ['python_setup_py']
[3.601s] Level 1:colcon.colcon_core.package_identification:_identify(arduino_test_folder/modefied_code_motor_control_slave (copy)) by extension 'python_setup_py'
[3.601s] Level 1:colcon.colcon_core.package_identification:_identify(build) by extensions ['ignore', 'ignore_ament_install']
[3.601s] Level 1:colcon.colcon_core.package_identification:_identify(build) by extension 'ignore'
[3.602s] Level 1:colcon.colcon_core.package_identification:_identify(build) ignored
[3.602s] Level 1:colcon.colcon_core.package_identification:_identify(install) by extensions ['ignore', 'ignore_ament_install']
[3.602s] Level 1:colcon.colcon_core.package_identification:_identify(install) by extension 'ignore'
[3.603s] Level 1:colcon.colcon_core.package_identification:_identify(install) ignored
[3.603s] Level 1:colcon.colcon_core.package_identification:_identify(log) by extensions ['ignore', 'ignore_ament_install']
[3.603s] Level 1:colcon.colcon_core.package_identification:_identify(log) by extension 'ignore'
[3.603s] Level 1:colcon.colcon_core.package_identification:_identify(log) ignored
[3.604s] Level 1:colcon.colcon_core.package_identification:_identify(spi_test_folder) by extensions ['ignore', 'ignore_ament_install']
[3.604s] Level 1:colcon.colcon_core.package_identification:_identify(spi_test_folder) by extension 'ignore'
[3.604s] Level 1:colcon.colcon_core.package_identification:_identify(spi_test_folder) by extension 'ignore_ament_install'
[3.605s] Level 1:colcon.colcon_core.package_identification:_identify(spi_test_folder) by extensions ['colcon_pkg']
[3.605s] Level 1:colcon.colcon_core.package_identification:_identify(spi_test_folder) by extension 'colcon_pkg'
[3.605s] Level 1:colcon.colcon_core.package_identification:_identify(spi_test_folder) by extensions ['colcon_meta']
[3.605s] Level 1:colcon.colcon_core.package_identification:_identify(spi_test_folder) by extension 'colcon_meta'
[3.605s] Level 1:colcon.colcon_core.package_identification:_identify(spi_test_folder) by extensions ['ros']
[3.605s] Level 1:colcon.colcon_core.package_identification:_identify(spi_test_folder) by extension 'ros'
[3.606s] Level 1:colcon.colcon_core.package_identification:_identify(spi_test_folder) by extensions ['cmake', 'python']
[3.606s] Level 1:colcon.colcon_core.package_identification:_identify(spi_test_folder) by extension 'cmake'
[3.606s] Level 1:colcon.colcon_core.package_identification:_identify(spi_test_folder) by extension 'python'
[3.606s] Level 1:colcon.colcon_core.package_identification:_identify(spi_test_folder) by extensions ['python_setup_py']
[3.606s] Level 1:colcon.colcon_core.package_identification:_identify(spi_test_folder) by extension 'python_setup_py'
[3.607s] Level 1:colcon.colcon_core.package_identification:_identify(src) by extensions ['ignore', 'ignore_ament_install']
[3.607s] Level 1:colcon.colcon_core.package_identification:_identify(src) by extension 'ignore'
[3.607s] Level 1:colcon.colcon_core.package_identification:_identify(src) by extension 'ignore_ament_install'
[3.608s] Level 1:colcon.colcon_core.package_identification:_identify(src) by extensions ['colcon_pkg']
[3.608s] Level 1:colcon.colcon_core.package_identification:_identify(src) by extension 'colcon_pkg'
[3.608s] Level 1:colcon.colcon_core.package_identification:_identify(src) by extensions ['colcon_meta']
[3.608s] Level 1:colcon.colcon_core.package_identification:_identify(src) by extension 'colcon_meta'
[3.608s] Level 1:colcon.colcon_core.package_identification:_identify(src) by extensions ['ros']
[3.608s] Level 1:colcon.colcon_core.package_identification:_identify(src) by extension 'ros'
[3.609s] Level 1:colcon.colcon_core.package_identification:_identify(src) by extensions ['cmake', 'python']
[3.609s] Level 1:colcon.colcon_core.package_identification:_identify(src) by extension 'cmake'
[3.609s] Level 1:colcon.colcon_core.package_identification:_identify(src) by extension 'python'
[3.609s] Level 1:colcon.colcon_core.package_identification:_identify(src) by extensions ['python_setup_py']
[3.609s] Level 1:colcon.colcon_core.package_identification:_identify(src) by extension 'python_setup_py'
[3.610s] Level 1:colcon.colcon_core.package_identification:_identify(src/mecanum_description) by extensions ['ignore', 'ignore_ament_install']
[3.610s] Level 1:colcon.colcon_core.package_identification:_identify(src/mecanum_description) by extension 'ignore'
[3.610s] Level 1:colcon.colcon_core.package_identification:_identify(src/mecanum_description) by extension 'ignore_ament_install'
[3.611s] Level 1:colcon.colcon_core.package_identification:_identify(src/mecanum_description) by extensions ['colcon_pkg']
[3.611s] Level 1:colcon.colcon_core.package_identification:_identify(src/mecanum_description) by extension 'colcon_pkg'
[3.611s] Level 1:colcon.colcon_core.package_identification:_identify(src/mecanum_description) by extensions ['colcon_meta']
[3.611s] Level 1:colcon.colcon_core.package_identification:_identify(src/mecanum_description) by extension 'colcon_meta'
[3.611s] Level 1:colcon.colcon_core.package_identification:_identify(src/mecanum_description) by extensions ['ros']
[3.611s] Level 1:colcon.colcon_core.package_identification:_identify(src/mecanum_description) by extension 'ros'
[3.628s] DEBUG:colcon.colcon_core.package_identification:Package 'src/mecanum_description' with type 'ros.ament_cmake' and name 'mecanum_description'
[3.628s] Level 1:colcon.colcon_core.package_identification:_identify(src/motor_control) by extensions ['ignore', 'ignore_ament_install']
[3.629s] Level 1:colcon.colcon_core.package_identification:_identify(src/motor_control) by extension 'ignore'
[3.629s] Level 1:colcon.colcon_core.package_identification:_identify(src/motor_control) by extension 'ignore_ament_install'
[3.629s] Level 1:colcon.colcon_core.package_identification:_identify(src/motor_control) by extensions ['colcon_pkg']
[3.629s] Level 1:colcon.colcon_core.package_identification:_identify(src/motor_control) by extension 'colcon_pkg'
[3.630s] Level 1:colcon.colcon_core.package_identification:_identify(src/motor_control) by extensions ['colcon_meta']
[3.630s] Level 1:colcon.colcon_core.package_identification:_identify(src/motor_control) by extension 'colcon_meta'
[3.630s] Level 1:colcon.colcon_core.package_identification:_identify(src/motor_control) by extensions ['ros']
[3.630s] Level 1:colcon.colcon_core.package_identification:_identify(src/motor_control) by extension 'ros'
[3.634s] DEBUG:colcon.colcon_core.package_identification:Package 'src/motor_control' with type 'ros.ament_python' and name 'motor_control'
[3.634s] Level 1:colcon.colcon_core.package_identification:_identify(src/teleop_keyboard) by extensions ['ignore', 'ignore_ament_install']
[3.635s] Level 1:colcon.colcon_core.package_identification:_identify(src/teleop_keyboard) by extension 'ignore'
[3.635s] Level 1:colcon.colcon_core.package_identification:_identify(src/teleop_keyboard) by extension 'ignore_ament_install'
[3.635s] Level 1:colcon.colcon_core.package_identification:_identify(src/teleop_keyboard) by extensions ['colcon_pkg']
[3.636s] Level 1:colcon.colcon_core.package_identification:_identify(src/teleop_keyboard) by extension 'colcon_pkg'
[3.636s] Level 1:colcon.colcon_core.package_identification:_identify(src/teleop_keyboard) by extensions ['colcon_meta']
[3.636s] Level 1:colcon.colcon_core.package_identification:_identify(src/teleop_keyboard) by extension 'colcon_meta'
[3.636s] Level 1:colcon.colcon_core.package_identification:_identify(src/teleop_keyboard) by extensions ['ros']
[3.636s] Level 1:colcon.colcon_core.package_identification:_identify(src/teleop_keyboard) by extension 'ros'
[3.641s] DEBUG:colcon.colcon_core.package_identification:Package 'src/teleop_keyboard' with type 'ros.ament_python' and name 'teleop_keyboard'
[3.641s] Level 1:colcon.colcon_core.package_identification:_identify(src/ydlidar_ros2) by extensions ['ignore', 'ignore_ament_install']
[3.642s] Level 1:colcon.colcon_core.package_identification:_identify(src/ydlidar_ros2) by extension 'ignore'
[3.642s] Level 1:colcon.colcon_core.package_identification:_identify(src/ydlidar_ros2) by extension 'ignore_ament_install'
[3.642s] Level 1:colcon.colcon_core.package_identification:_identify(src/ydlidar_ros2) by extensions ['colcon_pkg']
[3.642s] Level 1:colcon.colcon_core.package_identification:_identify(src/ydlidar_ros2) by extension 'colcon_pkg'
[3.643s] Level 1:colcon.colcon_core.package_identification:_identify(src/ydlidar_ros2) by extensions ['colcon_meta']
[3.643s] Level 1:colcon.colcon_core.package_identification:_identify(src/ydlidar_ros2) by extension 'colcon_meta'
[3.643s] Level 1:colcon.colcon_core.package_identification:_identify(src/ydlidar_ros2) by extensions ['ros']
[3.643s] Level 1:colcon.colcon_core.package_identification:_identify(src/ydlidar_ros2) by extension 'ros'
[3.644s] Level 1:colcon.colcon_core.package_identification:_identify(src/ydlidar_ros2) by extensions ['cmake', 'python']
[3.644s] Level 1:colcon.colcon_core.package_identification:_identify(src/ydlidar_ros2) by extension 'cmake'
[3.644s] Level 1:colcon.colcon_core.package_identification:_identify(src/ydlidar_ros2) by extension 'python'
[3.644s] Level 1:colcon.colcon_core.package_identification:_identify(src/ydlidar_ros2) by extensions ['python_setup_py']
[3.644s] Level 1:colcon.colcon_core.package_identification:_identify(src/ydlidar_ros2) by extension 'python_setup_py'
[3.645s] Level 1:colcon.colcon_core.package_discovery:discover_packages(recursive) using defaults
[3.645s] Level 1:colcon.colcon_core.package_discovery:discover_packages(ignore) discover
[3.645s] Level 1:colcon.colcon_core.package_discovery:discover_packages(ignore) using defaults
[3.645s] Level 1:colcon.colcon_core.package_discovery:discover_packages(path) discover
[3.645s] Level 1:colcon.colcon_core.package_discovery:discover_packages(path) using defaults
[3.809s] Level 1:colcon.colcon_core.package_discovery:discover_packages(prefix_path) check parameters
[3.809s] Level 1:colcon.colcon_core.package_discovery:discover_packages(prefix_path) discover
[3.835s] DEBUG:colcon.colcon_installed_package_information.package_discovery:Found 3 installed packages in /home/jetson/mecanum-ros2/install
[3.849s] DEBUG:colcon.colcon_installed_package_information.package_discovery:Found 268 installed packages in /opt/ros/galactic
[3.859s] Level 1:colcon.colcon_core.package_discovery:discover_packages(prefix_path) using defaults
[4.536s] Level 5:colcon.colcon_core.verb:set package 'mecanum_description' build argument 'cmake_args' from command line to 'None'
[4.537s] Level 5:colcon.colcon_core.verb:set package 'mecanum_description' build argument 'cmake_target' from command line to 'None'
[4.537s] Level 5:colcon.colcon_core.verb:set package 'mecanum_description' build argument 'cmake_target_skip_unavailable' from command line to 'False'
[4.537s] Level 5:colcon.colcon_core.verb:set package 'mecanum_description' build argument 'cmake_clean_cache' from command line to 'False'
[4.537s] Level 5:colcon.colcon_core.verb:set package 'mecanum_description' build argument 'cmake_clean_first' from command line to 'False'
[4.537s] Level 5:colcon.colcon_core.verb:set package 'mecanum_description' build argument 'cmake_force_configure' from command line to 'False'
[4.538s] Level 5:colcon.colcon_core.verb:set package 'mecanum_description' build argument 'ament_cmake_args' from command line to 'None'
[4.538s] Level 5:colcon.colcon_core.verb:set package 'mecanum_description' build argument 'catkin_cmake_args' from command line to 'None'
[4.538s] Level 5:colcon.colcon_core.verb:set package 'mecanum_description' build argument 'catkin_skip_building_tests' from command line to 'False'
[4.538s] DEBUG:colcon.colcon_core.verb:Building package 'mecanum_description' with the following arguments: {'ament_cmake_args': None, 'build_base': '/home/jetson/mecanum-ros2/build/mecanum_description', 'catkin_cmake_args': None, 'catkin_skip_building_tests': False, 'cmake_args': None, 'cmake_clean_cache': False, 'cmake_clean_first': False, 'cmake_force_configure': False, 'cmake_target': None, 'cmake_target_skip_unavailable': False, 'install_base': '/home/jetson/mecanum-ros2/install/mecanum_description', 'merge_install': False, 'path': '/home/jetson/mecanum-ros2/src/mecanum_description', 'symlink_install': False, 'test_result_base': None}
[4.548s] Level 5:colcon.colcon_core.verb:set package 'motor_control' build argument 'cmake_args' from command line to 'None'
[4.548s] Level 5:colcon.colcon_core.verb:set package 'motor_control' build argument 'cmake_target' from command line to 'None'
[4.549s] Level 5:colcon.colcon_core.verb:set package 'motor_control' build argument 'cmake_target_skip_unavailable' from command line to 'False'
[4.549s] Level 5:colcon.colcon_core.verb:set package 'motor_control' build argument 'cmake_clean_cache' from command line to 'False'
[4.549s] Level 5:colcon.colcon_core.verb:set package 'motor_control' build argument 'cmake_clean_first' from command line to 'False'
[4.549s] Level 5:colcon.colcon_core.verb:set package 'motor_control' build argument 'cmake_force_configure' from command line to 'False'
[4.549s] Level 5:colcon.colcon_core.verb:set package 'motor_control' build argument 'ament_cmake_args' from command line to 'None'
[4.549s] Level 5:colcon.colcon_core.verb:set package 'motor_control' build argument 'catkin_cmake_args' from command line to 'None'
[4.550s] Level 5:colcon.colcon_core.verb:set package 'motor_control' build argument 'catkin_skip_building_tests' from command line to 'False'
[4.550s] DEBUG:colcon.colcon_core.verb:Building package 'motor_control' with the following arguments: {'ament_cmake_args': None, 'build_base': '/home/jetson/mecanum-ros2/build/motor_control', 'catkin_cmake_args': None, 'catkin_skip_building_tests': False, 'cmake_args': None, 'cmake_clean_cache': False, 'cmake_clean_first': False, 'cmake_force_configure': False, 'cmake_target': None, 'cmake_target_skip_unavailable': False, 'install_base': '/home/jetson/mecanum-ros2/install/motor_control', 'merge_install': False, 'path': '/home/jetson/mecanum-ros2/src/motor_control', 'symlink_install': False, 'test_result_base': None}
[4.557s] Level 5:colcon.colcon_core.verb:set package 'teleop_keyboard' build argument 'cmake_args' from command line to 'None'
[4.557s] Level 5:colcon.colcon_core.verb:set package 'teleop_keyboard' build argument 'cmake_target' from command line to 'None'
[4.557s] Level 5:colcon.colcon_core.verb:set package 'teleop_keyboard' build argument 'cmake_target_skip_unavailable' from command line to 'False'
[4.558s] Level 5:colcon.colcon_core.verb:set package 'teleop_keyboard' build argument 'cmake_clean_cache' from command line to 'False'
[4.558s] Level 5:colcon.colcon_core.verb:set package 'teleop_keyboard' build argument 'cmake_clean_first' from command line to 'False'
[4.558s] Level 5:colcon.colcon_core.verb:set package 'teleop_keyboard' build argument 'cmake_force_configure' from command line to 'False'
[4.558s] Level 5:colcon.colcon_core.verb:set package 'teleop_keyboard' build argument 'ament_cmake_args' from command line to 'None'
[4.558s] Level 5:colcon.colcon_core.verb:set package 'teleop_keyboard' build argument 'catkin_cmake_args' from command line to 'None'
[4.558s] Level 5:colcon.colcon_core.verb:set package 'teleop_keyboard' build argument 'catkin_skip_building_tests' from command line to 'False'
[4.558s] DEBUG:colcon.colcon_core.verb:Building package 'teleop_keyboard' with the following arguments: {'ament_cmake_args': None, 'build_base': '/home/jetson/mecanum-ros2/build/teleop_keyboard', 'catkin_cmake_args': None, 'catkin_skip_building_tests': False, 'cmake_args': None, 'cmake_clean_cache': False, 'cmake_clean_first': False, 'cmake_force_configure': False, 'cmake_target': None, 'cmake_target_skip_unavailable': False, 'install_base': '/home/jetson/mecanum-ros2/install/teleop_keyboard', 'merge_install': False, 'path': '/home/jetson/mecanum-ros2/src/teleop_keyboard', 'symlink_install': False, 'test_result_base': None}
[4.563s] INFO:colcon.colcon_core.executor:Executing jobs using 'parallel' executor
[4.584s] DEBUG:colcon.colcon_parallel_executor.executor.parallel:run_until_complete
[4.585s] INFO:colcon.colcon_ros.task.ament_cmake.build:Building ROS package in '/home/jetson/mecanum-ros2/src/mecanum_description' with build type 'ament_cmake'
[4.586s] INFO:colcon.colcon_cmake.task.cmake.build:Building CMake package in '/home/jetson/mecanum-ros2/src/mecanum_description'
[4.623s] INFO:colcon.colcon_core.plugin_system:Skipping extension 'colcon_core.shell.bat': Not used on non-Windows systems
[4.624s] INFO:colcon.colcon_core.shell:Skip shell extension 'powershell' for command environment: Not usable outside of PowerShell
[4.624s] DEBUG:colcon.colcon_core.shell:Skip shell extension 'dsv' for command environment
[4.662s] INFO:colcon.colcon_ros.task.ament_python.build:Building ROS package in '/home/jetson/mecanum-ros2/src/motor_control' with build type 'ament_python'
[4.663s] Level 1:colcon.colcon_core.shell:create_environment_hook('motor_control', 'ament_prefix_path')
[4.674s] INFO:colcon.colcon_core.shell:Creating environment hook '/home/jetson/mecanum-ros2/install/motor_control/share/motor_control/hook/ament_prefix_path.ps1'
[4.688s] INFO:colcon.colcon_core.shell:Creating environment descriptor '/home/jetson/mecanum-ros2/install/motor_control/share/motor_control/hook/ament_prefix_path.dsv'
[4.692s] INFO:colcon.colcon_core.shell:Creating environment hook '/home/jetson/mecanum-ros2/install/motor_control/share/motor_control/hook/ament_prefix_path.sh'
[4.709s] INFO:colcon.colcon_core.shell:Skip shell extension 'powershell' for command environment: Not usable outside of PowerShell
[4.709s] DEBUG:colcon.colcon_core.shell:Skip shell extension 'dsv' for command environment
[4.741s] INFO:colcon.colcon_ros.task.ament_python.build:Building ROS package in '/home/jetson/mecanum-ros2/src/teleop_keyboard' with build type 'ament_python'
[4.742s] Level 1:colcon.colcon_core.shell:create_environment_hook('teleop_keyboard', 'ament_prefix_path')
[4.752s] INFO:colcon.colcon_core.shell:Creating environment hook '/home/jetson/mecanum-ros2/install/teleop_keyboard/share/teleop_keyboard/hook/ament_prefix_path.ps1'
[4.757s] INFO:colcon.colcon_core.shell:Creating environment descriptor '/home/jetson/mecanum-ros2/install/teleop_keyboard/share/teleop_keyboard/hook/ament_prefix_path.dsv'
[4.759s] INFO:colcon.colcon_core.shell:Creating environment hook '/home/jetson/mecanum-ros2/install/teleop_keyboard/share/teleop_keyboard/hook/ament_prefix_path.sh'
[4.770s] INFO:colcon.colcon_core.shell:Skip shell extension 'powershell' for command environment: Not usable outside of PowerShell
[4.770s] DEBUG:colcon.colcon_core.shell:Skip shell extension 'dsv' for command environment
[4.827s] DEBUG:colcon.colcon_core.event_handler.log_command:Invoking command in '/home/jetson/mecanum-ros2/build/mecanum_description': CMAKE_PREFIX_PATH=${CMAKE_PREFIX_PATH}:/home/jetson/mecanum-ros2/install/teleop_keyboard:/home/jetson/mecanum-ros2/install/motor_control:/opt/ros/galactic /usr/bin/cmake --build /home/jetson/mecanum-ros2/build/mecanum_description -- -j4 -l4
[6.739s] INFO:colcon.colcon_core.task.python.build:Building Python package in '/home/jetson/mecanum-ros2/src/motor_control'
[6.748s] INFO:colcon.colcon_core.shell:Skip shell extension 'powershell' for command environment: Not usable outside of PowerShell
[6.749s] DEBUG:colcon.colcon_core.shell:Skip shell extension 'dsv' for command environment
[8.090s] INFO:colcon.colcon_core.task.python.build:Building Python package in '/home/jetson/mecanum-ros2/src/teleop_keyboard'
[8.100s] INFO:colcon.colcon_core.shell:Skip shell extension 'powershell' for command environment: Not usable outside of PowerShell
[8.100s] DEBUG:colcon.colcon_core.shell:Skip shell extension 'dsv' for command environment
[8.135s] DEBUG:colcon.colcon_core.event_handler.log_command:Invoked command in '/home/jetson/mecanum-ros2/build/mecanum_description' returned '0': CMAKE_PREFIX_PATH=${CMAKE_PREFIX_PATH}:/home/jetson/mecanum-ros2/install/teleop_keyboard:/home/jetson/mecanum-ros2/install/motor_control:/opt/ros/galactic /usr/bin/cmake --build /home/jetson/mecanum-ros2/build/mecanum_description -- -j4 -l4
[8.272s] DEBUG:colcon.colcon_core.event_handler.log_command:Invoking command in '/home/jetson/mecanum-ros2/build/mecanum_description': CMAKE_PREFIX_PATH=${CMAKE_PREFIX_PATH}:/home/jetson/mecanum-ros2/install/teleop_keyboard:/home/jetson/mecanum-ros2/install/motor_control:/opt/ros/galactic /usr/bin/cmake --install /home/jetson/mecanum-ros2/build/mecanum_description
[8.322s] Level 1:colcon.colcon_core.environment:create_environment_scripts_only(mecanum_description)
[8.326s] DEBUG:colcon.colcon_core.event_handler.log_command:Invoked command in '/home/jetson/mecanum-ros2/build/mecanum_description' returned '0': CMAKE_PREFIX_PATH=${CMAKE_PREFIX_PATH}:/home/jetson/mecanum-ros2/install/teleop_keyboard:/home/jetson/mecanum-ros2/install/motor_control:/opt/ros/galactic /usr/bin/cmake --install /home/jetson/mecanum-ros2/build/mecanum_description
[8.369s] Level 1:colcon.colcon_core.environment:checking '/home/jetson/mecanum-ros2/install/mecanum_description' for CMake module files
[8.372s] Level 1:colcon.colcon_core.environment:checking '/home/jetson/mecanum-ros2/install/mecanum_description' for CMake config files
[8.375s] Level 1:colcon.colcon_core.shell:create_environment_hook('mecanum_description', 'cmake_prefix_path')
[8.385s] INFO:colcon.colcon_core.shell:Creating environment hook '/home/jetson/mecanum-ros2/install/mecanum_description/share/mecanum_description/hook/cmake_prefix_path.ps1'
[8.387s] INFO:colcon.colcon_core.shell:Creating environment descriptor '/home/jetson/mecanum-ros2/install/mecanum_description/share/mecanum_description/hook/cmake_prefix_path.dsv'
[8.389s] INFO:colcon.colcon_core.shell:Creating environment hook '/home/jetson/mecanum-ros2/install/mecanum_description/share/mecanum_description/hook/cmake_prefix_path.sh'
[8.392s] Level 1:colcon.colcon_core.environment:checking '/home/jetson/mecanum-ros2/install/mecanum_description/bin'
[8.392s] Level 1:colcon.colcon_core.environment:checking '/home/jetson/mecanum-ros2/install/mecanum_description/lib/pkgconfig/mecanum_description.pc'
[8.393s] Level 1:colcon.colcon_core.environment:checking '/home/jetson/mecanum-ros2/install/mecanum_description/lib/python3.8/site-packages'
[8.394s] Level 1:colcon.colcon_core.environment:checking '/home/jetson/mecanum-ros2/install/mecanum_description/bin'
[8.405s] INFO:colcon.colcon_core.shell:Creating package script '/home/jetson/mecanum-ros2/install/mecanum_description/share/mecanum_description/package.ps1'
[8.412s] INFO:colcon.colcon_core.shell:Creating package descriptor '/home/jetson/mecanum-ros2/install/mecanum_description/share/mecanum_description/package.dsv'
[8.415s] INFO:colcon.colcon_core.shell:Creating package script '/home/jetson/mecanum-ros2/install/mecanum_description/share/mecanum_description/package.sh'
[8.421s] INFO:colcon.colcon_core.shell:Creating package script '/home/jetson/mecanum-ros2/install/mecanum_description/share/mecanum_description/package.bash'
[8.426s] INFO:colcon.colcon_core.shell:Creating package script '/home/jetson/mecanum-ros2/install/mecanum_description/share/mecanum_description/package.zsh'
[8.431s] Level 1:colcon.colcon_core.environment:create_file_with_runtime_dependencies(/home/jetson/mecanum-ros2/install/mecanum_description/share/colcon-core/packages/mecanum_description)
[8.524s] Level 1:colcon.colcon_core.environment:create_environment_scripts_only(mecanum_description)
[8.538s] Level 1:colcon.colcon_core.environment:checking '/home/jetson/mecanum-ros2/install/mecanum_description' for CMake module files
[8.542s] Level 1:colcon.colcon_core.environment:checking '/home/jetson/mecanum-ros2/install/mecanum_description' for CMake config files
[8.543s] Level 1:colcon.colcon_core.shell:create_environment_hook('mecanum_description', 'cmake_prefix_path')
[8.552s] INFO:colcon.colcon_core.shell:Creating environment hook '/home/jetson/mecanum-ros2/install/mecanum_description/share/mecanum_description/hook/cmake_prefix_path.ps1'
[8.554s] INFO:colcon.colcon_core.shell:Creating environment descriptor '/home/jetson/mecanum-ros2/install/mecanum_description/share/mecanum_description/hook/cmake_prefix_path.dsv'
[8.555s] INFO:colcon.colcon_core.shell:Creating environment hook '/home/jetson/mecanum-ros2/install/mecanum_description/share/mecanum_description/hook/cmake_prefix_path.sh'
[8.558s] Level 1:colcon.colcon_core.environment:checking '/home/jetson/mecanum-ros2/install/mecanum_description/bin'
[8.558s] Level 1:colcon.colcon_core.environment:checking '/home/jetson/mecanum-ros2/install/mecanum_description/lib/pkgconfig/mecanum_description.pc'
[8.559s] Level 1:colcon.colcon_core.environment:checking '/home/jetson/mecanum-ros2/install/mecanum_description/lib/python3.8/site-packages'
[8.560s] Level 1:colcon.colcon_core.environment:checking '/home/jetson/mecanum-ros2/install/mecanum_description/bin'
[8.571s] INFO:colcon.colcon_core.shell:Creating package script '/home/jetson/mecanum-ros2/install/mecanum_description/share/mecanum_description/package.ps1'
[8.573s] INFO:colcon.colcon_core.shell:Creating package descriptor '/home/jetson/mecanum-ros2/install/mecanum_description/share/mecanum_description/package.dsv'
[8.575s] INFO:colcon.colcon_core.shell:Creating package script '/home/jetson/mecanum-ros2/install/mecanum_description/share/mecanum_description/package.sh'
[8.577s] INFO:colcon.colcon_core.shell:Creating package script '/home/jetson/mecanum-ros2/install/mecanum_description/share/mecanum_description/package.bash'
[8.579s] INFO:colcon.colcon_core.shell:Creating package script '/home/jetson/mecanum-ros2/install/mecanum_description/share/mecanum_description/package.zsh'
[8.581s] Level 1:colcon.colcon_core.environment:create_file_with_runtime_dependencies(/home/jetson/mecanum-ros2/install/mecanum_description/share/colcon-core/packages/mecanum_description)
[10.345s] DEBUG:colcon.colcon_core.event_handler.log_command:Invoking command in '/home/jetson/mecanum-ros2/src/teleop_keyboard': PYTHONPATH=/home/jetson/mecanum-ros2/build/teleop_keyboard/prefix_override:/home/jetson/mecanum-ros2/install/teleop_keyboard/lib/python3.8/site-packages:${PYTHONPATH} /usr/bin/python3 setup.py egg_info --egg-base ../../build/teleop_keyboard build --build-base /home/jetson/mecanum-ros2/build/teleop_keyboard/build install --record /home/jetson/mecanum-ros2/build/teleop_keyboard/install.log --single-version-externally-managed
[10.363s] DEBUG:colcon.colcon_core.event_handler.log_command:Invoking command in '/home/jetson/mecanum-ros2/src/motor_control': PYTHONPATH=/home/jetson/mecanum-ros2/build/motor_control/prefix_override:/home/jetson/mecanum-ros2/install/motor_control/lib/python3.8/site-packages:${PYTHONPATH} /usr/bin/python3 setup.py egg_info --egg-base ../../build/motor_control build --build-base /home/jetson/mecanum-ros2/build/motor_control/build install --record /home/jetson/mecanum-ros2/build/motor_control/install.log --single-version-externally-managed
[11.960s] Level 1:colcon.colcon_core.environment:checking '/home/jetson/mecanum-ros2/install/motor_control' for CMake module files
[11.962s] DEBUG:colcon.colcon_core.event_handler.log_command:Invoked command in '/home/jetson/mecanum-ros2/src/motor_control' returned '0': PYTHONPATH=/home/jetson/mecanum-ros2/build/motor_control/prefix_override:/home/jetson/mecanum-ros2/install/motor_control/lib/python3.8/site-packages:${PYTHONPATH} /usr/bin/python3 setup.py egg_info --egg-base ../../build/motor_control build --build-base /home/jetson/mecanum-ros2/build/motor_control/build install --record /home/jetson/mecanum-ros2/build/motor_control/install.log --single-version-externally-managed
[11.965s] Level 1:colcon.colcon_core.environment:checking '/home/jetson/mecanum-ros2/install/motor_control' for CMake config files
[11.971s] Level 1:colcon.colcon_core.environment:checking '/home/jetson/mecanum-ros2/install/motor_control/lib'
[11.972s] Level 1:colcon.colcon_core.environment:checking '/home/jetson/mecanum-ros2/install/motor_control/bin'
[11.972s] Level 1:colcon.colcon_core.environment:checking '/home/jetson/mecanum-ros2/install/motor_control/lib/pkgconfig/motor_control.pc'
[11.973s] Level 1:colcon.colcon_core.environment:checking '/home/jetson/mecanum-ros2/install/motor_control/lib/python3.8/site-packages'
[11.973s] Level 1:colcon.colcon_core.shell:create_environment_hook('motor_control', 'pythonpath')
[11.982s] INFO:colcon.colcon_core.shell:Creating environment hook '/home/jetson/mecanum-ros2/install/motor_control/share/motor_control/hook/pythonpath.ps1'
[11.984s] INFO:colcon.colcon_core.shell:Creating environment descriptor '/home/jetson/mecanum-ros2/install/motor_control/share/motor_control/hook/pythonpath.dsv'
[11.985s] INFO:colcon.colcon_core.shell:Creating environment hook '/home/jetson/mecanum-ros2/install/motor_control/share/motor_control/hook/pythonpath.sh'
[11.987s] Level 1:colcon.colcon_core.environment:checking '/home/jetson/mecanum-ros2/install/motor_control/bin'
[11.987s] Level 1:colcon.colcon_core.environment:create_environment_scripts_only(motor_control)
[11.997s] INFO:colcon.colcon_core.shell:Creating package script '/home/jetson/mecanum-ros2/install/motor_control/share/motor_control/package.ps1'
[11.999s] INFO:colcon.colcon_core.shell:Creating package descriptor '/home/jetson/mecanum-ros2/install/motor_control/share/motor_control/package.dsv'
[12.001s] INFO:colcon.colcon_core.shell:Creating package script '/home/jetson/mecanum-ros2/install/motor_control/share/motor_control/package.sh'
[12.004s] INFO:colcon.colcon_core.shell:Creating package script '/home/jetson/mecanum-ros2/install/motor_control/share/motor_control/package.bash'
[12.005s] INFO:colcon.colcon_core.shell:Creating package script '/home/jetson/mecanum-ros2/install/motor_control/share/motor_control/package.zsh'
[12.006s] Level 1:colcon.colcon_core.environment:create_file_with_runtime_dependencies(/home/jetson/mecanum-ros2/install/motor_control/share/colcon-core/packages/motor_control)
[12.023s] Level 1:colcon.colcon_core.environment:checking '/home/jetson/mecanum-ros2/install/teleop_keyboard' for CMake module files
[12.026s] DEBUG:colcon.colcon_core.event_handler.log_command:Invoked command in '/home/jetson/mecanum-ros2/src/teleop_keyboard' returned '0': PYTHONPATH=/home/jetson/mecanum-ros2/build/teleop_keyboard/prefix_override:/home/jetson/mecanum-ros2/install/teleop_keyboard/lib/python3.8/site-packages:${PYTHONPATH} /usr/bin/python3 setup.py egg_info --egg-base ../../build/teleop_keyboard build --build-base /home/jetson/mecanum-ros2/build/teleop_keyboard/build install --record /home/jetson/mecanum-ros2/build/teleop_keyboard/install.log --single-version-externally-managed
[12.027s] Level 1:colcon.colcon_core.environment:checking '/home/jetson/mecanum-ros2/install/teleop_keyboard' for CMake config files
[12.030s] Level 1:colcon.colcon_core.environment:checking '/home/jetson/mecanum-ros2/install/teleop_keyboard/lib'
[12.030s] Level 1:colcon.colcon_core.environment:checking '/home/jetson/mecanum-ros2/install/teleop_keyboard/bin'
[12.030s] Level 1:colcon.colcon_core.environment:checking '/home/jetson/mecanum-ros2/install/teleop_keyboard/lib/pkgconfig/teleop_keyboard.pc'
[12.031s] Level 1:colcon.colcon_core.environment:checking '/home/jetson/mecanum-ros2/install/teleop_keyboard/lib/python3.8/site-packages'
[12.031s] Level 1:colcon.colcon_core.shell:create_environment_hook('teleop_keyboard', 'pythonpath')
[12.040s] INFO:colcon.colcon_core.shell:Creating environment hook '/home/jetson/mecanum-ros2/install/teleop_keyboard/share/teleop_keyboard/hook/pythonpath.ps1'
[12.042s] INFO:colcon.colcon_core.shell:Creating environment descriptor '/home/jetson/mecanum-ros2/install/teleop_keyboard/share/teleop_keyboard/hook/pythonpath.dsv'
[12.043s] INFO:colcon.colcon_core.shell:Creating environment hook '/home/jetson/mecanum-ros2/install/teleop_keyboard/share/teleop_keyboard/hook/pythonpath.sh'
[12.045s] Level 1:colcon.colcon_core.environment:checking '/home/jetson/mecanum-ros2/install/teleop_keyboard/bin'
[12.045s] Level 1:colcon.colcon_core.environment:create_environment_scripts_only(teleop_keyboard)
[12.055s] INFO:colcon.colcon_core.shell:Creating package script '/home/jetson/mecanum-ros2/install/teleop_keyboard/share/teleop_keyboard/package.ps1'
[12.057s] INFO:colcon.colcon_core.shell:Creating package descriptor '/home/jetson/mecanum-ros2/install/teleop_keyboard/share/teleop_keyboard/package.dsv'
[12.059s] INFO:colcon.colcon_core.shell:Creating package script '/home/jetson/mecanum-ros2/install/teleop_keyboard/share/teleop_keyboard/package.sh'
[12.061s] INFO:colcon.colcon_core.shell:Creating package script '/home/jetson/mecanum-ros2/install/teleop_keyboard/share/teleop_keyboard/package.bash'
[12.062s] INFO:colcon.colcon_core.shell:Creating package script '/home/jetson/mecanum-ros2/install/teleop_keyboard/share/teleop_keyboard/package.zsh'
[12.063s] Level 1:colcon.colcon_core.environment:create_file_with_runtime_dependencies(/home/jetson/mecanum-ros2/install/teleop_keyboard/share/colcon-core/packages/teleop_keyboard)
[12.064s] DEBUG:colcon.colcon_parallel_executor.executor.parallel:closing loop
[12.065s] DEBUG:colcon.colcon_parallel_executor.executor.parallel:loop closed
[12.066s] DEBUG:colcon.colcon_parallel_executor.executor.parallel:run_until_complete finished with '0'
[12.066s] DEBUG:colcon.colcon_core.event_reactor:joining thread
[12.122s] INFO:colcon.colcon_core.plugin_system:Skipping extension 'colcon_notification.desktop_notification.terminal_notifier': Not used on non-Darwin systems
[12.122s] INFO:colcon.colcon_core.plugin_system:Skipping extension 'colcon_notification.desktop_notification.win32': Not used on non-Windows systems
[12.122s] INFO:colcon.colcon_notification.desktop_notification:Sending desktop notification using 'notify2'
[12.181s] DEBUG:colcon.colcon_core.event_reactor:joined thread
[12.190s] INFO:colcon.colcon_core.shell:Creating prefix script '/home/jetson/mecanum-ros2/install/local_setup.ps1'
[12.198s] INFO:colcon.colcon_core.shell:Creating prefix util module '/home/jetson/mecanum-ros2/install/_local_setup_util_ps1.py'
[12.206s] INFO:colcon.colcon_core.shell:Creating prefix chain script '/home/jetson/mecanum-ros2/install/setup.ps1'
[12.214s] INFO:colcon.colcon_core.shell:Creating prefix script '/home/jetson/mecanum-ros2/install/local_setup.sh'
[12.219s] INFO:colcon.colcon_core.shell:Creating prefix util module '/home/jetson/mecanum-ros2/install/_local_setup_util_sh.py'
[12.221s] INFO:colcon.colcon_core.shell:Creating prefix chain script '/home/jetson/mecanum-ros2/install/setup.sh'
[12.229s] INFO:colcon.colcon_core.shell:Creating prefix script '/home/jetson/mecanum-ros2/install/local_setup.bash'
[12.251s] INFO:colcon.colcon_core.shell:Creating prefix chain script '/home/jetson/mecanum-ros2/install/setup.bash'
[12.259s] INFO:colcon.colcon_core.shell:Creating prefix script '/home/jetson/mecanum-ros2/install/local_setup.zsh'
[12.262s] INFO:colcon.colcon_core.shell:Creating prefix chain script '/home/jetson/mecanum-ros2/install/setup.zsh'
