[6.131s] Invoking command in '/home/jetson/mecanum-ros2/src/teleop_keyboard': PYTHONPATH=/home/jetson/mecanum-ros2/build/teleop_keyboard/prefix_override:/home/jetson/mecanum-ros2/install/teleop_keyboard/lib/python3.8/site-packages:${PYTHONPATH} /usr/bin/python3 setup.py egg_info --egg-base ../../build/teleop_keyboard build --build-base /home/jetson/mecanum-ros2/build/teleop_keyboard/build install --record /home/jetson/mecanum-ros2/build/teleop_keyboard/install.log --single-version-externally-managed
[8.018s] running egg_info
[8.021s] creating ../../build/teleop_keyboard/teleop_keyboard.egg-info
[8.023s] writing ../../build/teleop_keyboard/teleop_keyboard.egg-info/PKG-INFO
[8.025s] writing dependency_links to ../../build/teleop_keyboard/teleop_keyboard.egg-info/dependency_links.txt
[8.027s] writing entry points to ../../build/teleop_keyboard/teleop_keyboard.egg-info/entry_points.txt
[8.028s] writing requirements to ../../build/teleop_keyboard/teleop_keyboard.egg-info/requires.txt
[8.028s] writing top-level names to ../../build/teleop_keyboard/teleop_keyboard.egg-info/top_level.txt
[8.038s] writing manifest file '../../build/teleop_keyboard/teleop_keyboard.egg-info/SOURCES.txt'
[8.049s] reading manifest file '../../build/teleop_keyboard/teleop_keyboard.egg-info/SOURCES.txt'
[8.055s] writing manifest file '../../build/teleop_keyboard/teleop_keyboard.egg-info/SOURCES.txt'
[8.056s] running build
[8.057s] running build_py
[8.059s] creating /home/jetson/mecanum-ros2/build/teleop_keyboard/build
[8.060s] creating /home/jetson/mecanum-ros2/build/teleop_keyboard/build/lib
[8.060s] creating /home/jetson/mecanum-ros2/build/teleop_keyboard/build/lib/teleop_keyboard
[8.061s] copying teleop_keyboard/__init__.py -> /home/jetson/mecanum-ros2/build/teleop_keyboard/build/lib/teleop_keyboard
[8.061s] copying teleop_keyboard/teleop_keyboard.py -> /home/jetson/mecanum-ros2/build/teleop_keyboard/build/lib/teleop_keyboard
[8.197s] running install
[8.202s] running install_lib
[8.207s] creating /home/jetson/mecanum-ros2/install/teleop_keyboard/lib/python3.8/site-packages/teleop_keyboard
[8.208s] copying /home/jetson/mecanum-ros2/build/teleop_keyboard/build/lib/teleop_keyboard/__init__.py -> /home/jetson/mecanum-ros2/install/teleop_keyboard/lib/python3.8/site-packages/teleop_keyboard
[8.209s] copying /home/jetson/mecanum-ros2/build/teleop_keyboard/build/lib/teleop_keyboard/teleop_keyboard.py -> /home/jetson/mecanum-ros2/install/teleop_keyboard/lib/python3.8/site-packages/teleop_keyboard
[8.212s] byte-compiling /home/jetson/mecanum-ros2/install/teleop_keyboard/lib/python3.8/site-packages/teleop_keyboard/__init__.py to __init__.cpython-38.pyc
[8.213s] byte-compiling /home/jetson/mecanum-ros2/install/teleop_keyboard/lib/python3.8/site-packages/teleop_keyboard/teleop_keyboard.py to teleop_keyboard.cpython-38.pyc
[8.218s] running install_data
[8.222s] creating /home/jetson/mecanum-ros2/install/teleop_keyboard/share/ament_index
[8.223s] creating /home/jetson/mecanum-ros2/install/teleop_keyboard/share/ament_index/resource_index
[8.224s] creating /home/jetson/mecanum-ros2/install/teleop_keyboard/share/ament_index/resource_index/packages
[8.224s] copying resource/teleop_keyboard -> /home/jetson/mecanum-ros2/install/teleop_keyboard/share/ament_index/resource_index/packages
[8.225s] copying package.xml -> /home/jetson/mecanum-ros2/install/teleop_keyboard/share/teleop_keyboard
[8.225s] running install_egg_info
[8.233s] Copying ../../build/teleop_keyboard/teleop_keyboard.egg-info to /home/jetson/mecanum-ros2/install/teleop_keyboard/lib/python3.8/site-packages/teleop_keyboard-0.0.1-py3.8.egg-info
[8.237s] running install_scripts
[8.314s] Installing teleop_keyboard script to /home/jetson/mecanum-ros2/install/teleop_keyboard/lib/teleop_keyboard
[8.315s] writing list of installed files to '/home/jetson/mecanum-ros2/build/teleop_keyboard/install.log'
[8.428s] Invoked command in '/home/jetson/mecanum-ros2/src/teleop_keyboard' returned '0': PYTHONPATH=/home/jetson/mecanum-ros2/build/teleop_keyboard/prefix_override:/home/jetson/mecanum-ros2/install/teleop_keyboard/lib/python3.8/site-packages:${PYTHONPATH} /usr/bin/python3 setup.py egg_info --egg-base ../../build/teleop_keyboard build --build-base /home/jetson/mecanum-ros2/build/teleop_keyboard/build install --record /home/jetson/mecanum-ros2/build/teleop_keyboard/install.log --single-version-externally-managed
