[0.177s] DEBUG:colcon:Command line arguments: ['/usr/bin/colcon', 'build']
[0.178s] DEBUG:colcon:Parsed command line arguments: Namespace(allow_overriding=[], ament_cmake_args=None, base_paths=['.'], build_base='build', catkin_cmake_args=None, catkin_skip_building_tests=False, cmake_args=None, cmake_clean_cache=False, cmake_clean_first=False, cmake_force_configure=False, cmake_target=None, cmake_target_skip_unavailable=False, continue_on_error=False, event_handlers=None, executor='parallel', ignore_user_meta=False, install_base='install', log_base=None, log_level=None, main=<bound method BuildVerb.main of <colcon_core.verb.build.BuildVerb object at 0x7f73c141a670>>, merge_install=False, metas=['./colcon.meta'], mixin=None, mixin_files=None, mixin_verb=('build',), packages_above=None, packages_above_and_dependencies=None, packages_above_depth=None, packages_end=None, packages_ignore=None, packages_ignore_regex=None, packages_select=None, packages_select_build_failed=False, packages_select_by_dep=None, packages_select_regex=None, packages_select_test_failures=False, packages_skip=None, packages_skip_build_finished=False, packages_skip_by_dep=None, packages_skip_regex=None, packages_skip_test_passed=False, packages_skip_up_to=None, packages_start=None, packages_up_to=None, packages_up_to_regex=None, parallel_workers=16, paths=None, symlink_install=False, test_result_base=None, verb_extension=<colcon_core.verb.build.BuildVerb object at 0x7f73c141a670>, verb_name='build', verb_parser=<colcon_mixin.mixin.mixin_argument.MixinArgumentDecorator object at 0x7f73c141acd0>)
[0.204s] Level 1:colcon.colcon_core.package_discovery:discover_packages(colcon_meta) check parameters
[0.204s] Level 1:colcon.colcon_core.package_discovery:discover_packages(recursive) check parameters
[0.204s] Level 1:colcon.colcon_core.package_discovery:discover_packages(ignore) check parameters
[0.204s] Level 1:colcon.colcon_core.package_discovery:discover_packages(path) check parameters
[0.204s] Level 1:colcon.colcon_core.package_discovery:discover_packages(colcon_meta) discover
[0.204s] Level 1:colcon.colcon_core.package_discovery:discover_packages(recursive) discover
[0.204s] INFO:colcon.colcon_core.package_discovery:Crawling recursively for packages in '/home/ohj/mecanum-ros2'
[0.204s] Level 1:colcon.colcon_core.package_identification:_identify(.) by extensions ['ignore', 'ignore_ament_install']
[0.204s] Level 1:colcon.colcon_core.package_identification:_identify(.) by extension 'ignore'
[0.204s] Level 1:colcon.colcon_core.package_identification:_identify(.) by extension 'ignore_ament_install'
[0.204s] Level 1:colcon.colcon_core.package_identification:_identify(.) by extensions ['colcon_pkg']
[0.204s] Level 1:colcon.colcon_core.package_identification:_identify(.) by extension 'colcon_pkg'
[0.204s] Level 1:colcon.colcon_core.package_identification:_identify(.) by extensions ['colcon_meta']
[0.204s] Level 1:colcon.colcon_core.package_identification:_identify(.) by extension 'colcon_meta'
[0.204s] Level 1:colcon.colcon_core.package_identification:_identify(.) by extensions ['ros']
[0.204s] Level 1:colcon.colcon_core.package_identification:_identify(.) by extension 'ros'
[0.219s] Level 1:colcon.colcon_core.package_identification:_identify(.) by extensions ['cmake', 'python']
[0.219s] Level 1:colcon.colcon_core.package_identification:_identify(.) by extension 'cmake'
[0.219s] Level 1:colcon.colcon_core.package_identification:_identify(.) by extension 'python'
[0.219s] Level 1:colcon.colcon_core.package_identification:_identify(.) by extensions ['python_setup_py']
[0.219s] Level 1:colcon.colcon_core.package_identification:_identify(.) by extension 'python_setup_py'
[0.220s] Level 1:colcon.colcon_core.package_identification:_identify(arduino_test_folder) by extensions ['ignore', 'ignore_ament_install']
[0.220s] Level 1:colcon.colcon_core.package_identification:_identify(arduino_test_folder) by extension 'ignore'
[0.220s] Level 1:colcon.colcon_core.package_identification:_identify(arduino_test_folder) by extension 'ignore_ament_install'
[0.220s] Level 1:colcon.colcon_core.package_identification:_identify(arduino_test_folder) by extensions ['colcon_pkg']
[0.220s] Level 1:colcon.colcon_core.package_identification:_identify(arduino_test_folder) by extension 'colcon_pkg'
[0.220s] Level 1:colcon.colcon_core.package_identification:_identify(arduino_test_folder) by extensions ['colcon_meta']
[0.220s] Level 1:colcon.colcon_core.package_identification:_identify(arduino_test_folder) by extension 'colcon_meta'
[0.220s] Level 1:colcon.colcon_core.package_identification:_identify(arduino_test_folder) by extensions ['ros']
[0.220s] Level 1:colcon.colcon_core.package_identification:_identify(arduino_test_folder) by extension 'ros'
[0.220s] Level 1:colcon.colcon_core.package_identification:_identify(arduino_test_folder) by extensions ['cmake', 'python']
[0.220s] Level 1:colcon.colcon_core.package_identification:_identify(arduino_test_folder) by extension 'cmake'
[0.220s] Level 1:colcon.colcon_core.package_identification:_identify(arduino_test_folder) by extension 'python'
[0.220s] Level 1:colcon.colcon_core.package_identification:_identify(arduino_test_folder) by extensions ['python_setup_py']
[0.220s] Level 1:colcon.colcon_core.package_identification:_identify(arduino_test_folder) by extension 'python_setup_py'
[0.220s] Level 1:colcon.colcon_core.package_identification:_identify(arduino_test_folder/modefied_code_motor_control_master) by extensions ['ignore', 'ignore_ament_install']
[0.220s] Level 1:colcon.colcon_core.package_identification:_identify(arduino_test_folder/modefied_code_motor_control_master) by extension 'ignore'
[0.220s] Level 1:colcon.colcon_core.package_identification:_identify(arduino_test_folder/modefied_code_motor_control_master) by extension 'ignore_ament_install'
[0.220s] Level 1:colcon.colcon_core.package_identification:_identify(arduino_test_folder/modefied_code_motor_control_master) by extensions ['colcon_pkg']
[0.220s] Level 1:colcon.colcon_core.package_identification:_identify(arduino_test_folder/modefied_code_motor_control_master) by extension 'colcon_pkg'
[0.220s] Level 1:colcon.colcon_core.package_identification:_identify(arduino_test_folder/modefied_code_motor_control_master) by extensions ['colcon_meta']
[0.220s] Level 1:colcon.colcon_core.package_identification:_identify(arduino_test_folder/modefied_code_motor_control_master) by extension 'colcon_meta'
[0.220s] Level 1:colcon.colcon_core.package_identification:_identify(arduino_test_folder/modefied_code_motor_control_master) by extensions ['ros']
[0.220s] Level 1:colcon.colcon_core.package_identification:_identify(arduino_test_folder/modefied_code_motor_control_master) by extension 'ros'
[0.220s] Level 1:colcon.colcon_core.package_identification:_identify(arduino_test_folder/modefied_code_motor_control_master) by extensions ['cmake', 'python']
[0.220s] Level 1:colcon.colcon_core.package_identification:_identify(arduino_test_folder/modefied_code_motor_control_master) by extension 'cmake'
[0.221s] Level 1:colcon.colcon_core.package_identification:_identify(arduino_test_folder/modefied_code_motor_control_master) by extension 'python'
[0.221s] Level 1:colcon.colcon_core.package_identification:_identify(arduino_test_folder/modefied_code_motor_control_master) by extensions ['python_setup_py']
[0.221s] Level 1:colcon.colcon_core.package_identification:_identify(arduino_test_folder/modefied_code_motor_control_master) by extension 'python_setup_py'
[0.221s] Level 1:colcon.colcon_core.package_identification:_identify(arduino_test_folder/modefied_code_motor_control_master (copy)) by extensions ['ignore', 'ignore_ament_install']
[0.221s] Level 1:colcon.colcon_core.package_identification:_identify(arduino_test_folder/modefied_code_motor_control_master (copy)) by extension 'ignore'
[0.221s] Level 1:colcon.colcon_core.package_identification:_identify(arduino_test_folder/modefied_code_motor_control_master (copy)) by extension 'ignore_ament_install'
[0.221s] Level 1:colcon.colcon_core.package_identification:_identify(arduino_test_folder/modefied_code_motor_control_master (copy)) by extensions ['colcon_pkg']
[0.221s] Level 1:colcon.colcon_core.package_identification:_identify(arduino_test_folder/modefied_code_motor_control_master (copy)) by extension 'colcon_pkg'
[0.221s] Level 1:colcon.colcon_core.package_identification:_identify(arduino_test_folder/modefied_code_motor_control_master (copy)) by extensions ['colcon_meta']
[0.221s] Level 1:colcon.colcon_core.package_identification:_identify(arduino_test_folder/modefied_code_motor_control_master (copy)) by extension 'colcon_meta'
[0.221s] Level 1:colcon.colcon_core.package_identification:_identify(arduino_test_folder/modefied_code_motor_control_master (copy)) by extensions ['ros']
[0.221s] Level 1:colcon.colcon_core.package_identification:_identify(arduino_test_folder/modefied_code_motor_control_master (copy)) by extension 'ros'
[0.221s] Level 1:colcon.colcon_core.package_identification:_identify(arduino_test_folder/modefied_code_motor_control_master (copy)) by extensions ['cmake', 'python']
[0.221s] Level 1:colcon.colcon_core.package_identification:_identify(arduino_test_folder/modefied_code_motor_control_master (copy)) by extension 'cmake'
[0.221s] Level 1:colcon.colcon_core.package_identification:_identify(arduino_test_folder/modefied_code_motor_control_master (copy)) by extension 'python'
[0.221s] Level 1:colcon.colcon_core.package_identification:_identify(arduino_test_folder/modefied_code_motor_control_master (copy)) by extensions ['python_setup_py']
[0.221s] Level 1:colcon.colcon_core.package_identification:_identify(arduino_test_folder/modefied_code_motor_control_master (copy)) by extension 'python_setup_py'
[0.221s] Level 1:colcon.colcon_core.package_identification:_identify(arduino_test_folder/modefied_code_motor_control_slave) by extensions ['ignore', 'ignore_ament_install']
[0.221s] Level 1:colcon.colcon_core.package_identification:_identify(arduino_test_folder/modefied_code_motor_control_slave) by extension 'ignore'
[0.221s] Level 1:colcon.colcon_core.package_identification:_identify(arduino_test_folder/modefied_code_motor_control_slave) by extension 'ignore_ament_install'
[0.221s] Level 1:colcon.colcon_core.package_identification:_identify(arduino_test_folder/modefied_code_motor_control_slave) by extensions ['colcon_pkg']
[0.221s] Level 1:colcon.colcon_core.package_identification:_identify(arduino_test_folder/modefied_code_motor_control_slave) by extension 'colcon_pkg'
[0.221s] Level 1:colcon.colcon_core.package_identification:_identify(arduino_test_folder/modefied_code_motor_control_slave) by extensions ['colcon_meta']
[0.221s] Level 1:colcon.colcon_core.package_identification:_identify(arduino_test_folder/modefied_code_motor_control_slave) by extension 'colcon_meta'
[0.222s] Level 1:colcon.colcon_core.package_identification:_identify(arduino_test_folder/modefied_code_motor_control_slave) by extensions ['ros']
[0.222s] Level 1:colcon.colcon_core.package_identification:_identify(arduino_test_folder/modefied_code_motor_control_slave) by extension 'ros'
[0.222s] Level 1:colcon.colcon_core.package_identification:_identify(arduino_test_folder/modefied_code_motor_control_slave) by extensions ['cmake', 'python']
[0.222s] Level 1:colcon.colcon_core.package_identification:_identify(arduino_test_folder/modefied_code_motor_control_slave) by extension 'cmake'
[0.222s] Level 1:colcon.colcon_core.package_identification:_identify(arduino_test_folder/modefied_code_motor_control_slave) by extension 'python'
[0.222s] Level 1:colcon.colcon_core.package_identification:_identify(arduino_test_folder/modefied_code_motor_control_slave) by extensions ['python_setup_py']
[0.222s] Level 1:colcon.colcon_core.package_identification:_identify(arduino_test_folder/modefied_code_motor_control_slave) by extension 'python_setup_py'
[0.222s] Level 1:colcon.colcon_core.package_identification:_identify(arduino_test_folder/modefied_code_motor_control_slave (copy)) by extensions ['ignore', 'ignore_ament_install']
[0.222s] Level 1:colcon.colcon_core.package_identification:_identify(arduino_test_folder/modefied_code_motor_control_slave (copy)) by extension 'ignore'
[0.222s] Level 1:colcon.colcon_core.package_identification:_identify(arduino_test_folder/modefied_code_motor_control_slave (copy)) by extension 'ignore_ament_install'
[0.222s] Level 1:colcon.colcon_core.package_identification:_identify(arduino_test_folder/modefied_code_motor_control_slave (copy)) by extensions ['colcon_pkg']
[0.222s] Level 1:colcon.colcon_core.package_identification:_identify(arduino_test_folder/modefied_code_motor_control_slave (copy)) by extension 'colcon_pkg'
[0.222s] Level 1:colcon.colcon_core.package_identification:_identify(arduino_test_folder/modefied_code_motor_control_slave (copy)) by extensions ['colcon_meta']
[0.222s] Level 1:colcon.colcon_core.package_identification:_identify(arduino_test_folder/modefied_code_motor_control_slave (copy)) by extension 'colcon_meta'
[0.222s] Level 1:colcon.colcon_core.package_identification:_identify(arduino_test_folder/modefied_code_motor_control_slave (copy)) by extensions ['ros']
[0.222s] Level 1:colcon.colcon_core.package_identification:_identify(arduino_test_folder/modefied_code_motor_control_slave (copy)) by extension 'ros'
[0.222s] Level 1:colcon.colcon_core.package_identification:_identify(arduino_test_folder/modefied_code_motor_control_slave (copy)) by extensions ['cmake', 'python']
[0.222s] Level 1:colcon.colcon_core.package_identification:_identify(arduino_test_folder/modefied_code_motor_control_slave (copy)) by extension 'cmake'
[0.222s] Level 1:colcon.colcon_core.package_identification:_identify(arduino_test_folder/modefied_code_motor_control_slave (copy)) by extension 'python'
[0.222s] Level 1:colcon.colcon_core.package_identification:_identify(arduino_test_folder/modefied_code_motor_control_slave (copy)) by extensions ['python_setup_py']
[0.222s] Level 1:colcon.colcon_core.package_identification:_identify(arduino_test_folder/modefied_code_motor_control_slave (copy)) by extension 'python_setup_py'
[0.222s] Level 1:colcon.colcon_core.package_identification:_identify(build) by extensions ['ignore', 'ignore_ament_install']
[0.222s] Level 1:colcon.colcon_core.package_identification:_identify(build) by extension 'ignore'
[0.222s] Level 1:colcon.colcon_core.package_identification:_identify(build) ignored
[0.222s] Level 1:colcon.colcon_core.package_identification:_identify(install) by extensions ['ignore', 'ignore_ament_install']
[0.222s] Level 1:colcon.colcon_core.package_identification:_identify(install) by extension 'ignore'
[0.223s] Level 1:colcon.colcon_core.package_identification:_identify(install) ignored
[0.223s] Level 1:colcon.colcon_core.package_identification:_identify(log) by extensions ['ignore', 'ignore_ament_install']
[0.223s] Level 1:colcon.colcon_core.package_identification:_identify(log) by extension 'ignore'
[0.223s] Level 1:colcon.colcon_core.package_identification:_identify(log) ignored
[0.223s] Level 1:colcon.colcon_core.package_identification:_identify(spi_test_folder) by extensions ['ignore', 'ignore_ament_install']
[0.223s] Level 1:colcon.colcon_core.package_identification:_identify(spi_test_folder) by extension 'ignore'
[0.223s] Level 1:colcon.colcon_core.package_identification:_identify(spi_test_folder) by extension 'ignore_ament_install'
[0.223s] Level 1:colcon.colcon_core.package_identification:_identify(spi_test_folder) by extensions ['colcon_pkg']
[0.223s] Level 1:colcon.colcon_core.package_identification:_identify(spi_test_folder) by extension 'colcon_pkg'
[0.223s] Level 1:colcon.colcon_core.package_identification:_identify(spi_test_folder) by extensions ['colcon_meta']
[0.223s] Level 1:colcon.colcon_core.package_identification:_identify(spi_test_folder) by extension 'colcon_meta'
[0.223s] Level 1:colcon.colcon_core.package_identification:_identify(spi_test_folder) by extensions ['ros']
[0.223s] Level 1:colcon.colcon_core.package_identification:_identify(spi_test_folder) by extension 'ros'
[0.223s] Level 1:colcon.colcon_core.package_identification:_identify(spi_test_folder) by extensions ['cmake', 'python']
[0.223s] Level 1:colcon.colcon_core.package_identification:_identify(spi_test_folder) by extension 'cmake'
[0.223s] Level 1:colcon.colcon_core.package_identification:_identify(spi_test_folder) by extension 'python'
[0.223s] Level 1:colcon.colcon_core.package_identification:_identify(spi_test_folder) by extensions ['python_setup_py']
[0.223s] Level 1:colcon.colcon_core.package_identification:_identify(spi_test_folder) by extension 'python_setup_py'
[0.223s] Level 1:colcon.colcon_core.package_identification:_identify(src) by extensions ['ignore', 'ignore_ament_install']
[0.223s] Level 1:colcon.colcon_core.package_identification:_identify(src) by extension 'ignore'
[0.223s] Level 1:colcon.colcon_core.package_identification:_identify(src) by extension 'ignore_ament_install'
[0.223s] Level 1:colcon.colcon_core.package_identification:_identify(src) by extensions ['colcon_pkg']
[0.223s] Level 1:colcon.colcon_core.package_identification:_identify(src) by extension 'colcon_pkg'
[0.223s] Level 1:colcon.colcon_core.package_identification:_identify(src) by extensions ['colcon_meta']
[0.223s] Level 1:colcon.colcon_core.package_identification:_identify(src) by extension 'colcon_meta'
[0.223s] Level 1:colcon.colcon_core.package_identification:_identify(src) by extensions ['ros']
[0.223s] Level 1:colcon.colcon_core.package_identification:_identify(src) by extension 'ros'
[0.223s] Level 1:colcon.colcon_core.package_identification:_identify(src) by extensions ['cmake', 'python']
[0.223s] Level 1:colcon.colcon_core.package_identification:_identify(src) by extension 'cmake'
[0.223s] Level 1:colcon.colcon_core.package_identification:_identify(src) by extension 'python'
[0.223s] Level 1:colcon.colcon_core.package_identification:_identify(src) by extensions ['python_setup_py']
[0.223s] Level 1:colcon.colcon_core.package_identification:_identify(src) by extension 'python_setup_py'
[0.224s] Level 1:colcon.colcon_core.package_identification:_identify(src/mecanum_description) by extensions ['ignore', 'ignore_ament_install']
[0.224s] Level 1:colcon.colcon_core.package_identification:_identify(src/mecanum_description) by extension 'ignore'
[0.224s] Level 1:colcon.colcon_core.package_identification:_identify(src/mecanum_description) by extension 'ignore_ament_install'
[0.224s] Level 1:colcon.colcon_core.package_identification:_identify(src/mecanum_description) by extensions ['colcon_pkg']
[0.224s] Level 1:colcon.colcon_core.package_identification:_identify(src/mecanum_description) by extension 'colcon_pkg'
[0.224s] Level 1:colcon.colcon_core.package_identification:_identify(src/mecanum_description) by extensions ['colcon_meta']
[0.224s] Level 1:colcon.colcon_core.package_identification:_identify(src/mecanum_description) by extension 'colcon_meta'
[0.224s] Level 1:colcon.colcon_core.package_identification:_identify(src/mecanum_description) by extensions ['ros']
[0.224s] Level 1:colcon.colcon_core.package_identification:_identify(src/mecanum_description) by extension 'ros'
[0.226s] DEBUG:colcon.colcon_core.package_identification:Package 'src/mecanum_description' with type 'ros.ament_cmake' and name 'mecanum_description'
[0.226s] Level 1:colcon.colcon_core.package_identification:_identify(src/motor_control) by extensions ['ignore', 'ignore_ament_install']
[0.226s] Level 1:colcon.colcon_core.package_identification:_identify(src/motor_control) by extension 'ignore'
[0.226s] Level 1:colcon.colcon_core.package_identification:_identify(src/motor_control) by extension 'ignore_ament_install'
[0.226s] Level 1:colcon.colcon_core.package_identification:_identify(src/motor_control) by extensions ['colcon_pkg']
[0.226s] Level 1:colcon.colcon_core.package_identification:_identify(src/motor_control) by extension 'colcon_pkg'
[0.226s] Level 1:colcon.colcon_core.package_identification:_identify(src/motor_control) by extensions ['colcon_meta']
[0.226s] Level 1:colcon.colcon_core.package_identification:_identify(src/motor_control) by extension 'colcon_meta'
[0.226s] Level 1:colcon.colcon_core.package_identification:_identify(src/motor_control) by extensions ['ros']
[0.226s] Level 1:colcon.colcon_core.package_identification:_identify(src/motor_control) by extension 'ros'
[0.227s] DEBUG:colcon.colcon_core.package_identification:Package 'src/motor_control' with type 'ros.ament_python' and name 'motor_control'
[0.227s] Level 1:colcon.colcon_core.package_identification:_identify(src/teleop_keyboard) by extensions ['ignore', 'ignore_ament_install']
[0.227s] Level 1:colcon.colcon_core.package_identification:_identify(src/teleop_keyboard) by extension 'ignore'
[0.227s] Level 1:colcon.colcon_core.package_identification:_identify(src/teleop_keyboard) by extension 'ignore_ament_install'
[0.227s] Level 1:colcon.colcon_core.package_identification:_identify(src/teleop_keyboard) by extensions ['colcon_pkg']
[0.227s] Level 1:colcon.colcon_core.package_identification:_identify(src/teleop_keyboard) by extension 'colcon_pkg'
[0.227s] Level 1:colcon.colcon_core.package_identification:_identify(src/teleop_keyboard) by extensions ['colcon_meta']
[0.227s] Level 1:colcon.colcon_core.package_identification:_identify(src/teleop_keyboard) by extension 'colcon_meta'
[0.227s] Level 1:colcon.colcon_core.package_identification:_identify(src/teleop_keyboard) by extensions ['ros']
[0.227s] Level 1:colcon.colcon_core.package_identification:_identify(src/teleop_keyboard) by extension 'ros'
[0.228s] DEBUG:colcon.colcon_core.package_identification:Package 'src/teleop_keyboard' with type 'ros.ament_python' and name 'teleop_keyboard'
[0.228s] Level 1:colcon.colcon_core.package_identification:_identify(src/ydlidar_ros2) by extensions ['ignore', 'ignore_ament_install']
[0.228s] Level 1:colcon.colcon_core.package_identification:_identify(src/ydlidar_ros2) by extension 'ignore'
[0.228s] Level 1:colcon.colcon_core.package_identification:_identify(src/ydlidar_ros2) by extension 'ignore_ament_install'
[0.228s] Level 1:colcon.colcon_core.package_identification:_identify(src/ydlidar_ros2) by extensions ['colcon_pkg']
[0.228s] Level 1:colcon.colcon_core.package_identification:_identify(src/ydlidar_ros2) by extension 'colcon_pkg'
[0.228s] Level 1:colcon.colcon_core.package_identification:_identify(src/ydlidar_ros2) by extensions ['colcon_meta']
[0.228s] Level 1:colcon.colcon_core.package_identification:_identify(src/ydlidar_ros2) by extension 'colcon_meta'
[0.228s] Level 1:colcon.colcon_core.package_identification:_identify(src/ydlidar_ros2) by extensions ['ros']
[0.228s] Level 1:colcon.colcon_core.package_identification:_identify(src/ydlidar_ros2) by extension 'ros'
[0.229s] DEBUG:colcon.colcon_core.package_identification:Package 'src/ydlidar_ros2' with type 'ros.ament_cmake' and name 'ydlidar'
[0.229s] Level 1:colcon.colcon_core.package_discovery:discover_packages(recursive) using defaults
[0.229s] Level 1:colcon.colcon_core.package_discovery:discover_packages(ignore) discover
[0.229s] Level 1:colcon.colcon_core.package_discovery:discover_packages(ignore) using defaults
[0.229s] Level 1:colcon.colcon_core.package_discovery:discover_packages(path) discover
[0.229s] Level 1:colcon.colcon_core.package_discovery:discover_packages(path) using defaults
[0.246s] Level 1:colcon.colcon_core.package_discovery:discover_packages(prefix_path) check parameters
[0.246s] Level 1:colcon.colcon_core.package_discovery:discover_packages(prefix_path) discover
[0.249s] DEBUG:colcon.colcon_installed_package_information.package_discovery:Found 375 installed packages in /opt/ros/galactic
[0.250s] Level 1:colcon.colcon_core.package_discovery:discover_packages(prefix_path) using defaults
[0.312s] Level 5:colcon.colcon_core.verb:set package 'mecanum_description' build argument 'cmake_args' from command line to 'None'
[0.312s] Level 5:colcon.colcon_core.verb:set package 'mecanum_description' build argument 'cmake_target' from command line to 'None'
[0.312s] Level 5:colcon.colcon_core.verb:set package 'mecanum_description' build argument 'cmake_target_skip_unavailable' from command line to 'False'
[0.312s] Level 5:colcon.colcon_core.verb:set package 'mecanum_description' build argument 'cmake_clean_cache' from command line to 'False'
[0.312s] Level 5:colcon.colcon_core.verb:set package 'mecanum_description' build argument 'cmake_clean_first' from command line to 'False'
[0.312s] Level 5:colcon.colcon_core.verb:set package 'mecanum_description' build argument 'cmake_force_configure' from command line to 'False'
[0.312s] Level 5:colcon.colcon_core.verb:set package 'mecanum_description' build argument 'ament_cmake_args' from command line to 'None'
[0.312s] Level 5:colcon.colcon_core.verb:set package 'mecanum_description' build argument 'catkin_cmake_args' from command line to 'None'
[0.312s] Level 5:colcon.colcon_core.verb:set package 'mecanum_description' build argument 'catkin_skip_building_tests' from command line to 'False'
[0.312s] DEBUG:colcon.colcon_core.verb:Building package 'mecanum_description' with the following arguments: {'ament_cmake_args': None, 'build_base': '/home/ohj/mecanum-ros2/build/mecanum_description', 'catkin_cmake_args': None, 'catkin_skip_building_tests': False, 'cmake_args': None, 'cmake_clean_cache': False, 'cmake_clean_first': False, 'cmake_force_configure': False, 'cmake_target': None, 'cmake_target_skip_unavailable': False, 'install_base': '/home/ohj/mecanum-ros2/install/mecanum_description', 'merge_install': False, 'path': '/home/ohj/mecanum-ros2/src/mecanum_description', 'symlink_install': False, 'test_result_base': None}
[0.313s] Level 5:colcon.colcon_core.verb:set package 'motor_control' build argument 'cmake_args' from command line to 'None'
[0.313s] Level 5:colcon.colcon_core.verb:set package 'motor_control' build argument 'cmake_target' from command line to 'None'
[0.313s] Level 5:colcon.colcon_core.verb:set package 'motor_control' build argument 'cmake_target_skip_unavailable' from command line to 'False'
[0.313s] Level 5:colcon.colcon_core.verb:set package 'motor_control' build argument 'cmake_clean_cache' from command line to 'False'
[0.313s] Level 5:colcon.colcon_core.verb:set package 'motor_control' build argument 'cmake_clean_first' from command line to 'False'
[0.313s] Level 5:colcon.colcon_core.verb:set package 'motor_control' build argument 'cmake_force_configure' from command line to 'False'
[0.313s] Level 5:colcon.colcon_core.verb:set package 'motor_control' build argument 'ament_cmake_args' from command line to 'None'
[0.313s] Level 5:colcon.colcon_core.verb:set package 'motor_control' build argument 'catkin_cmake_args' from command line to 'None'
[0.313s] Level 5:colcon.colcon_core.verb:set package 'motor_control' build argument 'catkin_skip_building_tests' from command line to 'False'
[0.313s] DEBUG:colcon.colcon_core.verb:Building package 'motor_control' with the following arguments: {'ament_cmake_args': None, 'build_base': '/home/ohj/mecanum-ros2/build/motor_control', 'catkin_cmake_args': None, 'catkin_skip_building_tests': False, 'cmake_args': None, 'cmake_clean_cache': False, 'cmake_clean_first': False, 'cmake_force_configure': False, 'cmake_target': None, 'cmake_target_skip_unavailable': False, 'install_base': '/home/ohj/mecanum-ros2/install/motor_control', 'merge_install': False, 'path': '/home/ohj/mecanum-ros2/src/motor_control', 'symlink_install': False, 'test_result_base': None}
[0.314s] Level 5:colcon.colcon_core.verb:set package 'teleop_keyboard' build argument 'cmake_args' from command line to 'None'
[0.314s] Level 5:colcon.colcon_core.verb:set package 'teleop_keyboard' build argument 'cmake_target' from command line to 'None'
[0.314s] Level 5:colcon.colcon_core.verb:set package 'teleop_keyboard' build argument 'cmake_target_skip_unavailable' from command line to 'False'
[0.314s] Level 5:colcon.colcon_core.verb:set package 'teleop_keyboard' build argument 'cmake_clean_cache' from command line to 'False'
[0.314s] Level 5:colcon.colcon_core.verb:set package 'teleop_keyboard' build argument 'cmake_clean_first' from command line to 'False'
[0.314s] Level 5:colcon.colcon_core.verb:set package 'teleop_keyboard' build argument 'cmake_force_configure' from command line to 'False'
[0.314s] Level 5:colcon.colcon_core.verb:set package 'teleop_keyboard' build argument 'ament_cmake_args' from command line to 'None'
[0.314s] Level 5:colcon.colcon_core.verb:set package 'teleop_keyboard' build argument 'catkin_cmake_args' from command line to 'None'
[0.314s] Level 5:colcon.colcon_core.verb:set package 'teleop_keyboard' build argument 'catkin_skip_building_tests' from command line to 'False'
[0.314s] DEBUG:colcon.colcon_core.verb:Building package 'teleop_keyboard' with the following arguments: {'ament_cmake_args': None, 'build_base': '/home/ohj/mecanum-ros2/build/teleop_keyboard', 'catkin_cmake_args': None, 'catkin_skip_building_tests': False, 'cmake_args': None, 'cmake_clean_cache': False, 'cmake_clean_first': False, 'cmake_force_configure': False, 'cmake_target': None, 'cmake_target_skip_unavailable': False, 'install_base': '/home/ohj/mecanum-ros2/install/teleop_keyboard', 'merge_install': False, 'path': '/home/ohj/mecanum-ros2/src/teleop_keyboard', 'symlink_install': False, 'test_result_base': None}
[0.314s] Level 5:colcon.colcon_core.verb:set package 'ydlidar' build argument 'cmake_args' from command line to 'None'
[0.314s] Level 5:colcon.colcon_core.verb:set package 'ydlidar' build argument 'cmake_target' from command line to 'None'
[0.314s] Level 5:colcon.colcon_core.verb:set package 'ydlidar' build argument 'cmake_target_skip_unavailable' from command line to 'False'
[0.314s] Level 5:colcon.colcon_core.verb:set package 'ydlidar' build argument 'cmake_clean_cache' from command line to 'False'
[0.314s] Level 5:colcon.colcon_core.verb:set package 'ydlidar' build argument 'cmake_clean_first' from command line to 'False'
[0.314s] Level 5:colcon.colcon_core.verb:set package 'ydlidar' build argument 'cmake_force_configure' from command line to 'False'
[0.314s] Level 5:colcon.colcon_core.verb:set package 'ydlidar' build argument 'ament_cmake_args' from command line to 'None'
[0.314s] Level 5:colcon.colcon_core.verb:set package 'ydlidar' build argument 'catkin_cmake_args' from command line to 'None'
[0.314s] Level 5:colcon.colcon_core.verb:set package 'ydlidar' build argument 'catkin_skip_building_tests' from command line to 'False'
[0.314s] DEBUG:colcon.colcon_core.verb:Building package 'ydlidar' with the following arguments: {'ament_cmake_args': None, 'build_base': '/home/ohj/mecanum-ros2/build/ydlidar', 'catkin_cmake_args': None, 'catkin_skip_building_tests': False, 'cmake_args': None, 'cmake_clean_cache': False, 'cmake_clean_first': False, 'cmake_force_configure': False, 'cmake_target': None, 'cmake_target_skip_unavailable': False, 'install_base': '/home/ohj/mecanum-ros2/install/ydlidar', 'merge_install': False, 'path': '/home/ohj/mecanum-ros2/src/ydlidar_ros2', 'symlink_install': False, 'test_result_base': None}
[0.315s] INFO:colcon.colcon_core.executor:Executing jobs using 'parallel' executor
[0.317s] DEBUG:colcon.colcon_parallel_executor.executor.parallel:run_until_complete
[0.317s] INFO:colcon.colcon_ros.task.ament_cmake.build:Building ROS package in '/home/ohj/mecanum-ros2/src/mecanum_description' with build type 'ament_cmake'
[0.317s] INFO:colcon.colcon_cmake.task.cmake.build:Building CMake package in '/home/ohj/mecanum-ros2/src/mecanum_description'
[0.322s] INFO:colcon.colcon_core.plugin_system:Skipping extension 'colcon_core.shell.bat': Not used on non-Windows systems
[0.322s] INFO:colcon.colcon_core.shell:Skip shell extension 'powershell' for command environment: Not usable outside of PowerShell
[0.322s] DEBUG:colcon.colcon_core.shell:Skip shell extension 'dsv' for command environment
[0.326s] INFO:colcon.colcon_ros.task.ament_python.build:Building ROS package in '/home/ohj/mecanum-ros2/src/motor_control' with build type 'ament_python'
[0.327s] Level 1:colcon.colcon_core.shell:create_environment_hook('motor_control', 'ament_prefix_path')
[0.327s] INFO:colcon.colcon_core.shell:Creating environment hook '/home/ohj/mecanum-ros2/install/motor_control/share/motor_control/hook/ament_prefix_path.ps1'
[0.328s] INFO:colcon.colcon_core.shell:Creating environment descriptor '/home/ohj/mecanum-ros2/install/motor_control/share/motor_control/hook/ament_prefix_path.dsv'
[0.329s] INFO:colcon.colcon_core.shell:Creating environment hook '/home/ohj/mecanum-ros2/install/motor_control/share/motor_control/hook/ament_prefix_path.sh'
[0.330s] INFO:colcon.colcon_core.shell:Skip shell extension 'powershell' for command environment: Not usable outside of PowerShell
[0.330s] DEBUG:colcon.colcon_core.shell:Skip shell extension 'dsv' for command environment
[0.333s] INFO:colcon.colcon_ros.task.ament_python.build:Building ROS package in '/home/ohj/mecanum-ros2/src/teleop_keyboard' with build type 'ament_python'
[0.334s] Level 1:colcon.colcon_core.shell:create_environment_hook('teleop_keyboard', 'ament_prefix_path')
[0.335s] INFO:colcon.colcon_core.shell:Creating environment hook '/home/ohj/mecanum-ros2/install/teleop_keyboard/share/teleop_keyboard/hook/ament_prefix_path.ps1'
[0.335s] INFO:colcon.colcon_core.shell:Creating environment descriptor '/home/ohj/mecanum-ros2/install/teleop_keyboard/share/teleop_keyboard/hook/ament_prefix_path.dsv'
[0.335s] INFO:colcon.colcon_core.shell:Creating environment hook '/home/ohj/mecanum-ros2/install/teleop_keyboard/share/teleop_keyboard/hook/ament_prefix_path.sh'
[0.336s] INFO:colcon.colcon_core.shell:Skip shell extension 'powershell' for command environment: Not usable outside of PowerShell
[0.336s] DEBUG:colcon.colcon_core.shell:Skip shell extension 'dsv' for command environment
[0.339s] INFO:colcon.colcon_ros.task.ament_cmake.build:Building ROS package in '/home/ohj/mecanum-ros2/src/ydlidar_ros2' with build type 'ament_cmake'
[0.339s] INFO:colcon.colcon_cmake.task.cmake.build:Building CMake package in '/home/ohj/mecanum-ros2/src/ydlidar_ros2'
[0.341s] INFO:colcon.colcon_core.shell:Skip shell extension 'powershell' for command environment: Not usable outside of PowerShell
[0.341s] DEBUG:colcon.colcon_core.shell:Skip shell extension 'dsv' for command environment
[0.350s] DEBUG:colcon.colcon_core.event_handler.log_command:Invoking command in '/home/ohj/mecanum-ros2/build/mecanum_description': CMAKE_PREFIX_PATH=/opt/ros/galactic /usr/bin/cmake /home/ohj/mecanum-ros2/src/mecanum_description -DCMAKE_INSTALL_PREFIX=/home/ohj/mecanum-ros2/install/mecanum_description
[0.498s] INFO:colcon.colcon_core.task.python.build:Building Python package in '/home/ohj/mecanum-ros2/src/motor_control'
[0.500s] INFO:colcon.colcon_core.shell:Skip shell extension 'powershell' for command environment: Not usable outside of PowerShell
[0.500s] DEBUG:colcon.colcon_core.shell:Skip shell extension 'dsv' for command environment
[0.651s] INFO:colcon.colcon_core.task.python.build:Building Python package in '/home/ohj/mecanum-ros2/src/teleop_keyboard'
[0.654s] INFO:colcon.colcon_core.shell:Skip shell extension 'powershell' for command environment: Not usable outside of PowerShell
[0.654s] DEBUG:colcon.colcon_core.shell:Skip shell extension 'dsv' for command environment
[0.664s] DEBUG:colcon.colcon_core.event_handler.log_command:Invoking command in '/home/ohj/mecanum-ros2/build/ydlidar': CMAKE_PREFIX_PATH=/opt/ros/galactic /usr/bin/cmake /home/ohj/mecanum-ros2/src/ydlidar_ros2 -DCMAKE_INSTALL_PREFIX=/home/ohj/mecanum-ros2/install/ydlidar
[1.006s] DEBUG:colcon.colcon_core.event_handler.log_command:Invoking command in '/home/ohj/mecanum-ros2/src/motor_control': PYTHONPATH=/home/ohj/mecanum-ros2/build/motor_control/prefix_override:/home/ohj/mecanum-ros2/install/motor_control/lib/python3.8/site-packages:${PYTHONPATH} /usr/bin/python3 setup.py egg_info --egg-base ../../build/motor_control build --build-base /home/ohj/mecanum-ros2/build/motor_control/build install --record /home/ohj/mecanum-ros2/build/motor_control/install.log --single-version-externally-managed
[1.008s] DEBUG:colcon.colcon_core.event_handler.log_command:Invoking command in '/home/ohj/mecanum-ros2/src/teleop_keyboard': PYTHONPATH=/home/ohj/mecanum-ros2/build/teleop_keyboard/prefix_override:/home/ohj/mecanum-ros2/install/teleop_keyboard/lib/python3.8/site-packages:${PYTHONPATH} /usr/bin/python3 setup.py egg_info --egg-base ../../build/teleop_keyboard build --build-base /home/ohj/mecanum-ros2/build/teleop_keyboard/build install --record /home/ohj/mecanum-ros2/build/teleop_keyboard/install.log --single-version-externally-managed
[1.041s] DEBUG:colcon.colcon_core.event_handler.log_command:Invoked command in '/home/ohj/mecanum-ros2/build/mecanum_description' returned '0': CMAKE_PREFIX_PATH=/opt/ros/galactic /usr/bin/cmake /home/ohj/mecanum-ros2/src/mecanum_description -DCMAKE_INSTALL_PREFIX=/home/ohj/mecanum-ros2/install/mecanum_description
[1.044s] DEBUG:colcon.colcon_core.event_handler.log_command:Invoking command in '/home/ohj/mecanum-ros2/build/mecanum_description': CMAKE_PREFIX_PATH=/opt/ros/galactic /usr/bin/cmake --build /home/ohj/mecanum-ros2/build/mecanum_description -- -j16 -l16
[1.073s] DEBUG:colcon.colcon_core.event_handler.log_command:Invoked command in '/home/ohj/mecanum-ros2/build/mecanum_description' returned '0': CMAKE_PREFIX_PATH=/opt/ros/galactic /usr/bin/cmake --build /home/ohj/mecanum-ros2/build/mecanum_description -- -j16 -l16
[1.106s] DEBUG:colcon.colcon_core.event_handler.log_command:Invoking command in '/home/ohj/mecanum-ros2/build/mecanum_description': CMAKE_PREFIX_PATH=/opt/ros/galactic /usr/bin/cmake --install /home/ohj/mecanum-ros2/build/mecanum_description
[1.118s] Level 1:colcon.colcon_core.environment:create_environment_scripts_only(mecanum_description)
[1.119s] DEBUG:colcon.colcon_core.event_handler.log_command:Invoked command in '/home/ohj/mecanum-ros2/build/mecanum_description' returned '0': CMAKE_PREFIX_PATH=/opt/ros/galactic /usr/bin/cmake --install /home/ohj/mecanum-ros2/build/mecanum_description
[1.126s] Level 1:colcon.colcon_core.environment:checking '/home/ohj/mecanum-ros2/install/mecanum_description' for CMake module files
[1.127s] Level 1:colcon.colcon_core.environment:checking '/home/ohj/mecanum-ros2/install/mecanum_description' for CMake config files
[1.127s] Level 1:colcon.colcon_core.shell:create_environment_hook('mecanum_description', 'cmake_prefix_path')
[1.128s] INFO:colcon.colcon_core.shell:Creating environment hook '/home/ohj/mecanum-ros2/install/mecanum_description/share/mecanum_description/hook/cmake_prefix_path.ps1'
[1.129s] INFO:colcon.colcon_core.shell:Creating environment descriptor '/home/ohj/mecanum-ros2/install/mecanum_description/share/mecanum_description/hook/cmake_prefix_path.dsv'
[1.129s] INFO:colcon.colcon_core.shell:Creating environment hook '/home/ohj/mecanum-ros2/install/mecanum_description/share/mecanum_description/hook/cmake_prefix_path.sh'
[1.129s] Level 1:colcon.colcon_core.environment:checking '/home/ohj/mecanum-ros2/install/mecanum_description/bin'
[1.130s] Level 1:colcon.colcon_core.environment:checking '/home/ohj/mecanum-ros2/install/mecanum_description/lib/pkgconfig/mecanum_description.pc'
[1.130s] Level 1:colcon.colcon_core.environment:checking '/home/ohj/mecanum-ros2/install/mecanum_description/lib/python3.8/site-packages'
[1.130s] Level 1:colcon.colcon_core.environment:checking '/home/ohj/mecanum-ros2/install/mecanum_description/bin'
[1.131s] INFO:colcon.colcon_core.shell:Creating package script '/home/ohj/mecanum-ros2/install/mecanum_description/share/mecanum_description/package.ps1'
[1.132s] INFO:colcon.colcon_core.shell:Creating package descriptor '/home/ohj/mecanum-ros2/install/mecanum_description/share/mecanum_description/package.dsv'
[1.133s] INFO:colcon.colcon_core.shell:Creating package script '/home/ohj/mecanum-ros2/install/mecanum_description/share/mecanum_description/package.sh'
[1.134s] INFO:colcon.colcon_core.shell:Creating package script '/home/ohj/mecanum-ros2/install/mecanum_description/share/mecanum_description/package.bash'
[1.134s] INFO:colcon.colcon_core.shell:Creating package script '/home/ohj/mecanum-ros2/install/mecanum_description/share/mecanum_description/package.zsh'
[1.135s] Level 1:colcon.colcon_core.environment:create_file_with_runtime_dependencies(/home/ohj/mecanum-ros2/install/mecanum_description/share/colcon-core/packages/mecanum_description)
[1.158s] Level 1:colcon.colcon_core.environment:create_environment_scripts_only(mecanum_description)
[1.161s] Level 1:colcon.colcon_core.environment:checking '/home/ohj/mecanum-ros2/install/mecanum_description' for CMake module files
[1.161s] Level 1:colcon.colcon_core.environment:checking '/home/ohj/mecanum-ros2/install/mecanum_description' for CMake config files
[1.162s] Level 1:colcon.colcon_core.shell:create_environment_hook('mecanum_description', 'cmake_prefix_path')
[1.163s] INFO:colcon.colcon_core.shell:Creating environment hook '/home/ohj/mecanum-ros2/install/mecanum_description/share/mecanum_description/hook/cmake_prefix_path.ps1'
[1.164s] INFO:colcon.colcon_core.shell:Creating environment descriptor '/home/ohj/mecanum-ros2/install/mecanum_description/share/mecanum_description/hook/cmake_prefix_path.dsv'
[1.164s] INFO:colcon.colcon_core.shell:Creating environment hook '/home/ohj/mecanum-ros2/install/mecanum_description/share/mecanum_description/hook/cmake_prefix_path.sh'
[1.165s] Level 1:colcon.colcon_core.environment:checking '/home/ohj/mecanum-ros2/install/mecanum_description/bin'
[1.165s] Level 1:colcon.colcon_core.environment:checking '/home/ohj/mecanum-ros2/install/mecanum_description/lib/pkgconfig/mecanum_description.pc'
[1.165s] Level 1:colcon.colcon_core.environment:checking '/home/ohj/mecanum-ros2/install/mecanum_description/lib/python3.8/site-packages'
[1.165s] Level 1:colcon.colcon_core.environment:checking '/home/ohj/mecanum-ros2/install/mecanum_description/bin'
[1.166s] INFO:colcon.colcon_core.shell:Creating package script '/home/ohj/mecanum-ros2/install/mecanum_description/share/mecanum_description/package.ps1'
[1.166s] INFO:colcon.colcon_core.shell:Creating package descriptor '/home/ohj/mecanum-ros2/install/mecanum_description/share/mecanum_description/package.dsv'
[1.167s] INFO:colcon.colcon_core.shell:Creating package script '/home/ohj/mecanum-ros2/install/mecanum_description/share/mecanum_description/package.sh'
[1.167s] INFO:colcon.colcon_core.shell:Creating package script '/home/ohj/mecanum-ros2/install/mecanum_description/share/mecanum_description/package.bash'
[1.167s] INFO:colcon.colcon_core.shell:Creating package script '/home/ohj/mecanum-ros2/install/mecanum_description/share/mecanum_description/package.zsh'
[1.167s] Level 1:colcon.colcon_core.environment:create_file_with_runtime_dependencies(/home/ohj/mecanum-ros2/install/mecanum_description/share/colcon-core/packages/mecanum_description)
[1.212s] Level 1:colcon.colcon_core.environment:checking '/home/ohj/mecanum-ros2/install/motor_control' for CMake module files
[1.213s] DEBUG:colcon.colcon_core.event_handler.log_command:Invoked command in '/home/ohj/mecanum-ros2/src/motor_control' returned '0': PYTHONPATH=/home/ohj/mecanum-ros2/build/motor_control/prefix_override:/home/ohj/mecanum-ros2/install/motor_control/lib/python3.8/site-packages:${PYTHONPATH} /usr/bin/python3 setup.py egg_info --egg-base ../../build/motor_control build --build-base /home/ohj/mecanum-ros2/build/motor_control/build install --record /home/ohj/mecanum-ros2/build/motor_control/install.log --single-version-externally-managed
[1.213s] Level 1:colcon.colcon_core.environment:checking '/home/ohj/mecanum-ros2/install/motor_control' for CMake config files
[1.214s] Level 1:colcon.colcon_core.environment:checking '/home/ohj/mecanum-ros2/install/motor_control/lib'
[1.214s] Level 1:colcon.colcon_core.environment:checking '/home/ohj/mecanum-ros2/install/motor_control/bin'
[1.214s] Level 1:colcon.colcon_core.environment:checking '/home/ohj/mecanum-ros2/install/motor_control/lib/pkgconfig/motor_control.pc'
[1.214s] Level 1:colcon.colcon_core.environment:checking '/home/ohj/mecanum-ros2/install/motor_control/lib/python3.8/site-packages'
[1.214s] Level 1:colcon.colcon_core.shell:create_environment_hook('motor_control', 'pythonpath')
[1.215s] INFO:colcon.colcon_core.shell:Creating environment hook '/home/ohj/mecanum-ros2/install/motor_control/share/motor_control/hook/pythonpath.ps1'
[1.215s] INFO:colcon.colcon_core.shell:Creating environment descriptor '/home/ohj/mecanum-ros2/install/motor_control/share/motor_control/hook/pythonpath.dsv'
[1.215s] INFO:colcon.colcon_core.shell:Creating environment hook '/home/ohj/mecanum-ros2/install/motor_control/share/motor_control/hook/pythonpath.sh'
[1.216s] Level 1:colcon.colcon_core.environment:checking '/home/ohj/mecanum-ros2/install/motor_control/bin'
[1.216s] Level 1:colcon.colcon_core.environment:create_environment_scripts_only(motor_control)
[1.216s] INFO:colcon.colcon_core.shell:Creating package script '/home/ohj/mecanum-ros2/install/motor_control/share/motor_control/package.ps1'
[1.217s] INFO:colcon.colcon_core.shell:Creating package descriptor '/home/ohj/mecanum-ros2/install/motor_control/share/motor_control/package.dsv'
[1.217s] INFO:colcon.colcon_core.shell:Creating package script '/home/ohj/mecanum-ros2/install/motor_control/share/motor_control/package.sh'
[1.217s] INFO:colcon.colcon_core.shell:Creating package script '/home/ohj/mecanum-ros2/install/motor_control/share/motor_control/package.bash'
[1.217s] INFO:colcon.colcon_core.shell:Creating package script '/home/ohj/mecanum-ros2/install/motor_control/share/motor_control/package.zsh'
[1.217s] Level 1:colcon.colcon_core.environment:create_file_with_runtime_dependencies(/home/ohj/mecanum-ros2/install/motor_control/share/colcon-core/packages/motor_control)
[1.220s] Level 1:colcon.colcon_core.environment:checking '/home/ohj/mecanum-ros2/install/teleop_keyboard' for CMake module files
[1.220s] DEBUG:colcon.colcon_core.event_handler.log_command:Invoked command in '/home/ohj/mecanum-ros2/src/teleop_keyboard' returned '0': PYTHONPATH=/home/ohj/mecanum-ros2/build/teleop_keyboard/prefix_override:/home/ohj/mecanum-ros2/install/teleop_keyboard/lib/python3.8/site-packages:${PYTHONPATH} /usr/bin/python3 setup.py egg_info --egg-base ../../build/teleop_keyboard build --build-base /home/ohj/mecanum-ros2/build/teleop_keyboard/build install --record /home/ohj/mecanum-ros2/build/teleop_keyboard/install.log --single-version-externally-managed
[1.220s] Level 1:colcon.colcon_core.environment:checking '/home/ohj/mecanum-ros2/install/teleop_keyboard' for CMake config files
[1.221s] Level 1:colcon.colcon_core.environment:checking '/home/ohj/mecanum-ros2/install/teleop_keyboard/lib'
[1.221s] Level 1:colcon.colcon_core.environment:checking '/home/ohj/mecanum-ros2/install/teleop_keyboard/bin'
[1.221s] Level 1:colcon.colcon_core.environment:checking '/home/ohj/mecanum-ros2/install/teleop_keyboard/lib/pkgconfig/teleop_keyboard.pc'
[1.221s] Level 1:colcon.colcon_core.environment:checking '/home/ohj/mecanum-ros2/install/teleop_keyboard/lib/python3.8/site-packages'
[1.221s] Level 1:colcon.colcon_core.shell:create_environment_hook('teleop_keyboard', 'pythonpath')
[1.222s] INFO:colcon.colcon_core.shell:Creating environment hook '/home/ohj/mecanum-ros2/install/teleop_keyboard/share/teleop_keyboard/hook/pythonpath.ps1'
[1.222s] INFO:colcon.colcon_core.shell:Creating environment descriptor '/home/ohj/mecanum-ros2/install/teleop_keyboard/share/teleop_keyboard/hook/pythonpath.dsv'
[1.222s] INFO:colcon.colcon_core.shell:Creating environment hook '/home/ohj/mecanum-ros2/install/teleop_keyboard/share/teleop_keyboard/hook/pythonpath.sh'
[1.222s] Level 1:colcon.colcon_core.environment:checking '/home/ohj/mecanum-ros2/install/teleop_keyboard/bin'
[1.222s] Level 1:colcon.colcon_core.environment:create_environment_scripts_only(teleop_keyboard)
[1.223s] INFO:colcon.colcon_core.shell:Creating package script '/home/ohj/mecanum-ros2/install/teleop_keyboard/share/teleop_keyboard/package.ps1'
[1.223s] INFO:colcon.colcon_core.shell:Creating package descriptor '/home/ohj/mecanum-ros2/install/teleop_keyboard/share/teleop_keyboard/package.dsv'
[1.224s] INFO:colcon.colcon_core.shell:Creating package script '/home/ohj/mecanum-ros2/install/teleop_keyboard/share/teleop_keyboard/package.sh'
[1.224s] INFO:colcon.colcon_core.shell:Creating package script '/home/ohj/mecanum-ros2/install/teleop_keyboard/share/teleop_keyboard/package.bash'
[1.224s] INFO:colcon.colcon_core.shell:Creating package script '/home/ohj/mecanum-ros2/install/teleop_keyboard/share/teleop_keyboard/package.zsh'
[1.224s] Level 1:colcon.colcon_core.environment:create_file_with_runtime_dependencies(/home/ohj/mecanum-ros2/install/teleop_keyboard/share/colcon-core/packages/teleop_keyboard)
[2.024s] DEBUG:colcon.colcon_core.event_handler.log_command:Invoked command in '/home/ohj/mecanum-ros2/build/ydlidar' returned '0': CMAKE_PREFIX_PATH=/opt/ros/galactic /usr/bin/cmake /home/ohj/mecanum-ros2/src/ydlidar_ros2 -DCMAKE_INSTALL_PREFIX=/home/ohj/mecanum-ros2/install/ydlidar
[2.027s] DEBUG:colcon.colcon_core.event_handler.log_command:Invoking command in '/home/ohj/mecanum-ros2/build/ydlidar': CMAKE_PREFIX_PATH=/opt/ros/galactic /usr/bin/cmake --build /home/ohj/mecanum-ros2/build/ydlidar -- -j16 -l16
[7.094s] DEBUG:colcon.colcon_core.event_handler.log_command:Invoked command in '/home/ohj/mecanum-ros2/build/ydlidar' returned '0': CMAKE_PREFIX_PATH=/opt/ros/galactic /usr/bin/cmake --build /home/ohj/mecanum-ros2/build/ydlidar -- -j16 -l16
[7.129s] DEBUG:colcon.colcon_core.event_handler.log_command:Invoking command in '/home/ohj/mecanum-ros2/build/ydlidar': CMAKE_PREFIX_PATH=/opt/ros/galactic /usr/bin/cmake --install /home/ohj/mecanum-ros2/build/ydlidar
[7.138s] Level 1:colcon.colcon_core.environment:create_environment_scripts_only(ydlidar)
[7.142s] Level 1:colcon.colcon_core.environment:checking '/home/ohj/mecanum-ros2/install/ydlidar' for CMake module files
[7.142s] DEBUG:colcon.colcon_core.event_handler.log_command:Invoked command in '/home/ohj/mecanum-ros2/build/ydlidar' returned '0': CMAKE_PREFIX_PATH=/opt/ros/galactic /usr/bin/cmake --install /home/ohj/mecanum-ros2/build/ydlidar
[7.143s] Level 1:colcon.colcon_core.environment:checking '/home/ohj/mecanum-ros2/install/ydlidar' for CMake config files
[7.143s] Level 1:colcon.colcon_core.shell:create_environment_hook('ydlidar', 'cmake_prefix_path')
[7.146s] INFO:colcon.colcon_core.shell:Creating environment hook '/home/ohj/mecanum-ros2/install/ydlidar/share/ydlidar/hook/cmake_prefix_path.ps1'
[7.146s] INFO:colcon.colcon_core.shell:Creating environment descriptor '/home/ohj/mecanum-ros2/install/ydlidar/share/ydlidar/hook/cmake_prefix_path.dsv'
[7.147s] INFO:colcon.colcon_core.shell:Creating environment hook '/home/ohj/mecanum-ros2/install/ydlidar/share/ydlidar/hook/cmake_prefix_path.sh'
[7.148s] Level 1:colcon.colcon_core.environment:checking '/home/ohj/mecanum-ros2/install/ydlidar/lib'
[7.148s] Level 1:colcon.colcon_core.environment:checking '/home/ohj/mecanum-ros2/install/ydlidar/bin'
[7.148s] Level 1:colcon.colcon_core.environment:checking '/home/ohj/mecanum-ros2/install/ydlidar/lib/pkgconfig/ydlidar.pc'
[7.148s] Level 1:colcon.colcon_core.environment:checking '/home/ohj/mecanum-ros2/install/ydlidar/lib/python3.8/site-packages'
[7.149s] Level 1:colcon.colcon_core.environment:checking '/home/ohj/mecanum-ros2/install/ydlidar/bin'
[7.150s] INFO:colcon.colcon_core.shell:Creating package script '/home/ohj/mecanum-ros2/install/ydlidar/share/ydlidar/package.ps1'
[7.151s] INFO:colcon.colcon_core.shell:Creating package descriptor '/home/ohj/mecanum-ros2/install/ydlidar/share/ydlidar/package.dsv'
[7.151s] INFO:colcon.colcon_core.shell:Creating package script '/home/ohj/mecanum-ros2/install/ydlidar/share/ydlidar/package.sh'
[7.151s] INFO:colcon.colcon_core.shell:Creating package script '/home/ohj/mecanum-ros2/install/ydlidar/share/ydlidar/package.bash'
[7.151s] INFO:colcon.colcon_core.shell:Creating package script '/home/ohj/mecanum-ros2/install/ydlidar/share/ydlidar/package.zsh'
[7.151s] Level 1:colcon.colcon_core.environment:create_file_with_runtime_dependencies(/home/ohj/mecanum-ros2/install/ydlidar/share/colcon-core/packages/ydlidar)
[7.189s] Level 1:colcon.colcon_core.environment:create_environment_scripts_only(ydlidar)
[7.193s] Level 1:colcon.colcon_core.environment:checking '/home/ohj/mecanum-ros2/install/ydlidar' for CMake module files
[7.193s] Level 1:colcon.colcon_core.environment:checking '/home/ohj/mecanum-ros2/install/ydlidar' for CMake config files
[7.194s] Level 1:colcon.colcon_core.shell:create_environment_hook('ydlidar', 'cmake_prefix_path')
[7.196s] INFO:colcon.colcon_core.shell:Creating environment hook '/home/ohj/mecanum-ros2/install/ydlidar/share/ydlidar/hook/cmake_prefix_path.ps1'
[7.197s] INFO:colcon.colcon_core.shell:Creating environment descriptor '/home/ohj/mecanum-ros2/install/ydlidar/share/ydlidar/hook/cmake_prefix_path.dsv'
[7.197s] INFO:colcon.colcon_core.shell:Creating environment hook '/home/ohj/mecanum-ros2/install/ydlidar/share/ydlidar/hook/cmake_prefix_path.sh'
[7.198s] Level 1:colcon.colcon_core.environment:checking '/home/ohj/mecanum-ros2/install/ydlidar/lib'
[7.198s] Level 1:colcon.colcon_core.environment:checking '/home/ohj/mecanum-ros2/install/ydlidar/bin'
[7.198s] Level 1:colcon.colcon_core.environment:checking '/home/ohj/mecanum-ros2/install/ydlidar/lib/pkgconfig/ydlidar.pc'
[7.198s] Level 1:colcon.colcon_core.environment:checking '/home/ohj/mecanum-ros2/install/ydlidar/lib/python3.8/site-packages'
[7.198s] Level 1:colcon.colcon_core.environment:checking '/home/ohj/mecanum-ros2/install/ydlidar/bin'
[7.199s] INFO:colcon.colcon_core.shell:Creating package script '/home/ohj/mecanum-ros2/install/ydlidar/share/ydlidar/package.ps1'
[7.199s] INFO:colcon.colcon_core.shell:Creating package descriptor '/home/ohj/mecanum-ros2/install/ydlidar/share/ydlidar/package.dsv'
[7.199s] INFO:colcon.colcon_core.shell:Creating package script '/home/ohj/mecanum-ros2/install/ydlidar/share/ydlidar/package.sh'
[7.200s] INFO:colcon.colcon_core.shell:Creating package script '/home/ohj/mecanum-ros2/install/ydlidar/share/ydlidar/package.bash'
[7.200s] INFO:colcon.colcon_core.shell:Creating package script '/home/ohj/mecanum-ros2/install/ydlidar/share/ydlidar/package.zsh'
[7.200s] Level 1:colcon.colcon_core.environment:create_file_with_runtime_dependencies(/home/ohj/mecanum-ros2/install/ydlidar/share/colcon-core/packages/ydlidar)
[7.200s] DEBUG:colcon.colcon_parallel_executor.executor.parallel:closing loop
[7.201s] DEBUG:colcon.colcon_parallel_executor.executor.parallel:loop closed
[7.201s] DEBUG:colcon.colcon_parallel_executor.executor.parallel:run_until_complete finished with '0'
[7.201s] DEBUG:colcon.colcon_core.event_reactor:joining thread
[7.210s] INFO:colcon.colcon_core.plugin_system:Skipping extension 'colcon_notification.desktop_notification.terminal_notifier': Not used on non-Darwin systems
[7.210s] INFO:colcon.colcon_core.plugin_system:Skipping extension 'colcon_notification.desktop_notification.win32': Not used on non-Windows systems
[7.210s] INFO:colcon.colcon_notification.desktop_notification:Sending desktop notification using 'notify2'
[7.234s] DEBUG:colcon.colcon_core.event_reactor:joined thread
[7.236s] INFO:colcon.colcon_core.shell:Creating prefix script '/home/ohj/mecanum-ros2/install/local_setup.ps1'
[7.237s] INFO:colcon.colcon_core.shell:Creating prefix util module '/home/ohj/mecanum-ros2/install/_local_setup_util_ps1.py'
[7.239s] INFO:colcon.colcon_core.shell:Creating prefix chain script '/home/ohj/mecanum-ros2/install/setup.ps1'
[7.240s] INFO:colcon.colcon_core.shell:Creating prefix script '/home/ohj/mecanum-ros2/install/local_setup.sh'
[7.241s] INFO:colcon.colcon_core.shell:Creating prefix util module '/home/ohj/mecanum-ros2/install/_local_setup_util_sh.py'
[7.241s] INFO:colcon.colcon_core.shell:Creating prefix chain script '/home/ohj/mecanum-ros2/install/setup.sh'
[7.242s] INFO:colcon.colcon_core.shell:Creating prefix script '/home/ohj/mecanum-ros2/install/local_setup.bash'
[7.242s] INFO:colcon.colcon_core.shell:Creating prefix chain script '/home/ohj/mecanum-ros2/install/setup.bash'
[7.243s] INFO:colcon.colcon_core.shell:Creating prefix script '/home/ohj/mecanum-ros2/install/local_setup.zsh'
[7.244s] INFO:colcon.colcon_core.shell:Creating prefix chain script '/home/ohj/mecanum-ros2/install/setup.zsh'
