[0.031s] Invoking command in '/home/ohj/mecanum-ros2/build/mecanum_description': CMAKE_PREFIX_PATH=/opt/ros/galactic /usr/bin/cmake /home/ohj/mecanum-ros2/src/mecanum_description -DCMAKE_INSTALL_PREFIX=/home/ohj/mecanum-ros2/install/mecanum_description
[0.346s] -- The C compiler identification is GNU 9.4.0
[0.347s] -- The CXX compiler identification is GNU 9.4.0
[0.347s] -- Check for working C compiler: /usr/bin/cc
[0.347s] -- Check for working C compiler: /usr/bin/cc -- works
[0.347s] -- Detecting C compiler ABI info
[0.387s] -- Detecting C compiler ABI info - done
[0.394s] -- Detecting C compile features
[0.395s] -- Detecting C compile features - done
[0.397s] -- Check for working CXX compiler: /usr/bin/c++
[0.465s] -- Check for working CXX compiler: /usr/bin/c++ -- works
[0.467s] -- Detecting CXX compiler ABI info
[0.538s] -- Detecting CXX compiler ABI info - done
[0.550s] -- Detecting CXX compile features
[0.550s] -- Detecting CXX compile features - done
[0.556s] -- Found ament_cmake: 1.1.6 (/opt/ros/galactic/share/ament_cmake/cmake)
[0.579s] -- Found PythonInterp: /usr/bin/python3 (found suitable version "3.8.10", minimum required is "3") 
[0.579s] -- Using PYTHON_EXECUTABLE: /usr/bin/python3
[0.648s] -- Found ament_lint_auto: 0.10.7 (/opt/ros/galactic/share/ament_lint_auto/cmake)
[0.713s] -- Added test 'copyright' to check source files copyright and LICENSE
[0.715s] -- Added test 'flake8' to check Python code syntax and style conventions
[0.715s] -- Added test 'lint_cmake' to check CMake code style
[0.715s] -- Added test 'pep257' to check Python code against some of the style conventions in PEP 257
[0.716s] -- Added test 'xmllint' to check XML markup files
[0.718s] -- Configuring done
[0.720s] -- Generating done
[0.721s] -- Build files have been written to: /home/ohj/mecanum-ros2/build/mecanum_description
[0.725s] Invoked command in '/home/ohj/mecanum-ros2/build/mecanum_description' returned '0': CMAKE_PREFIX_PATH=/opt/ros/galactic /usr/bin/cmake /home/ohj/mecanum-ros2/src/mecanum_description -DCMAKE_INSTALL_PREFIX=/home/ohj/mecanum-ros2/install/mecanum_description
[0.728s] Invoking command in '/home/ohj/mecanum-ros2/build/mecanum_description': CMAKE_PREFIX_PATH=/opt/ros/galactic /usr/bin/cmake --build /home/ohj/mecanum-ros2/build/mecanum_description -- -j16 -l16
[0.759s] Invoked command in '/home/ohj/mecanum-ros2/build/mecanum_description' returned '0': CMAKE_PREFIX_PATH=/opt/ros/galactic /usr/bin/cmake --build /home/ohj/mecanum-ros2/build/mecanum_description -- -j16 -l16
[0.795s] Invoking command in '/home/ohj/mecanum-ros2/build/mecanum_description': CMAKE_PREFIX_PATH=/opt/ros/galactic /usr/bin/cmake --install /home/ohj/mecanum-ros2/build/mecanum_description
[0.803s] -- Install configuration: ""
[0.803s] -- Installing: /home/ohj/mecanum-ros2/install/mecanum_description/share/mecanum_description//launch
[0.804s] -- Installing: /home/ohj/mecanum-ros2/install/mecanum_description/share/mecanum_description//launch/mecanum.launch.py
[0.804s] -- Installing: /home/ohj/mecanum-ros2/install/mecanum_description/share/ament_index/resource_index/package_run_dependencies/mecanum_description
[0.804s] -- Installing: /home/ohj/mecanum-ros2/install/mecanum_description/share/ament_index/resource_index/parent_prefix_path/mecanum_description
[0.804s] -- Installing: /home/ohj/mecanum-ros2/install/mecanum_description/share/mecanum_description/environment/ament_prefix_path.sh
[0.804s] -- Installing: /home/ohj/mecanum-ros2/install/mecanum_description/share/mecanum_description/environment/ament_prefix_path.dsv
[0.804s] -- Installing: /home/ohj/mecanum-ros2/install/mecanum_description/share/mecanum_description/environment/path.sh
[0.804s] -- Installing: /home/ohj/mecanum-ros2/install/mecanum_description/share/mecanum_description/environment/path.dsv
[0.804s] -- Installing: /home/ohj/mecanum-ros2/install/mecanum_description/share/mecanum_description/local_setup.bash
[0.804s] -- Installing: /home/ohj/mecanum-ros2/install/mecanum_description/share/mecanum_description/local_setup.sh
[0.805s] -- Installing: /home/ohj/mecanum-ros2/install/mecanum_description/share/mecanum_description/local_setup.zsh
[0.805s] -- Installing: /home/ohj/mecanum-ros2/install/mecanum_description/share/mecanum_description/local_setup.dsv
[0.805s] -- Installing: /home/ohj/mecanum-ros2/install/mecanum_description/share/mecanum_description/package.dsv
[0.805s] -- Installing: /home/ohj/mecanum-ros2/install/mecanum_description/share/ament_index/resource_index/packages/mecanum_description
[0.805s] -- Installing: /home/ohj/mecanum-ros2/install/mecanum_description/share/mecanum_description/cmake/mecanum_descriptionConfig.cmake
[0.805s] -- Installing: /home/ohj/mecanum-ros2/install/mecanum_description/share/mecanum_description/cmake/mecanum_descriptionConfig-version.cmake
[0.805s] -- Installing: /home/ohj/mecanum-ros2/install/mecanum_description/share/mecanum_description/package.xml
[0.806s] Invoked command in '/home/ohj/mecanum-ros2/build/mecanum_description' returned '0': CMAKE_PREFIX_PATH=/opt/ros/galactic /usr/bin/cmake --install /home/ohj/mecanum-ros2/build/mecanum_description
