[6.815s] Invoking command in '/home/jetson/mecanum-ros2/src/mobile_description': PYTHONPATH=/home/jetson/mecanum-ros2/build/mobile_description/prefix_override:/home/jetson/mecanum-ros2/install/mobile_description/lib/python3.8/site-packages:${PYTHONPATH} /usr/bin/python3 setup.py egg_info --egg-base ../../build/mobile_description build --build-base /home/jetson/mecanum-ros2/build/mobile_description/build install --record /home/jetson/mecanum-ros2/build/mobile_description/install.log --install-scripts $base/lib/mobile_description --single-version-externally-managed
[8.089s] /usr/local/lib/python3.8/dist-packages/setuptools/dist.py:717: UserWarning: Usage of dash-separated 'script-dir' will not be supported in future versions. Please use the underscore name 'script_dir' instead
[8.090s]   warnings.warn(
[8.257s] running egg_info
[8.259s] creating ../../build/mobile_description/mobile_description.egg-info
[8.259s] writing ../../build/mobile_description/mobile_description.egg-info/PKG-INFO
[8.262s] writing dependency_links to ../../build/mobile_description/mobile_description.egg-info/dependency_links.txt
[8.262s] writing entry points to ../../build/mobile_description/mobile_description.egg-info/entry_points.txt
[8.263s] writing requirements to ../../build/mobile_description/mobile_description.egg-info/requires.txt
[8.264s] writing top-level names to ../../build/mobile_description/mobile_description.egg-info/top_level.txt
[8.267s] writing manifest file '../../build/mobile_description/mobile_description.egg-info/SOURCES.txt'
[8.282s] reading manifest file '../../build/mobile_description/mobile_description.egg-info/SOURCES.txt'
[8.284s] writing manifest file '../../build/mobile_description/mobile_description.egg-info/SOURCES.txt'
[8.284s] running build
[8.284s] running build_py
[8.285s] creating /home/jetson/mecanum-ros2/build/mobile_description/build
[8.285s] creating /home/jetson/mecanum-ros2/build/mobile_description/build/lib
[8.286s] creating /home/jetson/mecanum-ros2/build/mobile_description/build/lib/mobile_description
[8.286s] copying mobile_description/__init__.py -> /home/jetson/mecanum-ros2/build/mobile_description/build/lib/mobile_description
[8.287s] running install
[8.288s] running install_lib
[8.289s] creating /home/jetson/mecanum-ros2/install/mobile_description/lib/python3.8/site-packages/mobile_description
[8.289s] copying /home/jetson/mecanum-ros2/build/mobile_description/build/lib/mobile_description/__init__.py -> /home/jetson/mecanum-ros2/install/mobile_description/lib/python3.8/site-packages/mobile_description
[8.292s] byte-compiling /home/jetson/mecanum-ros2/install/mobile_description/lib/python3.8/site-packages/mobile_description/__init__.py to __init__.cpython-38.pyc
[8.293s] running install_data
[8.294s] creating /home/jetson/mecanum-ros2/install/mobile_description/share/ament_index
[8.295s] creating /home/jetson/mecanum-ros2/install/mobile_description/share/ament_index/resource_index
[8.296s] creating /home/jetson/mecanum-ros2/install/mobile_description/share/ament_index/resource_index/packages
[8.296s] copying resource/mobile_description -> /home/jetson/mecanum-ros2/install/mobile_description/share/ament_index/resource_index/packages
[8.297s] copying package.xml -> /home/jetson/mecanum-ros2/install/mobile_description/share/mobile_description
[8.298s] creating /home/jetson/mecanum-ros2/install/mobile_description/share/mobile_description/launch
[8.299s] copying launch/display.launch.py -> /home/jetson/mecanum-ros2/install/mobile_description/share/mobile_description/launch
[8.299s] copying launch/gazebo.launch.py -> /home/jetson/mecanum-ros2/install/mobile_description/share/mobile_description/launch
[8.300s] creating /home/jetson/mecanum-ros2/install/mobile_description/share/mobile_description/urdf
[8.301s] copying urdf/mobile.xacro -> /home/jetson/mecanum-ros2/install/mobile_description/share/mobile_description/urdf
[8.301s] copying urdf/materials.xacro -> /home/jetson/mecanum-ros2/install/mobile_description/share/mobile_description/urdf
[8.302s] copying urdf/mobile.gazebo -> /home/jetson/mecanum-ros2/install/mobile_description/share/mobile_description/urdf
[8.303s] copying urdf/mobile.trans -> /home/jetson/mecanum-ros2/install/mobile_description/share/mobile_description/urdf
[8.303s] creating /home/jetson/mecanum-ros2/install/mobile_description/share/mobile_description/meshes
[8.304s] copying meshes/front_left_wheel_1.stl -> /home/jetson/mecanum-ros2/install/mobile_description/share/mobile_description/meshes
[8.305s] copying meshes/rear_left_wheel_1.stl -> /home/jetson/mecanum-ros2/install/mobile_description/share/mobile_description/meshes
[8.305s] copying meshes/lidar_1.stl -> /home/jetson/mecanum-ros2/install/mobile_description/share/mobile_description/meshes
[8.306s] copying meshes/imu_1.stl -> /home/jetson/mecanum-ros2/install/mobile_description/share/mobile_description/meshes
[8.306s] copying meshes/front_right_wheel_1.stl -> /home/jetson/mecanum-ros2/install/mobile_description/share/mobile_description/meshes
[8.307s] copying meshes/rear_right_wheel_1.stl -> /home/jetson/mecanum-ros2/install/mobile_description/share/mobile_description/meshes
[8.307s] copying meshes/base_link.stl -> /home/jetson/mecanum-ros2/install/mobile_description/share/mobile_description/meshes
[8.308s] creating /home/jetson/mecanum-ros2/install/mobile_description/share/mobile_description/config
[8.308s] copying config/display.rviz -> /home/jetson/mecanum-ros2/install/mobile_description/share/mobile_description/config
[8.309s] running install_egg_info
[8.312s] Copying ../../build/mobile_description/mobile_description.egg-info to /home/jetson/mecanum-ros2/install/mobile_description/lib/python3.8/site-packages/mobile_description-0.0.0-py3.8.egg-info
[8.316s] running install_scripts
[8.405s] writing list of installed files to '/home/jetson/mecanum-ros2/build/mobile_description/install.log'
[8.672s] Invoked command in '/home/jetson/mecanum-ros2/src/mobile_description' returned '0': PYTHONPATH=/home/jetson/mecanum-ros2/build/mobile_description/prefix_override:/home/jetson/mecanum-ros2/install/mobile_description/lib/python3.8/site-packages:${PYTHONPATH} /usr/bin/python3 setup.py egg_info --egg-base ../../build/mobile_description build --build-base /home/jetson/mecanum-ros2/build/mobile_description/build install --record /home/jetson/mecanum-ros2/build/mobile_description/install.log --install-scripts $base/lib/mobile_description --single-version-externally-managed
