[1.175s] Invoking command in '/home/ohj/mecanum-ros2/src/mecanum_cartographer': PYTHONPATH=/home/ohj/mecanum-ros2/build/mecanum_cartographer/prefix_override:/home/ohj/mecanum-ros2/install/mecanum_cartographer/lib/python3.8/site-packages:${PYTHONPATH} /usr/bin/python3 setup.py egg_info --egg-base ../../build/mecanum_cartographer build --build-base /home/ohj/mecanum-ros2/build/mecanum_cartographer/build install --record /home/ohj/mecanum-ros2/build/mecanum_cartographer/install.log --single-version-externally-managed
[1.324s] running egg_info
[1.324s] creating ../../build/mecanum_cartographer/mecanum_cartographer.egg-info
[1.324s] writing ../../build/mecanum_cartographer/mecanum_cartographer.egg-info/PKG-INFO
[1.324s] writing dependency_links to ../../build/mecanum_cartographer/mecanum_cartographer.egg-info/dependency_links.txt
[1.325s] writing entry points to ../../build/mecanum_cartographer/mecanum_cartographer.egg-info/entry_points.txt
[1.325s] writing requirements to ../../build/mecanum_cartographer/mecanum_cartographer.egg-info/requires.txt
[1.325s] writing top-level names to ../../build/mecanum_cartographer/mecanum_cartographer.egg-info/top_level.txt
[1.325s] writing manifest file '../../build/mecanum_cartographer/mecanum_cartographer.egg-info/SOURCES.txt'
[1.348s] reading manifest file '../../build/mecanum_cartographer/mecanum_cartographer.egg-info/SOURCES.txt'
[1.349s] writing manifest file '../../build/mecanum_cartographer/mecanum_cartographer.egg-info/SOURCES.txt'
[1.349s] running build
[1.349s] running build_py
[1.349s] creating /home/ohj/mecanum-ros2/build/mecanum_cartographer/build
[1.350s] creating /home/ohj/mecanum-ros2/build/mecanum_cartographer/build/lib
[1.350s] creating /home/ohj/mecanum-ros2/build/mecanum_cartographer/build/lib/mecanum_cartographer
[1.350s] copying mecanum_cartographer/__init__.py -> /home/ohj/mecanum-ros2/build/mecanum_cartographer/build/lib/mecanum_cartographer
[1.350s] running install
[1.350s] running install_lib
[1.351s] creating /home/ohj/mecanum-ros2/install/mecanum_cartographer/lib/python3.8/site-packages/mecanum_cartographer
[1.351s] copying /home/ohj/mecanum-ros2/build/mecanum_cartographer/build/lib/mecanum_cartographer/__init__.py -> /home/ohj/mecanum-ros2/install/mecanum_cartographer/lib/python3.8/site-packages/mecanum_cartographer
[1.351s] byte-compiling /home/ohj/mecanum-ros2/install/mecanum_cartographer/lib/python3.8/site-packages/mecanum_cartographer/__init__.py to __init__.cpython-38.pyc
[1.352s] running install_data
[1.352s] creating /home/ohj/mecanum-ros2/install/mecanum_cartographer/share/ament_index
[1.352s] creating /home/ohj/mecanum-ros2/install/mecanum_cartographer/share/ament_index/resource_index
[1.352s] creating /home/ohj/mecanum-ros2/install/mecanum_cartographer/share/ament_index/resource_index/packages
[1.352s] copying resource/mecanum_cartographer -> /home/ohj/mecanum-ros2/install/mecanum_cartographer/share/ament_index/resource_index/packages
[1.352s] copying package.xml -> /home/ohj/mecanum-ros2/install/mecanum_cartographer/share/mecanum_cartographer
[1.352s] running install_egg_info
[1.353s] Copying ../../build/mecanum_cartographer/mecanum_cartographer.egg-info to /home/ohj/mecanum-ros2/install/mecanum_cartographer/lib/python3.8/site-packages/mecanum_cartographer-0.0.0-py3.8.egg-info
[1.354s] running install_scripts
[1.366s] writing list of installed files to '/home/ohj/mecanum-ros2/build/mecanum_cartographer/install.log'
[1.385s] Invoked command in '/home/ohj/mecanum-ros2/src/mecanum_cartographer' returned '0': PYTHONPATH=/home/ohj/mecanum-ros2/build/mecanum_cartographer/prefix_override:/home/ohj/mecanum-ros2/install/mecanum_cartographer/lib/python3.8/site-packages:${PYTHONPATH} /usr/bin/python3 setup.py egg_info --egg-base ../../build/mecanum_cartographer build --build-base /home/ohj/mecanum-ros2/build/mecanum_cartographer/build install --record /home/ohj/mecanum-ros2/build/mecanum_cartographer/install.log --single-version-externally-managed
