[0.165s] Invoking command in '/home/jetson/mecanum-ros2/build/mecanum_description': CMAKE_PREFIX_PATH=${CMAKE_PREFIX_PATH}:/home/jetson/mecanum-ros2/install/teleop_keyboard:/home/jetson/mecanum-ros2/install/motor_control:/opt/ros/galactic /usr/bin/cmake --build /home/jetson/mecanum-ros2/build/mecanum_description -- -j4 -l4
[2.802s] Invoked command in '/home/jetson/mecanum-ros2/build/mecanum_description' returned '0': CMAKE_PREFIX_PATH=${CMAKE_PREFIX_PATH}:/home/jetson/mecanum-ros2/install/teleop_keyboard:/home/jetson/mecanum-ros2/install/motor_control:/opt/ros/galactic /usr/bin/cmake --build /home/jetson/mecanum-ros2/build/mecanum_description -- -j4 -l4
[2.934s] Invoking command in '/home/jetson/mecanum-ros2/build/mecanum_description': CMAKE_PREFIX_PATH=${CMAKE_PREFIX_PATH}:/home/jetson/mecanum-ros2/install/teleop_keyboard:/home/jetson/mecanum-ros2/install/motor_control:/opt/ros/galactic /usr/bin/cmake --install /home/jetson/mecanum-ros2/build/mecanum_description
[2.965s] -- Install configuration: ""
[2.966s] -- Up-to-date: /home/jetson/mecanum-ros2/install/mecanum_description/share/mecanum_description//launch
[2.966s] -- Up-to-date: /home/jetson/mecanum-ros2/install/mecanum_description/share/mecanum_description//launch/mecanum.launch.py
[2.967s] -- Up-to-date: /home/jetson/mecanum-ros2/install/mecanum_description/share/ament_index/resource_index/package_run_dependencies/mecanum_description
[2.968s] -- Up-to-date: /home/jetson/mecanum-ros2/install/mecanum_description/share/ament_index/resource_index/parent_prefix_path/mecanum_description
[2.968s] -- Up-to-date: /home/jetson/mecanum-ros2/install/mecanum_description/share/mecanum_description/environment/ament_prefix_path.sh
[2.969s] -- Up-to-date: /home/jetson/mecanum-ros2/install/mecanum_description/share/mecanum_description/environment/ament_prefix_path.dsv
[2.969s] -- Up-to-date: /home/jetson/mecanum-ros2/install/mecanum_description/share/mecanum_description/environment/path.sh
[2.970s] -- Up-to-date: /home/jetson/mecanum-ros2/install/mecanum_description/share/mecanum_description/environment/path.dsv
[2.971s] -- Up-to-date: /home/jetson/mecanum-ros2/install/mecanum_description/share/mecanum_description/local_setup.bash
[2.971s] -- Up-to-date: /home/jetson/mecanum-ros2/install/mecanum_description/share/mecanum_description/local_setup.sh
[2.972s] -- Up-to-date: /home/jetson/mecanum-ros2/install/mecanum_description/share/mecanum_description/local_setup.zsh
[2.972s] -- Up-to-date: /home/jetson/mecanum-ros2/install/mecanum_description/share/mecanum_description/local_setup.dsv
[2.973s] -- Installing: /home/jetson/mecanum-ros2/install/mecanum_description/share/mecanum_description/package.dsv
[2.974s] -- Up-to-date: /home/jetson/mecanum-ros2/install/mecanum_description/share/ament_index/resource_index/packages/mecanum_description
[2.975s] -- Up-to-date: /home/jetson/mecanum-ros2/install/mecanum_description/share/mecanum_description/cmake/mecanum_descriptionConfig.cmake
[2.975s] -- Up-to-date: /home/jetson/mecanum-ros2/install/mecanum_description/share/mecanum_description/cmake/mecanum_descriptionConfig-version.cmake
[2.977s] -- Up-to-date: /home/jetson/mecanum-ros2/install/mecanum_description/share/mecanum_description/package.xml
[2.981s] Invoked command in '/home/jetson/mecanum-ros2/build/mecanum_description' returned '0': CMAKE_PREFIX_PATH=${CMAKE_PREFIX_PATH}:/home/jetson/mecanum-ros2/install/teleop_keyboard:/home/jetson/mecanum-ros2/install/motor_control:/opt/ros/galactic /usr/bin/cmake --install /home/jetson/mecanum-ros2/build/mecanum_description
