[5.678s] Invoking command in '/home/jetson/mecanum-ros2/src/teleop_keyboard': PYTHONPATH=/home/jetson/mecanum-ros2/build/teleop_keyboard/prefix_override:/home/jetson/mecanum-ros2/install/teleop_keyboard/lib/python3.8/site-packages:${PYTHONPATH} /usr/bin/python3 setup.py egg_info --egg-base ../../build/teleop_keyboard build --build-base /home/jetson/mecanum-ros2/build/teleop_keyboard/build install --record /home/jetson/mecanum-ros2/build/teleop_keyboard/install.log --single-version-externally-managed
[6.944s] running egg_info
[6.946s] writing ../../build/teleop_keyboard/teleop_keyboard.egg-info/PKG-INFO
[6.948s] writing dependency_links to ../../build/teleop_keyboard/teleop_keyboard.egg-info/dependency_links.txt
[6.949s] writing entry points to ../../build/teleop_keyboard/teleop_keyboard.egg-info/entry_points.txt
[6.950s] writing requirements to ../../build/teleop_keyboard/teleop_keyboard.egg-info/requires.txt
[6.950s] writing top-level names to ../../build/teleop_keyboard/teleop_keyboard.egg-info/top_level.txt
[6.963s] reading manifest file '../../build/teleop_keyboard/teleop_keyboard.egg-info/SOURCES.txt'
[6.967s] writing manifest file '../../build/teleop_keyboard/teleop_keyboard.egg-info/SOURCES.txt'
[6.967s] running build
[6.968s] running build_py
[6.968s] running install
[6.971s] running install_lib
[6.977s] running install_data
[6.979s] running install_egg_info
[6.985s] removing '/home/jetson/mecanum-ros2/install/teleop_keyboard/lib/python3.8/site-packages/teleop_keyboard-0.0.1-py3.8.egg-info' (and everything under it)
[6.986s] Copying ../../build/teleop_keyboard/teleop_keyboard.egg-info to /home/jetson/mecanum-ros2/install/teleop_keyboard/lib/python3.8/site-packages/teleop_keyboard-0.0.1-py3.8.egg-info
[6.990s] running install_scripts
[7.062s] Installing teleop_keyboard script to /home/jetson/mecanum-ros2/install/teleop_keyboard/lib/teleop_keyboard
[7.064s] writing list of installed files to '/home/jetson/mecanum-ros2/build/teleop_keyboard/install.log'
[7.166s] Invoked command in '/home/jetson/mecanum-ros2/src/teleop_keyboard' returned '0': PYTHONPATH=/home/jetson/mecanum-ros2/build/teleop_keyboard/prefix_override:/home/jetson/mecanum-ros2/install/teleop_keyboard/lib/python3.8/site-packages:${PYTHONPATH} /usr/bin/python3 setup.py egg_info --egg-base ../../build/teleop_keyboard build --build-base /home/jetson/mecanum-ros2/build/teleop_keyboard/build install --record /home/jetson/mecanum-ros2/build/teleop_keyboard/install.log --single-version-externally-managed
