[1.056s] Invoking command in '/home/ohj/mecanum-ros2/src/motor_control': PYTHONPATH=/home/ohj/mecanum-ros2/build/motor_control/prefix_override:/home/ohj/mecanum-ros2/install/motor_control/lib/python3.8/site-packages:${PYTHONPATH} /usr/bin/python3 setup.py egg_info --egg-base ../../build/motor_control build --build-base /home/ohj/mecanum-ros2/build/motor_control/build install --record /home/ohj/mecanum-ros2/build/motor_control/install.log --single-version-externally-managed
[1.204s] running egg_info
[1.204s] creating ../../build/motor_control/motor_control.egg-info
[1.204s] writing ../../build/motor_control/motor_control.egg-info/PKG-INFO
[1.204s] writing dependency_links to ../../build/motor_control/motor_control.egg-info/dependency_links.txt
[1.205s] writing entry points to ../../build/motor_control/motor_control.egg-info/entry_points.txt
[1.205s] writing requirements to ../../build/motor_control/motor_control.egg-info/requires.txt
[1.205s] writing top-level names to ../../build/motor_control/motor_control.egg-info/top_level.txt
[1.205s] writing manifest file '../../build/motor_control/motor_control.egg-info/SOURCES.txt'
[1.230s] reading manifest file '../../build/motor_control/motor_control.egg-info/SOURCES.txt'
[1.230s] writing manifest file '../../build/motor_control/motor_control.egg-info/SOURCES.txt'
[1.231s] running build
[1.231s] running build_py
[1.231s] creating /home/ohj/mecanum-ros2/build/motor_control/build
[1.231s] creating /home/ohj/mecanum-ros2/build/motor_control/build/lib
[1.231s] creating /home/ohj/mecanum-ros2/build/motor_control/build/lib/motor_control
[1.231s] copying motor_control/motor_control.py -> /home/ohj/mecanum-ros2/build/motor_control/build/lib/motor_control
[1.231s] copying motor_control/__init__.py -> /home/ohj/mecanum-ros2/build/motor_control/build/lib/motor_control
[1.231s] running install
[1.231s] running install_lib
[1.232s] creating /home/ohj/mecanum-ros2/install/motor_control/lib/python3.8/site-packages/motor_control
[1.232s] copying /home/ohj/mecanum-ros2/build/motor_control/build/lib/motor_control/motor_control.py -> /home/ohj/mecanum-ros2/install/motor_control/lib/python3.8/site-packages/motor_control
[1.232s] copying /home/ohj/mecanum-ros2/build/motor_control/build/lib/motor_control/__init__.py -> /home/ohj/mecanum-ros2/install/motor_control/lib/python3.8/site-packages/motor_control
[1.232s] byte-compiling /home/ohj/mecanum-ros2/install/motor_control/lib/python3.8/site-packages/motor_control/motor_control.py to motor_control.cpython-38.pyc
[1.234s] byte-compiling /home/ohj/mecanum-ros2/install/motor_control/lib/python3.8/site-packages/motor_control/__init__.py to __init__.cpython-38.pyc
[1.234s] running install_data
[1.234s] creating /home/ohj/mecanum-ros2/install/motor_control/share/ament_index
[1.234s] creating /home/ohj/mecanum-ros2/install/motor_control/share/ament_index/resource_index
[1.234s] creating /home/ohj/mecanum-ros2/install/motor_control/share/ament_index/resource_index/packages
[1.234s] copying resource/motor_control -> /home/ohj/mecanum-ros2/install/motor_control/share/ament_index/resource_index/packages
[1.234s] copying package.xml -> /home/ohj/mecanum-ros2/install/motor_control/share/motor_control
[1.234s] creating /home/ohj/mecanum-ros2/install/motor_control/share/motor_control/launch
[1.235s] copying launch/motor_control.launch.py -> /home/ohj/mecanum-ros2/install/motor_control/share/motor_control/launch
[1.235s] creating /home/ohj/mecanum-ros2/install/motor_control/share/motor_control/param
[1.235s] copying param/motor_config.yaml -> /home/ohj/mecanum-ros2/install/motor_control/share/motor_control/param
[1.235s] running install_egg_info
[1.236s] Copying ../../build/motor_control/motor_control.egg-info to /home/ohj/mecanum-ros2/install/motor_control/lib/python3.8/site-packages/motor_control-0.0.0-py3.8.egg-info
[1.237s] running install_scripts
[1.251s] Installing motor_control script to /home/ohj/mecanum-ros2/install/motor_control/lib/motor_control
[1.251s] writing list of installed files to '/home/ohj/mecanum-ros2/build/motor_control/install.log'
[1.282s] Invoked command in '/home/ohj/mecanum-ros2/src/motor_control' returned '0': PYTHONPATH=/home/ohj/mecanum-ros2/build/motor_control/prefix_override:/home/ohj/mecanum-ros2/install/motor_control/lib/python3.8/site-packages:${PYTHONPATH} /usr/bin/python3 setup.py egg_info --egg-base ../../build/motor_control build --build-base /home/ohj/mecanum-ros2/build/motor_control/build install --record /home/ohj/mecanum-ros2/build/motor_control/install.log --single-version-externally-managed
