[7.414s] Invoking command in '/home/jetson/mecanum-ros2/src/mobile_description': PYTHONPATH=/home/jetson/mecanum-ros2/build/mobile_description/prefix_override:/home/jetson/mecanum-ros2/install/mobile_description/lib/python3.8/site-packages:${PYTHONPATH} /usr/bin/python3 setup.py egg_info --egg-base ../../build/mobile_description build --build-base /home/jetson/mecanum-ros2/build/mobile_description/build install --record /home/jetson/mecanum-ros2/build/mobile_description/install.log --single-version-externally-managed
[8.841s] running egg_info
[8.845s] writing ../../build/mobile_description/mobile_description.egg-info/PKG-INFO
[8.848s] writing dependency_links to ../../build/mobile_description/mobile_description.egg-info/dependency_links.txt
[8.849s] writing entry points to ../../build/mobile_description/mobile_description.egg-info/entry_points.txt
[8.852s] writing requirements to ../../build/mobile_description/mobile_description.egg-info/requires.txt
[8.852s] writing top-level names to ../../build/mobile_description/mobile_description.egg-info/top_level.txt
[8.871s] reading manifest file '../../build/mobile_description/mobile_description.egg-info/SOURCES.txt'
[8.877s] writing manifest file '../../build/mobile_description/mobile_description.egg-info/SOURCES.txt'
[8.878s] running build
[8.880s] running build_py
[8.881s] running install
[8.884s] running install_lib
[8.893s] running install_data
[8.901s] running install_egg_info
[8.908s] removing '/home/jetson/mecanum-ros2/install/mobile_description/lib/python3.8/site-packages/mobile_description-0.0.0-py3.8.egg-info' (and everything under it)
[8.910s] Copying ../../build/mobile_description/mobile_description.egg-info to /home/jetson/mecanum-ros2/install/mobile_description/lib/python3.8/site-packages/mobile_description-0.0.0-py3.8.egg-info
[8.915s] running install_scripts
[9.006s] writing list of installed files to '/home/jetson/mecanum-ros2/build/mobile_description/install.log'
[9.306s] Invoked command in '/home/jetson/mecanum-ros2/src/mobile_description' returned '0': PYTHONPATH=/home/jetson/mecanum-ros2/build/mobile_description/prefix_override:/home/jetson/mecanum-ros2/install/mobile_description/lib/python3.8/site-packages:${PYTHONPATH} /usr/bin/python3 setup.py egg_info --egg-base ../../build/mobile_description build --build-base /home/jetson/mecanum-ros2/build/mobile_description/build install --record /home/jetson/mecanum-ros2/build/mobile_description/install.log --single-version-externally-managed
