[19.519s] Invoking command in '/home/jetson/mecanum-ros2/src/mecanum_odometry': PYTHONPATH=/home/jetson/mecanum-ros2/build/mecanum_odometry/prefix_override:/home/jetson/mecanum-ros2/install/mecanum_odometry/lib/python3.8/site-packages:${PYTHONPATH} /usr/bin/python3 setup.py egg_info --egg-base ../../build/mecanum_odometry build --build-base /home/jetson/mecanum-ros2/build/mecanum_odometry/build install --record /home/jetson/mecanum-ros2/build/mecanum_odometry/install.log --single-version-externally-managed
[25.180s] running egg_info
[25.193s] writing ../../build/mecanum_odometry/mecanum_odometry.egg-info/PKG-INFO
[25.196s] writing dependency_links to ../../build/mecanum_odometry/mecanum_odometry.egg-info/dependency_links.txt
[25.198s] writing entry points to ../../build/mecanum_odometry/mecanum_odometry.egg-info/entry_points.txt
[25.200s] writing requirements to ../../build/mecanum_odometry/mecanum_odometry.egg-info/requires.txt
[25.202s] writing top-level names to ../../build/mecanum_odometry/mecanum_odometry.egg-info/top_level.txt
[25.265s] reading manifest file '../../build/mecanum_odometry/mecanum_odometry.egg-info/SOURCES.txt'
[25.282s] writing manifest file '../../build/mecanum_odometry/mecanum_odometry.egg-info/SOURCES.txt'
[25.284s] running build
[25.287s] running build_py
[25.290s] running install
[25.302s] running install_lib
[25.325s] running install_data
[25.335s] running install_egg_info
[25.358s] removing '/home/jetson/mecanum-ros2/install/mecanum_odometry/lib/python3.8/site-packages/mecanum_odometry-0.0.0-py3.8.egg-info' (and everything under it)
[25.363s] Copying ../../build/mecanum_odometry/mecanum_odometry.egg-info to /home/jetson/mecanum-ros2/install/mecanum_odometry/lib/python3.8/site-packages/mecanum_odometry-0.0.0-py3.8.egg-info
[25.379s] running install_scripts
[25.675s] Installing odom_publisher script to /home/jetson/mecanum-ros2/install/mecanum_odometry/lib/mecanum_odometry
[25.680s] Installing time_test script to /home/jetson/mecanum-ros2/install/mecanum_odometry/lib/mecanum_odometry
[25.682s] writing list of installed files to '/home/jetson/mecanum-ros2/build/mecanum_odometry/install.log'
[25.975s] Invoked command in '/home/jetson/mecanum-ros2/src/mecanum_odometry' returned '0': PYTHONPATH=/home/jetson/mecanum-ros2/build/mecanum_odometry/prefix_override:/home/jetson/mecanum-ros2/install/mecanum_odometry/lib/python3.8/site-packages:${PYTHONPATH} /usr/bin/python3 setup.py egg_info --egg-base ../../build/mecanum_odometry build --build-base /home/jetson/mecanum-ros2/build/mecanum_odometry/build install --record /home/jetson/mecanum-ros2/build/mecanum_odometry/install.log --single-version-externally-managed
