[0.505s] Invoking command in '/home/ohj/mecanum-ros2/build/stella_ahrs': CMAKE_PREFIX_PATH=/opt/ros/galactic /usr/bin/cmake /home/ohj/mecanum-ros2/src/stella_ahrs -DCMAKE_INSTALL_PREFIX=/home/ohj/mecanum-ros2/install/stella_ahrs
[0.667s] -- The C compiler identification is GNU 9.4.0
[0.729s] -- The CXX compiler identification is GNU 9.4.0
[0.738s] -- Check for working C compiler: /usr/bin/cc
[0.794s] -- Check for working C compiler: /usr/bin/cc -- works
[0.795s] -- Detecting C compiler ABI info
[0.850s] -- Detecting C compiler ABI info - done
[0.858s] -- Detecting C compile features
[0.859s] -- Detecting C compile features - done
[0.861s] -- Check for working CXX compiler: /usr/bin/c++
[0.919s] -- Check for working CXX compiler: /usr/bin/c++ -- works
[0.921s] -- Detecting CXX compiler ABI info
[0.978s] -- Detecting CXX compiler ABI info - done
[0.985s] -- Detecting CXX compile features
[0.985s] -- Detecting CXX compile features - done
[0.991s] -- Found ament_cmake: 1.1.6 (/opt/ros/galactic/share/ament_cmake/cmake)
[1.018s] -- Found PythonInterp: /usr/bin/python3 (found suitable version "3.8.10", minimum required is "3") 
[1.018s] -- Using PYTHON_EXECUTABLE: /usr/bin/python3
[1.094s] -- Found rclcpp: 9.2.2 (/opt/ros/galactic/share/rclcpp/cmake)
[1.154s] -- Using all available rosidl_typesupport_c: rosidl_typesupport_fastrtps_c;rosidl_typesupport_introspection_c
[1.163s] -- Found rosidl_adapter: 2.2.3 (/opt/ros/galactic/share/rosidl_adapter/cmake)
[1.246s] -- Found OpenSSL: /usr/lib/x86_64-linux-gnu/libcrypto.so (found version "1.1.1f")  
[1.270s] -- Found FastRTPS: /opt/ros/galactic/include  
[1.332s] -- Using all available rosidl_typesupport_cpp: rosidl_typesupport_fastrtps_cpp;rosidl_typesupport_introspection_cpp
[1.377s] -- Found rmw_implementation_cmake: 3.3.1 (/opt/ros/galactic/share/rmw_implementation_cmake/cmake)
[1.380s] -- Found rmw_cyclonedds_cpp: 0.22.6 (/opt/ros/galactic/share/rmw_cyclonedds_cpp/cmake)
[1.395s] -- Using RMW implementation 'rmw_cyclonedds_cpp' as default
[1.396s] -- Looking for pthread.h
[1.455s] -- Looking for pthread.h - found
[1.455s] -- Performing Test CMAKE_HAVE_LIBC_PTHREAD
[1.520s] -- Performing Test CMAKE_HAVE_LIBC_PTHREAD - Failed
[1.520s] -- Looking for pthread_create in pthreads
[1.577s] -- Looking for pthread_create in pthreads - not found
[1.578s] -- Looking for pthread_create in pthread
[1.640s] -- Looking for pthread_create in pthread - found
[1.642s] -- Found Threads: TRUE  
[1.756s] -- Found sensor_msgs: 2.2.4 (/opt/ros/galactic/share/sensor_msgs/cmake)
[1.838s] -- Found tf2: 0.17.5 (/opt/ros/galactic/share/tf2/cmake)
[1.848s] -- Found tf2_ros: 0.17.5 (/opt/ros/galactic/share/tf2_ros/cmake)
[2.137s] -- Configuring done
[2.150s] -- Generating done
[2.152s] -- Build files have been written to: /home/ohj/mecanum-ros2/build/stella_ahrs
[2.162s] Invoked command in '/home/ohj/mecanum-ros2/build/stella_ahrs' returned '0': CMAKE_PREFIX_PATH=/opt/ros/galactic /usr/bin/cmake /home/ohj/mecanum-ros2/src/stella_ahrs -DCMAKE_INSTALL_PREFIX=/home/ohj/mecanum-ros2/install/stella_ahrs
[2.164s] Invoking command in '/home/ohj/mecanum-ros2/build/stella_ahrs': CMAKE_PREFIX_PATH=/opt/ros/galactic /usr/bin/cmake --build /home/ohj/mecanum-ros2/build/stella_ahrs -- -j16 -l16
[2.207s] [35m[1mScanning dependencies of target stella_ahrs_node[0m
[2.248s] [ 16%] [32mBuilding CXX object CMakeFiles/stella_ahrs_node.dir/mw/mw_ahrs.cpp.o[0m
[2.249s] [ 33%] [32mBuilding CXX object CMakeFiles/stella_ahrs_node.dir/serial/unix.cc.o[0m
[2.249s] [ 83%] [32mBuilding CXX object CMakeFiles/stella_ahrs_node.dir/serial/serial.cc.o[0m
[2.249s] [ 83%] [32mBuilding CXX object CMakeFiles/stella_ahrs_node.dir/serial/list_ports_linux.cc.o[0m
[2.249s] [ 83%] [32mBuilding CXX object CMakeFiles/stella_ahrs_node.dir/src/listener.cpp.o[0m
[2.605s] [01m[K/home/ohj/mecanum-ros2/src/stella_ahrs/serial/list_ports_linux.cc:[m[K In function ‘[01m[Kstd::vector<std::__cxx11::basic_string<char> > glob(const std::vector<std::__cxx11::basic_string<char> >&)[m[K’:
[2.606s] [01m[K/home/ohj/mecanum-ros2/src/stella_ahrs/serial/list_ports_linux.cc:66:40:[m[K [01;35m[Kwarning: [m[Kcomparison of integer expressions of different signedness: ‘[01m[Kint[m[K’ and ‘[01m[Ksize_t[m[K’ {aka ‘[01m[Klong unsigned int[m[K’} [[01;35m[K-Wsign-compare[m[K]
[2.606s]    66 |     for(int path_index = 0; [01;35m[Kpath_index < glob_results.gl_pathc[m[K; path_index++)
[2.606s]       |                             [01;35m[K~~~~~~~~~~~^~~~~~~~~~~~~~~~~~~~~~~[m[K
[2.606s] [01m[K/home/ohj/mecanum-ros2/src/stella_ahrs/serial/list_ports_linux.cc:57:9:[m[K [01;35m[Kwarning: [m[Kvariable ‘[01m[Kglob_retval[m[K’ set but not used [[01;35m[K-Wunused-but-set-variable[m[K]
[2.606s]    57 |     int [01;35m[Kglob_retval[m[K = glob(patterns[0].c_str(), 0, NULL, &glob_results);
[2.606s]       |         [01;35m[K^~~~~~~~~~~[m[K
[2.614s] [01m[K/home/ohj/mecanum-ros2/src/stella_ahrs/serial/list_ports_linux.cc:[m[K In function ‘[01m[Kstd::string format(const char*, ...)[m[K’:
[2.614s] [01m[K/home/ohj/mecanum-ros2/src/stella_ahrs/serial/list_ports_linux.cc:246:31:[m[K [01;35m[Kwarning: [m[Kcomparison of integer expressions of different signedness: ‘[01m[Kint[m[K’ and ‘[01m[Ksize_t[m[K’ {aka ‘[01m[Klong unsigned int[m[K’} [[01;35m[K-Wsign-compare[m[K]
[2.614s]   246 |         else if( [01;35m[Kreturn_value >= buffer_size_bytes[m[K )
[2.614s]       |                  [01;35m[K~~~~~~~~~~~~~^~~~~~~~~~~~~~~~~~~~[m[K
[3.803s] [01m[K/home/ohj/mecanum-ros2/src/stella_ahrs/src/listener.cpp:[m[K In function ‘[01m[Kint main(int, char**)[m[K’:
[3.803s] [01m[K/home/ohj/mecanum-ros2/src/stella_ahrs/src/listener.cpp:7:18:[m[K [01;35m[Kwarning: [m[KISO C++ forbids converting a string constant to ‘[01m[Kchar*[m[K’ [[01;35m[K-Wwrite-strings[m[K]
[3.803s]     7 |     char *port = [01;35m[K"/dev/ttyUSB0"[m[K;
[3.803s]       |                  [01;35m[K^~~~~~~~~~~~~~[m[K
[3.898s] [01m[K/home/ohj/mecanum-ros2/src/stella_ahrs/mw/mw_ahrs.cpp:[m[K In static member function ‘[01m[Kstatic void* ntrex::MwAhrsRosDriver::MwAhrsRead(void*)[m[K’:
[3.898s] [01m[K/home/ohj/mecanum-ros2/src/stella_ahrs/mw/mw_ahrs.cpp:48:3:[m[K [01;35m[Kwarning: [m[Kno return statement in function returning non-void [[01;35m[K-Wreturn-type[m[K]
[3.898s]    48 |   [01;35m[K}[m[K
[3.898s]       |   [01;35m[K^[m[K
[3.898s] [01m[K/home/ohj/mecanum-ros2/src/stella_ahrs/mw/mw_ahrs.cpp:12:43:[m[K [01;35m[Kwarning: [m[Kunused parameter ‘[01m[Karg[m[K’ [[01;35m[K-Wunused-parameter[m[K]
[3.898s]    12 |   void *MwAhrsRosDriver::MwAhrsRead([01;35m[Kvoid *arg[m[K)
[3.898s]       |                                     [01;35m[K~~~~~~^~~[m[K
[3.899s] [01m[K/home/ohj/mecanum-ros2/src/stella_ahrs/mw/mw_ahrs.cpp:[m[K In constructor ‘[01m[Kntrex::MwAhrsRosDriver::MwAhrsRosDriver(char*, int, int)[m[K’:
[3.899s] [01m[K/home/ohj/mecanum-ros2/src/stella_ahrs/mw/mw_ahrs.cpp:53:57:[m[K [01;35m[Kwarning: [m[K‘[01m[Kconst rclcpp::ParameterValue& rclcpp::Node::declare_parameter(const string&)[m[K’ is deprecated: declare_parameter() with only a name is deprecated and will be deleted in the future.\nIf you want to declare a parameter that won't change type without a default value use:\n`node->declare_parameter<ParameterT>(name)`, where e.g. ParameterT=int64_t.\n\nIf you want to declare a parameter that can dynamically change type use:\n```\nrcl_interfaces::msg::ParameterDescriptor descriptor;\ndescriptor.dynamic_typing = true;\nnode->declare_parameter(name, rclcpp::ParameterValue{}, descriptor);\n``` [[01;35m[K-Wdeprecated-declarations[m[K]
[3.899s]    53 |     this->declare_parameter("linear_acceleration_stddev"[01;35m[K)[m[K;
[3.899s]       |                                                         [01;35m[K^[m[K
[3.899s] In file included from [01m[K/opt/ros/galactic/include/rclcpp/executors/single_threaded_executor.hpp:28[m[K,
[3.899s]                  from [01m[K/opt/ros/galactic/include/rclcpp/executors.hpp:22[m[K,
[3.900s]                  from [01m[K/opt/ros/galactic/include/rclcpp/rclcpp.hpp:156[m[K,
[3.900s]                  from [01m[K/opt/ros/galactic/include/tf2_ros/transform_broadcaster.h:38[m[K,
[3.900s]                  from [01m[K/home/ohj/mecanum-ros2/src/stella_ahrs/include/mw/mw_ahrs.hpp:5[m[K,
[3.900s]                  from [01m[K/home/ohj/mecanum-ros2/src/stella_ahrs/mw/mw_ahrs.cpp:1[m[K:
[3.900s] [01m[K/opt/ros/galactic/include/rclcpp/node.hpp:422:3:[m[K [01;36m[Knote: [m[Kdeclared here
[3.900s]   422 |   [01;36m[Kdeclare_parameter[m[K(const std::string & name);
[3.900s]       |   [01;36m[K^~~~~~~~~~~~~~~~~[m[K
[3.900s] [01m[K/home/ohj/mecanum-ros2/src/stella_ahrs/mw/mw_ahrs.cpp:54:54:[m[K [01;35m[Kwarning: [m[K‘[01m[Kconst rclcpp::ParameterValue& rclcpp::Node::declare_parameter(const string&)[m[K’ is deprecated: declare_parameter() with only a name is deprecated and will be deleted in the future.\nIf you want to declare a parameter that won't change type without a default value use:\n`node->declare_parameter<ParameterT>(name)`, where e.g. ParameterT=int64_t.\n\nIf you want to declare a parameter that can dynamically change type use:\n```\nrcl_interfaces::msg::ParameterDescriptor descriptor;\ndescriptor.dynamic_typing = true;\nnode->declare_parameter(name, rclcpp::ParameterValue{}, descriptor);\n``` [[01;35m[K-Wdeprecated-declarations[m[K]
[3.900s]    54 |     this->declare_parameter("angular_velocity_stddev"[01;35m[K)[m[K;
[3.900s]       |                                                      [01;35m[K^[m[K
[3.900s] In file included from [01m[K/opt/ros/galactic/include/rclcpp/executors/single_threaded_executor.hpp:28[m[K,
[3.900s]                  from [01m[K/opt/ros/galactic/include/rclcpp/executors.hpp:22[m[K,
[3.901s]                  from [01m[K/opt/ros/galactic/include/rclcpp/rclcpp.hpp:156[m[K,
[3.901s]                  from [01m[K/opt/ros/galactic/include/tf2_ros/transform_broadcaster.h:38[m[K,
[3.901s]                  from [01m[K/home/ohj/mecanum-ros2/src/stella_ahrs/include/mw/mw_ahrs.hpp:5[m[K,
[3.901s]                  from [01m[K/home/ohj/mecanum-ros2/src/stella_ahrs/mw/mw_ahrs.cpp:1[m[K:
[3.901s] [01m[K/opt/ros/galactic/include/rclcpp/node.hpp:422:3:[m[K [01;36m[Knote: [m[Kdeclared here
[3.901s]   422 |   [01;36m[Kdeclare_parameter[m[K(const std::string & name);
[3.901s]       |   [01;36m[K^~~~~~~~~~~~~~~~~[m[K
[3.901s] [01m[K/home/ohj/mecanum-ros2/src/stella_ahrs/mw/mw_ahrs.cpp:55:52:[m[K [01;35m[Kwarning: [m[K‘[01m[Kconst rclcpp::ParameterValue& rclcpp::Node::declare_parameter(const string&)[m[K’ is deprecated: declare_parameter() with only a name is deprecated and will be deleted in the future.\nIf you want to declare a parameter that won't change type without a default value use:\n`node->declare_parameter<ParameterT>(name)`, where e.g. ParameterT=int64_t.\n\nIf you want to declare a parameter that can dynamically change type use:\n```\nrcl_interfaces::msg::ParameterDescriptor descriptor;\ndescriptor.dynamic_typing = true;\nnode->declare_parameter(name, rclcpp::ParameterValue{}, descriptor);\n``` [[01;35m[K-Wdeprecated-declarations[m[K]
[3.901s]    55 |     this->declare_parameter("magnetic_field_stddev"[01;35m[K)[m[K;
[3.901s]       |                                                    [01;35m[K^[m[K
[3.901s] In file included from [01m[K/opt/ros/galactic/include/rclcpp/executors/single_threaded_executor.hpp:28[m[K,
[3.901s]                  from [01m[K/opt/ros/galactic/include/rclcpp/executors.hpp:22[m[K,
[3.901s]                  from [01m[K/opt/ros/galactic/include/rclcpp/rclcpp.hpp:156[m[K,
[3.901s]                  from [01m[K/opt/ros/galactic/include/tf2_ros/transform_broadcaster.h:38[m[K,
[3.902s]                  from [01m[K/home/ohj/mecanum-ros2/src/stella_ahrs/include/mw/mw_ahrs.hpp:5[m[K,
[3.902s]                  from [01m[K/home/ohj/mecanum-ros2/src/stella_ahrs/mw/mw_ahrs.cpp:1[m[K:
[3.902s] [01m[K/opt/ros/galactic/include/rclcpp/node.hpp:422:3:[m[K [01;36m[Knote: [m[Kdeclared here
[3.902s]   422 |   [01;36m[Kdeclare_parameter[m[K(const std::string & name);
[3.902s]       |   [01;36m[K^~~~~~~~~~~~~~~~~[m[K
[3.902s] [01m[K/home/ohj/mecanum-ros2/src/stella_ahrs/mw/mw_ahrs.cpp:56:49:[m[K [01;35m[Kwarning: [m[K‘[01m[Kconst rclcpp::ParameterValue& rclcpp::Node::declare_parameter(const string&)[m[K’ is deprecated: declare_parameter() with only a name is deprecated and will be deleted in the future.\nIf you want to declare a parameter that won't change type without a default value use:\n`node->declare_parameter<ParameterT>(name)`, where e.g. ParameterT=int64_t.\n\nIf you want to declare a parameter that can dynamically change type use:\n```\nrcl_interfaces::msg::ParameterDescriptor descriptor;\ndescriptor.dynamic_typing = true;\nnode->declare_parameter(name, rclcpp::ParameterValue{}, descriptor);\n``` [[01;35m[K-Wdeprecated-declarations[m[K]
[3.902s]    56 |     this->declare_parameter("orientation_stddev"[01;35m[K)[m[K;
[3.902s]       |                                                 [01;35m[K^[m[K
[3.902s] In file included from [01m[K/opt/ros/galactic/include/rclcpp/executors/single_threaded_executor.hpp:28[m[K,
[3.902s]                  from [01m[K/opt/ros/galactic/include/rclcpp/executors.hpp:22[m[K,
[3.902s]                  from [01m[K/opt/ros/galactic/include/rclcpp/rclcpp.hpp:156[m[K,
[3.902s]                  from [01m[K/opt/ros/galactic/include/tf2_ros/transform_broadcaster.h:38[m[K,
[3.902s]                  from [01m[K/home/ohj/mecanum-ros2/src/stella_ahrs/include/mw/mw_ahrs.hpp:5[m[K,
[3.903s]                  from [01m[K/home/ohj/mecanum-ros2/src/stella_ahrs/mw/mw_ahrs.cpp:1[m[K:
[3.903s] [01m[K/opt/ros/galactic/include/rclcpp/node.hpp:422:3:[m[K [01;36m[Knote: [m[Kdeclared here
[3.903s]   422 |   [01;36m[Kdeclare_parameter[m[K(const std::string & name);
[3.903s]       |   [01;36m[K^~~~~~~~~~~~~~~~~[m[K
[4.131s] In file included from [01m[K/home/ohj/mecanum-ros2/src/stella_ahrs/src/listener.cpp:1[m[K:
[4.131s] [01m[K/home/ohj/mecanum-ros2/src/stella_ahrs/include/mw/mw_ahrs.hpp:[m[K At global scope:
[4.132s] [01m[K/home/ohj/mecanum-ros2/src/stella_ahrs/include/mw/mw_ahrs.hpp:41:13:[m[K [01;35m[Kwarning: [m[K‘[01m[Krun_bool[m[K’ defined but not used [[01;35m[K-Wunused-variable[m[K]
[4.132s]    41 | static bool [01;35m[Krun_bool[m[K = false;
[4.132s]       |             [01;35m[K^~~~~~~~[m[K
[4.132s] [01m[K/home/ohj/mecanum-ros2/src/stella_ahrs/include/mw/mw_ahrs.hpp:38:14:[m[K [01;35m[Kwarning: [m[K‘[01m[Kmag_value[m[K’ defined but not used [[01;35m[K-Wunused-variable[m[K]
[4.132s]    38 |              [01;35m[Kmag_value[m[K[3] = {
[4.132s]       |              [01;35m[K^~~~~~~~~[m[K
[4.132s] [01m[K/home/ohj/mecanum-ros2/src/stella_ahrs/include/mw/mw_ahrs.hpp:35:14:[m[K [01;35m[Kwarning: [m[K‘[01m[Kdeg_value[m[K’ defined but not used [[01;35m[K-Wunused-variable[m[K]
[4.132s]    35 |              [01;35m[Kdeg_value[m[K[3] = {
[4.132s]       |              [01;35m[K^~~~~~~~~[m[K
[4.132s] [01m[K/home/ohj/mecanum-ros2/src/stella_ahrs/include/mw/mw_ahrs.hpp:32:14:[m[K [01;35m[Kwarning: [m[K‘[01m[Kgyr_value[m[K’ defined but not used [[01;35m[K-Wunused-variable[m[K]
[4.132s]    32 |              [01;35m[Kgyr_value[m[K[3] = {
[4.132s]       |              [01;35m[K^~~~~~~~~[m[K
[4.132s] [01m[K/home/ohj/mecanum-ros2/src/stella_ahrs/include/mw/mw_ahrs.hpp:29:14:[m[K [01;35m[Kwarning: [m[K‘[01m[Kacc_value[m[K’ defined but not used [[01;35m[K-Wunused-variable[m[K]
[4.133s]    29 | static float [01;35m[Kacc_value[m[K[3] = {
[4.133s]       |              [01;35m[K^~~~~~~~~[m[K
[5.854s] [100%] [32m[1mLinking CXX executable stella_ahrs_node[0m
[6.031s] [100%] Built target stella_ahrs_node
[6.040s] Invoked command in '/home/ohj/mecanum-ros2/build/stella_ahrs' returned '0': CMAKE_PREFIX_PATH=/opt/ros/galactic /usr/bin/cmake --build /home/ohj/mecanum-ros2/build/stella_ahrs -- -j16 -l16
[6.075s] Invoking command in '/home/ohj/mecanum-ros2/build/stella_ahrs': CMAKE_PREFIX_PATH=/opt/ros/galactic /usr/bin/cmake --install /home/ohj/mecanum-ros2/build/stella_ahrs
[6.084s] -- Install configuration: ""
[6.084s] -- Installing: /home/ohj/mecanum-ros2/install/stella_ahrs/share/stella_ahrs//launch
[6.085s] -- Installing: /home/ohj/mecanum-ros2/install/stella_ahrs/share/stella_ahrs//launch/stella_ahrs_launch.py
[6.085s] -- Installing: /home/ohj/mecanum-ros2/install/stella_ahrs/share/stella_ahrs/rviz
[6.085s] -- Installing: /home/ohj/mecanum-ros2/install/stella_ahrs/share/stella_ahrs/rviz/imu_test.rviz
[6.085s] -- Installing: /home/ohj/mecanum-ros2/install/stella_ahrs/lib/stella_ahrs/stella_ahrs_node
[6.086s] -- Set runtime path of "/home/ohj/mecanum-ros2/install/stella_ahrs/lib/stella_ahrs/stella_ahrs_node" to ""
[6.086s] -- Installing: /home/ohj/mecanum-ros2/install/stella_ahrs/share/ament_index/resource_index/package_run_dependencies/stella_ahrs
[6.086s] -- Installing: /home/ohj/mecanum-ros2/install/stella_ahrs/share/ament_index/resource_index/parent_prefix_path/stella_ahrs
[6.086s] -- Installing: /home/ohj/mecanum-ros2/install/stella_ahrs/share/stella_ahrs/environment/ament_prefix_path.sh
[6.086s] -- Installing: /home/ohj/mecanum-ros2/install/stella_ahrs/share/stella_ahrs/environment/ament_prefix_path.dsv
[6.087s] -- Installing: /home/ohj/mecanum-ros2/install/stella_ahrs/share/stella_ahrs/environment/path.sh
[6.087s] -- Installing: /home/ohj/mecanum-ros2/install/stella_ahrs/share/stella_ahrs/environment/path.dsv
[6.087s] -- Installing: /home/ohj/mecanum-ros2/install/stella_ahrs/share/stella_ahrs/local_setup.bash
[6.087s] -- Installing: /home/ohj/mecanum-ros2/install/stella_ahrs/share/stella_ahrs/local_setup.sh
[6.087s] -- Installing: /home/ohj/mecanum-ros2/install/stella_ahrs/share/stella_ahrs/local_setup.zsh
[6.087s] -- Installing: /home/ohj/mecanum-ros2/install/stella_ahrs/share/stella_ahrs/local_setup.dsv
[6.087s] -- Installing: /home/ohj/mecanum-ros2/install/stella_ahrs/share/stella_ahrs/package.dsv
[6.087s] -- Installing: /home/ohj/mecanum-ros2/install/stella_ahrs/share/ament_index/resource_index/packages/stella_ahrs
[6.087s] -- Installing: /home/ohj/mecanum-ros2/install/stella_ahrs/share/stella_ahrs/cmake/ament_cmake_export_include_directories-extras.cmake
[6.087s] -- Installing: /home/ohj/mecanum-ros2/install/stella_ahrs/share/stella_ahrs/cmake/stella_ahrsConfig.cmake
[6.088s] -- Installing: /home/ohj/mecanum-ros2/install/stella_ahrs/share/stella_ahrs/cmake/stella_ahrsConfig-version.cmake
[6.088s] -- Installing: /home/ohj/mecanum-ros2/install/stella_ahrs/share/stella_ahrs/package.xml
[6.092s] Invoked command in '/home/ohj/mecanum-ros2/build/stella_ahrs' returned '0': CMAKE_PREFIX_PATH=/opt/ros/galactic /usr/bin/cmake --install /home/ohj/mecanum-ros2/build/stella_ahrs
