running develop
Removing /home/ohj/mecanum-ros2/install/mecanum_odometry/lib/python3.8/site-packages/mecanum-odometry.egg-link (link to .)
running egg_info
writing ../../build/mecanum_odometry/mecanum_odometry.egg-info/PKG-INFO
writing dependency_links to ../../build/mecanum_odometry/mecanum_odometry.egg-info/dependency_links.txt
writing entry points to ../../build/mecanum_odometry/mecanum_odometry.egg-info/entry_points.txt
writing requirements to ../../build/mecanum_odometry/mecanum_odometry.egg-info/requires.txt
writing top-level names to ../../build/mecanum_odometry/mecanum_odometry.egg-info/top_level.txt
reading manifest file '../../build/mecanum_odometry/mecanum_odometry.egg-info/SOURCES.txt'
writing manifest file '../../build/mecanum_odometry/mecanum_odometry.egg-info/SOURCES.txt'
running build
running build_py
copying mecanum_odometry/odom_publisher.py -> /home/ohj/mecanum-ros2/build/mecanum_odometry/build/lib/mecanum_odometry
running install
running install_lib
creating /home/ohj/mecanum-ros2/install/mecanum_odometry/lib/python3.8/site-packages/mecanum_odometry
copying /home/ohj/mecanum-ros2/build/mecanum_odometry/build/lib/mecanum_odometry/time_test.py -> /home/ohj/mecanum-ros2/install/mecanum_odometry/lib/python3.8/site-packages/mecanum_odometry
copying /home/ohj/mecanum-ros2/build/mecanum_odometry/build/lib/mecanum_odometry/__init__.py -> /home/ohj/mecanum-ros2/install/mecanum_odometry/lib/python3.8/site-packages/mecanum_odometry
copying /home/ohj/mecanum-ros2/build/mecanum_odometry/build/lib/mecanum_odometry/odom_publisher.py -> /home/ohj/mecanum-ros2/install/mecanum_odometry/lib/python3.8/site-packages/mecanum_odometry
byte-compiling /home/ohj/mecanum-ros2/install/mecanum_odometry/lib/python3.8/site-packages/mecanum_odometry/time_test.py to time_test.cpython-38.pyc
byte-compiling /home/ohj/mecanum-ros2/install/mecanum_odometry/lib/python3.8/site-packages/mecanum_odometry/__init__.py to __init__.cpython-38.pyc
byte-compiling /home/ohj/mecanum-ros2/install/mecanum_odometry/lib/python3.8/site-packages/mecanum_odometry/odom_publisher.py to odom_publisher.cpython-38.pyc
running install_data
running install_egg_info
Copying ../../build/mecanum_odometry/mecanum_odometry.egg-info to /home/ohj/mecanum-ros2/install/mecanum_odometry/lib/python3.8/site-packages/mecanum_odometry-0.0.0-py3.8.egg-info
running install_scripts
Installing odom_publisher script to /home/ohj/mecanum-ros2/install/mecanum_odometry/lib/mecanum_odometry
Installing time_test script to /home/ohj/mecanum-ros2/install/mecanum_odometry/lib/mecanum_odometry
writing list of installed files to '/home/ohj/mecanum-ros2/build/mecanum_odometry/install.log'
