[0.333s] Invoking command in '/home/jetson/mecanum-ros2/build/dynamixel_sdk_examples': CMAKE_PREFIX_PATH=/home/jetson/mecanum-ros2/install/dynamixel_sdk_custom_interfaces:/home/jetson/mecanum-ros2/install/dynamixel_sdk:/home/jetson/mecanum-ros2/install/ydlidar_ros2_driver:/home/jetson/mecanum-ros2/install/stella_ahrs:/home/jetson/mecanum-ros2/install/mecanum_bringup:/home/jetson/mecanum-ros2/install/dynamixel_sdk_examples:/home/jetson/mecanum-ros2/install/teleop_keyboard:/home/jetson/mecanum-ros2/install/motor_control:/home/jetson/mecanum-ros2/install/mobile_description:/home/jetson/mecanum-ros2/install/mecanum_odometry:/home/jetson/mecanum-ros2/install/mecanum_cartographer:/home/jetson/mecanum-ros2/install/manipulator:/opt/ros/galactic PYTHONPATH=/home/jetson/mecanum-ros2/install/dynamixel_sdk_custom_interfaces/lib/python3.8/site-packages:/home/jetson/mecanum-ros2/install/teleop_keyboard/lib/python3.8/site-packages:/home/jetson/mecanum-ros2/install/motor_control/lib/python3.8/site-packages:/home/jetson/mecanum-ros2/install/mobile_description/lib/python3.8/site-packages:/home/jetson/mecanum-ros2/install/mecanum_odometry/lib/python3.8/site-packages:/home/jetson/mecanum-ros2/install/mecanum_cartographer/lib/python3.8/site-packages:/home/jetson/mecanum-ros2/install/manipulator/lib/python3.8/site-packages:/opt/ros/galactic/lib/python3.8/site-packages /usr/bin/cmake /home/jetson/mecanum-ros2/src/DynamixelSDK/dynamixel_sdk_examples -DCMAKE_INSTALL_PREFIX=/home/jetson/mecanum-ros2/install/dynamixel_sdk_examples
[0.931s] -- The C compiler identification is GNU 8.4.0
[1.504s] -- The CXX compiler identification is GNU 8.4.0
[1.575s] -- Check for working C compiler: /usr/bin/cc
[2.364s] -- Check for working C compiler: /usr/bin/cc -- works
[2.377s] -- Detecting C compiler ABI info
[3.127s] -- Detecting C compiler ABI info - done
[3.279s] -- Detecting C compile features
[3.281s] -- Detecting C compile features - done
[3.306s] -- Check for working CXX compiler: /usr/bin/c++
[4.175s] -- Check for working CXX compiler: /usr/bin/c++ -- works
[4.185s] -- Detecting CXX compiler ABI info
[5.107s] -- Detecting CXX compiler ABI info - done
[5.187s] -- Detecting CXX compile features
[5.192s] -- Detecting CXX compile features - done
[5.498s] -- Found ament_cmake: 1.1.6 (/opt/ros/galactic/share/ament_cmake/cmake)
[5.870s] -- Found PythonInterp: /usr/bin/python3 (found suitable version "3.8.10", minimum required is "3") 
[5.871s] -- Using PYTHON_EXECUTABLE: /usr/bin/python3
[6.724s] -- Found dynamixel_sdk: 3.7.40 (/home/jetson/mecanum-ros2/install/dynamixel_sdk/share/dynamixel_sdk/cmake)
[6.750s] -- Found dynamixel_sdk_custom_interfaces: 3.7.40 (/home/jetson/mecanum-ros2/install/dynamixel_sdk_custom_interfaces/share/dynamixel_sdk_custom_interfaces/cmake)
[7.113s] -- Using all available rosidl_typesupport_c: rosidl_typesupport_fastrtps_c;rosidl_typesupport_introspection_c
[7.177s] -- Found rosidl_adapter: 2.2.3 (/opt/ros/galactic/share/rosidl_adapter/cmake)
[8.289s] -- Found OpenSSL: /usr/lib/aarch64-linux-gnu/libcrypto.so (found version "1.1.1f")  
[8.596s] -- Found FastRTPS: /opt/ros/galactic/include  
[9.623s] -- Using all available rosidl_typesupport_cpp: rosidl_typesupport_fastrtps_cpp;rosidl_typesupport_introspection_cpp
[10.248s] -- Found rclcpp: 9.2.2 (/opt/ros/galactic/share/rclcpp/cmake)
[10.660s] -- Found rmw_implementation_cmake: 3.3.1 (/opt/ros/galactic/share/rmw_implementation_cmake/cmake)
[10.698s] -- Found rmw_cyclonedds_cpp: 0.22.6 (/opt/ros/galactic/share/rmw_cyclonedds_cpp/cmake)
[10.941s] -- Using RMW implementation 'rmw_cyclonedds_cpp' as default
[10.946s] -- Looking for pthread.h
[11.489s] -- Looking for pthread.h - found
[11.494s] -- Performing Test CMAKE_HAVE_LIBC_PTHREAD
[11.917s] -- Performing Test CMAKE_HAVE_LIBC_PTHREAD - Failed
[11.919s] -- Looking for pthread_create in pthreads
[12.194s] -- Looking for pthread_create in pthreads - not found
[12.201s] -- Looking for pthread_create in pthread
[12.539s] -- Looking for pthread_create in pthread - found
[12.543s] -- Found Threads: TRUE  
[13.586s] -- Found ament_lint_auto: 0.10.7 (/opt/ros/galactic/share/ament_lint_auto/cmake)
[14.154s] -- Added test 'copyright' to check source files copyright and LICENSE
[14.162s] -- Added test 'cppcheck' to perform static code analysis on C / C++ code
[14.165s] -- Configured cppcheck include dirs: /home/jetson/mecanum-ros2/src/DynamixelSDK/dynamixel_sdk_examples/include
[14.166s] -- Configured cppcheck exclude dirs and/or files: 
[14.173s] -- Added test 'cpplint' to check C / C++ code against the Google style
[14.174s] -- Configured cpplint exclude dirs and/or files: 
[14.179s] -- Added test 'lint_cmake' to check CMake code style
[14.186s] -- Added test 'uncrustify' to check C / C++ code style
[14.187s] -- Configured uncrustify additional arguments: 
[14.190s] -- Added test 'xmllint' to check XML markup files
[14.210s] -- Configuring done
[14.252s] -- Generating done
[14.260s] -- Build files have been written to: /home/jetson/mecanum-ros2/build/dynamixel_sdk_examples
[14.311s] Invoked command in '/home/jetson/mecanum-ros2/build/dynamixel_sdk_examples' returned '0': CMAKE_PREFIX_PATH=/home/jetson/mecanum-ros2/install/dynamixel_sdk_custom_interfaces:/home/jetson/mecanum-ros2/install/dynamixel_sdk:/home/jetson/mecanum-ros2/install/ydlidar_ros2_driver:/home/jetson/mecanum-ros2/install/stella_ahrs:/home/jetson/mecanum-ros2/install/mecanum_bringup:/home/jetson/mecanum-ros2/install/dynamixel_sdk_examples:/home/jetson/mecanum-ros2/install/teleop_keyboard:/home/jetson/mecanum-ros2/install/motor_control:/home/jetson/mecanum-ros2/install/mobile_description:/home/jetson/mecanum-ros2/install/mecanum_odometry:/home/jetson/mecanum-ros2/install/mecanum_cartographer:/home/jetson/mecanum-ros2/install/manipulator:/opt/ros/galactic PYTHONPATH=/home/jetson/mecanum-ros2/install/dynamixel_sdk_custom_interfaces/lib/python3.8/site-packages:/home/jetson/mecanum-ros2/install/teleop_keyboard/lib/python3.8/site-packages:/home/jetson/mecanum-ros2/install/motor_control/lib/python3.8/site-packages:/home/jetson/mecanum-ros2/install/mobile_description/lib/python3.8/site-packages:/home/jetson/mecanum-ros2/install/mecanum_odometry/lib/python3.8/site-packages:/home/jetson/mecanum-ros2/install/mecanum_cartographer/lib/python3.8/site-packages:/home/jetson/mecanum-ros2/install/manipulator/lib/python3.8/site-packages:/opt/ros/galactic/lib/python3.8/site-packages /usr/bin/cmake /home/jetson/mecanum-ros2/src/DynamixelSDK/dynamixel_sdk_examples -DCMAKE_INSTALL_PREFIX=/home/jetson/mecanum-ros2/install/dynamixel_sdk_examples
[14.320s] Invoking command in '/home/jetson/mecanum-ros2/build/dynamixel_sdk_examples': CMAKE_PREFIX_PATH=/home/jetson/mecanum-ros2/install/dynamixel_sdk_custom_interfaces:/home/jetson/mecanum-ros2/install/dynamixel_sdk:/home/jetson/mecanum-ros2/install/ydlidar_ros2_driver:/home/jetson/mecanum-ros2/install/stella_ahrs:/home/jetson/mecanum-ros2/install/mecanum_bringup:/home/jetson/mecanum-ros2/install/dynamixel_sdk_examples:/home/jetson/mecanum-ros2/install/teleop_keyboard:/home/jetson/mecanum-ros2/install/motor_control:/home/jetson/mecanum-ros2/install/mobile_description:/home/jetson/mecanum-ros2/install/mecanum_odometry:/home/jetson/mecanum-ros2/install/mecanum_cartographer:/home/jetson/mecanum-ros2/install/manipulator:/opt/ros/galactic PYTHONPATH=/home/jetson/mecanum-ros2/install/dynamixel_sdk_custom_interfaces/lib/python3.8/site-packages:/home/jetson/mecanum-ros2/install/teleop_keyboard/lib/python3.8/site-packages:/home/jetson/mecanum-ros2/install/motor_control/lib/python3.8/site-packages:/home/jetson/mecanum-ros2/install/mobile_description/lib/python3.8/site-packages:/home/jetson/mecanum-ros2/install/mecanum_odometry/lib/python3.8/site-packages:/home/jetson/mecanum-ros2/install/mecanum_cartographer/lib/python3.8/site-packages:/home/jetson/mecanum-ros2/install/manipulator/lib/python3.8/site-packages:/opt/ros/galactic/lib/python3.8/site-packages /usr/bin/cmake --build /home/jetson/mecanum-ros2/build/dynamixel_sdk_examples -- -j4 -l4
[14.530s] [35m[1mScanning dependencies of target read_write_node[0m
[14.763s] [ 50%] [32mBuilding CXX object CMakeFiles/read_write_node.dir/src/read_write_node.cpp.o[0m
[48.360s] [100%] [32m[1mLinking CXX executable read_write_node[0m
[49.664s] [100%] Built target read_write_node
[49.703s] Invoked command in '/home/jetson/mecanum-ros2/build/dynamixel_sdk_examples' returned '0': CMAKE_PREFIX_PATH=/home/jetson/mecanum-ros2/install/dynamixel_sdk_custom_interfaces:/home/jetson/mecanum-ros2/install/dynamixel_sdk:/home/jetson/mecanum-ros2/install/ydlidar_ros2_driver:/home/jetson/mecanum-ros2/install/stella_ahrs:/home/jetson/mecanum-ros2/install/mecanum_bringup:/home/jetson/mecanum-ros2/install/dynamixel_sdk_examples:/home/jetson/mecanum-ros2/install/teleop_keyboard:/home/jetson/mecanum-ros2/install/motor_control:/home/jetson/mecanum-ros2/install/mobile_description:/home/jetson/mecanum-ros2/install/mecanum_odometry:/home/jetson/mecanum-ros2/install/mecanum_cartographer:/home/jetson/mecanum-ros2/install/manipulator:/opt/ros/galactic PYTHONPATH=/home/jetson/mecanum-ros2/install/dynamixel_sdk_custom_interfaces/lib/python3.8/site-packages:/home/jetson/mecanum-ros2/install/teleop_keyboard/lib/python3.8/site-packages:/home/jetson/mecanum-ros2/install/motor_control/lib/python3.8/site-packages:/home/jetson/mecanum-ros2/install/mobile_description/lib/python3.8/site-packages:/home/jetson/mecanum-ros2/install/mecanum_odometry/lib/python3.8/site-packages:/home/jetson/mecanum-ros2/install/mecanum_cartographer/lib/python3.8/site-packages:/home/jetson/mecanum-ros2/install/manipulator/lib/python3.8/site-packages:/opt/ros/galactic/lib/python3.8/site-packages /usr/bin/cmake --build /home/jetson/mecanum-ros2/build/dynamixel_sdk_examples -- -j4 -l4
[49.796s] Invoking command in '/home/jetson/mecanum-ros2/build/dynamixel_sdk_examples': CMAKE_PREFIX_PATH=/home/jetson/mecanum-ros2/install/dynamixel_sdk_custom_interfaces:/home/jetson/mecanum-ros2/install/dynamixel_sdk:/home/jetson/mecanum-ros2/install/ydlidar_ros2_driver:/home/jetson/mecanum-ros2/install/stella_ahrs:/home/jetson/mecanum-ros2/install/mecanum_bringup:/home/jetson/mecanum-ros2/install/dynamixel_sdk_examples:/home/jetson/mecanum-ros2/install/teleop_keyboard:/home/jetson/mecanum-ros2/install/motor_control:/home/jetson/mecanum-ros2/install/mobile_description:/home/jetson/mecanum-ros2/install/mecanum_odometry:/home/jetson/mecanum-ros2/install/mecanum_cartographer:/home/jetson/mecanum-ros2/install/manipulator:/opt/ros/galactic PYTHONPATH=/home/jetson/mecanum-ros2/install/dynamixel_sdk_custom_interfaces/lib/python3.8/site-packages:/home/jetson/mecanum-ros2/install/teleop_keyboard/lib/python3.8/site-packages:/home/jetson/mecanum-ros2/install/motor_control/lib/python3.8/site-packages:/home/jetson/mecanum-ros2/install/mobile_description/lib/python3.8/site-packages:/home/jetson/mecanum-ros2/install/mecanum_odometry/lib/python3.8/site-packages:/home/jetson/mecanum-ros2/install/mecanum_cartographer/lib/python3.8/site-packages:/home/jetson/mecanum-ros2/install/manipulator/lib/python3.8/site-packages:/opt/ros/galactic/lib/python3.8/site-packages /usr/bin/cmake --install /home/jetson/mecanum-ros2/build/dynamixel_sdk_examples
[49.835s] -- Install configuration: ""
[49.835s] -- Installing: /home/jetson/mecanum-ros2/install/dynamixel_sdk_examples/lib/dynamixel_sdk_examples/read_write_node
[49.847s] -- Set runtime path of "/home/jetson/mecanum-ros2/install/dynamixel_sdk_examples/lib/dynamixel_sdk_examples/read_write_node" to ""
[49.848s] -- Installing: /home/jetson/mecanum-ros2/install/dynamixel_sdk_examples/share/ament_index/resource_index/package_run_dependencies/dynamixel_sdk_examples
[49.849s] -- Installing: /home/jetson/mecanum-ros2/install/dynamixel_sdk_examples/share/ament_index/resource_index/parent_prefix_path/dynamixel_sdk_examples
[49.851s] -- Installing: /home/jetson/mecanum-ros2/install/dynamixel_sdk_examples/share/dynamixel_sdk_examples/environment/ament_prefix_path.sh
[49.852s] -- Installing: /home/jetson/mecanum-ros2/install/dynamixel_sdk_examples/share/dynamixel_sdk_examples/environment/ament_prefix_path.dsv
[49.852s] -- Installing: /home/jetson/mecanum-ros2/install/dynamixel_sdk_examples/share/dynamixel_sdk_examples/environment/path.sh
[49.853s] -- Installing: /home/jetson/mecanum-ros2/install/dynamixel_sdk_examples/share/dynamixel_sdk_examples/environment/path.dsv
[49.853s] -- Installing: /home/jetson/mecanum-ros2/install/dynamixel_sdk_examples/share/dynamixel_sdk_examples/local_setup.bash
[49.854s] -- Installing: /home/jetson/mecanum-ros2/install/dynamixel_sdk_examples/share/dynamixel_sdk_examples/local_setup.sh
[49.854s] -- Installing: /home/jetson/mecanum-ros2/install/dynamixel_sdk_examples/share/dynamixel_sdk_examples/local_setup.zsh
[49.855s] -- Installing: /home/jetson/mecanum-ros2/install/dynamixel_sdk_examples/share/dynamixel_sdk_examples/local_setup.dsv
[49.855s] -- Installing: /home/jetson/mecanum-ros2/install/dynamixel_sdk_examples/share/dynamixel_sdk_examples/package.dsv
[49.856s] -- Installing: /home/jetson/mecanum-ros2/install/dynamixel_sdk_examples/share/ament_index/resource_index/packages/dynamixel_sdk_examples
[49.857s] -- Installing: /home/jetson/mecanum-ros2/install/dynamixel_sdk_examples/share/dynamixel_sdk_examples/cmake/dynamixel_sdk_examplesConfig.cmake
[49.857s] -- Installing: /home/jetson/mecanum-ros2/install/dynamixel_sdk_examples/share/dynamixel_sdk_examples/cmake/dynamixel_sdk_examplesConfig-version.cmake
[49.858s] -- Installing: /home/jetson/mecanum-ros2/install/dynamixel_sdk_examples/share/dynamixel_sdk_examples/package.xml
[49.875s] Invoked command in '/home/jetson/mecanum-ros2/build/dynamixel_sdk_examples' returned '0': CMAKE_PREFIX_PATH=/home/jetson/mecanum-ros2/install/dynamixel_sdk_custom_interfaces:/home/jetson/mecanum-ros2/install/dynamixel_sdk:/home/jetson/mecanum-ros2/install/ydlidar_ros2_driver:/home/jetson/mecanum-ros2/install/stella_ahrs:/home/jetson/mecanum-ros2/install/mecanum_bringup:/home/jetson/mecanum-ros2/install/dynamixel_sdk_examples:/home/jetson/mecanum-ros2/install/teleop_keyboard:/home/jetson/mecanum-ros2/install/motor_control:/home/jetson/mecanum-ros2/install/mobile_description:/home/jetson/mecanum-ros2/install/mecanum_odometry:/home/jetson/mecanum-ros2/install/mecanum_cartographer:/home/jetson/mecanum-ros2/install/manipulator:/opt/ros/galactic PYTHONPATH=/home/jetson/mecanum-ros2/install/dynamixel_sdk_custom_interfaces/lib/python3.8/site-packages:/home/jetson/mecanum-ros2/install/teleop_keyboard/lib/python3.8/site-packages:/home/jetson/mecanum-ros2/install/motor_control/lib/python3.8/site-packages:/home/jetson/mecanum-ros2/install/mobile_description/lib/python3.8/site-packages:/home/jetson/mecanum-ros2/install/mecanum_odometry/lib/python3.8/site-packages:/home/jetson/mecanum-ros2/install/mecanum_cartographer/lib/python3.8/site-packages:/home/jetson/mecanum-ros2/install/manipulator/lib/python3.8/site-packages:/opt/ros/galactic/lib/python3.8/site-packages /usr/bin/cmake --install /home/jetson/mecanum-ros2/build/dynamixel_sdk_examples
