[3.772s] Invoking command in '/home/jetson/mecanum-ros2/src/teleop_keyboard': PYTHONPATH=/home/jetson/mecanum-ros2/build/teleop_keyboard/prefix_override:/home/jetson/mecanum-ros2/install/teleop_keyboard/lib/python3.8/site-packages:${PYTHONPATH} /usr/bin/python3 setup.py egg_info --egg-base ../../build/teleop_keyboard build --build-base /home/jetson/mecanum-ros2/build/teleop_keyboard/build install --record /home/jetson/mecanum-ros2/build/teleop_keyboard/install.log --single-version-externally-managed
[4.985s] running egg_info
[4.989s] writing ../../build/teleop_keyboard/teleop_keyboard.egg-info/PKG-INFO
[4.990s] writing dependency_links to ../../build/teleop_keyboard/teleop_keyboard.egg-info/dependency_links.txt
[4.990s] writing entry points to ../../build/teleop_keyboard/teleop_keyboard.egg-info/entry_points.txt
[4.990s] writing requirements to ../../build/teleop_keyboard/teleop_keyboard.egg-info/requires.txt
[4.991s] writing top-level names to ../../build/teleop_keyboard/teleop_keyboard.egg-info/top_level.txt
[5.002s] reading manifest file '../../build/teleop_keyboard/teleop_keyboard.egg-info/SOURCES.txt'
[5.006s] writing manifest file '../../build/teleop_keyboard/teleop_keyboard.egg-info/SOURCES.txt'
[5.007s] running build
[5.007s] running build_py
[5.008s] running install
[5.011s] running install_lib
[5.016s] running install_data
[5.018s] running install_egg_info
[5.024s] removing '/home/jetson/mecanum-ros2/install/teleop_keyboard/lib/python3.8/site-packages/teleop_keyboard-0.0.1-py3.8.egg-info' (and everything under it)
[5.025s] Copying ../../build/teleop_keyboard/teleop_keyboard.egg-info to /home/jetson/mecanum-ros2/install/teleop_keyboard/lib/python3.8/site-packages/teleop_keyboard-0.0.1-py3.8.egg-info
[5.028s] running install_scripts
[5.101s] Installing teleop_keyboard script to /home/jetson/mecanum-ros2/install/teleop_keyboard/lib/teleop_keyboard
[5.102s] writing list of installed files to '/home/jetson/mecanum-ros2/build/teleop_keyboard/install.log'
[5.213s] Invoked command in '/home/jetson/mecanum-ros2/src/teleop_keyboard' returned '0': PYTHONPATH=/home/jetson/mecanum-ros2/build/teleop_keyboard/prefix_override:/home/jetson/mecanum-ros2/install/teleop_keyboard/lib/python3.8/site-packages:${PYTHONPATH} /usr/bin/python3 setup.py egg_info --egg-base ../../build/teleop_keyboard build --build-base /home/jetson/mecanum-ros2/build/teleop_keyboard/build install --record /home/jetson/mecanum-ros2/build/teleop_keyboard/install.log --single-version-externally-managed
