[0.972s] Invoking command in '/home/ohj/mecanum-ros2/build/teleop_keyboard': PYTHONPATH=/home/ohj/mecanum-ros2/build/teleop_keyboard/prefix_override:/home/ohj/mecanum-ros2/install/teleop_keyboard/lib/python3.8/site-packages:${PYTHONPATH} /usr/bin/python3 setup.py develop --uninstall --editable --build-directory /home/ohj/mecanum-ros2/build/teleop_keyboard/build
[1.128s] running develop
[1.225s] Removing /home/ohj/mecanum-ros2/install/teleop_keyboard/lib/python3.8/site-packages/teleop-keyboard.egg-link (link to .)
[1.251s] Invoked command in '/home/ohj/mecanum-ros2/build/teleop_keyboard' returned '0': PYTHONPATH=/home/ohj/mecanum-ros2/build/teleop_keyboard/prefix_override:/home/ohj/mecanum-ros2/install/teleop_keyboard/lib/python3.8/site-packages:${PYTHONPATH} /usr/bin/python3 setup.py develop --uninstall --editable --build-directory /home/ohj/mecanum-ros2/build/teleop_keyboard/build
[1.253s] Invoking command in '/home/ohj/mecanum-ros2/src/teleop_keyboard': PYTHONPATH=/home/ohj/mecanum-ros2/build/teleop_keyboard/prefix_override:/home/ohj/mecanum-ros2/install/teleop_keyboard/lib/python3.8/site-packages:${PYTHONPATH} /usr/bin/python3 setup.py egg_info --egg-base ../../build/teleop_keyboard build --build-base /home/ohj/mecanum-ros2/build/teleop_keyboard/build install --record /home/ohj/mecanum-ros2/build/teleop_keyboard/install.log --single-version-externally-managed
[1.398s] running egg_info
[1.398s] writing ../../build/teleop_keyboard/teleop_keyboard.egg-info/PKG-INFO
[1.399s] writing dependency_links to ../../build/teleop_keyboard/teleop_keyboard.egg-info/dependency_links.txt
[1.399s] writing entry points to ../../build/teleop_keyboard/teleop_keyboard.egg-info/entry_points.txt
[1.399s] writing requirements to ../../build/teleop_keyboard/teleop_keyboard.egg-info/requires.txt
[1.399s] writing top-level names to ../../build/teleop_keyboard/teleop_keyboard.egg-info/top_level.txt
[1.423s] reading manifest file '../../build/teleop_keyboard/teleop_keyboard.egg-info/SOURCES.txt'
[1.423s] writing manifest file '../../build/teleop_keyboard/teleop_keyboard.egg-info/SOURCES.txt'
[1.424s] running build
[1.424s] running build_py
[1.424s] running install
[1.424s] running install_lib
[1.424s] creating /home/ohj/mecanum-ros2/install/teleop_keyboard/lib/python3.8/site-packages/teleop_keyboard
[1.424s] copying /home/ohj/mecanum-ros2/build/teleop_keyboard/build/lib/teleop_keyboard/teleop_keyboard.py -> /home/ohj/mecanum-ros2/install/teleop_keyboard/lib/python3.8/site-packages/teleop_keyboard
[1.424s] copying /home/ohj/mecanum-ros2/build/teleop_keyboard/build/lib/teleop_keyboard/__init__.py -> /home/ohj/mecanum-ros2/install/teleop_keyboard/lib/python3.8/site-packages/teleop_keyboard
[1.424s] byte-compiling /home/ohj/mecanum-ros2/install/teleop_keyboard/lib/python3.8/site-packages/teleop_keyboard/teleop_keyboard.py to teleop_keyboard.cpython-38.pyc
[1.425s] byte-compiling /home/ohj/mecanum-ros2/install/teleop_keyboard/lib/python3.8/site-packages/teleop_keyboard/__init__.py to __init__.cpython-38.pyc
[1.425s] running install_data
[1.425s] running install_egg_info
[1.427s] Copying ../../build/teleop_keyboard/teleop_keyboard.egg-info to /home/ohj/mecanum-ros2/install/teleop_keyboard/lib/python3.8/site-packages/teleop_keyboard-0.0.1-py3.8.egg-info
[1.427s] running install_scripts
[1.438s] Installing teleop_keyboard script to /home/ohj/mecanum-ros2/install/teleop_keyboard/lib/teleop_keyboard
[1.438s] writing list of installed files to '/home/ohj/mecanum-ros2/build/teleop_keyboard/install.log'
[1.457s] Invoked command in '/home/ohj/mecanum-ros2/src/teleop_keyboard' returned '0': PYTHONPATH=/home/ohj/mecanum-ros2/build/teleop_keyboard/prefix_override:/home/ohj/mecanum-ros2/install/teleop_keyboard/lib/python3.8/site-packages:${PYTHONPATH} /usr/bin/python3 setup.py egg_info --egg-base ../../build/teleop_keyboard build --build-base /home/ohj/mecanum-ros2/build/teleop_keyboard/build install --record /home/ohj/mecanum-ros2/build/teleop_keyboard/install.log --single-version-externally-managed
