[1.001s] Invoking command in '/home/ohj/mecanum-ros2/build/mobile_description': PYTHONPATH=/home/ohj/mecanum-ros2/build/mobile_description/prefix_override:/home/ohj/mecanum-ros2/install/mobile_description/lib/python3.8/site-packages:${PYTHONPATH} /usr/bin/python3 setup.py develop --uninstall --editable --build-directory /home/ohj/mecanum-ros2/build/mobile_description/build
[1.158s] running develop
[1.272s] Invoked command in '/home/ohj/mecanum-ros2/build/mobile_description' returned '0': PYTHONPATH=/home/ohj/mecanum-ros2/build/mobile_description/prefix_override:/home/ohj/mecanum-ros2/install/mobile_description/lib/python3.8/site-packages:${PYTHONPATH} /usr/bin/python3 setup.py develop --uninstall --editable --build-directory /home/ohj/mecanum-ros2/build/mobile_description/build
[1.275s] Invoking command in '/home/ohj/mecanum-ros2/src/mobile_description': PYTHONPATH=/home/ohj/mecanum-ros2/build/mobile_description/prefix_override:/home/ohj/mecanum-ros2/install/mobile_description/lib/python3.8/site-packages:${PYTHONPATH} /usr/bin/python3 setup.py egg_info --egg-base ../../build/mobile_description build --build-base /home/ohj/mecanum-ros2/build/mobile_description/build install --record /home/ohj/mecanum-ros2/build/mobile_description/install.log --single-version-externally-managed
[1.427s] running egg_info
[1.427s] writing ../../build/mobile_description/mobile_description.egg-info/PKG-INFO
[1.427s] writing dependency_links to ../../build/mobile_description/mobile_description.egg-info/dependency_links.txt
[1.428s] writing entry points to ../../build/mobile_description/mobile_description.egg-info/entry_points.txt
[1.428s] writing requirements to ../../build/mobile_description/mobile_description.egg-info/requires.txt
[1.428s] writing top-level names to ../../build/mobile_description/mobile_description.egg-info/top_level.txt
[1.451s] reading manifest file '../../build/mobile_description/mobile_description.egg-info/SOURCES.txt'
[1.451s] writing manifest file '../../build/mobile_description/mobile_description.egg-info/SOURCES.txt'
[1.452s] running build
[1.452s] running build_py
[1.452s] running install
[1.452s] running install_lib
[1.454s] running install_data
[1.454s] copying urdf/mobile.urdf -> /home/ohj/mecanum-ros2/install/mobile_description/share/mobile_description/urdf
[1.454s] running install_egg_info
[1.455s] removing '/home/ohj/mecanum-ros2/install/mobile_description/lib/python3.8/site-packages/mobile_description-0.0.0-py3.8.egg-info' (and everything under it)
[1.456s] Copying ../../build/mobile_description/mobile_description.egg-info to /home/ohj/mecanum-ros2/install/mobile_description/lib/python3.8/site-packages/mobile_description-0.0.0-py3.8.egg-info
[1.456s] running install_scripts
[1.469s] writing list of installed files to '/home/ohj/mecanum-ros2/build/mobile_description/install.log'
[1.492s] Invoked command in '/home/ohj/mecanum-ros2/src/mobile_description' returned '0': PYTHONPATH=/home/ohj/mecanum-ros2/build/mobile_description/prefix_override:/home/ohj/mecanum-ros2/install/mobile_description/lib/python3.8/site-packages:${PYTHONPATH} /usr/bin/python3 setup.py egg_info --egg-base ../../build/mobile_description build --build-base /home/ohj/mecanum-ros2/build/mobile_description/build install --record /home/ohj/mecanum-ros2/build/mobile_description/install.log --single-version-externally-managed
