running egg_info
creating ../../build/mobile_description/mobile_description.egg-info
writing ../../build/mobile_description/mobile_description.egg-info/PKG-INFO
writing dependency_links to ../../build/mobile_description/mobile_description.egg-info/dependency_links.txt
writing entry points to ../../build/mobile_description/mobile_description.egg-info/entry_points.txt
writing requirements to ../../build/mobile_description/mobile_description.egg-info/requires.txt
writing top-level names to ../../build/mobile_description/mobile_description.egg-info/top_level.txt
writing manifest file '../../build/mobile_description/mobile_description.egg-info/SOURCES.txt'
reading manifest file '../../build/mobile_description/mobile_description.egg-info/SOURCES.txt'
writing manifest file '../../build/mobile_description/mobile_description.egg-info/SOURCES.txt'
running build
running build_py
creating /home/ohj/mecanum-ros2/build/mobile_description/build
creating /home/ohj/mecanum-ros2/build/mobile_description/build/lib
creating /home/ohj/mecanum-ros2/build/mobile_description/build/lib/mobile_description
copying mobile_description/__init__.py -> /home/ohj/mecanum-ros2/build/mobile_description/build/lib/mobile_description
running install
running install_lib
creating /home/ohj/mecanum-ros2/install/mobile_description/lib/python3.8/site-packages/mobile_description
copying /home/ohj/mecanum-ros2/build/mobile_description/build/lib/mobile_description/__init__.py -> /home/ohj/mecanum-ros2/install/mobile_description/lib/python3.8/site-packages/mobile_description
byte-compiling /home/ohj/mecanum-ros2/install/mobile_description/lib/python3.8/site-packages/mobile_description/__init__.py to __init__.cpython-38.pyc
running install_data
creating /home/ohj/mecanum-ros2/install/mobile_description/share/ament_index
creating /home/ohj/mecanum-ros2/install/mobile_description/share/ament_index/resource_index
creating /home/ohj/mecanum-ros2/install/mobile_description/share/ament_index/resource_index/packages
copying resource/mobile_description -> /home/ohj/mecanum-ros2/install/mobile_description/share/ament_index/resource_index/packages
copying package.xml -> /home/ohj/mecanum-ros2/install/mobile_description/share/mobile_description
creating /home/ohj/mecanum-ros2/install/mobile_description/share/mobile_description/launch
copying launch/gazebo.launch.py -> /home/ohj/mecanum-ros2/install/mobile_description/share/mobile_description/launch
copying launch/display.launch.py -> /home/ohj/mecanum-ros2/install/mobile_description/share/mobile_description/launch
creating /home/ohj/mecanum-ros2/install/mobile_description/share/mobile_description/urdf
copying urdf/mobile.gazebo -> /home/ohj/mecanum-ros2/install/mobile_description/share/mobile_description/urdf
copying urdf/materials.xacro -> /home/ohj/mecanum-ros2/install/mobile_description/share/mobile_description/urdf
copying urdf/mobile.xacro -> /home/ohj/mecanum-ros2/install/mobile_description/share/mobile_description/urdf
copying urdf/mobile.trans -> /home/ohj/mecanum-ros2/install/mobile_description/share/mobile_description/urdf
creating /home/ohj/mecanum-ros2/install/mobile_description/share/mobile_description/meshes
copying meshes/imu_1.stl -> /home/ohj/mecanum-ros2/install/mobile_description/share/mobile_description/meshes
copying meshes/rear_left_wheel_1.stl -> /home/ohj/mecanum-ros2/install/mobile_description/share/mobile_description/meshes
copying meshes/base_link.stl -> /home/ohj/mecanum-ros2/install/mobile_description/share/mobile_description/meshes
copying meshes/lidar_1.stl -> /home/ohj/mecanum-ros2/install/mobile_description/share/mobile_description/meshes
copying meshes/rear_right_wheel_1.stl -> /home/ohj/mecanum-ros2/install/mobile_description/share/mobile_description/meshes
copying meshes/front_left_wheel_1.stl -> /home/ohj/mecanum-ros2/install/mobile_description/share/mobile_description/meshes
copying meshes/front_right_wheel_1.stl -> /home/ohj/mecanum-ros2/install/mobile_description/share/mobile_description/meshes
creating /home/ohj/mecanum-ros2/install/mobile_description/share/mobile_description/config
copying config/display.rviz -> /home/ohj/mecanum-ros2/install/mobile_description/share/mobile_description/config
running install_egg_info
Copying ../../build/mobile_description/mobile_description.egg-info to /home/ohj/mecanum-ros2/install/mobile_description/lib/python3.8/site-packages/mobile_description-0.0.0-py3.8.egg-info
running install_scripts
writing list of installed files to '/home/ohj/mecanum-ros2/build/mobile_description/install.log'
