[0.351s] Invoking command in '/home/ohj/mecanum-ros2/build/ydlidar': CMAKE_PREFIX_PATH=${CMAKE_PREFIX_PATH}:/home/ohj/mecanum-ros2/install/teleop_keyboard:/home/ohj/mecanum-ros2/install/motor_control:/opt/ros/galactic /usr/bin/cmake /home/ohj/mecanum-ros2/src/ydlidar_ros2 -DAMENT_CMAKE_SYMLINK_INSTALL=1 -DCMAKE_INSTALL_PREFIX=/home/ohj/mecanum-ros2/install/ydlidar
[0.358s] -- Found ament_cmake: 1.1.6 (/opt/ros/galactic/share/ament_cmake/cmake)
[0.373s] -- Using PYTHON_EXECUTABLE: /usr/bin/python3
[0.410s] -- Override CMake install command with custom implementation using symlinks instead of copying resources
[0.421s] -- Found rclcpp: 9.2.2 (/opt/ros/galactic/share/rclcpp/cmake)
[0.442s] -- Using all available rosidl_typesupport_c: rosidl_typesupport_fastrtps_c;rosidl_typesupport_introspection_c
[0.445s] -- Found rosidl_adapter: 2.2.3 (/opt/ros/galactic/share/rosidl_adapter/cmake)
[0.539s] -- Using all available rosidl_typesupport_cpp: rosidl_typesupport_fastrtps_cpp;rosidl_typesupport_introspection_cpp
[0.577s] -- Found rmw_implementation_cmake: 3.3.1 (/opt/ros/galactic/share/rmw_implementation_cmake/cmake)
[0.578s] -- Found rmw_cyclonedds_cpp: 0.22.6 (/opt/ros/galactic/share/rmw_cyclonedds_cpp/cmake)
[0.592s] -- Using RMW implementation 'rmw_cyclonedds_cpp' as default
[0.692s] -- Found sensor_msgs: 2.2.4 (/opt/ros/galactic/share/sensor_msgs/cmake)
[0.771s] -- Found visualization_msgs: 2.2.4 (/opt/ros/galactic/share/visualization_msgs/cmake)
[0.823s] -- Found ament_lint_auto: 0.10.7 (/opt/ros/galactic/share/ament_lint_auto/cmake)
[0.871s] -- Added test 'copyright' to check source files copyright and LICENSE
[0.880s] -- Added test 'cppcheck' to perform static code analysis on C / C++ code
[0.881s] -- Configured cppcheck include dirs: /home/ohj/mecanum-ros2/src/ydlidar_ros2/src;/home/ohj/mecanum-ros2/src/ydlidar_ros2/sdk/include;/home/ohj/mecanum-ros2/src/ydlidar_ros2/sdk/src
[0.881s] -- Configured cppcheck exclude dirs and/or files: 
[0.889s] -- Added test 'cpplint' to check C / C++ code against the Google style
[0.890s] -- Configured cpplint exclude dirs and/or files: 
[0.891s] -- Added test 'flake8' to check Python code syntax and style conventions
[0.893s] -- Added test 'lint_cmake' to check CMake code style
[0.894s] -- Added test 'pep257' to check Python code against some of the style conventions in PEP 257
[0.903s] -- Added test 'uncrustify' to check C / C++ code style
[0.903s] -- Configured uncrustify additional arguments: 
[0.904s] -- Added test 'xmllint' to check XML markup files
[0.906s] -- Configuring done
[0.918s] -- Generating done
[0.919s] -- Build files have been written to: /home/ohj/mecanum-ros2/build/ydlidar
[0.924s] Invoked command in '/home/ohj/mecanum-ros2/build/ydlidar' returned '0': CMAKE_PREFIX_PATH=${CMAKE_PREFIX_PATH}:/home/ohj/mecanum-ros2/install/teleop_keyboard:/home/ohj/mecanum-ros2/install/motor_control:/opt/ros/galactic /usr/bin/cmake /home/ohj/mecanum-ros2/src/ydlidar_ros2 -DAMENT_CMAKE_SYMLINK_INSTALL=1 -DCMAKE_INSTALL_PREFIX=/home/ohj/mecanum-ros2/install/ydlidar
[0.927s] Invoking command in '/home/ohj/mecanum-ros2/build/ydlidar': CMAKE_PREFIX_PATH=${CMAKE_PREFIX_PATH}:/home/ohj/mecanum-ros2/install/teleop_keyboard:/home/ohj/mecanum-ros2/install/motor_control:/opt/ros/galactic /usr/bin/cmake --build /home/ohj/mecanum-ros2/build/ydlidar -- -j16 -l16
[0.981s] [  9%] [32m[1mLinking CXX executable ydlidar_client[0m
[0.981s] [ 18%] [32m[1mLinking CXX executable ydlidar_node[0m
[1.138s] [ 90%] Built target ydlidar_node
[1.187s] [100%] Built target ydlidar_client
[1.195s] Invoked command in '/home/ohj/mecanum-ros2/build/ydlidar' returned '0': CMAKE_PREFIX_PATH=${CMAKE_PREFIX_PATH}:/home/ohj/mecanum-ros2/install/teleop_keyboard:/home/ohj/mecanum-ros2/install/motor_control:/opt/ros/galactic /usr/bin/cmake --build /home/ohj/mecanum-ros2/build/ydlidar -- -j16 -l16
[1.223s] Invoking command in '/home/ohj/mecanum-ros2/build/ydlidar': CMAKE_PREFIX_PATH=${CMAKE_PREFIX_PATH}:/home/ohj/mecanum-ros2/install/teleop_keyboard:/home/ohj/mecanum-ros2/install/motor_control:/opt/ros/galactic /usr/bin/cmake --install /home/ohj/mecanum-ros2/build/ydlidar
[1.233s] -- Install configuration: ""
[1.233s] -- Execute custom install script
[1.233s] -- Symlinking: /home/ohj/mecanum-ros2/install/ydlidar/lib/ydlidar/ydlidar_node
[1.244s] -- Symlinking: /home/ohj/mecanum-ros2/install/ydlidar/lib/ydlidar/ydlidar_client
[1.256s] -- Symlinking: /home/ohj/mecanum-ros2/install/ydlidar/share/ydlidar/launch/ydlidar.py
[1.263s] -- Symlinking: /home/ohj/mecanum-ros2/install/ydlidar/share/ydlidar/launch/ydlidar_launch.py
[1.270s] -- Symlinking: /home/ohj/mecanum-ros2/install/ydlidar/share/ydlidar/params/ydlidar.yaml
[1.277s] -- Symlinking: /home/ohj/mecanum-ros2/install/ydlidar/share/ydlidar/startup/initenv.sh
[1.283s] -- Symlinking: /home/ohj/mecanum-ros2/install/ydlidar/share/ament_index/resource_index/package_run_dependencies/ydlidar
[1.290s] -- Symlinking: /home/ohj/mecanum-ros2/install/ydlidar/share/ament_index/resource_index/parent_prefix_path/ydlidar
[1.299s] -- Symlinking: /home/ohj/mecanum-ros2/install/ydlidar/share/ydlidar/environment/ament_prefix_path.sh
[1.310s] -- Symlinking: /home/ohj/mecanum-ros2/install/ydlidar/share/ydlidar/environment/ament_prefix_path.dsv
[1.321s] -- Symlinking: /home/ohj/mecanum-ros2/install/ydlidar/share/ydlidar/environment/path.sh
[1.328s] -- Symlinking: /home/ohj/mecanum-ros2/install/ydlidar/share/ydlidar/environment/path.dsv
[1.334s] -- Symlinking: /home/ohj/mecanum-ros2/install/ydlidar/share/ydlidar/local_setup.bash
[1.339s] -- Symlinking: /home/ohj/mecanum-ros2/install/ydlidar/share/ydlidar/local_setup.sh
[1.344s] -- Symlinking: /home/ohj/mecanum-ros2/install/ydlidar/share/ydlidar/local_setup.zsh
[1.349s] -- Symlinking: /home/ohj/mecanum-ros2/install/ydlidar/share/ydlidar/local_setup.dsv
[1.355s] -- Symlinking: /home/ohj/mecanum-ros2/install/ydlidar/share/ydlidar/package.dsv
[1.361s] -- Symlinking: /home/ohj/mecanum-ros2/install/ydlidar/share/ament_index/resource_index/packages/ydlidar
[1.370s] -- Symlinking: /home/ohj/mecanum-ros2/install/ydlidar/share/ydlidar/cmake/ydlidarConfig.cmake
[1.377s] -- Symlinking: /home/ohj/mecanum-ros2/install/ydlidar/share/ydlidar/cmake/ydlidarConfig-version.cmake
[1.384s] -- Symlinking: /home/ohj/mecanum-ros2/install/ydlidar/share/ydlidar/package.xml
[1.395s] Invoked command in '/home/ohj/mecanum-ros2/build/ydlidar' returned '0': CMAKE_PREFIX_PATH=${CMAKE_PREFIX_PATH}:/home/ohj/mecanum-ros2/install/teleop_keyboard:/home/ohj/mecanum-ros2/install/motor_control:/opt/ros/galactic /usr/bin/cmake --install /home/ohj/mecanum-ros2/build/ydlidar
