[18.442s] Invoking command in '/home/jetson/mecanum-ros2/src/mecanum_cartographer': PYTHONPATH=/home/jetson/mecanum-ros2/build/mecanum_cartographer/prefix_override:/home/jetson/mecanum-ros2/install/mecanum_cartographer/lib/python3.8/site-packages:${PYTHONPATH} /usr/bin/python3 setup.py egg_info --egg-base ../../build/mecanum_cartographer build --build-base /home/jetson/mecanum-ros2/build/mecanum_cartographer/build install --record /home/jetson/mecanum-ros2/build/mecanum_cartographer/install.log --single-version-externally-managed
[24.295s] running egg_info
[24.308s] writing ../../build/mecanum_cartographer/mecanum_cartographer.egg-info/PKG-INFO
[24.313s] writing dependency_links to ../../build/mecanum_cartographer/mecanum_cartographer.egg-info/dependency_links.txt
[24.318s] writing entry points to ../../build/mecanum_cartographer/mecanum_cartographer.egg-info/entry_points.txt
[24.322s] writing requirements to ../../build/mecanum_cartographer/mecanum_cartographer.egg-info/requires.txt
[24.326s] writing top-level names to ../../build/mecanum_cartographer/mecanum_cartographer.egg-info/top_level.txt
[24.377s] reading manifest file '../../build/mecanum_cartographer/mecanum_cartographer.egg-info/SOURCES.txt'
[24.395s] writing manifest file '../../build/mecanum_cartographer/mecanum_cartographer.egg-info/SOURCES.txt'
[24.396s] running build
[24.398s] running build_py
[24.404s] running install
[24.419s] running install_lib
[24.444s] running install_data
[24.457s] running install_egg_info
[24.482s] removing '/home/jetson/mecanum-ros2/install/mecanum_cartographer/lib/python3.8/site-packages/mecanum_cartographer-0.0.0-py3.8.egg-info' (and everything under it)
[24.492s] Copying ../../build/mecanum_cartographer/mecanum_cartographer.egg-info to /home/jetson/mecanum-ros2/install/mecanum_cartographer/lib/python3.8/site-packages/mecanum_cartographer-0.0.0-py3.8.egg-info
[24.509s] running install_scripts
[24.808s] writing list of installed files to '/home/jetson/mecanum-ros2/build/mecanum_cartographer/install.log'
[25.202s] Invoked command in '/home/jetson/mecanum-ros2/src/mecanum_cartographer' returned '0': PYTHONPATH=/home/jetson/mecanum-ros2/build/mecanum_cartographer/prefix_override:/home/jetson/mecanum-ros2/install/mecanum_cartographer/lib/python3.8/site-packages:${PYTHONPATH} /usr/bin/python3 setup.py egg_info --egg-base ../../build/mecanum_cartographer build --build-base /home/jetson/mecanum-ros2/build/mecanum_cartographer/build install --record /home/jetson/mecanum-ros2/build/mecanum_cartographer/install.log --single-version-externally-managed
