[1.568s] Invoking command in '/home/ohj/mecanum-ros2/src/mecanum_odometry': PYTHONPATH=/home/ohj/mecanum-ros2/build/mecanum_odometry/prefix_override:/home/ohj/mecanum-ros2/install/mecanum_odometry/lib/python3.8/site-packages:${PYTHONPATH} /usr/bin/python3 setup.py egg_info --egg-base ../../build/mecanum_odometry build --build-base /home/ohj/mecanum-ros2/build/mecanum_odometry/build install --record /home/ohj/mecanum-ros2/build/mecanum_odometry/install.log --single-version-externally-managed
[1.847s] running egg_info
[1.848s] creating ../../build/mecanum_odometry/mecanum_odometry.egg-info
[1.848s] writing ../../build/mecanum_odometry/mecanum_odometry.egg-info/PKG-INFO
[1.848s] writing dependency_links to ../../build/mecanum_odometry/mecanum_odometry.egg-info/dependency_links.txt
[1.848s] writing entry points to ../../build/mecanum_odometry/mecanum_odometry.egg-info/entry_points.txt
[1.849s] writing requirements to ../../build/mecanum_odometry/mecanum_odometry.egg-info/requires.txt
[1.849s] writing top-level names to ../../build/mecanum_odometry/mecanum_odometry.egg-info/top_level.txt
[1.850s] writing manifest file '../../build/mecanum_odometry/mecanum_odometry.egg-info/SOURCES.txt'
[1.900s] reading manifest file '../../build/mecanum_odometry/mecanum_odometry.egg-info/SOURCES.txt'
[1.901s] writing manifest file '../../build/mecanum_odometry/mecanum_odometry.egg-info/SOURCES.txt'
[1.901s] running build
[1.901s] running build_py
[1.901s] creating /home/ohj/mecanum-ros2/build/mecanum_odometry/build
[1.901s] creating /home/ohj/mecanum-ros2/build/mecanum_odometry/build/lib
[1.901s] creating /home/ohj/mecanum-ros2/build/mecanum_odometry/build/lib/mecanum_odometry
[1.901s] copying mecanum_odometry/odom_publisher.py -> /home/ohj/mecanum-ros2/build/mecanum_odometry/build/lib/mecanum_odometry
[1.902s] copying mecanum_odometry/time_test.py -> /home/ohj/mecanum-ros2/build/mecanum_odometry/build/lib/mecanum_odometry
[1.902s] copying mecanum_odometry/__init__.py -> /home/ohj/mecanum-ros2/build/mecanum_odometry/build/lib/mecanum_odometry
[1.902s] running install
[1.902s] running install_lib
[1.903s] creating /home/ohj/mecanum-ros2/install/mecanum_odometry/lib/python3.8/site-packages/mecanum_odometry
[1.904s] copying /home/ohj/mecanum-ros2/build/mecanum_odometry/build/lib/mecanum_odometry/odom_publisher.py -> /home/ohj/mecanum-ros2/install/mecanum_odometry/lib/python3.8/site-packages/mecanum_odometry
[1.904s] copying /home/ohj/mecanum-ros2/build/mecanum_odometry/build/lib/mecanum_odometry/time_test.py -> /home/ohj/mecanum-ros2/install/mecanum_odometry/lib/python3.8/site-packages/mecanum_odometry
[1.904s] copying /home/ohj/mecanum-ros2/build/mecanum_odometry/build/lib/mecanum_odometry/__init__.py -> /home/ohj/mecanum-ros2/install/mecanum_odometry/lib/python3.8/site-packages/mecanum_odometry
[1.904s] byte-compiling /home/ohj/mecanum-ros2/install/mecanum_odometry/lib/python3.8/site-packages/mecanum_odometry/odom_publisher.py to odom_publisher.cpython-38.pyc
[1.908s] byte-compiling /home/ohj/mecanum-ros2/install/mecanum_odometry/lib/python3.8/site-packages/mecanum_odometry/time_test.py to time_test.cpython-38.pyc
[1.908s] byte-compiling /home/ohj/mecanum-ros2/install/mecanum_odometry/lib/python3.8/site-packages/mecanum_odometry/__init__.py to __init__.cpython-38.pyc
[1.908s] running install_data
[1.908s] creating /home/ohj/mecanum-ros2/install/mecanum_odometry/share/ament_index
[1.908s] creating /home/ohj/mecanum-ros2/install/mecanum_odometry/share/ament_index/resource_index
[1.909s] creating /home/ohj/mecanum-ros2/install/mecanum_odometry/share/ament_index/resource_index/packages
[1.909s] copying resource/mecanum_odometry -> /home/ohj/mecanum-ros2/install/mecanum_odometry/share/ament_index/resource_index/packages
[1.909s] copying package.xml -> /home/ohj/mecanum-ros2/install/mecanum_odometry/share/mecanum_odometry
[1.909s] creating /home/ohj/mecanum-ros2/install/mecanum_odometry/share/mecanum_odometry/launch
[1.909s] copying launch/mecanum_localization.launch.py -> /home/ohj/mecanum-ros2/install/mecanum_odometry/share/mecanum_odometry/launch
[1.909s] creating /home/ohj/mecanum-ros2/install/mecanum_odometry/share/mecanum_odometry/param
[1.909s] copying param/ukf.yaml -> /home/ohj/mecanum-ros2/install/mecanum_odometry/share/mecanum_odometry/param
[1.909s] copying param/ekf.yaml -> /home/ohj/mecanum-ros2/install/mecanum_odometry/share/mecanum_odometry/param
[1.909s] running install_egg_info
[1.910s] Copying ../../build/mecanum_odometry/mecanum_odometry.egg-info to /home/ohj/mecanum-ros2/install/mecanum_odometry/lib/python3.8/site-packages/mecanum_odometry-0.0.0-py3.8.egg-info
[1.911s] running install_scripts
[1.927s] Installing odom_publisher script to /home/ohj/mecanum-ros2/install/mecanum_odometry/lib/mecanum_odometry
[1.927s] Installing time_test script to /home/ohj/mecanum-ros2/install/mecanum_odometry/lib/mecanum_odometry
[1.928s] writing list of installed files to '/home/ohj/mecanum-ros2/build/mecanum_odometry/install.log'
[1.948s] Invoked command in '/home/ohj/mecanum-ros2/src/mecanum_odometry' returned '0': PYTHONPATH=/home/ohj/mecanum-ros2/build/mecanum_odometry/prefix_override:/home/ohj/mecanum-ros2/install/mecanum_odometry/lib/python3.8/site-packages:${PYTHONPATH} /usr/bin/python3 setup.py egg_info --egg-base ../../build/mecanum_odometry build --build-base /home/ohj/mecanum-ros2/build/mecanum_odometry/build install --record /home/ohj/mecanum-ros2/build/mecanum_odometry/install.log --single-version-externally-managed
