-- The C compiler identification is GNU 9.4.0
-- The CXX compiler identification is GNU 9.4.0
-- Check for working C compiler: /usr/bin/cc
-- Check for working C compiler: /usr/bin/cc -- works
-- Detecting C compiler ABI info
-- Detecting C compiler ABI info - done
-- Detecting C compile features
-- Detecting C compile features - done
-- Check for working CXX compiler: /usr/bin/c++
-- Check for working CXX compiler: /usr/bin/c++ -- works
-- Detecting CXX compiler ABI info
-- Detecting CXX compiler ABI info - done
-- Detecting CXX compile features
-- Detecting CXX compile features - done
-- Found ament_cmake: 1.1.6 (/opt/ros/galactic/share/ament_cmake/cmake)
-- Found PythonInterp: /usr/bin/python3 (found suitable version "3.8.10", minimum required is "3") 
-- Using PYTHON_EXECUTABLE: /usr/bin/python3
-- Found rclcpp: 9.2.2 (/opt/ros/galactic/share/rclcpp/cmake)
-- Using all available rosidl_typesupport_c: rosidl_typesupport_fastrtps_c;rosidl_typesupport_introspection_c
-- Found rosidl_adapter: 2.2.3 (/opt/ros/galactic/share/rosidl_adapter/cmake)
-- Found OpenSSL: /usr/lib/x86_64-linux-gnu/libcrypto.so (found version "1.1.1f")  
-- Found FastRTPS: /opt/ros/galactic/include  
-- Using all available rosidl_typesupport_cpp: rosidl_typesupport_fastrtps_cpp;rosidl_typesupport_introspection_cpp
-- Found rmw_implementation_cmake: 3.3.1 (/opt/ros/galactic/share/rmw_implementation_cmake/cmake)
-- Found rmw_cyclonedds_cpp: 0.22.6 (/opt/ros/galactic/share/rmw_cyclonedds_cpp/cmake)
-- Using RMW implementation 'rmw_cyclonedds_cpp' as default
-- Looking for pthread.h
-- Looking for pthread.h - found
-- Performing Test CMAKE_HAVE_LIBC_PTHREAD
-- Performing Test CMAKE_HAVE_LIBC_PTHREAD - Failed
-- Looking for pthread_create in pthreads
-- Looking for pthread_create in pthreads - not found
-- Looking for pthread_create in pthread
-- Looking for pthread_create in pthread - found
-- Found Threads: TRUE  
-- Found sensor_msgs: 2.2.4 (/opt/ros/galactic/share/sensor_msgs/cmake)
-- Found visualization_msgs: 2.2.4 (/opt/ros/galactic/share/visualization_msgs/cmake)
-- Found std_srvs: 2.2.4 (/opt/ros/galactic/share/std_srvs/cmake)
-- Found ament_lint_auto: 0.10.7 (/opt/ros/galactic/share/ament_lint_auto/cmake)
-- Added test 'copyright' to check source files copyright and LICENSE
-- Added test 'cppcheck' to perform static code analysis on C / C++ code
-- Configured cppcheck include dirs: /home/ohj/mecanum-ros2/src/ydlidar_ros2_driver/src
-- Configured cppcheck exclude dirs and/or files: 
-- Added test 'cpplint' to check C / C++ code against the Google style
-- Configured cpplint exclude dirs and/or files: 
-- Added test 'flake8' to check Python code syntax and style conventions
-- Added test 'lint_cmake' to check CMake code style
-- Added test 'pep257' to check Python code against some of the style conventions in PEP 257
-- Added test 'uncrustify' to check C / C++ code style
-- Configured uncrustify additional arguments: 
-- Added test 'xmllint' to check XML markup files
-- Configuring done
-- Generating done
-- Build files have been written to: /home/ohj/mecanum-ros2/build/ydlidar_ros2_driver
[35m[1mScanning dependencies of target ydlidar_ros2_driver_node[0m
[35m[1mScanning dependencies of target ydlidar_ros2_driver_client[0m
[ 25%] [32mBuilding CXX object CMakeFiles/ydlidar_ros2_driver_client.dir/src/ydlidar_ros2_driver_client.cpp.o[0m
[ 50%] [32mBuilding CXX object CMakeFiles/ydlidar_ros2_driver_node.dir/src/ydlidar_ros2_driver_node.cpp.o[0m
[01m[K/home/ohj/mecanum-ros2/src/ydlidar_ros2_driver/src/ydlidar_ros2_driver_node.cpp:[m[K In function ‘[01m[Kint main(int, char**)[m[K’:
[01m[K/home/ohj/mecanum-ros2/src/ydlidar_ros2_driver/src/ydlidar_ros2_driver_node.cpp:44:33:[m[K [01;35m[Kwarning: [m[K‘[01m[Kconst rclcpp::ParameterValue& rclcpp::Node::declare_parameter(const string&)[m[K’ is deprecated: declare_parameter() with only a name is deprecated and will be deleted in the future.\nIf you want to declare a parameter that won't change type without a default value use:\n`node->declare_parameter<ParameterT>(name)`, where e.g. ParameterT=int64_t.\n\nIf you want to declare a parameter that can dynamically change type use:\n```\nrcl_interfaces::msg::ParameterDescriptor descriptor;\ndescriptor.dynamic_typing = true;\nnode->declare_parameter(name, rclcpp::ParameterValue{}, descriptor);\n``` [[01;35m[K-Wdeprecated-declarations[m[K]
   44 |   node->declare_parameter("port"[01;35m[K)[m[K;
      |                                 [01;35m[K^[m[K
In file included from [01m[K/opt/ros/galactic/include/rclcpp/executors/single_threaded_executor.hpp:28[m[K,
                 from [01m[K/opt/ros/galactic/include/rclcpp/executors.hpp:22[m[K,
                 from [01m[K/opt/ros/galactic/include/rclcpp/rclcpp.hpp:156[m[K,
                 from [01m[K/home/ohj/mecanum-ros2/src/ydlidar_ros2_driver/src/ydlidar_ros2_driver_node.cpp:23[m[K:
[01m[K/opt/ros/galactic/include/rclcpp/node.hpp:422:3:[m[K [01;36m[Knote: [m[Kdeclared here
  422 |   [01;36m[Kdeclare_parameter[m[K(const std::string & name);
      |   [01;36m[K^~~~~~~~~~~~~~~~~[m[K
[01m[K/home/ohj/mecanum-ros2/src/ydlidar_ros2_driver/src/ydlidar_ros2_driver_node.cpp:51:41:[m[K [01;35m[Kwarning: [m[K‘[01m[Kconst rclcpp::ParameterValue& rclcpp::Node::declare_parameter(const string&)[m[K’ is deprecated: declare_parameter() with only a name is deprecated and will be deleted in the future.\nIf you want to declare a parameter that won't change type without a default value use:\n`node->declare_parameter<ParameterT>(name)`, where e.g. ParameterT=int64_t.\n\nIf you want to declare a parameter that can dynamically change type use:\n```\nrcl_interfaces::msg::ParameterDescriptor descriptor;\ndescriptor.dynamic_typing = true;\nnode->declare_parameter(name, rclcpp::ParameterValue{}, descriptor);\n``` [[01;35m[K-Wdeprecated-declarations[m[K]
   51 |   node->declare_parameter("ignore_array"[01;35m[K)[m[K;
      |                                         [01;35m[K^[m[K
In file included from [01m[K/opt/ros/galactic/include/rclcpp/executors/single_threaded_executor.hpp:28[m[K,
                 from [01m[K/opt/ros/galactic/include/rclcpp/executors.hpp:22[m[K,
                 from [01m[K/opt/ros/galactic/include/rclcpp/rclcpp.hpp:156[m[K,
                 from [01m[K/home/ohj/mecanum-ros2/src/ydlidar_ros2_driver/src/ydlidar_ros2_driver_node.cpp:23[m[K:
[01m[K/opt/ros/galactic/include/rclcpp/node.hpp:422:3:[m[K [01;36m[Knote: [m[Kdeclared here
  422 |   [01;36m[Kdeclare_parameter[m[K(const std::string & name);
      |   [01;36m[K^~~~~~~~~~~~~~~~~[m[K
[01m[K/home/ohj/mecanum-ros2/src/ydlidar_ros2_driver/src/ydlidar_ros2_driver_node.cpp:56:37:[m[K [01;35m[Kwarning: [m[K‘[01m[Kconst rclcpp::ParameterValue& rclcpp::Node::declare_parameter(const string&)[m[K’ is deprecated: declare_parameter() with only a name is deprecated and will be deleted in the future.\nIf you want to declare a parameter that won't change type without a default value use:\n`node->declare_parameter<ParameterT>(name)`, where e.g. ParameterT=int64_t.\n\nIf you want to declare a parameter that can dynamically change type use:\n```\nrcl_interfaces::msg::ParameterDescriptor descriptor;\ndescriptor.dynamic_typing = true;\nnode->declare_parameter(name, rclcpp::ParameterValue{}, descriptor);\n``` [[01;35m[K-Wdeprecated-declarations[m[K]
   56 |   node->declare_parameter("frame_id"[01;35m[K)[m[K;
      |                                     [01;35m[K^[m[K
In file included from [01m[K/opt/ros/galactic/include/rclcpp/executors/single_threaded_executor.hpp:28[m[K,
                 from [01m[K/opt/ros/galactic/include/rclcpp/executors.hpp:22[m[K,
                 from [01m[K/opt/ros/galactic/include/rclcpp/rclcpp.hpp:156[m[K,
                 from [01m[K/home/ohj/mecanum-ros2/src/ydlidar_ros2_driver/src/ydlidar_ros2_driver_node.cpp:23[m[K:
[01m[K/opt/ros/galactic/include/rclcpp/node.hpp:422:3:[m[K [01;36m[Knote: [m[Kdeclared here
  422 |   [01;36m[Kdeclare_parameter[m[K(const std::string & name);
      |   [01;36m[K^~~~~~~~~~~~~~~~~[m[K
[01m[K/home/ohj/mecanum-ros2/src/ydlidar_ros2_driver/src/ydlidar_ros2_driver_node.cpp:62:37:[m[K [01;35m[Kwarning: [m[K‘[01m[Kconst rclcpp::ParameterValue& rclcpp::Node::declare_parameter(const string&)[m[K’ is deprecated: declare_parameter() with only a name is deprecated and will be deleted in the future.\nIf you want to declare a parameter that won't change type without a default value use:\n`node->declare_parameter<ParameterT>(name)`, where e.g. ParameterT=int64_t.\n\nIf you want to declare a parameter that can dynamically change type use:\n```\nrcl_interfaces::msg::ParameterDescriptor descriptor;\ndescriptor.dynamic_typing = true;\nnode->declare_parameter(name, rclcpp::ParameterValue{}, descriptor);\n``` [[01;35m[K-Wdeprecated-declarations[m[K]
   62 |   node->declare_parameter("baudrate"[01;35m[K)[m[K;
      |                                     [01;35m[K^[m[K
In file included from [01m[K/opt/ros/galactic/include/rclcpp/executors/single_threaded_executor.hpp:28[m[K,
                 from [01m[K/opt/ros/galactic/include/rclcpp/executors.hpp:22[m[K,
                 from [01m[K/opt/ros/galactic/include/rclcpp/rclcpp.hpp:156[m[K,
                 from [01m[K/home/ohj/mecanum-ros2/src/ydlidar_ros2_driver/src/ydlidar_ros2_driver_node.cpp:23[m[K:
[01m[K/opt/ros/galactic/include/rclcpp/node.hpp:422:3:[m[K [01;36m[Knote: [m[Kdeclared here
  422 |   [01;36m[Kdeclare_parameter[m[K(const std::string & name);
      |   [01;36m[K^~~~~~~~~~~~~~~~~[m[K
[01m[K/home/ohj/mecanum-ros2/src/ydlidar_ros2_driver/src/ydlidar_ros2_driver_node.cpp:67:39:[m[K [01;35m[Kwarning: [m[K‘[01m[Kconst rclcpp::ParameterValue& rclcpp::Node::declare_parameter(const string&)[m[K’ is deprecated: declare_parameter() with only a name is deprecated and will be deleted in the future.\nIf you want to declare a parameter that won't change type without a default value use:\n`node->declare_parameter<ParameterT>(name)`, where e.g. ParameterT=int64_t.\n\nIf you want to declare a parameter that can dynamically change type use:\n```\nrcl_interfaces::msg::ParameterDescriptor descriptor;\ndescriptor.dynamic_typing = true;\nnode->declare_parameter(name, rclcpp::ParameterValue{}, descriptor);\n``` [[01;35m[K-Wdeprecated-declarations[m[K]
   67 |   node->declare_parameter("lidar_type"[01;35m[K)[m[K;
      |                                       [01;35m[K^[m[K
In file included from [01m[K/opt/ros/galactic/include/rclcpp/executors/single_threaded_executor.hpp:28[m[K,
                 from [01m[K/opt/ros/galactic/include/rclcpp/executors.hpp:22[m[K,
                 from [01m[K/opt/ros/galactic/include/rclcpp/rclcpp.hpp:156[m[K,
                 from [01m[K/home/ohj/mecanum-ros2/src/ydlidar_ros2_driver/src/ydlidar_ros2_driver_node.cpp:23[m[K:
[01m[K/opt/ros/galactic/include/rclcpp/node.hpp:422:3:[m[K [01;36m[Knote: [m[Kdeclared here
  422 |   [01;36m[Kdeclare_parameter[m[K(const std::string & name);
      |   [01;36m[K^~~~~~~~~~~~~~~~~[m[K
[01m[K/home/ohj/mecanum-ros2/src/ydlidar_ros2_driver/src/ydlidar_ros2_driver_node.cpp:72:40:[m[K [01;35m[Kwarning: [m[K‘[01m[Kconst rclcpp::ParameterValue& rclcpp::Node::declare_parameter(const string&)[m[K’ is deprecated: declare_parameter() with only a name is deprecated and will be deleted in the future.\nIf you want to declare a parameter that won't change type without a default value use:\n`node->declare_parameter<ParameterT>(name)`, where e.g. ParameterT=int64_t.\n\nIf you want to declare a parameter that can dynamically change type use:\n```\nrcl_interfaces::msg::ParameterDescriptor descriptor;\ndescriptor.dynamic_typing = true;\nnode->declare_parameter(name, rclcpp::ParameterValue{}, descriptor);\n``` [[01;35m[K-Wdeprecated-declarations[m[K]
   72 |   node->declare_parameter("device_type"[01;35m[K)[m[K;
      |                                        [01;35m[K^[m[K
In file included from [01m[K/opt/ros/galactic/include/rclcpp/executors/single_threaded_executor.hpp:28[m[K,
                 from [01m[K/opt/ros/galactic/include/rclcpp/executors.hpp:22[m[K,
                 from [01m[K/opt/ros/galactic/include/rclcpp/rclcpp.hpp:156[m[K,
                 from [01m[K/home/ohj/mecanum-ros2/src/ydlidar_ros2_driver/src/ydlidar_ros2_driver_node.cpp:23[m[K:
[01m[K/opt/ros/galactic/include/rclcpp/node.hpp:422:3:[m[K [01;36m[Knote: [m[Kdeclared here
  422 |   [01;36m[Kdeclare_parameter[m[K(const std::string & name);
      |   [01;36m[K^~~~~~~~~~~~~~~~~[m[K
[01m[K/home/ohj/mecanum-ros2/src/ydlidar_ros2_driver/src/ydlidar_ros2_driver_node.cpp:77:40:[m[K [01;35m[Kwarning: [m[K‘[01m[Kconst rclcpp::ParameterValue& rclcpp::Node::declare_parameter(const string&)[m[K’ is deprecated: declare_parameter() with only a name is deprecated and will be deleted in the future.\nIf you want to declare a parameter that won't change type without a default value use:\n`node->declare_parameter<ParameterT>(name)`, where e.g. ParameterT=int64_t.\n\nIf you want to declare a parameter that can dynamically change type use:\n```\nrcl_interfaces::msg::ParameterDescriptor descriptor;\ndescriptor.dynamic_typing = true;\nnode->declare_parameter(name, rclcpp::ParameterValue{}, descriptor);\n``` [[01;35m[K-Wdeprecated-declarations[m[K]
   77 |   node->declare_parameter("sample_rate"[01;35m[K)[m[K;
      |                                        [01;35m[K^[m[K
In file included from [01m[K/opt/ros/galactic/include/rclcpp/executors/single_threaded_executor.hpp:28[m[K,
                 from [01m[K/opt/ros/galactic/include/rclcpp/executors.hpp:22[m[K,
                 from [01m[K/opt/ros/galactic/include/rclcpp/rclcpp.hpp:156[m[K,
                 from [01m[K/home/ohj/mecanum-ros2/src/ydlidar_ros2_driver/src/ydlidar_ros2_driver_node.cpp:23[m[K:
[01m[K/opt/ros/galactic/include/rclcpp/node.hpp:422:3:[m[K [01;36m[Knote: [m[Kdeclared here
  422 |   [01;36m[Kdeclare_parameter[m[K(const std::string & name);
      |   [01;36m[K^~~~~~~~~~~~~~~~~[m[K
[01m[K/home/ohj/mecanum-ros2/src/ydlidar_ros2_driver/src/ydlidar_ros2_driver_node.cpp:82:49:[m[K [01;35m[Kwarning: [m[K‘[01m[Kconst rclcpp::ParameterValue& rclcpp::Node::declare_parameter(const string&)[m[K’ is deprecated: declare_parameter() with only a name is deprecated and will be deleted in the future.\nIf you want to declare a parameter that won't change type without a default value use:\n`node->declare_parameter<ParameterT>(name)`, where e.g. ParameterT=int64_t.\n\nIf you want to declare a parameter that can dynamically change type use:\n```\nrcl_interfaces::msg::ParameterDescriptor descriptor;\ndescriptor.dynamic_typing = true;\nnode->declare_parameter(name, rclcpp::ParameterValue{}, descriptor);\n``` [[01;35m[K-Wdeprecated-declarations[m[K]
   82 |   node->declare_parameter("abnormal_check_count"[01;35m[K)[m[K;
      |                                                 [01;35m[K^[m[K
In file included from [01m[K/opt/ros/galactic/include/rclcpp/executors/single_threaded_executor.hpp:28[m[K,
                 from [01m[K/opt/ros/galactic/include/rclcpp/executors.hpp:22[m[K,
                 from [01m[K/opt/ros/galactic/include/rclcpp/rclcpp.hpp:156[m[K,
                 from [01m[K/home/ohj/mecanum-ros2/src/ydlidar_ros2_driver/src/ydlidar_ros2_driver_node.cpp:23[m[K:
[01m[K/opt/ros/galactic/include/rclcpp/node.hpp:422:3:[m[K [01;36m[Knote: [m[Kdeclared here
  422 |   [01;36m[Kdeclare_parameter[m[K(const std::string & name);
      |   [01;36m[K^~~~~~~~~~~~~~~~~[m[K
[01m[K/home/ohj/mecanum-ros2/src/ydlidar_ros2_driver/src/ydlidar_ros2_driver_node.cpp:90:45:[m[K [01;35m[Kwarning: [m[K‘[01m[Kconst rclcpp::ParameterValue& rclcpp::Node::declare_parameter(const string&)[m[K’ is deprecated: declare_parameter() with only a name is deprecated and will be deleted in the future.\nIf you want to declare a parameter that won't change type without a default value use:\n`node->declare_parameter<ParameterT>(name)`, where e.g. ParameterT=int64_t.\n\nIf you want to declare a parameter that can dynamically change type use:\n```\nrcl_interfaces::msg::ParameterDescriptor descriptor;\ndescriptor.dynamic_typing = true;\nnode->declare_parameter(name, rclcpp::ParameterValue{}, descriptor);\n``` [[01;35m[K-Wdeprecated-declarations[m[K]
   90 |   node->declare_parameter("fixed_resolution"[01;35m[K)[m[K;
      |                                             [01;35m[K^[m[K
In file included from [01m[K/opt/ros/galactic/include/rclcpp/executors/single_threaded_executor.hpp:28[m[K,
                 from [01m[K/opt/ros/galactic/include/rclcpp/executors.hpp:22[m[K,
                 from [01m[K/opt/ros/galactic/include/rclcpp/rclcpp.hpp:156[m[K,
                 from [01m[K/home/ohj/mecanum-ros2/src/ydlidar_ros2_driver/src/ydlidar_ros2_driver_node.cpp:23[m[K:
[01m[K/opt/ros/galactic/include/rclcpp/node.hpp:422:3:[m[K [01;36m[Knote: [m[Kdeclared here
  422 |   [01;36m[Kdeclare_parameter[m[K(const std::string & name);
      |   [01;36m[K^~~~~~~~~~~~~~~~~[m[K
[01m[K/home/ohj/mecanum-ros2/src/ydlidar_ros2_driver/src/ydlidar_ros2_driver_node.cpp:95:38:[m[K [01;35m[Kwarning: [m[K‘[01m[Kconst rclcpp::ParameterValue& rclcpp::Node::declare_parameter(const string&)[m[K’ is deprecated: declare_parameter() with only a name is deprecated and will be deleted in the future.\nIf you want to declare a parameter that won't change type without a default value use:\n`node->declare_parameter<ParameterT>(name)`, where e.g. ParameterT=int64_t.\n\nIf you want to declare a parameter that can dynamically change type use:\n```\nrcl_interfaces::msg::ParameterDescriptor descriptor;\ndescriptor.dynamic_typing = true;\nnode->declare_parameter(name, rclcpp::ParameterValue{}, descriptor);\n``` [[01;35m[K-Wdeprecated-declarations[m[K]
   95 |   node->declare_parameter("reversion"[01;35m[K)[m[K;
      |                                      [01;35m[K^[m[K
In file included from [01m[K/opt/ros/galactic/include/rclcpp/executors/single_threaded_executor.hpp:28[m[K,
                 from [01m[K/opt/ros/galactic/include/rclcpp/executors.hpp:22[m[K,
                 from [01m[K/opt/ros/galactic/include/rclcpp/rclcpp.hpp:156[m[K,
                 from [01m[K/home/ohj/mecanum-ros2/src/ydlidar_ros2_driver/src/ydlidar_ros2_driver_node.cpp:23[m[K:
[01m[K/opt/ros/galactic/include/rclcpp/node.hpp:422:3:[m[K [01;36m[Knote: [m[Kdeclared here
  422 |   [01;36m[Kdeclare_parameter[m[K(const std::string & name);
      |   [01;36m[K^~~~~~~~~~~~~~~~~[m[K
[01m[K/home/ohj/mecanum-ros2/src/ydlidar_ros2_driver/src/ydlidar_ros2_driver_node.cpp:100:37:[m[K [01;35m[Kwarning: [m[K‘[01m[Kconst rclcpp::ParameterValue& rclcpp::Node::declare_parameter(const string&)[m[K’ is deprecated: declare_parameter() with only a name is deprecated and will be deleted in the future.\nIf you want to declare a parameter that won't change type without a default value use:\n`node->declare_parameter<ParameterT>(name)`, where e.g. ParameterT=int64_t.\n\nIf you want to declare a parameter that can dynamically change type use:\n```\nrcl_interfaces::msg::ParameterDescriptor descriptor;\ndescriptor.dynamic_typing = true;\nnode->declare_parameter(name, rclcpp::ParameterValue{}, descriptor);\n``` [[01;35m[K-Wdeprecated-declarations[m[K]
  100 |   node->declare_parameter("inverted"[01;35m[K)[m[K;
      |                                     [01;35m[K^[m[K
In file included from [01m[K/opt/ros/galactic/include/rclcpp/executors/single_threaded_executor.hpp:28[m[K,
                 from [01m[K/opt/ros/galactic/include/rclcpp/executors.hpp:22[m[K,
                 from [01m[K/opt/ros/galactic/include/rclcpp/rclcpp.hpp:156[m[K,
                 from [01m[K/home/ohj/mecanum-ros2/src/ydlidar_ros2_driver/src/ydlidar_ros2_driver_node.cpp:23[m[K:
[01m[K/opt/ros/galactic/include/rclcpp/node.hpp:422:3:[m[K [01;36m[Knote: [m[Kdeclared here
  422 |   [01;36m[Kdeclare_parameter[m[K(const std::string & name);
      |   [01;36m[K^~~~~~~~~~~~~~~~~[m[K
[01m[K/home/ohj/mecanum-ros2/src/ydlidar_ros2_driver/src/ydlidar_ros2_driver_node.cpp:104:43:[m[K [01;35m[Kwarning: [m[K‘[01m[Kconst rclcpp::ParameterValue& rclcpp::Node::declare_parameter(const string&)[m[K’ is deprecated: declare_parameter() with only a name is deprecated and will be deleted in the future.\nIf you want to declare a parameter that won't change type without a default value use:\n`node->declare_parameter<ParameterT>(name)`, where e.g. ParameterT=int64_t.\n\nIf you want to declare a parameter that can dynamically change type use:\n```\nrcl_interfaces::msg::ParameterDescriptor descriptor;\ndescriptor.dynamic_typing = true;\nnode->declare_parameter(name, rclcpp::ParameterValue{}, descriptor);\n``` [[01;35m[K-Wdeprecated-declarations[m[K]
  104 |   node->declare_parameter("auto_reconnect"[01;35m[K)[m[K;
      |                                           [01;35m[K^[m[K
In file included from [01m[K/opt/ros/galactic/include/rclcpp/executors/single_threaded_executor.hpp:28[m[K,
                 from [01m[K/opt/ros/galactic/include/rclcpp/executors.hpp:22[m[K,
                 from [01m[K/opt/ros/galactic/include/rclcpp/rclcpp.hpp:156[m[K,
                 from [01m[K/home/ohj/mecanum-ros2/src/ydlidar_ros2_driver/src/ydlidar_ros2_driver_node.cpp:23[m[K:
[01m[K/opt/ros/galactic/include/rclcpp/node.hpp:422:3:[m[K [01;36m[Knote: [m[Kdeclared here
  422 |   [01;36m[Kdeclare_parameter[m[K(const std::string & name);
      |   [01;36m[K^~~~~~~~~~~~~~~~~[m[K
[01m[K/home/ohj/mecanum-ros2/src/ydlidar_ros2_driver/src/ydlidar_ros2_driver_node.cpp:109:44:[m[K [01;35m[Kwarning: [m[K‘[01m[Kconst rclcpp::ParameterValue& rclcpp::Node::declare_parameter(const string&)[m[K’ is deprecated: declare_parameter() with only a name is deprecated and will be deleted in the future.\nIf you want to declare a parameter that won't change type without a default value use:\n`node->declare_parameter<ParameterT>(name)`, where e.g. ParameterT=int64_t.\n\nIf you want to declare a parameter that can dynamically change type use:\n```\nrcl_interfaces::msg::ParameterDescriptor descriptor;\ndescriptor.dynamic_typing = true;\nnode->declare_parameter(name, rclcpp::ParameterValue{}, descriptor);\n``` [[01;35m[K-Wdeprecated-declarations[m[K]
  109 |   node->declare_parameter("isSingleChannel"[01;35m[K)[m[K;
      |                                            [01;35m[K^[m[K
In file included from [01m[K/opt/ros/galactic/include/rclcpp/executors/single_threaded_executor.hpp:28[m[K,
                 from [01m[K/opt/ros/galactic/include/rclcpp/executors.hpp:22[m[K,
                 from [01m[K/opt/ros/galactic/include/rclcpp/rclcpp.hpp:156[m[K,
                 from [01m[K/home/ohj/mecanum-ros2/src/ydlidar_ros2_driver/src/ydlidar_ros2_driver_node.cpp:23[m[K:
[01m[K/opt/ros/galactic/include/rclcpp/node.hpp:422:3:[m[K [01;36m[Knote: [m[Kdeclared here
  422 |   [01;36m[Kdeclare_parameter[m[K(const std::string & name);
      |   [01;36m[K^~~~~~~~~~~~~~~~~[m[K
[01m[K/home/ohj/mecanum-ros2/src/ydlidar_ros2_driver/src/ydlidar_ros2_driver_node.cpp:114:38:[m[K [01;35m[Kwarning: [m[K‘[01m[Kconst rclcpp::ParameterValue& rclcpp::Node::declare_parameter(const string&)[m[K’ is deprecated: declare_parameter() with only a name is deprecated and will be deleted in the future.\nIf you want to declare a parameter that won't change type without a default value use:\n`node->declare_parameter<ParameterT>(name)`, where e.g. ParameterT=int64_t.\n\nIf you want to declare a parameter that can dynamically change type use:\n```\nrcl_interfaces::msg::ParameterDescriptor descriptor;\ndescriptor.dynamic_typing = true;\nnode->declare_parameter(name, rclcpp::ParameterValue{}, descriptor);\n``` [[01;35m[K-Wdeprecated-declarations[m[K]
  114 |   node->declare_parameter("intensity"[01;35m[K)[m[K;
      |                                      [01;35m[K^[m[K
In file included from [01m[K/opt/ros/galactic/include/rclcpp/executors/single_threaded_executor.hpp:28[m[K,
                 from [01m[K/opt/ros/galactic/include/rclcpp/executors.hpp:22[m[K,
                 from [01m[K/opt/ros/galactic/include/rclcpp/rclcpp.hpp:156[m[K,
                 from [01m[K/home/ohj/mecanum-ros2/src/ydlidar_ros2_driver/src/ydlidar_ros2_driver_node.cpp:23[m[K:
[01m[K/opt/ros/galactic/include/rclcpp/node.hpp:422:3:[m[K [01;36m[Knote: [m[Kdeclared here
  422 |   [01;36m[Kdeclare_parameter[m[K(const std::string & name);
      |   [01;36m[K^~~~~~~~~~~~~~~~~[m[K
[01m[K/home/ohj/mecanum-ros2/src/ydlidar_ros2_driver/src/ydlidar_ros2_driver_node.cpp:119:46:[m[K [01;35m[Kwarning: [m[K‘[01m[Kconst rclcpp::ParameterValue& rclcpp::Node::declare_parameter(const string&)[m[K’ is deprecated: declare_parameter() with only a name is deprecated and will be deleted in the future.\nIf you want to declare a parameter that won't change type without a default value use:\n`node->declare_parameter<ParameterT>(name)`, where e.g. ParameterT=int64_t.\n\nIf you want to declare a parameter that can dynamically change type use:\n```\nrcl_interfaces::msg::ParameterDescriptor descriptor;\ndescriptor.dynamic_typing = true;\nnode->declare_parameter(name, rclcpp::ParameterValue{}, descriptor);\n``` [[01;35m[K-Wdeprecated-declarations[m[K]
  119 |   node->declare_parameter("support_motor_dtr"[01;35m[K)[m[K;
      |                                              [01;35m[K^[m[K
In file included from [01m[K/opt/ros/galactic/include/rclcpp/executors/single_threaded_executor.hpp:28[m[K,
                 from [01m[K/opt/ros/galactic/include/rclcpp/executors.hpp:22[m[K,
                 from [01m[K/opt/ros/galactic/include/rclcpp/rclcpp.hpp:156[m[K,
                 from [01m[K/home/ohj/mecanum-ros2/src/ydlidar_ros2_driver/src/ydlidar_ros2_driver_node.cpp:23[m[K:
[01m[K/opt/ros/galactic/include/rclcpp/node.hpp:422:3:[m[K [01;36m[Knote: [m[Kdeclared here
  422 |   [01;36m[Kdeclare_parameter[m[K(const std::string & name);
      |   [01;36m[K^~~~~~~~~~~~~~~~~[m[K
[01m[K/home/ohj/mecanum-ros2/src/ydlidar_ros2_driver/src/ydlidar_ros2_driver_node.cpp:126:38:[m[K [01;35m[Kwarning: [m[K‘[01m[Kconst rclcpp::ParameterValue& rclcpp::Node::declare_parameter(const string&)[m[K’ is deprecated: declare_parameter() with only a name is deprecated and will be deleted in the future.\nIf you want to declare a parameter that won't change type without a default value use:\n`node->declare_parameter<ParameterT>(name)`, where e.g. ParameterT=int64_t.\n\nIf you want to declare a parameter that can dynamically change type use:\n```\nrcl_interfaces::msg::ParameterDescriptor descriptor;\ndescriptor.dynamic_typing = true;\nnode->declare_parameter(name, rclcpp::ParameterValue{}, descriptor);\n``` [[01;35m[K-Wdeprecated-declarations[m[K]
  126 |   node->declare_parameter("angle_max"[01;35m[K)[m[K;
      |                                      [01;35m[K^[m[K
In file included from [01m[K/opt/ros/galactic/include/rclcpp/executors/single_threaded_executor.hpp:28[m[K,
                 from [01m[K/opt/ros/galactic/include/rclcpp/executors.hpp:22[m[K,
                 from [01m[K/opt/ros/galactic/include/rclcpp/rclcpp.hpp:156[m[K,
                 from [01m[K/home/ohj/mecanum-ros2/src/ydlidar_ros2_driver/src/ydlidar_ros2_driver_node.cpp:23[m[K:
[01m[K/opt/ros/galactic/include/rclcpp/node.hpp:422:3:[m[K [01;36m[Knote: [m[Kdeclared here
  422 |   [01;36m[Kdeclare_parameter[m[K(const std::string & name);
      |   [01;36m[K^~~~~~~~~~~~~~~~~[m[K
[01m[K/home/ohj/mecanum-ros2/src/ydlidar_ros2_driver/src/ydlidar_ros2_driver_node.cpp:130:38:[m[K [01;35m[Kwarning: [m[K‘[01m[Kconst rclcpp::ParameterValue& rclcpp::Node::declare_parameter(const string&)[m[K’ is deprecated: declare_parameter() with only a name is deprecated and will be deleted in the future.\nIf you want to declare a parameter that won't change type without a default value use:\n`node->declare_parameter<ParameterT>(name)`, where e.g. ParameterT=int64_t.\n\nIf you want to declare a parameter that can dynamically change type use:\n```\nrcl_interfaces::msg::ParameterDescriptor descriptor;\ndescriptor.dynamic_typing = true;\nnode->declare_parameter(name, rclcpp::ParameterValue{}, descriptor);\n``` [[01;35m[K-Wdeprecated-declarations[m[K]
  130 |   node->declare_parameter("angle_min"[01;35m[K)[m[K;
      |                                      [01;35m[K^[m[K
In file included from [01m[K/opt/ros/galactic/include/rclcpp/executors/single_threaded_executor.hpp:28[m[K,
                 from [01m[K/opt/ros/galactic/include/rclcpp/executors.hpp:22[m[K,
                 from [01m[K/opt/ros/galactic/include/rclcpp/rclcpp.hpp:156[m[K,
                 from [01m[K/home/ohj/mecanum-ros2/src/ydlidar_ros2_driver/src/ydlidar_ros2_driver_node.cpp:23[m[K:
[01m[K/opt/ros/galactic/include/rclcpp/node.hpp:422:3:[m[K [01;36m[Knote: [m[Kdeclared here
  422 |   [01;36m[Kdeclare_parameter[m[K(const std::string & name);
      |   [01;36m[K^~~~~~~~~~~~~~~~~[m[K
[01m[K/home/ohj/mecanum-ros2/src/ydlidar_ros2_driver/src/ydlidar_ros2_driver_node.cpp:135:38:[m[K [01;35m[Kwarning: [m[K‘[01m[Kconst rclcpp::ParameterValue& rclcpp::Node::declare_parameter(const string&)[m[K’ is deprecated: declare_parameter() with only a name is deprecated and will be deleted in the future.\nIf you want to declare a parameter that won't change type without a default value use:\n`node->declare_parameter<ParameterT>(name)`, where e.g. ParameterT=int64_t.\n\nIf you want to declare a parameter that can dynamically change type use:\n```\nrcl_interfaces::msg::ParameterDescriptor descriptor;\ndescriptor.dynamic_typing = true;\nnode->declare_parameter(name, rclcpp::ParameterValue{}, descriptor);\n``` [[01;35m[K-Wdeprecated-declarations[m[K]
  135 |   node->declare_parameter("range_max"[01;35m[K)[m[K;
      |                                      [01;35m[K^[m[K
In file included from [01m[K/opt/ros/galactic/include/rclcpp/executors/single_threaded_executor.hpp:28[m[K,
                 from [01m[K/opt/ros/galactic/include/rclcpp/executors.hpp:22[m[K,
                 from [01m[K/opt/ros/galactic/include/rclcpp/rclcpp.hpp:156[m[K,
                 from [01m[K/home/ohj/mecanum-ros2/src/ydlidar_ros2_driver/src/ydlidar_ros2_driver_node.cpp:23[m[K:
[01m[K/opt/ros/galactic/include/rclcpp/node.hpp:422:3:[m[K [01;36m[Knote: [m[Kdeclared here
  422 |   [01;36m[Kdeclare_parameter[m[K(const std::string & name);
      |   [01;36m[K^~~~~~~~~~~~~~~~~[m[K
[01m[K/home/ohj/mecanum-ros2/src/ydlidar_ros2_driver/src/ydlidar_ros2_driver_node.cpp:139:38:[m[K [01;35m[Kwarning: [m[K‘[01m[Kconst rclcpp::ParameterValue& rclcpp::Node::declare_parameter(const string&)[m[K’ is deprecated: declare_parameter() with only a name is deprecated and will be deleted in the future.\nIf you want to declare a parameter that won't change type without a default value use:\n`node->declare_parameter<ParameterT>(name)`, where e.g. ParameterT=int64_t.\n\nIf you want to declare a parameter that can dynamically change type use:\n```\nrcl_interfaces::msg::ParameterDescriptor descriptor;\ndescriptor.dynamic_typing = true;\nnode->declare_parameter(name, rclcpp::ParameterValue{}, descriptor);\n``` [[01;35m[K-Wdeprecated-declarations[m[K]
  139 |   node->declare_parameter("range_min"[01;35m[K)[m[K;
      |                                      [01;35m[K^[m[K
In file included from [01m[K/opt/ros/galactic/include/rclcpp/executors/single_threaded_executor.hpp:28[m[K,
                 from [01m[K/opt/ros/galactic/include/rclcpp/executors.hpp:22[m[K,
                 from [01m[K/opt/ros/galactic/include/rclcpp/rclcpp.hpp:156[m[K,
                 from [01m[K/home/ohj/mecanum-ros2/src/ydlidar_ros2_driver/src/ydlidar_ros2_driver_node.cpp:23[m[K:
[01m[K/opt/ros/galactic/include/rclcpp/node.hpp:422:3:[m[K [01;36m[Knote: [m[Kdeclared here
  422 |   [01;36m[Kdeclare_parameter[m[K(const std::string & name);
      |   [01;36m[K^~~~~~~~~~~~~~~~~[m[K
[01m[K/home/ohj/mecanum-ros2/src/ydlidar_ros2_driver/src/ydlidar_ros2_driver_node.cpp:144:38:[m[K [01;35m[Kwarning: [m[K‘[01m[Kconst rclcpp::ParameterValue& rclcpp::Node::declare_parameter(const string&)[m[K’ is deprecated: declare_parameter() with only a name is deprecated and will be deleted in the future.\nIf you want to declare a parameter that won't change type without a default value use:\n`node->declare_parameter<ParameterT>(name)`, where e.g. ParameterT=int64_t.\n\nIf you want to declare a parameter that can dynamically change type use:\n```\nrcl_interfaces::msg::ParameterDescriptor descriptor;\ndescriptor.dynamic_typing = true;\nnode->declare_parameter(name, rclcpp::ParameterValue{}, descriptor);\n``` [[01;35m[K-Wdeprecated-declarations[m[K]
  144 |   node->declare_parameter("frequency"[01;35m[K)[m[K;
      |                                      [01;35m[K^[m[K
In file included from [01m[K/opt/ros/galactic/include/rclcpp/executors/single_threaded_executor.hpp:28[m[K,
                 from [01m[K/opt/ros/galactic/include/rclcpp/executors.hpp:22[m[K,
                 from [01m[K/opt/ros/galactic/include/rclcpp/rclcpp.hpp:156[m[K,
                 from [01m[K/home/ohj/mecanum-ros2/src/ydlidar_ros2_driver/src/ydlidar_ros2_driver_node.cpp:23[m[K:
[01m[K/opt/ros/galactic/include/rclcpp/node.hpp:422:3:[m[K [01;36m[Knote: [m[Kdeclared here
  422 |   [01;36m[Kdeclare_parameter[m[K(const std::string & name);
      |   [01;36m[K^~~~~~~~~~~~~~~~~[m[K
[01m[K/home/ohj/mecanum-ros2/src/ydlidar_ros2_driver/src/ydlidar_ros2_driver_node.cpp:149:49:[m[K [01;35m[Kwarning: [m[K‘[01m[Kconst rclcpp::ParameterValue& rclcpp::Node::declare_parameter(const string&)[m[K’ is deprecated: declare_parameter() with only a name is deprecated and will be deleted in the future.\nIf you want to declare a parameter that won't change type without a default value use:\n`node->declare_parameter<ParameterT>(name)`, where e.g. ParameterT=int64_t.\n\nIf you want to declare a parameter that can dynamically change type use:\n```\nrcl_interfaces::msg::ParameterDescriptor descriptor;\ndescriptor.dynamic_typing = true;\nnode->declare_parameter(name, rclcpp::ParameterValue{}, descriptor);\n``` [[01;35m[K-Wdeprecated-declarations[m[K]
  149 |   node->declare_parameter("invalid_range_is_inf"[01;35m[K)[m[K;
      |                                                 [01;35m[K^[m[K
In file included from [01m[K/opt/ros/galactic/include/rclcpp/executors/single_threaded_executor.hpp:28[m[K,
                 from [01m[K/opt/ros/galactic/include/rclcpp/executors.hpp:22[m[K,
                 from [01m[K/opt/ros/galactic/include/rclcpp/rclcpp.hpp:156[m[K,
                 from [01m[K/home/ohj/mecanum-ros2/src/ydlidar_ros2_driver/src/ydlidar_ros2_driver_node.cpp:23[m[K:
[01m[K/opt/ros/galactic/include/rclcpp/node.hpp:422:3:[m[K [01;36m[Knote: [m[Kdeclared here
  422 |   [01;36m[Kdeclare_parameter[m[K(const std::string & name);
      |   [01;36m[K^~~~~~~~~~~~~~~~~[m[K
[01m[K/home/ohj/mecanum-ros2/src/ydlidar_ros2_driver/src/ydlidar_ros2_driver_node.cpp:[m[K In lambda function:
[01m[K/home/ohj/mecanum-ros2/src/ydlidar_ros2_driver/src/ydlidar_ros2_driver_node.cpp:163:54:[m[K [01;35m[Kwarning: [m[Kunused parameter ‘[01m[Krequest_header[m[K’ [[01;35m[K-Wunused-parameter[m[K]
  163 |     [&laser]([01;35m[Kconst std::shared_ptr<rmw_request_id_t> request_header[m[K,
      |              [01;35m[K~~~~~~~~~~~~~~~~~~~~~~~~~~~~~~~~~~~~~~~~^~~~~~~~~~~~~~[m[K
[01m[K/home/ohj/mecanum-ros2/src/ydlidar_ros2_driver/src/ydlidar_ros2_driver_node.cpp:164:56:[m[K [01;35m[Kwarning: [m[Kunused parameter ‘[01m[Kreq[m[K’ [[01;35m[K-Wunused-parameter[m[K]
  164 |   [01;35m[Kconst std::shared_ptr<std_srvs::srv::Empty::Request> req[m[K,
      |   [01;35m[K~~~~~~~~~~~~~~~~~~~~~~~~~~~~~~~~~~~~~~~~~~~~~~~~~~~~~^~~[m[K
[01m[K/home/ohj/mecanum-ros2/src/ydlidar_ros2_driver/src/ydlidar_ros2_driver_node.cpp:165:51:[m[K [01;35m[Kwarning: [m[Kunused parameter ‘[01m[Kresponse[m[K’ [[01;35m[K-Wunused-parameter[m[K]
  165 |   [01;35m[Kstd::shared_ptr<std_srvs::srv::Empty::Response> response[m[K) -> bool
      |   [01;35m[K~~~~~~~~~~~~~~~~~~~~~~~~~~~~~~~~~~~~~~~~~~~~~~~~^~~~~~~~[m[K
[01m[K/home/ohj/mecanum-ros2/src/ydlidar_ros2_driver/src/ydlidar_ros2_driver_node.cpp:[m[K In lambda function:
[01m[K/home/ohj/mecanum-ros2/src/ydlidar_ros2_driver/src/ydlidar_ros2_driver_node.cpp:173:54:[m[K [01;35m[Kwarning: [m[Kunused parameter ‘[01m[Krequest_header[m[K’ [[01;35m[K-Wunused-parameter[m[K]
  173 |     [&laser]([01;35m[Kconst std::shared_ptr<rmw_request_id_t> request_header[m[K,
      |              [01;35m[K~~~~~~~~~~~~~~~~~~~~~~~~~~~~~~~~~~~~~~~~^~~~~~~~~~~~~~[m[K
[01m[K/home/ohj/mecanum-ros2/src/ydlidar_ros2_driver/src/ydlidar_ros2_driver_node.cpp:174:56:[m[K [01;35m[Kwarning: [m[Kunused parameter ‘[01m[Kreq[m[K’ [[01;35m[K-Wunused-parameter[m[K]
  174 |   [01;35m[Kconst std::shared_ptr<std_srvs::srv::Empty::Request> req[m[K,
      |   [01;35m[K~~~~~~~~~~~~~~~~~~~~~~~~~~~~~~~~~~~~~~~~~~~~~~~~~~~~~^~~[m[K
[01m[K/home/ohj/mecanum-ros2/src/ydlidar_ros2_driver/src/ydlidar_ros2_driver_node.cpp:175:51:[m[K [01;35m[Kwarning: [m[Kunused parameter ‘[01m[Kresponse[m[K’ [[01;35m[K-Wunused-parameter[m[K]
  175 |   [01;35m[Kstd::shared_ptr<std_srvs::srv::Empty::Response> response[m[K) -> bool
      |   [01;35m[K~~~~~~~~~~~~~~~~~~~~~~~~~~~~~~~~~~~~~~~~~~~~~~~~^~~~~~~~[m[K
[ 75%] [32m[1mLinking CXX executable ydlidar_ros2_driver_node[0m
[ 75%] Built target ydlidar_ros2_driver_node
[100%] [32m[1mLinking CXX executable ydlidar_ros2_driver_client[0m
[100%] Built target ydlidar_ros2_driver_client
-- Install configuration: ""
-- Installing: /home/ohj/mecanum-ros2/install/ydlidar_ros2_driver/lib/ydlidar_ros2_driver/ydlidar_ros2_driver_node
-- Set runtime path of "/home/ohj/mecanum-ros2/install/ydlidar_ros2_driver/lib/ydlidar_ros2_driver/ydlidar_ros2_driver_node" to ""
-- Installing: /home/ohj/mecanum-ros2/install/ydlidar_ros2_driver/lib/ydlidar_ros2_driver/ydlidar_ros2_driver_client
-- Set runtime path of "/home/ohj/mecanum-ros2/install/ydlidar_ros2_driver/lib/ydlidar_ros2_driver/ydlidar_ros2_driver_client" to ""
-- Installing: /home/ohj/mecanum-ros2/install/ydlidar_ros2_driver/share/ydlidar_ros2_driver/launch
-- Installing: /home/ohj/mecanum-ros2/install/ydlidar_ros2_driver/share/ydlidar_ros2_driver/launch/ydlidar_launch.py
-- Installing: /home/ohj/mecanum-ros2/install/ydlidar_ros2_driver/share/ydlidar_ros2_driver/launch/ydlidar_launch_view.py
-- Installing: /home/ohj/mecanum-ros2/install/ydlidar_ros2_driver/share/ydlidar_ros2_driver/launch/ydlidar.py
-- Installing: /home/ohj/mecanum-ros2/install/ydlidar_ros2_driver/share/ydlidar_ros2_driver/params
-- Installing: /home/ohj/mecanum-ros2/install/ydlidar_ros2_driver/share/ydlidar_ros2_driver/params/ydlidar.yaml
-- Installing: /home/ohj/mecanum-ros2/install/ydlidar_ros2_driver/share/ydlidar_ros2_driver/startup
-- Installing: /home/ohj/mecanum-ros2/install/ydlidar_ros2_driver/share/ydlidar_ros2_driver/startup/initenv.sh
-- Installing: /home/ohj/mecanum-ros2/install/ydlidar_ros2_driver/share/ydlidar_ros2_driver/config
-- Installing: /home/ohj/mecanum-ros2/install/ydlidar_ros2_driver/share/ydlidar_ros2_driver/config/ydlidar.rviz
-- Installing: /home/ohj/mecanum-ros2/install/ydlidar_ros2_driver/share/ament_index/resource_index/package_run_dependencies/ydlidar_ros2_driver
-- Installing: /home/ohj/mecanum-ros2/install/ydlidar_ros2_driver/share/ament_index/resource_index/parent_prefix_path/ydlidar_ros2_driver
-- Installing: /home/ohj/mecanum-ros2/install/ydlidar_ros2_driver/share/ydlidar_ros2_driver/environment/ament_prefix_path.sh
-- Installing: /home/ohj/mecanum-ros2/install/ydlidar_ros2_driver/share/ydlidar_ros2_driver/environment/ament_prefix_path.dsv
-- Installing: /home/ohj/mecanum-ros2/install/ydlidar_ros2_driver/share/ydlidar_ros2_driver/environment/path.sh
-- Installing: /home/ohj/mecanum-ros2/install/ydlidar_ros2_driver/share/ydlidar_ros2_driver/environment/path.dsv
-- Installing: /home/ohj/mecanum-ros2/install/ydlidar_ros2_driver/share/ydlidar_ros2_driver/local_setup.bash
-- Installing: /home/ohj/mecanum-ros2/install/ydlidar_ros2_driver/share/ydlidar_ros2_driver/local_setup.sh
-- Installing: /home/ohj/mecanum-ros2/install/ydlidar_ros2_driver/share/ydlidar_ros2_driver/local_setup.zsh
-- Installing: /home/ohj/mecanum-ros2/install/ydlidar_ros2_driver/share/ydlidar_ros2_driver/local_setup.dsv
-- Installing: /home/ohj/mecanum-ros2/install/ydlidar_ros2_driver/share/ydlidar_ros2_driver/package.dsv
-- Installing: /home/ohj/mecanum-ros2/install/ydlidar_ros2_driver/share/ament_index/resource_index/packages/ydlidar_ros2_driver
-- Installing: /home/ohj/mecanum-ros2/install/ydlidar_ros2_driver/share/ydlidar_ros2_driver/cmake/ydlidar_ros2_driverConfig.cmake
-- Installing: /home/ohj/mecanum-ros2/install/ydlidar_ros2_driver/share/ydlidar_ros2_driver/cmake/ydlidar_ros2_driverConfig-version.cmake
-- Installing: /home/ohj/mecanum-ros2/install/ydlidar_ros2_driver/share/ydlidar_ros2_driver/package.xml
