/home/ohj/mecanum-ros2/install/tomato_detection/lib/python3.8/site-packages/tomato_detection/tomato_detection_node.py
/home/ohj/mecanum-ros2/install/tomato_detection/lib/python3.8/site-packages/tomato_detection/__init__.py
/home/ohj/mecanum-ros2/install/tomato_detection/lib/python3.8/site-packages/tomato_detection/tomato_detection_node_new.py
/home/ohj/mecanum-ros2/install/tomato_detection/lib/python3.8/site-packages/tomato_detection/tomato_detection_node_new_3.py
/home/ohj/mecanum-ros2/install/tomato_detection/lib/python3.8/site-packages/tomato_detection/tomato_detection_node_new_2.py
/home/ohj/mecanum-ros2/install/tomato_detection/lib/python3.8/site-packages/tomato_detection/__pycache__/tomato_detection_node.cpython-38.pyc
/home/ohj/mecanum-ros2/install/tomato_detection/lib/python3.8/site-packages/tomato_detection/__pycache__/__init__.cpython-38.pyc
/home/ohj/mecanum-ros2/install/tomato_detection/lib/python3.8/site-packages/tomato_detection/__pycache__/tomato_detection_node_new.cpython-38.pyc
/home/ohj/mecanum-ros2/install/tomato_detection/lib/python3.8/site-packages/tomato_detection/__pycache__/tomato_detection_node_new_3.cpython-38.pyc
/home/ohj/mecanum-ros2/install/tomato_detection/lib/python3.8/site-packages/tomato_detection/__pycache__/tomato_detection_node_new_2.cpython-38.pyc
/home/ohj/mecanum-ros2/install/tomato_detection/share/ament_index/resource_index/packages/tomato_detection
/home/ohj/mecanum-ros2/install/tomato_detection/share/tomato_detection/package.xml
/home/ohj/mecanum-ros2/install/tomato_detection/lib/python3.8/site-packages/tomato_detection-0.0.0-py3.8.egg-info/dependency_links.txt
/home/ohj/mecanum-ros2/install/tomato_detection/lib/python3.8/site-packages/tomato_detection-0.0.0-py3.8.egg-info/top_level.txt
/home/ohj/mecanum-ros2/install/tomato_detection/lib/python3.8/site-packages/tomato_detection-0.0.0-py3.8.egg-info/requires.txt
/home/ohj/mecanum-ros2/install/tomato_detection/lib/python3.8/site-packages/tomato_detection-0.0.0-py3.8.egg-info/entry_points.txt
/home/ohj/mecanum-ros2/install/tomato_detection/lib/python3.8/site-packages/tomato_detection-0.0.0-py3.8.egg-info/PKG-INFO
/home/ohj/mecanum-ros2/install/tomato_detection/lib/python3.8/site-packages/tomato_detection-0.0.0-py3.8.egg-info/SOURCES.txt
/home/ohj/mecanum-ros2/install/tomato_detection/lib/python3.8/site-packages/tomato_detection-0.0.0-py3.8.egg-info/zip-safe
/home/ohj/mecanum-ros2/install/tomato_detection/lib/tomato_detection/tomato_detection_node
/home/ohj/mecanum-ros2/install/tomato_detection/lib/tomato_detection/tomato_detection_node_new
/home/ohj/mecanum-ros2/install/tomato_detection/lib/tomato_detection/tomato_detection_node_new_3
