[0.201s] Invoking command in '/home/jetson/mecanum-ros2/build/mecanum_description': CMAKE_PREFIX_PATH=${CMAKE_PREFIX_PATH}:/home/jetson/mecanum-ros2/install/teleop_keyboard:/home/jetson/mecanum-ros2/install/motor_control:/opt/ros/galactic /usr/bin/cmake --build /home/jetson/mecanum-ros2/build/mecanum_description -- -j4 -l4
[2.878s] Invoked command in '/home/jetson/mecanum-ros2/build/mecanum_description' returned '0': CMAKE_PREFIX_PATH=${CMAKE_PREFIX_PATH}:/home/jetson/mecanum-ros2/install/teleop_keyboard:/home/jetson/mecanum-ros2/install/motor_control:/opt/ros/galactic /usr/bin/cmake --build /home/jetson/mecanum-ros2/build/mecanum_description -- -j4 -l4
[2.999s] Invoking command in '/home/jetson/mecanum-ros2/build/mecanum_description': CMAKE_PREFIX_PATH=${CMAKE_PREFIX_PATH}:/home/jetson/mecanum-ros2/install/teleop_keyboard:/home/jetson/mecanum-ros2/install/motor_control:/opt/ros/galactic /usr/bin/cmake --install /home/jetson/mecanum-ros2/build/mecanum_description
[3.034s] -- Install configuration: ""
[3.035s] -- Up-to-date: /home/jetson/mecanum-ros2/install/mecanum_description/share/mecanum_description//launch
[3.035s] -- Up-to-date: /home/jetson/mecanum-ros2/install/mecanum_description/share/mecanum_description//launch/mecanum.launch.py
[3.036s] -- Up-to-date: /home/jetson/mecanum-ros2/install/mecanum_description/share/ament_index/resource_index/package_run_dependencies/mecanum_description
[3.037s] -- Up-to-date: /home/jetson/mecanum-ros2/install/mecanum_description/share/ament_index/resource_index/parent_prefix_path/mecanum_description
[3.037s] -- Up-to-date: /home/jetson/mecanum-ros2/install/mecanum_description/share/mecanum_description/environment/ament_prefix_path.sh
[3.038s] -- Up-to-date: /home/jetson/mecanum-ros2/install/mecanum_description/share/mecanum_description/environment/ament_prefix_path.dsv
[3.039s] -- Up-to-date: /home/jetson/mecanum-ros2/install/mecanum_description/share/mecanum_description/environment/path.sh
[3.039s] -- Up-to-date: /home/jetson/mecanum-ros2/install/mecanum_description/share/mecanum_description/environment/path.dsv
[3.040s] -- Up-to-date: /home/jetson/mecanum-ros2/install/mecanum_description/share/mecanum_description/local_setup.bash
[3.041s] -- Up-to-date: /home/jetson/mecanum-ros2/install/mecanum_description/share/mecanum_description/local_setup.sh
[3.041s] -- Up-to-date: /home/jetson/mecanum-ros2/install/mecanum_description/share/mecanum_description/local_setup.zsh
[3.042s] -- Up-to-date: /home/jetson/mecanum-ros2/install/mecanum_description/share/mecanum_description/local_setup.dsv
[3.043s] -- Installing: /home/jetson/mecanum-ros2/install/mecanum_description/share/mecanum_description/package.dsv
[3.043s] -- Up-to-date: /home/jetson/mecanum-ros2/install/mecanum_description/share/ament_index/resource_index/packages/mecanum_description
[3.044s] -- Up-to-date: /home/jetson/mecanum-ros2/install/mecanum_description/share/mecanum_description/cmake/mecanum_descriptionConfig.cmake
[3.044s] -- Up-to-date: /home/jetson/mecanum-ros2/install/mecanum_description/share/mecanum_description/cmake/mecanum_descriptionConfig-version.cmake
[3.045s] -- Up-to-date: /home/jetson/mecanum-ros2/install/mecanum_description/share/mecanum_description/package.xml
[3.050s] Invoked command in '/home/jetson/mecanum-ros2/build/mecanum_description' returned '0': CMAKE_PREFIX_PATH=${CMAKE_PREFIX_PATH}:/home/jetson/mecanum-ros2/install/teleop_keyboard:/home/jetson/mecanum-ros2/install/motor_control:/opt/ros/galactic /usr/bin/cmake --install /home/jetson/mecanum-ros2/build/mecanum_description
