[0.374s] Invoking command in '/home/jetson/mecanum-ros2/build/stella_ahrs': CMAKE_PREFIX_PATH=${CMAKE_PREFIX_PATH}:/home/jetson/mecanum-ros2/install/teleop_keyboard:/home/jetson/mecanum-ros2/install/motor_control:/home/jetson/mecanum-ros2/install/mobile_description:/home/jetson/mecanum-ros2/install/mecanum_odometry:/opt/ros/galactic /usr/bin/cmake /home/jetson/mecanum-ros2/src/stella_ahrs -DCMAKE_INSTALL_PREFIX=/home/jetson/mecanum-ros2/install/stella_ahrs
[1.927s] -- The C compiler identification is GNU 8.4.0
[3.561s] -- The CXX compiler identification is GNU 8.4.0
[3.726s] -- Check for working C compiler: /usr/bin/cc
[5.665s] -- Check for working C compiler: /usr/bin/cc -- works
[5.707s] -- Detecting C compiler ABI info
[7.726s] -- Detecting C compiler ABI info - done
[7.986s] -- Detecting C compile features
[7.992s] -- Detecting C compile features - done
[8.071s] -- Check for working CXX compiler: /usr/bin/c++
[10.155s] -- Check for working CXX compiler: /usr/bin/c++ -- works
[10.182s] -- Detecting CXX compiler ABI info
[12.374s] -- Detecting CXX compiler ABI info - done
[12.810s] -- Detecting CXX compile features
[12.834s] -- Detecting CXX compile features - done
[12.963s] -- Found ament_cmake: 1.1.6 (/opt/ros/galactic/share/ament_cmake/cmake)
[13.658s] -- Found PythonInterp: /usr/bin/python3 (found suitable version "3.8.10", minimum required is "3") 
[13.666s] -- Using PYTHON_EXECUTABLE: /usr/bin/python3
[16.558s] -- Found rclcpp: 9.2.2 (/opt/ros/galactic/share/rclcpp/cmake)
[18.851s] -- Using all available rosidl_typesupport_c: rosidl_typesupport_fastrtps_c;rosidl_typesupport_introspection_c
[19.153s] -- Found rosidl_adapter: 2.2.3 (/opt/ros/galactic/share/rosidl_adapter/cmake)
[22.285s] -- Found OpenSSL: /usr/lib/aarch64-linux-gnu/libcrypto.so (found version "1.1.1f")  
[23.234s] -- Found FastRTPS: /opt/ros/galactic/include  
[25.516s] -- Using all available rosidl_typesupport_cpp: rosidl_typesupport_fastrtps_cpp;rosidl_typesupport_introspection_cpp
[27.034s] -- Found rmw_implementation_cmake: 3.3.1 (/opt/ros/galactic/share/rmw_implementation_cmake/cmake)
[27.114s] -- Found rmw_cyclonedds_cpp: 0.22.6 (/opt/ros/galactic/share/rmw_cyclonedds_cpp/cmake)
[27.552s] -- Using RMW implementation 'rmw_cyclonedds_cpp' as default
[27.590s] -- Looking for pthread.h
[28.541s] -- Looking for pthread.h - found
[28.546s] -- Performing Test CMAKE_HAVE_LIBC_PTHREAD
[29.486s] -- Performing Test CMAKE_HAVE_LIBC_PTHREAD - Failed
[29.489s] -- Looking for pthread_create in pthreads
[30.267s] -- Looking for pthread_create in pthreads - not found
[30.269s] -- Looking for pthread_create in pthread
[31.196s] -- Looking for pthread_create in pthread - found
[31.217s] -- Found Threads: TRUE  
[34.931s] -- Found sensor_msgs: 2.2.4 (/opt/ros/galactic/share/sensor_msgs/cmake)
[37.499s] -- Found tf2: 0.17.5 (/opt/ros/galactic/share/tf2/cmake)
[37.789s] -- Found tf2_ros: 0.17.5 (/opt/ros/galactic/share/tf2_ros/cmake)
[46.533s] -- Configuring done
[46.732s] -- Generating done
[46.756s] -- Build files have been written to: /home/jetson/mecanum-ros2/build/stella_ahrs
[46.844s] Invoked command in '/home/jetson/mecanum-ros2/build/stella_ahrs' returned '0': CMAKE_PREFIX_PATH=${CMAKE_PREFIX_PATH}:/home/jetson/mecanum-ros2/install/teleop_keyboard:/home/jetson/mecanum-ros2/install/motor_control:/home/jetson/mecanum-ros2/install/mobile_description:/home/jetson/mecanum-ros2/install/mecanum_odometry:/opt/ros/galactic /usr/bin/cmake /home/jetson/mecanum-ros2/src/stella_ahrs -DCMAKE_INSTALL_PREFIX=/home/jetson/mecanum-ros2/install/stella_ahrs
[46.880s] Invoking command in '/home/jetson/mecanum-ros2/build/stella_ahrs': CMAKE_PREFIX_PATH=${CMAKE_PREFIX_PATH}:/home/jetson/mecanum-ros2/install/teleop_keyboard:/home/jetson/mecanum-ros2/install/motor_control:/home/jetson/mecanum-ros2/install/mobile_description:/home/jetson/mecanum-ros2/install/mecanum_odometry:/opt/ros/galactic /usr/bin/cmake --build /home/jetson/mecanum-ros2/build/stella_ahrs -- -j4 -l4
[47.437s] [35m[1mScanning dependencies of target stella_ahrs_node[0m
[48.660s] [ 16%] [32mBuilding CXX object CMakeFiles/stella_ahrs_node.dir/src/listener.cpp.o[0m
[77.725s] [01m[K/home/jetson/mecanum-ros2/src/stella_ahrs/src/listener.cpp:[m[K In function ‘[01m[Kint main(int, char**)[m[K’:
[77.726s] [01m[K/home/jetson/mecanum-ros2/src/stella_ahrs/src/listener.cpp:7:18:[m[K [01;35m[Kwarning: [m[KISO C++ forbids converting a string constant to ‘[01m[Kchar*[m[K’ [[01;35m[K-Wwrite-strings[m[K]
[77.729s]      char *port = [01;35m[K"/dev/ttyUSB1"[m[K;
[77.730s]                   [01;35m[K^~~~~~~~~~~~~~[m[K
[83.050s] In file included from [01m[K/home/jetson/mecanum-ros2/src/stella_ahrs/src/listener.cpp:1[m[K:
[83.052s] [01m[K/home/jetson/mecanum-ros2/src/stella_ahrs/include/mw/mw_ahrs.hpp:[m[K At global scope:
[83.053s] [01m[K/home/jetson/mecanum-ros2/src/stella_ahrs/include/mw/mw_ahrs.hpp:41:13:[m[K [01;35m[Kwarning: [m[K‘[01m[Krun_bool[m[K’ defined but not used [[01;35m[K-Wunused-variable[m[K]
[83.055s]  static bool [01;35m[Krun_bool[m[K = false;
[83.058s]              [01;35m[K^~~~~~~~[m[K
[83.059s] [01m[K/home/jetson/mecanum-ros2/src/stella_ahrs/include/mw/mw_ahrs.hpp:38:14:[m[K [01;35m[Kwarning: [m[K‘[01m[Kmag_value[m[K’ defined but not used [[01;35m[K-Wunused-variable[m[K]
[83.061s]               [01;35m[Kmag_value[m[K[3] = {
[83.063s]               [01;35m[K^~~~~~~~~[m[K
[83.065s] [01m[K/home/jetson/mecanum-ros2/src/stella_ahrs/include/mw/mw_ahrs.hpp:35:14:[m[K [01;35m[Kwarning: [m[K‘[01m[Kdeg_value[m[K’ defined but not used [[01;35m[K-Wunused-variable[m[K]
[83.068s]               [01;35m[Kdeg_value[m[K[3] = {
[83.069s]               [01;35m[K^~~~~~~~~[m[K
[83.071s] [01m[K/home/jetson/mecanum-ros2/src/stella_ahrs/include/mw/mw_ahrs.hpp:32:14:[m[K [01;35m[Kwarning: [m[K‘[01m[Kgyr_value[m[K’ defined but not used [[01;35m[K-Wunused-variable[m[K]
[83.077s]               [01;35m[Kgyr_value[m[K[3] = {
[83.079s]               [01;35m[K^~~~~~~~~[m[K
[83.082s] [01m[K/home/jetson/mecanum-ros2/src/stella_ahrs/include/mw/mw_ahrs.hpp:29:14:[m[K [01;35m[Kwarning: [m[K‘[01m[Kacc_value[m[K’ defined but not used [[01;35m[K-Wunused-variable[m[K]
[83.086s]  static float [01;35m[Kacc_value[m[K[3] = {
[83.089s]               [01;35m[K^~~~~~~~~[m[K
[84.321s] [ 33%] [32mBuilding CXX object CMakeFiles/stella_ahrs_node.dir/serial/unix.cc.o[0m
[91.965s] [ 50%] [32mBuilding CXX object CMakeFiles/stella_ahrs_node.dir/mw/mw_ahrs.cpp.o[0m
[119.078s] [01m[K/home/jetson/mecanum-ros2/src/stella_ahrs/mw/mw_ahrs.cpp:[m[K In static member function ‘[01m[Kstatic void* ntrex::MwAhrsRosDriver::MwAhrsRead(void*)[m[K’:
[119.082s] [01m[K/home/jetson/mecanum-ros2/src/stella_ahrs/mw/mw_ahrs.cpp:48:3:[m[K [01;35m[Kwarning: [m[Kno return statement in function returning non-void [[01;35m[K-Wreturn-type[m[K]
[119.084s]    [01;35m[K}[m[K
[119.086s]    [01;35m[K^[m[K
[119.088s] [01m[K/home/jetson/mecanum-ros2/src/stella_ahrs/mw/mw_ahrs.cpp:12:43:[m[K [01;35m[Kwarning: [m[Kunused parameter ‘[01m[Karg[m[K’ [[01;35m[K-Wunused-parameter[m[K]
[119.089s]    void *MwAhrsRosDriver::MwAhrsRead([01;35m[Kvoid *arg[m[K)
[119.100s]                                      [01;35m[K~~~~~~^~~[m[K
[119.102s] [01m[K/home/jetson/mecanum-ros2/src/stella_ahrs/mw/mw_ahrs.cpp:[m[K In constructor ‘[01m[Kntrex::MwAhrsRosDriver::MwAhrsRosDriver(char*, int, int)[m[K’:
[119.104s] [01m[K/home/jetson/mecanum-ros2/src/stella_ahrs/mw/mw_ahrs.cpp:53:57:[m[K [01;35m[Kwarning: [m[K‘[01m[Kconst rclcpp::ParameterValue& rclcpp::Node::declare_parameter(const string&)[m[K’ is deprecated: declare_parameter() with only a name is deprecated and will be deleted in the future.
[119.106s] If you want to declare a parameter that won't change type without a default value use:
[119.108s] `node->declare_parameter<ParameterT>(name)`, where e.g. ParameterT=int64_t.
[119.117s] 
[119.130s] If you want to declare a parameter that can dynamically change type use:
[119.132s] ```
[119.134s] rcl_interfaces::msg::ParameterDescriptor descriptor;
[119.136s] descriptor.dynamic_typing = true;
[119.138s] node->declare_parameter(name, rclcpp::ParameterValue{}, descriptor);
[119.140s] ``` [[01;35m[K-Wdeprecated-declarations[m[K]
[119.142s]      this->declare_parameter("linear_acceleration_stddev"[01;35m[K)[m[K;
[119.143s]                                                          [01;35m[K^[m[K
[119.149s] In file included from [01m[K/opt/ros/galactic/include/rclcpp/executors/single_threaded_executor.hpp:28[m[K,
[119.151s]                  from [01m[K/opt/ros/galactic/include/rclcpp/executors.hpp:22[m[K,
[119.153s]                  from [01m[K/opt/ros/galactic/include/rclcpp/rclcpp.hpp:156[m[K,
[119.155s]                  from [01m[K/opt/ros/galactic/include/tf2_ros/transform_broadcaster.h:38[m[K,
[119.156s]                  from [01m[K/home/jetson/mecanum-ros2/src/stella_ahrs/include/mw/mw_ahrs.hpp:5[m[K,
[119.158s]                  from [01m[K/home/jetson/mecanum-ros2/src/stella_ahrs/mw/mw_ahrs.cpp:1[m[K:
[119.159s] [01m[K/opt/ros/galactic/include/rclcpp/node.hpp:422:3:[m[K [01;36m[Knote: [m[Kdeclared here
[119.161s]    [01;36m[Kdeclare_parameter[m[K(const std::string & name);
[119.163s]    [01;36m[K^~~~~~~~~~~~~~~~~[m[K
[119.164s] [01m[K/home/jetson/mecanum-ros2/src/stella_ahrs/mw/mw_ahrs.cpp:54:54:[m[K [01;35m[Kwarning: [m[K‘[01m[Kconst rclcpp::ParameterValue& rclcpp::Node::declare_parameter(const string&)[m[K’ is deprecated: declare_parameter() with only a name is deprecated and will be deleted in the future.
[119.166s] If you want to declare a parameter that won't change type without a default value use:
[119.167s] `node->declare_parameter<ParameterT>(name)`, where e.g. ParameterT=int64_t.
[119.169s] 
[119.171s] If you want to declare a parameter that can dynamically change type use:
[119.173s] ```
[119.174s] rcl_interfaces::msg::ParameterDescriptor descriptor;
[119.176s] descriptor.dynamic_typing = true;
[119.178s] node->declare_parameter(name, rclcpp::ParameterValue{}, descriptor);
[119.179s] ``` [[01;35m[K-Wdeprecated-declarations[m[K]
[119.183s]      this->declare_parameter("angular_velocity_stddev"[01;35m[K)[m[K;
[119.184s]                                                       [01;35m[K^[m[K
[119.186s] In file included from [01m[K/opt/ros/galactic/include/rclcpp/executors/single_threaded_executor.hpp:28[m[K,
[119.188s]                  from [01m[K/opt/ros/galactic/include/rclcpp/executors.hpp:22[m[K,
[119.190s]                  from [01m[K/opt/ros/galactic/include/rclcpp/rclcpp.hpp:156[m[K,
[119.191s]                  from [01m[K/opt/ros/galactic/include/tf2_ros/transform_broadcaster.h:38[m[K,
[119.194s]                  from [01m[K/home/jetson/mecanum-ros2/src/stella_ahrs/include/mw/mw_ahrs.hpp:5[m[K,
[119.196s]                  from [01m[K/home/jetson/mecanum-ros2/src/stella_ahrs/mw/mw_ahrs.cpp:1[m[K:
[119.198s] [01m[K/opt/ros/galactic/include/rclcpp/node.hpp:422:3:[m[K [01;36m[Knote: [m[Kdeclared here
[119.199s]    [01;36m[Kdeclare_parameter[m[K(const std::string & name);
[119.201s]    [01;36m[K^~~~~~~~~~~~~~~~~[m[K
[119.202s] [01m[K/home/jetson/mecanum-ros2/src/stella_ahrs/mw/mw_ahrs.cpp:55:52:[m[K [01;35m[Kwarning: [m[K‘[01m[Kconst rclcpp::ParameterValue& rclcpp::Node::declare_parameter(const string&)[m[K’ is deprecated: declare_parameter() with only a name is deprecated and will be deleted in the future.
[119.204s] If you want to declare a parameter that won't change type without a default value use:
[119.206s] `node->declare_parameter<ParameterT>(name)`, where e.g. ParameterT=int64_t.
[119.207s] 
[119.215s] If you want to declare a parameter that can dynamically change type use:
[119.229s] ```
[119.230s] rcl_interfaces::msg::ParameterDescriptor descriptor;
[119.232s] descriptor.dynamic_typing = true;
[119.233s] node->declare_parameter(name, rclcpp::ParameterValue{}, descriptor);
[119.235s] ``` [[01;35m[K-Wdeprecated-declarations[m[K]
[119.237s]      this->declare_parameter("magnetic_field_stddev"[01;35m[K)[m[K;
[119.239s]                                                     [01;35m[K^[m[K
[119.241s] In file included from [01m[K/opt/ros/galactic/include/rclcpp/executors/single_threaded_executor.hpp:28[m[K,
[119.242s]                  from [01m[K/opt/ros/galactic/include/rclcpp/executors.hpp:22[m[K,
[119.244s]                  from [01m[K/opt/ros/galactic/include/rclcpp/rclcpp.hpp:156[m[K,
[119.245s]                  from [01m[K/opt/ros/galactic/include/tf2_ros/transform_broadcaster.h:38[m[K,
[119.247s]                  from [01m[K/home/jetson/mecanum-ros2/src/stella_ahrs/include/mw/mw_ahrs.hpp:5[m[K,
[119.248s]                  from [01m[K/home/jetson/mecanum-ros2/src/stella_ahrs/mw/mw_ahrs.cpp:1[m[K:
[119.250s] [01m[K/opt/ros/galactic/include/rclcpp/node.hpp:422:3:[m[K [01;36m[Knote: [m[Kdeclared here
[119.252s]    [01;36m[Kdeclare_parameter[m[K(const std::string & name);
[119.253s]    [01;36m[K^~~~~~~~~~~~~~~~~[m[K
[119.255s] [01m[K/home/jetson/mecanum-ros2/src/stella_ahrs/mw/mw_ahrs.cpp:56:49:[m[K [01;35m[Kwarning: [m[K‘[01m[Kconst rclcpp::ParameterValue& rclcpp::Node::declare_parameter(const string&)[m[K’ is deprecated: declare_parameter() with only a name is deprecated and will be deleted in the future.
[119.257s] If you want to declare a parameter that won't change type without a default value use:
[119.258s] `node->declare_parameter<ParameterT>(name)`, where e.g. ParameterT=int64_t.
[119.260s] 
[119.261s] If you want to declare a parameter that can dynamically change type use:
[119.263s] ```
[119.264s] rcl_interfaces::msg::ParameterDescriptor descriptor;
[119.266s] descriptor.dynamic_typing = true;
[119.268s] node->declare_parameter(name, rclcpp::ParameterValue{}, descriptor);
[119.269s] ``` [[01;35m[K-Wdeprecated-declarations[m[K]
[119.271s]      this->declare_parameter("orientation_stddev"[01;35m[K)[m[K;
[119.272s]                                                  [01;35m[K^[m[K
[119.274s] In file included from [01m[K/opt/ros/galactic/include/rclcpp/executors/single_threaded_executor.hpp:28[m[K,
[119.275s]                  from [01m[K/opt/ros/galactic/include/rclcpp/executors.hpp:22[m[K,
[119.277s]                  from [01m[K/opt/ros/galactic/include/rclcpp/rclcpp.hpp:156[m[K,
[119.279s]                  from [01m[K/opt/ros/galactic/include/tf2_ros/transform_broadcaster.h:38[m[K,
[119.280s]                  from [01m[K/home/jetson/mecanum-ros2/src/stella_ahrs/include/mw/mw_ahrs.hpp:5[m[K,
[119.284s]                  from [01m[K/home/jetson/mecanum-ros2/src/stella_ahrs/mw/mw_ahrs.cpp:1[m[K:
[119.285s] [01m[K/opt/ros/galactic/include/rclcpp/node.hpp:422:3:[m[K [01;36m[Knote: [m[Kdeclared here
[119.287s]    [01;36m[Kdeclare_parameter[m[K(const std::string & name);
[119.288s]    [01;36m[K^~~~~~~~~~~~~~~~~[m[K
[157.295s] [ 66%] [32mBuilding CXX object CMakeFiles/stella_ahrs_node.dir/serial/serial.cc.o[0m
[168.237s] [ 83%] [32mBuilding CXX object CMakeFiles/stella_ahrs_node.dir/serial/list_ports_linux.cc.o[0m
[172.294s] [01m[K/home/jetson/mecanum-ros2/src/stella_ahrs/serial/list_ports_linux.cc:[m[K In function ‘[01m[Kstd::vector<std::__cxx11::basic_string<char> > glob(const std::vector<std::__cxx11::basic_string<char> >&)[m[K’:
[172.301s] [01m[K/home/jetson/mecanum-ros2/src/stella_ahrs/serial/list_ports_linux.cc:66:40:[m[K [01;35m[Kwarning: [m[Kcomparison of integer expressions of different signedness: ‘[01m[Kint[m[K’ and ‘[01m[Ksize_t[m[K’ {aka ‘[01m[Klong unsigned int[m[K’} [[01;35m[K-Wsign-compare[m[K]
[172.304s]      for(int path_index = 0; [01;35m[Kpath_index < glob_results.gl_pathc[m[K; path_index++)
[172.306s]                              [01;35m[K~~~~~~~~~~~^~~~~~~~~~~~~~~~~~~~~~~[m[K
[172.308s] [01m[K/home/jetson/mecanum-ros2/src/stella_ahrs/serial/list_ports_linux.cc:57:9:[m[K [01;35m[Kwarning: [m[Kvariable ‘[01m[Kglob_retval[m[K’ set but not used [[01;35m[K-Wunused-but-set-variable[m[K]
[172.310s]      int [01;35m[Kglob_retval[m[K = glob(patterns[0].c_str(), 0, NULL, &glob_results);
[172.311s]          [01;35m[K^~~~~~~~~~~[m[K
[172.394s] [01m[K/home/jetson/mecanum-ros2/src/stella_ahrs/serial/list_ports_linux.cc:[m[K In function ‘[01m[Kstd::__cxx11::string format(const char*, ...)[m[K’:
[172.395s] [01m[K/home/jetson/mecanum-ros2/src/stella_ahrs/serial/list_ports_linux.cc:246:31:[m[K [01;35m[Kwarning: [m[Kcomparison of integer expressions of different signedness: ‘[01m[Kint[m[K’ and ‘[01m[Ksize_t[m[K’ {aka ‘[01m[Klong unsigned int[m[K’} [[01;35m[K-Wsign-compare[m[K]
[172.397s]          else if( [01;35m[Kreturn_value >= buffer_size_bytes[m[K )
[172.405s]                   [01;35m[K~~~~~~~~~~~~~^~~~~~~~~~~~~~~~~~~~[m[K
[175.749s] [100%] [32m[1mLinking CXX executable stella_ahrs_node[0m
[176.286s] /usr/bin/ld: /home/jetson/mecanum-ros2/src/stella_ahrs/lib/MW_AHRS_amd64.a(MW_serial.o): Relocations in generic ELF (EM: 62)
[176.289s] /usr/bin/ld: /home/jetson/mecanum-ros2/src/stella_ahrs/lib/MW_AHRS_amd64.a(MW_serial.o): Relocations in generic ELF (EM: 62)
[176.290s] /usr/bin/ld: /home/jetson/mecanum-ros2/src/stella_ahrs/lib/MW_AHRS_amd64.a(MW_serial.o): Relocations in generic ELF (EM: 62)
[176.292s] /usr/bin/ld: /home/jetson/mecanum-ros2/src/stella_ahrs/lib/MW_AHRS_amd64.a(MW_serial.o): Relocations in generic ELF (EM: 62)
[176.293s] /usr/bin/ld: /home/jetson/mecanum-ros2/src/stella_ahrs/lib/MW_AHRS_amd64.a(MW_serial.o): Relocations in generic ELF (EM: 62)
[176.295s] /usr/bin/ld: /home/jetson/mecanum-ros2/src/stella_ahrs/lib/MW_AHRS_amd64.a(MW_serial.o): Relocations in generic ELF (EM: 62)
[176.322s] /usr/bin/ld: /home/jetson/mecanum-ros2/src/stella_ahrs/lib/MW_AHRS_amd64.a(MW_serial.o): Relocations in generic ELF (EM: 62)
[176.324s] /usr/bin/ld: /home/jetson/mecanum-ros2/src/stella_ahrs/lib/MW_AHRS_amd64.a(MW_serial.o): Relocations in generic ELF (EM: 62)
[176.326s] /usr/bin/ld: /home/jetson/mecanum-ros2/src/stella_ahrs/lib/MW_AHRS_amd64.a(MW_serial.o): Relocations in generic ELF (EM: 62)
[176.327s] /usr/bin/ld: /home/jetson/mecanum-ros2/src/stella_ahrs/lib/MW_AHRS_amd64.a: error adding symbols: file in wrong format
[176.338s] collect2: error: ld returned 1 exit status
[176.341s] make[2]: *** [CMakeFiles/stella_ahrs_node.dir/build.make:232: stella_ahrs_node] Error 1
[176.365s] make[1]: *** [CMakeFiles/Makefile2:78: CMakeFiles/stella_ahrs_node.dir/all] Error 2
[176.379s] make: *** [Makefile:141: all] Error 2
[176.383s] Invoked command in '/home/jetson/mecanum-ros2/build/stella_ahrs' returned '2': CMAKE_PREFIX_PATH=${CMAKE_PREFIX_PATH}:/home/jetson/mecanum-ros2/install/teleop_keyboard:/home/jetson/mecanum-ros2/install/motor_control:/home/jetson/mecanum-ros2/install/mobile_description:/home/jetson/mecanum-ros2/install/mecanum_odometry:/opt/ros/galactic /usr/bin/cmake --build /home/jetson/mecanum-ros2/build/stella_ahrs -- -j4 -l4
