[7.038s] Invoking command in '/home/jetson/mecanum-ros2/src/mobile_description': PYTHONPATH=/home/jetson/mecanum-ros2/build/mobile_description/prefix_override:/home/jetson/mecanum-ros2/install/mobile_description/lib/python3.8/site-packages:${PYTHONPATH} /usr/bin/python3 setup.py egg_info --egg-base ../../build/mobile_description build --build-base /home/jetson/mecanum-ros2/build/mobile_description/build install --record /home/jetson/mecanum-ros2/build/mobile_description/install.log --single-version-externally-managed
[8.437s] running egg_info
[8.440s] writing ../../build/mobile_description/mobile_description.egg-info/PKG-INFO
[8.441s] writing dependency_links to ../../build/mobile_description/mobile_description.egg-info/dependency_links.txt
[8.442s] writing entry points to ../../build/mobile_description/mobile_description.egg-info/entry_points.txt
[8.443s] writing requirements to ../../build/mobile_description/mobile_description.egg-info/requires.txt
[8.444s] writing top-level names to ../../build/mobile_description/mobile_description.egg-info/top_level.txt
[8.461s] reading manifest file '../../build/mobile_description/mobile_description.egg-info/SOURCES.txt'
[8.468s] writing manifest file '../../build/mobile_description/mobile_description.egg-info/SOURCES.txt'
[8.469s] running build
[8.469s] running build_py
[8.471s] running install
[8.480s] running install_lib
[8.481s] running install_data
[8.487s] running install_egg_info
[8.495s] removing '/home/jetson/mecanum-ros2/install/mobile_description/lib/python3.8/site-packages/mobile_description-0.0.0-py3.8.egg-info' (and everything under it)
[8.498s] Copying ../../build/mobile_description/mobile_description.egg-info to /home/jetson/mecanum-ros2/install/mobile_description/lib/python3.8/site-packages/mobile_description-0.0.0-py3.8.egg-info
[8.502s] running install_scripts
[8.591s] writing list of installed files to '/home/jetson/mecanum-ros2/build/mobile_description/install.log'
[8.888s] Invoked command in '/home/jetson/mecanum-ros2/src/mobile_description' returned '0': PYTHONPATH=/home/jetson/mecanum-ros2/build/mobile_description/prefix_override:/home/jetson/mecanum-ros2/install/mobile_description/lib/python3.8/site-packages:${PYTHONPATH} /usr/bin/python3 setup.py egg_info --egg-base ../../build/mobile_description build --build-base /home/jetson/mecanum-ros2/build/mobile_description/build install --record /home/jetson/mecanum-ros2/build/mobile_description/install.log --single-version-externally-managed
