/home/ohj/mecanum-ros2/install/manipulator/lib/python3.8/site-packages/manipulator/test.py
/home/ohj/mecanum-ros2/install/manipulator/lib/python3.8/site-packages/manipulator/manipulator_move.py
/home/ohj/mecanum-ros2/install/manipulator/lib/python3.8/site-packages/manipulator/manipulator_pose_get.py
/home/ohj/mecanum-ros2/install/manipulator/lib/python3.8/site-packages/manipulator/__init__.py
/home/ohj/mecanum-ros2/install/manipulator/lib/python3.8/site-packages/manipulator/__pycache__/test.cpython-38.pyc
/home/ohj/mecanum-ros2/install/manipulator/lib/python3.8/site-packages/manipulator/__pycache__/manipulator_move.cpython-38.pyc
/home/ohj/mecanum-ros2/install/manipulator/lib/python3.8/site-packages/manipulator/__pycache__/manipulator_pose_get.cpython-38.pyc
/home/ohj/mecanum-ros2/install/manipulator/lib/python3.8/site-packages/manipulator/__pycache__/__init__.cpython-38.pyc
/home/ohj/mecanum-ros2/install/manipulator/share/ament_index/resource_index/packages/manipulator
/home/ohj/mecanum-ros2/install/manipulator/share/manipulator/package.xml
/home/ohj/mecanum-ros2/install/manipulator/share/manipulator/launch
/home/ohj/mecanum-ros2/install/manipulator/share/manipulator/param
/home/ohj/mecanum-ros2/install/manipulator/lib/python3.8/site-packages/manipulator-0.0.0-py3.8.egg-info/dependency_links.txt
/home/ohj/mecanum-ros2/install/manipulator/lib/python3.8/site-packages/manipulator-0.0.0-py3.8.egg-info/top_level.txt
/home/ohj/mecanum-ros2/install/manipulator/lib/python3.8/site-packages/manipulator-0.0.0-py3.8.egg-info/requires.txt
/home/ohj/mecanum-ros2/install/manipulator/lib/python3.8/site-packages/manipulator-0.0.0-py3.8.egg-info/entry_points.txt
/home/ohj/mecanum-ros2/install/manipulator/lib/python3.8/site-packages/manipulator-0.0.0-py3.8.egg-info/PKG-INFO
/home/ohj/mecanum-ros2/install/manipulator/lib/python3.8/site-packages/manipulator-0.0.0-py3.8.egg-info/SOURCES.txt
/home/ohj/mecanum-ros2/install/manipulator/lib/python3.8/site-packages/manipulator-0.0.0-py3.8.egg-info/zip-safe
/home/ohj/mecanum-ros2/install/manipulator/lib/manipulator/manipulator_move
/home/ohj/mecanum-ros2/install/manipulator/lib/manipulator/manipulator_pose_get
