running egg_info
creating ../../build/motor_control/motor_control.egg-info
writing ../../build/motor_control/motor_control.egg-info/PKG-INFO
writing dependency_links to ../../build/motor_control/motor_control.egg-info/dependency_links.txt
writing entry points to ../../build/motor_control/motor_control.egg-info/entry_points.txt
writing requirements to ../../build/motor_control/motor_control.egg-info/requires.txt
writing top-level names to ../../build/motor_control/motor_control.egg-info/top_level.txt
writing manifest file '../../build/motor_control/motor_control.egg-info/SOURCES.txt'
reading manifest file '../../build/motor_control/motor_control.egg-info/SOURCES.txt'
writing manifest file '../../build/motor_control/motor_control.egg-info/SOURCES.txt'
running build
running build_py
creating /home/jetson/mecanum-ros2/build/motor_control/build
creating /home/jetson/mecanum-ros2/build/motor_control/build/lib
creating /home/jetson/mecanum-ros2/build/motor_control/build/lib/motor_control
copying motor_control/__init__.py -> /home/jetson/mecanum-ros2/build/motor_control/build/lib/motor_control
copying motor_control/motor_control.py -> /home/jetson/mecanum-ros2/build/motor_control/build/lib/motor_control
running install
running install_lib
creating /home/jetson/mecanum-ros2/install/motor_control/lib/python3.8/site-packages/motor_control
copying /home/jetson/mecanum-ros2/build/motor_control/build/lib/motor_control/__init__.py -> /home/jetson/mecanum-ros2/install/motor_control/lib/python3.8/site-packages/motor_control
copying /home/jetson/mecanum-ros2/build/motor_control/build/lib/motor_control/motor_control.py -> /home/jetson/mecanum-ros2/install/motor_control/lib/python3.8/site-packages/motor_control
byte-compiling /home/jetson/mecanum-ros2/install/motor_control/lib/python3.8/site-packages/motor_control/__init__.py to __init__.cpython-38.pyc
byte-compiling /home/jetson/mecanum-ros2/install/motor_control/lib/python3.8/site-packages/motor_control/motor_control.py to motor_control.cpython-38.pyc
running install_data
creating /home/jetson/mecanum-ros2/install/motor_control/share/ament_index
creating /home/jetson/mecanum-ros2/install/motor_control/share/ament_index/resource_index
creating /home/jetson/mecanum-ros2/install/motor_control/share/ament_index/resource_index/packages
copying resource/motor_control -> /home/jetson/mecanum-ros2/install/motor_control/share/ament_index/resource_index/packages
copying package.xml -> /home/jetson/mecanum-ros2/install/motor_control/share/motor_control
creating /home/jetson/mecanum-ros2/install/motor_control/share/motor_control/launch
copying launch/motor_control.launch.py -> /home/jetson/mecanum-ros2/install/motor_control/share/motor_control/launch
creating /home/jetson/mecanum-ros2/install/motor_control/share/motor_control/param
copying param/motor_config.yaml -> /home/jetson/mecanum-ros2/install/motor_control/share/motor_control/param
running install_egg_info
Copying ../../build/motor_control/motor_control.egg-info to /home/jetson/mecanum-ros2/install/motor_control/lib/python3.8/site-packages/motor_control-0.0.0-py3.8.egg-info
running install_scripts
Installing motor_control script to /home/jetson/mecanum-ros2/install/motor_control/lib/motor_control
writing list of installed files to '/home/jetson/mecanum-ros2/build/motor_control/install.log'
