[5.501s] Invoking command in '/home/jetson/mecanum-ros2/src/motor_control': PYTHONPATH=/home/jetson/mecanum-ros2/build/motor_control/prefix_override:/home/jetson/mecanum-ros2/install/motor_control/lib/python3.8/site-packages:${PYTHONPATH} /usr/bin/python3 setup.py egg_info --egg-base ../../build/motor_control build --build-base /home/jetson/mecanum-ros2/build/motor_control/build install --record /home/jetson/mecanum-ros2/build/motor_control/install.log --single-version-externally-managed
[6.832s] running egg_info
[6.836s] creating ../../build/motor_control/motor_control.egg-info
[6.836s] writing ../../build/motor_control/motor_control.egg-info/PKG-INFO
[6.837s] writing dependency_links to ../../build/motor_control/motor_control.egg-info/dependency_links.txt
[6.838s] writing entry points to ../../build/motor_control/motor_control.egg-info/entry_points.txt
[6.839s] writing requirements to ../../build/motor_control/motor_control.egg-info/requires.txt
[6.840s] writing top-level names to ../../build/motor_control/motor_control.egg-info/top_level.txt
[6.844s] writing manifest file '../../build/motor_control/motor_control.egg-info/SOURCES.txt'
[6.851s] reading manifest file '../../build/motor_control/motor_control.egg-info/SOURCES.txt'
[6.855s] writing manifest file '../../build/motor_control/motor_control.egg-info/SOURCES.txt'
[6.856s] running build
[6.856s] running build_py
[6.857s] creating /home/jetson/mecanum-ros2/build/motor_control/build
[6.857s] creating /home/jetson/mecanum-ros2/build/motor_control/build/lib
[6.858s] creating /home/jetson/mecanum-ros2/build/motor_control/build/lib/motor_control
[6.858s] copying motor_control/__init__.py -> /home/jetson/mecanum-ros2/build/motor_control/build/lib/motor_control
[6.859s] copying motor_control/motor_control.py -> /home/jetson/mecanum-ros2/build/motor_control/build/lib/motor_control
[6.859s] running install
[6.861s] running install_lib
[6.865s] creating /home/jetson/mecanum-ros2/install/motor_control/lib/python3.8/site-packages/motor_control
[6.865s] copying /home/jetson/mecanum-ros2/build/motor_control/build/lib/motor_control/__init__.py -> /home/jetson/mecanum-ros2/install/motor_control/lib/python3.8/site-packages/motor_control
[6.866s] copying /home/jetson/mecanum-ros2/build/motor_control/build/lib/motor_control/motor_control.py -> /home/jetson/mecanum-ros2/install/motor_control/lib/python3.8/site-packages/motor_control
[6.867s] byte-compiling /home/jetson/mecanum-ros2/install/motor_control/lib/python3.8/site-packages/motor_control/__init__.py to __init__.cpython-38.pyc
[6.869s] byte-compiling /home/jetson/mecanum-ros2/install/motor_control/lib/python3.8/site-packages/motor_control/motor_control.py to motor_control.cpython-38.pyc
[6.872s] running install_data
[6.874s] creating /home/jetson/mecanum-ros2/install/motor_control/share/ament_index
[6.875s] creating /home/jetson/mecanum-ros2/install/motor_control/share/ament_index/resource_index
[6.876s] creating /home/jetson/mecanum-ros2/install/motor_control/share/ament_index/resource_index/packages
[6.876s] copying resource/motor_control -> /home/jetson/mecanum-ros2/install/motor_control/share/ament_index/resource_index/packages
[6.876s] copying package.xml -> /home/jetson/mecanum-ros2/install/motor_control/share/motor_control
[6.877s] creating /home/jetson/mecanum-ros2/install/motor_control/share/motor_control/launch
[6.877s] copying launch/motor_control.launch.py -> /home/jetson/mecanum-ros2/install/motor_control/share/motor_control/launch
[6.878s] creating /home/jetson/mecanum-ros2/install/motor_control/share/motor_control/param
[6.878s] copying param/motor_config.yaml -> /home/jetson/mecanum-ros2/install/motor_control/share/motor_control/param
[6.879s] running install_egg_info
[6.883s] Copying ../../build/motor_control/motor_control.egg-info to /home/jetson/mecanum-ros2/install/motor_control/lib/python3.8/site-packages/motor_control-0.0.0-py3.8.egg-info
[6.887s] running install_scripts
[6.969s] Installing motor_control script to /home/jetson/mecanum-ros2/install/motor_control/lib/motor_control
[6.970s] writing list of installed files to '/home/jetson/mecanum-ros2/build/motor_control/install.log'
[7.110s] Invoked command in '/home/jetson/mecanum-ros2/src/motor_control' returned '0': PYTHONPATH=/home/jetson/mecanum-ros2/build/motor_control/prefix_override:/home/jetson/mecanum-ros2/install/motor_control/lib/python3.8/site-packages:${PYTHONPATH} /usr/bin/python3 setup.py egg_info --egg-base ../../build/motor_control build --build-base /home/jetson/mecanum-ros2/build/motor_control/build install --record /home/jetson/mecanum-ros2/build/motor_control/install.log --single-version-externally-managed
