[1.184s] Invoking command in '/home/ohj/mecanum-ros2/src/mobile_description': PYTHONPATH=/home/ohj/mecanum-ros2/build/mobile_description/prefix_override:/home/ohj/mecanum-ros2/install/mobile_description/lib/python3.8/site-packages:${PYTHONPATH} /usr/bin/python3 setup.py egg_info --egg-base ../../build/mobile_description build --build-base /home/ohj/mecanum-ros2/build/mobile_description/build install --record /home/ohj/mecanum-ros2/build/mobile_description/install.log --single-version-externally-managed
[1.408s] running egg_info
[1.408s] creating ../../build/mobile_description/mobile_description.egg-info
[1.408s] writing ../../build/mobile_description/mobile_description.egg-info/PKG-INFO
[1.409s] writing dependency_links to ../../build/mobile_description/mobile_description.egg-info/dependency_links.txt
[1.409s] writing entry points to ../../build/mobile_description/mobile_description.egg-info/entry_points.txt
[1.409s] writing requirements to ../../build/mobile_description/mobile_description.egg-info/requires.txt
[1.409s] writing top-level names to ../../build/mobile_description/mobile_description.egg-info/top_level.txt
[1.409s] writing manifest file '../../build/mobile_description/mobile_description.egg-info/SOURCES.txt'
[1.432s] reading manifest file '../../build/mobile_description/mobile_description.egg-info/SOURCES.txt'
[1.433s] writing manifest file '../../build/mobile_description/mobile_description.egg-info/SOURCES.txt'
[1.433s] running build
[1.433s] running build_py
[1.433s] creating /home/ohj/mecanum-ros2/build/mobile_description/build
[1.433s] creating /home/ohj/mecanum-ros2/build/mobile_description/build/lib
[1.434s] creating /home/ohj/mecanum-ros2/build/mobile_description/build/lib/mobile_description
[1.434s] copying mobile_description/__init__.py -> /home/ohj/mecanum-ros2/build/mobile_description/build/lib/mobile_description
[1.434s] running install
[1.434s] running install_lib
[1.435s] creating /home/ohj/mecanum-ros2/install/mobile_description/lib/python3.8/site-packages/mobile_description
[1.435s] copying /home/ohj/mecanum-ros2/build/mobile_description/build/lib/mobile_description/__init__.py -> /home/ohj/mecanum-ros2/install/mobile_description/lib/python3.8/site-packages/mobile_description
[1.435s] byte-compiling /home/ohj/mecanum-ros2/install/mobile_description/lib/python3.8/site-packages/mobile_description/__init__.py to __init__.cpython-38.pyc
[1.436s] running install_data
[1.437s] creating /home/ohj/mecanum-ros2/install/mobile_description/share/ament_index
[1.437s] creating /home/ohj/mecanum-ros2/install/mobile_description/share/ament_index/resource_index
[1.437s] creating /home/ohj/mecanum-ros2/install/mobile_description/share/ament_index/resource_index/packages
[1.437s] copying resource/mobile_description -> /home/ohj/mecanum-ros2/install/mobile_description/share/ament_index/resource_index/packages
[1.437s] copying package.xml -> /home/ohj/mecanum-ros2/install/mobile_description/share/mobile_description
[1.437s] creating /home/ohj/mecanum-ros2/install/mobile_description/share/mobile_description/launch
[1.437s] copying launch/gazebo.launch.py -> /home/ohj/mecanum-ros2/install/mobile_description/share/mobile_description/launch
[1.437s] copying launch/display.launch.py -> /home/ohj/mecanum-ros2/install/mobile_description/share/mobile_description/launch
[1.437s] creating /home/ohj/mecanum-ros2/install/mobile_description/share/mobile_description/urdf
[1.437s] copying urdf/mobile.xacro -> /home/ohj/mecanum-ros2/install/mobile_description/share/mobile_description/urdf
[1.438s] copying urdf/materials.xacro -> /home/ohj/mecanum-ros2/install/mobile_description/share/mobile_description/urdf
[1.438s] copying urdf/mobile.gazebo -> /home/ohj/mecanum-ros2/install/mobile_description/share/mobile_description/urdf
[1.438s] copying urdf/mobile.trans -> /home/ohj/mecanum-ros2/install/mobile_description/share/mobile_description/urdf
[1.438s] copying urdf/mobile.urdf -> /home/ohj/mecanum-ros2/install/mobile_description/share/mobile_description/urdf
[1.438s] creating /home/ohj/mecanum-ros2/install/mobile_description/share/mobile_description/meshes
[1.438s] copying meshes/front_right_wheel_1.stl -> /home/ohj/mecanum-ros2/install/mobile_description/share/mobile_description/meshes
[1.438s] copying meshes/imu_1.stl -> /home/ohj/mecanum-ros2/install/mobile_description/share/mobile_description/meshes
[1.438s] copying meshes/rear_right_wheel_1.stl -> /home/ohj/mecanum-ros2/install/mobile_description/share/mobile_description/meshes
[1.438s] copying meshes/rear_left_wheel_1.stl -> /home/ohj/mecanum-ros2/install/mobile_description/share/mobile_description/meshes
[1.438s] copying meshes/front_left_wheel_1.stl -> /home/ohj/mecanum-ros2/install/mobile_description/share/mobile_description/meshes
[1.438s] copying meshes/base_link.stl -> /home/ohj/mecanum-ros2/install/mobile_description/share/mobile_description/meshes
[1.438s] copying meshes/lidar_1.stl -> /home/ohj/mecanum-ros2/install/mobile_description/share/mobile_description/meshes
[1.438s] creating /home/ohj/mecanum-ros2/install/mobile_description/share/mobile_description/config
[1.439s] copying config/display.rviz -> /home/ohj/mecanum-ros2/install/mobile_description/share/mobile_description/config
[1.439s] running install_egg_info
[1.439s] Copying ../../build/mobile_description/mobile_description.egg-info to /home/ohj/mecanum-ros2/install/mobile_description/lib/python3.8/site-packages/mobile_description-0.0.0-py3.8.egg-info
[1.439s] running install_scripts
[1.453s] writing list of installed files to '/home/ohj/mecanum-ros2/build/mobile_description/install.log'
[1.487s] Invoked command in '/home/ohj/mecanum-ros2/src/mobile_description' returned '0': PYTHONPATH=/home/ohj/mecanum-ros2/build/mobile_description/prefix_override:/home/ohj/mecanum-ros2/install/mobile_description/lib/python3.8/site-packages:${PYTHONPATH} /usr/bin/python3 setup.py egg_info --egg-base ../../build/mobile_description build --build-base /home/ohj/mecanum-ros2/build/mobile_description/build install --record /home/ohj/mecanum-ros2/build/mobile_description/install.log --single-version-externally-managed
