[0.028s] Invoking command in '/home/ohj/mecanum-ros2/build/mecanum_description': CMAKE_PREFIX_PATH=/opt/ros/galactic /usr/bin/cmake --build /home/ohj/mecanum-ros2/build/mecanum_description -- -j16 -l16
[0.357s] Invoked command in '/home/ohj/mecanum-ros2/build/mecanum_description' returned '0': CMAKE_PREFIX_PATH=/opt/ros/galactic /usr/bin/cmake --build /home/ohj/mecanum-ros2/build/mecanum_description -- -j16 -l16
[0.384s] Invoking command in '/home/ohj/mecanum-ros2/build/mecanum_description': CMAKE_PREFIX_PATH=/opt/ros/galactic /usr/bin/cmake --install /home/ohj/mecanum-ros2/build/mecanum_description
[0.391s] -- Install configuration: ""
[0.391s] -- Up-to-date: /home/ohj/mecanum-ros2/install/mecanum_description/share/mecanum_description//launch
[0.391s] -- Up-to-date: /home/ohj/mecanum-ros2/install/mecanum_description/share/mecanum_description//launch/mecanum.launch.py
[0.391s] -- Up-to-date: /home/ohj/mecanum-ros2/install/mecanum_description/share/ament_index/resource_index/package_run_dependencies/mecanum_description
[0.391s] -- Up-to-date: /home/ohj/mecanum-ros2/install/mecanum_description/share/ament_index/resource_index/parent_prefix_path/mecanum_description
[0.391s] -- Up-to-date: /home/ohj/mecanum-ros2/install/mecanum_description/share/mecanum_description/environment/ament_prefix_path.sh
[0.392s] -- Up-to-date: /home/ohj/mecanum-ros2/install/mecanum_description/share/mecanum_description/environment/ament_prefix_path.dsv
[0.392s] -- Up-to-date: /home/ohj/mecanum-ros2/install/mecanum_description/share/mecanum_description/environment/path.sh
[0.392s] -- Up-to-date: /home/ohj/mecanum-ros2/install/mecanum_description/share/mecanum_description/environment/path.dsv
[0.392s] -- Up-to-date: /home/ohj/mecanum-ros2/install/mecanum_description/share/mecanum_description/local_setup.bash
[0.392s] -- Up-to-date: /home/ohj/mecanum-ros2/install/mecanum_description/share/mecanum_description/local_setup.sh
[0.392s] -- Up-to-date: /home/ohj/mecanum-ros2/install/mecanum_description/share/mecanum_description/local_setup.zsh
[0.392s] -- Up-to-date: /home/ohj/mecanum-ros2/install/mecanum_description/share/mecanum_description/local_setup.dsv
[0.392s] -- Installing: /home/ohj/mecanum-ros2/install/mecanum_description/share/mecanum_description/package.dsv
[0.392s] -- Up-to-date: /home/ohj/mecanum-ros2/install/mecanum_description/share/ament_index/resource_index/packages/mecanum_description
[0.392s] -- Up-to-date: /home/ohj/mecanum-ros2/install/mecanum_description/share/mecanum_description/cmake/mecanum_descriptionConfig.cmake
[0.392s] -- Up-to-date: /home/ohj/mecanum-ros2/install/mecanum_description/share/mecanum_description/cmake/mecanum_descriptionConfig-version.cmake
[0.392s] -- Up-to-date: /home/ohj/mecanum-ros2/install/mecanum_description/share/mecanum_description/package.xml
[0.393s] Invoked command in '/home/ohj/mecanum-ros2/build/mecanum_description' returned '0': CMAKE_PREFIX_PATH=/opt/ros/galactic /usr/bin/cmake --install /home/ohj/mecanum-ros2/build/mecanum_description
