[0.236s] Invoking command in '/home/jetson/mecanum-ros2/build/mecanum_description': CMAKE_PREFIX_PATH=${CMAKE_PREFIX_PATH}:/home/jetson/mecanum-ros2/install/teleop_keyboard:/home/jetson/mecanum-ros2/install/motor_control:/opt/ros/galactic /usr/bin/cmake --build /home/jetson/mecanum-ros2/build/mecanum_description -- -j4 -l4
[3.545s] Invoked command in '/home/jetson/mecanum-ros2/build/mecanum_description' returned '0': CMAKE_PREFIX_PATH=${CMAKE_PREFIX_PATH}:/home/jetson/mecanum-ros2/install/teleop_keyboard:/home/jetson/mecanum-ros2/install/motor_control:/opt/ros/galactic /usr/bin/cmake --build /home/jetson/mecanum-ros2/build/mecanum_description -- -j4 -l4
[3.681s] Invoking command in '/home/jetson/mecanum-ros2/build/mecanum_description': CMAKE_PREFIX_PATH=${CMAKE_PREFIX_PATH}:/home/jetson/mecanum-ros2/install/teleop_keyboard:/home/jetson/mecanum-ros2/install/motor_control:/opt/ros/galactic /usr/bin/cmake --install /home/jetson/mecanum-ros2/build/mecanum_description
[3.716s] -- Install configuration: ""
[3.717s] -- Up-to-date: /home/jetson/mecanum-ros2/install/mecanum_description/share/mecanum_description//launch
[3.717s] -- Up-to-date: /home/jetson/mecanum-ros2/install/mecanum_description/share/mecanum_description//launch/mecanum.launch.py
[3.718s] -- Up-to-date: /home/jetson/mecanum-ros2/install/mecanum_description/share/ament_index/resource_index/package_run_dependencies/mecanum_description
[3.719s] -- Up-to-date: /home/jetson/mecanum-ros2/install/mecanum_description/share/ament_index/resource_index/parent_prefix_path/mecanum_description
[3.720s] -- Up-to-date: /home/jetson/mecanum-ros2/install/mecanum_description/share/mecanum_description/environment/ament_prefix_path.sh
[3.721s] -- Up-to-date: /home/jetson/mecanum-ros2/install/mecanum_description/share/mecanum_description/environment/ament_prefix_path.dsv
[3.721s] -- Up-to-date: /home/jetson/mecanum-ros2/install/mecanum_description/share/mecanum_description/environment/path.sh
[3.722s] -- Up-to-date: /home/jetson/mecanum-ros2/install/mecanum_description/share/mecanum_description/environment/path.dsv
[3.723s] -- Up-to-date: /home/jetson/mecanum-ros2/install/mecanum_description/share/mecanum_description/local_setup.bash
[3.723s] -- Up-to-date: /home/jetson/mecanum-ros2/install/mecanum_description/share/mecanum_description/local_setup.sh
[3.724s] -- Up-to-date: /home/jetson/mecanum-ros2/install/mecanum_description/share/mecanum_description/local_setup.zsh
[3.725s] -- Up-to-date: /home/jetson/mecanum-ros2/install/mecanum_description/share/mecanum_description/local_setup.dsv
[3.726s] -- Installing: /home/jetson/mecanum-ros2/install/mecanum_description/share/mecanum_description/package.dsv
[3.726s] -- Up-to-date: /home/jetson/mecanum-ros2/install/mecanum_description/share/ament_index/resource_index/packages/mecanum_description
[3.727s] -- Up-to-date: /home/jetson/mecanum-ros2/install/mecanum_description/share/mecanum_description/cmake/mecanum_descriptionConfig.cmake
[3.727s] -- Up-to-date: /home/jetson/mecanum-ros2/install/mecanum_description/share/mecanum_description/cmake/mecanum_descriptionConfig-version.cmake
[3.728s] -- Up-to-date: /home/jetson/mecanum-ros2/install/mecanum_description/share/mecanum_description/package.xml
[3.736s] Invoked command in '/home/jetson/mecanum-ros2/build/mecanum_description' returned '0': CMAKE_PREFIX_PATH=${CMAKE_PREFIX_PATH}:/home/jetson/mecanum-ros2/install/teleop_keyboard:/home/jetson/mecanum-ros2/install/motor_control:/opt/ros/galactic /usr/bin/cmake --install /home/jetson/mecanum-ros2/build/mecanum_description
