[1.117s] Invoking command in '/home/ohj/mecanum-ros2/src/mecanum_odometry': PYTHONPATH=/home/ohj/mecanum-ros2/build/mecanum_odometry/prefix_override:/home/ohj/mecanum-ros2/install/mecanum_odometry/lib/python3.8/site-packages:${PYTHONPATH} /usr/bin/python3 setup.py egg_info --egg-base ../../build/mecanum_odometry build --build-base /home/ohj/mecanum-ros2/build/mecanum_odometry/build install --record /home/ohj/mecanum-ros2/build/mecanum_odometry/install.log --single-version-externally-managed
[1.249s] running egg_info
[1.249s] writing ../../build/mecanum_odometry/mecanum_odometry.egg-info/PKG-INFO
[1.249s] writing dependency_links to ../../build/mecanum_odometry/mecanum_odometry.egg-info/dependency_links.txt
[1.249s] writing entry points to ../../build/mecanum_odometry/mecanum_odometry.egg-info/entry_points.txt
[1.250s] writing requirements to ../../build/mecanum_odometry/mecanum_odometry.egg-info/requires.txt
[1.250s] writing top-level names to ../../build/mecanum_odometry/mecanum_odometry.egg-info/top_level.txt
[1.271s] reading manifest file '../../build/mecanum_odometry/mecanum_odometry.egg-info/SOURCES.txt'
[1.271s] writing manifest file '../../build/mecanum_odometry/mecanum_odometry.egg-info/SOURCES.txt'
[1.272s] running build
[1.272s] running build_py
[1.272s] running install
[1.272s] running install_lib
[1.273s] running install_data
[1.274s] copying param/ekf.yaml -> /home/ohj/mecanum-ros2/install/mecanum_odometry/share/mecanum_odometry/param
[1.274s] running install_egg_info
[1.275s] removing '/home/ohj/mecanum-ros2/install/mecanum_odometry/lib/python3.8/site-packages/mecanum_odometry-0.0.0-py3.8.egg-info' (and everything under it)
[1.275s] Copying ../../build/mecanum_odometry/mecanum_odometry.egg-info to /home/ohj/mecanum-ros2/install/mecanum_odometry/lib/python3.8/site-packages/mecanum_odometry-0.0.0-py3.8.egg-info
[1.275s] running install_scripts
[1.287s] Installing odom_publisher script to /home/ohj/mecanum-ros2/install/mecanum_odometry/lib/mecanum_odometry
[1.287s] Installing time_test script to /home/ohj/mecanum-ros2/install/mecanum_odometry/lib/mecanum_odometry
[1.287s] writing list of installed files to '/home/ohj/mecanum-ros2/build/mecanum_odometry/install.log'
[1.305s] Invoked command in '/home/ohj/mecanum-ros2/src/mecanum_odometry' returned '0': PYTHONPATH=/home/ohj/mecanum-ros2/build/mecanum_odometry/prefix_override:/home/ohj/mecanum-ros2/install/mecanum_odometry/lib/python3.8/site-packages:${PYTHONPATH} /usr/bin/python3 setup.py egg_info --egg-base ../../build/mecanum_odometry build --build-base /home/ohj/mecanum-ros2/build/mecanum_odometry/build install --record /home/ohj/mecanum-ros2/build/mecanum_odometry/install.log --single-version-externally-managed
