[1.655s] Invoking command in '/home/ohj/mecanum-ros2/src/mecanum_odometry': PYTHONPATH=/home/ohj/mecanum-ros2/build/mecanum_odometry/prefix_override:/home/ohj/mecanum-ros2/install/mecanum_odometry/lib/python3.8/site-packages:${PYTHONPATH} /usr/bin/python3 setup.py egg_info --egg-base ../../build/mecanum_odometry build --build-base /home/ohj/mecanum-ros2/build/mecanum_odometry/build install --record /home/ohj/mecanum-ros2/build/mecanum_odometry/install.log --single-version-externally-managed
[1.994s] running egg_info
[1.994s] creating ../../build/mecanum_odometry/mecanum_odometry.egg-info
[1.994s] writing ../../build/mecanum_odometry/mecanum_odometry.egg-info/PKG-INFO
[1.994s] writing dependency_links to ../../build/mecanum_odometry/mecanum_odometry.egg-info/dependency_links.txt
[1.994s] writing entry points to ../../build/mecanum_odometry/mecanum_odometry.egg-info/entry_points.txt
[1.994s] writing requirements to ../../build/mecanum_odometry/mecanum_odometry.egg-info/requires.txt
[1.994s] writing top-level names to ../../build/mecanum_odometry/mecanum_odometry.egg-info/top_level.txt
[1.994s] writing manifest file '../../build/mecanum_odometry/mecanum_odometry.egg-info/SOURCES.txt'
[2.022s] reading manifest file '../../build/mecanum_odometry/mecanum_odometry.egg-info/SOURCES.txt'
[2.022s] writing manifest file '../../build/mecanum_odometry/mecanum_odometry.egg-info/SOURCES.txt'
[2.022s] running build
[2.022s] running build_py
[2.023s] creating /home/ohj/mecanum-ros2/build/mecanum_odometry/build
[2.023s] creating /home/ohj/mecanum-ros2/build/mecanum_odometry/build/lib
[2.023s] creating /home/ohj/mecanum-ros2/build/mecanum_odometry/build/lib/mecanum_odometry
[2.023s] copying mecanum_odometry/odom_publisher.py -> /home/ohj/mecanum-ros2/build/mecanum_odometry/build/lib/mecanum_odometry
[2.023s] copying mecanum_odometry/time_test.py -> /home/ohj/mecanum-ros2/build/mecanum_odometry/build/lib/mecanum_odometry
[2.025s] copying mecanum_odometry/__init__.py -> /home/ohj/mecanum-ros2/build/mecanum_odometry/build/lib/mecanum_odometry
[2.025s] running install
[2.026s] running install_lib
[2.026s] creating /home/ohj/mecanum-ros2/install/mecanum_odometry/lib/python3.8/site-packages/mecanum_odometry
[2.026s] copying /home/ohj/mecanum-ros2/build/mecanum_odometry/build/lib/mecanum_odometry/odom_publisher.py -> /home/ohj/mecanum-ros2/install/mecanum_odometry/lib/python3.8/site-packages/mecanum_odometry
[2.027s] copying /home/ohj/mecanum-ros2/build/mecanum_odometry/build/lib/mecanum_odometry/time_test.py -> /home/ohj/mecanum-ros2/install/mecanum_odometry/lib/python3.8/site-packages/mecanum_odometry
[2.029s] copying /home/ohj/mecanum-ros2/build/mecanum_odometry/build/lib/mecanum_odometry/__init__.py -> /home/ohj/mecanum-ros2/install/mecanum_odometry/lib/python3.8/site-packages/mecanum_odometry
[2.030s] byte-compiling /home/ohj/mecanum-ros2/install/mecanum_odometry/lib/python3.8/site-packages/mecanum_odometry/odom_publisher.py to odom_publisher.cpython-38.pyc
[2.031s] byte-compiling /home/ohj/mecanum-ros2/install/mecanum_odometry/lib/python3.8/site-packages/mecanum_odometry/time_test.py to time_test.cpython-38.pyc
[2.031s] byte-compiling /home/ohj/mecanum-ros2/install/mecanum_odometry/lib/python3.8/site-packages/mecanum_odometry/__init__.py to __init__.cpython-38.pyc
[2.031s] running install_data
[2.031s] creating /home/ohj/mecanum-ros2/install/mecanum_odometry/share/ament_index
[2.032s] creating /home/ohj/mecanum-ros2/install/mecanum_odometry/share/ament_index/resource_index
[2.032s] creating /home/ohj/mecanum-ros2/install/mecanum_odometry/share/ament_index/resource_index/packages
[2.032s] copying resource/mecanum_odometry -> /home/ohj/mecanum-ros2/install/mecanum_odometry/share/ament_index/resource_index/packages
[2.032s] copying package.xml -> /home/ohj/mecanum-ros2/install/mecanum_odometry/share/mecanum_odometry
[2.032s] creating /home/ohj/mecanum-ros2/install/mecanum_odometry/share/mecanum_odometry/launch
[2.032s] copying launch/mecanum_localization.launch.py -> /home/ohj/mecanum-ros2/install/mecanum_odometry/share/mecanum_odometry/launch
[2.032s] creating /home/ohj/mecanum-ros2/install/mecanum_odometry/share/mecanum_odometry/param
[2.032s] copying param/ukf.yaml -> /home/ohj/mecanum-ros2/install/mecanum_odometry/share/mecanum_odometry/param
[2.033s] copying param/ekf.yaml -> /home/ohj/mecanum-ros2/install/mecanum_odometry/share/mecanum_odometry/param
[2.033s] running install_egg_info
[2.033s] Copying ../../build/mecanum_odometry/mecanum_odometry.egg-info to /home/ohj/mecanum-ros2/install/mecanum_odometry/lib/python3.8/site-packages/mecanum_odometry-0.0.0-py3.8.egg-info
[2.033s] running install_scripts
[2.054s] Installing odom_publisher script to /home/ohj/mecanum-ros2/install/mecanum_odometry/lib/mecanum_odometry
[2.054s] Installing time_test script to /home/ohj/mecanum-ros2/install/mecanum_odometry/lib/mecanum_odometry
[2.054s] writing list of installed files to '/home/ohj/mecanum-ros2/build/mecanum_odometry/install.log'
[2.077s] Invoked command in '/home/ohj/mecanum-ros2/src/mecanum_odometry' returned '0': PYTHONPATH=/home/ohj/mecanum-ros2/build/mecanum_odometry/prefix_override:/home/ohj/mecanum-ros2/install/mecanum_odometry/lib/python3.8/site-packages:${PYTHONPATH} /usr/bin/python3 setup.py egg_info --egg-base ../../build/mecanum_odometry build --build-base /home/ohj/mecanum-ros2/build/mecanum_odometry/build install --record /home/ohj/mecanum-ros2/build/mecanum_odometry/install.log --single-version-externally-managed
