[0.044s] Invoking command in '/home/ohj/mecanum-ros2/build/mecanum_bringup': CMAKE_PREFIX_PATH=/opt/ros/galactic /usr/bin/cmake --build /home/ohj/mecanum-ros2/build/mecanum_bringup -- -j20 -l20
[0.698s] Invoked command in '/home/ohj/mecanum-ros2/build/mecanum_bringup' returned '0': CMAKE_PREFIX_PATH=/opt/ros/galactic /usr/bin/cmake --build /home/ohj/mecanum-ros2/build/mecanum_bringup -- -j20 -l20
[0.728s] Invoking command in '/home/ohj/mecanum-ros2/build/mecanum_bringup': CMAKE_PREFIX_PATH=/opt/ros/galactic /usr/bin/cmake --install /home/ohj/mecanum-ros2/build/mecanum_bringup
[0.738s] -- Install configuration: ""
[0.742s] -- Up-to-date: /home/ohj/mecanum-ros2/install/mecanum_bringup/share/mecanum_bringup/launch
[0.742s] -- Up-to-date: /home/ohj/mecanum-ros2/install/mecanum_bringup/share/mecanum_bringup/launch/mecanum_state_publisher.launch.py
[0.743s] -- Up-to-date: /home/ohj/mecanum-ros2/install/mecanum_bringup/share/mecanum_bringup/launch/mecanum.launch.py
[0.743s] -- Up-to-date: /home/ohj/mecanum-ros2/install/mecanum_bringup/share/mecanum_bringup/launch/mecanum_rviz_view.launch.py
[0.743s] -- Up-to-date: /home/ohj/mecanum-ros2/install/mecanum_bringup/share/mecanum_bringup/config
[0.744s] -- Up-to-date: /home/ohj/mecanum-ros2/install/mecanum_bringup/share/mecanum_bringup/config/mecanum_rviz_view.rviz
[0.744s] -- Up-to-date: /home/ohj/mecanum-ros2/install/mecanum_bringup/share/mecanum_bringup/config/config.rviz
[0.744s] -- Up-to-date: /home/ohj/mecanum-ros2/install/mecanum_bringup/share/ament_index/resource_index/package_run_dependencies/mecanum_bringup
[0.744s] -- Up-to-date: /home/ohj/mecanum-ros2/install/mecanum_bringup/share/ament_index/resource_index/parent_prefix_path/mecanum_bringup
[0.744s] -- Up-to-date: /home/ohj/mecanum-ros2/install/mecanum_bringup/share/mecanum_bringup/environment/ament_prefix_path.sh
[0.744s] -- Up-to-date: /home/ohj/mecanum-ros2/install/mecanum_bringup/share/mecanum_bringup/environment/ament_prefix_path.dsv
[0.744s] -- Up-to-date: /home/ohj/mecanum-ros2/install/mecanum_bringup/share/mecanum_bringup/environment/path.sh
[0.744s] -- Up-to-date: /home/ohj/mecanum-ros2/install/mecanum_bringup/share/mecanum_bringup/environment/path.dsv
[0.744s] -- Up-to-date: /home/ohj/mecanum-ros2/install/mecanum_bringup/share/mecanum_bringup/local_setup.bash
[0.744s] -- Up-to-date: /home/ohj/mecanum-ros2/install/mecanum_bringup/share/mecanum_bringup/local_setup.sh
[0.744s] -- Up-to-date: /home/ohj/mecanum-ros2/install/mecanum_bringup/share/mecanum_bringup/local_setup.zsh
[0.745s] -- Up-to-date: /home/ohj/mecanum-ros2/install/mecanum_bringup/share/mecanum_bringup/local_setup.dsv
[0.745s] -- Up-to-date: /home/ohj/mecanum-ros2/install/mecanum_bringup/share/mecanum_bringup/package.dsv
[0.745s] -- Up-to-date: /home/ohj/mecanum-ros2/install/mecanum_bringup/share/ament_index/resource_index/packages/mecanum_bringup
[0.748s] -- Up-to-date: /home/ohj/mecanum-ros2/install/mecanum_bringup/share/mecanum_bringup/cmake/mecanum_bringupConfig.cmake
[0.748s] -- Up-to-date: /home/ohj/mecanum-ros2/install/mecanum_bringup/share/mecanum_bringup/cmake/mecanum_bringupConfig-version.cmake
[0.749s] -- Up-to-date: /home/ohj/mecanum-ros2/install/mecanum_bringup/share/mecanum_bringup/package.xml
[0.781s] Invoked command in '/home/ohj/mecanum-ros2/build/mecanum_bringup' returned '0': CMAKE_PREFIX_PATH=/opt/ros/galactic /usr/bin/cmake --install /home/ohj/mecanum-ros2/build/mecanum_bringup
