[0.360s] DEBUG:colcon:Command line arguments: ['/usr/bin/colcon', 'build']
[0.360s] DEBUG:colcon:Parsed command line arguments: Namespace(allow_overriding=[], ament_cmake_args=None, base_paths=['.'], build_base='build', catkin_cmake_args=None, catkin_skip_building_tests=False, cmake_args=None, cmake_clean_cache=False, cmake_clean_first=False, cmake_force_configure=False, cmake_target=None, cmake_target_skip_unavailable=False, continue_on_error=False, event_handlers=None, executor='parallel', ignore_user_meta=False, install_base='install', log_base=None, log_level=None, main=<bound method BuildVerb.main of <colcon_core.verb.build.BuildVerb object at 0x7f46280feac0>>, merge_install=False, metas=['./colcon.meta'], packages_above=None, packages_above_and_dependencies=None, packages_above_depth=None, packages_end=None, packages_ignore=None, packages_ignore_regex=None, packages_select=None, packages_select_build_failed=False, packages_select_by_dep=None, packages_select_regex=None, packages_select_test_failures=False, packages_skip=None, packages_skip_build_finished=False, packages_skip_by_dep=None, packages_skip_regex=None, packages_skip_test_passed=False, packages_skip_up_to=None, packages_start=None, packages_up_to=None, packages_up_to_regex=None, parallel_workers=16, paths=None, symlink_install=False, test_result_base=None, verb_extension=<colcon_core.verb.build.BuildVerb object at 0x7f46280feac0>, verb_name='build', verb_parser=<colcon_defaults.argument_parser.defaults.DefaultArgumentsDecorator object at 0x7f4628109070>)
[0.387s] Level 1:colcon.colcon_core.package_discovery:discover_packages(colcon_meta) check parameters
[0.388s] Level 1:colcon.colcon_core.package_discovery:discover_packages(recursive) check parameters
[0.388s] Level 1:colcon.colcon_core.package_discovery:discover_packages(ignore) check parameters
[0.388s] Level 1:colcon.colcon_core.package_discovery:discover_packages(path) check parameters
[0.388s] Level 1:colcon.colcon_core.package_discovery:discover_packages(colcon_meta) discover
[0.388s] Level 1:colcon.colcon_core.package_discovery:discover_packages(recursive) discover
[0.388s] INFO:colcon.colcon_core.package_discovery:Crawling recursively for packages in '/home/ohj/mecanum-ros2'
[0.388s] Level 1:colcon.colcon_core.package_identification:_identify(.) by extensions ['ignore', 'ignore_ament_install']
[0.388s] Level 1:colcon.colcon_core.package_identification:_identify(.) by extension 'ignore'
[0.388s] Level 1:colcon.colcon_core.package_identification:_identify(.) by extension 'ignore_ament_install'
[0.388s] Level 1:colcon.colcon_core.package_identification:_identify(.) by extensions ['colcon_pkg']
[0.388s] Level 1:colcon.colcon_core.package_identification:_identify(.) by extension 'colcon_pkg'
[0.388s] Level 1:colcon.colcon_core.package_identification:_identify(.) by extensions ['colcon_meta']
[0.388s] Level 1:colcon.colcon_core.package_identification:_identify(.) by extension 'colcon_meta'
[0.388s] Level 1:colcon.colcon_core.package_identification:_identify(.) by extensions ['ros']
[0.388s] Level 1:colcon.colcon_core.package_identification:_identify(.) by extension 'ros'
[0.408s] Level 1:colcon.colcon_core.package_identification:_identify(.) by extensions ['cmake', 'python']
[0.408s] Level 1:colcon.colcon_core.package_identification:_identify(.) by extension 'cmake'
[0.408s] Level 1:colcon.colcon_core.package_identification:_identify(.) by extension 'python'
[0.408s] Level 1:colcon.colcon_core.package_identification:_identify(.) by extensions ['python_setup_py']
[0.408s] Level 1:colcon.colcon_core.package_identification:_identify(.) by extension 'python_setup_py'
[0.408s] Level 1:colcon.colcon_core.package_identification:_identify(arduino_code) by extensions ['ignore', 'ignore_ament_install']
[0.408s] Level 1:colcon.colcon_core.package_identification:_identify(arduino_code) by extension 'ignore'
[0.408s] Level 1:colcon.colcon_core.package_identification:_identify(arduino_code) by extension 'ignore_ament_install'
[0.409s] Level 1:colcon.colcon_core.package_identification:_identify(arduino_code) by extensions ['colcon_pkg']
[0.409s] Level 1:colcon.colcon_core.package_identification:_identify(arduino_code) by extension 'colcon_pkg'
[0.409s] Level 1:colcon.colcon_core.package_identification:_identify(arduino_code) by extensions ['colcon_meta']
[0.409s] Level 1:colcon.colcon_core.package_identification:_identify(arduino_code) by extension 'colcon_meta'
[0.409s] Level 1:colcon.colcon_core.package_identification:_identify(arduino_code) by extensions ['ros']
[0.409s] Level 1:colcon.colcon_core.package_identification:_identify(arduino_code) by extension 'ros'
[0.409s] Level 1:colcon.colcon_core.package_identification:_identify(arduino_code) by extensions ['cmake', 'python']
[0.409s] Level 1:colcon.colcon_core.package_identification:_identify(arduino_code) by extension 'cmake'
[0.409s] Level 1:colcon.colcon_core.package_identification:_identify(arduino_code) by extension 'python'
[0.409s] Level 1:colcon.colcon_core.package_identification:_identify(arduino_code) by extensions ['python_setup_py']
[0.409s] Level 1:colcon.colcon_core.package_identification:_identify(arduino_code) by extension 'python_setup_py'
[0.409s] Level 1:colcon.colcon_core.package_identification:_identify(arduino_code/4-dof_manipulator_control) by extensions ['ignore', 'ignore_ament_install']
[0.409s] Level 1:colcon.colcon_core.package_identification:_identify(arduino_code/4-dof_manipulator_control) by extension 'ignore'
[0.409s] Level 1:colcon.colcon_core.package_identification:_identify(arduino_code/4-dof_manipulator_control) by extension 'ignore_ament_install'
[0.409s] Level 1:colcon.colcon_core.package_identification:_identify(arduino_code/4-dof_manipulator_control) by extensions ['colcon_pkg']
[0.409s] Level 1:colcon.colcon_core.package_identification:_identify(arduino_code/4-dof_manipulator_control) by extension 'colcon_pkg'
[0.409s] Level 1:colcon.colcon_core.package_identification:_identify(arduino_code/4-dof_manipulator_control) by extensions ['colcon_meta']
[0.409s] Level 1:colcon.colcon_core.package_identification:_identify(arduino_code/4-dof_manipulator_control) by extension 'colcon_meta'
[0.409s] Level 1:colcon.colcon_core.package_identification:_identify(arduino_code/4-dof_manipulator_control) by extensions ['ros']
[0.409s] Level 1:colcon.colcon_core.package_identification:_identify(arduino_code/4-dof_manipulator_control) by extension 'ros'
[0.409s] Level 1:colcon.colcon_core.package_identification:_identify(arduino_code/4-dof_manipulator_control) by extensions ['cmake', 'python']
[0.409s] Level 1:colcon.colcon_core.package_identification:_identify(arduino_code/4-dof_manipulator_control) by extension 'cmake'
[0.409s] Level 1:colcon.colcon_core.package_identification:_identify(arduino_code/4-dof_manipulator_control) by extension 'python'
[0.409s] Level 1:colcon.colcon_core.package_identification:_identify(arduino_code/4-dof_manipulator_control) by extensions ['python_setup_py']
[0.409s] Level 1:colcon.colcon_core.package_identification:_identify(arduino_code/4-dof_manipulator_control) by extension 'python_setup_py'
[0.410s] Level 1:colcon.colcon_core.package_identification:_identify(arduino_code/motor_control_final_int) by extensions ['ignore', 'ignore_ament_install']
[0.410s] Level 1:colcon.colcon_core.package_identification:_identify(arduino_code/motor_control_final_int) by extension 'ignore'
[0.410s] Level 1:colcon.colcon_core.package_identification:_identify(arduino_code/motor_control_final_int) by extension 'ignore_ament_install'
[0.410s] Level 1:colcon.colcon_core.package_identification:_identify(arduino_code/motor_control_final_int) by extensions ['colcon_pkg']
[0.410s] Level 1:colcon.colcon_core.package_identification:_identify(arduino_code/motor_control_final_int) by extension 'colcon_pkg'
[0.410s] Level 1:colcon.colcon_core.package_identification:_identify(arduino_code/motor_control_final_int) by extensions ['colcon_meta']
[0.410s] Level 1:colcon.colcon_core.package_identification:_identify(arduino_code/motor_control_final_int) by extension 'colcon_meta'
[0.410s] Level 1:colcon.colcon_core.package_identification:_identify(arduino_code/motor_control_final_int) by extensions ['ros']
[0.410s] Level 1:colcon.colcon_core.package_identification:_identify(arduino_code/motor_control_final_int) by extension 'ros'
[0.410s] Level 1:colcon.colcon_core.package_identification:_identify(arduino_code/motor_control_final_int) by extensions ['cmake', 'python']
[0.410s] Level 1:colcon.colcon_core.package_identification:_identify(arduino_code/motor_control_final_int) by extension 'cmake'
[0.410s] Level 1:colcon.colcon_core.package_identification:_identify(arduino_code/motor_control_final_int) by extension 'python'
[0.410s] Level 1:colcon.colcon_core.package_identification:_identify(arduino_code/motor_control_final_int) by extensions ['python_setup_py']
[0.410s] Level 1:colcon.colcon_core.package_identification:_identify(arduino_code/motor_control_final_int) by extension 'python_setup_py'
[0.410s] Level 1:colcon.colcon_core.package_identification:_identify(arduino_code/motor_control_front_final_float) by extensions ['ignore', 'ignore_ament_install']
[0.410s] Level 1:colcon.colcon_core.package_identification:_identify(arduino_code/motor_control_front_final_float) by extension 'ignore'
[0.411s] Level 1:colcon.colcon_core.package_identification:_identify(arduino_code/motor_control_front_final_float) by extension 'ignore_ament_install'
[0.411s] Level 1:colcon.colcon_core.package_identification:_identify(arduino_code/motor_control_front_final_float) by extensions ['colcon_pkg']
[0.411s] Level 1:colcon.colcon_core.package_identification:_identify(arduino_code/motor_control_front_final_float) by extension 'colcon_pkg'
[0.411s] Level 1:colcon.colcon_core.package_identification:_identify(arduino_code/motor_control_front_final_float) by extensions ['colcon_meta']
[0.411s] Level 1:colcon.colcon_core.package_identification:_identify(arduino_code/motor_control_front_final_float) by extension 'colcon_meta'
[0.411s] Level 1:colcon.colcon_core.package_identification:_identify(arduino_code/motor_control_front_final_float) by extensions ['ros']
[0.411s] Level 1:colcon.colcon_core.package_identification:_identify(arduino_code/motor_control_front_final_float) by extension 'ros'
[0.411s] Level 1:colcon.colcon_core.package_identification:_identify(arduino_code/motor_control_front_final_float) by extensions ['cmake', 'python']
[0.411s] Level 1:colcon.colcon_core.package_identification:_identify(arduino_code/motor_control_front_final_float) by extension 'cmake'
[0.411s] Level 1:colcon.colcon_core.package_identification:_identify(arduino_code/motor_control_front_final_float) by extension 'python'
[0.411s] Level 1:colcon.colcon_core.package_identification:_identify(arduino_code/motor_control_front_final_float) by extensions ['python_setup_py']
[0.411s] Level 1:colcon.colcon_core.package_identification:_identify(arduino_code/motor_control_front_final_float) by extension 'python_setup_py'
[0.411s] Level 1:colcon.colcon_core.package_identification:_identify(arduino_code/motor_control_rear_final_float) by extensions ['ignore', 'ignore_ament_install']
[0.411s] Level 1:colcon.colcon_core.package_identification:_identify(arduino_code/motor_control_rear_final_float) by extension 'ignore'
[0.411s] Level 1:colcon.colcon_core.package_identification:_identify(arduino_code/motor_control_rear_final_float) by extension 'ignore_ament_install'
[0.411s] Level 1:colcon.colcon_core.package_identification:_identify(arduino_code/motor_control_rear_final_float) by extensions ['colcon_pkg']
[0.411s] Level 1:colcon.colcon_core.package_identification:_identify(arduino_code/motor_control_rear_final_float) by extension 'colcon_pkg'
[0.411s] Level 1:colcon.colcon_core.package_identification:_identify(arduino_code/motor_control_rear_final_float) by extensions ['colcon_meta']
[0.411s] Level 1:colcon.colcon_core.package_identification:_identify(arduino_code/motor_control_rear_final_float) by extension 'colcon_meta'
[0.411s] Level 1:colcon.colcon_core.package_identification:_identify(arduino_code/motor_control_rear_final_float) by extensions ['ros']
[0.411s] Level 1:colcon.colcon_core.package_identification:_identify(arduino_code/motor_control_rear_final_float) by extension 'ros'
[0.411s] Level 1:colcon.colcon_core.package_identification:_identify(arduino_code/motor_control_rear_final_float) by extensions ['cmake', 'python']
[0.411s] Level 1:colcon.colcon_core.package_identification:_identify(arduino_code/motor_control_rear_final_float) by extension 'cmake'
[0.411s] Level 1:colcon.colcon_core.package_identification:_identify(arduino_code/motor_control_rear_final_float) by extension 'python'
[0.411s] Level 1:colcon.colcon_core.package_identification:_identify(arduino_code/motor_control_rear_final_float) by extensions ['python_setup_py']
[0.411s] Level 1:colcon.colcon_core.package_identification:_identify(arduino_code/motor_control_rear_final_float) by extension 'python_setup_py'
[0.412s] Level 1:colcon.colcon_core.package_identification:_identify(arduino_code/packet_arduino) by extensions ['ignore', 'ignore_ament_install']
[0.412s] Level 1:colcon.colcon_core.package_identification:_identify(arduino_code/packet_arduino) by extension 'ignore'
[0.412s] Level 1:colcon.colcon_core.package_identification:_identify(arduino_code/packet_arduino) by extension 'ignore_ament_install'
[0.412s] Level 1:colcon.colcon_core.package_identification:_identify(arduino_code/packet_arduino) by extensions ['colcon_pkg']
[0.412s] Level 1:colcon.colcon_core.package_identification:_identify(arduino_code/packet_arduino) by extension 'colcon_pkg'
[0.412s] Level 1:colcon.colcon_core.package_identification:_identify(arduino_code/packet_arduino) by extensions ['colcon_meta']
[0.412s] Level 1:colcon.colcon_core.package_identification:_identify(arduino_code/packet_arduino) by extension 'colcon_meta'
[0.412s] Level 1:colcon.colcon_core.package_identification:_identify(arduino_code/packet_arduino) by extensions ['ros']
[0.412s] Level 1:colcon.colcon_core.package_identification:_identify(arduino_code/packet_arduino) by extension 'ros'
[0.412s] Level 1:colcon.colcon_core.package_identification:_identify(arduino_code/packet_arduino) by extensions ['cmake', 'python']
[0.412s] Level 1:colcon.colcon_core.package_identification:_identify(arduino_code/packet_arduino) by extension 'cmake'
[0.412s] Level 1:colcon.colcon_core.package_identification:_identify(arduino_code/packet_arduino) by extension 'python'
[0.412s] Level 1:colcon.colcon_core.package_identification:_identify(arduino_code/packet_arduino) by extensions ['python_setup_py']
[0.412s] Level 1:colcon.colcon_core.package_identification:_identify(arduino_code/packet_arduino) by extension 'python_setup_py'
[0.412s] Level 1:colcon.colcon_core.package_identification:_identify(arduino_code/spi_test_folder) by extensions ['ignore', 'ignore_ament_install']
[0.412s] Level 1:colcon.colcon_core.package_identification:_identify(arduino_code/spi_test_folder) by extension 'ignore'
[0.412s] Level 1:colcon.colcon_core.package_identification:_identify(arduino_code/spi_test_folder) by extension 'ignore_ament_install'
[0.412s] Level 1:colcon.colcon_core.package_identification:_identify(arduino_code/spi_test_folder) by extensions ['colcon_pkg']
[0.412s] Level 1:colcon.colcon_core.package_identification:_identify(arduino_code/spi_test_folder) by extension 'colcon_pkg'
[0.412s] Level 1:colcon.colcon_core.package_identification:_identify(arduino_code/spi_test_folder) by extensions ['colcon_meta']
[0.412s] Level 1:colcon.colcon_core.package_identification:_identify(arduino_code/spi_test_folder) by extension 'colcon_meta'
[0.413s] Level 1:colcon.colcon_core.package_identification:_identify(arduino_code/spi_test_folder) by extensions ['ros']
[0.413s] Level 1:colcon.colcon_core.package_identification:_identify(arduino_code/spi_test_folder) by extension 'ros'
[0.413s] Level 1:colcon.colcon_core.package_identification:_identify(arduino_code/spi_test_folder) by extensions ['cmake', 'python']
[0.413s] Level 1:colcon.colcon_core.package_identification:_identify(arduino_code/spi_test_folder) by extension 'cmake'
[0.413s] Level 1:colcon.colcon_core.package_identification:_identify(arduino_code/spi_test_folder) by extension 'python'
[0.413s] Level 1:colcon.colcon_core.package_identification:_identify(arduino_code/spi_test_folder) by extensions ['python_setup_py']
[0.413s] Level 1:colcon.colcon_core.package_identification:_identify(arduino_code/spi_test_folder) by extension 'python_setup_py'
[0.413s] Level 1:colcon.colcon_core.package_identification:_identify(build) by extensions ['ignore', 'ignore_ament_install']
[0.413s] Level 1:colcon.colcon_core.package_identification:_identify(build) by extension 'ignore'
[0.413s] Level 1:colcon.colcon_core.package_identification:_identify(build) ignored
[0.413s] Level 1:colcon.colcon_core.package_identification:_identify(install) by extensions ['ignore', 'ignore_ament_install']
[0.413s] Level 1:colcon.colcon_core.package_identification:_identify(install) by extension 'ignore'
[0.413s] Level 1:colcon.colcon_core.package_identification:_identify(install) ignored
[0.413s] Level 1:colcon.colcon_core.package_identification:_identify(lib_aarch64) by extensions ['ignore', 'ignore_ament_install']
[0.413s] Level 1:colcon.colcon_core.package_identification:_identify(lib_aarch64) by extension 'ignore'
[0.413s] Level 1:colcon.colcon_core.package_identification:_identify(lib_aarch64) by extension 'ignore_ament_install'
[0.413s] Level 1:colcon.colcon_core.package_identification:_identify(lib_aarch64) by extensions ['colcon_pkg']
[0.413s] Level 1:colcon.colcon_core.package_identification:_identify(lib_aarch64) by extension 'colcon_pkg'
[0.413s] Level 1:colcon.colcon_core.package_identification:_identify(lib_aarch64) by extensions ['colcon_meta']
[0.413s] Level 1:colcon.colcon_core.package_identification:_identify(lib_aarch64) by extension 'colcon_meta'
[0.413s] Level 1:colcon.colcon_core.package_identification:_identify(lib_aarch64) by extensions ['ros']
[0.413s] Level 1:colcon.colcon_core.package_identification:_identify(lib_aarch64) by extension 'ros'
[0.413s] Level 1:colcon.colcon_core.package_identification:_identify(lib_aarch64) by extensions ['cmake', 'python']
[0.413s] Level 1:colcon.colcon_core.package_identification:_identify(lib_aarch64) by extension 'cmake'
[0.413s] Level 1:colcon.colcon_core.package_identification:_identify(lib_aarch64) by extension 'python'
[0.413s] Level 1:colcon.colcon_core.package_identification:_identify(lib_aarch64) by extensions ['python_setup_py']
[0.413s] Level 1:colcon.colcon_core.package_identification:_identify(lib_aarch64) by extension 'python_setup_py'
[0.413s] Level 1:colcon.colcon_core.package_identification:_identify(log) by extensions ['ignore', 'ignore_ament_install']
[0.413s] Level 1:colcon.colcon_core.package_identification:_identify(log) by extension 'ignore'
[0.413s] Level 1:colcon.colcon_core.package_identification:_identify(log) ignored
[0.414s] Level 1:colcon.colcon_core.package_identification:_identify(src) by extensions ['ignore', 'ignore_ament_install']
[0.414s] Level 1:colcon.colcon_core.package_identification:_identify(src) by extension 'ignore'
[0.414s] Level 1:colcon.colcon_core.package_identification:_identify(src) by extension 'ignore_ament_install'
[0.414s] Level 1:colcon.colcon_core.package_identification:_identify(src) by extensions ['colcon_pkg']
[0.414s] Level 1:colcon.colcon_core.package_identification:_identify(src) by extension 'colcon_pkg'
[0.414s] Level 1:colcon.colcon_core.package_identification:_identify(src) by extensions ['colcon_meta']
[0.414s] Level 1:colcon.colcon_core.package_identification:_identify(src) by extension 'colcon_meta'
[0.414s] Level 1:colcon.colcon_core.package_identification:_identify(src) by extensions ['ros']
[0.414s] Level 1:colcon.colcon_core.package_identification:_identify(src) by extension 'ros'
[0.414s] Level 1:colcon.colcon_core.package_identification:_identify(src) by extensions ['cmake', 'python']
[0.414s] Level 1:colcon.colcon_core.package_identification:_identify(src) by extension 'cmake'
[0.414s] Level 1:colcon.colcon_core.package_identification:_identify(src) by extension 'python'
[0.414s] Level 1:colcon.colcon_core.package_identification:_identify(src) by extensions ['python_setup_py']
[0.414s] Level 1:colcon.colcon_core.package_identification:_identify(src) by extension 'python_setup_py'
[0.414s] Level 1:colcon.colcon_core.package_identification:_identify(src/mecanum_bringup) by extensions ['ignore', 'ignore_ament_install']
[0.414s] Level 1:colcon.colcon_core.package_identification:_identify(src/mecanum_bringup) by extension 'ignore'
[0.414s] Level 1:colcon.colcon_core.package_identification:_identify(src/mecanum_bringup) by extension 'ignore_ament_install'
[0.414s] Level 1:colcon.colcon_core.package_identification:_identify(src/mecanum_bringup) by extensions ['colcon_pkg']
[0.414s] Level 1:colcon.colcon_core.package_identification:_identify(src/mecanum_bringup) by extension 'colcon_pkg'
[0.414s] Level 1:colcon.colcon_core.package_identification:_identify(src/mecanum_bringup) by extensions ['colcon_meta']
[0.414s] Level 1:colcon.colcon_core.package_identification:_identify(src/mecanum_bringup) by extension 'colcon_meta'
[0.414s] Level 1:colcon.colcon_core.package_identification:_identify(src/mecanum_bringup) by extensions ['ros']
[0.414s] Level 1:colcon.colcon_core.package_identification:_identify(src/mecanum_bringup) by extension 'ros'
[0.416s] DEBUG:colcon.colcon_core.package_identification:Package 'src/mecanum_bringup' with type 'ros.ament_cmake' and name 'mecanum_bringup'
[0.417s] Level 1:colcon.colcon_core.package_identification:_identify(src/mecanum_odometry) by extensions ['ignore', 'ignore_ament_install']
[0.417s] Level 1:colcon.colcon_core.package_identification:_identify(src/mecanum_odometry) by extension 'ignore'
[0.417s] Level 1:colcon.colcon_core.package_identification:_identify(src/mecanum_odometry) by extension 'ignore_ament_install'
[0.417s] Level 1:colcon.colcon_core.package_identification:_identify(src/mecanum_odometry) by extensions ['colcon_pkg']
[0.417s] Level 1:colcon.colcon_core.package_identification:_identify(src/mecanum_odometry) by extension 'colcon_pkg'
[0.417s] Level 1:colcon.colcon_core.package_identification:_identify(src/mecanum_odometry) by extensions ['colcon_meta']
[0.417s] Level 1:colcon.colcon_core.package_identification:_identify(src/mecanum_odometry) by extension 'colcon_meta'
[0.417s] Level 1:colcon.colcon_core.package_identification:_identify(src/mecanum_odometry) by extensions ['ros']
[0.417s] Level 1:colcon.colcon_core.package_identification:_identify(src/mecanum_odometry) by extension 'ros'
[0.417s] DEBUG:colcon.colcon_core.package_identification:Package 'src/mecanum_odometry' with type 'ros.ament_python' and name 'mecanum_odometry'
[0.417s] Level 1:colcon.colcon_core.package_identification:_identify(src/mobile_description) by extensions ['ignore', 'ignore_ament_install']
[0.418s] Level 1:colcon.colcon_core.package_identification:_identify(src/mobile_description) by extension 'ignore'
[0.418s] Level 1:colcon.colcon_core.package_identification:_identify(src/mobile_description) by extension 'ignore_ament_install'
[0.418s] Level 1:colcon.colcon_core.package_identification:_identify(src/mobile_description) by extensions ['colcon_pkg']
[0.418s] Level 1:colcon.colcon_core.package_identification:_identify(src/mobile_description) by extension 'colcon_pkg'
[0.418s] Level 1:colcon.colcon_core.package_identification:_identify(src/mobile_description) by extensions ['colcon_meta']
[0.418s] Level 1:colcon.colcon_core.package_identification:_identify(src/mobile_description) by extension 'colcon_meta'
[0.418s] Level 1:colcon.colcon_core.package_identification:_identify(src/mobile_description) by extensions ['ros']
[0.418s] Level 1:colcon.colcon_core.package_identification:_identify(src/mobile_description) by extension 'ros'
[0.418s] DEBUG:colcon.colcon_core.package_identification:Package 'src/mobile_description' with type 'ros.ament_python' and name 'mobile_description'
[0.419s] Level 1:colcon.colcon_core.package_identification:_identify(src/motor_control) by extensions ['ignore', 'ignore_ament_install']
[0.419s] Level 1:colcon.colcon_core.package_identification:_identify(src/motor_control) by extension 'ignore'
[0.419s] Level 1:colcon.colcon_core.package_identification:_identify(src/motor_control) by extension 'ignore_ament_install'
[0.419s] Level 1:colcon.colcon_core.package_identification:_identify(src/motor_control) by extensions ['colcon_pkg']
[0.419s] Level 1:colcon.colcon_core.package_identification:_identify(src/motor_control) by extension 'colcon_pkg'
[0.419s] Level 1:colcon.colcon_core.package_identification:_identify(src/motor_control) by extensions ['colcon_meta']
[0.419s] Level 1:colcon.colcon_core.package_identification:_identify(src/motor_control) by extension 'colcon_meta'
[0.419s] Level 1:colcon.colcon_core.package_identification:_identify(src/motor_control) by extensions ['ros']
[0.419s] Level 1:colcon.colcon_core.package_identification:_identify(src/motor_control) by extension 'ros'
[0.419s] DEBUG:colcon.colcon_core.package_identification:Package 'src/motor_control' with type 'ros.ament_python' and name 'motor_control'
[0.419s] Level 1:colcon.colcon_core.package_identification:_identify(src/stella_ahrs) by extensions ['ignore', 'ignore_ament_install']
[0.419s] Level 1:colcon.colcon_core.package_identification:_identify(src/stella_ahrs) by extension 'ignore'
[0.419s] Level 1:colcon.colcon_core.package_identification:_identify(src/stella_ahrs) by extension 'ignore_ament_install'
[0.419s] Level 1:colcon.colcon_core.package_identification:_identify(src/stella_ahrs) by extensions ['colcon_pkg']
[0.419s] Level 1:colcon.colcon_core.package_identification:_identify(src/stella_ahrs) by extension 'colcon_pkg'
[0.419s] Level 1:colcon.colcon_core.package_identification:_identify(src/stella_ahrs) by extensions ['colcon_meta']
[0.420s] Level 1:colcon.colcon_core.package_identification:_identify(src/stella_ahrs) by extension 'colcon_meta'
[0.420s] Level 1:colcon.colcon_core.package_identification:_identify(src/stella_ahrs) by extensions ['ros']
[0.420s] Level 1:colcon.colcon_core.package_identification:_identify(src/stella_ahrs) by extension 'ros'
[0.420s] DEBUG:colcon.colcon_core.package_identification:Package 'src/stella_ahrs' with type 'ros.ament_cmake' and name 'stella_ahrs'
[0.420s] Level 1:colcon.colcon_core.package_identification:_identify(src/teleop_keyboard) by extensions ['ignore', 'ignore_ament_install']
[0.420s] Level 1:colcon.colcon_core.package_identification:_identify(src/teleop_keyboard) by extension 'ignore'
[0.420s] Level 1:colcon.colcon_core.package_identification:_identify(src/teleop_keyboard) by extension 'ignore_ament_install'
[0.420s] Level 1:colcon.colcon_core.package_identification:_identify(src/teleop_keyboard) by extensions ['colcon_pkg']
[0.420s] Level 1:colcon.colcon_core.package_identification:_identify(src/teleop_keyboard) by extension 'colcon_pkg'
[0.421s] Level 1:colcon.colcon_core.package_identification:_identify(src/teleop_keyboard) by extensions ['colcon_meta']
[0.421s] Level 1:colcon.colcon_core.package_identification:_identify(src/teleop_keyboard) by extension 'colcon_meta'
[0.421s] Level 1:colcon.colcon_core.package_identification:_identify(src/teleop_keyboard) by extensions ['ros']
[0.421s] Level 1:colcon.colcon_core.package_identification:_identify(src/teleop_keyboard) by extension 'ros'
[0.421s] DEBUG:colcon.colcon_core.package_identification:Package 'src/teleop_keyboard' with type 'ros.ament_python' and name 'teleop_keyboard'
[0.421s] Level 1:colcon.colcon_core.package_identification:_identify(src/ydlidar_ros2_driver) by extensions ['ignore', 'ignore_ament_install']
[0.421s] Level 1:colcon.colcon_core.package_identification:_identify(src/ydlidar_ros2_driver) by extension 'ignore'
[0.421s] Level 1:colcon.colcon_core.package_identification:_identify(src/ydlidar_ros2_driver) by extension 'ignore_ament_install'
[0.421s] Level 1:colcon.colcon_core.package_identification:_identify(src/ydlidar_ros2_driver) by extensions ['colcon_pkg']
[0.421s] Level 1:colcon.colcon_core.package_identification:_identify(src/ydlidar_ros2_driver) by extension 'colcon_pkg'
[0.421s] Level 1:colcon.colcon_core.package_identification:_identify(src/ydlidar_ros2_driver) by extensions ['colcon_meta']
[0.421s] Level 1:colcon.colcon_core.package_identification:_identify(src/ydlidar_ros2_driver) by extension 'colcon_meta'
[0.421s] Level 1:colcon.colcon_core.package_identification:_identify(src/ydlidar_ros2_driver) by extensions ['ros']
[0.421s] Level 1:colcon.colcon_core.package_identification:_identify(src/ydlidar_ros2_driver) by extension 'ros'
[0.422s] DEBUG:colcon.colcon_core.package_identification:Package 'src/ydlidar_ros2_driver' with type 'ros.ament_cmake' and name 'ydlidar_ros2_driver'
[0.422s] Level 1:colcon.colcon_core.package_discovery:discover_packages(recursive) using defaults
[0.422s] Level 1:colcon.colcon_core.package_discovery:discover_packages(ignore) discover
[0.422s] Level 1:colcon.colcon_core.package_discovery:discover_packages(ignore) using defaults
[0.422s] Level 1:colcon.colcon_core.package_discovery:discover_packages(path) discover
[0.422s] Level 1:colcon.colcon_core.package_discovery:discover_packages(path) using defaults
[0.443s] Level 1:colcon.colcon_core.package_discovery:discover_packages(prefix_path) check parameters
[0.443s] Level 1:colcon.colcon_core.package_discovery:discover_packages(prefix_path) discover
[0.449s] DEBUG:colcon.colcon_installed_package_information.package_discovery:Found 7 installed packages in /home/ohj/mecanum-ros2/install
[0.451s] DEBUG:colcon.colcon_installed_package_information.package_discovery:Found 301 installed packages in /opt/ros/galactic
[0.454s] Level 1:colcon.colcon_core.package_discovery:discover_packages(prefix_path) using defaults
[0.514s] Level 5:colcon.colcon_core.verb:set package 'mecanum_bringup' build argument 'cmake_args' from command line to 'None'
[0.514s] Level 5:colcon.colcon_core.verb:set package 'mecanum_bringup' build argument 'cmake_target' from command line to 'None'
[0.514s] Level 5:colcon.colcon_core.verb:set package 'mecanum_bringup' build argument 'cmake_target_skip_unavailable' from command line to 'False'
[0.514s] Level 5:colcon.colcon_core.verb:set package 'mecanum_bringup' build argument 'cmake_clean_cache' from command line to 'False'
[0.514s] Level 5:colcon.colcon_core.verb:set package 'mecanum_bringup' build argument 'cmake_clean_first' from command line to 'False'
[0.514s] Level 5:colcon.colcon_core.verb:set package 'mecanum_bringup' build argument 'cmake_force_configure' from command line to 'False'
[0.514s] Level 5:colcon.colcon_core.verb:set package 'mecanum_bringup' build argument 'ament_cmake_args' from command line to 'None'
[0.514s] Level 5:colcon.colcon_core.verb:set package 'mecanum_bringup' build argument 'catkin_cmake_args' from command line to 'None'
[0.514s] Level 5:colcon.colcon_core.verb:set package 'mecanum_bringup' build argument 'catkin_skip_building_tests' from command line to 'False'
[0.514s] DEBUG:colcon.colcon_core.verb:Building package 'mecanum_bringup' with the following arguments: {'ament_cmake_args': None, 'build_base': '/home/ohj/mecanum-ros2/build/mecanum_bringup', 'catkin_cmake_args': None, 'catkin_skip_building_tests': False, 'cmake_args': None, 'cmake_clean_cache': False, 'cmake_clean_first': False, 'cmake_force_configure': False, 'cmake_target': None, 'cmake_target_skip_unavailable': False, 'install_base': '/home/ohj/mecanum-ros2/install/mecanum_bringup', 'merge_install': False, 'path': '/home/ohj/mecanum-ros2/src/mecanum_bringup', 'symlink_install': False, 'test_result_base': None}
[0.514s] Level 5:colcon.colcon_core.verb:set package 'mecanum_odometry' build argument 'cmake_args' from command line to 'None'
[0.514s] Level 5:colcon.colcon_core.verb:set package 'mecanum_odometry' build argument 'cmake_target' from command line to 'None'
[0.514s] Level 5:colcon.colcon_core.verb:set package 'mecanum_odometry' build argument 'cmake_target_skip_unavailable' from command line to 'False'
[0.514s] Level 5:colcon.colcon_core.verb:set package 'mecanum_odometry' build argument 'cmake_clean_cache' from command line to 'False'
[0.514s] Level 5:colcon.colcon_core.verb:set package 'mecanum_odometry' build argument 'cmake_clean_first' from command line to 'False'
[0.514s] Level 5:colcon.colcon_core.verb:set package 'mecanum_odometry' build argument 'cmake_force_configure' from command line to 'False'
[0.514s] Level 5:colcon.colcon_core.verb:set package 'mecanum_odometry' build argument 'ament_cmake_args' from command line to 'None'
[0.514s] Level 5:colcon.colcon_core.verb:set package 'mecanum_odometry' build argument 'catkin_cmake_args' from command line to 'None'
[0.514s] Level 5:colcon.colcon_core.verb:set package 'mecanum_odometry' build argument 'catkin_skip_building_tests' from command line to 'False'
[0.515s] DEBUG:colcon.colcon_core.verb:Building package 'mecanum_odometry' with the following arguments: {'ament_cmake_args': None, 'build_base': '/home/ohj/mecanum-ros2/build/mecanum_odometry', 'catkin_cmake_args': None, 'catkin_skip_building_tests': False, 'cmake_args': None, 'cmake_clean_cache': False, 'cmake_clean_first': False, 'cmake_force_configure': False, 'cmake_target': None, 'cmake_target_skip_unavailable': False, 'install_base': '/home/ohj/mecanum-ros2/install/mecanum_odometry', 'merge_install': False, 'path': '/home/ohj/mecanum-ros2/src/mecanum_odometry', 'symlink_install': False, 'test_result_base': None}
[0.515s] Level 5:colcon.colcon_core.verb:set package 'mobile_description' build argument 'cmake_args' from command line to 'None'
[0.515s] Level 5:colcon.colcon_core.verb:set package 'mobile_description' build argument 'cmake_target' from command line to 'None'
[0.515s] Level 5:colcon.colcon_core.verb:set package 'mobile_description' build argument 'cmake_target_skip_unavailable' from command line to 'False'
[0.515s] Level 5:colcon.colcon_core.verb:set package 'mobile_description' build argument 'cmake_clean_cache' from command line to 'False'
[0.515s] Level 5:colcon.colcon_core.verb:set package 'mobile_description' build argument 'cmake_clean_first' from command line to 'False'
[0.515s] Level 5:colcon.colcon_core.verb:set package 'mobile_description' build argument 'cmake_force_configure' from command line to 'False'
[0.515s] Level 5:colcon.colcon_core.verb:set package 'mobile_description' build argument 'ament_cmake_args' from command line to 'None'
[0.515s] Level 5:colcon.colcon_core.verb:set package 'mobile_description' build argument 'catkin_cmake_args' from command line to 'None'
[0.515s] Level 5:colcon.colcon_core.verb:set package 'mobile_description' build argument 'catkin_skip_building_tests' from command line to 'False'
[0.515s] DEBUG:colcon.colcon_core.verb:Building package 'mobile_description' with the following arguments: {'ament_cmake_args': None, 'build_base': '/home/ohj/mecanum-ros2/build/mobile_description', 'catkin_cmake_args': None, 'catkin_skip_building_tests': False, 'cmake_args': None, 'cmake_clean_cache': False, 'cmake_clean_first': False, 'cmake_force_configure': False, 'cmake_target': None, 'cmake_target_skip_unavailable': False, 'install_base': '/home/ohj/mecanum-ros2/install/mobile_description', 'merge_install': False, 'path': '/home/ohj/mecanum-ros2/src/mobile_description', 'symlink_install': False, 'test_result_base': None}
[0.516s] Level 5:colcon.colcon_core.verb:set package 'motor_control' build argument 'cmake_args' from command line to 'None'
[0.516s] Level 5:colcon.colcon_core.verb:set package 'motor_control' build argument 'cmake_target' from command line to 'None'
[0.516s] Level 5:colcon.colcon_core.verb:set package 'motor_control' build argument 'cmake_target_skip_unavailable' from command line to 'False'
[0.516s] Level 5:colcon.colcon_core.verb:set package 'motor_control' build argument 'cmake_clean_cache' from command line to 'False'
[0.516s] Level 5:colcon.colcon_core.verb:set package 'motor_control' build argument 'cmake_clean_first' from command line to 'False'
[0.516s] Level 5:colcon.colcon_core.verb:set package 'motor_control' build argument 'cmake_force_configure' from command line to 'False'
[0.516s] Level 5:colcon.colcon_core.verb:set package 'motor_control' build argument 'ament_cmake_args' from command line to 'None'
[0.516s] Level 5:colcon.colcon_core.verb:set package 'motor_control' build argument 'catkin_cmake_args' from command line to 'None'
[0.516s] Level 5:colcon.colcon_core.verb:set package 'motor_control' build argument 'catkin_skip_building_tests' from command line to 'False'
[0.516s] DEBUG:colcon.colcon_core.verb:Building package 'motor_control' with the following arguments: {'ament_cmake_args': None, 'build_base': '/home/ohj/mecanum-ros2/build/motor_control', 'catkin_cmake_args': None, 'catkin_skip_building_tests': False, 'cmake_args': None, 'cmake_clean_cache': False, 'cmake_clean_first': False, 'cmake_force_configure': False, 'cmake_target': None, 'cmake_target_skip_unavailable': False, 'install_base': '/home/ohj/mecanum-ros2/install/motor_control', 'merge_install': False, 'path': '/home/ohj/mecanum-ros2/src/motor_control', 'symlink_install': False, 'test_result_base': None}
[0.517s] Level 5:colcon.colcon_core.verb:set package 'stella_ahrs' build argument 'cmake_args' from command line to 'None'
[0.517s] Level 5:colcon.colcon_core.verb:set package 'stella_ahrs' build argument 'cmake_target' from command line to 'None'
[0.517s] Level 5:colcon.colcon_core.verb:set package 'stella_ahrs' build argument 'cmake_target_skip_unavailable' from command line to 'False'
[0.517s] Level 5:colcon.colcon_core.verb:set package 'stella_ahrs' build argument 'cmake_clean_cache' from command line to 'False'
[0.517s] Level 5:colcon.colcon_core.verb:set package 'stella_ahrs' build argument 'cmake_clean_first' from command line to 'False'
[0.517s] Level 5:colcon.colcon_core.verb:set package 'stella_ahrs' build argument 'cmake_force_configure' from command line to 'False'
[0.517s] Level 5:colcon.colcon_core.verb:set package 'stella_ahrs' build argument 'ament_cmake_args' from command line to 'None'
[0.517s] Level 5:colcon.colcon_core.verb:set package 'stella_ahrs' build argument 'catkin_cmake_args' from command line to 'None'
[0.517s] Level 5:colcon.colcon_core.verb:set package 'stella_ahrs' build argument 'catkin_skip_building_tests' from command line to 'False'
[0.517s] DEBUG:colcon.colcon_core.verb:Building package 'stella_ahrs' with the following arguments: {'ament_cmake_args': None, 'build_base': '/home/ohj/mecanum-ros2/build/stella_ahrs', 'catkin_cmake_args': None, 'catkin_skip_building_tests': False, 'cmake_args': None, 'cmake_clean_cache': False, 'cmake_clean_first': False, 'cmake_force_configure': False, 'cmake_target': None, 'cmake_target_skip_unavailable': False, 'install_base': '/home/ohj/mecanum-ros2/install/stella_ahrs', 'merge_install': False, 'path': '/home/ohj/mecanum-ros2/src/stella_ahrs', 'symlink_install': False, 'test_result_base': None}
[0.517s] Level 5:colcon.colcon_core.verb:set package 'teleop_keyboard' build argument 'cmake_args' from command line to 'None'
[0.517s] Level 5:colcon.colcon_core.verb:set package 'teleop_keyboard' build argument 'cmake_target' from command line to 'None'
[0.517s] Level 5:colcon.colcon_core.verb:set package 'teleop_keyboard' build argument 'cmake_target_skip_unavailable' from command line to 'False'
[0.517s] Level 5:colcon.colcon_core.verb:set package 'teleop_keyboard' build argument 'cmake_clean_cache' from command line to 'False'
[0.517s] Level 5:colcon.colcon_core.verb:set package 'teleop_keyboard' build argument 'cmake_clean_first' from command line to 'False'
[0.517s] Level 5:colcon.colcon_core.verb:set package 'teleop_keyboard' build argument 'cmake_force_configure' from command line to 'False'
[0.517s] Level 5:colcon.colcon_core.verb:set package 'teleop_keyboard' build argument 'ament_cmake_args' from command line to 'None'
[0.517s] Level 5:colcon.colcon_core.verb:set package 'teleop_keyboard' build argument 'catkin_cmake_args' from command line to 'None'
[0.517s] Level 5:colcon.colcon_core.verb:set package 'teleop_keyboard' build argument 'catkin_skip_building_tests' from command line to 'False'
[0.517s] DEBUG:colcon.colcon_core.verb:Building package 'teleop_keyboard' with the following arguments: {'ament_cmake_args': None, 'build_base': '/home/ohj/mecanum-ros2/build/teleop_keyboard', 'catkin_cmake_args': None, 'catkin_skip_building_tests': False, 'cmake_args': None, 'cmake_clean_cache': False, 'cmake_clean_first': False, 'cmake_force_configure': False, 'cmake_target': None, 'cmake_target_skip_unavailable': False, 'install_base': '/home/ohj/mecanum-ros2/install/teleop_keyboard', 'merge_install': False, 'path': '/home/ohj/mecanum-ros2/src/teleop_keyboard', 'symlink_install': False, 'test_result_base': None}
[0.518s] Level 5:colcon.colcon_core.verb:set package 'ydlidar_ros2_driver' build argument 'cmake_args' from command line to 'None'
[0.518s] Level 5:colcon.colcon_core.verb:set package 'ydlidar_ros2_driver' build argument 'cmake_target' from command line to 'None'
[0.518s] Level 5:colcon.colcon_core.verb:set package 'ydlidar_ros2_driver' build argument 'cmake_target_skip_unavailable' from command line to 'False'
[0.518s] Level 5:colcon.colcon_core.verb:set package 'ydlidar_ros2_driver' build argument 'cmake_clean_cache' from command line to 'False'
[0.518s] Level 5:colcon.colcon_core.verb:set package 'ydlidar_ros2_driver' build argument 'cmake_clean_first' from command line to 'False'
[0.518s] Level 5:colcon.colcon_core.verb:set package 'ydlidar_ros2_driver' build argument 'cmake_force_configure' from command line to 'False'
[0.518s] Level 5:colcon.colcon_core.verb:set package 'ydlidar_ros2_driver' build argument 'ament_cmake_args' from command line to 'None'
[0.518s] Level 5:colcon.colcon_core.verb:set package 'ydlidar_ros2_driver' build argument 'catkin_cmake_args' from command line to 'None'
[0.518s] Level 5:colcon.colcon_core.verb:set package 'ydlidar_ros2_driver' build argument 'catkin_skip_building_tests' from command line to 'False'
[0.518s] DEBUG:colcon.colcon_core.verb:Building package 'ydlidar_ros2_driver' with the following arguments: {'ament_cmake_args': None, 'build_base': '/home/ohj/mecanum-ros2/build/ydlidar_ros2_driver', 'catkin_cmake_args': None, 'catkin_skip_building_tests': False, 'cmake_args': None, 'cmake_clean_cache': False, 'cmake_clean_first': False, 'cmake_force_configure': False, 'cmake_target': None, 'cmake_target_skip_unavailable': False, 'install_base': '/home/ohj/mecanum-ros2/install/ydlidar_ros2_driver', 'merge_install': False, 'path': '/home/ohj/mecanum-ros2/src/ydlidar_ros2_driver', 'symlink_install': False, 'test_result_base': None}
[0.518s] INFO:colcon.colcon_core.executor:Executing jobs using 'parallel' executor
[0.521s] DEBUG:colcon.colcon_parallel_executor.executor.parallel:run_until_complete
[0.521s] INFO:colcon.colcon_ros.task.ament_cmake.build:Building ROS package in '/home/ohj/mecanum-ros2/src/mecanum_bringup' with build type 'ament_cmake'
[0.521s] INFO:colcon.colcon_cmake.task.cmake.build:Building CMake package in '/home/ohj/mecanum-ros2/src/mecanum_bringup'
[0.526s] INFO:colcon.colcon_core.plugin_system:Skipping extension 'colcon_core.shell.bat': Not used on non-Windows systems
[0.526s] INFO:colcon.colcon_core.shell:Skip shell extension 'powershell' for command environment: Not usable outside of PowerShell
[0.526s] DEBUG:colcon.colcon_core.shell:Skip shell extension 'dsv' for command environment
[0.530s] INFO:colcon.colcon_ros.task.ament_python.build:Building ROS package in '/home/ohj/mecanum-ros2/src/mecanum_odometry' with build type 'ament_python'
[0.531s] Level 1:colcon.colcon_core.shell:create_environment_hook('mecanum_odometry', 'ament_prefix_path')
[0.532s] INFO:colcon.colcon_core.shell:Creating environment hook '/home/ohj/mecanum-ros2/install/mecanum_odometry/share/mecanum_odometry/hook/ament_prefix_path.ps1'
[0.532s] INFO:colcon.colcon_core.shell:Creating environment descriptor '/home/ohj/mecanum-ros2/install/mecanum_odometry/share/mecanum_odometry/hook/ament_prefix_path.dsv'
[0.533s] INFO:colcon.colcon_core.shell:Creating environment hook '/home/ohj/mecanum-ros2/install/mecanum_odometry/share/mecanum_odometry/hook/ament_prefix_path.sh'
[0.534s] INFO:colcon.colcon_core.shell:Skip shell extension 'powershell' for command environment: Not usable outside of PowerShell
[0.534s] DEBUG:colcon.colcon_core.shell:Skip shell extension 'dsv' for command environment
[0.538s] INFO:colcon.colcon_ros.task.ament_python.build:Building ROS package in '/home/ohj/mecanum-ros2/src/mobile_description' with build type 'ament_python'
[0.538s] Level 1:colcon.colcon_core.shell:create_environment_hook('mobile_description', 'ament_prefix_path')
[0.539s] INFO:colcon.colcon_core.shell:Creating environment hook '/home/ohj/mecanum-ros2/install/mobile_description/share/mobile_description/hook/ament_prefix_path.ps1'
[0.540s] INFO:colcon.colcon_core.shell:Creating environment descriptor '/home/ohj/mecanum-ros2/install/mobile_description/share/mobile_description/hook/ament_prefix_path.dsv'
[0.540s] INFO:colcon.colcon_core.shell:Creating environment hook '/home/ohj/mecanum-ros2/install/mobile_description/share/mobile_description/hook/ament_prefix_path.sh'
[0.541s] INFO:colcon.colcon_core.shell:Skip shell extension 'powershell' for command environment: Not usable outside of PowerShell
[0.541s] DEBUG:colcon.colcon_core.shell:Skip shell extension 'dsv' for command environment
[0.545s] INFO:colcon.colcon_ros.task.ament_python.build:Building ROS package in '/home/ohj/mecanum-ros2/src/motor_control' with build type 'ament_python'
[0.545s] Level 1:colcon.colcon_core.shell:create_environment_hook('motor_control', 'ament_prefix_path')
[0.546s] INFO:colcon.colcon_core.shell:Creating environment hook '/home/ohj/mecanum-ros2/install/motor_control/share/motor_control/hook/ament_prefix_path.ps1'
[0.546s] INFO:colcon.colcon_core.shell:Creating environment descriptor '/home/ohj/mecanum-ros2/install/motor_control/share/motor_control/hook/ament_prefix_path.dsv'
[0.546s] INFO:colcon.colcon_core.shell:Creating environment hook '/home/ohj/mecanum-ros2/install/motor_control/share/motor_control/hook/ament_prefix_path.sh'
[0.547s] INFO:colcon.colcon_core.shell:Skip shell extension 'powershell' for command environment: Not usable outside of PowerShell
[0.547s] DEBUG:colcon.colcon_core.shell:Skip shell extension 'dsv' for command environment
[0.551s] INFO:colcon.colcon_ros.task.ament_cmake.build:Building ROS package in '/home/ohj/mecanum-ros2/src/stella_ahrs' with build type 'ament_cmake'
[0.551s] INFO:colcon.colcon_cmake.task.cmake.build:Building CMake package in '/home/ohj/mecanum-ros2/src/stella_ahrs'
[0.552s] INFO:colcon.colcon_core.shell:Skip shell extension 'powershell' for command environment: Not usable outside of PowerShell
[0.552s] DEBUG:colcon.colcon_core.shell:Skip shell extension 'dsv' for command environment
[0.556s] INFO:colcon.colcon_ros.task.ament_python.build:Building ROS package in '/home/ohj/mecanum-ros2/src/teleop_keyboard' with build type 'ament_python'
[0.556s] Level 1:colcon.colcon_core.shell:create_environment_hook('teleop_keyboard', 'ament_prefix_path')
[0.557s] INFO:colcon.colcon_core.shell:Creating environment hook '/home/ohj/mecanum-ros2/install/teleop_keyboard/share/teleop_keyboard/hook/ament_prefix_path.ps1'
[0.558s] INFO:colcon.colcon_core.shell:Creating environment descriptor '/home/ohj/mecanum-ros2/install/teleop_keyboard/share/teleop_keyboard/hook/ament_prefix_path.dsv'
[0.558s] INFO:colcon.colcon_core.shell:Creating environment hook '/home/ohj/mecanum-ros2/install/teleop_keyboard/share/teleop_keyboard/hook/ament_prefix_path.sh'
[0.559s] INFO:colcon.colcon_core.shell:Skip shell extension 'powershell' for command environment: Not usable outside of PowerShell
[0.559s] DEBUG:colcon.colcon_core.shell:Skip shell extension 'dsv' for command environment
[0.562s] INFO:colcon.colcon_ros.task.ament_cmake.build:Building ROS package in '/home/ohj/mecanum-ros2/src/ydlidar_ros2_driver' with build type 'ament_cmake'
[0.562s] INFO:colcon.colcon_cmake.task.cmake.build:Building CMake package in '/home/ohj/mecanum-ros2/src/ydlidar_ros2_driver'
[0.563s] INFO:colcon.colcon_core.shell:Skip shell extension 'powershell' for command environment: Not usable outside of PowerShell
[0.563s] DEBUG:colcon.colcon_core.shell:Skip shell extension 'dsv' for command environment
[0.571s] DEBUG:colcon.colcon_core.event_handler.log_command:Invoking command in '/home/ohj/mecanum-ros2/build/mecanum_bringup': CMAKE_PREFIX_PATH=${CMAKE_PREFIX_PATH}:/home/ohj/mecanum-ros2/install/teleop_keyboard:/home/ohj/mecanum-ros2/install/motor_control:/home/ohj/mecanum-ros2/install/mobile_description:/home/ohj/mecanum-ros2/install/mecanum_odometry:/opt/ros/galactic /usr/bin/cmake --build /home/ohj/mecanum-ros2/build/mecanum_bringup -- -j16 -l16
[0.720s] INFO:colcon.colcon_core.task.python.build:Building Python package in '/home/ohj/mecanum-ros2/src/mecanum_odometry'
[0.723s] INFO:colcon.colcon_core.shell:Skip shell extension 'powershell' for command environment: Not usable outside of PowerShell
[0.723s] DEBUG:colcon.colcon_core.shell:Skip shell extension 'dsv' for command environment
[0.881s] INFO:colcon.colcon_core.task.python.build:Building Python package in '/home/ohj/mecanum-ros2/src/mobile_description'
[0.884s] INFO:colcon.colcon_core.shell:Skip shell extension 'powershell' for command environment: Not usable outside of PowerShell
[0.884s] DEBUG:colcon.colcon_core.shell:Skip shell extension 'dsv' for command environment
[1.043s] INFO:colcon.colcon_core.task.python.build:Building Python package in '/home/ohj/mecanum-ros2/src/motor_control'
[1.046s] INFO:colcon.colcon_core.shell:Skip shell extension 'powershell' for command environment: Not usable outside of PowerShell
[1.046s] DEBUG:colcon.colcon_core.shell:Skip shell extension 'dsv' for command environment
[1.060s] DEBUG:colcon.colcon_core.event_handler.log_command:Invoking command in '/home/ohj/mecanum-ros2/build/stella_ahrs': CMAKE_PREFIX_PATH=${CMAKE_PREFIX_PATH}:/home/ohj/mecanum-ros2/install/teleop_keyboard:/home/ohj/mecanum-ros2/install/motor_control:/home/ohj/mecanum-ros2/install/mobile_description:/home/ohj/mecanum-ros2/install/mecanum_odometry:/opt/ros/galactic /usr/bin/cmake --build /home/ohj/mecanum-ros2/build/stella_ahrs -- -j16 -l16
[1.212s] INFO:colcon.colcon_core.task.python.build:Building Python package in '/home/ohj/mecanum-ros2/src/teleop_keyboard'
[1.214s] INFO:colcon.colcon_core.shell:Skip shell extension 'powershell' for command environment: Not usable outside of PowerShell
[1.215s] DEBUG:colcon.colcon_core.shell:Skip shell extension 'dsv' for command environment
[1.232s] DEBUG:colcon.colcon_core.event_handler.log_command:Invoking command in '/home/ohj/mecanum-ros2/build/ydlidar_ros2_driver': CMAKE_PREFIX_PATH=${CMAKE_PREFIX_PATH}:/home/ohj/mecanum-ros2/install/teleop_keyboard:/home/ohj/mecanum-ros2/install/motor_control:/home/ohj/mecanum-ros2/install/mobile_description:/home/ohj/mecanum-ros2/install/mecanum_odometry:/opt/ros/galactic /usr/bin/cmake --build /home/ohj/mecanum-ros2/build/ydlidar_ros2_driver -- -j16 -l16
[1.232s] DEBUG:colcon.colcon_core.event_handler.log_command:Invoked command in '/home/ohj/mecanum-ros2/build/mecanum_bringup' returned '0': CMAKE_PREFIX_PATH=${CMAKE_PREFIX_PATH}:/home/ohj/mecanum-ros2/install/teleop_keyboard:/home/ohj/mecanum-ros2/install/motor_control:/home/ohj/mecanum-ros2/install/mobile_description:/home/ohj/mecanum-ros2/install/mecanum_odometry:/opt/ros/galactic /usr/bin/cmake --build /home/ohj/mecanum-ros2/build/mecanum_bringup -- -j16 -l16
[1.235s] DEBUG:colcon.colcon_core.event_handler.log_command:Invoked command in '/home/ohj/mecanum-ros2/build/stella_ahrs' returned '0': CMAKE_PREFIX_PATH=${CMAKE_PREFIX_PATH}:/home/ohj/mecanum-ros2/install/teleop_keyboard:/home/ohj/mecanum-ros2/install/motor_control:/home/ohj/mecanum-ros2/install/mobile_description:/home/ohj/mecanum-ros2/install/mecanum_odometry:/opt/ros/galactic /usr/bin/cmake --build /home/ohj/mecanum-ros2/build/stella_ahrs -- -j16 -l16
[1.259s] DEBUG:colcon.colcon_core.event_handler.log_command:Invoking command in '/home/ohj/mecanum-ros2/build/mecanum_bringup': CMAKE_PREFIX_PATH=${CMAKE_PREFIX_PATH}:/home/ohj/mecanum-ros2/install/teleop_keyboard:/home/ohj/mecanum-ros2/install/motor_control:/home/ohj/mecanum-ros2/install/mobile_description:/home/ohj/mecanum-ros2/install/mecanum_odometry:/opt/ros/galactic /usr/bin/cmake --install /home/ohj/mecanum-ros2/build/mecanum_bringup
[1.263s] DEBUG:colcon.colcon_core.event_handler.log_command:Invoking command in '/home/ohj/mecanum-ros2/build/stella_ahrs': CMAKE_PREFIX_PATH=${CMAKE_PREFIX_PATH}:/home/ohj/mecanum-ros2/install/teleop_keyboard:/home/ohj/mecanum-ros2/install/motor_control:/home/ohj/mecanum-ros2/install/mobile_description:/home/ohj/mecanum-ros2/install/mecanum_odometry:/opt/ros/galactic /usr/bin/cmake --install /home/ohj/mecanum-ros2/build/stella_ahrs
[1.271s] Level 1:colcon.colcon_core.environment:create_environment_scripts_only(mecanum_bringup)
[1.272s] DEBUG:colcon.colcon_core.event_handler.log_command:Invoked command in '/home/ohj/mecanum-ros2/build/mecanum_bringup' returned '0': CMAKE_PREFIX_PATH=${CMAKE_PREFIX_PATH}:/home/ohj/mecanum-ros2/install/teleop_keyboard:/home/ohj/mecanum-ros2/install/motor_control:/home/ohj/mecanum-ros2/install/mobile_description:/home/ohj/mecanum-ros2/install/mecanum_odometry:/opt/ros/galactic /usr/bin/cmake --install /home/ohj/mecanum-ros2/build/mecanum_bringup
[1.280s] Level 1:colcon.colcon_core.environment:checking '/home/ohj/mecanum-ros2/install/mecanum_bringup' for CMake module files
[1.280s] Level 1:colcon.colcon_core.environment:checking '/home/ohj/mecanum-ros2/install/mecanum_bringup' for CMake config files
[1.281s] Level 1:colcon.colcon_core.shell:create_environment_hook('mecanum_bringup', 'cmake_prefix_path')
[1.282s] INFO:colcon.colcon_core.shell:Creating environment hook '/home/ohj/mecanum-ros2/install/mecanum_bringup/share/mecanum_bringup/hook/cmake_prefix_path.ps1'
[1.283s] INFO:colcon.colcon_core.shell:Creating environment descriptor '/home/ohj/mecanum-ros2/install/mecanum_bringup/share/mecanum_bringup/hook/cmake_prefix_path.dsv'
[1.283s] INFO:colcon.colcon_core.shell:Creating environment hook '/home/ohj/mecanum-ros2/install/mecanum_bringup/share/mecanum_bringup/hook/cmake_prefix_path.sh'
[1.284s] Level 1:colcon.colcon_core.environment:checking '/home/ohj/mecanum-ros2/install/mecanum_bringup/bin'
[1.284s] Level 1:colcon.colcon_core.environment:checking '/home/ohj/mecanum-ros2/install/mecanum_bringup/lib/pkgconfig/mecanum_bringup.pc'
[1.284s] Level 1:colcon.colcon_core.environment:checking '/home/ohj/mecanum-ros2/install/mecanum_bringup/lib/python3.8/site-packages'
[1.284s] Level 1:colcon.colcon_core.environment:checking '/home/ohj/mecanum-ros2/install/mecanum_bringup/bin'
[1.286s] INFO:colcon.colcon_core.shell:Creating package script '/home/ohj/mecanum-ros2/install/mecanum_bringup/share/mecanum_bringup/package.ps1'
[1.287s] INFO:colcon.colcon_core.shell:Creating package descriptor '/home/ohj/mecanum-ros2/install/mecanum_bringup/share/mecanum_bringup/package.dsv'
[1.287s] INFO:colcon.colcon_core.shell:Creating package script '/home/ohj/mecanum-ros2/install/mecanum_bringup/share/mecanum_bringup/package.sh'
[1.288s] INFO:colcon.colcon_core.shell:Creating package script '/home/ohj/mecanum-ros2/install/mecanum_bringup/share/mecanum_bringup/package.bash'
[1.289s] INFO:colcon.colcon_core.shell:Creating package script '/home/ohj/mecanum-ros2/install/mecanum_bringup/share/mecanum_bringup/package.zsh'
[1.290s] Level 1:colcon.colcon_core.environment:create_file_with_runtime_dependencies(/home/ohj/mecanum-ros2/install/mecanum_bringup/share/colcon-core/packages/mecanum_bringup)
[1.294s] Level 1:colcon.colcon_core.environment:create_environment_scripts_only(stella_ahrs)
[1.296s] Level 1:colcon.colcon_core.environment:checking '/home/ohj/mecanum-ros2/install/stella_ahrs' for CMake module files
[1.297s] DEBUG:colcon.colcon_core.event_handler.log_command:Invoked command in '/home/ohj/mecanum-ros2/build/stella_ahrs' returned '0': CMAKE_PREFIX_PATH=${CMAKE_PREFIX_PATH}:/home/ohj/mecanum-ros2/install/teleop_keyboard:/home/ohj/mecanum-ros2/install/motor_control:/home/ohj/mecanum-ros2/install/mobile_description:/home/ohj/mecanum-ros2/install/mecanum_odometry:/opt/ros/galactic /usr/bin/cmake --install /home/ohj/mecanum-ros2/build/stella_ahrs
[1.297s] Level 1:colcon.colcon_core.environment:checking '/home/ohj/mecanum-ros2/install/stella_ahrs' for CMake config files
[1.298s] Level 1:colcon.colcon_core.shell:create_environment_hook('stella_ahrs', 'cmake_prefix_path')
[1.299s] INFO:colcon.colcon_core.shell:Creating environment hook '/home/ohj/mecanum-ros2/install/stella_ahrs/share/stella_ahrs/hook/cmake_prefix_path.ps1'
[1.300s] INFO:colcon.colcon_core.shell:Creating environment descriptor '/home/ohj/mecanum-ros2/install/stella_ahrs/share/stella_ahrs/hook/cmake_prefix_path.dsv'
[1.300s] INFO:colcon.colcon_core.shell:Creating environment hook '/home/ohj/mecanum-ros2/install/stella_ahrs/share/stella_ahrs/hook/cmake_prefix_path.sh'
[1.301s] Level 1:colcon.colcon_core.environment:checking '/home/ohj/mecanum-ros2/install/stella_ahrs/lib'
[1.301s] Level 1:colcon.colcon_core.environment:checking '/home/ohj/mecanum-ros2/install/stella_ahrs/bin'
[1.301s] Level 1:colcon.colcon_core.environment:checking '/home/ohj/mecanum-ros2/install/stella_ahrs/lib/pkgconfig/stella_ahrs.pc'
[1.301s] Level 1:colcon.colcon_core.environment:checking '/home/ohj/mecanum-ros2/install/stella_ahrs/lib/python3.8/site-packages'
[1.301s] Level 1:colcon.colcon_core.environment:checking '/home/ohj/mecanum-ros2/install/stella_ahrs/bin'
[1.303s] INFO:colcon.colcon_core.shell:Creating package script '/home/ohj/mecanum-ros2/install/stella_ahrs/share/stella_ahrs/package.ps1'
[1.303s] INFO:colcon.colcon_core.shell:Creating package descriptor '/home/ohj/mecanum-ros2/install/stella_ahrs/share/stella_ahrs/package.dsv'
[1.304s] INFO:colcon.colcon_core.shell:Creating package script '/home/ohj/mecanum-ros2/install/stella_ahrs/share/stella_ahrs/package.sh'
[1.304s] INFO:colcon.colcon_core.shell:Creating package script '/home/ohj/mecanum-ros2/install/stella_ahrs/share/stella_ahrs/package.bash'
[1.304s] INFO:colcon.colcon_core.shell:Creating package script '/home/ohj/mecanum-ros2/install/stella_ahrs/share/stella_ahrs/package.zsh'
[1.305s] Level 1:colcon.colcon_core.environment:create_file_with_runtime_dependencies(/home/ohj/mecanum-ros2/install/stella_ahrs/share/colcon-core/packages/stella_ahrs)
[1.310s] DEBUG:colcon.colcon_core.event_handler.log_command:Invoked command in '/home/ohj/mecanum-ros2/build/ydlidar_ros2_driver' returned '0': CMAKE_PREFIX_PATH=${CMAKE_PREFIX_PATH}:/home/ohj/mecanum-ros2/install/teleop_keyboard:/home/ohj/mecanum-ros2/install/motor_control:/home/ohj/mecanum-ros2/install/mobile_description:/home/ohj/mecanum-ros2/install/mecanum_odometry:/opt/ros/galactic /usr/bin/cmake --build /home/ohj/mecanum-ros2/build/ydlidar_ros2_driver -- -j16 -l16
[1.312s] Level 1:colcon.colcon_core.environment:create_environment_scripts_only(mecanum_bringup)
[1.314s] Level 1:colcon.colcon_core.environment:checking '/home/ohj/mecanum-ros2/install/mecanum_bringup' for CMake module files
[1.314s] Level 1:colcon.colcon_core.environment:checking '/home/ohj/mecanum-ros2/install/mecanum_bringup' for CMake config files
[1.314s] Level 1:colcon.colcon_core.shell:create_environment_hook('mecanum_bringup', 'cmake_prefix_path')
[1.315s] INFO:colcon.colcon_core.shell:Creating environment hook '/home/ohj/mecanum-ros2/install/mecanum_bringup/share/mecanum_bringup/hook/cmake_prefix_path.ps1'
[1.315s] INFO:colcon.colcon_core.shell:Creating environment descriptor '/home/ohj/mecanum-ros2/install/mecanum_bringup/share/mecanum_bringup/hook/cmake_prefix_path.dsv'
[1.315s] INFO:colcon.colcon_core.shell:Creating environment hook '/home/ohj/mecanum-ros2/install/mecanum_bringup/share/mecanum_bringup/hook/cmake_prefix_path.sh'
[1.316s] Level 1:colcon.colcon_core.environment:checking '/home/ohj/mecanum-ros2/install/mecanum_bringup/bin'
[1.316s] Level 1:colcon.colcon_core.environment:checking '/home/ohj/mecanum-ros2/install/mecanum_bringup/lib/pkgconfig/mecanum_bringup.pc'
[1.316s] Level 1:colcon.colcon_core.environment:checking '/home/ohj/mecanum-ros2/install/mecanum_bringup/lib/python3.8/site-packages'
[1.316s] Level 1:colcon.colcon_core.environment:checking '/home/ohj/mecanum-ros2/install/mecanum_bringup/bin'
[1.317s] INFO:colcon.colcon_core.shell:Creating package script '/home/ohj/mecanum-ros2/install/mecanum_bringup/share/mecanum_bringup/package.ps1'
[1.318s] INFO:colcon.colcon_core.shell:Creating package descriptor '/home/ohj/mecanum-ros2/install/mecanum_bringup/share/mecanum_bringup/package.dsv'
[1.318s] INFO:colcon.colcon_core.shell:Creating package script '/home/ohj/mecanum-ros2/install/mecanum_bringup/share/mecanum_bringup/package.sh'
[1.318s] INFO:colcon.colcon_core.shell:Creating package script '/home/ohj/mecanum-ros2/install/mecanum_bringup/share/mecanum_bringup/package.bash'
[1.318s] INFO:colcon.colcon_core.shell:Creating package script '/home/ohj/mecanum-ros2/install/mecanum_bringup/share/mecanum_bringup/package.zsh'
[1.319s] Level 1:colcon.colcon_core.environment:create_file_with_runtime_dependencies(/home/ohj/mecanum-ros2/install/mecanum_bringup/share/colcon-core/packages/mecanum_bringup)
[1.327s] Level 1:colcon.colcon_core.environment:create_environment_scripts_only(stella_ahrs)
[1.329s] Level 1:colcon.colcon_core.environment:checking '/home/ohj/mecanum-ros2/install/stella_ahrs' for CMake module files
[1.330s] Level 1:colcon.colcon_core.environment:checking '/home/ohj/mecanum-ros2/install/stella_ahrs' for CMake config files
[1.330s] Level 1:colcon.colcon_core.shell:create_environment_hook('stella_ahrs', 'cmake_prefix_path')
[1.331s] INFO:colcon.colcon_core.shell:Creating environment hook '/home/ohj/mecanum-ros2/install/stella_ahrs/share/stella_ahrs/hook/cmake_prefix_path.ps1'
[1.332s] INFO:colcon.colcon_core.shell:Creating environment descriptor '/home/ohj/mecanum-ros2/install/stella_ahrs/share/stella_ahrs/hook/cmake_prefix_path.dsv'
[1.332s] INFO:colcon.colcon_core.shell:Creating environment hook '/home/ohj/mecanum-ros2/install/stella_ahrs/share/stella_ahrs/hook/cmake_prefix_path.sh'
[1.333s] Level 1:colcon.colcon_core.environment:checking '/home/ohj/mecanum-ros2/install/stella_ahrs/lib'
[1.333s] Level 1:colcon.colcon_core.environment:checking '/home/ohj/mecanum-ros2/install/stella_ahrs/bin'
[1.333s] Level 1:colcon.colcon_core.environment:checking '/home/ohj/mecanum-ros2/install/stella_ahrs/lib/pkgconfig/stella_ahrs.pc'
[1.333s] Level 1:colcon.colcon_core.environment:checking '/home/ohj/mecanum-ros2/install/stella_ahrs/lib/python3.8/site-packages'
[1.333s] Level 1:colcon.colcon_core.environment:checking '/home/ohj/mecanum-ros2/install/stella_ahrs/bin'
[1.335s] INFO:colcon.colcon_core.shell:Creating package script '/home/ohj/mecanum-ros2/install/stella_ahrs/share/stella_ahrs/package.ps1'
[1.335s] INFO:colcon.colcon_core.shell:Creating package descriptor '/home/ohj/mecanum-ros2/install/stella_ahrs/share/stella_ahrs/package.dsv'
[1.335s] INFO:colcon.colcon_core.shell:Creating package script '/home/ohj/mecanum-ros2/install/stella_ahrs/share/stella_ahrs/package.sh'
[1.336s] INFO:colcon.colcon_core.shell:Creating package script '/home/ohj/mecanum-ros2/install/stella_ahrs/share/stella_ahrs/package.bash'
[1.336s] INFO:colcon.colcon_core.shell:Creating package script '/home/ohj/mecanum-ros2/install/stella_ahrs/share/stella_ahrs/package.zsh'
[1.336s] Level 1:colcon.colcon_core.environment:create_file_with_runtime_dependencies(/home/ohj/mecanum-ros2/install/stella_ahrs/share/colcon-core/packages/stella_ahrs)
[1.340s] DEBUG:colcon.colcon_core.event_handler.log_command:Invoking command in '/home/ohj/mecanum-ros2/build/ydlidar_ros2_driver': CMAKE_PREFIX_PATH=${CMAKE_PREFIX_PATH}:/home/ohj/mecanum-ros2/install/teleop_keyboard:/home/ohj/mecanum-ros2/install/motor_control:/home/ohj/mecanum-ros2/install/mobile_description:/home/ohj/mecanum-ros2/install/mecanum_odometry:/opt/ros/galactic /usr/bin/cmake --install /home/ohj/mecanum-ros2/build/ydlidar_ros2_driver
[1.352s] Level 1:colcon.colcon_core.environment:create_environment_scripts_only(ydlidar_ros2_driver)
[1.354s] Level 1:colcon.colcon_core.environment:checking '/home/ohj/mecanum-ros2/install/ydlidar_ros2_driver' for CMake module files
[1.354s] DEBUG:colcon.colcon_core.event_handler.log_command:Invoked command in '/home/ohj/mecanum-ros2/build/ydlidar_ros2_driver' returned '0': CMAKE_PREFIX_PATH=${CMAKE_PREFIX_PATH}:/home/ohj/mecanum-ros2/install/teleop_keyboard:/home/ohj/mecanum-ros2/install/motor_control:/home/ohj/mecanum-ros2/install/mobile_description:/home/ohj/mecanum-ros2/install/mecanum_odometry:/opt/ros/galactic /usr/bin/cmake --install /home/ohj/mecanum-ros2/build/ydlidar_ros2_driver
[1.354s] Level 1:colcon.colcon_core.environment:checking '/home/ohj/mecanum-ros2/install/ydlidar_ros2_driver' for CMake config files
[1.355s] Level 1:colcon.colcon_core.shell:create_environment_hook('ydlidar_ros2_driver', 'cmake_prefix_path')
[1.355s] INFO:colcon.colcon_core.shell:Creating environment hook '/home/ohj/mecanum-ros2/install/ydlidar_ros2_driver/share/ydlidar_ros2_driver/hook/cmake_prefix_path.ps1'
[1.356s] INFO:colcon.colcon_core.shell:Creating environment descriptor '/home/ohj/mecanum-ros2/install/ydlidar_ros2_driver/share/ydlidar_ros2_driver/hook/cmake_prefix_path.dsv'
[1.356s] INFO:colcon.colcon_core.shell:Creating environment hook '/home/ohj/mecanum-ros2/install/ydlidar_ros2_driver/share/ydlidar_ros2_driver/hook/cmake_prefix_path.sh'
[1.356s] Level 1:colcon.colcon_core.environment:checking '/home/ohj/mecanum-ros2/install/ydlidar_ros2_driver/lib'
[1.356s] Level 1:colcon.colcon_core.environment:checking '/home/ohj/mecanum-ros2/install/ydlidar_ros2_driver/bin'
[1.356s] Level 1:colcon.colcon_core.environment:checking '/home/ohj/mecanum-ros2/install/ydlidar_ros2_driver/lib/pkgconfig/ydlidar_ros2_driver.pc'
[1.357s] Level 1:colcon.colcon_core.environment:checking '/home/ohj/mecanum-ros2/install/ydlidar_ros2_driver/lib/python3.8/site-packages'
[1.357s] Level 1:colcon.colcon_core.environment:checking '/home/ohj/mecanum-ros2/install/ydlidar_ros2_driver/bin'
[1.357s] INFO:colcon.colcon_core.shell:Creating package script '/home/ohj/mecanum-ros2/install/ydlidar_ros2_driver/share/ydlidar_ros2_driver/package.ps1'
[1.358s] INFO:colcon.colcon_core.shell:Creating package descriptor '/home/ohj/mecanum-ros2/install/ydlidar_ros2_driver/share/ydlidar_ros2_driver/package.dsv'
[1.358s] INFO:colcon.colcon_core.shell:Creating package script '/home/ohj/mecanum-ros2/install/ydlidar_ros2_driver/share/ydlidar_ros2_driver/package.sh'
[1.358s] INFO:colcon.colcon_core.shell:Creating package script '/home/ohj/mecanum-ros2/install/ydlidar_ros2_driver/share/ydlidar_ros2_driver/package.bash'
[1.358s] INFO:colcon.colcon_core.shell:Creating package script '/home/ohj/mecanum-ros2/install/ydlidar_ros2_driver/share/ydlidar_ros2_driver/package.zsh'
[1.359s] Level 1:colcon.colcon_core.environment:create_file_with_runtime_dependencies(/home/ohj/mecanum-ros2/install/ydlidar_ros2_driver/share/colcon-core/packages/ydlidar_ros2_driver)
[1.385s] Level 1:colcon.colcon_core.environment:create_environment_scripts_only(ydlidar_ros2_driver)
[1.387s] Level 1:colcon.colcon_core.environment:checking '/home/ohj/mecanum-ros2/install/ydlidar_ros2_driver' for CMake module files
[1.388s] Level 1:colcon.colcon_core.environment:checking '/home/ohj/mecanum-ros2/install/ydlidar_ros2_driver' for CMake config files
[1.388s] Level 1:colcon.colcon_core.shell:create_environment_hook('ydlidar_ros2_driver', 'cmake_prefix_path')
[1.390s] INFO:colcon.colcon_core.shell:Creating environment hook '/home/ohj/mecanum-ros2/install/ydlidar_ros2_driver/share/ydlidar_ros2_driver/hook/cmake_prefix_path.ps1'
[1.390s] INFO:colcon.colcon_core.shell:Creating environment descriptor '/home/ohj/mecanum-ros2/install/ydlidar_ros2_driver/share/ydlidar_ros2_driver/hook/cmake_prefix_path.dsv'
[1.390s] INFO:colcon.colcon_core.shell:Creating environment hook '/home/ohj/mecanum-ros2/install/ydlidar_ros2_driver/share/ydlidar_ros2_driver/hook/cmake_prefix_path.sh'
[1.391s] Level 1:colcon.colcon_core.environment:checking '/home/ohj/mecanum-ros2/install/ydlidar_ros2_driver/lib'
[1.391s] Level 1:colcon.colcon_core.environment:checking '/home/ohj/mecanum-ros2/install/ydlidar_ros2_driver/bin'
[1.391s] Level 1:colcon.colcon_core.environment:checking '/home/ohj/mecanum-ros2/install/ydlidar_ros2_driver/lib/pkgconfig/ydlidar_ros2_driver.pc'
[1.391s] Level 1:colcon.colcon_core.environment:checking '/home/ohj/mecanum-ros2/install/ydlidar_ros2_driver/lib/python3.8/site-packages'
[1.391s] Level 1:colcon.colcon_core.environment:checking '/home/ohj/mecanum-ros2/install/ydlidar_ros2_driver/bin'
[1.393s] INFO:colcon.colcon_core.shell:Creating package script '/home/ohj/mecanum-ros2/install/ydlidar_ros2_driver/share/ydlidar_ros2_driver/package.ps1'
[1.393s] INFO:colcon.colcon_core.shell:Creating package descriptor '/home/ohj/mecanum-ros2/install/ydlidar_ros2_driver/share/ydlidar_ros2_driver/package.dsv'
[1.393s] INFO:colcon.colcon_core.shell:Creating package script '/home/ohj/mecanum-ros2/install/ydlidar_ros2_driver/share/ydlidar_ros2_driver/package.sh'
[1.394s] INFO:colcon.colcon_core.shell:Creating package script '/home/ohj/mecanum-ros2/install/ydlidar_ros2_driver/share/ydlidar_ros2_driver/package.bash'
[1.394s] INFO:colcon.colcon_core.shell:Creating package script '/home/ohj/mecanum-ros2/install/ydlidar_ros2_driver/share/ydlidar_ros2_driver/package.zsh'
[1.395s] Level 1:colcon.colcon_core.environment:create_file_with_runtime_dependencies(/home/ohj/mecanum-ros2/install/ydlidar_ros2_driver/share/colcon-core/packages/ydlidar_ros2_driver)
[1.552s] DEBUG:colcon.colcon_core.event_handler.log_command:Invoking command in '/home/ohj/mecanum-ros2/src/mecanum_odometry': PYTHONPATH=/home/ohj/mecanum-ros2/build/mecanum_odometry/prefix_override:/home/ohj/mecanum-ros2/install/mecanum_odometry/lib/python3.8/site-packages:${PYTHONPATH} /usr/bin/python3 setup.py egg_info --egg-base ../../build/mecanum_odometry build --build-base /home/ohj/mecanum-ros2/build/mecanum_odometry/build install --record /home/ohj/mecanum-ros2/build/mecanum_odometry/install.log --single-version-externally-managed
[1.558s] DEBUG:colcon.colcon_core.event_handler.log_command:Invoking command in '/home/ohj/mecanum-ros2/src/teleop_keyboard': PYTHONPATH=/home/ohj/mecanum-ros2/build/teleop_keyboard/prefix_override:/home/ohj/mecanum-ros2/install/teleop_keyboard/lib/python3.8/site-packages:${PYTHONPATH} /usr/bin/python3 setup.py egg_info --egg-base ../../build/teleop_keyboard build --build-base /home/ohj/mecanum-ros2/build/teleop_keyboard/build install --record /home/ohj/mecanum-ros2/build/teleop_keyboard/install.log --single-version-externally-managed
[1.561s] DEBUG:colcon.colcon_core.event_handler.log_command:Invoking command in '/home/ohj/mecanum-ros2/src/motor_control': PYTHONPATH=/home/ohj/mecanum-ros2/build/motor_control/prefix_override:/home/ohj/mecanum-ros2/install/motor_control/lib/python3.8/site-packages:${PYTHONPATH} /usr/bin/python3 setup.py egg_info --egg-base ../../build/motor_control build --build-base /home/ohj/mecanum-ros2/build/motor_control/build install --record /home/ohj/mecanum-ros2/build/motor_control/install.log --single-version-externally-managed
[1.563s] DEBUG:colcon.colcon_core.event_handler.log_command:Invoking command in '/home/ohj/mecanum-ros2/src/mobile_description': PYTHONPATH=/home/ohj/mecanum-ros2/build/mobile_description/prefix_override:/home/ohj/mecanum-ros2/install/mobile_description/lib/python3.8/site-packages:${PYTHONPATH} /usr/bin/python3 setup.py egg_info --egg-base ../../build/mobile_description build --build-base /home/ohj/mecanum-ros2/build/mobile_description/build install --record /home/ohj/mecanum-ros2/build/mobile_description/install.log --single-version-externally-managed
[1.774s] Level 1:colcon.colcon_core.environment:checking '/home/ohj/mecanum-ros2/install/teleop_keyboard' for CMake module files
[1.775s] DEBUG:colcon.colcon_core.event_handler.log_command:Invoked command in '/home/ohj/mecanum-ros2/src/teleop_keyboard' returned '0': PYTHONPATH=/home/ohj/mecanum-ros2/build/teleop_keyboard/prefix_override:/home/ohj/mecanum-ros2/install/teleop_keyboard/lib/python3.8/site-packages:${PYTHONPATH} /usr/bin/python3 setup.py egg_info --egg-base ../../build/teleop_keyboard build --build-base /home/ohj/mecanum-ros2/build/teleop_keyboard/build install --record /home/ohj/mecanum-ros2/build/teleop_keyboard/install.log --single-version-externally-managed
[1.775s] Level 1:colcon.colcon_core.environment:checking '/home/ohj/mecanum-ros2/install/teleop_keyboard' for CMake config files
[1.776s] Level 1:colcon.colcon_core.environment:checking '/home/ohj/mecanum-ros2/install/teleop_keyboard/lib'
[1.776s] Level 1:colcon.colcon_core.environment:checking '/home/ohj/mecanum-ros2/install/teleop_keyboard/bin'
[1.776s] Level 1:colcon.colcon_core.environment:checking '/home/ohj/mecanum-ros2/install/teleop_keyboard/lib/pkgconfig/teleop_keyboard.pc'
[1.776s] Level 1:colcon.colcon_core.environment:checking '/home/ohj/mecanum-ros2/install/teleop_keyboard/lib/python3.8/site-packages'
[1.776s] Level 1:colcon.colcon_core.shell:create_environment_hook('teleop_keyboard', 'pythonpath')
[1.777s] INFO:colcon.colcon_core.shell:Creating environment hook '/home/ohj/mecanum-ros2/install/teleop_keyboard/share/teleop_keyboard/hook/pythonpath.ps1'
[1.777s] INFO:colcon.colcon_core.shell:Creating environment descriptor '/home/ohj/mecanum-ros2/install/teleop_keyboard/share/teleop_keyboard/hook/pythonpath.dsv'
[1.777s] INFO:colcon.colcon_core.shell:Creating environment hook '/home/ohj/mecanum-ros2/install/teleop_keyboard/share/teleop_keyboard/hook/pythonpath.sh'
[1.778s] Level 1:colcon.colcon_core.environment:checking '/home/ohj/mecanum-ros2/install/teleop_keyboard/bin'
[1.778s] Level 1:colcon.colcon_core.environment:create_environment_scripts_only(teleop_keyboard)
[1.779s] INFO:colcon.colcon_core.shell:Creating package script '/home/ohj/mecanum-ros2/install/teleop_keyboard/share/teleop_keyboard/package.ps1'
[1.779s] INFO:colcon.colcon_core.shell:Creating package descriptor '/home/ohj/mecanum-ros2/install/teleop_keyboard/share/teleop_keyboard/package.dsv'
[1.779s] INFO:colcon.colcon_core.shell:Creating package script '/home/ohj/mecanum-ros2/install/teleop_keyboard/share/teleop_keyboard/package.sh'
[1.779s] INFO:colcon.colcon_core.shell:Creating package script '/home/ohj/mecanum-ros2/install/teleop_keyboard/share/teleop_keyboard/package.bash'
[1.780s] INFO:colcon.colcon_core.shell:Creating package script '/home/ohj/mecanum-ros2/install/teleop_keyboard/share/teleop_keyboard/package.zsh'
[1.780s] Level 1:colcon.colcon_core.environment:create_file_with_runtime_dependencies(/home/ohj/mecanum-ros2/install/teleop_keyboard/share/colcon-core/packages/teleop_keyboard)
[1.782s] Level 1:colcon.colcon_core.environment:checking '/home/ohj/mecanum-ros2/install/motor_control' for CMake module files
[1.782s] Level 1:colcon.colcon_core.environment:checking '/home/ohj/mecanum-ros2/install/motor_control' for CMake config files
[1.783s] DEBUG:colcon.colcon_core.event_handler.log_command:Invoked command in '/home/ohj/mecanum-ros2/src/motor_control' returned '0': PYTHONPATH=/home/ohj/mecanum-ros2/build/motor_control/prefix_override:/home/ohj/mecanum-ros2/install/motor_control/lib/python3.8/site-packages:${PYTHONPATH} /usr/bin/python3 setup.py egg_info --egg-base ../../build/motor_control build --build-base /home/ohj/mecanum-ros2/build/motor_control/build install --record /home/ohj/mecanum-ros2/build/motor_control/install.log --single-version-externally-managed
[1.783s] Level 1:colcon.colcon_core.environment:checking '/home/ohj/mecanum-ros2/install/motor_control/lib'
[1.783s] Level 1:colcon.colcon_core.environment:checking '/home/ohj/mecanum-ros2/install/motor_control/bin'
[1.783s] Level 1:colcon.colcon_core.environment:checking '/home/ohj/mecanum-ros2/install/motor_control/lib/pkgconfig/motor_control.pc'
[1.783s] Level 1:colcon.colcon_core.environment:checking '/home/ohj/mecanum-ros2/install/motor_control/lib/python3.8/site-packages'
[1.783s] Level 1:colcon.colcon_core.shell:create_environment_hook('motor_control', 'pythonpath')
[1.784s] INFO:colcon.colcon_core.shell:Creating environment hook '/home/ohj/mecanum-ros2/install/motor_control/share/motor_control/hook/pythonpath.ps1'
[1.784s] INFO:colcon.colcon_core.shell:Creating environment descriptor '/home/ohj/mecanum-ros2/install/motor_control/share/motor_control/hook/pythonpath.dsv'
[1.785s] INFO:colcon.colcon_core.shell:Creating environment hook '/home/ohj/mecanum-ros2/install/motor_control/share/motor_control/hook/pythonpath.sh'
[1.785s] Level 1:colcon.colcon_core.environment:checking '/home/ohj/mecanum-ros2/install/motor_control/bin'
[1.785s] Level 1:colcon.colcon_core.environment:create_environment_scripts_only(motor_control)
[1.786s] INFO:colcon.colcon_core.shell:Creating package script '/home/ohj/mecanum-ros2/install/motor_control/share/motor_control/package.ps1'
[1.786s] INFO:colcon.colcon_core.shell:Creating package descriptor '/home/ohj/mecanum-ros2/install/motor_control/share/motor_control/package.dsv'
[1.786s] INFO:colcon.colcon_core.shell:Creating package script '/home/ohj/mecanum-ros2/install/motor_control/share/motor_control/package.sh'
[1.787s] INFO:colcon.colcon_core.shell:Creating package script '/home/ohj/mecanum-ros2/install/motor_control/share/motor_control/package.bash'
[1.787s] INFO:colcon.colcon_core.shell:Creating package script '/home/ohj/mecanum-ros2/install/motor_control/share/motor_control/package.zsh'
[1.787s] Level 1:colcon.colcon_core.environment:create_file_with_runtime_dependencies(/home/ohj/mecanum-ros2/install/motor_control/share/colcon-core/packages/motor_control)
[1.789s] Level 1:colcon.colcon_core.environment:checking '/home/ohj/mecanum-ros2/install/mobile_description' for CMake module files
[1.789s] Level 1:colcon.colcon_core.environment:checking '/home/ohj/mecanum-ros2/install/mobile_description' for CMake config files
[1.790s] DEBUG:colcon.colcon_core.event_handler.log_command:Invoked command in '/home/ohj/mecanum-ros2/src/mobile_description' returned '0': PYTHONPATH=/home/ohj/mecanum-ros2/build/mobile_description/prefix_override:/home/ohj/mecanum-ros2/install/mobile_description/lib/python3.8/site-packages:${PYTHONPATH} /usr/bin/python3 setup.py egg_info --egg-base ../../build/mobile_description build --build-base /home/ohj/mecanum-ros2/build/mobile_description/build install --record /home/ohj/mecanum-ros2/build/mobile_description/install.log --single-version-externally-managed
[1.790s] Level 1:colcon.colcon_core.environment:checking '/home/ohj/mecanum-ros2/install/mobile_description/lib'
[1.790s] Level 1:colcon.colcon_core.environment:checking '/home/ohj/mecanum-ros2/install/mobile_description/bin'
[1.790s] Level 1:colcon.colcon_core.environment:checking '/home/ohj/mecanum-ros2/install/mobile_description/lib/pkgconfig/mobile_description.pc'
[1.790s] Level 1:colcon.colcon_core.environment:checking '/home/ohj/mecanum-ros2/install/mobile_description/lib/python3.8/site-packages'
[1.790s] Level 1:colcon.colcon_core.shell:create_environment_hook('mobile_description', 'pythonpath')
[1.791s] INFO:colcon.colcon_core.shell:Creating environment hook '/home/ohj/mecanum-ros2/install/mobile_description/share/mobile_description/hook/pythonpath.ps1'
[1.791s] INFO:colcon.colcon_core.shell:Creating environment descriptor '/home/ohj/mecanum-ros2/install/mobile_description/share/mobile_description/hook/pythonpath.dsv'
[1.791s] INFO:colcon.colcon_core.shell:Creating environment hook '/home/ohj/mecanum-ros2/install/mobile_description/share/mobile_description/hook/pythonpath.sh'
[1.792s] Level 1:colcon.colcon_core.environment:checking '/home/ohj/mecanum-ros2/install/mobile_description/bin'
[1.792s] Level 1:colcon.colcon_core.environment:create_environment_scripts_only(mobile_description)
[1.793s] INFO:colcon.colcon_core.shell:Creating package script '/home/ohj/mecanum-ros2/install/mobile_description/share/mobile_description/package.ps1'
[1.793s] INFO:colcon.colcon_core.shell:Creating package descriptor '/home/ohj/mecanum-ros2/install/mobile_description/share/mobile_description/package.dsv'
[1.793s] INFO:colcon.colcon_core.shell:Creating package script '/home/ohj/mecanum-ros2/install/mobile_description/share/mobile_description/package.sh'
[1.793s] INFO:colcon.colcon_core.shell:Creating package script '/home/ohj/mecanum-ros2/install/mobile_description/share/mobile_description/package.bash'
[1.794s] INFO:colcon.colcon_core.shell:Creating package script '/home/ohj/mecanum-ros2/install/mobile_description/share/mobile_description/package.zsh'
[1.794s] Level 1:colcon.colcon_core.environment:create_file_with_runtime_dependencies(/home/ohj/mecanum-ros2/install/mobile_description/share/colcon-core/packages/mobile_description)
[1.795s] Level 1:colcon.colcon_core.environment:checking '/home/ohj/mecanum-ros2/install/mecanum_odometry' for CMake module files
[1.796s] Level 1:colcon.colcon_core.environment:checking '/home/ohj/mecanum-ros2/install/mecanum_odometry' for CMake config files
[1.796s] DEBUG:colcon.colcon_core.event_handler.log_command:Invoked command in '/home/ohj/mecanum-ros2/src/mecanum_odometry' returned '0': PYTHONPATH=/home/ohj/mecanum-ros2/build/mecanum_odometry/prefix_override:/home/ohj/mecanum-ros2/install/mecanum_odometry/lib/python3.8/site-packages:${PYTHONPATH} /usr/bin/python3 setup.py egg_info --egg-base ../../build/mecanum_odometry build --build-base /home/ohj/mecanum-ros2/build/mecanum_odometry/build install --record /home/ohj/mecanum-ros2/build/mecanum_odometry/install.log --single-version-externally-managed
[1.796s] Level 1:colcon.colcon_core.environment:checking '/home/ohj/mecanum-ros2/install/mecanum_odometry/lib'
[1.796s] Level 1:colcon.colcon_core.environment:checking '/home/ohj/mecanum-ros2/install/mecanum_odometry/bin'
[1.796s] Level 1:colcon.colcon_core.environment:checking '/home/ohj/mecanum-ros2/install/mecanum_odometry/lib/pkgconfig/mecanum_odometry.pc'
[1.797s] Level 1:colcon.colcon_core.environment:checking '/home/ohj/mecanum-ros2/install/mecanum_odometry/lib/python3.8/site-packages'
[1.797s] Level 1:colcon.colcon_core.shell:create_environment_hook('mecanum_odometry', 'pythonpath')
[1.797s] INFO:colcon.colcon_core.shell:Creating environment hook '/home/ohj/mecanum-ros2/install/mecanum_odometry/share/mecanum_odometry/hook/pythonpath.ps1'
[1.798s] INFO:colcon.colcon_core.shell:Creating environment descriptor '/home/ohj/mecanum-ros2/install/mecanum_odometry/share/mecanum_odometry/hook/pythonpath.dsv'
[1.798s] INFO:colcon.colcon_core.shell:Creating environment hook '/home/ohj/mecanum-ros2/install/mecanum_odometry/share/mecanum_odometry/hook/pythonpath.sh'
[1.798s] Level 1:colcon.colcon_core.environment:checking '/home/ohj/mecanum-ros2/install/mecanum_odometry/bin'
[1.798s] Level 1:colcon.colcon_core.environment:create_environment_scripts_only(mecanum_odometry)
[1.799s] INFO:colcon.colcon_core.shell:Creating package script '/home/ohj/mecanum-ros2/install/mecanum_odometry/share/mecanum_odometry/package.ps1'
[1.799s] INFO:colcon.colcon_core.shell:Creating package descriptor '/home/ohj/mecanum-ros2/install/mecanum_odometry/share/mecanum_odometry/package.dsv'
[1.800s] INFO:colcon.colcon_core.shell:Creating package script '/home/ohj/mecanum-ros2/install/mecanum_odometry/share/mecanum_odometry/package.sh'
[1.800s] INFO:colcon.colcon_core.shell:Creating package script '/home/ohj/mecanum-ros2/install/mecanum_odometry/share/mecanum_odometry/package.bash'
[1.800s] INFO:colcon.colcon_core.shell:Creating package script '/home/ohj/mecanum-ros2/install/mecanum_odometry/share/mecanum_odometry/package.zsh'
[1.800s] Level 1:colcon.colcon_core.environment:create_file_with_runtime_dependencies(/home/ohj/mecanum-ros2/install/mecanum_odometry/share/colcon-core/packages/mecanum_odometry)
[1.800s] DEBUG:colcon.colcon_parallel_executor.executor.parallel:closing loop
[1.800s] DEBUG:colcon.colcon_parallel_executor.executor.parallel:loop closed
[1.800s] DEBUG:colcon.colcon_parallel_executor.executor.parallel:run_until_complete finished with '0'
[1.801s] DEBUG:colcon.colcon_core.event_reactor:joining thread
[1.808s] INFO:colcon.colcon_core.plugin_system:Skipping extension 'colcon_notification.desktop_notification.terminal_notifier': Not used on non-Darwin systems
[1.808s] INFO:colcon.colcon_core.plugin_system:Skipping extension 'colcon_notification.desktop_notification.win32': Not used on non-Windows systems
[1.808s] INFO:colcon.colcon_notification.desktop_notification:Sending desktop notification using 'notify2'
[1.851s] DEBUG:colcon.colcon_core.event_reactor:joined thread
[1.853s] INFO:colcon.colcon_core.shell:Creating prefix script '/home/ohj/mecanum-ros2/install/local_setup.ps1'
[1.854s] INFO:colcon.colcon_core.shell:Creating prefix util module '/home/ohj/mecanum-ros2/install/_local_setup_util_ps1.py'
[1.856s] INFO:colcon.colcon_core.shell:Creating prefix chain script '/home/ohj/mecanum-ros2/install/setup.ps1'
[1.858s] INFO:colcon.colcon_core.shell:Creating prefix script '/home/ohj/mecanum-ros2/install/local_setup.sh'
[1.858s] INFO:colcon.colcon_core.shell:Creating prefix util module '/home/ohj/mecanum-ros2/install/_local_setup_util_sh.py'
[1.858s] INFO:colcon.colcon_core.shell:Creating prefix chain script '/home/ohj/mecanum-ros2/install/setup.sh'
[1.859s] INFO:colcon.colcon_core.shell:Creating prefix script '/home/ohj/mecanum-ros2/install/local_setup.bash'
[1.860s] INFO:colcon.colcon_core.shell:Creating prefix chain script '/home/ohj/mecanum-ros2/install/setup.bash'
[1.861s] INFO:colcon.colcon_core.shell:Creating prefix script '/home/ohj/mecanum-ros2/install/local_setup.zsh'
[1.861s] INFO:colcon.colcon_core.shell:Creating prefix chain script '/home/ohj/mecanum-ros2/install/setup.zsh'
