[1.029s] Invoking command in '/home/ohj/mecanum-ros2/src/mobile_description': PYTHONPATH=/home/ohj/mecanum-ros2/build/mobile_description/prefix_override:/home/ohj/mecanum-ros2/install/mobile_description/lib/python3.8/site-packages:${PYTHONPATH} /usr/bin/python3 setup.py egg_info --egg-base ../../build/mobile_description build --build-base /home/ohj/mecanum-ros2/build/mobile_description/build install --record /home/ohj/mecanum-ros2/build/mobile_description/install.log --single-version-externally-managed
[1.163s] running egg_info
[1.164s] writing ../../build/mobile_description/mobile_description.egg-info/PKG-INFO
[1.164s] writing dependency_links to ../../build/mobile_description/mobile_description.egg-info/dependency_links.txt
[1.164s] writing entry points to ../../build/mobile_description/mobile_description.egg-info/entry_points.txt
[1.164s] writing requirements to ../../build/mobile_description/mobile_description.egg-info/requires.txt
[1.164s] writing top-level names to ../../build/mobile_description/mobile_description.egg-info/top_level.txt
[1.183s] reading manifest file '../../build/mobile_description/mobile_description.egg-info/SOURCES.txt'
[1.184s] writing manifest file '../../build/mobile_description/mobile_description.egg-info/SOURCES.txt'
[1.184s] running build
[1.184s] running build_py
[1.184s] running install
[1.184s] running install_lib
[1.185s] running install_data
[1.186s] running install_egg_info
[1.187s] removing '/home/ohj/mecanum-ros2/install/mobile_description/lib/python3.8/site-packages/mobile_description-0.0.0-py3.8.egg-info' (and everything under it)
[1.187s] Copying ../../build/mobile_description/mobile_description.egg-info to /home/ohj/mecanum-ros2/install/mobile_description/lib/python3.8/site-packages/mobile_description-0.0.0-py3.8.egg-info
[1.187s] running install_scripts
[1.198s] writing list of installed files to '/home/ohj/mecanum-ros2/build/mobile_description/install.log'
[1.215s] Invoked command in '/home/ohj/mecanum-ros2/src/mobile_description' returned '0': PYTHONPATH=/home/ohj/mecanum-ros2/build/mobile_description/prefix_override:/home/ohj/mecanum-ros2/install/mobile_description/lib/python3.8/site-packages:${PYTHONPATH} /usr/bin/python3 setup.py egg_info --egg-base ../../build/mobile_description build --build-base /home/ohj/mecanum-ros2/build/mobile_description/build install --record /home/ohj/mecanum-ros2/build/mobile_description/install.log --single-version-externally-managed
