[0.160s] Invoking command in '/home/jetson/mecanum-ros2/build/dynamixel_sdk': CMAKE_PREFIX_PATH=${CMAKE_PREFIX_PATH}:/home/jetson/mecanum-ros2/install/teleop_keyboard:/home/jetson/mecanum-ros2/install/motor_control:/home/jetson/mecanum-ros2/install/mobile_description:/home/jetson/mecanum-ros2/install/mecanum_odometry:/home/jetson/mecanum-ros2/install/mecanum_cartographer:/home/jetson/mecanum-ros2/install/manipulator:/opt/ros/galactic /usr/bin/cmake /home/jetson/mecanum-ros2/src/DynamixelSDK/dynamixel_sdk -DCMAKE_INSTALL_PREFIX=/home/jetson/mecanum-ros2/install/dynamixel_sdk
[1.858s] -- The C compiler identification is GNU 8.4.0
[1.860s] -- The CXX compiler identification is GNU 8.4.0
[1.861s] -- Check for working C compiler: /usr/bin/cc
[1.862s] -- Check for working C compiler: /usr/bin/cc -- works
[1.863s] -- Detecting C compiler ABI info
[1.868s] -- Detecting C compiler ABI info - done
[1.871s] -- Detecting C compile features
[1.872s] -- Detecting C compile features - done
[1.873s] -- Check for working CXX compiler: /usr/bin/c++
[1.873s] -- Check for working CXX compiler: /usr/bin/c++ -- works
[1.874s] -- Detecting CXX compiler ABI info
[2.148s] -- Detecting CXX compiler ABI info - done
[2.202s] -- Detecting CXX compile features
[2.205s] -- Detecting CXX compile features - done
[2.220s] -- Found ament_cmake: 1.1.6 (/opt/ros/galactic/share/ament_cmake/cmake)
[2.342s] -- Found PythonInterp: /usr/bin/python3 (found suitable version "3.8.10", minimum required is "3") 
[2.343s] -- Using PYTHON_EXECUTABLE: /usr/bin/python3
[3.038s] -- Configuring done
[3.056s] -- Generating done
[3.061s] -- Build files have been written to: /home/jetson/mecanum-ros2/build/dynamixel_sdk
[3.081s] Invoked command in '/home/jetson/mecanum-ros2/build/dynamixel_sdk' returned '0': CMAKE_PREFIX_PATH=${CMAKE_PREFIX_PATH}:/home/jetson/mecanum-ros2/install/teleop_keyboard:/home/jetson/mecanum-ros2/install/motor_control:/home/jetson/mecanum-ros2/install/mobile_description:/home/jetson/mecanum-ros2/install/mecanum_odometry:/home/jetson/mecanum-ros2/install/mecanum_cartographer:/home/jetson/mecanum-ros2/install/manipulator:/opt/ros/galactic /usr/bin/cmake /home/jetson/mecanum-ros2/src/DynamixelSDK/dynamixel_sdk -DCMAKE_INSTALL_PREFIX=/home/jetson/mecanum-ros2/install/dynamixel_sdk
[3.083s] Invoking command in '/home/jetson/mecanum-ros2/build/dynamixel_sdk': CMAKE_PREFIX_PATH=${CMAKE_PREFIX_PATH}:/home/jetson/mecanum-ros2/install/teleop_keyboard:/home/jetson/mecanum-ros2/install/motor_control:/home/jetson/mecanum-ros2/install/mobile_description:/home/jetson/mecanum-ros2/install/mecanum_odometry:/home/jetson/mecanum-ros2/install/mecanum_cartographer:/home/jetson/mecanum-ros2/install/manipulator:/opt/ros/galactic /usr/bin/cmake --build /home/jetson/mecanum-ros2/build/dynamixel_sdk -- -j4 -l4
[3.245s] [35m[1mScanning dependencies of target dynamixel_sdk[0m
[3.296s] [ 10%] [32mBuilding CXX object CMakeFiles/dynamixel_sdk.dir/src/dynamixel_sdk/packet_handler.cpp.o[0m
[3.334s] [ 20%] [32mBuilding CXX object CMakeFiles/dynamixel_sdk.dir/src/dynamixel_sdk/protocol1_packet_handler.cpp.o[0m
[3.376s] [ 30%] [32mBuilding CXX object CMakeFiles/dynamixel_sdk.dir/src/dynamixel_sdk/group_sync_read.cpp.o[0m
[3.378s] [ 40%] [32mBuilding CXX object CMakeFiles/dynamixel_sdk.dir/src/dynamixel_sdk/protocol2_packet_handler.cpp.o[0m
[3.835s] [ 50%] [32mBuilding CXX object CMakeFiles/dynamixel_sdk.dir/src/dynamixel_sdk/group_sync_write.cpp.o[0m
[4.524s] [ 60%] [32mBuilding CXX object CMakeFiles/dynamixel_sdk.dir/src/dynamixel_sdk/group_bulk_read.cpp.o[0m
[5.184s] [ 70%] [32mBuilding CXX object CMakeFiles/dynamixel_sdk.dir/src/dynamixel_sdk/group_bulk_write.cpp.o[0m
[6.791s] [ 80%] [32mBuilding CXX object CMakeFiles/dynamixel_sdk.dir/src/dynamixel_sdk/port_handler.cpp.o[0m
[6.891s] [ 90%] [32mBuilding CXX object CMakeFiles/dynamixel_sdk.dir/src/dynamixel_sdk/port_handler_linux.cpp.o[0m
[8.079s] [100%] [32m[1mLinking CXX shared library libdynamixel_sdk.so[0m
[8.387s] [100%] Built target dynamixel_sdk
[8.993s] Invoked command in '/home/jetson/mecanum-ros2/build/dynamixel_sdk' returned '0': CMAKE_PREFIX_PATH=${CMAKE_PREFIX_PATH}:/home/jetson/mecanum-ros2/install/teleop_keyboard:/home/jetson/mecanum-ros2/install/motor_control:/home/jetson/mecanum-ros2/install/mobile_description:/home/jetson/mecanum-ros2/install/mecanum_odometry:/home/jetson/mecanum-ros2/install/mecanum_cartographer:/home/jetson/mecanum-ros2/install/manipulator:/opt/ros/galactic /usr/bin/cmake --build /home/jetson/mecanum-ros2/build/dynamixel_sdk -- -j4 -l4
[9.239s] Invoking command in '/home/jetson/mecanum-ros2/build/dynamixel_sdk': CMAKE_PREFIX_PATH=${CMAKE_PREFIX_PATH}:/home/jetson/mecanum-ros2/install/teleop_keyboard:/home/jetson/mecanum-ros2/install/motor_control:/home/jetson/mecanum-ros2/install/mobile_description:/home/jetson/mecanum-ros2/install/mecanum_odometry:/home/jetson/mecanum-ros2/install/mecanum_cartographer:/home/jetson/mecanum-ros2/install/manipulator:/opt/ros/galactic /usr/bin/cmake --install /home/jetson/mecanum-ros2/build/dynamixel_sdk
[9.321s] -- Install configuration: ""
[9.322s] -- Installing: /home/jetson/mecanum-ros2/install/dynamixel_sdk/include/
[9.322s] -- Installing: /home/jetson/mecanum-ros2/install/dynamixel_sdk/include//dynamixel_sdk
[9.323s] -- Installing: /home/jetson/mecanum-ros2/install/dynamixel_sdk/include//dynamixel_sdk/group_bulk_write.h
[9.323s] -- Installing: /home/jetson/mecanum-ros2/install/dynamixel_sdk/include//dynamixel_sdk/port_handler_arduino.h
[9.324s] -- Installing: /home/jetson/mecanum-ros2/install/dynamixel_sdk/include//dynamixel_sdk/group_bulk_read.h
[9.324s] -- Installing: /home/jetson/mecanum-ros2/install/dynamixel_sdk/include//dynamixel_sdk/group_sync_read.h
[9.325s] -- Installing: /home/jetson/mecanum-ros2/install/dynamixel_sdk/include//dynamixel_sdk/packet_handler.h
[9.325s] -- Installing: /home/jetson/mecanum-ros2/install/dynamixel_sdk/include//dynamixel_sdk/protocol1_packet_handler.h
[9.336s] -- Installing: /home/jetson/mecanum-ros2/install/dynamixel_sdk/include//dynamixel_sdk/protocol2_packet_handler.h
[9.337s] -- Installing: /home/jetson/mecanum-ros2/install/dynamixel_sdk/include//dynamixel_sdk/port_handler.h
[9.338s] -- Installing: /home/jetson/mecanum-ros2/install/dynamixel_sdk/include//dynamixel_sdk/port_handler_windows.h
[9.338s] -- Installing: /home/jetson/mecanum-ros2/install/dynamixel_sdk/include//dynamixel_sdk/port_handler_mac.h
[9.339s] -- Installing: /home/jetson/mecanum-ros2/install/dynamixel_sdk/include//dynamixel_sdk/group_sync_write.h
[9.339s] -- Installing: /home/jetson/mecanum-ros2/install/dynamixel_sdk/include//dynamixel_sdk/dynamixel_sdk.h
[9.340s] -- Installing: /home/jetson/mecanum-ros2/install/dynamixel_sdk/include//dynamixel_sdk/port_handler_linux.h
[9.340s] -- Installing: /home/jetson/mecanum-ros2/install/dynamixel_sdk/lib/libdynamixel_sdk.so
[9.343s] -- Installing: /home/jetson/mecanum-ros2/install/dynamixel_sdk/share/dynamixel_sdk/environment/library_path.sh
[9.344s] -- Installing: /home/jetson/mecanum-ros2/install/dynamixel_sdk/share/dynamixel_sdk/environment/library_path.dsv
[9.345s] -- Installing: /home/jetson/mecanum-ros2/install/dynamixel_sdk/share/ament_index/resource_index/package_run_dependencies/dynamixel_sdk
[9.346s] -- Installing: /home/jetson/mecanum-ros2/install/dynamixel_sdk/share/ament_index/resource_index/parent_prefix_path/dynamixel_sdk
[9.355s] -- Installing: /home/jetson/mecanum-ros2/install/dynamixel_sdk/share/dynamixel_sdk/environment/ament_prefix_path.sh
[9.356s] -- Installing: /home/jetson/mecanum-ros2/install/dynamixel_sdk/share/dynamixel_sdk/environment/ament_prefix_path.dsv
[9.357s] -- Installing: /home/jetson/mecanum-ros2/install/dynamixel_sdk/share/dynamixel_sdk/environment/path.sh
[9.357s] -- Installing: /home/jetson/mecanum-ros2/install/dynamixel_sdk/share/dynamixel_sdk/environment/path.dsv
[9.358s] -- Installing: /home/jetson/mecanum-ros2/install/dynamixel_sdk/share/dynamixel_sdk/local_setup.bash
[9.359s] -- Installing: /home/jetson/mecanum-ros2/install/dynamixel_sdk/share/dynamixel_sdk/local_setup.sh
[9.360s] -- Installing: /home/jetson/mecanum-ros2/install/dynamixel_sdk/share/dynamixel_sdk/local_setup.zsh
[9.361s] -- Installing: /home/jetson/mecanum-ros2/install/dynamixel_sdk/share/dynamixel_sdk/local_setup.dsv
[9.361s] -- Installing: /home/jetson/mecanum-ros2/install/dynamixel_sdk/share/dynamixel_sdk/package.dsv
[9.362s] -- Installing: /home/jetson/mecanum-ros2/install/dynamixel_sdk/share/ament_index/resource_index/packages/dynamixel_sdk
[9.376s] -- Installing: /home/jetson/mecanum-ros2/install/dynamixel_sdk/share/dynamixel_sdk/cmake/ament_cmake_export_include_directories-extras.cmake
[9.377s] -- Installing: /home/jetson/mecanum-ros2/install/dynamixel_sdk/share/dynamixel_sdk/cmake/ament_cmake_export_libraries-extras.cmake
[9.378s] -- Installing: /home/jetson/mecanum-ros2/install/dynamixel_sdk/share/dynamixel_sdk/cmake/dynamixel_sdkConfig.cmake
[9.378s] -- Installing: /home/jetson/mecanum-ros2/install/dynamixel_sdk/share/dynamixel_sdk/cmake/dynamixel_sdkConfig-version.cmake
[9.379s] -- Installing: /home/jetson/mecanum-ros2/install/dynamixel_sdk/share/dynamixel_sdk/package.xml
[9.391s] Invoked command in '/home/jetson/mecanum-ros2/build/dynamixel_sdk' returned '0': CMAKE_PREFIX_PATH=${CMAKE_PREFIX_PATH}:/home/jetson/mecanum-ros2/install/teleop_keyboard:/home/jetson/mecanum-ros2/install/motor_control:/home/jetson/mecanum-ros2/install/mobile_description:/home/jetson/mecanum-ros2/install/mecanum_odometry:/home/jetson/mecanum-ros2/install/mecanum_cartographer:/home/jetson/mecanum-ros2/install/manipulator:/opt/ros/galactic /usr/bin/cmake --install /home/jetson/mecanum-ros2/build/dynamixel_sdk
