[5.611s] Invoking command in '/home/jetson/mecanum-ros2/src/mobile_description': PYTHONPATH=/home/jetson/mecanum-ros2/build/mobile_description/prefix_override:/home/jetson/mecanum-ros2/install/mobile_description/lib/python3.8/site-packages:${PYTHONPATH} /usr/bin/python3 setup.py egg_info --egg-base ../../build/mobile_description build --build-base /home/jetson/mecanum-ros2/build/mobile_description/build install --record /home/jetson/mecanum-ros2/build/mobile_description/install.log --single-version-externally-managed
[7.674s] running egg_info
[7.678s] creating ../../build/mobile_description/mobile_description.egg-info
[7.679s] writing ../../build/mobile_description/mobile_description.egg-info/PKG-INFO
[7.680s] writing dependency_links to ../../build/mobile_description/mobile_description.egg-info/dependency_links.txt
[7.682s] writing entry points to ../../build/mobile_description/mobile_description.egg-info/entry_points.txt
[7.683s] writing requirements to ../../build/mobile_description/mobile_description.egg-info/requires.txt
[7.684s] writing top-level names to ../../build/mobile_description/mobile_description.egg-info/top_level.txt
[7.693s] writing manifest file '../../build/mobile_description/mobile_description.egg-info/SOURCES.txt'
[7.715s] reading manifest file '../../build/mobile_description/mobile_description.egg-info/SOURCES.txt'
[7.720s] writing manifest file '../../build/mobile_description/mobile_description.egg-info/SOURCES.txt'
[7.729s] running build
[7.730s] running build_py
[7.732s] creating /home/jetson/mecanum-ros2/build/mobile_description/build
[7.734s] creating /home/jetson/mecanum-ros2/build/mobile_description/build/lib
[7.735s] creating /home/jetson/mecanum-ros2/build/mobile_description/build/lib/mobile_description
[7.737s] copying mobile_description/__init__.py -> /home/jetson/mecanum-ros2/build/mobile_description/build/lib/mobile_description
[7.743s] running install
[7.761s] running install_lib
[7.766s] creating /home/jetson/mecanum-ros2/install/mobile_description/lib/python3.8/site-packages/mobile_description
[7.767s] copying /home/jetson/mecanum-ros2/build/mobile_description/build/lib/mobile_description/__init__.py -> /home/jetson/mecanum-ros2/install/mobile_description/lib/python3.8/site-packages/mobile_description
[7.785s] byte-compiling /home/jetson/mecanum-ros2/install/mobile_description/lib/python3.8/site-packages/mobile_description/__init__.py to __init__.cpython-38.pyc
[7.786s] running install_data
[7.790s] creating /home/jetson/mecanum-ros2/install/mobile_description/share/ament_index
[7.801s] creating /home/jetson/mecanum-ros2/install/mobile_description/share/ament_index/resource_index
[7.801s] creating /home/jetson/mecanum-ros2/install/mobile_description/share/ament_index/resource_index/packages
[7.802s] copying resource/mobile_description -> /home/jetson/mecanum-ros2/install/mobile_description/share/ament_index/resource_index/packages
[7.802s] copying package.xml -> /home/jetson/mecanum-ros2/install/mobile_description/share/mobile_description
[7.803s] creating /home/jetson/mecanum-ros2/install/mobile_description/share/mobile_description/launch
[7.803s] copying launch/display.launch.py -> /home/jetson/mecanum-ros2/install/mobile_description/share/mobile_description/launch
[7.804s] copying launch/gazebo.launch.py -> /home/jetson/mecanum-ros2/install/mobile_description/share/mobile_description/launch
[7.805s] creating /home/jetson/mecanum-ros2/install/mobile_description/share/mobile_description/urdf
[7.805s] copying urdf/mobile.xacro -> /home/jetson/mecanum-ros2/install/mobile_description/share/mobile_description/urdf
[7.806s] copying urdf/materials.xacro -> /home/jetson/mecanum-ros2/install/mobile_description/share/mobile_description/urdf
[7.807s] copying urdf/mobile.gazebo -> /home/jetson/mecanum-ros2/install/mobile_description/share/mobile_description/urdf
[7.808s] copying urdf/mobile.trans -> /home/jetson/mecanum-ros2/install/mobile_description/share/mobile_description/urdf
[7.808s] copying urdf/mobile.urdf -> /home/jetson/mecanum-ros2/install/mobile_description/share/mobile_description/urdf
[7.810s] creating /home/jetson/mecanum-ros2/install/mobile_description/share/mobile_description/meshes
[7.810s] copying meshes/front_left_wheel_1.stl -> /home/jetson/mecanum-ros2/install/mobile_description/share/mobile_description/meshes
[7.811s] copying meshes/rear_left_wheel_1.stl -> /home/jetson/mecanum-ros2/install/mobile_description/share/mobile_description/meshes
[7.814s] copying meshes/lidar_1.stl -> /home/jetson/mecanum-ros2/install/mobile_description/share/mobile_description/meshes
[7.827s] copying meshes/imu_1.stl -> /home/jetson/mecanum-ros2/install/mobile_description/share/mobile_description/meshes
[7.828s] copying meshes/front_right_wheel_1.stl -> /home/jetson/mecanum-ros2/install/mobile_description/share/mobile_description/meshes
[7.829s] copying meshes/rear_right_wheel_1.stl -> /home/jetson/mecanum-ros2/install/mobile_description/share/mobile_description/meshes
[7.829s] copying meshes/base_link.stl -> /home/jetson/mecanum-ros2/install/mobile_description/share/mobile_description/meshes
[7.830s] creating /home/jetson/mecanum-ros2/install/mobile_description/share/mobile_description/config
[7.830s] copying config/display.rviz -> /home/jetson/mecanum-ros2/install/mobile_description/share/mobile_description/config
[7.831s] running install_egg_info
[7.831s] Copying ../../build/mobile_description/mobile_description.egg-info to /home/jetson/mecanum-ros2/install/mobile_description/lib/python3.8/site-packages/mobile_description-0.0.0-py3.8.egg-info
[7.845s] running install_scripts
[8.050s] writing list of installed files to '/home/jetson/mecanum-ros2/build/mobile_description/install.log'
[8.177s] Invoked command in '/home/jetson/mecanum-ros2/src/mobile_description' returned '0': PYTHONPATH=/home/jetson/mecanum-ros2/build/mobile_description/prefix_override:/home/jetson/mecanum-ros2/install/mobile_description/lib/python3.8/site-packages:${PYTHONPATH} /usr/bin/python3 setup.py egg_info --egg-base ../../build/mobile_description build --build-base /home/jetson/mecanum-ros2/build/mobile_description/build install --record /home/jetson/mecanum-ros2/build/mobile_description/install.log --single-version-externally-managed
