[0.122s] Invoking command in '/home/jetson/mecanum-ros2/build/stella_ahrs': CMAKE_PREFIX_PATH=${CMAKE_PREFIX_PATH}:/home/jetson/mecanum-ros2/install/teleop_keyboard:/home/jetson/mecanum-ros2/install/motor_control:/home/jetson/mecanum-ros2/install/mobile_description:/home/jetson/mecanum-ros2/install/mecanum_odometry:/opt/ros/galactic /usr/bin/cmake --build /home/jetson/mecanum-ros2/build/stella_ahrs -- -j4 -l4
[0.461s] [100%] Built target stella_ahrs_node
[0.515s] Invoked command in '/home/jetson/mecanum-ros2/build/stella_ahrs' returned '0': CMAKE_PREFIX_PATH=${CMAKE_PREFIX_PATH}:/home/jetson/mecanum-ros2/install/teleop_keyboard:/home/jetson/mecanum-ros2/install/motor_control:/home/jetson/mecanum-ros2/install/mobile_description:/home/jetson/mecanum-ros2/install/mecanum_odometry:/opt/ros/galactic /usr/bin/cmake --build /home/jetson/mecanum-ros2/build/stella_ahrs -- -j4 -l4
[0.662s] Invoking command in '/home/jetson/mecanum-ros2/build/stella_ahrs': CMAKE_PREFIX_PATH=${CMAKE_PREFIX_PATH}:/home/jetson/mecanum-ros2/install/teleop_keyboard:/home/jetson/mecanum-ros2/install/motor_control:/home/jetson/mecanum-ros2/install/mobile_description:/home/jetson/mecanum-ros2/install/mecanum_odometry:/opt/ros/galactic /usr/bin/cmake --install /home/jetson/mecanum-ros2/build/stella_ahrs
[0.715s] -- Install configuration: ""
[0.716s] -- Up-to-date: /home/jetson/mecanum-ros2/install/stella_ahrs/share/stella_ahrs//launch
[0.718s] -- Up-to-date: /home/jetson/mecanum-ros2/install/stella_ahrs/share/stella_ahrs//launch/stella_ahrs_launch.py
[0.719s] -- Up-to-date: /home/jetson/mecanum-ros2/install/stella_ahrs/share/stella_ahrs/rviz
[0.722s] -- Up-to-date: /home/jetson/mecanum-ros2/install/stella_ahrs/share/stella_ahrs/rviz/imu_test.rviz
[0.726s] -- Up-to-date: /home/jetson/mecanum-ros2/install/stella_ahrs/lib/stella_ahrs/stella_ahrs_node
[0.728s] -- Up-to-date: /home/jetson/mecanum-ros2/install/stella_ahrs/share/ament_index/resource_index/package_run_dependencies/stella_ahrs
[0.730s] -- Up-to-date: /home/jetson/mecanum-ros2/install/stella_ahrs/share/ament_index/resource_index/parent_prefix_path/stella_ahrs
[0.731s] -- Up-to-date: /home/jetson/mecanum-ros2/install/stella_ahrs/share/stella_ahrs/environment/ament_prefix_path.sh
[0.733s] -- Up-to-date: /home/jetson/mecanum-ros2/install/stella_ahrs/share/stella_ahrs/environment/ament_prefix_path.dsv
[0.734s] -- Up-to-date: /home/jetson/mecanum-ros2/install/stella_ahrs/share/stella_ahrs/environment/path.sh
[0.735s] -- Up-to-date: /home/jetson/mecanum-ros2/install/stella_ahrs/share/stella_ahrs/environment/path.dsv
[0.736s] -- Up-to-date: /home/jetson/mecanum-ros2/install/stella_ahrs/share/stella_ahrs/local_setup.bash
[0.737s] -- Up-to-date: /home/jetson/mecanum-ros2/install/stella_ahrs/share/stella_ahrs/local_setup.sh
[0.739s] -- Up-to-date: /home/jetson/mecanum-ros2/install/stella_ahrs/share/stella_ahrs/local_setup.zsh
[0.740s] -- Up-to-date: /home/jetson/mecanum-ros2/install/stella_ahrs/share/stella_ahrs/local_setup.dsv
[0.741s] -- Installing: /home/jetson/mecanum-ros2/install/stella_ahrs/share/stella_ahrs/package.dsv
[0.746s] -- Up-to-date: /home/jetson/mecanum-ros2/install/stella_ahrs/share/ament_index/resource_index/packages/stella_ahrs
[0.748s] -- Up-to-date: /home/jetson/mecanum-ros2/install/stella_ahrs/share/stella_ahrs/cmake/ament_cmake_export_include_directories-extras.cmake
[0.749s] -- Up-to-date: /home/jetson/mecanum-ros2/install/stella_ahrs/share/stella_ahrs/cmake/stella_ahrsConfig.cmake
[0.750s] -- Up-to-date: /home/jetson/mecanum-ros2/install/stella_ahrs/share/stella_ahrs/cmake/stella_ahrsConfig-version.cmake
[0.751s] -- Up-to-date: /home/jetson/mecanum-ros2/install/stella_ahrs/share/stella_ahrs/package.xml
[0.770s] Invoked command in '/home/jetson/mecanum-ros2/build/stella_ahrs' returned '0': CMAKE_PREFIX_PATH=${CMAKE_PREFIX_PATH}:/home/jetson/mecanum-ros2/install/teleop_keyboard:/home/jetson/mecanum-ros2/install/motor_control:/home/jetson/mecanum-ros2/install/mobile_description:/home/jetson/mecanum-ros2/install/mecanum_odometry:/opt/ros/galactic /usr/bin/cmake --install /home/jetson/mecanum-ros2/build/stella_ahrs
