/home/ohj/mecanum-ros2/install/mobile_description/lib/python3.8/site-packages/mobile_description/__init__.py
/home/ohj/mecanum-ros2/install/mobile_description/lib/python3.8/site-packages/mobile_description/__pycache__/__init__.cpython-38.pyc
/home/ohj/mecanum-ros2/install/mobile_description/share/ament_index/resource_index/packages/mobile_description
/home/ohj/mecanum-ros2/install/mobile_description/share/mobile_description/package.xml
/home/ohj/mecanum-ros2/install/mobile_description/share/mobile_description/launch/gazebo.launch.py
/home/ohj/mecanum-ros2/install/mobile_description/share/mobile_description/launch/display.launch.py
/home/ohj/mecanum-ros2/install/mobile_description/share/mobile_description/urdf/mobile.gazebo
/home/ohj/mecanum-ros2/install/mobile_description/share/mobile_description/urdf/materials.xacro
/home/ohj/mecanum-ros2/install/mobile_description/share/mobile_description/urdf/mobile.xacro
/home/ohj/mecanum-ros2/install/mobile_description/share/mobile_description/urdf/mobile.trans
/home/ohj/mecanum-ros2/install/mobile_description/share/mobile_description/meshes/imu_1.stl
/home/ohj/mecanum-ros2/install/mobile_description/share/mobile_description/meshes/rear_left_wheel_1.stl
/home/ohj/mecanum-ros2/install/mobile_description/share/mobile_description/meshes/base_link.stl
/home/ohj/mecanum-ros2/install/mobile_description/share/mobile_description/meshes/lidar_1.stl
/home/ohj/mecanum-ros2/install/mobile_description/share/mobile_description/meshes/rear_right_wheel_1.stl
/home/ohj/mecanum-ros2/install/mobile_description/share/mobile_description/meshes/front_left_wheel_1.stl
/home/ohj/mecanum-ros2/install/mobile_description/share/mobile_description/meshes/front_right_wheel_1.stl
/home/ohj/mecanum-ros2/install/mobile_description/share/mobile_description/config/display.rviz
/home/ohj/mecanum-ros2/install/mobile_description/lib/python3.8/site-packages/mobile_description-0.0.0-py3.8.egg-info/requires.txt
/home/ohj/mecanum-ros2/install/mobile_description/lib/python3.8/site-packages/mobile_description-0.0.0-py3.8.egg-info/top_level.txt
/home/ohj/mecanum-ros2/install/mobile_description/lib/python3.8/site-packages/mobile_description-0.0.0-py3.8.egg-info/dependency_links.txt
/home/ohj/mecanum-ros2/install/mobile_description/lib/python3.8/site-packages/mobile_description-0.0.0-py3.8.egg-info/SOURCES.txt
/home/ohj/mecanum-ros2/install/mobile_description/lib/python3.8/site-packages/mobile_description-0.0.0-py3.8.egg-info/entry_points.txt
/home/ohj/mecanum-ros2/install/mobile_description/lib/python3.8/site-packages/mobile_description-0.0.0-py3.8.egg-info/PKG-INFO
/home/ohj/mecanum-ros2/install/mobile_description/lib/python3.8/site-packages/mobile_description-0.0.0-py3.8.egg-info/zip-safe
