[6.714s] Invoking command in '/home/jetson/mecanum-ros2/src/mecanum_odometry': PYTHONPATH=/home/jetson/mecanum-ros2/build/mecanum_odometry/prefix_override:/home/jetson/mecanum-ros2/install/mecanum_odometry/lib/python3.8/site-packages:${PYTHONPATH} /usr/bin/python3 setup.py egg_info --egg-base ../../build/mecanum_odometry build --build-base /home/jetson/mecanum-ros2/build/mecanum_odometry/build install --record /home/jetson/mecanum-ros2/build/mecanum_odometry/install.log --single-version-externally-managed
[9.462s] running egg_info
[9.466s] creating ../../build/mecanum_odometry/mecanum_odometry.egg-info
[9.467s] writing ../../build/mecanum_odometry/mecanum_odometry.egg-info/PKG-INFO
[9.468s] writing dependency_links to ../../build/mecanum_odometry/mecanum_odometry.egg-info/dependency_links.txt
[9.469s] writing entry points to ../../build/mecanum_odometry/mecanum_odometry.egg-info/entry_points.txt
[9.470s] writing requirements to ../../build/mecanum_odometry/mecanum_odometry.egg-info/requires.txt
[9.471s] writing top-level names to ../../build/mecanum_odometry/mecanum_odometry.egg-info/top_level.txt
[9.480s] writing manifest file '../../build/mecanum_odometry/mecanum_odometry.egg-info/SOURCES.txt'
[9.490s] reading manifest file '../../build/mecanum_odometry/mecanum_odometry.egg-info/SOURCES.txt'
[9.495s] writing manifest file '../../build/mecanum_odometry/mecanum_odometry.egg-info/SOURCES.txt'
[9.496s] running build
[9.497s] running build_py
[9.498s] creating /home/jetson/mecanum-ros2/build/mecanum_odometry/build
[9.498s] creating /home/jetson/mecanum-ros2/build/mecanum_odometry/build/lib
[9.499s] creating /home/jetson/mecanum-ros2/build/mecanum_odometry/build/lib/mecanum_odometry
[9.500s] copying mecanum_odometry/__init__.py -> /home/jetson/mecanum-ros2/build/mecanum_odometry/build/lib/mecanum_odometry
[9.501s] copying mecanum_odometry/odom_publisher.py -> /home/jetson/mecanum-ros2/build/mecanum_odometry/build/lib/mecanum_odometry
[9.502s] copying mecanum_odometry/time_test.py -> /home/jetson/mecanum-ros2/build/mecanum_odometry/build/lib/mecanum_odometry
[9.502s] running install
[9.506s] running install_lib
[9.514s] creating /home/jetson/mecanum-ros2/install/mecanum_odometry/lib/python3.8/site-packages/mecanum_odometry
[9.515s] copying /home/jetson/mecanum-ros2/build/mecanum_odometry/build/lib/mecanum_odometry/__init__.py -> /home/jetson/mecanum-ros2/install/mecanum_odometry/lib/python3.8/site-packages/mecanum_odometry
[9.516s] copying /home/jetson/mecanum-ros2/build/mecanum_odometry/build/lib/mecanum_odometry/odom_publisher.py -> /home/jetson/mecanum-ros2/install/mecanum_odometry/lib/python3.8/site-packages/mecanum_odometry
[9.517s] copying /home/jetson/mecanum-ros2/build/mecanum_odometry/build/lib/mecanum_odometry/time_test.py -> /home/jetson/mecanum-ros2/install/mecanum_odometry/lib/python3.8/site-packages/mecanum_odometry
[9.519s] byte-compiling /home/jetson/mecanum-ros2/install/mecanum_odometry/lib/python3.8/site-packages/mecanum_odometry/__init__.py to __init__.cpython-38.pyc
[9.520s] byte-compiling /home/jetson/mecanum-ros2/install/mecanum_odometry/lib/python3.8/site-packages/mecanum_odometry/odom_publisher.py to odom_publisher.cpython-38.pyc
[9.528s] byte-compiling /home/jetson/mecanum-ros2/install/mecanum_odometry/lib/python3.8/site-packages/mecanum_odometry/time_test.py to time_test.cpython-38.pyc
[9.529s] running install_data
[9.533s] creating /home/jetson/mecanum-ros2/install/mecanum_odometry/share/ament_index
[9.534s] creating /home/jetson/mecanum-ros2/install/mecanum_odometry/share/ament_index/resource_index
[9.534s] creating /home/jetson/mecanum-ros2/install/mecanum_odometry/share/ament_index/resource_index/packages
[9.535s] copying resource/mecanum_odometry -> /home/jetson/mecanum-ros2/install/mecanum_odometry/share/ament_index/resource_index/packages
[9.536s] copying package.xml -> /home/jetson/mecanum-ros2/install/mecanum_odometry/share/mecanum_odometry
[9.536s] creating /home/jetson/mecanum-ros2/install/mecanum_odometry/share/mecanum_odometry/launch
[9.537s] copying launch/mecanum_localization.launch.py -> /home/jetson/mecanum-ros2/install/mecanum_odometry/share/mecanum_odometry/launch
[9.538s] creating /home/jetson/mecanum-ros2/install/mecanum_odometry/share/mecanum_odometry/param
[9.538s] copying param/ekf.yaml -> /home/jetson/mecanum-ros2/install/mecanum_odometry/share/mecanum_odometry/param
[9.539s] running install_egg_info
[9.547s] Copying ../../build/mecanum_odometry/mecanum_odometry.egg-info to /home/jetson/mecanum-ros2/install/mecanum_odometry/lib/python3.8/site-packages/mecanum_odometry-0.0.0-py3.8.egg-info
[9.554s] running install_scripts
[9.690s] Installing odom_publisher script to /home/jetson/mecanum-ros2/install/mecanum_odometry/lib/mecanum_odometry
[9.691s] Installing time_test script to /home/jetson/mecanum-ros2/install/mecanum_odometry/lib/mecanum_odometry
[9.693s] writing list of installed files to '/home/jetson/mecanum-ros2/build/mecanum_odometry/install.log'
[10.532s] Invoked command in '/home/jetson/mecanum-ros2/src/mecanum_odometry' returned '0': PYTHONPATH=/home/jetson/mecanum-ros2/build/mecanum_odometry/prefix_override:/home/jetson/mecanum-ros2/install/mecanum_odometry/lib/python3.8/site-packages:${PYTHONPATH} /usr/bin/python3 setup.py egg_info --egg-base ../../build/mecanum_odometry build --build-base /home/jetson/mecanum-ros2/build/mecanum_odometry/build install --record /home/jetson/mecanum-ros2/build/mecanum_odometry/install.log --single-version-externally-managed
