[0.020s] Invoking command in '/home/ohj/mecanum-ros2/build/dynamixel_sdk_examples': AMENT_PREFIX_PATH=/home/ohj/mecanum-ros2/install/dynamixel_sdk_custom_interfaces:/home/ohj/mecanum-ros2/install/dynamixel_sdk:${AMENT_PREFIX_PATH} CMAKE_PREFIX_PATH=/home/ohj/mecanum-ros2/install/dynamixel_sdk_custom_interfaces:/home/ohj/mecanum-ros2/install/dynamixel_sdk:/opt/ros/galactic LD_LIBRARY_PATH=/home/ohj/mecanum-ros2/install/dynamixel_sdk_custom_interfaces/lib:/home/ohj/mecanum-ros2/install/dynamixel_sdk/lib:${LD_LIBRARY_PATH} PYTHONPATH=/home/ohj/mecanum-ros2/install/dynamixel_sdk_custom_interfaces/lib/python3.8/site-packages:${PYTHONPATH} /usr/bin/cmake /home/ohj/mecanum-ros2/src/DynamixelSDK/dynamixel_sdk_examples -DCMAKE_INSTALL_PREFIX=/home/ohj/mecanum-ros2/install/dynamixel_sdk_examples
[0.054s] -- The C compiler identification is GNU 9.4.0
[0.091s] -- The CXX compiler identification is GNU 9.4.0
[0.095s] -- Check for working C compiler: /usr/bin/cc
[0.142s] -- Check for working C compiler: /usr/bin/cc -- works
[0.143s] -- Detecting C compiler ABI info
[0.193s] -- Detecting C compiler ABI info - done
[0.205s] -- Detecting C compile features
[0.205s] -- Detecting C compile features - done
[0.208s] -- Check for working CXX compiler: /usr/bin/c++
[0.289s] -- Check for working CXX compiler: /usr/bin/c++ -- works
[0.290s] -- Detecting CXX compiler ABI info
[0.349s] -- Detecting CXX compiler ABI info - done
[0.360s] -- Detecting CXX compile features
[0.361s] -- Detecting CXX compile features - done
[0.363s] -- Found ament_cmake: 1.1.6 (/opt/ros/galactic/share/ament_cmake/cmake)
[0.393s] -- Found PythonInterp: /usr/bin/python3 (found suitable version "3.8.10", minimum required is "3") 
[0.393s] -- Using PYTHON_EXECUTABLE: /usr/bin/python3
[0.455s] -- Found dynamixel_sdk: 3.7.40 (/home/ohj/mecanum-ros2/install/dynamixel_sdk/share/dynamixel_sdk/cmake)
[0.456s] -- Found dynamixel_sdk_custom_interfaces: 3.7.40 (/home/ohj/mecanum-ros2/install/dynamixel_sdk_custom_interfaces/share/dynamixel_sdk_custom_interfaces/cmake)
[0.477s] -- Using all available rosidl_typesupport_c: rosidl_typesupport_fastrtps_c;rosidl_typesupport_introspection_c
[0.482s] -- Found rosidl_adapter: 2.2.3 (/opt/ros/galactic/share/rosidl_adapter/cmake)
[0.529s] -- Found OpenSSL: /usr/lib/x86_64-linux-gnu/libcrypto.so (found version "1.1.1f")  
[0.552s] -- Found FastRTPS: /opt/ros/galactic/include  
[0.608s] -- Using all available rosidl_typesupport_cpp: rosidl_typesupport_fastrtps_cpp;rosidl_typesupport_introspection_cpp
[0.639s] -- Found rclcpp: 9.2.2 (/opt/ros/galactic/share/rclcpp/cmake)
[0.673s] -- Found rmw_implementation_cmake: 3.3.1 (/opt/ros/galactic/share/rmw_implementation_cmake/cmake)
[0.675s] -- Found rmw_cyclonedds_cpp: 0.22.6 (/opt/ros/galactic/share/rmw_cyclonedds_cpp/cmake)
[0.690s] -- Using RMW implementation 'rmw_cyclonedds_cpp' as default
[0.690s] -- Looking for pthread.h
[0.738s] -- Looking for pthread.h - found
[0.738s] -- Performing Test CMAKE_HAVE_LIBC_PTHREAD
[0.786s] -- Performing Test CMAKE_HAVE_LIBC_PTHREAD - Failed
[0.786s] -- Looking for pthread_create in pthreads
[0.825s] -- Looking for pthread_create in pthreads - not found
[0.825s] -- Looking for pthread_create in pthread
[0.871s] -- Looking for pthread_create in pthread - found
[0.872s] -- Found Threads: TRUE  
[0.973s] -- Found ament_lint_auto: 0.10.7 (/opt/ros/galactic/share/ament_lint_auto/cmake)
[1.021s] -- Added test 'copyright' to check source files copyright and LICENSE
[1.023s] -- Added test 'cppcheck' to perform static code analysis on C / C++ code
[1.024s] -- Configured cppcheck include dirs: /home/ohj/mecanum-ros2/src/DynamixelSDK/dynamixel_sdk_examples/include
[1.024s] -- Configured cppcheck exclude dirs and/or files: 
[1.024s] -- Added test 'cpplint' to check C / C++ code against the Google style
[1.024s] -- Configured cpplint exclude dirs and/or files: 
[1.024s] -- Added test 'lint_cmake' to check CMake code style
[1.025s] -- Added test 'uncrustify' to check C / C++ code style
[1.025s] -- Configured uncrustify additional arguments: 
[1.025s] -- Added test 'xmllint' to check XML markup files
[1.027s] -- Configuring done
[1.031s] -- Generating done
[1.032s] -- Build files have been written to: /home/ohj/mecanum-ros2/build/dynamixel_sdk_examples
[1.038s] Invoked command in '/home/ohj/mecanum-ros2/build/dynamixel_sdk_examples' returned '0': AMENT_PREFIX_PATH=/home/ohj/mecanum-ros2/install/dynamixel_sdk_custom_interfaces:/home/ohj/mecanum-ros2/install/dynamixel_sdk:${AMENT_PREFIX_PATH} CMAKE_PREFIX_PATH=/home/ohj/mecanum-ros2/install/dynamixel_sdk_custom_interfaces:/home/ohj/mecanum-ros2/install/dynamixel_sdk:/opt/ros/galactic LD_LIBRARY_PATH=/home/ohj/mecanum-ros2/install/dynamixel_sdk_custom_interfaces/lib:/home/ohj/mecanum-ros2/install/dynamixel_sdk/lib:${LD_LIBRARY_PATH} PYTHONPATH=/home/ohj/mecanum-ros2/install/dynamixel_sdk_custom_interfaces/lib/python3.8/site-packages:${PYTHONPATH} /usr/bin/cmake /home/ohj/mecanum-ros2/src/DynamixelSDK/dynamixel_sdk_examples -DCMAKE_INSTALL_PREFIX=/home/ohj/mecanum-ros2/install/dynamixel_sdk_examples
[1.040s] Invoking command in '/home/ohj/mecanum-ros2/build/dynamixel_sdk_examples': AMENT_PREFIX_PATH=/home/ohj/mecanum-ros2/install/dynamixel_sdk_custom_interfaces:/home/ohj/mecanum-ros2/install/dynamixel_sdk:${AMENT_PREFIX_PATH} CMAKE_PREFIX_PATH=/home/ohj/mecanum-ros2/install/dynamixel_sdk_custom_interfaces:/home/ohj/mecanum-ros2/install/dynamixel_sdk:/opt/ros/galactic LD_LIBRARY_PATH=/home/ohj/mecanum-ros2/install/dynamixel_sdk_custom_interfaces/lib:/home/ohj/mecanum-ros2/install/dynamixel_sdk/lib:${LD_LIBRARY_PATH} PYTHONPATH=/home/ohj/mecanum-ros2/install/dynamixel_sdk_custom_interfaces/lib/python3.8/site-packages:${PYTHONPATH} /usr/bin/cmake --build /home/ohj/mecanum-ros2/build/dynamixel_sdk_examples -- -j20 -l20
[1.067s] [35m[1mScanning dependencies of target read_write_node[0m
[1.091s] [ 50%] [32mBuilding CXX object CMakeFiles/read_write_node.dir/src/read_write_node.cpp.o[0m
[5.043s] [100%] [32m[1mLinking CXX executable read_write_node[0m
[5.198s] [100%] Built target read_write_node
