running develop
Removing /home/ohj/mecanum-ros2/install/mobile_description/lib/python3.8/site-packages/mobile-description.egg-link (link to .)
running egg_info
writing ../../build/mobile_description/mobile_description.egg-info/PKG-INFO
writing dependency_links to ../../build/mobile_description/mobile_description.egg-info/dependency_links.txt
writing entry points to ../../build/mobile_description/mobile_description.egg-info/entry_points.txt
writing requirements to ../../build/mobile_description/mobile_description.egg-info/requires.txt
writing top-level names to ../../build/mobile_description/mobile_description.egg-info/top_level.txt
reading manifest file '../../build/mobile_description/mobile_description.egg-info/SOURCES.txt'
writing manifest file '../../build/mobile_description/mobile_description.egg-info/SOURCES.txt'
running build
running build_py
running install
running install_lib
creating /home/ohj/mecanum-ros2/install/mobile_description/lib/python3.8/site-packages/mobile_description
copying /home/ohj/mecanum-ros2/build/mobile_description/build/lib/mobile_description/__init__.py -> /home/ohj/mecanum-ros2/install/mobile_description/lib/python3.8/site-packages/mobile_description
byte-compiling /home/ohj/mecanum-ros2/install/mobile_description/lib/python3.8/site-packages/mobile_description/__init__.py to __init__.cpython-38.pyc
running install_data
running install_egg_info
Copying ../../build/mobile_description/mobile_description.egg-info to /home/ohj/mecanum-ros2/install/mobile_description/lib/python3.8/site-packages/mobile_description-0.0.0-py3.8.egg-info
running install_scripts
writing list of installed files to '/home/ohj/mecanum-ros2/build/mobile_description/install.log'
