[2.829s] DEBUG:colcon:Command line arguments: ['/usr/bin/colcon', 'build']
[2.829s] DEBUG:colcon:Parsed command line arguments: Namespace(allow_overriding=[], ament_cmake_args=None, base_paths=['.'], build_base='build', catkin_cmake_args=None, catkin_skip_building_tests=False, cmake_args=None, cmake_clean_cache=False, cmake_clean_first=False, cmake_force_configure=False, cmake_target=None, cmake_target_skip_unavailable=False, continue_on_error=False, event_handlers=None, executor='parallel', ignore_user_meta=False, install_base='install', log_base=None, log_level=None, main=<bound method BuildVerb.main of <colcon_core.verb.build.BuildVerb object at 0x7f93bdd670>>, merge_install=False, metas=['./colcon.meta'], packages_above=None, packages_above_and_dependencies=None, packages_above_depth=None, packages_end=None, packages_ignore=None, packages_ignore_regex=None, packages_select=None, packages_select_build_failed=False, packages_select_by_dep=None, packages_select_regex=None, packages_select_test_failures=False, packages_skip=None, packages_skip_build_finished=False, packages_skip_by_dep=None, packages_skip_regex=None, packages_skip_test_passed=False, packages_skip_up_to=None, packages_start=None, packages_up_to=None, packages_up_to_regex=None, parallel_workers=4, paths=None, symlink_install=False, test_result_base=None, verb_extension=<colcon_core.verb.build.BuildVerb object at 0x7f93bdd670>, verb_name='build', verb_parser=<colcon_defaults.argument_parser.defaults.DefaultArgumentsDecorator object at 0x7f93bddbb0>)
[3.026s] Level 1:colcon.colcon_core.package_discovery:discover_packages(colcon_meta) check parameters
[3.026s] Level 1:colcon.colcon_core.package_discovery:discover_packages(recursive) check parameters
[3.027s] Level 1:colcon.colcon_core.package_discovery:discover_packages(ignore) check parameters
[3.027s] Level 1:colcon.colcon_core.package_discovery:discover_packages(path) check parameters
[3.027s] Level 1:colcon.colcon_core.package_discovery:discover_packages(colcon_meta) discover
[3.027s] Level 1:colcon.colcon_core.package_discovery:discover_packages(recursive) discover
[3.027s] INFO:colcon.colcon_core.package_discovery:Crawling recursively for packages in '/home/jetson/mecanum-ros2'
[3.028s] Level 1:colcon.colcon_core.package_identification:_identify(.) by extensions ['ignore', 'ignore_ament_install']
[3.028s] Level 1:colcon.colcon_core.package_identification:_identify(.) by extension 'ignore'
[3.028s] Level 1:colcon.colcon_core.package_identification:_identify(.) by extension 'ignore_ament_install'
[3.028s] Level 1:colcon.colcon_core.package_identification:_identify(.) by extensions ['colcon_pkg']
[3.029s] Level 1:colcon.colcon_core.package_identification:_identify(.) by extension 'colcon_pkg'
[3.029s] Level 1:colcon.colcon_core.package_identification:_identify(.) by extensions ['colcon_meta']
[3.029s] Level 1:colcon.colcon_core.package_identification:_identify(.) by extension 'colcon_meta'
[3.029s] Level 1:colcon.colcon_core.package_identification:_identify(.) by extensions ['ros']
[3.029s] Level 1:colcon.colcon_core.package_identification:_identify(.) by extension 'ros'
[3.091s] Level 1:colcon.colcon_core.package_identification:_identify(.) by extensions ['cmake', 'python']
[3.091s] Level 1:colcon.colcon_core.package_identification:_identify(.) by extension 'cmake'
[3.092s] Level 1:colcon.colcon_core.package_identification:_identify(.) by extension 'python'
[3.092s] Level 1:colcon.colcon_core.package_identification:_identify(.) by extensions ['python_setup_py']
[3.092s] Level 1:colcon.colcon_core.package_identification:_identify(.) by extension 'python_setup_py'
[3.092s] Level 1:colcon.colcon_core.package_identification:_identify(arduino_test_folder) by extensions ['ignore', 'ignore_ament_install']
[3.093s] Level 1:colcon.colcon_core.package_identification:_identify(arduino_test_folder) by extension 'ignore'
[3.093s] Level 1:colcon.colcon_core.package_identification:_identify(arduino_test_folder) by extension 'ignore_ament_install'
[3.093s] Level 1:colcon.colcon_core.package_identification:_identify(arduino_test_folder) by extensions ['colcon_pkg']
[3.094s] Level 1:colcon.colcon_core.package_identification:_identify(arduino_test_folder) by extension 'colcon_pkg'
[3.094s] Level 1:colcon.colcon_core.package_identification:_identify(arduino_test_folder) by extensions ['colcon_meta']
[3.094s] Level 1:colcon.colcon_core.package_identification:_identify(arduino_test_folder) by extension 'colcon_meta'
[3.094s] Level 1:colcon.colcon_core.package_identification:_identify(arduino_test_folder) by extensions ['ros']
[3.094s] Level 1:colcon.colcon_core.package_identification:_identify(arduino_test_folder) by extension 'ros'
[3.095s] Level 1:colcon.colcon_core.package_identification:_identify(arduino_test_folder) by extensions ['cmake', 'python']
[3.095s] Level 1:colcon.colcon_core.package_identification:_identify(arduino_test_folder) by extension 'cmake'
[3.095s] Level 1:colcon.colcon_core.package_identification:_identify(arduino_test_folder) by extension 'python'
[3.095s] Level 1:colcon.colcon_core.package_identification:_identify(arduino_test_folder) by extensions ['python_setup_py']
[3.095s] Level 1:colcon.colcon_core.package_identification:_identify(arduino_test_folder) by extension 'python_setup_py'
[3.096s] Level 1:colcon.colcon_core.package_identification:_identify(arduino_test_folder/modefied_code_motor_control_master) by extensions ['ignore', 'ignore_ament_install']
[3.096s] Level 1:colcon.colcon_core.package_identification:_identify(arduino_test_folder/modefied_code_motor_control_master) by extension 'ignore'
[3.096s] Level 1:colcon.colcon_core.package_identification:_identify(arduino_test_folder/modefied_code_motor_control_master) by extension 'ignore_ament_install'
[3.096s] Level 1:colcon.colcon_core.package_identification:_identify(arduino_test_folder/modefied_code_motor_control_master) by extensions ['colcon_pkg']
[3.097s] Level 1:colcon.colcon_core.package_identification:_identify(arduino_test_folder/modefied_code_motor_control_master) by extension 'colcon_pkg'
[3.097s] Level 1:colcon.colcon_core.package_identification:_identify(arduino_test_folder/modefied_code_motor_control_master) by extensions ['colcon_meta']
[3.097s] Level 1:colcon.colcon_core.package_identification:_identify(arduino_test_folder/modefied_code_motor_control_master) by extension 'colcon_meta'
[3.097s] Level 1:colcon.colcon_core.package_identification:_identify(arduino_test_folder/modefied_code_motor_control_master) by extensions ['ros']
[3.097s] Level 1:colcon.colcon_core.package_identification:_identify(arduino_test_folder/modefied_code_motor_control_master) by extension 'ros'
[3.098s] Level 1:colcon.colcon_core.package_identification:_identify(arduino_test_folder/modefied_code_motor_control_master) by extensions ['cmake', 'python']
[3.098s] Level 1:colcon.colcon_core.package_identification:_identify(arduino_test_folder/modefied_code_motor_control_master) by extension 'cmake'
[3.098s] Level 1:colcon.colcon_core.package_identification:_identify(arduino_test_folder/modefied_code_motor_control_master) by extension 'python'
[3.098s] Level 1:colcon.colcon_core.package_identification:_identify(arduino_test_folder/modefied_code_motor_control_master) by extensions ['python_setup_py']
[3.098s] Level 1:colcon.colcon_core.package_identification:_identify(arduino_test_folder/modefied_code_motor_control_master) by extension 'python_setup_py'
[3.099s] Level 1:colcon.colcon_core.package_identification:_identify(arduino_test_folder/modefied_code_motor_control_master (copy)) by extensions ['ignore', 'ignore_ament_install']
[3.099s] Level 1:colcon.colcon_core.package_identification:_identify(arduino_test_folder/modefied_code_motor_control_master (copy)) by extension 'ignore'
[3.099s] Level 1:colcon.colcon_core.package_identification:_identify(arduino_test_folder/modefied_code_motor_control_master (copy)) by extension 'ignore_ament_install'
[3.099s] Level 1:colcon.colcon_core.package_identification:_identify(arduino_test_folder/modefied_code_motor_control_master (copy)) by extensions ['colcon_pkg']
[3.100s] Level 1:colcon.colcon_core.package_identification:_identify(arduino_test_folder/modefied_code_motor_control_master (copy)) by extension 'colcon_pkg'
[3.100s] Level 1:colcon.colcon_core.package_identification:_identify(arduino_test_folder/modefied_code_motor_control_master (copy)) by extensions ['colcon_meta']
[3.100s] Level 1:colcon.colcon_core.package_identification:_identify(arduino_test_folder/modefied_code_motor_control_master (copy)) by extension 'colcon_meta'
[3.100s] Level 1:colcon.colcon_core.package_identification:_identify(arduino_test_folder/modefied_code_motor_control_master (copy)) by extensions ['ros']
[3.100s] Level 1:colcon.colcon_core.package_identification:_identify(arduino_test_folder/modefied_code_motor_control_master (copy)) by extension 'ros'
[3.101s] Level 1:colcon.colcon_core.package_identification:_identify(arduino_test_folder/modefied_code_motor_control_master (copy)) by extensions ['cmake', 'python']
[3.101s] Level 1:colcon.colcon_core.package_identification:_identify(arduino_test_folder/modefied_code_motor_control_master (copy)) by extension 'cmake'
[3.101s] Level 1:colcon.colcon_core.package_identification:_identify(arduino_test_folder/modefied_code_motor_control_master (copy)) by extension 'python'
[3.101s] Level 1:colcon.colcon_core.package_identification:_identify(arduino_test_folder/modefied_code_motor_control_master (copy)) by extensions ['python_setup_py']
[3.101s] Level 1:colcon.colcon_core.package_identification:_identify(arduino_test_folder/modefied_code_motor_control_master (copy)) by extension 'python_setup_py'
[3.102s] Level 1:colcon.colcon_core.package_identification:_identify(arduino_test_folder/modefied_code_motor_control_slave) by extensions ['ignore', 'ignore_ament_install']
[3.102s] Level 1:colcon.colcon_core.package_identification:_identify(arduino_test_folder/modefied_code_motor_control_slave) by extension 'ignore'
[3.102s] Level 1:colcon.colcon_core.package_identification:_identify(arduino_test_folder/modefied_code_motor_control_slave) by extension 'ignore_ament_install'
[3.102s] Level 1:colcon.colcon_core.package_identification:_identify(arduino_test_folder/modefied_code_motor_control_slave) by extensions ['colcon_pkg']
[3.103s] Level 1:colcon.colcon_core.package_identification:_identify(arduino_test_folder/modefied_code_motor_control_slave) by extension 'colcon_pkg'
[3.103s] Level 1:colcon.colcon_core.package_identification:_identify(arduino_test_folder/modefied_code_motor_control_slave) by extensions ['colcon_meta']
[3.103s] Level 1:colcon.colcon_core.package_identification:_identify(arduino_test_folder/modefied_code_motor_control_slave) by extension 'colcon_meta'
[3.103s] Level 1:colcon.colcon_core.package_identification:_identify(arduino_test_folder/modefied_code_motor_control_slave) by extensions ['ros']
[3.103s] Level 1:colcon.colcon_core.package_identification:_identify(arduino_test_folder/modefied_code_motor_control_slave) by extension 'ros'
[3.104s] Level 1:colcon.colcon_core.package_identification:_identify(arduino_test_folder/modefied_code_motor_control_slave) by extensions ['cmake', 'python']
[3.104s] Level 1:colcon.colcon_core.package_identification:_identify(arduino_test_folder/modefied_code_motor_control_slave) by extension 'cmake'
[3.104s] Level 1:colcon.colcon_core.package_identification:_identify(arduino_test_folder/modefied_code_motor_control_slave) by extension 'python'
[3.104s] Level 1:colcon.colcon_core.package_identification:_identify(arduino_test_folder/modefied_code_motor_control_slave) by extensions ['python_setup_py']
[3.104s] Level 1:colcon.colcon_core.package_identification:_identify(arduino_test_folder/modefied_code_motor_control_slave) by extension 'python_setup_py'
[3.105s] Level 1:colcon.colcon_core.package_identification:_identify(arduino_test_folder/modefied_code_motor_control_slave (copy)) by extensions ['ignore', 'ignore_ament_install']
[3.105s] Level 1:colcon.colcon_core.package_identification:_identify(arduino_test_folder/modefied_code_motor_control_slave (copy)) by extension 'ignore'
[3.105s] Level 1:colcon.colcon_core.package_identification:_identify(arduino_test_folder/modefied_code_motor_control_slave (copy)) by extension 'ignore_ament_install'
[3.105s] Level 1:colcon.colcon_core.package_identification:_identify(arduino_test_folder/modefied_code_motor_control_slave (copy)) by extensions ['colcon_pkg']
[3.105s] Level 1:colcon.colcon_core.package_identification:_identify(arduino_test_folder/modefied_code_motor_control_slave (copy)) by extension 'colcon_pkg'
[3.106s] Level 1:colcon.colcon_core.package_identification:_identify(arduino_test_folder/modefied_code_motor_control_slave (copy)) by extensions ['colcon_meta']
[3.106s] Level 1:colcon.colcon_core.package_identification:_identify(arduino_test_folder/modefied_code_motor_control_slave (copy)) by extension 'colcon_meta'
[3.106s] Level 1:colcon.colcon_core.package_identification:_identify(arduino_test_folder/modefied_code_motor_control_slave (copy)) by extensions ['ros']
[3.106s] Level 1:colcon.colcon_core.package_identification:_identify(arduino_test_folder/modefied_code_motor_control_slave (copy)) by extension 'ros'
[3.106s] Level 1:colcon.colcon_core.package_identification:_identify(arduino_test_folder/modefied_code_motor_control_slave (copy)) by extensions ['cmake', 'python']
[3.107s] Level 1:colcon.colcon_core.package_identification:_identify(arduino_test_folder/modefied_code_motor_control_slave (copy)) by extension 'cmake'
[3.107s] Level 1:colcon.colcon_core.package_identification:_identify(arduino_test_folder/modefied_code_motor_control_slave (copy)) by extension 'python'
[3.107s] Level 1:colcon.colcon_core.package_identification:_identify(arduino_test_folder/modefied_code_motor_control_slave (copy)) by extensions ['python_setup_py']
[3.107s] Level 1:colcon.colcon_core.package_identification:_identify(arduino_test_folder/modefied_code_motor_control_slave (copy)) by extension 'python_setup_py'
[3.107s] Level 1:colcon.colcon_core.package_identification:_identify(build) by extensions ['ignore', 'ignore_ament_install']
[3.108s] Level 1:colcon.colcon_core.package_identification:_identify(build) by extension 'ignore'
[3.108s] Level 1:colcon.colcon_core.package_identification:_identify(build) ignored
[3.108s] Level 1:colcon.colcon_core.package_identification:_identify(install) by extensions ['ignore', 'ignore_ament_install']
[3.109s] Level 1:colcon.colcon_core.package_identification:_identify(install) by extension 'ignore'
[3.109s] Level 1:colcon.colcon_core.package_identification:_identify(install) ignored
[3.109s] Level 1:colcon.colcon_core.package_identification:_identify(lib_aarch64) by extensions ['ignore', 'ignore_ament_install']
[3.110s] Level 1:colcon.colcon_core.package_identification:_identify(lib_aarch64) by extension 'ignore'
[3.110s] Level 1:colcon.colcon_core.package_identification:_identify(lib_aarch64) by extension 'ignore_ament_install'
[3.110s] Level 1:colcon.colcon_core.package_identification:_identify(lib_aarch64) by extensions ['colcon_pkg']
[3.110s] Level 1:colcon.colcon_core.package_identification:_identify(lib_aarch64) by extension 'colcon_pkg'
[3.111s] Level 1:colcon.colcon_core.package_identification:_identify(lib_aarch64) by extensions ['colcon_meta']
[3.111s] Level 1:colcon.colcon_core.package_identification:_identify(lib_aarch64) by extension 'colcon_meta'
[3.111s] Level 1:colcon.colcon_core.package_identification:_identify(lib_aarch64) by extensions ['ros']
[3.111s] Level 1:colcon.colcon_core.package_identification:_identify(lib_aarch64) by extension 'ros'
[3.111s] Level 1:colcon.colcon_core.package_identification:_identify(lib_aarch64) by extensions ['cmake', 'python']
[3.111s] Level 1:colcon.colcon_core.package_identification:_identify(lib_aarch64) by extension 'cmake'
[3.112s] Level 1:colcon.colcon_core.package_identification:_identify(lib_aarch64) by extension 'python'
[3.112s] Level 1:colcon.colcon_core.package_identification:_identify(lib_aarch64) by extensions ['python_setup_py']
[3.112s] Level 1:colcon.colcon_core.package_identification:_identify(lib_aarch64) by extension 'python_setup_py'
[3.112s] Level 1:colcon.colcon_core.package_identification:_identify(log) by extensions ['ignore', 'ignore_ament_install']
[3.113s] Level 1:colcon.colcon_core.package_identification:_identify(log) by extension 'ignore'
[3.113s] Level 1:colcon.colcon_core.package_identification:_identify(log) ignored
[3.113s] Level 1:colcon.colcon_core.package_identification:_identify(spi_test_folder) by extensions ['ignore', 'ignore_ament_install']
[3.114s] Level 1:colcon.colcon_core.package_identification:_identify(spi_test_folder) by extension 'ignore'
[3.114s] Level 1:colcon.colcon_core.package_identification:_identify(spi_test_folder) by extension 'ignore_ament_install'
[3.114s] Level 1:colcon.colcon_core.package_identification:_identify(spi_test_folder) by extensions ['colcon_pkg']
[3.114s] Level 1:colcon.colcon_core.package_identification:_identify(spi_test_folder) by extension 'colcon_pkg'
[3.114s] Level 1:colcon.colcon_core.package_identification:_identify(spi_test_folder) by extensions ['colcon_meta']
[3.114s] Level 1:colcon.colcon_core.package_identification:_identify(spi_test_folder) by extension 'colcon_meta'
[3.115s] Level 1:colcon.colcon_core.package_identification:_identify(spi_test_folder) by extensions ['ros']
[3.115s] Level 1:colcon.colcon_core.package_identification:_identify(spi_test_folder) by extension 'ros'
[3.115s] Level 1:colcon.colcon_core.package_identification:_identify(spi_test_folder) by extensions ['cmake', 'python']
[3.115s] Level 1:colcon.colcon_core.package_identification:_identify(spi_test_folder) by extension 'cmake'
[3.115s] Level 1:colcon.colcon_core.package_identification:_identify(spi_test_folder) by extension 'python'
[3.116s] Level 1:colcon.colcon_core.package_identification:_identify(spi_test_folder) by extensions ['python_setup_py']
[3.116s] Level 1:colcon.colcon_core.package_identification:_identify(spi_test_folder) by extension 'python_setup_py'
[3.116s] Level 1:colcon.colcon_core.package_identification:_identify(src) by extensions ['ignore', 'ignore_ament_install']
[3.116s] Level 1:colcon.colcon_core.package_identification:_identify(src) by extension 'ignore'
[3.117s] Level 1:colcon.colcon_core.package_identification:_identify(src) by extension 'ignore_ament_install'
[3.117s] Level 1:colcon.colcon_core.package_identification:_identify(src) by extensions ['colcon_pkg']
[3.117s] Level 1:colcon.colcon_core.package_identification:_identify(src) by extension 'colcon_pkg'
[3.117s] Level 1:colcon.colcon_core.package_identification:_identify(src) by extensions ['colcon_meta']
[3.117s] Level 1:colcon.colcon_core.package_identification:_identify(src) by extension 'colcon_meta'
[3.117s] Level 1:colcon.colcon_core.package_identification:_identify(src) by extensions ['ros']
[3.118s] Level 1:colcon.colcon_core.package_identification:_identify(src) by extension 'ros'
[3.118s] Level 1:colcon.colcon_core.package_identification:_identify(src) by extensions ['cmake', 'python']
[3.118s] Level 1:colcon.colcon_core.package_identification:_identify(src) by extension 'cmake'
[3.118s] Level 1:colcon.colcon_core.package_identification:_identify(src) by extension 'python'
[3.118s] Level 1:colcon.colcon_core.package_identification:_identify(src) by extensions ['python_setup_py']
[3.119s] Level 1:colcon.colcon_core.package_identification:_identify(src) by extension 'python_setup_py'
[3.119s] Level 1:colcon.colcon_core.package_identification:_identify(src/mobile_description) by extensions ['ignore', 'ignore_ament_install']
[3.119s] Level 1:colcon.colcon_core.package_identification:_identify(src/mobile_description) by extension 'ignore'
[3.120s] Level 1:colcon.colcon_core.package_identification:_identify(src/mobile_description) by extension 'ignore_ament_install'
[3.120s] Level 1:colcon.colcon_core.package_identification:_identify(src/mobile_description) by extensions ['colcon_pkg']
[3.120s] Level 1:colcon.colcon_core.package_identification:_identify(src/mobile_description) by extension 'colcon_pkg'
[3.120s] Level 1:colcon.colcon_core.package_identification:_identify(src/mobile_description) by extensions ['colcon_meta']
[3.120s] Level 1:colcon.colcon_core.package_identification:_identify(src/mobile_description) by extension 'colcon_meta'
[3.120s] Level 1:colcon.colcon_core.package_identification:_identify(src/mobile_description) by extensions ['ros']
[3.121s] Level 1:colcon.colcon_core.package_identification:_identify(src/mobile_description) by extension 'ros'
[3.138s] DEBUG:colcon.colcon_core.package_identification:Package 'src/mobile_description' with type 'ros.ament_python' and name 'mobile_description'
[3.138s] Level 1:colcon.colcon_core.package_identification:_identify(src/motor_control) by extensions ['ignore', 'ignore_ament_install']
[3.139s] Level 1:colcon.colcon_core.package_identification:_identify(src/motor_control) by extension 'ignore'
[3.139s] Level 1:colcon.colcon_core.package_identification:_identify(src/motor_control) by extension 'ignore_ament_install'
[3.139s] Level 1:colcon.colcon_core.package_identification:_identify(src/motor_control) by extensions ['colcon_pkg']
[3.140s] Level 1:colcon.colcon_core.package_identification:_identify(src/motor_control) by extension 'colcon_pkg'
[3.140s] Level 1:colcon.colcon_core.package_identification:_identify(src/motor_control) by extensions ['colcon_meta']
[3.140s] Level 1:colcon.colcon_core.package_identification:_identify(src/motor_control) by extension 'colcon_meta'
[3.140s] Level 1:colcon.colcon_core.package_identification:_identify(src/motor_control) by extensions ['ros']
[3.140s] Level 1:colcon.colcon_core.package_identification:_identify(src/motor_control) by extension 'ros'
[3.143s] DEBUG:colcon.colcon_core.package_identification:Package 'src/motor_control' with type 'ros.ament_python' and name 'motor_control'
[3.144s] Level 1:colcon.colcon_core.package_identification:_identify(src/stella_ahrs) by extensions ['ignore', 'ignore_ament_install']
[3.144s] Level 1:colcon.colcon_core.package_identification:_identify(src/stella_ahrs) by extension 'ignore'
[3.144s] Level 1:colcon.colcon_core.package_identification:_identify(src/stella_ahrs) by extension 'ignore_ament_install'
[3.145s] Level 1:colcon.colcon_core.package_identification:_identify(src/stella_ahrs) by extensions ['colcon_pkg']
[3.145s] Level 1:colcon.colcon_core.package_identification:_identify(src/stella_ahrs) by extension 'colcon_pkg'
[3.145s] Level 1:colcon.colcon_core.package_identification:_identify(src/stella_ahrs) by extensions ['colcon_meta']
[3.145s] Level 1:colcon.colcon_core.package_identification:_identify(src/stella_ahrs) by extension 'colcon_meta'
[3.145s] Level 1:colcon.colcon_core.package_identification:_identify(src/stella_ahrs) by extensions ['ros']
[3.146s] Level 1:colcon.colcon_core.package_identification:_identify(src/stella_ahrs) by extension 'ros'
[3.151s] DEBUG:colcon.colcon_core.package_identification:Package 'src/stella_ahrs' with type 'ros.ament_cmake' and name 'stella_ahrs'
[3.151s] Level 1:colcon.colcon_core.package_identification:_identify(src/teleop_keyboard) by extensions ['ignore', 'ignore_ament_install']
[3.151s] Level 1:colcon.colcon_core.package_identification:_identify(src/teleop_keyboard) by extension 'ignore'
[3.152s] Level 1:colcon.colcon_core.package_identification:_identify(src/teleop_keyboard) by extension 'ignore_ament_install'
[3.152s] Level 1:colcon.colcon_core.package_identification:_identify(src/teleop_keyboard) by extensions ['colcon_pkg']
[3.152s] Level 1:colcon.colcon_core.package_identification:_identify(src/teleop_keyboard) by extension 'colcon_pkg'
[3.152s] Level 1:colcon.colcon_core.package_identification:_identify(src/teleop_keyboard) by extensions ['colcon_meta']
[3.152s] Level 1:colcon.colcon_core.package_identification:_identify(src/teleop_keyboard) by extension 'colcon_meta'
[3.152s] Level 1:colcon.colcon_core.package_identification:_identify(src/teleop_keyboard) by extensions ['ros']
[3.153s] Level 1:colcon.colcon_core.package_identification:_identify(src/teleop_keyboard) by extension 'ros'
[3.158s] DEBUG:colcon.colcon_core.package_identification:Package 'src/teleop_keyboard' with type 'ros.ament_python' and name 'teleop_keyboard'
[3.158s] Level 1:colcon.colcon_core.package_identification:_identify(src/ydlidar_ros2) by extensions ['ignore', 'ignore_ament_install']
[3.158s] Level 1:colcon.colcon_core.package_identification:_identify(src/ydlidar_ros2) by extension 'ignore'
[3.159s] Level 1:colcon.colcon_core.package_identification:_identify(src/ydlidar_ros2) by extension 'ignore_ament_install'
[3.159s] Level 1:colcon.colcon_core.package_identification:_identify(src/ydlidar_ros2) by extensions ['colcon_pkg']
[3.159s] Level 1:colcon.colcon_core.package_identification:_identify(src/ydlidar_ros2) by extension 'colcon_pkg'
[3.159s] Level 1:colcon.colcon_core.package_identification:_identify(src/ydlidar_ros2) by extensions ['colcon_meta']
[3.159s] Level 1:colcon.colcon_core.package_identification:_identify(src/ydlidar_ros2) by extension 'colcon_meta'
[3.160s] Level 1:colcon.colcon_core.package_identification:_identify(src/ydlidar_ros2) by extensions ['ros']
[3.160s] Level 1:colcon.colcon_core.package_identification:_identify(src/ydlidar_ros2) by extension 'ros'
[3.160s] Level 1:colcon.colcon_core.package_identification:_identify(src/ydlidar_ros2) by extensions ['cmake', 'python']
[3.160s] Level 1:colcon.colcon_core.package_identification:_identify(src/ydlidar_ros2) by extension 'cmake'
[3.160s] Level 1:colcon.colcon_core.package_identification:_identify(src/ydlidar_ros2) by extension 'python'
[3.161s] Level 1:colcon.colcon_core.package_identification:_identify(src/ydlidar_ros2) by extensions ['python_setup_py']
[3.161s] Level 1:colcon.colcon_core.package_identification:_identify(src/ydlidar_ros2) by extension 'python_setup_py'
[3.161s] Level 1:colcon.colcon_core.package_discovery:discover_packages(recursive) using defaults
[3.161s] Level 1:colcon.colcon_core.package_discovery:discover_packages(ignore) discover
[3.161s] Level 1:colcon.colcon_core.package_discovery:discover_packages(ignore) using defaults
[3.161s] Level 1:colcon.colcon_core.package_discovery:discover_packages(path) discover
[3.162s] Level 1:colcon.colcon_core.package_discovery:discover_packages(path) using defaults
[3.304s] Level 1:colcon.colcon_core.package_discovery:discover_packages(prefix_path) check parameters
[3.304s] Level 1:colcon.colcon_core.package_discovery:discover_packages(prefix_path) discover
[3.313s] WARNING:colcon.colcon_ros.prefix_path.ament:The path '/home/jetson/mecanum-ros2/install/teleop_keyboard' in the environment variable AMENT_PREFIX_PATH doesn't exist
[3.314s] WARNING:colcon.colcon_ros.prefix_path.ament:The path '/home/jetson/mecanum-ros2/install/motor_control' in the environment variable AMENT_PREFIX_PATH doesn't exist
[3.314s] WARNING:colcon.colcon_ros.prefix_path.ament:The path '/home/jetson/mecanum-ros2/install/mecanum_description' in the environment variable AMENT_PREFIX_PATH doesn't exist
[3.314s] WARNING:colcon.colcon_ros.prefix_path.catkin:The path '/home/jetson/mecanum-ros2/install/mecanum_description' in the environment variable CMAKE_PREFIX_PATH doesn't exist
[3.321s] DEBUG:colcon.colcon_installed_package_information.package_discovery:Found 0 installed packages in /home/jetson/mecanum-ros2/install
[3.332s] DEBUG:colcon.colcon_installed_package_information.package_discovery:Found 268 installed packages in /opt/ros/galactic
[3.342s] Level 1:colcon.colcon_core.package_discovery:discover_packages(prefix_path) using defaults
[3.748s] Level 5:colcon.colcon_core.verb:set package 'mobile_description' build argument 'cmake_args' from command line to 'None'
[3.748s] Level 5:colcon.colcon_core.verb:set package 'mobile_description' build argument 'cmake_target' from command line to 'None'
[3.748s] Level 5:colcon.colcon_core.verb:set package 'mobile_description' build argument 'cmake_target_skip_unavailable' from command line to 'False'
[3.749s] Level 5:colcon.colcon_core.verb:set package 'mobile_description' build argument 'cmake_clean_cache' from command line to 'False'
[3.749s] Level 5:colcon.colcon_core.verb:set package 'mobile_description' build argument 'cmake_clean_first' from command line to 'False'
[3.749s] Level 5:colcon.colcon_core.verb:set package 'mobile_description' build argument 'cmake_force_configure' from command line to 'False'
[3.749s] Level 5:colcon.colcon_core.verb:set package 'mobile_description' build argument 'ament_cmake_args' from command line to 'None'
[3.749s] Level 5:colcon.colcon_core.verb:set package 'mobile_description' build argument 'catkin_cmake_args' from command line to 'None'
[3.749s] Level 5:colcon.colcon_core.verb:set package 'mobile_description' build argument 'catkin_skip_building_tests' from command line to 'False'
[3.750s] DEBUG:colcon.colcon_core.verb:Building package 'mobile_description' with the following arguments: {'ament_cmake_args': None, 'build_base': '/home/jetson/mecanum-ros2/build/mobile_description', 'catkin_cmake_args': None, 'catkin_skip_building_tests': False, 'cmake_args': None, 'cmake_clean_cache': False, 'cmake_clean_first': False, 'cmake_force_configure': False, 'cmake_target': None, 'cmake_target_skip_unavailable': False, 'install_base': '/home/jetson/mecanum-ros2/install/mobile_description', 'merge_install': False, 'path': '/home/jetson/mecanum-ros2/src/mobile_description', 'symlink_install': False, 'test_result_base': None}
[3.757s] Level 5:colcon.colcon_core.verb:set package 'motor_control' build argument 'cmake_args' from command line to 'None'
[3.757s] Level 5:colcon.colcon_core.verb:set package 'motor_control' build argument 'cmake_target' from command line to 'None'
[3.758s] Level 5:colcon.colcon_core.verb:set package 'motor_control' build argument 'cmake_target_skip_unavailable' from command line to 'False'
[3.758s] Level 5:colcon.colcon_core.verb:set package 'motor_control' build argument 'cmake_clean_cache' from command line to 'False'
[3.758s] Level 5:colcon.colcon_core.verb:set package 'motor_control' build argument 'cmake_clean_first' from command line to 'False'
[3.758s] Level 5:colcon.colcon_core.verb:set package 'motor_control' build argument 'cmake_force_configure' from command line to 'False'
[3.758s] Level 5:colcon.colcon_core.verb:set package 'motor_control' build argument 'ament_cmake_args' from command line to 'None'
[3.758s] Level 5:colcon.colcon_core.verb:set package 'motor_control' build argument 'catkin_cmake_args' from command line to 'None'
[3.759s] Level 5:colcon.colcon_core.verb:set package 'motor_control' build argument 'catkin_skip_building_tests' from command line to 'False'
[3.759s] DEBUG:colcon.colcon_core.verb:Building package 'motor_control' with the following arguments: {'ament_cmake_args': None, 'build_base': '/home/jetson/mecanum-ros2/build/motor_control', 'catkin_cmake_args': None, 'catkin_skip_building_tests': False, 'cmake_args': None, 'cmake_clean_cache': False, 'cmake_clean_first': False, 'cmake_force_configure': False, 'cmake_target': None, 'cmake_target_skip_unavailable': False, 'install_base': '/home/jetson/mecanum-ros2/install/motor_control', 'merge_install': False, 'path': '/home/jetson/mecanum-ros2/src/motor_control', 'symlink_install': False, 'test_result_base': None}
[3.765s] Level 5:colcon.colcon_core.verb:set package 'stella_ahrs' build argument 'cmake_args' from command line to 'None'
[3.766s] Level 5:colcon.colcon_core.verb:set package 'stella_ahrs' build argument 'cmake_target' from command line to 'None'
[3.766s] Level 5:colcon.colcon_core.verb:set package 'stella_ahrs' build argument 'cmake_target_skip_unavailable' from command line to 'False'
[3.766s] Level 5:colcon.colcon_core.verb:set package 'stella_ahrs' build argument 'cmake_clean_cache' from command line to 'False'
[3.766s] Level 5:colcon.colcon_core.verb:set package 'stella_ahrs' build argument 'cmake_clean_first' from command line to 'False'
[3.766s] Level 5:colcon.colcon_core.verb:set package 'stella_ahrs' build argument 'cmake_force_configure' from command line to 'False'
[3.766s] Level 5:colcon.colcon_core.verb:set package 'stella_ahrs' build argument 'ament_cmake_args' from command line to 'None'
[3.766s] Level 5:colcon.colcon_core.verb:set package 'stella_ahrs' build argument 'catkin_cmake_args' from command line to 'None'
[3.766s] Level 5:colcon.colcon_core.verb:set package 'stella_ahrs' build argument 'catkin_skip_building_tests' from command line to 'False'
[3.767s] DEBUG:colcon.colcon_core.verb:Building package 'stella_ahrs' with the following arguments: {'ament_cmake_args': None, 'build_base': '/home/jetson/mecanum-ros2/build/stella_ahrs', 'catkin_cmake_args': None, 'catkin_skip_building_tests': False, 'cmake_args': None, 'cmake_clean_cache': False, 'cmake_clean_first': False, 'cmake_force_configure': False, 'cmake_target': None, 'cmake_target_skip_unavailable': False, 'install_base': '/home/jetson/mecanum-ros2/install/stella_ahrs', 'merge_install': False, 'path': '/home/jetson/mecanum-ros2/src/stella_ahrs', 'symlink_install': False, 'test_result_base': None}
[3.773s] Level 5:colcon.colcon_core.verb:set package 'teleop_keyboard' build argument 'cmake_args' from command line to 'None'
[3.773s] Level 5:colcon.colcon_core.verb:set package 'teleop_keyboard' build argument 'cmake_target' from command line to 'None'
[3.773s] Level 5:colcon.colcon_core.verb:set package 'teleop_keyboard' build argument 'cmake_target_skip_unavailable' from command line to 'False'
[3.773s] Level 5:colcon.colcon_core.verb:set package 'teleop_keyboard' build argument 'cmake_clean_cache' from command line to 'False'
[3.773s] Level 5:colcon.colcon_core.verb:set package 'teleop_keyboard' build argument 'cmake_clean_first' from command line to 'False'
[3.773s] Level 5:colcon.colcon_core.verb:set package 'teleop_keyboard' build argument 'cmake_force_configure' from command line to 'False'
[3.773s] Level 5:colcon.colcon_core.verb:set package 'teleop_keyboard' build argument 'ament_cmake_args' from command line to 'None'
[3.773s] Level 5:colcon.colcon_core.verb:set package 'teleop_keyboard' build argument 'catkin_cmake_args' from command line to 'None'
[3.774s] Level 5:colcon.colcon_core.verb:set package 'teleop_keyboard' build argument 'catkin_skip_building_tests' from command line to 'False'
[3.774s] DEBUG:colcon.colcon_core.verb:Building package 'teleop_keyboard' with the following arguments: {'ament_cmake_args': None, 'build_base': '/home/jetson/mecanum-ros2/build/teleop_keyboard', 'catkin_cmake_args': None, 'catkin_skip_building_tests': False, 'cmake_args': None, 'cmake_clean_cache': False, 'cmake_clean_first': False, 'cmake_force_configure': False, 'cmake_target': None, 'cmake_target_skip_unavailable': False, 'install_base': '/home/jetson/mecanum-ros2/install/teleop_keyboard', 'merge_install': False, 'path': '/home/jetson/mecanum-ros2/src/teleop_keyboard', 'symlink_install': False, 'test_result_base': None}
[3.778s] INFO:colcon.colcon_core.executor:Executing jobs using 'parallel' executor
[3.797s] DEBUG:colcon.colcon_parallel_executor.executor.parallel:run_until_complete
[3.797s] INFO:colcon.colcon_ros.task.ament_python.build:Building ROS package in '/home/jetson/mecanum-ros2/src/mobile_description' with build type 'ament_python'
[3.798s] Level 1:colcon.colcon_core.shell:create_environment_hook('mobile_description', 'ament_prefix_path')
[3.833s] INFO:colcon.colcon_core.plugin_system:Skipping extension 'colcon_core.shell.bat': Not used on non-Windows systems
[3.834s] INFO:colcon.colcon_core.shell:Creating environment hook '/home/jetson/mecanum-ros2/install/mobile_description/share/mobile_description/hook/ament_prefix_path.ps1'
[3.838s] INFO:colcon.colcon_core.shell:Creating environment descriptor '/home/jetson/mecanum-ros2/install/mobile_description/share/mobile_description/hook/ament_prefix_path.dsv'
[3.840s] INFO:colcon.colcon_core.shell:Creating environment hook '/home/jetson/mecanum-ros2/install/mobile_description/share/mobile_description/hook/ament_prefix_path.sh'
[3.852s] INFO:colcon.colcon_core.shell:Skip shell extension 'powershell' for command environment: Not usable outside of PowerShell
[3.852s] DEBUG:colcon.colcon_core.shell:Skip shell extension 'dsv' for command environment
[3.881s] INFO:colcon.colcon_ros.task.ament_python.build:Building ROS package in '/home/jetson/mecanum-ros2/src/motor_control' with build type 'ament_python'
[3.883s] Level 1:colcon.colcon_core.shell:create_environment_hook('motor_control', 'ament_prefix_path')
[3.892s] INFO:colcon.colcon_core.shell:Creating environment hook '/home/jetson/mecanum-ros2/install/motor_control/share/motor_control/hook/ament_prefix_path.ps1'
[3.895s] INFO:colcon.colcon_core.shell:Creating environment descriptor '/home/jetson/mecanum-ros2/install/motor_control/share/motor_control/hook/ament_prefix_path.dsv'
[3.896s] INFO:colcon.colcon_core.shell:Creating environment hook '/home/jetson/mecanum-ros2/install/motor_control/share/motor_control/hook/ament_prefix_path.sh'
[3.908s] INFO:colcon.colcon_core.shell:Skip shell extension 'powershell' for command environment: Not usable outside of PowerShell
[3.908s] DEBUG:colcon.colcon_core.shell:Skip shell extension 'dsv' for command environment
[3.939s] INFO:colcon.colcon_ros.task.ament_cmake.build:Building ROS package in '/home/jetson/mecanum-ros2/src/stella_ahrs' with build type 'ament_cmake'
[3.940s] INFO:colcon.colcon_cmake.task.cmake.build:Building CMake package in '/home/jetson/mecanum-ros2/src/stella_ahrs'
[3.952s] INFO:colcon.colcon_core.shell:Skip shell extension 'powershell' for command environment: Not usable outside of PowerShell
[3.952s] DEBUG:colcon.colcon_core.shell:Skip shell extension 'dsv' for command environment
[3.981s] INFO:colcon.colcon_ros.task.ament_python.build:Building ROS package in '/home/jetson/mecanum-ros2/src/teleop_keyboard' with build type 'ament_python'
[3.982s] Level 1:colcon.colcon_core.shell:create_environment_hook('teleop_keyboard', 'ament_prefix_path')
[3.992s] INFO:colcon.colcon_core.shell:Creating environment hook '/home/jetson/mecanum-ros2/install/teleop_keyboard/share/teleop_keyboard/hook/ament_prefix_path.ps1'
[3.995s] INFO:colcon.colcon_core.shell:Creating environment descriptor '/home/jetson/mecanum-ros2/install/teleop_keyboard/share/teleop_keyboard/hook/ament_prefix_path.dsv'
[3.997s] INFO:colcon.colcon_core.shell:Creating environment hook '/home/jetson/mecanum-ros2/install/teleop_keyboard/share/teleop_keyboard/hook/ament_prefix_path.sh'
[4.007s] INFO:colcon.colcon_core.shell:Skip shell extension 'powershell' for command environment: Not usable outside of PowerShell
[4.007s] DEBUG:colcon.colcon_core.shell:Skip shell extension 'dsv' for command environment
[5.353s] INFO:colcon.colcon_core.task.python.build:Building Python package in '/home/jetson/mecanum-ros2/src/mobile_description'
[5.362s] INFO:colcon.colcon_core.shell:Skip shell extension 'powershell' for command environment: Not usable outside of PowerShell
[5.363s] DEBUG:colcon.colcon_core.shell:Skip shell extension 'dsv' for command environment
[6.698s] INFO:colcon.colcon_core.task.python.build:Building Python package in '/home/jetson/mecanum-ros2/src/motor_control'
[6.707s] INFO:colcon.colcon_core.shell:Skip shell extension 'powershell' for command environment: Not usable outside of PowerShell
[6.707s] DEBUG:colcon.colcon_core.shell:Skip shell extension 'dsv' for command environment
[6.744s] DEBUG:colcon.colcon_core.event_handler.log_command:Invoking command in '/home/jetson/mecanum-ros2/build/stella_ahrs': CMAKE_PREFIX_PATH=${CMAKE_PREFIX_PATH}:/home/jetson/mecanum-ros2/install/teleop_keyboard:/home/jetson/mecanum-ros2/install/motor_control:/opt/ros/galactic /usr/bin/cmake /home/jetson/mecanum-ros2/src/stella_ahrs -DCMAKE_INSTALL_PREFIX=/home/jetson/mecanum-ros2/install/stella_ahrs
[8.153s] INFO:colcon.colcon_core.task.python.build:Building Python package in '/home/jetson/mecanum-ros2/src/teleop_keyboard'
[8.165s] INFO:colcon.colcon_core.shell:Skip shell extension 'powershell' for command environment: Not usable outside of PowerShell
[8.165s] DEBUG:colcon.colcon_core.shell:Skip shell extension 'dsv' for command environment
[10.584s] DEBUG:colcon.colcon_core.event_handler.log_command:Invoking command in '/home/jetson/mecanum-ros2/src/motor_control': PYTHONPATH=/home/jetson/mecanum-ros2/build/motor_control/prefix_override:/home/jetson/mecanum-ros2/install/motor_control/lib/python3.8/site-packages:${PYTHONPATH} /usr/bin/python3 setup.py egg_info --egg-base ../../build/motor_control build --build-base /home/jetson/mecanum-ros2/build/motor_control/build install --record /home/jetson/mecanum-ros2/build/motor_control/install.log --single-version-externally-managed
[10.599s] DEBUG:colcon.colcon_core.event_handler.log_command:Invoking command in '/home/jetson/mecanum-ros2/src/teleop_keyboard': PYTHONPATH=/home/jetson/mecanum-ros2/build/teleop_keyboard/prefix_override:/home/jetson/mecanum-ros2/install/teleop_keyboard/lib/python3.8/site-packages:${PYTHONPATH} /usr/bin/python3 setup.py egg_info --egg-base ../../build/teleop_keyboard build --build-base /home/jetson/mecanum-ros2/build/teleop_keyboard/build install --record /home/jetson/mecanum-ros2/build/teleop_keyboard/install.log --single-version-externally-managed
[10.616s] DEBUG:colcon.colcon_core.event_handler.log_command:Invoking command in '/home/jetson/mecanum-ros2/src/mobile_description': PYTHONPATH=/home/jetson/mecanum-ros2/build/mobile_description/prefix_override:/home/jetson/mecanum-ros2/install/mobile_description/lib/python3.8/site-packages:${PYTHONPATH} /usr/bin/python3 setup.py egg_info --egg-base ../../build/mobile_description build --build-base /home/jetson/mecanum-ros2/build/mobile_description/build install --record /home/jetson/mecanum-ros2/build/mobile_description/install.log --install-scripts $base/lib/mobile_description --single-version-externally-managed
[12.284s] DEBUG:colcon.colcon_core.event_handler.log_command:Invoked command in '/home/jetson/mecanum-ros2/src/teleop_keyboard' returned '0': PYTHONPATH=/home/jetson/mecanum-ros2/build/teleop_keyboard/prefix_override:/home/jetson/mecanum-ros2/install/teleop_keyboard/lib/python3.8/site-packages:${PYTHONPATH} /usr/bin/python3 setup.py egg_info --egg-base ../../build/teleop_keyboard build --build-base /home/jetson/mecanum-ros2/build/teleop_keyboard/build install --record /home/jetson/mecanum-ros2/build/teleop_keyboard/install.log --single-version-externally-managed
[12.334s] Level 1:colcon.colcon_core.environment:checking '/home/jetson/mecanum-ros2/install/teleop_keyboard' for CMake module files
[12.336s] Level 1:colcon.colcon_core.environment:checking '/home/jetson/mecanum-ros2/install/teleop_keyboard' for CMake config files
[12.339s] Level 1:colcon.colcon_core.environment:checking '/home/jetson/mecanum-ros2/install/teleop_keyboard/lib'
[12.340s] Level 1:colcon.colcon_core.environment:checking '/home/jetson/mecanum-ros2/install/teleop_keyboard/bin'
[12.341s] Level 1:colcon.colcon_core.environment:checking '/home/jetson/mecanum-ros2/install/teleop_keyboard/lib/pkgconfig/teleop_keyboard.pc'
[12.341s] Level 1:colcon.colcon_core.environment:checking '/home/jetson/mecanum-ros2/install/teleop_keyboard/lib/python3.8/site-packages'
[12.342s] Level 1:colcon.colcon_core.shell:create_environment_hook('teleop_keyboard', 'pythonpath')
[12.351s] INFO:colcon.colcon_core.shell:Creating environment hook '/home/jetson/mecanum-ros2/install/teleop_keyboard/share/teleop_keyboard/hook/pythonpath.ps1'
[12.352s] INFO:colcon.colcon_core.shell:Creating environment descriptor '/home/jetson/mecanum-ros2/install/teleop_keyboard/share/teleop_keyboard/hook/pythonpath.dsv'
[12.354s] INFO:colcon.colcon_core.shell:Creating environment hook '/home/jetson/mecanum-ros2/install/teleop_keyboard/share/teleop_keyboard/hook/pythonpath.sh'
[12.355s] Level 1:colcon.colcon_core.environment:checking '/home/jetson/mecanum-ros2/install/teleop_keyboard/bin'
[12.356s] Level 1:colcon.colcon_core.environment:create_environment_scripts_only(teleop_keyboard)
[12.364s] INFO:colcon.colcon_core.shell:Creating package script '/home/jetson/mecanum-ros2/install/teleop_keyboard/share/teleop_keyboard/package.ps1'
[12.371s] INFO:colcon.colcon_core.shell:Creating package descriptor '/home/jetson/mecanum-ros2/install/teleop_keyboard/share/teleop_keyboard/package.dsv'
[12.375s] INFO:colcon.colcon_core.shell:Creating package script '/home/jetson/mecanum-ros2/install/teleop_keyboard/share/teleop_keyboard/package.sh'
[12.380s] INFO:colcon.colcon_core.shell:Creating package script '/home/jetson/mecanum-ros2/install/teleop_keyboard/share/teleop_keyboard/package.bash'
[12.386s] INFO:colcon.colcon_core.shell:Creating package script '/home/jetson/mecanum-ros2/install/teleop_keyboard/share/teleop_keyboard/package.zsh'
[12.389s] Level 1:colcon.colcon_core.environment:create_file_with_runtime_dependencies(/home/jetson/mecanum-ros2/install/teleop_keyboard/share/colcon-core/packages/teleop_keyboard)
[12.409s] Level 1:colcon.colcon_core.environment:checking '/home/jetson/mecanum-ros2/install/motor_control' for CMake module files
[12.412s] DEBUG:colcon.colcon_core.event_handler.log_command:Invoked command in '/home/jetson/mecanum-ros2/src/motor_control' returned '0': PYTHONPATH=/home/jetson/mecanum-ros2/build/motor_control/prefix_override:/home/jetson/mecanum-ros2/install/motor_control/lib/python3.8/site-packages:${PYTHONPATH} /usr/bin/python3 setup.py egg_info --egg-base ../../build/motor_control build --build-base /home/jetson/mecanum-ros2/build/motor_control/build install --record /home/jetson/mecanum-ros2/build/motor_control/install.log --single-version-externally-managed
[12.413s] Level 1:colcon.colcon_core.environment:checking '/home/jetson/mecanum-ros2/install/motor_control' for CMake config files
[12.415s] Level 1:colcon.colcon_core.environment:checking '/home/jetson/mecanum-ros2/install/motor_control/lib'
[12.416s] Level 1:colcon.colcon_core.environment:checking '/home/jetson/mecanum-ros2/install/motor_control/bin'
[12.416s] Level 1:colcon.colcon_core.environment:checking '/home/jetson/mecanum-ros2/install/motor_control/lib/pkgconfig/motor_control.pc'
[12.417s] Level 1:colcon.colcon_core.environment:checking '/home/jetson/mecanum-ros2/install/motor_control/lib/python3.8/site-packages'
[12.417s] Level 1:colcon.colcon_core.shell:create_environment_hook('motor_control', 'pythonpath')
[12.427s] INFO:colcon.colcon_core.shell:Creating environment hook '/home/jetson/mecanum-ros2/install/motor_control/share/motor_control/hook/pythonpath.ps1'
[12.429s] INFO:colcon.colcon_core.shell:Creating environment descriptor '/home/jetson/mecanum-ros2/install/motor_control/share/motor_control/hook/pythonpath.dsv'
[12.431s] INFO:colcon.colcon_core.shell:Creating environment hook '/home/jetson/mecanum-ros2/install/motor_control/share/motor_control/hook/pythonpath.sh'
[12.434s] Level 1:colcon.colcon_core.environment:checking '/home/jetson/mecanum-ros2/install/motor_control/bin'
[12.434s] Level 1:colcon.colcon_core.environment:create_environment_scripts_only(motor_control)
[12.444s] INFO:colcon.colcon_core.shell:Creating package script '/home/jetson/mecanum-ros2/install/motor_control/share/motor_control/package.ps1'
[12.447s] INFO:colcon.colcon_core.shell:Creating package descriptor '/home/jetson/mecanum-ros2/install/motor_control/share/motor_control/package.dsv'
[12.449s] INFO:colcon.colcon_core.shell:Creating package script '/home/jetson/mecanum-ros2/install/motor_control/share/motor_control/package.sh'
[12.451s] INFO:colcon.colcon_core.shell:Creating package script '/home/jetson/mecanum-ros2/install/motor_control/share/motor_control/package.bash'
[12.452s] INFO:colcon.colcon_core.shell:Creating package script '/home/jetson/mecanum-ros2/install/motor_control/share/motor_control/package.zsh'
[12.453s] Level 1:colcon.colcon_core.environment:create_file_with_runtime_dependencies(/home/jetson/mecanum-ros2/install/motor_control/share/colcon-core/packages/motor_control)
[12.469s] Level 1:colcon.colcon_core.environment:checking '/home/jetson/mecanum-ros2/install/mobile_description' for CMake module files
[12.473s] DEBUG:colcon.colcon_core.event_handler.log_command:Invoked command in '/home/jetson/mecanum-ros2/src/mobile_description' returned '0': PYTHONPATH=/home/jetson/mecanum-ros2/build/mobile_description/prefix_override:/home/jetson/mecanum-ros2/install/mobile_description/lib/python3.8/site-packages:${PYTHONPATH} /usr/bin/python3 setup.py egg_info --egg-base ../../build/mobile_description build --build-base /home/jetson/mecanum-ros2/build/mobile_description/build install --record /home/jetson/mecanum-ros2/build/mobile_description/install.log --install-scripts $base/lib/mobile_description --single-version-externally-managed
[12.474s] Level 1:colcon.colcon_core.environment:checking '/home/jetson/mecanum-ros2/install/mobile_description' for CMake config files
[12.476s] Level 1:colcon.colcon_core.environment:checking '/home/jetson/mecanum-ros2/install/mobile_description/lib'
[12.477s] Level 1:colcon.colcon_core.environment:checking '/home/jetson/mecanum-ros2/install/mobile_description/bin'
[12.477s] Level 1:colcon.colcon_core.environment:checking '/home/jetson/mecanum-ros2/install/mobile_description/lib/pkgconfig/mobile_description.pc'
[12.478s] Level 1:colcon.colcon_core.environment:checking '/home/jetson/mecanum-ros2/install/mobile_description/lib/python3.8/site-packages'
[12.478s] Level 1:colcon.colcon_core.shell:create_environment_hook('mobile_description', 'pythonpath')
[12.487s] INFO:colcon.colcon_core.shell:Creating environment hook '/home/jetson/mecanum-ros2/install/mobile_description/share/mobile_description/hook/pythonpath.ps1'
[12.489s] INFO:colcon.colcon_core.shell:Creating environment descriptor '/home/jetson/mecanum-ros2/install/mobile_description/share/mobile_description/hook/pythonpath.dsv'
[12.491s] INFO:colcon.colcon_core.shell:Creating environment hook '/home/jetson/mecanum-ros2/install/mobile_description/share/mobile_description/hook/pythonpath.sh'
[12.493s] Level 1:colcon.colcon_core.environment:checking '/home/jetson/mecanum-ros2/install/mobile_description/bin'
[12.494s] Level 1:colcon.colcon_core.environment:create_environment_scripts_only(mobile_description)
[12.506s] INFO:colcon.colcon_core.shell:Creating package script '/home/jetson/mecanum-ros2/install/mobile_description/share/mobile_description/package.ps1'
[12.508s] INFO:colcon.colcon_core.shell:Creating package descriptor '/home/jetson/mecanum-ros2/install/mobile_description/share/mobile_description/package.dsv'
[12.511s] INFO:colcon.colcon_core.shell:Creating package script '/home/jetson/mecanum-ros2/install/mobile_description/share/mobile_description/package.sh'
[12.513s] INFO:colcon.colcon_core.shell:Creating package script '/home/jetson/mecanum-ros2/install/mobile_description/share/mobile_description/package.bash'
[12.515s] INFO:colcon.colcon_core.shell:Creating package script '/home/jetson/mecanum-ros2/install/mobile_description/share/mobile_description/package.zsh'
[12.517s] Level 1:colcon.colcon_core.environment:create_file_with_runtime_dependencies(/home/jetson/mecanum-ros2/install/mobile_description/share/colcon-core/packages/mobile_description)
[17.024s] DEBUG:colcon.colcon_core.event_handler.log_command:Invoked command in '/home/jetson/mecanum-ros2/build/stella_ahrs' returned '0': CMAKE_PREFIX_PATH=${CMAKE_PREFIX_PATH}:/home/jetson/mecanum-ros2/install/teleop_keyboard:/home/jetson/mecanum-ros2/install/motor_control:/opt/ros/galactic /usr/bin/cmake /home/jetson/mecanum-ros2/src/stella_ahrs -DCMAKE_INSTALL_PREFIX=/home/jetson/mecanum-ros2/install/stella_ahrs
[17.030s] DEBUG:colcon.colcon_core.event_handler.log_command:Invoking command in '/home/jetson/mecanum-ros2/build/stella_ahrs': CMAKE_PREFIX_PATH=${CMAKE_PREFIX_PATH}:/home/jetson/mecanum-ros2/install/teleop_keyboard:/home/jetson/mecanum-ros2/install/motor_control:/opt/ros/galactic /usr/bin/cmake --build /home/jetson/mecanum-ros2/build/stella_ahrs -- -j4 -l4
[37.376s] DEBUG:colcon.colcon_core.event_handler.log_command:Invoked command in '/home/jetson/mecanum-ros2/build/stella_ahrs' returned '2': CMAKE_PREFIX_PATH=${CMAKE_PREFIX_PATH}:/home/jetson/mecanum-ros2/install/teleop_keyboard:/home/jetson/mecanum-ros2/install/motor_control:/opt/ros/galactic /usr/bin/cmake --build /home/jetson/mecanum-ros2/build/stella_ahrs -- -j4 -l4
[37.493s] Level 1:colcon.colcon_core.environment:create_environment_scripts_only(stella_ahrs)
[37.506s] Level 1:colcon.colcon_core.environment:checking '/home/jetson/mecanum-ros2/install/stella_ahrs' for CMake module files
[37.507s] Level 1:colcon.colcon_core.environment:checking '/home/jetson/mecanum-ros2/install/stella_ahrs' for CMake config files
[37.508s] Level 1:colcon.colcon_core.environment:checking '/home/jetson/mecanum-ros2/install/stella_ahrs/bin'
[37.509s] Level 1:colcon.colcon_core.environment:checking '/home/jetson/mecanum-ros2/install/stella_ahrs/lib/pkgconfig/stella_ahrs.pc'
[37.510s] Level 1:colcon.colcon_core.environment:checking '/home/jetson/mecanum-ros2/install/stella_ahrs/lib/python3.8/site-packages'
[37.511s] Level 1:colcon.colcon_core.environment:checking '/home/jetson/mecanum-ros2/install/stella_ahrs/bin'
[37.519s] INFO:colcon.colcon_core.shell:Creating package script '/home/jetson/mecanum-ros2/install/stella_ahrs/share/stella_ahrs/package.ps1'
[37.522s] INFO:colcon.colcon_core.shell:Creating package descriptor '/home/jetson/mecanum-ros2/install/stella_ahrs/share/stella_ahrs/package.dsv'
[37.523s] INFO:colcon.colcon_core.shell:Creating package script '/home/jetson/mecanum-ros2/install/stella_ahrs/share/stella_ahrs/package.sh'
[37.524s] INFO:colcon.colcon_core.shell:Creating package script '/home/jetson/mecanum-ros2/install/stella_ahrs/share/stella_ahrs/package.bash'
[37.526s] INFO:colcon.colcon_core.shell:Creating package script '/home/jetson/mecanum-ros2/install/stella_ahrs/share/stella_ahrs/package.zsh'
[37.527s] Level 1:colcon.colcon_core.environment:create_file_with_runtime_dependencies(/home/jetson/mecanum-ros2/install/stella_ahrs/share/colcon-core/packages/stella_ahrs)
[37.539s] DEBUG:colcon.colcon_parallel_executor.executor.parallel:closing loop
[37.539s] DEBUG:colcon.colcon_parallel_executor.executor.parallel:loop closed
[37.539s] DEBUG:colcon.colcon_parallel_executor.executor.parallel:run_until_complete finished with '2'
[37.540s] DEBUG:colcon.colcon_core.event_reactor:joining thread
[37.572s] INFO:colcon.colcon_core.plugin_system:Skipping extension 'colcon_notification.desktop_notification.terminal_notifier': Not used on non-Darwin systems
[37.573s] INFO:colcon.colcon_core.plugin_system:Skipping extension 'colcon_notification.desktop_notification.win32': Not used on non-Windows systems
[37.573s] INFO:colcon.colcon_notification.desktop_notification:Sending desktop notification using 'notify2'
[37.617s] DEBUG:colcon.colcon_core.event_reactor:joined thread
[37.626s] INFO:colcon.colcon_core.shell:Creating prefix script '/home/jetson/mecanum-ros2/install/local_setup.ps1'
[37.634s] INFO:colcon.colcon_core.shell:Creating prefix util module '/home/jetson/mecanum-ros2/install/_local_setup_util_ps1.py'
[37.640s] INFO:colcon.colcon_core.shell:Creating prefix chain script '/home/jetson/mecanum-ros2/install/setup.ps1'
[37.649s] INFO:colcon.colcon_core.shell:Creating prefix script '/home/jetson/mecanum-ros2/install/local_setup.sh'
[37.652s] INFO:colcon.colcon_core.shell:Creating prefix util module '/home/jetson/mecanum-ros2/install/_local_setup_util_sh.py'
[37.654s] INFO:colcon.colcon_core.shell:Creating prefix chain script '/home/jetson/mecanum-ros2/install/setup.sh'
[37.661s] INFO:colcon.colcon_core.shell:Creating prefix script '/home/jetson/mecanum-ros2/install/local_setup.bash'
[37.663s] INFO:colcon.colcon_core.shell:Creating prefix chain script '/home/jetson/mecanum-ros2/install/setup.bash'
[37.670s] INFO:colcon.colcon_core.shell:Creating prefix script '/home/jetson/mecanum-ros2/install/local_setup.zsh'
[37.673s] INFO:colcon.colcon_core.shell:Creating prefix chain script '/home/jetson/mecanum-ros2/install/setup.zsh'
