running egg_info
creating ../../build/mecanum_cartographer/mecanum_cartographer.egg-info
writing ../../build/mecanum_cartographer/mecanum_cartographer.egg-info/PKG-INFO
writing dependency_links to ../../build/mecanum_cartographer/mecanum_cartographer.egg-info/dependency_links.txt
writing entry points to ../../build/mecanum_cartographer/mecanum_cartographer.egg-info/entry_points.txt
writing requirements to ../../build/mecanum_cartographer/mecanum_cartographer.egg-info/requires.txt
writing top-level names to ../../build/mecanum_cartographer/mecanum_cartographer.egg-info/top_level.txt
writing manifest file '../../build/mecanum_cartographer/mecanum_cartographer.egg-info/SOURCES.txt'
reading manifest file '../../build/mecanum_cartographer/mecanum_cartographer.egg-info/SOURCES.txt'
writing manifest file '../../build/mecanum_cartographer/mecanum_cartographer.egg-info/SOURCES.txt'
running build
running build_py
creating /home/jetson/mecanum-ros2/build/mecanum_cartographer/build
creating /home/jetson/mecanum-ros2/build/mecanum_cartographer/build/lib
creating /home/jetson/mecanum-ros2/build/mecanum_cartographer/build/lib/mecanum_cartographer
copying mecanum_cartographer/__init__.py -> /home/jetson/mecanum-ros2/build/mecanum_cartographer/build/lib/mecanum_cartographer
running install
running install_lib
creating /home/jetson/mecanum-ros2/install/mecanum_cartographer/lib/python3.8/site-packages/mecanum_cartographer
copying /home/jetson/mecanum-ros2/build/mecanum_cartographer/build/lib/mecanum_cartographer/__init__.py -> /home/jetson/mecanum-ros2/install/mecanum_cartographer/lib/python3.8/site-packages/mecanum_cartographer
byte-compiling /home/jetson/mecanum-ros2/install/mecanum_cartographer/lib/python3.8/site-packages/mecanum_cartographer/__init__.py to __init__.cpython-38.pyc
running install_data
creating /home/jetson/mecanum-ros2/install/mecanum_cartographer/share/ament_index
creating /home/jetson/mecanum-ros2/install/mecanum_cartographer/share/ament_index/resource_index
creating /home/jetson/mecanum-ros2/install/mecanum_cartographer/share/ament_index/resource_index/packages
copying resource/mecanum_cartographer -> /home/jetson/mecanum-ros2/install/mecanum_cartographer/share/ament_index/resource_index/packages
copying package.xml -> /home/jetson/mecanum-ros2/install/mecanum_cartographer/share/mecanum_cartographer
creating /home/jetson/mecanum-ros2/install/mecanum_cartographer/share/mecanum_cartographer/launch
copying launch/cartographer.launch.py -> /home/jetson/mecanum-ros2/install/mecanum_cartographer/share/mecanum_cartographer/launch
copying launch/occupancy_grid.launch.py -> /home/jetson/mecanum-ros2/install/mecanum_cartographer/share/mecanum_cartographer/launch
creating /home/jetson/mecanum-ros2/install/mecanum_cartographer/share/mecanum_cartographer/config
copying config/mecanum_2d.lua -> /home/jetson/mecanum-ros2/install/mecanum_cartographer/share/mecanum_cartographer/config
running install_egg_info
Copying ../../build/mecanum_cartographer/mecanum_cartographer.egg-info to /home/jetson/mecanum-ros2/install/mecanum_cartographer/lib/python3.8/site-packages/mecanum_cartographer-0.0.0-py3.8.egg-info
running install_scripts
writing list of installed files to '/home/jetson/mecanum-ros2/build/mecanum_cartographer/install.log'
