[24.533s] Invoking command in '/home/jetson/mecanum-ros2/src/mecanum_cartographer': PYTHONPATH=/home/jetson/mecanum-ros2/build/mecanum_cartographer/prefix_override:/home/jetson/mecanum-ros2/install/mecanum_cartographer/lib/python3.8/site-packages:${PYTHONPATH} /usr/bin/python3 setup.py egg_info --egg-base ../../build/mecanum_cartographer build --build-base /home/jetson/mecanum-ros2/build/mecanum_cartographer/build install --record /home/jetson/mecanum-ros2/build/mecanum_cartographer/install.log --single-version-externally-managed
[30.197s] running egg_info
[30.205s] creating ../../build/mecanum_cartographer/mecanum_cartographer.egg-info
[30.209s] writing ../../build/mecanum_cartographer/mecanum_cartographer.egg-info/PKG-INFO
[30.213s] writing dependency_links to ../../build/mecanum_cartographer/mecanum_cartographer.egg-info/dependency_links.txt
[30.216s] writing entry points to ../../build/mecanum_cartographer/mecanum_cartographer.egg-info/entry_points.txt
[30.217s] writing requirements to ../../build/mecanum_cartographer/mecanum_cartographer.egg-info/requires.txt
[30.219s] writing top-level names to ../../build/mecanum_cartographer/mecanum_cartographer.egg-info/top_level.txt
[30.252s] writing manifest file '../../build/mecanum_cartographer/mecanum_cartographer.egg-info/SOURCES.txt'
[30.276s] reading manifest file '../../build/mecanum_cartographer/mecanum_cartographer.egg-info/SOURCES.txt'
[30.301s] writing manifest file '../../build/mecanum_cartographer/mecanum_cartographer.egg-info/SOURCES.txt'
[30.303s] running build
[30.306s] running build_py
[30.308s] creating /home/jetson/mecanum-ros2/build/mecanum_cartographer/build
[30.309s] creating /home/jetson/mecanum-ros2/build/mecanum_cartographer/build/lib
[30.311s] creating /home/jetson/mecanum-ros2/build/mecanum_cartographer/build/lib/mecanum_cartographer
[30.317s] copying mecanum_cartographer/__init__.py -> /home/jetson/mecanum-ros2/build/mecanum_cartographer/build/lib/mecanum_cartographer
[30.319s] running install
[30.321s] running install_lib
[30.332s] creating /home/jetson/mecanum-ros2/install/mecanum_cartographer/lib/python3.8/site-packages/mecanum_cartographer
[30.334s] copying /home/jetson/mecanum-ros2/build/mecanum_cartographer/build/lib/mecanum_cartographer/__init__.py -> /home/jetson/mecanum-ros2/install/mecanum_cartographer/lib/python3.8/site-packages/mecanum_cartographer
[30.339s] byte-compiling /home/jetson/mecanum-ros2/install/mecanum_cartographer/lib/python3.8/site-packages/mecanum_cartographer/__init__.py to __init__.cpython-38.pyc
[30.342s] running install_data
[30.350s] creating /home/jetson/mecanum-ros2/install/mecanum_cartographer/share/ament_index
[30.353s] creating /home/jetson/mecanum-ros2/install/mecanum_cartographer/share/ament_index/resource_index
[30.355s] creating /home/jetson/mecanum-ros2/install/mecanum_cartographer/share/ament_index/resource_index/packages
[30.360s] copying resource/mecanum_cartographer -> /home/jetson/mecanum-ros2/install/mecanum_cartographer/share/ament_index/resource_index/packages
[30.364s] copying package.xml -> /home/jetson/mecanum-ros2/install/mecanum_cartographer/share/mecanum_cartographer
[30.366s] creating /home/jetson/mecanum-ros2/install/mecanum_cartographer/share/mecanum_cartographer/launch
[30.369s] copying launch/cartographer.launch.py -> /home/jetson/mecanum-ros2/install/mecanum_cartographer/share/mecanum_cartographer/launch
[30.371s] copying launch/occupancy_grid.launch.py -> /home/jetson/mecanum-ros2/install/mecanum_cartographer/share/mecanum_cartographer/launch
[30.373s] creating /home/jetson/mecanum-ros2/install/mecanum_cartographer/share/mecanum_cartographer/config
[30.374s] copying config/mecanum_2d.lua -> /home/jetson/mecanum-ros2/install/mecanum_cartographer/share/mecanum_cartographer/config
[30.376s] running install_egg_info
[30.386s] Copying ../../build/mecanum_cartographer/mecanum_cartographer.egg-info to /home/jetson/mecanum-ros2/install/mecanum_cartographer/lib/python3.8/site-packages/mecanum_cartographer-0.0.0-py3.8.egg-info
[30.414s] running install_scripts
[30.711s] writing list of installed files to '/home/jetson/mecanum-ros2/build/mecanum_cartographer/install.log'
[31.058s] Invoked command in '/home/jetson/mecanum-ros2/src/mecanum_cartographer' returned '0': PYTHONPATH=/home/jetson/mecanum-ros2/build/mecanum_cartographer/prefix_override:/home/jetson/mecanum-ros2/install/mecanum_cartographer/lib/python3.8/site-packages:${PYTHONPATH} /usr/bin/python3 setup.py egg_info --egg-base ../../build/mecanum_cartographer build --build-base /home/jetson/mecanum-ros2/build/mecanum_cartographer/build install --record /home/jetson/mecanum-ros2/build/mecanum_cartographer/install.log --single-version-externally-managed
