[1.734s] DEBUG:colcon:Command line arguments: ['/usr/bin/colcon', 'build']
[1.734s] DEBUG:colcon:Parsed command line arguments: Namespace(allow_overriding=[], ament_cmake_args=None, base_paths=['.'], build_base='build', catkin_cmake_args=None, catkin_skip_building_tests=False, cmake_args=None, cmake_clean_cache=False, cmake_clean_first=False, cmake_force_configure=False, cmake_target=None, cmake_target_skip_unavailable=False, continue_on_error=False, event_handlers=None, executor='parallel', ignore_user_meta=False, install_base='install', log_base=None, log_level=None, main=<bound method BuildVerb.main of <colcon_core.verb.build.BuildVerb object at 0x7fb1d16bb0>>, merge_install=False, metas=['./colcon.meta'], packages_above=None, packages_above_and_dependencies=None, packages_above_depth=None, packages_end=None, packages_ignore=None, packages_ignore_regex=None, packages_select=None, packages_select_build_failed=False, packages_select_by_dep=None, packages_select_regex=None, packages_select_test_failures=False, packages_skip=None, packages_skip_build_finished=False, packages_skip_by_dep=None, packages_skip_regex=None, packages_skip_test_passed=False, packages_skip_up_to=None, packages_start=None, packages_up_to=None, packages_up_to_regex=None, parallel_workers=4, paths=None, symlink_install=False, test_result_base=None, verb_extension=<colcon_core.verb.build.BuildVerb object at 0x7fb1d16bb0>, verb_name='build', verb_parser=<colcon_defaults.argument_parser.defaults.DefaultArgumentsDecorator object at 0x7fb1d23160>)
[1.871s] Level 1:colcon.colcon_core.package_discovery:discover_packages(colcon_meta) check parameters
[1.871s] Level 1:colcon.colcon_core.package_discovery:discover_packages(recursive) check parameters
[1.871s] Level 1:colcon.colcon_core.package_discovery:discover_packages(ignore) check parameters
[1.872s] Level 1:colcon.colcon_core.package_discovery:discover_packages(path) check parameters
[1.872s] Level 1:colcon.colcon_core.package_discovery:discover_packages(colcon_meta) discover
[1.872s] Level 1:colcon.colcon_core.package_discovery:discover_packages(recursive) discover
[1.872s] INFO:colcon.colcon_core.package_discovery:Crawling recursively for packages in '/home/jetson/mecanum-ros2'
[1.873s] Level 1:colcon.colcon_core.package_identification:_identify(.) by extensions ['ignore', 'ignore_ament_install']
[1.873s] Level 1:colcon.colcon_core.package_identification:_identify(.) by extension 'ignore'
[1.873s] Level 1:colcon.colcon_core.package_identification:_identify(.) by extension 'ignore_ament_install'
[1.874s] Level 1:colcon.colcon_core.package_identification:_identify(.) by extensions ['colcon_pkg']
[1.874s] Level 1:colcon.colcon_core.package_identification:_identify(.) by extension 'colcon_pkg'
[1.874s] Level 1:colcon.colcon_core.package_identification:_identify(.) by extensions ['colcon_meta']
[1.874s] Level 1:colcon.colcon_core.package_identification:_identify(.) by extension 'colcon_meta'
[1.874s] Level 1:colcon.colcon_core.package_identification:_identify(.) by extensions ['ros']
[1.874s] Level 1:colcon.colcon_core.package_identification:_identify(.) by extension 'ros'
[1.922s] Level 1:colcon.colcon_core.package_identification:_identify(.) by extensions ['cmake', 'python']
[1.922s] Level 1:colcon.colcon_core.package_identification:_identify(.) by extension 'cmake'
[1.922s] Level 1:colcon.colcon_core.package_identification:_identify(.) by extension 'python'
[1.923s] Level 1:colcon.colcon_core.package_identification:_identify(.) by extensions ['python_setup_py']
[1.923s] Level 1:colcon.colcon_core.package_identification:_identify(.) by extension 'python_setup_py'
[1.923s] Level 1:colcon.colcon_core.package_identification:_identify(arduino_code) by extensions ['ignore', 'ignore_ament_install']
[1.924s] Level 1:colcon.colcon_core.package_identification:_identify(arduino_code) by extension 'ignore'
[1.924s] Level 1:colcon.colcon_core.package_identification:_identify(arduino_code) by extension 'ignore_ament_install'
[1.924s] Level 1:colcon.colcon_core.package_identification:_identify(arduino_code) by extensions ['colcon_pkg']
[1.924s] Level 1:colcon.colcon_core.package_identification:_identify(arduino_code) by extension 'colcon_pkg'
[1.924s] Level 1:colcon.colcon_core.package_identification:_identify(arduino_code) by extensions ['colcon_meta']
[1.925s] Level 1:colcon.colcon_core.package_identification:_identify(arduino_code) by extension 'colcon_meta'
[1.925s] Level 1:colcon.colcon_core.package_identification:_identify(arduino_code) by extensions ['ros']
[1.925s] Level 1:colcon.colcon_core.package_identification:_identify(arduino_code) by extension 'ros'
[1.925s] Level 1:colcon.colcon_core.package_identification:_identify(arduino_code) by extensions ['cmake', 'python']
[1.925s] Level 1:colcon.colcon_core.package_identification:_identify(arduino_code) by extension 'cmake'
[1.926s] Level 1:colcon.colcon_core.package_identification:_identify(arduino_code) by extension 'python'
[1.926s] Level 1:colcon.colcon_core.package_identification:_identify(arduino_code) by extensions ['python_setup_py']
[1.926s] Level 1:colcon.colcon_core.package_identification:_identify(arduino_code) by extension 'python_setup_py'
[1.926s] Level 1:colcon.colcon_core.package_identification:_identify(arduino_code/4-dof_manipulator_control) by extensions ['ignore', 'ignore_ament_install']
[1.927s] Level 1:colcon.colcon_core.package_identification:_identify(arduino_code/4-dof_manipulator_control) by extension 'ignore'
[1.927s] Level 1:colcon.colcon_core.package_identification:_identify(arduino_code/4-dof_manipulator_control) by extension 'ignore_ament_install'
[1.927s] Level 1:colcon.colcon_core.package_identification:_identify(arduino_code/4-dof_manipulator_control) by extensions ['colcon_pkg']
[1.927s] Level 1:colcon.colcon_core.package_identification:_identify(arduino_code/4-dof_manipulator_control) by extension 'colcon_pkg'
[1.927s] Level 1:colcon.colcon_core.package_identification:_identify(arduino_code/4-dof_manipulator_control) by extensions ['colcon_meta']
[1.927s] Level 1:colcon.colcon_core.package_identification:_identify(arduino_code/4-dof_manipulator_control) by extension 'colcon_meta'
[1.928s] Level 1:colcon.colcon_core.package_identification:_identify(arduino_code/4-dof_manipulator_control) by extensions ['ros']
[1.928s] Level 1:colcon.colcon_core.package_identification:_identify(arduino_code/4-dof_manipulator_control) by extension 'ros'
[1.928s] Level 1:colcon.colcon_core.package_identification:_identify(arduino_code/4-dof_manipulator_control) by extensions ['cmake', 'python']
[1.928s] Level 1:colcon.colcon_core.package_identification:_identify(arduino_code/4-dof_manipulator_control) by extension 'cmake'
[1.928s] Level 1:colcon.colcon_core.package_identification:_identify(arduino_code/4-dof_manipulator_control) by extension 'python'
[1.929s] Level 1:colcon.colcon_core.package_identification:_identify(arduino_code/4-dof_manipulator_control) by extensions ['python_setup_py']
[1.929s] Level 1:colcon.colcon_core.package_identification:_identify(arduino_code/4-dof_manipulator_control) by extension 'python_setup_py'
[1.929s] Level 1:colcon.colcon_core.package_identification:_identify(arduino_code/motor_control_final_int) by extensions ['ignore', 'ignore_ament_install']
[1.929s] Level 1:colcon.colcon_core.package_identification:_identify(arduino_code/motor_control_final_int) by extension 'ignore'
[1.930s] Level 1:colcon.colcon_core.package_identification:_identify(arduino_code/motor_control_final_int) by extension 'ignore_ament_install'
[1.930s] Level 1:colcon.colcon_core.package_identification:_identify(arduino_code/motor_control_final_int) by extensions ['colcon_pkg']
[1.930s] Level 1:colcon.colcon_core.package_identification:_identify(arduino_code/motor_control_final_int) by extension 'colcon_pkg'
[1.930s] Level 1:colcon.colcon_core.package_identification:_identify(arduino_code/motor_control_final_int) by extensions ['colcon_meta']
[1.930s] Level 1:colcon.colcon_core.package_identification:_identify(arduino_code/motor_control_final_int) by extension 'colcon_meta'
[1.931s] Level 1:colcon.colcon_core.package_identification:_identify(arduino_code/motor_control_final_int) by extensions ['ros']
[1.931s] Level 1:colcon.colcon_core.package_identification:_identify(arduino_code/motor_control_final_int) by extension 'ros'
[1.931s] Level 1:colcon.colcon_core.package_identification:_identify(arduino_code/motor_control_final_int) by extensions ['cmake', 'python']
[1.931s] Level 1:colcon.colcon_core.package_identification:_identify(arduino_code/motor_control_final_int) by extension 'cmake'
[1.931s] Level 1:colcon.colcon_core.package_identification:_identify(arduino_code/motor_control_final_int) by extension 'python'
[1.932s] Level 1:colcon.colcon_core.package_identification:_identify(arduino_code/motor_control_final_int) by extensions ['python_setup_py']
[1.932s] Level 1:colcon.colcon_core.package_identification:_identify(arduino_code/motor_control_final_int) by extension 'python_setup_py'
[1.932s] Level 1:colcon.colcon_core.package_identification:_identify(arduino_code/motor_control_front_final_float) by extensions ['ignore', 'ignore_ament_install']
[1.932s] Level 1:colcon.colcon_core.package_identification:_identify(arduino_code/motor_control_front_final_float) by extension 'ignore'
[1.933s] Level 1:colcon.colcon_core.package_identification:_identify(arduino_code/motor_control_front_final_float) by extension 'ignore_ament_install'
[1.933s] Level 1:colcon.colcon_core.package_identification:_identify(arduino_code/motor_control_front_final_float) by extensions ['colcon_pkg']
[1.933s] Level 1:colcon.colcon_core.package_identification:_identify(arduino_code/motor_control_front_final_float) by extension 'colcon_pkg'
[1.933s] Level 1:colcon.colcon_core.package_identification:_identify(arduino_code/motor_control_front_final_float) by extensions ['colcon_meta']
[1.933s] Level 1:colcon.colcon_core.package_identification:_identify(arduino_code/motor_control_front_final_float) by extension 'colcon_meta'
[1.933s] Level 1:colcon.colcon_core.package_identification:_identify(arduino_code/motor_control_front_final_float) by extensions ['ros']
[1.934s] Level 1:colcon.colcon_core.package_identification:_identify(arduino_code/motor_control_front_final_float) by extension 'ros'
[1.934s] Level 1:colcon.colcon_core.package_identification:_identify(arduino_code/motor_control_front_final_float) by extensions ['cmake', 'python']
[1.934s] Level 1:colcon.colcon_core.package_identification:_identify(arduino_code/motor_control_front_final_float) by extension 'cmake'
[1.934s] Level 1:colcon.colcon_core.package_identification:_identify(arduino_code/motor_control_front_final_float) by extension 'python'
[1.934s] Level 1:colcon.colcon_core.package_identification:_identify(arduino_code/motor_control_front_final_float) by extensions ['python_setup_py']
[1.935s] Level 1:colcon.colcon_core.package_identification:_identify(arduino_code/motor_control_front_final_float) by extension 'python_setup_py'
[1.935s] Level 1:colcon.colcon_core.package_identification:_identify(arduino_code/motor_control_rear_final_float) by extensions ['ignore', 'ignore_ament_install']
[1.935s] Level 1:colcon.colcon_core.package_identification:_identify(arduino_code/motor_control_rear_final_float) by extension 'ignore'
[1.935s] Level 1:colcon.colcon_core.package_identification:_identify(arduino_code/motor_control_rear_final_float) by extension 'ignore_ament_install'
[1.936s] Level 1:colcon.colcon_core.package_identification:_identify(arduino_code/motor_control_rear_final_float) by extensions ['colcon_pkg']
[1.936s] Level 1:colcon.colcon_core.package_identification:_identify(arduino_code/motor_control_rear_final_float) by extension 'colcon_pkg'
[1.936s] Level 1:colcon.colcon_core.package_identification:_identify(arduino_code/motor_control_rear_final_float) by extensions ['colcon_meta']
[1.936s] Level 1:colcon.colcon_core.package_identification:_identify(arduino_code/motor_control_rear_final_float) by extension 'colcon_meta'
[1.936s] Level 1:colcon.colcon_core.package_identification:_identify(arduino_code/motor_control_rear_final_float) by extensions ['ros']
[1.936s] Level 1:colcon.colcon_core.package_identification:_identify(arduino_code/motor_control_rear_final_float) by extension 'ros'
[1.937s] Level 1:colcon.colcon_core.package_identification:_identify(arduino_code/motor_control_rear_final_float) by extensions ['cmake', 'python']
[1.937s] Level 1:colcon.colcon_core.package_identification:_identify(arduino_code/motor_control_rear_final_float) by extension 'cmake'
[1.937s] Level 1:colcon.colcon_core.package_identification:_identify(arduino_code/motor_control_rear_final_float) by extension 'python'
[1.937s] Level 1:colcon.colcon_core.package_identification:_identify(arduino_code/motor_control_rear_final_float) by extensions ['python_setup_py']
[1.937s] Level 1:colcon.colcon_core.package_identification:_identify(arduino_code/motor_control_rear_final_float) by extension 'python_setup_py'
[1.938s] Level 1:colcon.colcon_core.package_identification:_identify(arduino_code/packet_arduino) by extensions ['ignore', 'ignore_ament_install']
[1.938s] Level 1:colcon.colcon_core.package_identification:_identify(arduino_code/packet_arduino) by extension 'ignore'
[1.938s] Level 1:colcon.colcon_core.package_identification:_identify(arduino_code/packet_arduino) by extension 'ignore_ament_install'
[1.939s] Level 1:colcon.colcon_core.package_identification:_identify(arduino_code/packet_arduino) by extensions ['colcon_pkg']
[1.939s] Level 1:colcon.colcon_core.package_identification:_identify(arduino_code/packet_arduino) by extension 'colcon_pkg'
[1.939s] Level 1:colcon.colcon_core.package_identification:_identify(arduino_code/packet_arduino) by extensions ['colcon_meta']
[1.939s] Level 1:colcon.colcon_core.package_identification:_identify(arduino_code/packet_arduino) by extension 'colcon_meta'
[1.939s] Level 1:colcon.colcon_core.package_identification:_identify(arduino_code/packet_arduino) by extensions ['ros']
[1.939s] Level 1:colcon.colcon_core.package_identification:_identify(arduino_code/packet_arduino) by extension 'ros'
[1.940s] Level 1:colcon.colcon_core.package_identification:_identify(arduino_code/packet_arduino) by extensions ['cmake', 'python']
[1.940s] Level 1:colcon.colcon_core.package_identification:_identify(arduino_code/packet_arduino) by extension 'cmake'
[1.940s] Level 1:colcon.colcon_core.package_identification:_identify(arduino_code/packet_arduino) by extension 'python'
[1.940s] Level 1:colcon.colcon_core.package_identification:_identify(arduino_code/packet_arduino) by extensions ['python_setup_py']
[1.940s] Level 1:colcon.colcon_core.package_identification:_identify(arduino_code/packet_arduino) by extension 'python_setup_py'
[1.941s] Level 1:colcon.colcon_core.package_identification:_identify(arduino_code/spi_test_folder) by extensions ['ignore', 'ignore_ament_install']
[1.941s] Level 1:colcon.colcon_core.package_identification:_identify(arduino_code/spi_test_folder) by extension 'ignore'
[1.941s] Level 1:colcon.colcon_core.package_identification:_identify(arduino_code/spi_test_folder) by extension 'ignore_ament_install'
[1.941s] Level 1:colcon.colcon_core.package_identification:_identify(arduino_code/spi_test_folder) by extensions ['colcon_pkg']
[1.942s] Level 1:colcon.colcon_core.package_identification:_identify(arduino_code/spi_test_folder) by extension 'colcon_pkg'
[1.942s] Level 1:colcon.colcon_core.package_identification:_identify(arduino_code/spi_test_folder) by extensions ['colcon_meta']
[1.942s] Level 1:colcon.colcon_core.package_identification:_identify(arduino_code/spi_test_folder) by extension 'colcon_meta'
[1.942s] Level 1:colcon.colcon_core.package_identification:_identify(arduino_code/spi_test_folder) by extensions ['ros']
[1.942s] Level 1:colcon.colcon_core.package_identification:_identify(arduino_code/spi_test_folder) by extension 'ros'
[1.943s] Level 1:colcon.colcon_core.package_identification:_identify(arduino_code/spi_test_folder) by extensions ['cmake', 'python']
[1.943s] Level 1:colcon.colcon_core.package_identification:_identify(arduino_code/spi_test_folder) by extension 'cmake'
[1.943s] Level 1:colcon.colcon_core.package_identification:_identify(arduino_code/spi_test_folder) by extension 'python'
[1.943s] Level 1:colcon.colcon_core.package_identification:_identify(arduino_code/spi_test_folder) by extensions ['python_setup_py']
[1.943s] Level 1:colcon.colcon_core.package_identification:_identify(arduino_code/spi_test_folder) by extension 'python_setup_py'
[1.944s] Level 1:colcon.colcon_core.package_identification:_identify(build) by extensions ['ignore', 'ignore_ament_install']
[1.944s] Level 1:colcon.colcon_core.package_identification:_identify(build) by extension 'ignore'
[1.944s] Level 1:colcon.colcon_core.package_identification:_identify(build) ignored
[1.945s] Level 1:colcon.colcon_core.package_identification:_identify(install) by extensions ['ignore', 'ignore_ament_install']
[1.945s] Level 1:colcon.colcon_core.package_identification:_identify(install) by extension 'ignore'
[1.945s] Level 1:colcon.colcon_core.package_identification:_identify(install) ignored
[1.945s] Level 1:colcon.colcon_core.package_identification:_identify(lib_aarch64) by extensions ['ignore', 'ignore_ament_install']
[1.946s] Level 1:colcon.colcon_core.package_identification:_identify(lib_aarch64) by extension 'ignore'
[1.946s] Level 1:colcon.colcon_core.package_identification:_identify(lib_aarch64) by extension 'ignore_ament_install'
[1.946s] Level 1:colcon.colcon_core.package_identification:_identify(lib_aarch64) by extensions ['colcon_pkg']
[1.946s] Level 1:colcon.colcon_core.package_identification:_identify(lib_aarch64) by extension 'colcon_pkg'
[1.947s] Level 1:colcon.colcon_core.package_identification:_identify(lib_aarch64) by extensions ['colcon_meta']
[1.947s] Level 1:colcon.colcon_core.package_identification:_identify(lib_aarch64) by extension 'colcon_meta'
[1.947s] Level 1:colcon.colcon_core.package_identification:_identify(lib_aarch64) by extensions ['ros']
[1.947s] Level 1:colcon.colcon_core.package_identification:_identify(lib_aarch64) by extension 'ros'
[1.947s] Level 1:colcon.colcon_core.package_identification:_identify(lib_aarch64) by extensions ['cmake', 'python']
[1.947s] Level 1:colcon.colcon_core.package_identification:_identify(lib_aarch64) by extension 'cmake'
[1.948s] Level 1:colcon.colcon_core.package_identification:_identify(lib_aarch64) by extension 'python'
[1.948s] Level 1:colcon.colcon_core.package_identification:_identify(lib_aarch64) by extensions ['python_setup_py']
[1.948s] Level 1:colcon.colcon_core.package_identification:_identify(lib_aarch64) by extension 'python_setup_py'
[1.948s] Level 1:colcon.colcon_core.package_identification:_identify(log) by extensions ['ignore', 'ignore_ament_install']
[1.949s] Level 1:colcon.colcon_core.package_identification:_identify(log) by extension 'ignore'
[1.949s] Level 1:colcon.colcon_core.package_identification:_identify(log) ignored
[1.949s] Level 1:colcon.colcon_core.package_identification:_identify(src) by extensions ['ignore', 'ignore_ament_install']
[1.950s] Level 1:colcon.colcon_core.package_identification:_identify(src) by extension 'ignore'
[1.950s] Level 1:colcon.colcon_core.package_identification:_identify(src) by extension 'ignore_ament_install'
[1.950s] Level 1:colcon.colcon_core.package_identification:_identify(src) by extensions ['colcon_pkg']
[1.950s] Level 1:colcon.colcon_core.package_identification:_identify(src) by extension 'colcon_pkg'
[1.950s] Level 1:colcon.colcon_core.package_identification:_identify(src) by extensions ['colcon_meta']
[1.951s] Level 1:colcon.colcon_core.package_identification:_identify(src) by extension 'colcon_meta'
[1.951s] Level 1:colcon.colcon_core.package_identification:_identify(src) by extensions ['ros']
[1.951s] Level 1:colcon.colcon_core.package_identification:_identify(src) by extension 'ros'
[1.951s] Level 1:colcon.colcon_core.package_identification:_identify(src) by extensions ['cmake', 'python']
[1.951s] Level 1:colcon.colcon_core.package_identification:_identify(src) by extension 'cmake'
[1.951s] Level 1:colcon.colcon_core.package_identification:_identify(src) by extension 'python'
[1.952s] Level 1:colcon.colcon_core.package_identification:_identify(src) by extensions ['python_setup_py']
[1.952s] Level 1:colcon.colcon_core.package_identification:_identify(src) by extension 'python_setup_py'
[1.952s] Level 1:colcon.colcon_core.package_identification:_identify(src/mecanum_bringup) by extensions ['ignore', 'ignore_ament_install']
[1.953s] Level 1:colcon.colcon_core.package_identification:_identify(src/mecanum_bringup) by extension 'ignore'
[1.953s] Level 1:colcon.colcon_core.package_identification:_identify(src/mecanum_bringup) by extension 'ignore_ament_install'
[1.953s] Level 1:colcon.colcon_core.package_identification:_identify(src/mecanum_bringup) by extensions ['colcon_pkg']
[1.953s] Level 1:colcon.colcon_core.package_identification:_identify(src/mecanum_bringup) by extension 'colcon_pkg'
[1.953s] Level 1:colcon.colcon_core.package_identification:_identify(src/mecanum_bringup) by extensions ['colcon_meta']
[1.953s] Level 1:colcon.colcon_core.package_identification:_identify(src/mecanum_bringup) by extension 'colcon_meta'
[1.954s] Level 1:colcon.colcon_core.package_identification:_identify(src/mecanum_bringup) by extensions ['ros']
[1.954s] Level 1:colcon.colcon_core.package_identification:_identify(src/mecanum_bringup) by extension 'ros'
[1.963s] DEBUG:colcon.colcon_core.package_identification:Package 'src/mecanum_bringup' with type 'ros.ament_cmake' and name 'mecanum_bringup'
[1.964s] Level 1:colcon.colcon_core.package_identification:_identify(src/mecanum_odometry) by extensions ['ignore', 'ignore_ament_install']
[1.964s] Level 1:colcon.colcon_core.package_identification:_identify(src/mecanum_odometry) by extension 'ignore'
[1.965s] Level 1:colcon.colcon_core.package_identification:_identify(src/mecanum_odometry) by extension 'ignore_ament_install'
[1.965s] Level 1:colcon.colcon_core.package_identification:_identify(src/mecanum_odometry) by extensions ['colcon_pkg']
[1.965s] Level 1:colcon.colcon_core.package_identification:_identify(src/mecanum_odometry) by extension 'colcon_pkg'
[1.965s] Level 1:colcon.colcon_core.package_identification:_identify(src/mecanum_odometry) by extensions ['colcon_meta']
[1.965s] Level 1:colcon.colcon_core.package_identification:_identify(src/mecanum_odometry) by extension 'colcon_meta'
[1.965s] Level 1:colcon.colcon_core.package_identification:_identify(src/mecanum_odometry) by extensions ['ros']
[1.966s] Level 1:colcon.colcon_core.package_identification:_identify(src/mecanum_odometry) by extension 'ros'
[1.968s] DEBUG:colcon.colcon_core.package_identification:Package 'src/mecanum_odometry' with type 'ros.ament_python' and name 'mecanum_odometry'
[1.969s] Level 1:colcon.colcon_core.package_identification:_identify(src/mobile_description) by extensions ['ignore', 'ignore_ament_install']
[1.969s] Level 1:colcon.colcon_core.package_identification:_identify(src/mobile_description) by extension 'ignore'
[1.969s] Level 1:colcon.colcon_core.package_identification:_identify(src/mobile_description) by extension 'ignore_ament_install'
[1.970s] Level 1:colcon.colcon_core.package_identification:_identify(src/mobile_description) by extensions ['colcon_pkg']
[1.970s] Level 1:colcon.colcon_core.package_identification:_identify(src/mobile_description) by extension 'colcon_pkg'
[1.970s] Level 1:colcon.colcon_core.package_identification:_identify(src/mobile_description) by extensions ['colcon_meta']
[1.970s] Level 1:colcon.colcon_core.package_identification:_identify(src/mobile_description) by extension 'colcon_meta'
[1.970s] Level 1:colcon.colcon_core.package_identification:_identify(src/mobile_description) by extensions ['ros']
[1.971s] Level 1:colcon.colcon_core.package_identification:_identify(src/mobile_description) by extension 'ros'
[1.975s] DEBUG:colcon.colcon_core.package_identification:Package 'src/mobile_description' with type 'ros.ament_python' and name 'mobile_description'
[1.975s] Level 1:colcon.colcon_core.package_identification:_identify(src/motor_control) by extensions ['ignore', 'ignore_ament_install']
[1.975s] Level 1:colcon.colcon_core.package_identification:_identify(src/motor_control) by extension 'ignore'
[1.976s] Level 1:colcon.colcon_core.package_identification:_identify(src/motor_control) by extension 'ignore_ament_install'
[1.976s] Level 1:colcon.colcon_core.package_identification:_identify(src/motor_control) by extensions ['colcon_pkg']
[1.976s] Level 1:colcon.colcon_core.package_identification:_identify(src/motor_control) by extension 'colcon_pkg'
[1.976s] Level 1:colcon.colcon_core.package_identification:_identify(src/motor_control) by extensions ['colcon_meta']
[1.976s] Level 1:colcon.colcon_core.package_identification:_identify(src/motor_control) by extension 'colcon_meta'
[1.977s] Level 1:colcon.colcon_core.package_identification:_identify(src/motor_control) by extensions ['ros']
[1.977s] Level 1:colcon.colcon_core.package_identification:_identify(src/motor_control) by extension 'ros'
[1.979s] DEBUG:colcon.colcon_core.package_identification:Package 'src/motor_control' with type 'ros.ament_python' and name 'motor_control'
[1.980s] Level 1:colcon.colcon_core.package_identification:_identify(src/stella_ahrs) by extensions ['ignore', 'ignore_ament_install']
[1.980s] Level 1:colcon.colcon_core.package_identification:_identify(src/stella_ahrs) by extension 'ignore'
[1.980s] Level 1:colcon.colcon_core.package_identification:_identify(src/stella_ahrs) by extension 'ignore_ament_install'
[1.980s] Level 1:colcon.colcon_core.package_identification:_identify(src/stella_ahrs) by extensions ['colcon_pkg']
[1.981s] Level 1:colcon.colcon_core.package_identification:_identify(src/stella_ahrs) by extension 'colcon_pkg'
[1.981s] Level 1:colcon.colcon_core.package_identification:_identify(src/stella_ahrs) by extensions ['colcon_meta']
[1.981s] Level 1:colcon.colcon_core.package_identification:_identify(src/stella_ahrs) by extension 'colcon_meta'
[1.981s] Level 1:colcon.colcon_core.package_identification:_identify(src/stella_ahrs) by extensions ['ros']
[1.981s] Level 1:colcon.colcon_core.package_identification:_identify(src/stella_ahrs) by extension 'ros'
[1.986s] DEBUG:colcon.colcon_core.package_identification:Package 'src/stella_ahrs' with type 'ros.ament_cmake' and name 'stella_ahrs'
[1.986s] Level 1:colcon.colcon_core.package_identification:_identify(src/teleop_keyboard) by extensions ['ignore', 'ignore_ament_install']
[1.987s] Level 1:colcon.colcon_core.package_identification:_identify(src/teleop_keyboard) by extension 'ignore'
[1.987s] Level 1:colcon.colcon_core.package_identification:_identify(src/teleop_keyboard) by extension 'ignore_ament_install'
[1.987s] Level 1:colcon.colcon_core.package_identification:_identify(src/teleop_keyboard) by extensions ['colcon_pkg']
[1.987s] Level 1:colcon.colcon_core.package_identification:_identify(src/teleop_keyboard) by extension 'colcon_pkg'
[1.987s] Level 1:colcon.colcon_core.package_identification:_identify(src/teleop_keyboard) by extensions ['colcon_meta']
[1.988s] Level 1:colcon.colcon_core.package_identification:_identify(src/teleop_keyboard) by extension 'colcon_meta'
[1.988s] Level 1:colcon.colcon_core.package_identification:_identify(src/teleop_keyboard) by extensions ['ros']
[1.988s] Level 1:colcon.colcon_core.package_identification:_identify(src/teleop_keyboard) by extension 'ros'
[1.990s] DEBUG:colcon.colcon_core.package_identification:Package 'src/teleop_keyboard' with type 'ros.ament_python' and name 'teleop_keyboard'
[1.991s] Level 1:colcon.colcon_core.package_identification:_identify(src/ydlidar_ros2_driver) by extensions ['ignore', 'ignore_ament_install']
[1.991s] Level 1:colcon.colcon_core.package_identification:_identify(src/ydlidar_ros2_driver) by extension 'ignore'
[1.991s] Level 1:colcon.colcon_core.package_identification:_identify(src/ydlidar_ros2_driver) by extension 'ignore_ament_install'
[1.992s] Level 1:colcon.colcon_core.package_identification:_identify(src/ydlidar_ros2_driver) by extensions ['colcon_pkg']
[1.992s] Level 1:colcon.colcon_core.package_identification:_identify(src/ydlidar_ros2_driver) by extension 'colcon_pkg'
[1.992s] Level 1:colcon.colcon_core.package_identification:_identify(src/ydlidar_ros2_driver) by extensions ['colcon_meta']
[1.992s] Level 1:colcon.colcon_core.package_identification:_identify(src/ydlidar_ros2_driver) by extension 'colcon_meta'
[1.992s] Level 1:colcon.colcon_core.package_identification:_identify(src/ydlidar_ros2_driver) by extensions ['ros']
[1.992s] Level 1:colcon.colcon_core.package_identification:_identify(src/ydlidar_ros2_driver) by extension 'ros'
[1.995s] DEBUG:colcon.colcon_core.package_identification:Package 'src/ydlidar_ros2_driver' with type 'ros.ament_cmake' and name 'ydlidar_ros2_driver'
[1.995s] Level 1:colcon.colcon_core.package_discovery:discover_packages(recursive) using defaults
[1.996s] Level 1:colcon.colcon_core.package_discovery:discover_packages(ignore) discover
[1.996s] Level 1:colcon.colcon_core.package_discovery:discover_packages(ignore) using defaults
[1.996s] Level 1:colcon.colcon_core.package_discovery:discover_packages(path) discover
[1.996s] Level 1:colcon.colcon_core.package_discovery:discover_packages(path) using defaults
[2.103s] Level 1:colcon.colcon_core.package_discovery:discover_packages(prefix_path) check parameters
[2.103s] Level 1:colcon.colcon_core.package_discovery:discover_packages(prefix_path) discover
[2.117s] DEBUG:colcon.colcon_installed_package_information.package_discovery:Found 7 installed packages in /home/jetson/mecanum-ros2/install
[2.127s] DEBUG:colcon.colcon_installed_package_information.package_discovery:Found 268 installed packages in /opt/ros/galactic
[2.136s] Level 1:colcon.colcon_core.package_discovery:discover_packages(prefix_path) using defaults
[2.483s] Level 5:colcon.colcon_core.verb:set package 'mecanum_bringup' build argument 'cmake_args' from command line to 'None'
[2.483s] Level 5:colcon.colcon_core.verb:set package 'mecanum_bringup' build argument 'cmake_target' from command line to 'None'
[2.483s] Level 5:colcon.colcon_core.verb:set package 'mecanum_bringup' build argument 'cmake_target_skip_unavailable' from command line to 'False'
[2.483s] Level 5:colcon.colcon_core.verb:set package 'mecanum_bringup' build argument 'cmake_clean_cache' from command line to 'False'
[2.484s] Level 5:colcon.colcon_core.verb:set package 'mecanum_bringup' build argument 'cmake_clean_first' from command line to 'False'
[2.484s] Level 5:colcon.colcon_core.verb:set package 'mecanum_bringup' build argument 'cmake_force_configure' from command line to 'False'
[2.484s] Level 5:colcon.colcon_core.verb:set package 'mecanum_bringup' build argument 'ament_cmake_args' from command line to 'None'
[2.484s] Level 5:colcon.colcon_core.verb:set package 'mecanum_bringup' build argument 'catkin_cmake_args' from command line to 'None'
[2.484s] Level 5:colcon.colcon_core.verb:set package 'mecanum_bringup' build argument 'catkin_skip_building_tests' from command line to 'False'
[2.484s] DEBUG:colcon.colcon_core.verb:Building package 'mecanum_bringup' with the following arguments: {'ament_cmake_args': None, 'build_base': '/home/jetson/mecanum-ros2/build/mecanum_bringup', 'catkin_cmake_args': None, 'catkin_skip_building_tests': False, 'cmake_args': None, 'cmake_clean_cache': False, 'cmake_clean_first': False, 'cmake_force_configure': False, 'cmake_target': None, 'cmake_target_skip_unavailable': False, 'install_base': '/home/jetson/mecanum-ros2/install/mecanum_bringup', 'merge_install': False, 'path': '/home/jetson/mecanum-ros2/src/mecanum_bringup', 'symlink_install': False, 'test_result_base': None}
[2.491s] Level 5:colcon.colcon_core.verb:set package 'mecanum_odometry' build argument 'cmake_args' from command line to 'None'
[2.491s] Level 5:colcon.colcon_core.verb:set package 'mecanum_odometry' build argument 'cmake_target' from command line to 'None'
[2.491s] Level 5:colcon.colcon_core.verb:set package 'mecanum_odometry' build argument 'cmake_target_skip_unavailable' from command line to 'False'
[2.491s] Level 5:colcon.colcon_core.verb:set package 'mecanum_odometry' build argument 'cmake_clean_cache' from command line to 'False'
[2.491s] Level 5:colcon.colcon_core.verb:set package 'mecanum_odometry' build argument 'cmake_clean_first' from command line to 'False'
[2.491s] Level 5:colcon.colcon_core.verb:set package 'mecanum_odometry' build argument 'cmake_force_configure' from command line to 'False'
[2.491s] Level 5:colcon.colcon_core.verb:set package 'mecanum_odometry' build argument 'ament_cmake_args' from command line to 'None'
[2.492s] Level 5:colcon.colcon_core.verb:set package 'mecanum_odometry' build argument 'catkin_cmake_args' from command line to 'None'
[2.492s] Level 5:colcon.colcon_core.verb:set package 'mecanum_odometry' build argument 'catkin_skip_building_tests' from command line to 'False'
[2.492s] DEBUG:colcon.colcon_core.verb:Building package 'mecanum_odometry' with the following arguments: {'ament_cmake_args': None, 'build_base': '/home/jetson/mecanum-ros2/build/mecanum_odometry', 'catkin_cmake_args': None, 'catkin_skip_building_tests': False, 'cmake_args': None, 'cmake_clean_cache': False, 'cmake_clean_first': False, 'cmake_force_configure': False, 'cmake_target': None, 'cmake_target_skip_unavailable': False, 'install_base': '/home/jetson/mecanum-ros2/install/mecanum_odometry', 'merge_install': False, 'path': '/home/jetson/mecanum-ros2/src/mecanum_odometry', 'symlink_install': False, 'test_result_base': None}
[2.498s] Level 5:colcon.colcon_core.verb:set package 'mobile_description' build argument 'cmake_args' from command line to 'None'
[2.498s] Level 5:colcon.colcon_core.verb:set package 'mobile_description' build argument 'cmake_target' from command line to 'None'
[2.498s] Level 5:colcon.colcon_core.verb:set package 'mobile_description' build argument 'cmake_target_skip_unavailable' from command line to 'False'
[2.498s] Level 5:colcon.colcon_core.verb:set package 'mobile_description' build argument 'cmake_clean_cache' from command line to 'False'
[2.498s] Level 5:colcon.colcon_core.verb:set package 'mobile_description' build argument 'cmake_clean_first' from command line to 'False'
[2.498s] Level 5:colcon.colcon_core.verb:set package 'mobile_description' build argument 'cmake_force_configure' from command line to 'False'
[2.498s] Level 5:colcon.colcon_core.verb:set package 'mobile_description' build argument 'ament_cmake_args' from command line to 'None'
[2.499s] Level 5:colcon.colcon_core.verb:set package 'mobile_description' build argument 'catkin_cmake_args' from command line to 'None'
[2.499s] Level 5:colcon.colcon_core.verb:set package 'mobile_description' build argument 'catkin_skip_building_tests' from command line to 'False'
[2.499s] DEBUG:colcon.colcon_core.verb:Building package 'mobile_description' with the following arguments: {'ament_cmake_args': None, 'build_base': '/home/jetson/mecanum-ros2/build/mobile_description', 'catkin_cmake_args': None, 'catkin_skip_building_tests': False, 'cmake_args': None, 'cmake_clean_cache': False, 'cmake_clean_first': False, 'cmake_force_configure': False, 'cmake_target': None, 'cmake_target_skip_unavailable': False, 'install_base': '/home/jetson/mecanum-ros2/install/mobile_description', 'merge_install': False, 'path': '/home/jetson/mecanum-ros2/src/mobile_description', 'symlink_install': False, 'test_result_base': None}
[2.505s] Level 5:colcon.colcon_core.verb:set package 'motor_control' build argument 'cmake_args' from command line to 'None'
[2.505s] Level 5:colcon.colcon_core.verb:set package 'motor_control' build argument 'cmake_target' from command line to 'None'
[2.505s] Level 5:colcon.colcon_core.verb:set package 'motor_control' build argument 'cmake_target_skip_unavailable' from command line to 'False'
[2.505s] Level 5:colcon.colcon_core.verb:set package 'motor_control' build argument 'cmake_clean_cache' from command line to 'False'
[2.505s] Level 5:colcon.colcon_core.verb:set package 'motor_control' build argument 'cmake_clean_first' from command line to 'False'
[2.505s] Level 5:colcon.colcon_core.verb:set package 'motor_control' build argument 'cmake_force_configure' from command line to 'False'
[2.505s] Level 5:colcon.colcon_core.verb:set package 'motor_control' build argument 'ament_cmake_args' from command line to 'None'
[2.505s] Level 5:colcon.colcon_core.verb:set package 'motor_control' build argument 'catkin_cmake_args' from command line to 'None'
[2.506s] Level 5:colcon.colcon_core.verb:set package 'motor_control' build argument 'catkin_skip_building_tests' from command line to 'False'
[2.506s] DEBUG:colcon.colcon_core.verb:Building package 'motor_control' with the following arguments: {'ament_cmake_args': None, 'build_base': '/home/jetson/mecanum-ros2/build/motor_control', 'catkin_cmake_args': None, 'catkin_skip_building_tests': False, 'cmake_args': None, 'cmake_clean_cache': False, 'cmake_clean_first': False, 'cmake_force_configure': False, 'cmake_target': None, 'cmake_target_skip_unavailable': False, 'install_base': '/home/jetson/mecanum-ros2/install/motor_control', 'merge_install': False, 'path': '/home/jetson/mecanum-ros2/src/motor_control', 'symlink_install': False, 'test_result_base': None}
[2.511s] Level 5:colcon.colcon_core.verb:set package 'stella_ahrs' build argument 'cmake_args' from command line to 'None'
[2.511s] Level 5:colcon.colcon_core.verb:set package 'stella_ahrs' build argument 'cmake_target' from command line to 'None'
[2.512s] Level 5:colcon.colcon_core.verb:set package 'stella_ahrs' build argument 'cmake_target_skip_unavailable' from command line to 'False'
[2.512s] Level 5:colcon.colcon_core.verb:set package 'stella_ahrs' build argument 'cmake_clean_cache' from command line to 'False'
[2.512s] Level 5:colcon.colcon_core.verb:set package 'stella_ahrs' build argument 'cmake_clean_first' from command line to 'False'
[2.512s] Level 5:colcon.colcon_core.verb:set package 'stella_ahrs' build argument 'cmake_force_configure' from command line to 'False'
[2.512s] Level 5:colcon.colcon_core.verb:set package 'stella_ahrs' build argument 'ament_cmake_args' from command line to 'None'
[2.512s] Level 5:colcon.colcon_core.verb:set package 'stella_ahrs' build argument 'catkin_cmake_args' from command line to 'None'
[2.512s] Level 5:colcon.colcon_core.verb:set package 'stella_ahrs' build argument 'catkin_skip_building_tests' from command line to 'False'
[2.512s] DEBUG:colcon.colcon_core.verb:Building package 'stella_ahrs' with the following arguments: {'ament_cmake_args': None, 'build_base': '/home/jetson/mecanum-ros2/build/stella_ahrs', 'catkin_cmake_args': None, 'catkin_skip_building_tests': False, 'cmake_args': None, 'cmake_clean_cache': False, 'cmake_clean_first': False, 'cmake_force_configure': False, 'cmake_target': None, 'cmake_target_skip_unavailable': False, 'install_base': '/home/jetson/mecanum-ros2/install/stella_ahrs', 'merge_install': False, 'path': '/home/jetson/mecanum-ros2/src/stella_ahrs', 'symlink_install': False, 'test_result_base': None}
[2.518s] Level 5:colcon.colcon_core.verb:set package 'teleop_keyboard' build argument 'cmake_args' from command line to 'None'
[2.518s] Level 5:colcon.colcon_core.verb:set package 'teleop_keyboard' build argument 'cmake_target' from command line to 'None'
[2.518s] Level 5:colcon.colcon_core.verb:set package 'teleop_keyboard' build argument 'cmake_target_skip_unavailable' from command line to 'False'
[2.518s] Level 5:colcon.colcon_core.verb:set package 'teleop_keyboard' build argument 'cmake_clean_cache' from command line to 'False'
[2.519s] Level 5:colcon.colcon_core.verb:set package 'teleop_keyboard' build argument 'cmake_clean_first' from command line to 'False'
[2.519s] Level 5:colcon.colcon_core.verb:set package 'teleop_keyboard' build argument 'cmake_force_configure' from command line to 'False'
[2.519s] Level 5:colcon.colcon_core.verb:set package 'teleop_keyboard' build argument 'ament_cmake_args' from command line to 'None'
[2.519s] Level 5:colcon.colcon_core.verb:set package 'teleop_keyboard' build argument 'catkin_cmake_args' from command line to 'None'
[2.519s] Level 5:colcon.colcon_core.verb:set package 'teleop_keyboard' build argument 'catkin_skip_building_tests' from command line to 'False'
[2.519s] DEBUG:colcon.colcon_core.verb:Building package 'teleop_keyboard' with the following arguments: {'ament_cmake_args': None, 'build_base': '/home/jetson/mecanum-ros2/build/teleop_keyboard', 'catkin_cmake_args': None, 'catkin_skip_building_tests': False, 'cmake_args': None, 'cmake_clean_cache': False, 'cmake_clean_first': False, 'cmake_force_configure': False, 'cmake_target': None, 'cmake_target_skip_unavailable': False, 'install_base': '/home/jetson/mecanum-ros2/install/teleop_keyboard', 'merge_install': False, 'path': '/home/jetson/mecanum-ros2/src/teleop_keyboard', 'symlink_install': False, 'test_result_base': None}
[2.525s] Level 5:colcon.colcon_core.verb:set package 'ydlidar_ros2_driver' build argument 'cmake_args' from command line to 'None'
[2.525s] Level 5:colcon.colcon_core.verb:set package 'ydlidar_ros2_driver' build argument 'cmake_target' from command line to 'None'
[2.525s] Level 5:colcon.colcon_core.verb:set package 'ydlidar_ros2_driver' build argument 'cmake_target_skip_unavailable' from command line to 'False'
[2.525s] Level 5:colcon.colcon_core.verb:set package 'ydlidar_ros2_driver' build argument 'cmake_clean_cache' from command line to 'False'
[2.525s] Level 5:colcon.colcon_core.verb:set package 'ydlidar_ros2_driver' build argument 'cmake_clean_first' from command line to 'False'
[2.526s] Level 5:colcon.colcon_core.verb:set package 'ydlidar_ros2_driver' build argument 'cmake_force_configure' from command line to 'False'
[2.526s] Level 5:colcon.colcon_core.verb:set package 'ydlidar_ros2_driver' build argument 'ament_cmake_args' from command line to 'None'
[2.526s] Level 5:colcon.colcon_core.verb:set package 'ydlidar_ros2_driver' build argument 'catkin_cmake_args' from command line to 'None'
[2.526s] Level 5:colcon.colcon_core.verb:set package 'ydlidar_ros2_driver' build argument 'catkin_skip_building_tests' from command line to 'False'
[2.526s] DEBUG:colcon.colcon_core.verb:Building package 'ydlidar_ros2_driver' with the following arguments: {'ament_cmake_args': None, 'build_base': '/home/jetson/mecanum-ros2/build/ydlidar_ros2_driver', 'catkin_cmake_args': None, 'catkin_skip_building_tests': False, 'cmake_args': None, 'cmake_clean_cache': False, 'cmake_clean_first': False, 'cmake_force_configure': False, 'cmake_target': None, 'cmake_target_skip_unavailable': False, 'install_base': '/home/jetson/mecanum-ros2/install/ydlidar_ros2_driver', 'merge_install': False, 'path': '/home/jetson/mecanum-ros2/src/ydlidar_ros2_driver', 'symlink_install': False, 'test_result_base': None}
[2.530s] INFO:colcon.colcon_core.executor:Executing jobs using 'parallel' executor
[2.550s] DEBUG:colcon.colcon_parallel_executor.executor.parallel:run_until_complete
[2.551s] INFO:colcon.colcon_ros.task.ament_cmake.build:Building ROS package in '/home/jetson/mecanum-ros2/src/mecanum_bringup' with build type 'ament_cmake'
[2.551s] INFO:colcon.colcon_cmake.task.cmake.build:Building CMake package in '/home/jetson/mecanum-ros2/src/mecanum_bringup'
[2.573s] INFO:colcon.colcon_core.plugin_system:Skipping extension 'colcon_core.shell.bat': Not used on non-Windows systems
[2.574s] INFO:colcon.colcon_core.shell:Skip shell extension 'powershell' for command environment: Not usable outside of PowerShell
[2.574s] DEBUG:colcon.colcon_core.shell:Skip shell extension 'dsv' for command environment
[2.606s] INFO:colcon.colcon_ros.task.ament_python.build:Building ROS package in '/home/jetson/mecanum-ros2/src/mecanum_odometry' with build type 'ament_python'
[2.608s] Level 1:colcon.colcon_core.shell:create_environment_hook('mecanum_odometry', 'ament_prefix_path')
[2.617s] INFO:colcon.colcon_core.shell:Creating environment hook '/home/jetson/mecanum-ros2/install/mecanum_odometry/share/mecanum_odometry/hook/ament_prefix_path.ps1'
[2.621s] INFO:colcon.colcon_core.shell:Creating environment descriptor '/home/jetson/mecanum-ros2/install/mecanum_odometry/share/mecanum_odometry/hook/ament_prefix_path.dsv'
[2.623s] INFO:colcon.colcon_core.shell:Creating environment hook '/home/jetson/mecanum-ros2/install/mecanum_odometry/share/mecanum_odometry/hook/ament_prefix_path.sh'
[2.635s] INFO:colcon.colcon_core.shell:Skip shell extension 'powershell' for command environment: Not usable outside of PowerShell
[2.635s] DEBUG:colcon.colcon_core.shell:Skip shell extension 'dsv' for command environment
[2.670s] INFO:colcon.colcon_ros.task.ament_python.build:Building ROS package in '/home/jetson/mecanum-ros2/src/mobile_description' with build type 'ament_python'
[2.672s] Level 1:colcon.colcon_core.shell:create_environment_hook('mobile_description', 'ament_prefix_path')
[2.682s] INFO:colcon.colcon_core.shell:Creating environment hook '/home/jetson/mecanum-ros2/install/mobile_description/share/mobile_description/hook/ament_prefix_path.ps1'
[2.684s] INFO:colcon.colcon_core.shell:Creating environment descriptor '/home/jetson/mecanum-ros2/install/mobile_description/share/mobile_description/hook/ament_prefix_path.dsv'
[2.685s] INFO:colcon.colcon_core.shell:Creating environment hook '/home/jetson/mecanum-ros2/install/mobile_description/share/mobile_description/hook/ament_prefix_path.sh'
[2.695s] INFO:colcon.colcon_core.shell:Skip shell extension 'powershell' for command environment: Not usable outside of PowerShell
[2.695s] DEBUG:colcon.colcon_core.shell:Skip shell extension 'dsv' for command environment
[2.727s] INFO:colcon.colcon_ros.task.ament_python.build:Building ROS package in '/home/jetson/mecanum-ros2/src/motor_control' with build type 'ament_python'
[2.728s] Level 1:colcon.colcon_core.shell:create_environment_hook('motor_control', 'ament_prefix_path')
[2.738s] INFO:colcon.colcon_core.shell:Creating environment hook '/home/jetson/mecanum-ros2/install/motor_control/share/motor_control/hook/ament_prefix_path.ps1'
[2.740s] INFO:colcon.colcon_core.shell:Creating environment descriptor '/home/jetson/mecanum-ros2/install/motor_control/share/motor_control/hook/ament_prefix_path.dsv'
[2.741s] INFO:colcon.colcon_core.shell:Creating environment hook '/home/jetson/mecanum-ros2/install/motor_control/share/motor_control/hook/ament_prefix_path.sh'
[2.753s] INFO:colcon.colcon_core.shell:Skip shell extension 'powershell' for command environment: Not usable outside of PowerShell
[2.753s] DEBUG:colcon.colcon_core.shell:Skip shell extension 'dsv' for command environment
[2.811s] DEBUG:colcon.colcon_core.event_handler.log_command:Invoking command in '/home/jetson/mecanum-ros2/build/mecanum_bringup': CMAKE_PREFIX_PATH=${CMAKE_PREFIX_PATH}:/home/jetson/mecanum-ros2/install/teleop_keyboard:/home/jetson/mecanum-ros2/install/motor_control:/home/jetson/mecanum-ros2/install/mobile_description:/home/jetson/mecanum-ros2/install/mecanum_odometry:/opt/ros/galactic /usr/bin/cmake --build /home/jetson/mecanum-ros2/build/mecanum_bringup -- -j4 -l4
[4.141s] INFO:colcon.colcon_core.task.python.build:Building Python package in '/home/jetson/mecanum-ros2/src/mecanum_odometry'
[4.151s] INFO:colcon.colcon_core.shell:Skip shell extension 'powershell' for command environment: Not usable outside of PowerShell
[4.151s] DEBUG:colcon.colcon_core.shell:Skip shell extension 'dsv' for command environment
[5.494s] INFO:colcon.colcon_core.task.python.build:Building Python package in '/home/jetson/mecanum-ros2/src/mobile_description'
[5.504s] INFO:colcon.colcon_core.shell:Skip shell extension 'powershell' for command environment: Not usable outside of PowerShell
[5.505s] DEBUG:colcon.colcon_core.shell:Skip shell extension 'dsv' for command environment
[6.843s] INFO:colcon.colcon_core.task.python.build:Building Python package in '/home/jetson/mecanum-ros2/src/motor_control'
[6.853s] INFO:colcon.colcon_core.shell:Skip shell extension 'powershell' for command environment: Not usable outside of PowerShell
[6.853s] DEBUG:colcon.colcon_core.shell:Skip shell extension 'dsv' for command environment
[6.891s] DEBUG:colcon.colcon_core.event_handler.log_command:Invoked command in '/home/jetson/mecanum-ros2/build/mecanum_bringup' returned '0': CMAKE_PREFIX_PATH=${CMAKE_PREFIX_PATH}:/home/jetson/mecanum-ros2/install/teleop_keyboard:/home/jetson/mecanum-ros2/install/motor_control:/home/jetson/mecanum-ros2/install/mobile_description:/home/jetson/mecanum-ros2/install/mecanum_odometry:/opt/ros/galactic /usr/bin/cmake --build /home/jetson/mecanum-ros2/build/mecanum_bringup -- -j4 -l4
[7.029s] DEBUG:colcon.colcon_core.event_handler.log_command:Invoking command in '/home/jetson/mecanum-ros2/build/mecanum_bringup': CMAKE_PREFIX_PATH=${CMAKE_PREFIX_PATH}:/home/jetson/mecanum-ros2/install/teleop_keyboard:/home/jetson/mecanum-ros2/install/motor_control:/home/jetson/mecanum-ros2/install/mobile_description:/home/jetson/mecanum-ros2/install/mecanum_odometry:/opt/ros/galactic /usr/bin/cmake --install /home/jetson/mecanum-ros2/build/mecanum_bringup
[7.083s] Level 1:colcon.colcon_core.environment:create_environment_scripts_only(mecanum_bringup)
[7.101s] DEBUG:colcon.colcon_core.event_handler.log_command:Invoked command in '/home/jetson/mecanum-ros2/build/mecanum_bringup' returned '0': CMAKE_PREFIX_PATH=${CMAKE_PREFIX_PATH}:/home/jetson/mecanum-ros2/install/teleop_keyboard:/home/jetson/mecanum-ros2/install/motor_control:/home/jetson/mecanum-ros2/install/mobile_description:/home/jetson/mecanum-ros2/install/mecanum_odometry:/opt/ros/galactic /usr/bin/cmake --install /home/jetson/mecanum-ros2/build/mecanum_bringup
[7.122s] Level 1:colcon.colcon_core.environment:checking '/home/jetson/mecanum-ros2/install/mecanum_bringup' for CMake module files
[7.129s] Level 1:colcon.colcon_core.environment:checking '/home/jetson/mecanum-ros2/install/mecanum_bringup' for CMake config files
[7.130s] Level 1:colcon.colcon_core.shell:create_environment_hook('mecanum_bringup', 'cmake_prefix_path')
[7.140s] INFO:colcon.colcon_core.shell:Creating environment hook '/home/jetson/mecanum-ros2/install/mecanum_bringup/share/mecanum_bringup/hook/cmake_prefix_path.ps1'
[7.144s] INFO:colcon.colcon_core.shell:Creating environment descriptor '/home/jetson/mecanum-ros2/install/mecanum_bringup/share/mecanum_bringup/hook/cmake_prefix_path.dsv'
[7.145s] INFO:colcon.colcon_core.shell:Creating environment hook '/home/jetson/mecanum-ros2/install/mecanum_bringup/share/mecanum_bringup/hook/cmake_prefix_path.sh'
[7.149s] Level 1:colcon.colcon_core.environment:checking '/home/jetson/mecanum-ros2/install/mecanum_bringup/bin'
[7.149s] Level 1:colcon.colcon_core.environment:checking '/home/jetson/mecanum-ros2/install/mecanum_bringup/lib/pkgconfig/mecanum_bringup.pc'
[7.150s] Level 1:colcon.colcon_core.environment:checking '/home/jetson/mecanum-ros2/install/mecanum_bringup/lib/python3.8/site-packages'
[7.151s] Level 1:colcon.colcon_core.environment:checking '/home/jetson/mecanum-ros2/install/mecanum_bringup/bin'
[7.162s] INFO:colcon.colcon_core.shell:Creating package script '/home/jetson/mecanum-ros2/install/mecanum_bringup/share/mecanum_bringup/package.ps1'
[7.166s] INFO:colcon.colcon_core.shell:Creating package descriptor '/home/jetson/mecanum-ros2/install/mecanum_bringup/share/mecanum_bringup/package.dsv'
[7.168s] INFO:colcon.colcon_core.shell:Creating package script '/home/jetson/mecanum-ros2/install/mecanum_bringup/share/mecanum_bringup/package.sh'
[7.172s] INFO:colcon.colcon_core.shell:Creating package script '/home/jetson/mecanum-ros2/install/mecanum_bringup/share/mecanum_bringup/package.bash'
[7.176s] INFO:colcon.colcon_core.shell:Creating package script '/home/jetson/mecanum-ros2/install/mecanum_bringup/share/mecanum_bringup/package.zsh'
[7.180s] Level 1:colcon.colcon_core.environment:create_file_with_runtime_dependencies(/home/jetson/mecanum-ros2/install/mecanum_bringup/share/colcon-core/packages/mecanum_bringup)
[7.290s] Level 1:colcon.colcon_core.environment:create_environment_scripts_only(mecanum_bringup)
[7.306s] Level 1:colcon.colcon_core.environment:checking '/home/jetson/mecanum-ros2/install/mecanum_bringup' for CMake module files
[7.309s] Level 1:colcon.colcon_core.environment:checking '/home/jetson/mecanum-ros2/install/mecanum_bringup' for CMake config files
[7.310s] Level 1:colcon.colcon_core.shell:create_environment_hook('mecanum_bringup', 'cmake_prefix_path')
[7.321s] INFO:colcon.colcon_core.shell:Creating environment hook '/home/jetson/mecanum-ros2/install/mecanum_bringup/share/mecanum_bringup/hook/cmake_prefix_path.ps1'
[7.323s] INFO:colcon.colcon_core.shell:Creating environment descriptor '/home/jetson/mecanum-ros2/install/mecanum_bringup/share/mecanum_bringup/hook/cmake_prefix_path.dsv'
[7.325s] INFO:colcon.colcon_core.shell:Creating environment hook '/home/jetson/mecanum-ros2/install/mecanum_bringup/share/mecanum_bringup/hook/cmake_prefix_path.sh'
[7.327s] Level 1:colcon.colcon_core.environment:checking '/home/jetson/mecanum-ros2/install/mecanum_bringup/bin'
[7.328s] Level 1:colcon.colcon_core.environment:checking '/home/jetson/mecanum-ros2/install/mecanum_bringup/lib/pkgconfig/mecanum_bringup.pc'
[7.328s] Level 1:colcon.colcon_core.environment:checking '/home/jetson/mecanum-ros2/install/mecanum_bringup/lib/python3.8/site-packages'
[7.332s] Level 1:colcon.colcon_core.environment:checking '/home/jetson/mecanum-ros2/install/mecanum_bringup/bin'
[7.346s] INFO:colcon.colcon_core.shell:Creating package script '/home/jetson/mecanum-ros2/install/mecanum_bringup/share/mecanum_bringup/package.ps1'
[7.348s] INFO:colcon.colcon_core.shell:Creating package descriptor '/home/jetson/mecanum-ros2/install/mecanum_bringup/share/mecanum_bringup/package.dsv'
[7.350s] INFO:colcon.colcon_core.shell:Creating package script '/home/jetson/mecanum-ros2/install/mecanum_bringup/share/mecanum_bringup/package.sh'
[7.352s] INFO:colcon.colcon_core.shell:Creating package script '/home/jetson/mecanum-ros2/install/mecanum_bringup/share/mecanum_bringup/package.bash'
[7.354s] INFO:colcon.colcon_core.shell:Creating package script '/home/jetson/mecanum-ros2/install/mecanum_bringup/share/mecanum_bringup/package.zsh'
[7.356s] Level 1:colcon.colcon_core.environment:create_file_with_runtime_dependencies(/home/jetson/mecanum-ros2/install/mecanum_bringup/share/colcon-core/packages/mecanum_bringup)
[7.366s] INFO:colcon.colcon_ros.task.ament_cmake.build:Building ROS package in '/home/jetson/mecanum-ros2/src/stella_ahrs' with build type 'ament_cmake'
[7.367s] INFO:colcon.colcon_cmake.task.cmake.build:Building CMake package in '/home/jetson/mecanum-ros2/src/stella_ahrs'
[7.378s] INFO:colcon.colcon_core.shell:Skip shell extension 'powershell' for command environment: Not usable outside of PowerShell
[7.379s] DEBUG:colcon.colcon_core.shell:Skip shell extension 'dsv' for command environment
[7.442s] DEBUG:colcon.colcon_core.event_handler.log_command:Invoking command in '/home/jetson/mecanum-ros2/build/stella_ahrs': CMAKE_PREFIX_PATH=${CMAKE_PREFIX_PATH}:/home/jetson/mecanum-ros2/install/teleop_keyboard:/home/jetson/mecanum-ros2/install/motor_control:/home/jetson/mecanum-ros2/install/mobile_description:/home/jetson/mecanum-ros2/install/mecanum_odometry:/opt/ros/galactic /usr/bin/cmake --build /home/jetson/mecanum-ros2/build/stella_ahrs -- -j4 -l4
[7.774s] DEBUG:colcon.colcon_core.event_handler.log_command:Invoked command in '/home/jetson/mecanum-ros2/build/stella_ahrs' returned '0': CMAKE_PREFIX_PATH=${CMAKE_PREFIX_PATH}:/home/jetson/mecanum-ros2/install/teleop_keyboard:/home/jetson/mecanum-ros2/install/motor_control:/home/jetson/mecanum-ros2/install/mobile_description:/home/jetson/mecanum-ros2/install/mecanum_odometry:/opt/ros/galactic /usr/bin/cmake --build /home/jetson/mecanum-ros2/build/stella_ahrs -- -j4 -l4
[7.922s] DEBUG:colcon.colcon_core.event_handler.log_command:Invoking command in '/home/jetson/mecanum-ros2/build/stella_ahrs': CMAKE_PREFIX_PATH=${CMAKE_PREFIX_PATH}:/home/jetson/mecanum-ros2/install/teleop_keyboard:/home/jetson/mecanum-ros2/install/motor_control:/home/jetson/mecanum-ros2/install/mobile_description:/home/jetson/mecanum-ros2/install/mecanum_odometry:/opt/ros/galactic /usr/bin/cmake --install /home/jetson/mecanum-ros2/build/stella_ahrs
[7.996s] Level 1:colcon.colcon_core.environment:create_environment_scripts_only(stella_ahrs)
[8.008s] DEBUG:colcon.colcon_core.event_handler.log_command:Invoked command in '/home/jetson/mecanum-ros2/build/stella_ahrs' returned '0': CMAKE_PREFIX_PATH=${CMAKE_PREFIX_PATH}:/home/jetson/mecanum-ros2/install/teleop_keyboard:/home/jetson/mecanum-ros2/install/motor_control:/home/jetson/mecanum-ros2/install/mobile_description:/home/jetson/mecanum-ros2/install/mecanum_odometry:/opt/ros/galactic /usr/bin/cmake --install /home/jetson/mecanum-ros2/build/stella_ahrs
[8.014s] Level 1:colcon.colcon_core.environment:checking '/home/jetson/mecanum-ros2/install/stella_ahrs' for CMake module files
[8.017s] Level 1:colcon.colcon_core.environment:checking '/home/jetson/mecanum-ros2/install/stella_ahrs' for CMake config files
[8.019s] Level 1:colcon.colcon_core.shell:create_environment_hook('stella_ahrs', 'cmake_prefix_path')
[8.029s] INFO:colcon.colcon_core.shell:Creating environment hook '/home/jetson/mecanum-ros2/install/stella_ahrs/share/stella_ahrs/hook/cmake_prefix_path.ps1'
[8.049s] INFO:colcon.colcon_core.shell:Creating environment descriptor '/home/jetson/mecanum-ros2/install/stella_ahrs/share/stella_ahrs/hook/cmake_prefix_path.dsv'
[8.051s] INFO:colcon.colcon_core.shell:Creating environment hook '/home/jetson/mecanum-ros2/install/stella_ahrs/share/stella_ahrs/hook/cmake_prefix_path.sh'
[8.053s] Level 1:colcon.colcon_core.environment:checking '/home/jetson/mecanum-ros2/install/stella_ahrs/lib'
[8.054s] Level 1:colcon.colcon_core.environment:checking '/home/jetson/mecanum-ros2/install/stella_ahrs/bin'
[8.054s] Level 1:colcon.colcon_core.environment:checking '/home/jetson/mecanum-ros2/install/stella_ahrs/lib/pkgconfig/stella_ahrs.pc'
[8.055s] Level 1:colcon.colcon_core.environment:checking '/home/jetson/mecanum-ros2/install/stella_ahrs/lib/python3.8/site-packages'
[8.056s] Level 1:colcon.colcon_core.environment:checking '/home/jetson/mecanum-ros2/install/stella_ahrs/bin'
[8.067s] INFO:colcon.colcon_core.shell:Creating package script '/home/jetson/mecanum-ros2/install/stella_ahrs/share/stella_ahrs/package.ps1'
[8.069s] INFO:colcon.colcon_core.shell:Creating package descriptor '/home/jetson/mecanum-ros2/install/stella_ahrs/share/stella_ahrs/package.dsv'
[8.070s] INFO:colcon.colcon_core.shell:Creating package script '/home/jetson/mecanum-ros2/install/stella_ahrs/share/stella_ahrs/package.sh'
[8.072s] INFO:colcon.colcon_core.shell:Creating package script '/home/jetson/mecanum-ros2/install/stella_ahrs/share/stella_ahrs/package.bash'
[8.074s] INFO:colcon.colcon_core.shell:Creating package script '/home/jetson/mecanum-ros2/install/stella_ahrs/share/stella_ahrs/package.zsh'
[8.076s] Level 1:colcon.colcon_core.environment:create_file_with_runtime_dependencies(/home/jetson/mecanum-ros2/install/stella_ahrs/share/colcon-core/packages/stella_ahrs)
[8.238s] Level 1:colcon.colcon_core.environment:create_environment_scripts_only(stella_ahrs)
[8.259s] Level 1:colcon.colcon_core.environment:checking '/home/jetson/mecanum-ros2/install/stella_ahrs' for CMake module files
[8.262s] Level 1:colcon.colcon_core.environment:checking '/home/jetson/mecanum-ros2/install/stella_ahrs' for CMake config files
[8.263s] Level 1:colcon.colcon_core.shell:create_environment_hook('stella_ahrs', 'cmake_prefix_path')
[8.273s] INFO:colcon.colcon_core.shell:Creating environment hook '/home/jetson/mecanum-ros2/install/stella_ahrs/share/stella_ahrs/hook/cmake_prefix_path.ps1'
[8.275s] INFO:colcon.colcon_core.shell:Creating environment descriptor '/home/jetson/mecanum-ros2/install/stella_ahrs/share/stella_ahrs/hook/cmake_prefix_path.dsv'
[8.277s] INFO:colcon.colcon_core.shell:Creating environment hook '/home/jetson/mecanum-ros2/install/stella_ahrs/share/stella_ahrs/hook/cmake_prefix_path.sh'
[8.280s] Level 1:colcon.colcon_core.environment:checking '/home/jetson/mecanum-ros2/install/stella_ahrs/lib'
[8.280s] Level 1:colcon.colcon_core.environment:checking '/home/jetson/mecanum-ros2/install/stella_ahrs/bin'
[8.281s] Level 1:colcon.colcon_core.environment:checking '/home/jetson/mecanum-ros2/install/stella_ahrs/lib/pkgconfig/stella_ahrs.pc'
[8.282s] Level 1:colcon.colcon_core.environment:checking '/home/jetson/mecanum-ros2/install/stella_ahrs/lib/python3.8/site-packages'
[8.282s] Level 1:colcon.colcon_core.environment:checking '/home/jetson/mecanum-ros2/install/stella_ahrs/bin'
[8.292s] INFO:colcon.colcon_core.shell:Creating package script '/home/jetson/mecanum-ros2/install/stella_ahrs/share/stella_ahrs/package.ps1'
[8.295s] INFO:colcon.colcon_core.shell:Creating package descriptor '/home/jetson/mecanum-ros2/install/stella_ahrs/share/stella_ahrs/package.dsv'
[8.297s] INFO:colcon.colcon_core.shell:Creating package script '/home/jetson/mecanum-ros2/install/stella_ahrs/share/stella_ahrs/package.sh'
[8.299s] INFO:colcon.colcon_core.shell:Creating package script '/home/jetson/mecanum-ros2/install/stella_ahrs/share/stella_ahrs/package.bash'
[8.301s] INFO:colcon.colcon_core.shell:Creating package script '/home/jetson/mecanum-ros2/install/stella_ahrs/share/stella_ahrs/package.zsh'
[8.303s] Level 1:colcon.colcon_core.environment:create_file_with_runtime_dependencies(/home/jetson/mecanum-ros2/install/stella_ahrs/share/colcon-core/packages/stella_ahrs)
[8.307s] INFO:colcon.colcon_ros.task.ament_python.build:Building ROS package in '/home/jetson/mecanum-ros2/src/teleop_keyboard' with build type 'ament_python'
[8.308s] Level 1:colcon.colcon_core.shell:create_environment_hook('teleop_keyboard', 'ament_prefix_path')
[8.343s] INFO:colcon.colcon_core.shell:Creating environment hook '/home/jetson/mecanum-ros2/install/teleop_keyboard/share/teleop_keyboard/hook/ament_prefix_path.ps1'
[8.345s] INFO:colcon.colcon_core.shell:Creating environment descriptor '/home/jetson/mecanum-ros2/install/teleop_keyboard/share/teleop_keyboard/hook/ament_prefix_path.dsv'
[8.348s] INFO:colcon.colcon_core.shell:Creating environment hook '/home/jetson/mecanum-ros2/install/teleop_keyboard/share/teleop_keyboard/hook/ament_prefix_path.sh'
[8.370s] INFO:colcon.colcon_core.shell:Skip shell extension 'powershell' for command environment: Not usable outside of PowerShell
[8.371s] DEBUG:colcon.colcon_core.shell:Skip shell extension 'dsv' for command environment
[9.917s] INFO:colcon.colcon_core.task.python.build:Building Python package in '/home/jetson/mecanum-ros2/src/teleop_keyboard'
[9.926s] INFO:colcon.colcon_core.shell:Skip shell extension 'powershell' for command environment: Not usable outside of PowerShell
[9.926s] DEBUG:colcon.colcon_core.shell:Skip shell extension 'dsv' for command environment
[9.967s] DEBUG:colcon.colcon_core.event_handler.log_command:Invoking command in '/home/jetson/mecanum-ros2/src/motor_control': PYTHONPATH=/home/jetson/mecanum-ros2/build/motor_control/prefix_override:/home/jetson/mecanum-ros2/install/motor_control/lib/python3.8/site-packages:${PYTHONPATH} /usr/bin/python3 setup.py egg_info --egg-base ../../build/motor_control build --build-base /home/jetson/mecanum-ros2/build/motor_control/build install --record /home/jetson/mecanum-ros2/build/motor_control/install.log --single-version-externally-managed
[9.988s] DEBUG:colcon.colcon_core.event_handler.log_command:Invoking command in '/home/jetson/mecanum-ros2/src/mecanum_odometry': PYTHONPATH=/home/jetson/mecanum-ros2/build/mecanum_odometry/prefix_override:/home/jetson/mecanum-ros2/install/mecanum_odometry/lib/python3.8/site-packages:${PYTHONPATH} /usr/bin/python3 setup.py egg_info --egg-base ../../build/mecanum_odometry build --build-base /home/jetson/mecanum-ros2/build/mecanum_odometry/build install --record /home/jetson/mecanum-ros2/build/mecanum_odometry/install.log --single-version-externally-managed
[10.002s] DEBUG:colcon.colcon_core.event_handler.log_command:Invoking command in '/home/jetson/mecanum-ros2/src/mobile_description': PYTHONPATH=/home/jetson/mecanum-ros2/build/mobile_description/prefix_override:/home/jetson/mecanum-ros2/install/mobile_description/lib/python3.8/site-packages:${PYTHONPATH} /usr/bin/python3 setup.py egg_info --egg-base ../../build/mobile_description build --build-base /home/jetson/mecanum-ros2/build/mobile_description/build install --record /home/jetson/mecanum-ros2/build/mobile_description/install.log --single-version-externally-managed
[11.713s] DEBUG:colcon.colcon_core.event_handler.log_command:Invoked command in '/home/jetson/mecanum-ros2/src/mecanum_odometry' returned '0': PYTHONPATH=/home/jetson/mecanum-ros2/build/mecanum_odometry/prefix_override:/home/jetson/mecanum-ros2/install/mecanum_odometry/lib/python3.8/site-packages:${PYTHONPATH} /usr/bin/python3 setup.py egg_info --egg-base ../../build/mecanum_odometry build --build-base /home/jetson/mecanum-ros2/build/mecanum_odometry/build install --record /home/jetson/mecanum-ros2/build/mecanum_odometry/install.log --single-version-externally-managed
[11.723s] Level 1:colcon.colcon_core.environment:checking '/home/jetson/mecanum-ros2/install/mecanum_odometry' for CMake module files
[11.725s] Level 1:colcon.colcon_core.environment:checking '/home/jetson/mecanum-ros2/install/mecanum_odometry' for CMake config files
[11.728s] Level 1:colcon.colcon_core.environment:checking '/home/jetson/mecanum-ros2/install/mecanum_odometry/lib'
[11.728s] Level 1:colcon.colcon_core.environment:checking '/home/jetson/mecanum-ros2/install/mecanum_odometry/bin'
[11.729s] Level 1:colcon.colcon_core.environment:checking '/home/jetson/mecanum-ros2/install/mecanum_odometry/lib/pkgconfig/mecanum_odometry.pc'
[11.730s] Level 1:colcon.colcon_core.environment:checking '/home/jetson/mecanum-ros2/install/mecanum_odometry/lib/python3.8/site-packages'
[11.730s] Level 1:colcon.colcon_core.shell:create_environment_hook('mecanum_odometry', 'pythonpath')
[11.739s] INFO:colcon.colcon_core.shell:Creating environment hook '/home/jetson/mecanum-ros2/install/mecanum_odometry/share/mecanum_odometry/hook/pythonpath.ps1'
[11.741s] INFO:colcon.colcon_core.shell:Creating environment descriptor '/home/jetson/mecanum-ros2/install/mecanum_odometry/share/mecanum_odometry/hook/pythonpath.dsv'
[11.742s] INFO:colcon.colcon_core.shell:Creating environment hook '/home/jetson/mecanum-ros2/install/mecanum_odometry/share/mecanum_odometry/hook/pythonpath.sh'
[11.744s] Level 1:colcon.colcon_core.environment:checking '/home/jetson/mecanum-ros2/install/mecanum_odometry/bin'
[11.745s] Level 1:colcon.colcon_core.environment:create_environment_scripts_only(mecanum_odometry)
[11.754s] INFO:colcon.colcon_core.shell:Creating package script '/home/jetson/mecanum-ros2/install/mecanum_odometry/share/mecanum_odometry/package.ps1'
[11.757s] INFO:colcon.colcon_core.shell:Creating package descriptor '/home/jetson/mecanum-ros2/install/mecanum_odometry/share/mecanum_odometry/package.dsv'
[11.759s] INFO:colcon.colcon_core.shell:Creating package script '/home/jetson/mecanum-ros2/install/mecanum_odometry/share/mecanum_odometry/package.sh'
[11.760s] INFO:colcon.colcon_core.shell:Creating package script '/home/jetson/mecanum-ros2/install/mecanum_odometry/share/mecanum_odometry/package.bash'
[11.762s] INFO:colcon.colcon_core.shell:Creating package script '/home/jetson/mecanum-ros2/install/mecanum_odometry/share/mecanum_odometry/package.zsh'
[11.763s] Level 1:colcon.colcon_core.environment:create_file_with_runtime_dependencies(/home/jetson/mecanum-ros2/install/mecanum_odometry/share/colcon-core/packages/mecanum_odometry)
[11.766s] INFO:colcon.colcon_ros.task.ament_cmake.build:Building ROS package in '/home/jetson/mecanum-ros2/src/ydlidar_ros2_driver' with build type 'ament_cmake'
[11.768s] INFO:colcon.colcon_cmake.task.cmake.build:Building CMake package in '/home/jetson/mecanum-ros2/src/ydlidar_ros2_driver'
[11.778s] INFO:colcon.colcon_core.shell:Skip shell extension 'powershell' for command environment: Not usable outside of PowerShell
[11.778s] DEBUG:colcon.colcon_core.shell:Skip shell extension 'dsv' for command environment
[11.832s] DEBUG:colcon.colcon_core.event_handler.log_command:Invoked command in '/home/jetson/mecanum-ros2/src/motor_control' returned '0': PYTHONPATH=/home/jetson/mecanum-ros2/build/motor_control/prefix_override:/home/jetson/mecanum-ros2/install/motor_control/lib/python3.8/site-packages:${PYTHONPATH} /usr/bin/python3 setup.py egg_info --egg-base ../../build/motor_control build --build-base /home/jetson/mecanum-ros2/build/motor_control/build install --record /home/jetson/mecanum-ros2/build/motor_control/install.log --single-version-externally-managed
[11.838s] Level 1:colcon.colcon_core.environment:checking '/home/jetson/mecanum-ros2/install/motor_control' for CMake module files
[11.840s] Level 1:colcon.colcon_core.environment:checking '/home/jetson/mecanum-ros2/install/motor_control' for CMake config files
[11.843s] Level 1:colcon.colcon_core.environment:checking '/home/jetson/mecanum-ros2/install/motor_control/lib'
[11.844s] Level 1:colcon.colcon_core.environment:checking '/home/jetson/mecanum-ros2/install/motor_control/bin'
[11.844s] Level 1:colcon.colcon_core.environment:checking '/home/jetson/mecanum-ros2/install/motor_control/lib/pkgconfig/motor_control.pc'
[11.845s] Level 1:colcon.colcon_core.environment:checking '/home/jetson/mecanum-ros2/install/motor_control/lib/python3.8/site-packages'
[11.845s] Level 1:colcon.colcon_core.shell:create_environment_hook('motor_control', 'pythonpath')
[11.854s] INFO:colcon.colcon_core.shell:Creating environment hook '/home/jetson/mecanum-ros2/install/motor_control/share/motor_control/hook/pythonpath.ps1'
[11.856s] INFO:colcon.colcon_core.shell:Creating environment descriptor '/home/jetson/mecanum-ros2/install/motor_control/share/motor_control/hook/pythonpath.dsv'
[11.857s] INFO:colcon.colcon_core.shell:Creating environment hook '/home/jetson/mecanum-ros2/install/motor_control/share/motor_control/hook/pythonpath.sh'
[11.860s] Level 1:colcon.colcon_core.environment:checking '/home/jetson/mecanum-ros2/install/motor_control/bin'
[11.860s] Level 1:colcon.colcon_core.environment:create_environment_scripts_only(motor_control)
[11.870s] INFO:colcon.colcon_core.shell:Creating package script '/home/jetson/mecanum-ros2/install/motor_control/share/motor_control/package.ps1'
[11.873s] INFO:colcon.colcon_core.shell:Creating package descriptor '/home/jetson/mecanum-ros2/install/motor_control/share/motor_control/package.dsv'
[11.875s] INFO:colcon.colcon_core.shell:Creating package script '/home/jetson/mecanum-ros2/install/motor_control/share/motor_control/package.sh'
[11.877s] INFO:colcon.colcon_core.shell:Creating package script '/home/jetson/mecanum-ros2/install/motor_control/share/motor_control/package.bash'
[11.879s] INFO:colcon.colcon_core.shell:Creating package script '/home/jetson/mecanum-ros2/install/motor_control/share/motor_control/package.zsh'
[11.880s] Level 1:colcon.colcon_core.environment:create_file_with_runtime_dependencies(/home/jetson/mecanum-ros2/install/motor_control/share/colcon-core/packages/motor_control)
[11.895s] Level 1:colcon.colcon_core.environment:checking '/home/jetson/mecanum-ros2/install/mobile_description' for CMake module files
[11.900s] DEBUG:colcon.colcon_core.event_handler.log_command:Invoked command in '/home/jetson/mecanum-ros2/src/mobile_description' returned '0': PYTHONPATH=/home/jetson/mecanum-ros2/build/mobile_description/prefix_override:/home/jetson/mecanum-ros2/install/mobile_description/lib/python3.8/site-packages:${PYTHONPATH} /usr/bin/python3 setup.py egg_info --egg-base ../../build/mobile_description build --build-base /home/jetson/mecanum-ros2/build/mobile_description/build install --record /home/jetson/mecanum-ros2/build/mobile_description/install.log --single-version-externally-managed
[11.901s] Level 1:colcon.colcon_core.environment:checking '/home/jetson/mecanum-ros2/install/mobile_description' for CMake config files
[11.905s] Level 1:colcon.colcon_core.environment:checking '/home/jetson/mecanum-ros2/install/mobile_description/lib'
[11.906s] Level 1:colcon.colcon_core.environment:checking '/home/jetson/mecanum-ros2/install/mobile_description/bin'
[11.906s] Level 1:colcon.colcon_core.environment:checking '/home/jetson/mecanum-ros2/install/mobile_description/lib/pkgconfig/mobile_description.pc'
[11.907s] Level 1:colcon.colcon_core.environment:checking '/home/jetson/mecanum-ros2/install/mobile_description/lib/python3.8/site-packages'
[11.907s] Level 1:colcon.colcon_core.shell:create_environment_hook('mobile_description', 'pythonpath')
[11.917s] INFO:colcon.colcon_core.shell:Creating environment hook '/home/jetson/mecanum-ros2/install/mobile_description/share/mobile_description/hook/pythonpath.ps1'
[11.919s] INFO:colcon.colcon_core.shell:Creating environment descriptor '/home/jetson/mecanum-ros2/install/mobile_description/share/mobile_description/hook/pythonpath.dsv'
[11.921s] INFO:colcon.colcon_core.shell:Creating environment hook '/home/jetson/mecanum-ros2/install/mobile_description/share/mobile_description/hook/pythonpath.sh'
[11.923s] Level 1:colcon.colcon_core.environment:checking '/home/jetson/mecanum-ros2/install/mobile_description/bin'
[11.924s] Level 1:colcon.colcon_core.environment:create_environment_scripts_only(mobile_description)
[11.934s] INFO:colcon.colcon_core.shell:Creating package script '/home/jetson/mecanum-ros2/install/mobile_description/share/mobile_description/package.ps1'
[11.937s] INFO:colcon.colcon_core.shell:Creating package descriptor '/home/jetson/mecanum-ros2/install/mobile_description/share/mobile_description/package.dsv'
[11.939s] INFO:colcon.colcon_core.shell:Creating package script '/home/jetson/mecanum-ros2/install/mobile_description/share/mobile_description/package.sh'
[11.941s] INFO:colcon.colcon_core.shell:Creating package script '/home/jetson/mecanum-ros2/install/mobile_description/share/mobile_description/package.bash'
[11.943s] INFO:colcon.colcon_core.shell:Creating package script '/home/jetson/mecanum-ros2/install/mobile_description/share/mobile_description/package.zsh'
[11.945s] Level 1:colcon.colcon_core.environment:create_file_with_runtime_dependencies(/home/jetson/mecanum-ros2/install/mobile_description/share/colcon-core/packages/mobile_description)
[11.968s] DEBUG:colcon.colcon_core.event_handler.log_command:Invoking command in '/home/jetson/mecanum-ros2/build/ydlidar_ros2_driver': CMAKE_PREFIX_PATH=${CMAKE_PREFIX_PATH}:/home/jetson/mecanum-ros2/install/teleop_keyboard:/home/jetson/mecanum-ros2/install/motor_control:/home/jetson/mecanum-ros2/install/mobile_description:/home/jetson/mecanum-ros2/install/mecanum_odometry:/opt/ros/galactic /usr/bin/cmake --build /home/jetson/mecanum-ros2/build/ydlidar_ros2_driver -- -j4 -l4
[12.214s] DEBUG:colcon.colcon_core.event_handler.log_command:Invoking command in '/home/jetson/mecanum-ros2/src/teleop_keyboard': PYTHONPATH=/home/jetson/mecanum-ros2/build/teleop_keyboard/prefix_override:/home/jetson/mecanum-ros2/install/teleop_keyboard/lib/python3.8/site-packages:${PYTHONPATH} /usr/bin/python3 setup.py egg_info --egg-base ../../build/teleop_keyboard build --build-base /home/jetson/mecanum-ros2/build/teleop_keyboard/build install --record /home/jetson/mecanum-ros2/build/teleop_keyboard/install.log --single-version-externally-managed
[12.253s] DEBUG:colcon.colcon_core.event_handler.log_command:Invoked command in '/home/jetson/mecanum-ros2/build/ydlidar_ros2_driver' returned '0': CMAKE_PREFIX_PATH=${CMAKE_PREFIX_PATH}:/home/jetson/mecanum-ros2/install/teleop_keyboard:/home/jetson/mecanum-ros2/install/motor_control:/home/jetson/mecanum-ros2/install/mobile_description:/home/jetson/mecanum-ros2/install/mecanum_odometry:/opt/ros/galactic /usr/bin/cmake --build /home/jetson/mecanum-ros2/build/ydlidar_ros2_driver -- -j4 -l4
[12.359s] DEBUG:colcon.colcon_core.event_handler.log_command:Invoking command in '/home/jetson/mecanum-ros2/build/ydlidar_ros2_driver': CMAKE_PREFIX_PATH=${CMAKE_PREFIX_PATH}:/home/jetson/mecanum-ros2/install/teleop_keyboard:/home/jetson/mecanum-ros2/install/motor_control:/home/jetson/mecanum-ros2/install/mobile_description:/home/jetson/mecanum-ros2/install/mecanum_odometry:/opt/ros/galactic /usr/bin/cmake --install /home/jetson/mecanum-ros2/build/ydlidar_ros2_driver
[12.405s] Level 1:colcon.colcon_core.environment:create_environment_scripts_only(ydlidar_ros2_driver)
[12.419s] Level 1:colcon.colcon_core.environment:checking '/home/jetson/mecanum-ros2/install/ydlidar_ros2_driver' for CMake module files
[12.428s] DEBUG:colcon.colcon_core.event_handler.log_command:Invoked command in '/home/jetson/mecanum-ros2/build/ydlidar_ros2_driver' returned '0': CMAKE_PREFIX_PATH=${CMAKE_PREFIX_PATH}:/home/jetson/mecanum-ros2/install/teleop_keyboard:/home/jetson/mecanum-ros2/install/motor_control:/home/jetson/mecanum-ros2/install/mobile_description:/home/jetson/mecanum-ros2/install/mecanum_odometry:/opt/ros/galactic /usr/bin/cmake --install /home/jetson/mecanum-ros2/build/ydlidar_ros2_driver
[12.428s] Level 1:colcon.colcon_core.environment:checking '/home/jetson/mecanum-ros2/install/ydlidar_ros2_driver' for CMake config files
[12.430s] Level 1:colcon.colcon_core.shell:create_environment_hook('ydlidar_ros2_driver', 'cmake_prefix_path')
[12.439s] INFO:colcon.colcon_core.shell:Creating environment hook '/home/jetson/mecanum-ros2/install/ydlidar_ros2_driver/share/ydlidar_ros2_driver/hook/cmake_prefix_path.ps1'
[12.441s] INFO:colcon.colcon_core.shell:Creating environment descriptor '/home/jetson/mecanum-ros2/install/ydlidar_ros2_driver/share/ydlidar_ros2_driver/hook/cmake_prefix_path.dsv'
[12.443s] INFO:colcon.colcon_core.shell:Creating environment hook '/home/jetson/mecanum-ros2/install/ydlidar_ros2_driver/share/ydlidar_ros2_driver/hook/cmake_prefix_path.sh'
[12.446s] Level 1:colcon.colcon_core.environment:checking '/home/jetson/mecanum-ros2/install/ydlidar_ros2_driver/lib'
[12.446s] Level 1:colcon.colcon_core.environment:checking '/home/jetson/mecanum-ros2/install/ydlidar_ros2_driver/bin'
[12.446s] Level 1:colcon.colcon_core.environment:checking '/home/jetson/mecanum-ros2/install/ydlidar_ros2_driver/lib/pkgconfig/ydlidar_ros2_driver.pc'
[12.447s] Level 1:colcon.colcon_core.environment:checking '/home/jetson/mecanum-ros2/install/ydlidar_ros2_driver/lib/python3.8/site-packages'
[12.448s] Level 1:colcon.colcon_core.environment:checking '/home/jetson/mecanum-ros2/install/ydlidar_ros2_driver/bin'
[12.458s] INFO:colcon.colcon_core.shell:Creating package script '/home/jetson/mecanum-ros2/install/ydlidar_ros2_driver/share/ydlidar_ros2_driver/package.ps1'
[12.460s] INFO:colcon.colcon_core.shell:Creating package descriptor '/home/jetson/mecanum-ros2/install/ydlidar_ros2_driver/share/ydlidar_ros2_driver/package.dsv'
[12.461s] INFO:colcon.colcon_core.shell:Creating package script '/home/jetson/mecanum-ros2/install/ydlidar_ros2_driver/share/ydlidar_ros2_driver/package.sh'
[12.463s] INFO:colcon.colcon_core.shell:Creating package script '/home/jetson/mecanum-ros2/install/ydlidar_ros2_driver/share/ydlidar_ros2_driver/package.bash'
[12.464s] INFO:colcon.colcon_core.shell:Creating package script '/home/jetson/mecanum-ros2/install/ydlidar_ros2_driver/share/ydlidar_ros2_driver/package.zsh'
[12.466s] Level 1:colcon.colcon_core.environment:create_file_with_runtime_dependencies(/home/jetson/mecanum-ros2/install/ydlidar_ros2_driver/share/colcon-core/packages/ydlidar_ros2_driver)
[12.572s] Level 1:colcon.colcon_core.environment:create_environment_scripts_only(ydlidar_ros2_driver)
[12.584s] Level 1:colcon.colcon_core.environment:checking '/home/jetson/mecanum-ros2/install/ydlidar_ros2_driver' for CMake module files
[12.587s] Level 1:colcon.colcon_core.environment:checking '/home/jetson/mecanum-ros2/install/ydlidar_ros2_driver' for CMake config files
[12.588s] Level 1:colcon.colcon_core.shell:create_environment_hook('ydlidar_ros2_driver', 'cmake_prefix_path')
[12.596s] INFO:colcon.colcon_core.shell:Creating environment hook '/home/jetson/mecanum-ros2/install/ydlidar_ros2_driver/share/ydlidar_ros2_driver/hook/cmake_prefix_path.ps1'
[12.600s] INFO:colcon.colcon_core.shell:Creating environment descriptor '/home/jetson/mecanum-ros2/install/ydlidar_ros2_driver/share/ydlidar_ros2_driver/hook/cmake_prefix_path.dsv'
[12.601s] INFO:colcon.colcon_core.shell:Creating environment hook '/home/jetson/mecanum-ros2/install/ydlidar_ros2_driver/share/ydlidar_ros2_driver/hook/cmake_prefix_path.sh'
[12.604s] Level 1:colcon.colcon_core.environment:checking '/home/jetson/mecanum-ros2/install/ydlidar_ros2_driver/lib'
[12.604s] Level 1:colcon.colcon_core.environment:checking '/home/jetson/mecanum-ros2/install/ydlidar_ros2_driver/bin'
[12.605s] Level 1:colcon.colcon_core.environment:checking '/home/jetson/mecanum-ros2/install/ydlidar_ros2_driver/lib/pkgconfig/ydlidar_ros2_driver.pc'
[12.606s] Level 1:colcon.colcon_core.environment:checking '/home/jetson/mecanum-ros2/install/ydlidar_ros2_driver/lib/python3.8/site-packages'
[12.607s] Level 1:colcon.colcon_core.environment:checking '/home/jetson/mecanum-ros2/install/ydlidar_ros2_driver/bin'
[12.615s] INFO:colcon.colcon_core.shell:Creating package script '/home/jetson/mecanum-ros2/install/ydlidar_ros2_driver/share/ydlidar_ros2_driver/package.ps1'
[12.617s] INFO:colcon.colcon_core.shell:Creating package descriptor '/home/jetson/mecanum-ros2/install/ydlidar_ros2_driver/share/ydlidar_ros2_driver/package.dsv'
[12.619s] INFO:colcon.colcon_core.shell:Creating package script '/home/jetson/mecanum-ros2/install/ydlidar_ros2_driver/share/ydlidar_ros2_driver/package.sh'
[12.621s] INFO:colcon.colcon_core.shell:Creating package script '/home/jetson/mecanum-ros2/install/ydlidar_ros2_driver/share/ydlidar_ros2_driver/package.bash'
[12.626s] INFO:colcon.colcon_core.shell:Creating package script '/home/jetson/mecanum-ros2/install/ydlidar_ros2_driver/share/ydlidar_ros2_driver/package.zsh'
[12.628s] Level 1:colcon.colcon_core.environment:create_file_with_runtime_dependencies(/home/jetson/mecanum-ros2/install/ydlidar_ros2_driver/share/colcon-core/packages/ydlidar_ros2_driver)
[13.718s] Level 1:colcon.colcon_core.environment:checking '/home/jetson/mecanum-ros2/install/teleop_keyboard' for CMake module files
[13.720s] DEBUG:colcon.colcon_core.event_handler.log_command:Invoked command in '/home/jetson/mecanum-ros2/src/teleop_keyboard' returned '0': PYTHONPATH=/home/jetson/mecanum-ros2/build/teleop_keyboard/prefix_override:/home/jetson/mecanum-ros2/install/teleop_keyboard/lib/python3.8/site-packages:${PYTHONPATH} /usr/bin/python3 setup.py egg_info --egg-base ../../build/teleop_keyboard build --build-base /home/jetson/mecanum-ros2/build/teleop_keyboard/build install --record /home/jetson/mecanum-ros2/build/teleop_keyboard/install.log --single-version-externally-managed
[13.722s] Level 1:colcon.colcon_core.environment:checking '/home/jetson/mecanum-ros2/install/teleop_keyboard' for CMake config files
[13.724s] Level 1:colcon.colcon_core.environment:checking '/home/jetson/mecanum-ros2/install/teleop_keyboard/lib'
[13.725s] Level 1:colcon.colcon_core.environment:checking '/home/jetson/mecanum-ros2/install/teleop_keyboard/bin'
[13.725s] Level 1:colcon.colcon_core.environment:checking '/home/jetson/mecanum-ros2/install/teleop_keyboard/lib/pkgconfig/teleop_keyboard.pc'
[13.726s] Level 1:colcon.colcon_core.environment:checking '/home/jetson/mecanum-ros2/install/teleop_keyboard/lib/python3.8/site-packages'
[13.726s] Level 1:colcon.colcon_core.shell:create_environment_hook('teleop_keyboard', 'pythonpath')
[13.734s] INFO:colcon.colcon_core.shell:Creating environment hook '/home/jetson/mecanum-ros2/install/teleop_keyboard/share/teleop_keyboard/hook/pythonpath.ps1'
[13.736s] INFO:colcon.colcon_core.shell:Creating environment descriptor '/home/jetson/mecanum-ros2/install/teleop_keyboard/share/teleop_keyboard/hook/pythonpath.dsv'
[13.737s] INFO:colcon.colcon_core.shell:Creating environment hook '/home/jetson/mecanum-ros2/install/teleop_keyboard/share/teleop_keyboard/hook/pythonpath.sh'
[13.739s] Level 1:colcon.colcon_core.environment:checking '/home/jetson/mecanum-ros2/install/teleop_keyboard/bin'
[13.739s] Level 1:colcon.colcon_core.environment:create_environment_scripts_only(teleop_keyboard)
[13.748s] INFO:colcon.colcon_core.shell:Creating package script '/home/jetson/mecanum-ros2/install/teleop_keyboard/share/teleop_keyboard/package.ps1'
[13.750s] INFO:colcon.colcon_core.shell:Creating package descriptor '/home/jetson/mecanum-ros2/install/teleop_keyboard/share/teleop_keyboard/package.dsv'
[13.752s] INFO:colcon.colcon_core.shell:Creating package script '/home/jetson/mecanum-ros2/install/teleop_keyboard/share/teleop_keyboard/package.sh'
[13.753s] INFO:colcon.colcon_core.shell:Creating package script '/home/jetson/mecanum-ros2/install/teleop_keyboard/share/teleop_keyboard/package.bash'
[13.755s] INFO:colcon.colcon_core.shell:Creating package script '/home/jetson/mecanum-ros2/install/teleop_keyboard/share/teleop_keyboard/package.zsh'
[13.756s] Level 1:colcon.colcon_core.environment:create_file_with_runtime_dependencies(/home/jetson/mecanum-ros2/install/teleop_keyboard/share/colcon-core/packages/teleop_keyboard)
[13.757s] DEBUG:colcon.colcon_parallel_executor.executor.parallel:closing loop
[13.758s] DEBUG:colcon.colcon_parallel_executor.executor.parallel:loop closed
[13.759s] DEBUG:colcon.colcon_parallel_executor.executor.parallel:run_until_complete finished with '0'
[13.759s] DEBUG:colcon.colcon_core.event_reactor:joining thread
[13.784s] INFO:colcon.colcon_core.plugin_system:Skipping extension 'colcon_notification.desktop_notification.terminal_notifier': Not used on non-Darwin systems
[13.784s] INFO:colcon.colcon_core.plugin_system:Skipping extension 'colcon_notification.desktop_notification.win32': Not used on non-Windows systems
[13.784s] INFO:colcon.colcon_notification.desktop_notification:Sending desktop notification using 'notify2'
[13.838s] DEBUG:colcon.colcon_core.event_reactor:joined thread
[13.848s] INFO:colcon.colcon_core.shell:Creating prefix script '/home/jetson/mecanum-ros2/install/local_setup.ps1'
[13.852s] INFO:colcon.colcon_core.shell:Creating prefix util module '/home/jetson/mecanum-ros2/install/_local_setup_util_ps1.py'
[13.858s] INFO:colcon.colcon_core.shell:Creating prefix chain script '/home/jetson/mecanum-ros2/install/setup.ps1'
[13.866s] INFO:colcon.colcon_core.shell:Creating prefix script '/home/jetson/mecanum-ros2/install/local_setup.sh'
[13.869s] INFO:colcon.colcon_core.shell:Creating prefix util module '/home/jetson/mecanum-ros2/install/_local_setup_util_sh.py'
[13.870s] INFO:colcon.colcon_core.shell:Creating prefix chain script '/home/jetson/mecanum-ros2/install/setup.sh'
[13.878s] INFO:colcon.colcon_core.shell:Creating prefix script '/home/jetson/mecanum-ros2/install/local_setup.bash'
[13.880s] INFO:colcon.colcon_core.shell:Creating prefix chain script '/home/jetson/mecanum-ros2/install/setup.bash'
[13.888s] INFO:colcon.colcon_core.shell:Creating prefix script '/home/jetson/mecanum-ros2/install/local_setup.zsh'
[13.890s] INFO:colcon.colcon_core.shell:Creating prefix chain script '/home/jetson/mecanum-ros2/install/setup.zsh'
