[7.712s] Invoking command in '/home/jetson/mecanum-ros2/src/mecanum_odometry': PYTHONPATH=/home/jetson/mecanum-ros2/build/mecanum_odometry/prefix_override:/home/jetson/mecanum-ros2/install/mecanum_odometry/lib/python3.8/site-packages:${PYTHONPATH} /usr/bin/python3 setup.py egg_info --egg-base ../../build/mecanum_odometry build --build-base /home/jetson/mecanum-ros2/build/mecanum_odometry/build install --record /home/jetson/mecanum-ros2/build/mecanum_odometry/install.log --single-version-externally-managed
[9.224s] running egg_info
[9.227s] writing ../../build/mecanum_odometry/mecanum_odometry.egg-info/PKG-INFO
[9.231s] writing dependency_links to ../../build/mecanum_odometry/mecanum_odometry.egg-info/dependency_links.txt
[9.233s] writing entry points to ../../build/mecanum_odometry/mecanum_odometry.egg-info/entry_points.txt
[9.235s] writing requirements to ../../build/mecanum_odometry/mecanum_odometry.egg-info/requires.txt
[9.237s] writing top-level names to ../../build/mecanum_odometry/mecanum_odometry.egg-info/top_level.txt
[9.263s] reading manifest file '../../build/mecanum_odometry/mecanum_odometry.egg-info/SOURCES.txt'
[9.267s] writing manifest file '../../build/mecanum_odometry/mecanum_odometry.egg-info/SOURCES.txt'
[9.268s] running build
[9.269s] running build_py
[9.272s] running install
[9.276s] running install_lib
[9.286s] running install_data
[9.290s] running install_egg_info
[9.297s] removing '/home/jetson/mecanum-ros2/install/mecanum_odometry/lib/python3.8/site-packages/mecanum_odometry-0.0.0-py3.8.egg-info' (and everything under it)
[9.300s] Copying ../../build/mecanum_odometry/mecanum_odometry.egg-info to /home/jetson/mecanum-ros2/install/mecanum_odometry/lib/python3.8/site-packages/mecanum_odometry-0.0.0-py3.8.egg-info
[9.308s] running install_scripts
[9.409s] writing list of installed files to '/home/jetson/mecanum-ros2/build/mecanum_odometry/install.log'
[9.596s] Invoked command in '/home/jetson/mecanum-ros2/src/mecanum_odometry' returned '0': PYTHONPATH=/home/jetson/mecanum-ros2/build/mecanum_odometry/prefix_override:/home/jetson/mecanum-ros2/install/mecanum_odometry/lib/python3.8/site-packages:${PYTHONPATH} /usr/bin/python3 setup.py egg_info --egg-base ../../build/mecanum_odometry build --build-base /home/jetson/mecanum-ros2/build/mecanum_odometry/build install --record /home/jetson/mecanum-ros2/build/mecanum_odometry/install.log --single-version-externally-managed
