[0.184s] DEBUG:colcon:Command line arguments: ['/usr/bin/colcon', 'build']
[0.184s] DEBUG:colcon:Parsed command line arguments: Namespace(allow_overriding=[], ament_cmake_args=None, base_paths=['.'], build_base='build', catkin_cmake_args=None, catkin_skip_building_tests=False, cmake_args=None, cmake_clean_cache=False, cmake_clean_first=False, cmake_force_configure=False, cmake_target=None, cmake_target_skip_unavailable=False, continue_on_error=False, event_handlers=None, executor='parallel', ignore_user_meta=False, install_base='install', log_base=None, log_level=None, main=<bound method BuildVerb.main of <colcon_core.verb.build.BuildVerb object at 0x7f5a8b0180a0>>, merge_install=False, metas=['./colcon.meta'], mixin=None, mixin_files=None, mixin_verb=('build',), packages_above=None, packages_above_and_dependencies=None, packages_above_depth=None, packages_end=None, packages_ignore=None, packages_ignore_regex=None, packages_select=None, packages_select_build_failed=False, packages_select_by_dep=None, packages_select_regex=None, packages_select_test_failures=False, packages_skip=None, packages_skip_build_finished=False, packages_skip_by_dep=None, packages_skip_regex=None, packages_skip_test_passed=False, packages_skip_up_to=None, packages_start=None, packages_up_to=None, packages_up_to_regex=None, parallel_workers=16, paths=None, symlink_install=False, test_result_base=None, verb_extension=<colcon_core.verb.build.BuildVerb object at 0x7f5a8b0180a0>, verb_name='build', verb_parser=<colcon_mixin.mixin.mixin_argument.MixinArgumentDecorator object at 0x7f5a8b018700>)
[0.214s] Level 1:colcon.colcon_core.package_discovery:discover_packages(colcon_meta) check parameters
[0.214s] Level 1:colcon.colcon_core.package_discovery:discover_packages(recursive) check parameters
[0.214s] Level 1:colcon.colcon_core.package_discovery:discover_packages(ignore) check parameters
[0.214s] Level 1:colcon.colcon_core.package_discovery:discover_packages(path) check parameters
[0.214s] Level 1:colcon.colcon_core.package_discovery:discover_packages(colcon_meta) discover
[0.214s] Level 1:colcon.colcon_core.package_discovery:discover_packages(recursive) discover
[0.214s] INFO:colcon.colcon_core.package_discovery:Crawling recursively for packages in '/home/ohj/mecanum-ros2'
[0.214s] Level 1:colcon.colcon_core.package_identification:_identify(.) by extensions ['ignore', 'ignore_ament_install']
[0.215s] Level 1:colcon.colcon_core.package_identification:_identify(.) by extension 'ignore'
[0.215s] Level 1:colcon.colcon_core.package_identification:_identify(.) by extension 'ignore_ament_install'
[0.215s] Level 1:colcon.colcon_core.package_identification:_identify(.) by extensions ['colcon_pkg']
[0.215s] Level 1:colcon.colcon_core.package_identification:_identify(.) by extension 'colcon_pkg'
[0.215s] Level 1:colcon.colcon_core.package_identification:_identify(.) by extensions ['colcon_meta']
[0.215s] Level 1:colcon.colcon_core.package_identification:_identify(.) by extension 'colcon_meta'
[0.215s] Level 1:colcon.colcon_core.package_identification:_identify(.) by extensions ['ros']
[0.215s] Level 1:colcon.colcon_core.package_identification:_identify(.) by extension 'ros'
[0.232s] Level 1:colcon.colcon_core.package_identification:_identify(.) by extensions ['cmake', 'python']
[0.232s] Level 1:colcon.colcon_core.package_identification:_identify(.) by extension 'cmake'
[0.232s] Level 1:colcon.colcon_core.package_identification:_identify(.) by extension 'python'
[0.232s] Level 1:colcon.colcon_core.package_identification:_identify(.) by extensions ['python_setup_py']
[0.232s] Level 1:colcon.colcon_core.package_identification:_identify(.) by extension 'python_setup_py'
[0.232s] Level 1:colcon.colcon_core.package_identification:_identify(arduino_code) by extensions ['ignore', 'ignore_ament_install']
[0.232s] Level 1:colcon.colcon_core.package_identification:_identify(arduino_code) by extension 'ignore'
[0.232s] Level 1:colcon.colcon_core.package_identification:_identify(arduino_code) by extension 'ignore_ament_install'
[0.232s] Level 1:colcon.colcon_core.package_identification:_identify(arduino_code) by extensions ['colcon_pkg']
[0.232s] Level 1:colcon.colcon_core.package_identification:_identify(arduino_code) by extension 'colcon_pkg'
[0.232s] Level 1:colcon.colcon_core.package_identification:_identify(arduino_code) by extensions ['colcon_meta']
[0.232s] Level 1:colcon.colcon_core.package_identification:_identify(arduino_code) by extension 'colcon_meta'
[0.232s] Level 1:colcon.colcon_core.package_identification:_identify(arduino_code) by extensions ['ros']
[0.232s] Level 1:colcon.colcon_core.package_identification:_identify(arduino_code) by extension 'ros'
[0.232s] Level 1:colcon.colcon_core.package_identification:_identify(arduino_code) by extensions ['cmake', 'python']
[0.233s] Level 1:colcon.colcon_core.package_identification:_identify(arduino_code) by extension 'cmake'
[0.233s] Level 1:colcon.colcon_core.package_identification:_identify(arduino_code) by extension 'python'
[0.233s] Level 1:colcon.colcon_core.package_identification:_identify(arduino_code) by extensions ['python_setup_py']
[0.233s] Level 1:colcon.colcon_core.package_identification:_identify(arduino_code) by extension 'python_setup_py'
[0.233s] Level 1:colcon.colcon_core.package_identification:_identify(arduino_code/modefied_code_motor_control_master) by extensions ['ignore', 'ignore_ament_install']
[0.233s] Level 1:colcon.colcon_core.package_identification:_identify(arduino_code/modefied_code_motor_control_master) by extension 'ignore'
[0.233s] Level 1:colcon.colcon_core.package_identification:_identify(arduino_code/modefied_code_motor_control_master) by extension 'ignore_ament_install'
[0.233s] Level 1:colcon.colcon_core.package_identification:_identify(arduino_code/modefied_code_motor_control_master) by extensions ['colcon_pkg']
[0.233s] Level 1:colcon.colcon_core.package_identification:_identify(arduino_code/modefied_code_motor_control_master) by extension 'colcon_pkg'
[0.233s] Level 1:colcon.colcon_core.package_identification:_identify(arduino_code/modefied_code_motor_control_master) by extensions ['colcon_meta']
[0.233s] Level 1:colcon.colcon_core.package_identification:_identify(arduino_code/modefied_code_motor_control_master) by extension 'colcon_meta'
[0.233s] Level 1:colcon.colcon_core.package_identification:_identify(arduino_code/modefied_code_motor_control_master) by extensions ['ros']
[0.233s] Level 1:colcon.colcon_core.package_identification:_identify(arduino_code/modefied_code_motor_control_master) by extension 'ros'
[0.233s] Level 1:colcon.colcon_core.package_identification:_identify(arduino_code/modefied_code_motor_control_master) by extensions ['cmake', 'python']
[0.233s] Level 1:colcon.colcon_core.package_identification:_identify(arduino_code/modefied_code_motor_control_master) by extension 'cmake'
[0.233s] Level 1:colcon.colcon_core.package_identification:_identify(arduino_code/modefied_code_motor_control_master) by extension 'python'
[0.233s] Level 1:colcon.colcon_core.package_identification:_identify(arduino_code/modefied_code_motor_control_master) by extensions ['python_setup_py']
[0.233s] Level 1:colcon.colcon_core.package_identification:_identify(arduino_code/modefied_code_motor_control_master) by extension 'python_setup_py'
[0.233s] Level 1:colcon.colcon_core.package_identification:_identify(arduino_code/p_control) by extensions ['ignore', 'ignore_ament_install']
[0.233s] Level 1:colcon.colcon_core.package_identification:_identify(arduino_code/p_control) by extension 'ignore'
[0.233s] Level 1:colcon.colcon_core.package_identification:_identify(arduino_code/p_control) by extension 'ignore_ament_install'
[0.233s] Level 1:colcon.colcon_core.package_identification:_identify(arduino_code/p_control) by extensions ['colcon_pkg']
[0.233s] Level 1:colcon.colcon_core.package_identification:_identify(arduino_code/p_control) by extension 'colcon_pkg'
[0.233s] Level 1:colcon.colcon_core.package_identification:_identify(arduino_code/p_control) by extensions ['colcon_meta']
[0.233s] Level 1:colcon.colcon_core.package_identification:_identify(arduino_code/p_control) by extension 'colcon_meta'
[0.233s] Level 1:colcon.colcon_core.package_identification:_identify(arduino_code/p_control) by extensions ['ros']
[0.233s] Level 1:colcon.colcon_core.package_identification:_identify(arduino_code/p_control) by extension 'ros'
[0.233s] Level 1:colcon.colcon_core.package_identification:_identify(arduino_code/p_control) by extensions ['cmake', 'python']
[0.234s] Level 1:colcon.colcon_core.package_identification:_identify(arduino_code/p_control) by extension 'cmake'
[0.234s] Level 1:colcon.colcon_core.package_identification:_identify(arduino_code/p_control) by extension 'python'
[0.234s] Level 1:colcon.colcon_core.package_identification:_identify(arduino_code/p_control) by extensions ['python_setup_py']
[0.234s] Level 1:colcon.colcon_core.package_identification:_identify(arduino_code/p_control) by extension 'python_setup_py'
[0.234s] Level 1:colcon.colcon_core.package_identification:_identify(build) by extensions ['ignore', 'ignore_ament_install']
[0.234s] Level 1:colcon.colcon_core.package_identification:_identify(build) by extension 'ignore'
[0.234s] Level 1:colcon.colcon_core.package_identification:_identify(build) ignored
[0.234s] Level 1:colcon.colcon_core.package_identification:_identify(install) by extensions ['ignore', 'ignore_ament_install']
[0.234s] Level 1:colcon.colcon_core.package_identification:_identify(install) by extension 'ignore'
[0.234s] Level 1:colcon.colcon_core.package_identification:_identify(install) ignored
[0.234s] Level 1:colcon.colcon_core.package_identification:_identify(lib_aarch64) by extensions ['ignore', 'ignore_ament_install']
[0.234s] Level 1:colcon.colcon_core.package_identification:_identify(lib_aarch64) by extension 'ignore'
[0.234s] Level 1:colcon.colcon_core.package_identification:_identify(lib_aarch64) by extension 'ignore_ament_install'
[0.234s] Level 1:colcon.colcon_core.package_identification:_identify(lib_aarch64) by extensions ['colcon_pkg']
[0.234s] Level 1:colcon.colcon_core.package_identification:_identify(lib_aarch64) by extension 'colcon_pkg'
[0.234s] Level 1:colcon.colcon_core.package_identification:_identify(lib_aarch64) by extensions ['colcon_meta']
[0.234s] Level 1:colcon.colcon_core.package_identification:_identify(lib_aarch64) by extension 'colcon_meta'
[0.234s] Level 1:colcon.colcon_core.package_identification:_identify(lib_aarch64) by extensions ['ros']
[0.234s] Level 1:colcon.colcon_core.package_identification:_identify(lib_aarch64) by extension 'ros'
[0.234s] Level 1:colcon.colcon_core.package_identification:_identify(lib_aarch64) by extensions ['cmake', 'python']
[0.234s] Level 1:colcon.colcon_core.package_identification:_identify(lib_aarch64) by extension 'cmake'
[0.234s] Level 1:colcon.colcon_core.package_identification:_identify(lib_aarch64) by extension 'python'
[0.234s] Level 1:colcon.colcon_core.package_identification:_identify(lib_aarch64) by extensions ['python_setup_py']
[0.234s] Level 1:colcon.colcon_core.package_identification:_identify(lib_aarch64) by extension 'python_setup_py'
[0.234s] Level 1:colcon.colcon_core.package_identification:_identify(log) by extensions ['ignore', 'ignore_ament_install']
[0.234s] Level 1:colcon.colcon_core.package_identification:_identify(log) by extension 'ignore'
[0.234s] Level 1:colcon.colcon_core.package_identification:_identify(log) ignored
[0.235s] Level 1:colcon.colcon_core.package_identification:_identify(spi_test_folder) by extensions ['ignore', 'ignore_ament_install']
[0.235s] Level 1:colcon.colcon_core.package_identification:_identify(spi_test_folder) by extension 'ignore'
[0.235s] Level 1:colcon.colcon_core.package_identification:_identify(spi_test_folder) by extension 'ignore_ament_install'
[0.235s] Level 1:colcon.colcon_core.package_identification:_identify(spi_test_folder) by extensions ['colcon_pkg']
[0.235s] Level 1:colcon.colcon_core.package_identification:_identify(spi_test_folder) by extension 'colcon_pkg'
[0.235s] Level 1:colcon.colcon_core.package_identification:_identify(spi_test_folder) by extensions ['colcon_meta']
[0.235s] Level 1:colcon.colcon_core.package_identification:_identify(spi_test_folder) by extension 'colcon_meta'
[0.235s] Level 1:colcon.colcon_core.package_identification:_identify(spi_test_folder) by extensions ['ros']
[0.235s] Level 1:colcon.colcon_core.package_identification:_identify(spi_test_folder) by extension 'ros'
[0.235s] Level 1:colcon.colcon_core.package_identification:_identify(spi_test_folder) by extensions ['cmake', 'python']
[0.235s] Level 1:colcon.colcon_core.package_identification:_identify(spi_test_folder) by extension 'cmake'
[0.235s] Level 1:colcon.colcon_core.package_identification:_identify(spi_test_folder) by extension 'python'
[0.235s] Level 1:colcon.colcon_core.package_identification:_identify(spi_test_folder) by extensions ['python_setup_py']
[0.235s] Level 1:colcon.colcon_core.package_identification:_identify(spi_test_folder) by extension 'python_setup_py'
[0.235s] Level 1:colcon.colcon_core.package_identification:_identify(src) by extensions ['ignore', 'ignore_ament_install']
[0.235s] Level 1:colcon.colcon_core.package_identification:_identify(src) by extension 'ignore'
[0.235s] Level 1:colcon.colcon_core.package_identification:_identify(src) by extension 'ignore_ament_install'
[0.235s] Level 1:colcon.colcon_core.package_identification:_identify(src) by extensions ['colcon_pkg']
[0.235s] Level 1:colcon.colcon_core.package_identification:_identify(src) by extension 'colcon_pkg'
[0.235s] Level 1:colcon.colcon_core.package_identification:_identify(src) by extensions ['colcon_meta']
[0.235s] Level 1:colcon.colcon_core.package_identification:_identify(src) by extension 'colcon_meta'
[0.235s] Level 1:colcon.colcon_core.package_identification:_identify(src) by extensions ['ros']
[0.235s] Level 1:colcon.colcon_core.package_identification:_identify(src) by extension 'ros'
[0.235s] Level 1:colcon.colcon_core.package_identification:_identify(src) by extensions ['cmake', 'python']
[0.235s] Level 1:colcon.colcon_core.package_identification:_identify(src) by extension 'cmake'
[0.235s] Level 1:colcon.colcon_core.package_identification:_identify(src) by extension 'python'
[0.235s] Level 1:colcon.colcon_core.package_identification:_identify(src) by extensions ['python_setup_py']
[0.235s] Level 1:colcon.colcon_core.package_identification:_identify(src) by extension 'python_setup_py'
[0.235s] Level 1:colcon.colcon_core.package_identification:_identify(src/mecanum_odometry) by extensions ['ignore', 'ignore_ament_install']
[0.235s] Level 1:colcon.colcon_core.package_identification:_identify(src/mecanum_odometry) by extension 'ignore'
[0.235s] Level 1:colcon.colcon_core.package_identification:_identify(src/mecanum_odometry) by extension 'ignore_ament_install'
[0.236s] Level 1:colcon.colcon_core.package_identification:_identify(src/mecanum_odometry) by extensions ['colcon_pkg']
[0.236s] Level 1:colcon.colcon_core.package_identification:_identify(src/mecanum_odometry) by extension 'colcon_pkg'
[0.236s] Level 1:colcon.colcon_core.package_identification:_identify(src/mecanum_odometry) by extensions ['colcon_meta']
[0.236s] Level 1:colcon.colcon_core.package_identification:_identify(src/mecanum_odometry) by extension 'colcon_meta'
[0.236s] Level 1:colcon.colcon_core.package_identification:_identify(src/mecanum_odometry) by extensions ['ros']
[0.236s] Level 1:colcon.colcon_core.package_identification:_identify(src/mecanum_odometry) by extension 'ros'
[0.238s] DEBUG:colcon.colcon_core.package_identification:Package 'src/mecanum_odometry' with type 'ros.ament_python' and name 'mecanum_odometry'
[0.238s] Level 1:colcon.colcon_core.package_identification:_identify(src/mobile_description) by extensions ['ignore', 'ignore_ament_install']
[0.238s] Level 1:colcon.colcon_core.package_identification:_identify(src/mobile_description) by extension 'ignore'
[0.238s] Level 1:colcon.colcon_core.package_identification:_identify(src/mobile_description) by extension 'ignore_ament_install'
[0.238s] Level 1:colcon.colcon_core.package_identification:_identify(src/mobile_description) by extensions ['colcon_pkg']
[0.238s] Level 1:colcon.colcon_core.package_identification:_identify(src/mobile_description) by extension 'colcon_pkg'
[0.238s] Level 1:colcon.colcon_core.package_identification:_identify(src/mobile_description) by extensions ['colcon_meta']
[0.238s] Level 1:colcon.colcon_core.package_identification:_identify(src/mobile_description) by extension 'colcon_meta'
[0.238s] Level 1:colcon.colcon_core.package_identification:_identify(src/mobile_description) by extensions ['ros']
[0.238s] Level 1:colcon.colcon_core.package_identification:_identify(src/mobile_description) by extension 'ros'
[0.239s] DEBUG:colcon.colcon_core.package_identification:Package 'src/mobile_description' with type 'ros.ament_python' and name 'mobile_description'
[0.239s] Level 1:colcon.colcon_core.package_identification:_identify(src/motor_control) by extensions ['ignore', 'ignore_ament_install']
[0.239s] Level 1:colcon.colcon_core.package_identification:_identify(src/motor_control) by extension 'ignore'
[0.239s] Level 1:colcon.colcon_core.package_identification:_identify(src/motor_control) by extension 'ignore_ament_install'
[0.239s] Level 1:colcon.colcon_core.package_identification:_identify(src/motor_control) by extensions ['colcon_pkg']
[0.239s] Level 1:colcon.colcon_core.package_identification:_identify(src/motor_control) by extension 'colcon_pkg'
[0.239s] Level 1:colcon.colcon_core.package_identification:_identify(src/motor_control) by extensions ['colcon_meta']
[0.239s] Level 1:colcon.colcon_core.package_identification:_identify(src/motor_control) by extension 'colcon_meta'
[0.239s] Level 1:colcon.colcon_core.package_identification:_identify(src/motor_control) by extensions ['ros']
[0.239s] Level 1:colcon.colcon_core.package_identification:_identify(src/motor_control) by extension 'ros'
[0.240s] DEBUG:colcon.colcon_core.package_identification:Package 'src/motor_control' with type 'ros.ament_python' and name 'motor_control'
[0.240s] Level 1:colcon.colcon_core.package_identification:_identify(src/stella_ahrs) by extensions ['ignore', 'ignore_ament_install']
[0.240s] Level 1:colcon.colcon_core.package_identification:_identify(src/stella_ahrs) by extension 'ignore'
[0.240s] Level 1:colcon.colcon_core.package_identification:_identify(src/stella_ahrs) by extension 'ignore_ament_install'
[0.240s] Level 1:colcon.colcon_core.package_identification:_identify(src/stella_ahrs) by extensions ['colcon_pkg']
[0.240s] Level 1:colcon.colcon_core.package_identification:_identify(src/stella_ahrs) by extension 'colcon_pkg'
[0.240s] Level 1:colcon.colcon_core.package_identification:_identify(src/stella_ahrs) by extensions ['colcon_meta']
[0.240s] Level 1:colcon.colcon_core.package_identification:_identify(src/stella_ahrs) by extension 'colcon_meta'
[0.240s] Level 1:colcon.colcon_core.package_identification:_identify(src/stella_ahrs) by extensions ['ros']
[0.240s] Level 1:colcon.colcon_core.package_identification:_identify(src/stella_ahrs) by extension 'ros'
[0.241s] DEBUG:colcon.colcon_core.package_identification:Package 'src/stella_ahrs' with type 'ros.ament_cmake' and name 'stella_ahrs'
[0.241s] Level 1:colcon.colcon_core.package_identification:_identify(src/teleop_keyboard) by extensions ['ignore', 'ignore_ament_install']
[0.241s] Level 1:colcon.colcon_core.package_identification:_identify(src/teleop_keyboard) by extension 'ignore'
[0.241s] Level 1:colcon.colcon_core.package_identification:_identify(src/teleop_keyboard) by extension 'ignore_ament_install'
[0.241s] Level 1:colcon.colcon_core.package_identification:_identify(src/teleop_keyboard) by extensions ['colcon_pkg']
[0.241s] Level 1:colcon.colcon_core.package_identification:_identify(src/teleop_keyboard) by extension 'colcon_pkg'
[0.241s] Level 1:colcon.colcon_core.package_identification:_identify(src/teleop_keyboard) by extensions ['colcon_meta']
[0.241s] Level 1:colcon.colcon_core.package_identification:_identify(src/teleop_keyboard) by extension 'colcon_meta'
[0.241s] Level 1:colcon.colcon_core.package_identification:_identify(src/teleop_keyboard) by extensions ['ros']
[0.241s] Level 1:colcon.colcon_core.package_identification:_identify(src/teleop_keyboard) by extension 'ros'
[0.242s] DEBUG:colcon.colcon_core.package_identification:Package 'src/teleop_keyboard' with type 'ros.ament_python' and name 'teleop_keyboard'
[0.242s] Level 1:colcon.colcon_core.package_identification:_identify(src/ydlidar_ros2) by extensions ['ignore', 'ignore_ament_install']
[0.242s] Level 1:colcon.colcon_core.package_identification:_identify(src/ydlidar_ros2) by extension 'ignore'
[0.242s] Level 1:colcon.colcon_core.package_identification:_identify(src/ydlidar_ros2) by extension 'ignore_ament_install'
[0.242s] Level 1:colcon.colcon_core.package_identification:_identify(src/ydlidar_ros2) by extensions ['colcon_pkg']
[0.242s] Level 1:colcon.colcon_core.package_identification:_identify(src/ydlidar_ros2) by extension 'colcon_pkg'
[0.242s] Level 1:colcon.colcon_core.package_identification:_identify(src/ydlidar_ros2) by extensions ['colcon_meta']
[0.242s] Level 1:colcon.colcon_core.package_identification:_identify(src/ydlidar_ros2) by extension 'colcon_meta'
[0.242s] Level 1:colcon.colcon_core.package_identification:_identify(src/ydlidar_ros2) by extensions ['ros']
[0.242s] Level 1:colcon.colcon_core.package_identification:_identify(src/ydlidar_ros2) by extension 'ros'
[0.243s] DEBUG:colcon.colcon_core.package_identification:Package 'src/ydlidar_ros2' with type 'ros.ament_cmake' and name 'ydlidar'
[0.243s] Level 1:colcon.colcon_core.package_discovery:discover_packages(recursive) using defaults
[0.243s] Level 1:colcon.colcon_core.package_discovery:discover_packages(ignore) discover
[0.243s] Level 1:colcon.colcon_core.package_discovery:discover_packages(ignore) using defaults
[0.243s] Level 1:colcon.colcon_core.package_discovery:discover_packages(path) discover
[0.243s] Level 1:colcon.colcon_core.package_discovery:discover_packages(path) using defaults
[0.261s] Level 1:colcon.colcon_core.package_discovery:discover_packages(prefix_path) check parameters
[0.261s] Level 1:colcon.colcon_core.package_discovery:discover_packages(prefix_path) discover
[0.264s] DEBUG:colcon.colcon_installed_package_information.package_discovery:Found 380 installed packages in /opt/ros/galactic
[0.265s] Level 1:colcon.colcon_core.package_discovery:discover_packages(prefix_path) using defaults
[0.334s] Level 5:colcon.colcon_core.verb:set package 'mecanum_odometry' build argument 'cmake_args' from command line to 'None'
[0.334s] Level 5:colcon.colcon_core.verb:set package 'mecanum_odometry' build argument 'cmake_target' from command line to 'None'
[0.334s] Level 5:colcon.colcon_core.verb:set package 'mecanum_odometry' build argument 'cmake_target_skip_unavailable' from command line to 'False'
[0.334s] Level 5:colcon.colcon_core.verb:set package 'mecanum_odometry' build argument 'cmake_clean_cache' from command line to 'False'
[0.334s] Level 5:colcon.colcon_core.verb:set package 'mecanum_odometry' build argument 'cmake_clean_first' from command line to 'False'
[0.334s] Level 5:colcon.colcon_core.verb:set package 'mecanum_odometry' build argument 'cmake_force_configure' from command line to 'False'
[0.334s] Level 5:colcon.colcon_core.verb:set package 'mecanum_odometry' build argument 'ament_cmake_args' from command line to 'None'
[0.334s] Level 5:colcon.colcon_core.verb:set package 'mecanum_odometry' build argument 'catkin_cmake_args' from command line to 'None'
[0.334s] Level 5:colcon.colcon_core.verb:set package 'mecanum_odometry' build argument 'catkin_skip_building_tests' from command line to 'False'
[0.334s] DEBUG:colcon.colcon_core.verb:Building package 'mecanum_odometry' with the following arguments: {'ament_cmake_args': None, 'build_base': '/home/ohj/mecanum-ros2/build/mecanum_odometry', 'catkin_cmake_args': None, 'catkin_skip_building_tests': False, 'cmake_args': None, 'cmake_clean_cache': False, 'cmake_clean_first': False, 'cmake_force_configure': False, 'cmake_target': None, 'cmake_target_skip_unavailable': False, 'install_base': '/home/ohj/mecanum-ros2/install/mecanum_odometry', 'merge_install': False, 'path': '/home/ohj/mecanum-ros2/src/mecanum_odometry', 'symlink_install': False, 'test_result_base': None}
[0.335s] Level 5:colcon.colcon_core.verb:set package 'mobile_description' build argument 'cmake_args' from command line to 'None'
[0.335s] Level 5:colcon.colcon_core.verb:set package 'mobile_description' build argument 'cmake_target' from command line to 'None'
[0.335s] Level 5:colcon.colcon_core.verb:set package 'mobile_description' build argument 'cmake_target_skip_unavailable' from command line to 'False'
[0.335s] Level 5:colcon.colcon_core.verb:set package 'mobile_description' build argument 'cmake_clean_cache' from command line to 'False'
[0.335s] Level 5:colcon.colcon_core.verb:set package 'mobile_description' build argument 'cmake_clean_first' from command line to 'False'
[0.335s] Level 5:colcon.colcon_core.verb:set package 'mobile_description' build argument 'cmake_force_configure' from command line to 'False'
[0.335s] Level 5:colcon.colcon_core.verb:set package 'mobile_description' build argument 'ament_cmake_args' from command line to 'None'
[0.335s] Level 5:colcon.colcon_core.verb:set package 'mobile_description' build argument 'catkin_cmake_args' from command line to 'None'
[0.335s] Level 5:colcon.colcon_core.verb:set package 'mobile_description' build argument 'catkin_skip_building_tests' from command line to 'False'
[0.335s] DEBUG:colcon.colcon_core.verb:Building package 'mobile_description' with the following arguments: {'ament_cmake_args': None, 'build_base': '/home/ohj/mecanum-ros2/build/mobile_description', 'catkin_cmake_args': None, 'catkin_skip_building_tests': False, 'cmake_args': None, 'cmake_clean_cache': False, 'cmake_clean_first': False, 'cmake_force_configure': False, 'cmake_target': None, 'cmake_target_skip_unavailable': False, 'install_base': '/home/ohj/mecanum-ros2/install/mobile_description', 'merge_install': False, 'path': '/home/ohj/mecanum-ros2/src/mobile_description', 'symlink_install': False, 'test_result_base': None}
[0.336s] Level 5:colcon.colcon_core.verb:set package 'motor_control' build argument 'cmake_args' from command line to 'None'
[0.336s] Level 5:colcon.colcon_core.verb:set package 'motor_control' build argument 'cmake_target' from command line to 'None'
[0.336s] Level 5:colcon.colcon_core.verb:set package 'motor_control' build argument 'cmake_target_skip_unavailable' from command line to 'False'
[0.336s] Level 5:colcon.colcon_core.verb:set package 'motor_control' build argument 'cmake_clean_cache' from command line to 'False'
[0.336s] Level 5:colcon.colcon_core.verb:set package 'motor_control' build argument 'cmake_clean_first' from command line to 'False'
[0.336s] Level 5:colcon.colcon_core.verb:set package 'motor_control' build argument 'cmake_force_configure' from command line to 'False'
[0.336s] Level 5:colcon.colcon_core.verb:set package 'motor_control' build argument 'ament_cmake_args' from command line to 'None'
[0.336s] Level 5:colcon.colcon_core.verb:set package 'motor_control' build argument 'catkin_cmake_args' from command line to 'None'
[0.336s] Level 5:colcon.colcon_core.verb:set package 'motor_control' build argument 'catkin_skip_building_tests' from command line to 'False'
[0.336s] DEBUG:colcon.colcon_core.verb:Building package 'motor_control' with the following arguments: {'ament_cmake_args': None, 'build_base': '/home/ohj/mecanum-ros2/build/motor_control', 'catkin_cmake_args': None, 'catkin_skip_building_tests': False, 'cmake_args': None, 'cmake_clean_cache': False, 'cmake_clean_first': False, 'cmake_force_configure': False, 'cmake_target': None, 'cmake_target_skip_unavailable': False, 'install_base': '/home/ohj/mecanum-ros2/install/motor_control', 'merge_install': False, 'path': '/home/ohj/mecanum-ros2/src/motor_control', 'symlink_install': False, 'test_result_base': None}
[0.337s] Level 5:colcon.colcon_core.verb:set package 'stella_ahrs' build argument 'cmake_args' from command line to 'None'
[0.337s] Level 5:colcon.colcon_core.verb:set package 'stella_ahrs' build argument 'cmake_target' from command line to 'None'
[0.337s] Level 5:colcon.colcon_core.verb:set package 'stella_ahrs' build argument 'cmake_target_skip_unavailable' from command line to 'False'
[0.337s] Level 5:colcon.colcon_core.verb:set package 'stella_ahrs' build argument 'cmake_clean_cache' from command line to 'False'
[0.337s] Level 5:colcon.colcon_core.verb:set package 'stella_ahrs' build argument 'cmake_clean_first' from command line to 'False'
[0.337s] Level 5:colcon.colcon_core.verb:set package 'stella_ahrs' build argument 'cmake_force_configure' from command line to 'False'
[0.337s] Level 5:colcon.colcon_core.verb:set package 'stella_ahrs' build argument 'ament_cmake_args' from command line to 'None'
[0.337s] Level 5:colcon.colcon_core.verb:set package 'stella_ahrs' build argument 'catkin_cmake_args' from command line to 'None'
[0.337s] Level 5:colcon.colcon_core.verb:set package 'stella_ahrs' build argument 'catkin_skip_building_tests' from command line to 'False'
[0.337s] DEBUG:colcon.colcon_core.verb:Building package 'stella_ahrs' with the following arguments: {'ament_cmake_args': None, 'build_base': '/home/ohj/mecanum-ros2/build/stella_ahrs', 'catkin_cmake_args': None, 'catkin_skip_building_tests': False, 'cmake_args': None, 'cmake_clean_cache': False, 'cmake_clean_first': False, 'cmake_force_configure': False, 'cmake_target': None, 'cmake_target_skip_unavailable': False, 'install_base': '/home/ohj/mecanum-ros2/install/stella_ahrs', 'merge_install': False, 'path': '/home/ohj/mecanum-ros2/src/stella_ahrs', 'symlink_install': False, 'test_result_base': None}
[0.337s] Level 5:colcon.colcon_core.verb:set package 'teleop_keyboard' build argument 'cmake_args' from command line to 'None'
[0.337s] Level 5:colcon.colcon_core.verb:set package 'teleop_keyboard' build argument 'cmake_target' from command line to 'None'
[0.337s] Level 5:colcon.colcon_core.verb:set package 'teleop_keyboard' build argument 'cmake_target_skip_unavailable' from command line to 'False'
[0.337s] Level 5:colcon.colcon_core.verb:set package 'teleop_keyboard' build argument 'cmake_clean_cache' from command line to 'False'
[0.337s] Level 5:colcon.colcon_core.verb:set package 'teleop_keyboard' build argument 'cmake_clean_first' from command line to 'False'
[0.337s] Level 5:colcon.colcon_core.verb:set package 'teleop_keyboard' build argument 'cmake_force_configure' from command line to 'False'
[0.337s] Level 5:colcon.colcon_core.verb:set package 'teleop_keyboard' build argument 'ament_cmake_args' from command line to 'None'
[0.337s] Level 5:colcon.colcon_core.verb:set package 'teleop_keyboard' build argument 'catkin_cmake_args' from command line to 'None'
[0.337s] Level 5:colcon.colcon_core.verb:set package 'teleop_keyboard' build argument 'catkin_skip_building_tests' from command line to 'False'
[0.338s] DEBUG:colcon.colcon_core.verb:Building package 'teleop_keyboard' with the following arguments: {'ament_cmake_args': None, 'build_base': '/home/ohj/mecanum-ros2/build/teleop_keyboard', 'catkin_cmake_args': None, 'catkin_skip_building_tests': False, 'cmake_args': None, 'cmake_clean_cache': False, 'cmake_clean_first': False, 'cmake_force_configure': False, 'cmake_target': None, 'cmake_target_skip_unavailable': False, 'install_base': '/home/ohj/mecanum-ros2/install/teleop_keyboard', 'merge_install': False, 'path': '/home/ohj/mecanum-ros2/src/teleop_keyboard', 'symlink_install': False, 'test_result_base': None}
[0.338s] Level 5:colcon.colcon_core.verb:set package 'ydlidar' build argument 'cmake_args' from command line to 'None'
[0.338s] Level 5:colcon.colcon_core.verb:set package 'ydlidar' build argument 'cmake_target' from command line to 'None'
[0.338s] Level 5:colcon.colcon_core.verb:set package 'ydlidar' build argument 'cmake_target_skip_unavailable' from command line to 'False'
[0.338s] Level 5:colcon.colcon_core.verb:set package 'ydlidar' build argument 'cmake_clean_cache' from command line to 'False'
[0.338s] Level 5:colcon.colcon_core.verb:set package 'ydlidar' build argument 'cmake_clean_first' from command line to 'False'
[0.338s] Level 5:colcon.colcon_core.verb:set package 'ydlidar' build argument 'cmake_force_configure' from command line to 'False'
[0.338s] Level 5:colcon.colcon_core.verb:set package 'ydlidar' build argument 'ament_cmake_args' from command line to 'None'
[0.338s] Level 5:colcon.colcon_core.verb:set package 'ydlidar' build argument 'catkin_cmake_args' from command line to 'None'
[0.338s] Level 5:colcon.colcon_core.verb:set package 'ydlidar' build argument 'catkin_skip_building_tests' from command line to 'False'
[0.338s] DEBUG:colcon.colcon_core.verb:Building package 'ydlidar' with the following arguments: {'ament_cmake_args': None, 'build_base': '/home/ohj/mecanum-ros2/build/ydlidar', 'catkin_cmake_args': None, 'catkin_skip_building_tests': False, 'cmake_args': None, 'cmake_clean_cache': False, 'cmake_clean_first': False, 'cmake_force_configure': False, 'cmake_target': None, 'cmake_target_skip_unavailable': False, 'install_base': '/home/ohj/mecanum-ros2/install/ydlidar', 'merge_install': False, 'path': '/home/ohj/mecanum-ros2/src/ydlidar_ros2', 'symlink_install': False, 'test_result_base': None}
[0.339s] INFO:colcon.colcon_core.executor:Executing jobs using 'parallel' executor
[0.341s] DEBUG:colcon.colcon_parallel_executor.executor.parallel:run_until_complete
[0.342s] INFO:colcon.colcon_ros.task.ament_python.build:Building ROS package in '/home/ohj/mecanum-ros2/src/mecanum_odometry' with build type 'ament_python'
[0.342s] Level 1:colcon.colcon_core.shell:create_environment_hook('mecanum_odometry', 'ament_prefix_path')
[0.347s] INFO:colcon.colcon_core.plugin_system:Skipping extension 'colcon_core.shell.bat': Not used on non-Windows systems
[0.347s] INFO:colcon.colcon_core.shell:Creating environment hook '/home/ohj/mecanum-ros2/install/mecanum_odometry/share/mecanum_odometry/hook/ament_prefix_path.ps1'
[0.348s] INFO:colcon.colcon_core.shell:Creating environment descriptor '/home/ohj/mecanum-ros2/install/mecanum_odometry/share/mecanum_odometry/hook/ament_prefix_path.dsv'
[0.348s] INFO:colcon.colcon_core.shell:Creating environment hook '/home/ohj/mecanum-ros2/install/mecanum_odometry/share/mecanum_odometry/hook/ament_prefix_path.sh'
[0.350s] INFO:colcon.colcon_core.shell:Skip shell extension 'powershell' for command environment: Not usable outside of PowerShell
[0.350s] DEBUG:colcon.colcon_core.shell:Skip shell extension 'dsv' for command environment
[0.354s] INFO:colcon.colcon_ros.task.ament_python.build:Building ROS package in '/home/ohj/mecanum-ros2/src/mobile_description' with build type 'ament_python'
[0.354s] Level 1:colcon.colcon_core.shell:create_environment_hook('mobile_description', 'ament_prefix_path')
[0.355s] INFO:colcon.colcon_core.shell:Creating environment hook '/home/ohj/mecanum-ros2/install/mobile_description/share/mobile_description/hook/ament_prefix_path.ps1'
[0.356s] INFO:colcon.colcon_core.shell:Creating environment descriptor '/home/ohj/mecanum-ros2/install/mobile_description/share/mobile_description/hook/ament_prefix_path.dsv'
[0.356s] INFO:colcon.colcon_core.shell:Creating environment hook '/home/ohj/mecanum-ros2/install/mobile_description/share/mobile_description/hook/ament_prefix_path.sh'
[0.357s] INFO:colcon.colcon_core.shell:Skip shell extension 'powershell' for command environment: Not usable outside of PowerShell
[0.357s] DEBUG:colcon.colcon_core.shell:Skip shell extension 'dsv' for command environment
[0.361s] INFO:colcon.colcon_ros.task.ament_python.build:Building ROS package in '/home/ohj/mecanum-ros2/src/motor_control' with build type 'ament_python'
[0.361s] Level 1:colcon.colcon_core.shell:create_environment_hook('motor_control', 'ament_prefix_path')
[0.364s] INFO:colcon.colcon_core.shell:Creating environment hook '/home/ohj/mecanum-ros2/install/motor_control/share/motor_control/hook/ament_prefix_path.ps1'
[0.365s] INFO:colcon.colcon_core.shell:Creating environment descriptor '/home/ohj/mecanum-ros2/install/motor_control/share/motor_control/hook/ament_prefix_path.dsv'
[0.366s] INFO:colcon.colcon_core.shell:Creating environment hook '/home/ohj/mecanum-ros2/install/motor_control/share/motor_control/hook/ament_prefix_path.sh'
[0.367s] INFO:colcon.colcon_core.shell:Skip shell extension 'powershell' for command environment: Not usable outside of PowerShell
[0.367s] DEBUG:colcon.colcon_core.shell:Skip shell extension 'dsv' for command environment
[0.371s] INFO:colcon.colcon_ros.task.ament_cmake.build:Building ROS package in '/home/ohj/mecanum-ros2/src/stella_ahrs' with build type 'ament_cmake'
[0.371s] INFO:colcon.colcon_cmake.task.cmake.build:Building CMake package in '/home/ohj/mecanum-ros2/src/stella_ahrs'
[0.372s] INFO:colcon.colcon_core.shell:Skip shell extension 'powershell' for command environment: Not usable outside of PowerShell
[0.372s] DEBUG:colcon.colcon_core.shell:Skip shell extension 'dsv' for command environment
[0.377s] INFO:colcon.colcon_ros.task.ament_python.build:Building ROS package in '/home/ohj/mecanum-ros2/src/teleop_keyboard' with build type 'ament_python'
[0.377s] Level 1:colcon.colcon_core.shell:create_environment_hook('teleop_keyboard', 'ament_prefix_path')
[0.378s] INFO:colcon.colcon_core.shell:Creating environment hook '/home/ohj/mecanum-ros2/install/teleop_keyboard/share/teleop_keyboard/hook/ament_prefix_path.ps1'
[0.379s] INFO:colcon.colcon_core.shell:Creating environment descriptor '/home/ohj/mecanum-ros2/install/teleop_keyboard/share/teleop_keyboard/hook/ament_prefix_path.dsv'
[0.379s] INFO:colcon.colcon_core.shell:Creating environment hook '/home/ohj/mecanum-ros2/install/teleop_keyboard/share/teleop_keyboard/hook/ament_prefix_path.sh'
[0.380s] INFO:colcon.colcon_core.shell:Skip shell extension 'powershell' for command environment: Not usable outside of PowerShell
[0.380s] DEBUG:colcon.colcon_core.shell:Skip shell extension 'dsv' for command environment
[0.383s] INFO:colcon.colcon_ros.task.ament_cmake.build:Building ROS package in '/home/ohj/mecanum-ros2/src/ydlidar_ros2' with build type 'ament_cmake'
[0.384s] INFO:colcon.colcon_cmake.task.cmake.build:Building CMake package in '/home/ohj/mecanum-ros2/src/ydlidar_ros2'
[0.386s] INFO:colcon.colcon_core.shell:Skip shell extension 'powershell' for command environment: Not usable outside of PowerShell
[0.386s] DEBUG:colcon.colcon_core.shell:Skip shell extension 'dsv' for command environment
[0.557s] INFO:colcon.colcon_core.task.python.build:Building Python package in '/home/ohj/mecanum-ros2/src/mecanum_odometry'
[0.560s] INFO:colcon.colcon_core.shell:Skip shell extension 'powershell' for command environment: Not usable outside of PowerShell
[0.560s] DEBUG:colcon.colcon_core.shell:Skip shell extension 'dsv' for command environment
[0.725s] INFO:colcon.colcon_core.task.python.build:Building Python package in '/home/ohj/mecanum-ros2/src/mobile_description'
[0.728s] INFO:colcon.colcon_core.shell:Skip shell extension 'powershell' for command environment: Not usable outside of PowerShell
[0.728s] DEBUG:colcon.colcon_core.shell:Skip shell extension 'dsv' for command environment
[0.895s] INFO:colcon.colcon_core.task.python.build:Building Python package in '/home/ohj/mecanum-ros2/src/motor_control'
[0.897s] INFO:colcon.colcon_core.shell:Skip shell extension 'powershell' for command environment: Not usable outside of PowerShell
[0.897s] DEBUG:colcon.colcon_core.shell:Skip shell extension 'dsv' for command environment
[0.908s] DEBUG:colcon.colcon_core.event_handler.log_command:Invoking command in '/home/ohj/mecanum-ros2/build/stella_ahrs': CMAKE_PREFIX_PATH=/opt/ros/galactic /usr/bin/cmake --build /home/ohj/mecanum-ros2/build/stella_ahrs -- -j16 -l16
[1.060s] INFO:colcon.colcon_core.task.python.build:Building Python package in '/home/ohj/mecanum-ros2/src/teleop_keyboard'
[1.063s] INFO:colcon.colcon_core.shell:Skip shell extension 'powershell' for command environment: Not usable outside of PowerShell
[1.063s] DEBUG:colcon.colcon_core.shell:Skip shell extension 'dsv' for command environment
[1.077s] DEBUG:colcon.colcon_core.event_handler.log_command:Invoking command in '/home/ohj/mecanum-ros2/build/ydlidar': CMAKE_PREFIX_PATH=/opt/ros/galactic /usr/bin/cmake --build /home/ohj/mecanum-ros2/build/ydlidar -- -j16 -l16
[1.078s] DEBUG:colcon.colcon_core.event_handler.log_command:Invoked command in '/home/ohj/mecanum-ros2/build/stella_ahrs' returned '0': CMAKE_PREFIX_PATH=/opt/ros/galactic /usr/bin/cmake --build /home/ohj/mecanum-ros2/build/stella_ahrs -- -j16 -l16
[1.110s] DEBUG:colcon.colcon_core.event_handler.log_command:Invoking command in '/home/ohj/mecanum-ros2/build/stella_ahrs': CMAKE_PREFIX_PATH=/opt/ros/galactic /usr/bin/cmake --install /home/ohj/mecanum-ros2/build/stella_ahrs
[1.119s] Level 1:colcon.colcon_core.environment:create_environment_scripts_only(stella_ahrs)
[1.120s] DEBUG:colcon.colcon_core.event_handler.log_command:Invoked command in '/home/ohj/mecanum-ros2/build/stella_ahrs' returned '0': CMAKE_PREFIX_PATH=/opt/ros/galactic /usr/bin/cmake --install /home/ohj/mecanum-ros2/build/stella_ahrs
[1.127s] Level 1:colcon.colcon_core.environment:checking '/home/ohj/mecanum-ros2/install/stella_ahrs' for CMake module files
[1.127s] Level 1:colcon.colcon_core.environment:checking '/home/ohj/mecanum-ros2/install/stella_ahrs' for CMake config files
[1.127s] Level 1:colcon.colcon_core.shell:create_environment_hook('stella_ahrs', 'cmake_prefix_path')
[1.128s] INFO:colcon.colcon_core.shell:Creating environment hook '/home/ohj/mecanum-ros2/install/stella_ahrs/share/stella_ahrs/hook/cmake_prefix_path.ps1'
[1.129s] INFO:colcon.colcon_core.shell:Creating environment descriptor '/home/ohj/mecanum-ros2/install/stella_ahrs/share/stella_ahrs/hook/cmake_prefix_path.dsv'
[1.129s] INFO:colcon.colcon_core.shell:Creating environment hook '/home/ohj/mecanum-ros2/install/stella_ahrs/share/stella_ahrs/hook/cmake_prefix_path.sh'
[1.129s] Level 1:colcon.colcon_core.environment:checking '/home/ohj/mecanum-ros2/install/stella_ahrs/lib'
[1.129s] Level 1:colcon.colcon_core.environment:checking '/home/ohj/mecanum-ros2/install/stella_ahrs/bin'
[1.130s] Level 1:colcon.colcon_core.environment:checking '/home/ohj/mecanum-ros2/install/stella_ahrs/lib/pkgconfig/stella_ahrs.pc'
[1.130s] Level 1:colcon.colcon_core.environment:checking '/home/ohj/mecanum-ros2/install/stella_ahrs/lib/python3.8/site-packages'
[1.130s] Level 1:colcon.colcon_core.environment:checking '/home/ohj/mecanum-ros2/install/stella_ahrs/bin'
[1.131s] INFO:colcon.colcon_core.shell:Creating package script '/home/ohj/mecanum-ros2/install/stella_ahrs/share/stella_ahrs/package.ps1'
[1.131s] INFO:colcon.colcon_core.shell:Creating package descriptor '/home/ohj/mecanum-ros2/install/stella_ahrs/share/stella_ahrs/package.dsv'
[1.132s] INFO:colcon.colcon_core.shell:Creating package script '/home/ohj/mecanum-ros2/install/stella_ahrs/share/stella_ahrs/package.sh'
[1.133s] INFO:colcon.colcon_core.shell:Creating package script '/home/ohj/mecanum-ros2/install/stella_ahrs/share/stella_ahrs/package.bash'
[1.133s] INFO:colcon.colcon_core.shell:Creating package script '/home/ohj/mecanum-ros2/install/stella_ahrs/share/stella_ahrs/package.zsh'
[1.134s] Level 1:colcon.colcon_core.environment:create_file_with_runtime_dependencies(/home/ohj/mecanum-ros2/install/stella_ahrs/share/colcon-core/packages/stella_ahrs)
[1.138s] DEBUG:colcon.colcon_core.event_handler.log_command:Invoked command in '/home/ohj/mecanum-ros2/build/ydlidar' returned '0': CMAKE_PREFIX_PATH=/opt/ros/galactic /usr/bin/cmake --build /home/ohj/mecanum-ros2/build/ydlidar -- -j16 -l16
[1.158s] Level 1:colcon.colcon_core.environment:create_environment_scripts_only(stella_ahrs)
[1.160s] Level 1:colcon.colcon_core.environment:checking '/home/ohj/mecanum-ros2/install/stella_ahrs' for CMake module files
[1.160s] Level 1:colcon.colcon_core.environment:checking '/home/ohj/mecanum-ros2/install/stella_ahrs' for CMake config files
[1.160s] Level 1:colcon.colcon_core.shell:create_environment_hook('stella_ahrs', 'cmake_prefix_path')
[1.161s] INFO:colcon.colcon_core.shell:Creating environment hook '/home/ohj/mecanum-ros2/install/stella_ahrs/share/stella_ahrs/hook/cmake_prefix_path.ps1'
[1.162s] INFO:colcon.colcon_core.shell:Creating environment descriptor '/home/ohj/mecanum-ros2/install/stella_ahrs/share/stella_ahrs/hook/cmake_prefix_path.dsv'
[1.162s] INFO:colcon.colcon_core.shell:Creating environment hook '/home/ohj/mecanum-ros2/install/stella_ahrs/share/stella_ahrs/hook/cmake_prefix_path.sh'
[1.162s] Level 1:colcon.colcon_core.environment:checking '/home/ohj/mecanum-ros2/install/stella_ahrs/lib'
[1.162s] Level 1:colcon.colcon_core.environment:checking '/home/ohj/mecanum-ros2/install/stella_ahrs/bin'
[1.162s] Level 1:colcon.colcon_core.environment:checking '/home/ohj/mecanum-ros2/install/stella_ahrs/lib/pkgconfig/stella_ahrs.pc'
[1.162s] Level 1:colcon.colcon_core.environment:checking '/home/ohj/mecanum-ros2/install/stella_ahrs/lib/python3.8/site-packages'
[1.163s] Level 1:colcon.colcon_core.environment:checking '/home/ohj/mecanum-ros2/install/stella_ahrs/bin'
[1.163s] INFO:colcon.colcon_core.shell:Creating package script '/home/ohj/mecanum-ros2/install/stella_ahrs/share/stella_ahrs/package.ps1'
[1.164s] INFO:colcon.colcon_core.shell:Creating package descriptor '/home/ohj/mecanum-ros2/install/stella_ahrs/share/stella_ahrs/package.dsv'
[1.164s] INFO:colcon.colcon_core.shell:Creating package script '/home/ohj/mecanum-ros2/install/stella_ahrs/share/stella_ahrs/package.sh'
[1.164s] INFO:colcon.colcon_core.shell:Creating package script '/home/ohj/mecanum-ros2/install/stella_ahrs/share/stella_ahrs/package.bash'
[1.165s] INFO:colcon.colcon_core.shell:Creating package script '/home/ohj/mecanum-ros2/install/stella_ahrs/share/stella_ahrs/package.zsh'
[1.165s] Level 1:colcon.colcon_core.environment:create_file_with_runtime_dependencies(/home/ohj/mecanum-ros2/install/stella_ahrs/share/colcon-core/packages/stella_ahrs)
[1.168s] DEBUG:colcon.colcon_core.event_handler.log_command:Invoking command in '/home/ohj/mecanum-ros2/build/ydlidar': CMAKE_PREFIX_PATH=/opt/ros/galactic /usr/bin/cmake --install /home/ohj/mecanum-ros2/build/ydlidar
[1.177s] Level 1:colcon.colcon_core.environment:create_environment_scripts_only(ydlidar)
[1.178s] Level 1:colcon.colcon_core.environment:checking '/home/ohj/mecanum-ros2/install/ydlidar' for CMake module files
[1.179s] DEBUG:colcon.colcon_core.event_handler.log_command:Invoked command in '/home/ohj/mecanum-ros2/build/ydlidar' returned '0': CMAKE_PREFIX_PATH=/opt/ros/galactic /usr/bin/cmake --install /home/ohj/mecanum-ros2/build/ydlidar
[1.179s] Level 1:colcon.colcon_core.environment:checking '/home/ohj/mecanum-ros2/install/ydlidar' for CMake config files
[1.179s] Level 1:colcon.colcon_core.shell:create_environment_hook('ydlidar', 'cmake_prefix_path')
[1.180s] INFO:colcon.colcon_core.shell:Creating environment hook '/home/ohj/mecanum-ros2/install/ydlidar/share/ydlidar/hook/cmake_prefix_path.ps1'
[1.180s] INFO:colcon.colcon_core.shell:Creating environment descriptor '/home/ohj/mecanum-ros2/install/ydlidar/share/ydlidar/hook/cmake_prefix_path.dsv'
[1.181s] INFO:colcon.colcon_core.shell:Creating environment hook '/home/ohj/mecanum-ros2/install/ydlidar/share/ydlidar/hook/cmake_prefix_path.sh'
[1.181s] Level 1:colcon.colcon_core.environment:checking '/home/ohj/mecanum-ros2/install/ydlidar/lib'
[1.181s] Level 1:colcon.colcon_core.environment:checking '/home/ohj/mecanum-ros2/install/ydlidar/bin'
[1.181s] Level 1:colcon.colcon_core.environment:checking '/home/ohj/mecanum-ros2/install/ydlidar/lib/pkgconfig/ydlidar.pc'
[1.181s] Level 1:colcon.colcon_core.environment:checking '/home/ohj/mecanum-ros2/install/ydlidar/lib/python3.8/site-packages'
[1.181s] Level 1:colcon.colcon_core.environment:checking '/home/ohj/mecanum-ros2/install/ydlidar/bin'
[1.182s] INFO:colcon.colcon_core.shell:Creating package script '/home/ohj/mecanum-ros2/install/ydlidar/share/ydlidar/package.ps1'
[1.183s] INFO:colcon.colcon_core.shell:Creating package descriptor '/home/ohj/mecanum-ros2/install/ydlidar/share/ydlidar/package.dsv'
[1.183s] INFO:colcon.colcon_core.shell:Creating package script '/home/ohj/mecanum-ros2/install/ydlidar/share/ydlidar/package.sh'
[1.183s] INFO:colcon.colcon_core.shell:Creating package script '/home/ohj/mecanum-ros2/install/ydlidar/share/ydlidar/package.bash'
[1.183s] INFO:colcon.colcon_core.shell:Creating package script '/home/ohj/mecanum-ros2/install/ydlidar/share/ydlidar/package.zsh'
[1.184s] Level 1:colcon.colcon_core.environment:create_file_with_runtime_dependencies(/home/ohj/mecanum-ros2/install/ydlidar/share/colcon-core/packages/ydlidar)
[1.219s] Level 1:colcon.colcon_core.environment:create_environment_scripts_only(ydlidar)
[1.222s] Level 1:colcon.colcon_core.environment:checking '/home/ohj/mecanum-ros2/install/ydlidar' for CMake module files
[1.223s] Level 1:colcon.colcon_core.environment:checking '/home/ohj/mecanum-ros2/install/ydlidar' for CMake config files
[1.223s] Level 1:colcon.colcon_core.shell:create_environment_hook('ydlidar', 'cmake_prefix_path')
[1.225s] INFO:colcon.colcon_core.shell:Creating environment hook '/home/ohj/mecanum-ros2/install/ydlidar/share/ydlidar/hook/cmake_prefix_path.ps1'
[1.226s] INFO:colcon.colcon_core.shell:Creating environment descriptor '/home/ohj/mecanum-ros2/install/ydlidar/share/ydlidar/hook/cmake_prefix_path.dsv'
[1.226s] INFO:colcon.colcon_core.shell:Creating environment hook '/home/ohj/mecanum-ros2/install/ydlidar/share/ydlidar/hook/cmake_prefix_path.sh'
[1.227s] Level 1:colcon.colcon_core.environment:checking '/home/ohj/mecanum-ros2/install/ydlidar/lib'
[1.227s] Level 1:colcon.colcon_core.environment:checking '/home/ohj/mecanum-ros2/install/ydlidar/bin'
[1.227s] Level 1:colcon.colcon_core.environment:checking '/home/ohj/mecanum-ros2/install/ydlidar/lib/pkgconfig/ydlidar.pc'
[1.227s] Level 1:colcon.colcon_core.environment:checking '/home/ohj/mecanum-ros2/install/ydlidar/lib/python3.8/site-packages'
[1.227s] Level 1:colcon.colcon_core.environment:checking '/home/ohj/mecanum-ros2/install/ydlidar/bin'
[1.228s] INFO:colcon.colcon_core.shell:Creating package script '/home/ohj/mecanum-ros2/install/ydlidar/share/ydlidar/package.ps1'
[1.228s] INFO:colcon.colcon_core.shell:Creating package descriptor '/home/ohj/mecanum-ros2/install/ydlidar/share/ydlidar/package.dsv'
[1.228s] INFO:colcon.colcon_core.shell:Creating package script '/home/ohj/mecanum-ros2/install/ydlidar/share/ydlidar/package.sh'
[1.229s] INFO:colcon.colcon_core.shell:Creating package script '/home/ohj/mecanum-ros2/install/ydlidar/share/ydlidar/package.bash'
[1.229s] INFO:colcon.colcon_core.shell:Creating package script '/home/ohj/mecanum-ros2/install/ydlidar/share/ydlidar/package.zsh'
[1.229s] Level 1:colcon.colcon_core.environment:create_file_with_runtime_dependencies(/home/ohj/mecanum-ros2/install/ydlidar/share/colcon-core/packages/ydlidar)
[1.462s] DEBUG:colcon.colcon_core.event_handler.log_command:Invoking command in '/home/ohj/mecanum-ros2/src/teleop_keyboard': PYTHONPATH=/home/ohj/mecanum-ros2/build/teleop_keyboard/prefix_override:/home/ohj/mecanum-ros2/install/teleop_keyboard/lib/python3.8/site-packages:${PYTHONPATH} /usr/bin/python3 setup.py egg_info --egg-base ../../build/teleop_keyboard build --build-base /home/ohj/mecanum-ros2/build/teleop_keyboard/build install --record /home/ohj/mecanum-ros2/build/teleop_keyboard/install.log --single-version-externally-managed
[1.465s] DEBUG:colcon.colcon_core.event_handler.log_command:Invoking command in '/home/ohj/mecanum-ros2/src/mecanum_odometry': PYTHONPATH=/home/ohj/mecanum-ros2/build/mecanum_odometry/prefix_override:/home/ohj/mecanum-ros2/install/mecanum_odometry/lib/python3.8/site-packages:${PYTHONPATH} /usr/bin/python3 setup.py egg_info --egg-base ../../build/mecanum_odometry build --build-base /home/ohj/mecanum-ros2/build/mecanum_odometry/build install --record /home/ohj/mecanum-ros2/build/mecanum_odometry/install.log --single-version-externally-managed
[1.469s] DEBUG:colcon.colcon_core.event_handler.log_command:Invoking command in '/home/ohj/mecanum-ros2/src/motor_control': PYTHONPATH=/home/ohj/mecanum-ros2/build/motor_control/prefix_override:/home/ohj/mecanum-ros2/install/motor_control/lib/python3.8/site-packages:${PYTHONPATH} /usr/bin/python3 setup.py egg_info --egg-base ../../build/motor_control build --build-base /home/ohj/mecanum-ros2/build/motor_control/build install --record /home/ohj/mecanum-ros2/build/motor_control/install.log --single-version-externally-managed
[1.472s] DEBUG:colcon.colcon_core.event_handler.log_command:Invoking command in '/home/ohj/mecanum-ros2/src/mobile_description': PYTHONPATH=/home/ohj/mecanum-ros2/build/mobile_description/prefix_override:/home/ohj/mecanum-ros2/install/mobile_description/lib/python3.8/site-packages:${PYTHONPATH} /usr/bin/python3 setup.py egg_info --egg-base ../../build/mobile_description build --build-base /home/ohj/mecanum-ros2/build/mobile_description/build install --record /home/ohj/mecanum-ros2/build/mobile_description/install.log --install-scripts $base/lib/mobile_description --single-version-externally-managed
[1.688s] Level 1:colcon.colcon_core.environment:checking '/home/ohj/mecanum-ros2/install/mecanum_odometry' for CMake module files
[1.689s] DEBUG:colcon.colcon_core.event_handler.log_command:Invoked command in '/home/ohj/mecanum-ros2/src/mecanum_odometry' returned '0': PYTHONPATH=/home/ohj/mecanum-ros2/build/mecanum_odometry/prefix_override:/home/ohj/mecanum-ros2/install/mecanum_odometry/lib/python3.8/site-packages:${PYTHONPATH} /usr/bin/python3 setup.py egg_info --egg-base ../../build/mecanum_odometry build --build-base /home/ohj/mecanum-ros2/build/mecanum_odometry/build install --record /home/ohj/mecanum-ros2/build/mecanum_odometry/install.log --single-version-externally-managed
[1.689s] Level 1:colcon.colcon_core.environment:checking '/home/ohj/mecanum-ros2/install/mecanum_odometry' for CMake config files
[1.690s] Level 1:colcon.colcon_core.environment:checking '/home/ohj/mecanum-ros2/install/mecanum_odometry/lib'
[1.690s] Level 1:colcon.colcon_core.environment:checking '/home/ohj/mecanum-ros2/install/mecanum_odometry/bin'
[1.690s] Level 1:colcon.colcon_core.environment:checking '/home/ohj/mecanum-ros2/install/mecanum_odometry/lib/pkgconfig/mecanum_odometry.pc'
[1.690s] Level 1:colcon.colcon_core.environment:checking '/home/ohj/mecanum-ros2/install/mecanum_odometry/lib/python3.8/site-packages'
[1.690s] Level 1:colcon.colcon_core.shell:create_environment_hook('mecanum_odometry', 'pythonpath')
[1.691s] INFO:colcon.colcon_core.shell:Creating environment hook '/home/ohj/mecanum-ros2/install/mecanum_odometry/share/mecanum_odometry/hook/pythonpath.ps1'
[1.691s] INFO:colcon.colcon_core.shell:Creating environment descriptor '/home/ohj/mecanum-ros2/install/mecanum_odometry/share/mecanum_odometry/hook/pythonpath.dsv'
[1.692s] INFO:colcon.colcon_core.shell:Creating environment hook '/home/ohj/mecanum-ros2/install/mecanum_odometry/share/mecanum_odometry/hook/pythonpath.sh'
[1.692s] Level 1:colcon.colcon_core.environment:checking '/home/ohj/mecanum-ros2/install/mecanum_odometry/bin'
[1.692s] Level 1:colcon.colcon_core.environment:create_environment_scripts_only(mecanum_odometry)
[1.693s] INFO:colcon.colcon_core.shell:Creating package script '/home/ohj/mecanum-ros2/install/mecanum_odometry/share/mecanum_odometry/package.ps1'
[1.693s] INFO:colcon.colcon_core.shell:Creating package descriptor '/home/ohj/mecanum-ros2/install/mecanum_odometry/share/mecanum_odometry/package.dsv'
[1.693s] INFO:colcon.colcon_core.shell:Creating package script '/home/ohj/mecanum-ros2/install/mecanum_odometry/share/mecanum_odometry/package.sh'
[1.694s] INFO:colcon.colcon_core.shell:Creating package script '/home/ohj/mecanum-ros2/install/mecanum_odometry/share/mecanum_odometry/package.bash'
[1.694s] INFO:colcon.colcon_core.shell:Creating package script '/home/ohj/mecanum-ros2/install/mecanum_odometry/share/mecanum_odometry/package.zsh'
[1.694s] Level 1:colcon.colcon_core.environment:create_file_with_runtime_dependencies(/home/ohj/mecanum-ros2/install/mecanum_odometry/share/colcon-core/packages/mecanum_odometry)
[1.697s] Level 1:colcon.colcon_core.environment:checking '/home/ohj/mecanum-ros2/install/teleop_keyboard' for CMake module files
[1.698s] DEBUG:colcon.colcon_core.event_handler.log_command:Invoked command in '/home/ohj/mecanum-ros2/src/teleop_keyboard' returned '0': PYTHONPATH=/home/ohj/mecanum-ros2/build/teleop_keyboard/prefix_override:/home/ohj/mecanum-ros2/install/teleop_keyboard/lib/python3.8/site-packages:${PYTHONPATH} /usr/bin/python3 setup.py egg_info --egg-base ../../build/teleop_keyboard build --build-base /home/ohj/mecanum-ros2/build/teleop_keyboard/build install --record /home/ohj/mecanum-ros2/build/teleop_keyboard/install.log --single-version-externally-managed
[1.698s] Level 1:colcon.colcon_core.environment:checking '/home/ohj/mecanum-ros2/install/teleop_keyboard' for CMake config files
[1.699s] Level 1:colcon.colcon_core.environment:checking '/home/ohj/mecanum-ros2/install/teleop_keyboard/lib'
[1.699s] Level 1:colcon.colcon_core.environment:checking '/home/ohj/mecanum-ros2/install/teleop_keyboard/bin'
[1.699s] Level 1:colcon.colcon_core.environment:checking '/home/ohj/mecanum-ros2/install/teleop_keyboard/lib/pkgconfig/teleop_keyboard.pc'
[1.699s] Level 1:colcon.colcon_core.environment:checking '/home/ohj/mecanum-ros2/install/teleop_keyboard/lib/python3.8/site-packages'
[1.699s] Level 1:colcon.colcon_core.shell:create_environment_hook('teleop_keyboard', 'pythonpath')
[1.700s] INFO:colcon.colcon_core.shell:Creating environment hook '/home/ohj/mecanum-ros2/install/teleop_keyboard/share/teleop_keyboard/hook/pythonpath.ps1'
[1.700s] INFO:colcon.colcon_core.shell:Creating environment descriptor '/home/ohj/mecanum-ros2/install/teleop_keyboard/share/teleop_keyboard/hook/pythonpath.dsv'
[1.700s] INFO:colcon.colcon_core.shell:Creating environment hook '/home/ohj/mecanum-ros2/install/teleop_keyboard/share/teleop_keyboard/hook/pythonpath.sh'
[1.701s] Level 1:colcon.colcon_core.environment:checking '/home/ohj/mecanum-ros2/install/teleop_keyboard/bin'
[1.701s] Level 1:colcon.colcon_core.environment:create_environment_scripts_only(teleop_keyboard)
[1.701s] INFO:colcon.colcon_core.shell:Creating package script '/home/ohj/mecanum-ros2/install/teleop_keyboard/share/teleop_keyboard/package.ps1'
[1.702s] INFO:colcon.colcon_core.shell:Creating package descriptor '/home/ohj/mecanum-ros2/install/teleop_keyboard/share/teleop_keyboard/package.dsv'
[1.702s] INFO:colcon.colcon_core.shell:Creating package script '/home/ohj/mecanum-ros2/install/teleop_keyboard/share/teleop_keyboard/package.sh'
[1.702s] INFO:colcon.colcon_core.shell:Creating package script '/home/ohj/mecanum-ros2/install/teleop_keyboard/share/teleop_keyboard/package.bash'
[1.702s] INFO:colcon.colcon_core.shell:Creating package script '/home/ohj/mecanum-ros2/install/teleop_keyboard/share/teleop_keyboard/package.zsh'
[1.703s] Level 1:colcon.colcon_core.environment:create_file_with_runtime_dependencies(/home/ohj/mecanum-ros2/install/teleop_keyboard/share/colcon-core/packages/teleop_keyboard)
[1.704s] Level 1:colcon.colcon_core.environment:checking '/home/ohj/mecanum-ros2/install/motor_control' for CMake module files
[1.708s] DEBUG:colcon.colcon_core.event_handler.log_command:Invoked command in '/home/ohj/mecanum-ros2/src/motor_control' returned '0': PYTHONPATH=/home/ohj/mecanum-ros2/build/motor_control/prefix_override:/home/ohj/mecanum-ros2/install/motor_control/lib/python3.8/site-packages:${PYTHONPATH} /usr/bin/python3 setup.py egg_info --egg-base ../../build/motor_control build --build-base /home/ohj/mecanum-ros2/build/motor_control/build install --record /home/ohj/mecanum-ros2/build/motor_control/install.log --single-version-externally-managed
[1.708s] Level 1:colcon.colcon_core.environment:checking '/home/ohj/mecanum-ros2/install/motor_control' for CMake config files
[1.709s] Level 1:colcon.colcon_core.environment:checking '/home/ohj/mecanum-ros2/install/motor_control/lib'
[1.709s] Level 1:colcon.colcon_core.environment:checking '/home/ohj/mecanum-ros2/install/motor_control/bin'
[1.709s] Level 1:colcon.colcon_core.environment:checking '/home/ohj/mecanum-ros2/install/motor_control/lib/pkgconfig/motor_control.pc'
[1.709s] Level 1:colcon.colcon_core.environment:checking '/home/ohj/mecanum-ros2/install/motor_control/lib/python3.8/site-packages'
[1.709s] Level 1:colcon.colcon_core.shell:create_environment_hook('motor_control', 'pythonpath')
[1.710s] INFO:colcon.colcon_core.shell:Creating environment hook '/home/ohj/mecanum-ros2/install/motor_control/share/motor_control/hook/pythonpath.ps1'
[1.710s] INFO:colcon.colcon_core.shell:Creating environment descriptor '/home/ohj/mecanum-ros2/install/motor_control/share/motor_control/hook/pythonpath.dsv'
[1.710s] INFO:colcon.colcon_core.shell:Creating environment hook '/home/ohj/mecanum-ros2/install/motor_control/share/motor_control/hook/pythonpath.sh'
[1.710s] Level 1:colcon.colcon_core.environment:checking '/home/ohj/mecanum-ros2/install/motor_control/bin'
[1.711s] Level 1:colcon.colcon_core.environment:create_environment_scripts_only(motor_control)
[1.711s] INFO:colcon.colcon_core.shell:Creating package script '/home/ohj/mecanum-ros2/install/motor_control/share/motor_control/package.ps1'
[1.712s] INFO:colcon.colcon_core.shell:Creating package descriptor '/home/ohj/mecanum-ros2/install/motor_control/share/motor_control/package.dsv'
[1.712s] INFO:colcon.colcon_core.shell:Creating package script '/home/ohj/mecanum-ros2/install/motor_control/share/motor_control/package.sh'
[1.712s] INFO:colcon.colcon_core.shell:Creating package script '/home/ohj/mecanum-ros2/install/motor_control/share/motor_control/package.bash'
[1.712s] INFO:colcon.colcon_core.shell:Creating package script '/home/ohj/mecanum-ros2/install/motor_control/share/motor_control/package.zsh'
[1.713s] Level 1:colcon.colcon_core.environment:create_file_with_runtime_dependencies(/home/ohj/mecanum-ros2/install/motor_control/share/colcon-core/packages/motor_control)
[1.714s] Level 1:colcon.colcon_core.environment:checking '/home/ohj/mecanum-ros2/install/mobile_description' for CMake module files
[1.715s] DEBUG:colcon.colcon_core.event_handler.log_command:Invoked command in '/home/ohj/mecanum-ros2/src/mobile_description' returned '0': PYTHONPATH=/home/ohj/mecanum-ros2/build/mobile_description/prefix_override:/home/ohj/mecanum-ros2/install/mobile_description/lib/python3.8/site-packages:${PYTHONPATH} /usr/bin/python3 setup.py egg_info --egg-base ../../build/mobile_description build --build-base /home/ohj/mecanum-ros2/build/mobile_description/build install --record /home/ohj/mecanum-ros2/build/mobile_description/install.log --install-scripts $base/lib/mobile_description --single-version-externally-managed
[1.715s] Level 1:colcon.colcon_core.environment:checking '/home/ohj/mecanum-ros2/install/mobile_description' for CMake config files
[1.715s] Level 1:colcon.colcon_core.environment:checking '/home/ohj/mecanum-ros2/install/mobile_description/lib'
[1.715s] Level 1:colcon.colcon_core.environment:checking '/home/ohj/mecanum-ros2/install/mobile_description/bin'
[1.715s] Level 1:colcon.colcon_core.environment:checking '/home/ohj/mecanum-ros2/install/mobile_description/lib/pkgconfig/mobile_description.pc'
[1.715s] Level 1:colcon.colcon_core.environment:checking '/home/ohj/mecanum-ros2/install/mobile_description/lib/python3.8/site-packages'
[1.715s] Level 1:colcon.colcon_core.shell:create_environment_hook('mobile_description', 'pythonpath')
[1.716s] INFO:colcon.colcon_core.shell:Creating environment hook '/home/ohj/mecanum-ros2/install/mobile_description/share/mobile_description/hook/pythonpath.ps1'
[1.716s] INFO:colcon.colcon_core.shell:Creating environment descriptor '/home/ohj/mecanum-ros2/install/mobile_description/share/mobile_description/hook/pythonpath.dsv'
[1.716s] INFO:colcon.colcon_core.shell:Creating environment hook '/home/ohj/mecanum-ros2/install/mobile_description/share/mobile_description/hook/pythonpath.sh'
[1.717s] Level 1:colcon.colcon_core.environment:checking '/home/ohj/mecanum-ros2/install/mobile_description/bin'
[1.717s] Level 1:colcon.colcon_core.environment:create_environment_scripts_only(mobile_description)
[1.718s] INFO:colcon.colcon_core.shell:Creating package script '/home/ohj/mecanum-ros2/install/mobile_description/share/mobile_description/package.ps1'
[1.718s] INFO:colcon.colcon_core.shell:Creating package descriptor '/home/ohj/mecanum-ros2/install/mobile_description/share/mobile_description/package.dsv'
[1.718s] INFO:colcon.colcon_core.shell:Creating package script '/home/ohj/mecanum-ros2/install/mobile_description/share/mobile_description/package.sh'
[1.719s] INFO:colcon.colcon_core.shell:Creating package script '/home/ohj/mecanum-ros2/install/mobile_description/share/mobile_description/package.bash'
[1.719s] INFO:colcon.colcon_core.shell:Creating package script '/home/ohj/mecanum-ros2/install/mobile_description/share/mobile_description/package.zsh'
[1.719s] Level 1:colcon.colcon_core.environment:create_file_with_runtime_dependencies(/home/ohj/mecanum-ros2/install/mobile_description/share/colcon-core/packages/mobile_description)
[1.719s] DEBUG:colcon.colcon_parallel_executor.executor.parallel:closing loop
[1.719s] DEBUG:colcon.colcon_parallel_executor.executor.parallel:loop closed
[1.720s] DEBUG:colcon.colcon_parallel_executor.executor.parallel:run_until_complete finished with '0'
[1.720s] DEBUG:colcon.colcon_core.event_reactor:joining thread
[1.724s] INFO:colcon.colcon_core.plugin_system:Skipping extension 'colcon_notification.desktop_notification.terminal_notifier': Not used on non-Darwin systems
[1.724s] INFO:colcon.colcon_core.plugin_system:Skipping extension 'colcon_notification.desktop_notification.win32': Not used on non-Windows systems
[1.724s] INFO:colcon.colcon_notification.desktop_notification:Sending desktop notification using 'notify2'
[1.745s] DEBUG:colcon.colcon_core.event_reactor:joined thread
[1.748s] INFO:colcon.colcon_core.shell:Creating prefix script '/home/ohj/mecanum-ros2/install/local_setup.ps1'
[1.750s] INFO:colcon.colcon_core.shell:Creating prefix util module '/home/ohj/mecanum-ros2/install/_local_setup_util_ps1.py'
[1.751s] INFO:colcon.colcon_core.shell:Creating prefix chain script '/home/ohj/mecanum-ros2/install/setup.ps1'
[1.753s] INFO:colcon.colcon_core.shell:Creating prefix script '/home/ohj/mecanum-ros2/install/local_setup.sh'
[1.754s] INFO:colcon.colcon_core.shell:Creating prefix util module '/home/ohj/mecanum-ros2/install/_local_setup_util_sh.py'
[1.754s] INFO:colcon.colcon_core.shell:Creating prefix chain script '/home/ohj/mecanum-ros2/install/setup.sh'
[1.755s] INFO:colcon.colcon_core.shell:Creating prefix script '/home/ohj/mecanum-ros2/install/local_setup.bash'
[1.756s] INFO:colcon.colcon_core.shell:Creating prefix chain script '/home/ohj/mecanum-ros2/install/setup.bash'
[1.757s] INFO:colcon.colcon_core.shell:Creating prefix script '/home/ohj/mecanum-ros2/install/local_setup.zsh'
[1.757s] INFO:colcon.colcon_core.shell:Creating prefix chain script '/home/ohj/mecanum-ros2/install/setup.zsh'
