[6.510s] Invoking command in '/home/jetson/mecanum-ros2/src/mobile_description': PYTHONPATH=/home/jetson/mecanum-ros2/build/mobile_description/prefix_override:/home/jetson/mecanum-ros2/install/mobile_description/lib/python3.8/site-packages:${PYTHONPATH} /usr/bin/python3 setup.py egg_info --egg-base ../../build/mobile_description build --build-base /home/jetson/mecanum-ros2/build/mobile_description/build install --record /home/jetson/mecanum-ros2/build/mobile_description/install.log --install-scripts $base/lib/mobile_description --single-version-externally-managed
[7.820s] /usr/local/lib/python3.8/dist-packages/setuptools/dist.py:717: UserWarning: Usage of dash-separated 'script-dir' will not be supported in future versions. Please use the underscore name 'script_dir' instead
[7.820s]   warnings.warn(
[7.990s] running egg_info
[7.994s] writing ../../build/mobile_description/mobile_description.egg-info/PKG-INFO
[7.995s] writing dependency_links to ../../build/mobile_description/mobile_description.egg-info/dependency_links.txt
[7.998s] writing entry points to ../../build/mobile_description/mobile_description.egg-info/entry_points.txt
[7.999s] writing requirements to ../../build/mobile_description/mobile_description.egg-info/requires.txt
[8.001s] writing top-level names to ../../build/mobile_description/mobile_description.egg-info/top_level.txt
[8.020s] reading manifest file '../../build/mobile_description/mobile_description.egg-info/SOURCES.txt'
[8.025s] writing manifest file '../../build/mobile_description/mobile_description.egg-info/SOURCES.txt'
[8.027s] running build
[8.027s] running build_py
[8.029s] running install
[8.034s] running install_lib
[8.040s] running install_data
[8.046s] running install_egg_info
[8.054s] removing '/home/jetson/mecanum-ros2/install/mobile_description/lib/python3.8/site-packages/mobile_description-0.0.0-py3.8.egg-info' (and everything under it)
[8.057s] Copying ../../build/mobile_description/mobile_description.egg-info to /home/jetson/mecanum-ros2/install/mobile_description/lib/python3.8/site-packages/mobile_description-0.0.0-py3.8.egg-info
[8.062s] running install_scripts
[8.173s] writing list of installed files to '/home/jetson/mecanum-ros2/build/mobile_description/install.log'
[8.341s] Invoked command in '/home/jetson/mecanum-ros2/src/mobile_description' returned '0': PYTHONPATH=/home/jetson/mecanum-ros2/build/mobile_description/prefix_override:/home/jetson/mecanum-ros2/install/mobile_description/lib/python3.8/site-packages:${PYTHONPATH} /usr/bin/python3 setup.py egg_info --egg-base ../../build/mobile_description build --build-base /home/jetson/mecanum-ros2/build/mobile_description/build install --record /home/jetson/mecanum-ros2/build/mobile_description/install.log --install-scripts $base/lib/mobile_description --single-version-externally-managed
