[1.697s] DEBUG:colcon:Command line arguments: ['/usr/bin/colcon', 'build']
[1.697s] DEBUG:colcon:Parsed command line arguments: Namespace(allow_overriding=[], ament_cmake_args=None, base_paths=['.'], build_base='build', catkin_cmake_args=None, catkin_skip_building_tests=False, cmake_args=None, cmake_clean_cache=False, cmake_clean_first=False, cmake_force_configure=False, cmake_target=None, cmake_target_skip_unavailable=False, continue_on_error=False, event_handlers=None, executor='parallel', ignore_user_meta=False, install_base='install', log_base=None, log_level=None, main=<bound method BuildVerb.main of <colcon_core.verb.build.BuildVerb object at 0x7f934a06d0>>, merge_install=False, metas=['./colcon.meta'], packages_above=None, packages_above_and_dependencies=None, packages_above_depth=None, packages_end=None, packages_ignore=None, packages_ignore_regex=None, packages_select=None, packages_select_build_failed=False, packages_select_by_dep=None, packages_select_regex=None, packages_select_test_failures=False, packages_skip=None, packages_skip_build_finished=False, packages_skip_by_dep=None, packages_skip_regex=None, packages_skip_test_passed=False, packages_skip_up_to=None, packages_start=None, packages_up_to=None, packages_up_to_regex=None, parallel_workers=4, paths=None, symlink_install=False, test_result_base=None, verb_extension=<colcon_core.verb.build.BuildVerb object at 0x7f934a06d0>, verb_name='build', verb_parser=<colcon_defaults.argument_parser.defaults.DefaultArgumentsDecorator object at 0x7f934a0c10>)
[1.841s] Level 1:colcon.colcon_core.package_discovery:discover_packages(colcon_meta) check parameters
[1.842s] Level 1:colcon.colcon_core.package_discovery:discover_packages(recursive) check parameters
[1.846s] Level 1:colcon.colcon_core.package_discovery:discover_packages(ignore) check parameters
[1.846s] Level 1:colcon.colcon_core.package_discovery:discover_packages(path) check parameters
[1.846s] Level 1:colcon.colcon_core.package_discovery:discover_packages(colcon_meta) discover
[1.846s] Level 1:colcon.colcon_core.package_discovery:discover_packages(recursive) discover
[1.847s] INFO:colcon.colcon_core.package_discovery:Crawling recursively for packages in '/home/jetson/mecanum-ros2'
[1.847s] Level 1:colcon.colcon_core.package_identification:_identify(.) by extensions ['ignore', 'ignore_ament_install']
[1.847s] Level 1:colcon.colcon_core.package_identification:_identify(.) by extension 'ignore'
[1.848s] Level 1:colcon.colcon_core.package_identification:_identify(.) by extension 'ignore_ament_install'
[1.848s] Level 1:colcon.colcon_core.package_identification:_identify(.) by extensions ['colcon_pkg']
[1.848s] Level 1:colcon.colcon_core.package_identification:_identify(.) by extension 'colcon_pkg'
[1.848s] Level 1:colcon.colcon_core.package_identification:_identify(.) by extensions ['colcon_meta']
[1.848s] Level 1:colcon.colcon_core.package_identification:_identify(.) by extension 'colcon_meta'
[1.849s] Level 1:colcon.colcon_core.package_identification:_identify(.) by extensions ['ros']
[1.849s] Level 1:colcon.colcon_core.package_identification:_identify(.) by extension 'ros'
[1.896s] Level 1:colcon.colcon_core.package_identification:_identify(.) by extensions ['cmake', 'python']
[1.896s] Level 1:colcon.colcon_core.package_identification:_identify(.) by extension 'cmake'
[1.896s] Level 1:colcon.colcon_core.package_identification:_identify(.) by extension 'python'
[1.897s] Level 1:colcon.colcon_core.package_identification:_identify(.) by extensions ['python_setup_py']
[1.897s] Level 1:colcon.colcon_core.package_identification:_identify(.) by extension 'python_setup_py'
[1.897s] Level 1:colcon.colcon_core.package_identification:_identify(arduino_code) by extensions ['ignore', 'ignore_ament_install']
[1.898s] Level 1:colcon.colcon_core.package_identification:_identify(arduino_code) by extension 'ignore'
[1.898s] Level 1:colcon.colcon_core.package_identification:_identify(arduino_code) by extension 'ignore_ament_install'
[1.898s] Level 1:colcon.colcon_core.package_identification:_identify(arduino_code) by extensions ['colcon_pkg']
[1.898s] Level 1:colcon.colcon_core.package_identification:_identify(arduino_code) by extension 'colcon_pkg'
[1.899s] Level 1:colcon.colcon_core.package_identification:_identify(arduino_code) by extensions ['colcon_meta']
[1.899s] Level 1:colcon.colcon_core.package_identification:_identify(arduino_code) by extension 'colcon_meta'
[1.899s] Level 1:colcon.colcon_core.package_identification:_identify(arduino_code) by extensions ['ros']
[1.899s] Level 1:colcon.colcon_core.package_identification:_identify(arduino_code) by extension 'ros'
[1.899s] Level 1:colcon.colcon_core.package_identification:_identify(arduino_code) by extensions ['cmake', 'python']
[1.900s] Level 1:colcon.colcon_core.package_identification:_identify(arduino_code) by extension 'cmake'
[1.900s] Level 1:colcon.colcon_core.package_identification:_identify(arduino_code) by extension 'python'
[1.900s] Level 1:colcon.colcon_core.package_identification:_identify(arduino_code) by extensions ['python_setup_py']
[1.900s] Level 1:colcon.colcon_core.package_identification:_identify(arduino_code) by extension 'python_setup_py'
[1.901s] Level 1:colcon.colcon_core.package_identification:_identify(arduino_code/4-dof_manipulator_control) by extensions ['ignore', 'ignore_ament_install']
[1.901s] Level 1:colcon.colcon_core.package_identification:_identify(arduino_code/4-dof_manipulator_control) by extension 'ignore'
[1.901s] Level 1:colcon.colcon_core.package_identification:_identify(arduino_code/4-dof_manipulator_control) by extension 'ignore_ament_install'
[1.901s] Level 1:colcon.colcon_core.package_identification:_identify(arduino_code/4-dof_manipulator_control) by extensions ['colcon_pkg']
[1.902s] Level 1:colcon.colcon_core.package_identification:_identify(arduino_code/4-dof_manipulator_control) by extension 'colcon_pkg'
[1.902s] Level 1:colcon.colcon_core.package_identification:_identify(arduino_code/4-dof_manipulator_control) by extensions ['colcon_meta']
[1.902s] Level 1:colcon.colcon_core.package_identification:_identify(arduino_code/4-dof_manipulator_control) by extension 'colcon_meta'
[1.902s] Level 1:colcon.colcon_core.package_identification:_identify(arduino_code/4-dof_manipulator_control) by extensions ['ros']
[1.902s] Level 1:colcon.colcon_core.package_identification:_identify(arduino_code/4-dof_manipulator_control) by extension 'ros'
[1.903s] Level 1:colcon.colcon_core.package_identification:_identify(arduino_code/4-dof_manipulator_control) by extensions ['cmake', 'python']
[1.903s] Level 1:colcon.colcon_core.package_identification:_identify(arduino_code/4-dof_manipulator_control) by extension 'cmake'
[1.903s] Level 1:colcon.colcon_core.package_identification:_identify(arduino_code/4-dof_manipulator_control) by extension 'python'
[1.903s] Level 1:colcon.colcon_core.package_identification:_identify(arduino_code/4-dof_manipulator_control) by extensions ['python_setup_py']
[1.903s] Level 1:colcon.colcon_core.package_identification:_identify(arduino_code/4-dof_manipulator_control) by extension 'python_setup_py'
[1.904s] Level 1:colcon.colcon_core.package_identification:_identify(arduino_code/motor_control_final_int) by extensions ['ignore', 'ignore_ament_install']
[1.904s] Level 1:colcon.colcon_core.package_identification:_identify(arduino_code/motor_control_final_int) by extension 'ignore'
[1.904s] Level 1:colcon.colcon_core.package_identification:_identify(arduino_code/motor_control_final_int) by extension 'ignore_ament_install'
[1.904s] Level 1:colcon.colcon_core.package_identification:_identify(arduino_code/motor_control_final_int) by extensions ['colcon_pkg']
[1.904s] Level 1:colcon.colcon_core.package_identification:_identify(arduino_code/motor_control_final_int) by extension 'colcon_pkg'
[1.905s] Level 1:colcon.colcon_core.package_identification:_identify(arduino_code/motor_control_final_int) by extensions ['colcon_meta']
[1.905s] Level 1:colcon.colcon_core.package_identification:_identify(arduino_code/motor_control_final_int) by extension 'colcon_meta'
[1.905s] Level 1:colcon.colcon_core.package_identification:_identify(arduino_code/motor_control_final_int) by extensions ['ros']
[1.905s] Level 1:colcon.colcon_core.package_identification:_identify(arduino_code/motor_control_final_int) by extension 'ros'
[1.905s] Level 1:colcon.colcon_core.package_identification:_identify(arduino_code/motor_control_final_int) by extensions ['cmake', 'python']
[1.906s] Level 1:colcon.colcon_core.package_identification:_identify(arduino_code/motor_control_final_int) by extension 'cmake'
[1.906s] Level 1:colcon.colcon_core.package_identification:_identify(arduino_code/motor_control_final_int) by extension 'python'
[1.906s] Level 1:colcon.colcon_core.package_identification:_identify(arduino_code/motor_control_final_int) by extensions ['python_setup_py']
[1.906s] Level 1:colcon.colcon_core.package_identification:_identify(arduino_code/motor_control_final_int) by extension 'python_setup_py'
[1.906s] Level 1:colcon.colcon_core.package_identification:_identify(arduino_code/motor_control_front_final_float) by extensions ['ignore', 'ignore_ament_install']
[1.907s] Level 1:colcon.colcon_core.package_identification:_identify(arduino_code/motor_control_front_final_float) by extension 'ignore'
[1.907s] Level 1:colcon.colcon_core.package_identification:_identify(arduino_code/motor_control_front_final_float) by extension 'ignore_ament_install'
[1.907s] Level 1:colcon.colcon_core.package_identification:_identify(arduino_code/motor_control_front_final_float) by extensions ['colcon_pkg']
[1.907s] Level 1:colcon.colcon_core.package_identification:_identify(arduino_code/motor_control_front_final_float) by extension 'colcon_pkg'
[1.908s] Level 1:colcon.colcon_core.package_identification:_identify(arduino_code/motor_control_front_final_float) by extensions ['colcon_meta']
[1.908s] Level 1:colcon.colcon_core.package_identification:_identify(arduino_code/motor_control_front_final_float) by extension 'colcon_meta'
[1.908s] Level 1:colcon.colcon_core.package_identification:_identify(arduino_code/motor_control_front_final_float) by extensions ['ros']
[1.908s] Level 1:colcon.colcon_core.package_identification:_identify(arduino_code/motor_control_front_final_float) by extension 'ros'
[1.908s] Level 1:colcon.colcon_core.package_identification:_identify(arduino_code/motor_control_front_final_float) by extensions ['cmake', 'python']
[1.909s] Level 1:colcon.colcon_core.package_identification:_identify(arduino_code/motor_control_front_final_float) by extension 'cmake'
[1.909s] Level 1:colcon.colcon_core.package_identification:_identify(arduino_code/motor_control_front_final_float) by extension 'python'
[1.909s] Level 1:colcon.colcon_core.package_identification:_identify(arduino_code/motor_control_front_final_float) by extensions ['python_setup_py']
[1.909s] Level 1:colcon.colcon_core.package_identification:_identify(arduino_code/motor_control_front_final_float) by extension 'python_setup_py'
[1.909s] Level 1:colcon.colcon_core.package_identification:_identify(arduino_code/motor_control_rear_final_float) by extensions ['ignore', 'ignore_ament_install']
[1.910s] Level 1:colcon.colcon_core.package_identification:_identify(arduino_code/motor_control_rear_final_float) by extension 'ignore'
[1.910s] Level 1:colcon.colcon_core.package_identification:_identify(arduino_code/motor_control_rear_final_float) by extension 'ignore_ament_install'
[1.910s] Level 1:colcon.colcon_core.package_identification:_identify(arduino_code/motor_control_rear_final_float) by extensions ['colcon_pkg']
[1.910s] Level 1:colcon.colcon_core.package_identification:_identify(arduino_code/motor_control_rear_final_float) by extension 'colcon_pkg'
[1.911s] Level 1:colcon.colcon_core.package_identification:_identify(arduino_code/motor_control_rear_final_float) by extensions ['colcon_meta']
[1.911s] Level 1:colcon.colcon_core.package_identification:_identify(arduino_code/motor_control_rear_final_float) by extension 'colcon_meta'
[1.911s] Level 1:colcon.colcon_core.package_identification:_identify(arduino_code/motor_control_rear_final_float) by extensions ['ros']
[1.911s] Level 1:colcon.colcon_core.package_identification:_identify(arduino_code/motor_control_rear_final_float) by extension 'ros'
[1.911s] Level 1:colcon.colcon_core.package_identification:_identify(arduino_code/motor_control_rear_final_float) by extensions ['cmake', 'python']
[1.912s] Level 1:colcon.colcon_core.package_identification:_identify(arduino_code/motor_control_rear_final_float) by extension 'cmake'
[1.912s] Level 1:colcon.colcon_core.package_identification:_identify(arduino_code/motor_control_rear_final_float) by extension 'python'
[1.912s] Level 1:colcon.colcon_core.package_identification:_identify(arduino_code/motor_control_rear_final_float) by extensions ['python_setup_py']
[1.912s] Level 1:colcon.colcon_core.package_identification:_identify(arduino_code/motor_control_rear_final_float) by extension 'python_setup_py'
[1.912s] Level 1:colcon.colcon_core.package_identification:_identify(arduino_code/packet_arduino) by extensions ['ignore', 'ignore_ament_install']
[1.913s] Level 1:colcon.colcon_core.package_identification:_identify(arduino_code/packet_arduino) by extension 'ignore'
[1.913s] Level 1:colcon.colcon_core.package_identification:_identify(arduino_code/packet_arduino) by extension 'ignore_ament_install'
[1.913s] Level 1:colcon.colcon_core.package_identification:_identify(arduino_code/packet_arduino) by extensions ['colcon_pkg']
[1.913s] Level 1:colcon.colcon_core.package_identification:_identify(arduino_code/packet_arduino) by extension 'colcon_pkg'
[1.914s] Level 1:colcon.colcon_core.package_identification:_identify(arduino_code/packet_arduino) by extensions ['colcon_meta']
[1.914s] Level 1:colcon.colcon_core.package_identification:_identify(arduino_code/packet_arduino) by extension 'colcon_meta'
[1.914s] Level 1:colcon.colcon_core.package_identification:_identify(arduino_code/packet_arduino) by extensions ['ros']
[1.914s] Level 1:colcon.colcon_core.package_identification:_identify(arduino_code/packet_arduino) by extension 'ros'
[1.914s] Level 1:colcon.colcon_core.package_identification:_identify(arduino_code/packet_arduino) by extensions ['cmake', 'python']
[1.914s] Level 1:colcon.colcon_core.package_identification:_identify(arduino_code/packet_arduino) by extension 'cmake'
[1.915s] Level 1:colcon.colcon_core.package_identification:_identify(arduino_code/packet_arduino) by extension 'python'
[1.915s] Level 1:colcon.colcon_core.package_identification:_identify(arduino_code/packet_arduino) by extensions ['python_setup_py']
[1.915s] Level 1:colcon.colcon_core.package_identification:_identify(arduino_code/packet_arduino) by extension 'python_setup_py'
[1.915s] Level 1:colcon.colcon_core.package_identification:_identify(arduino_code/spi_test_folder) by extensions ['ignore', 'ignore_ament_install']
[1.916s] Level 1:colcon.colcon_core.package_identification:_identify(arduino_code/spi_test_folder) by extension 'ignore'
[1.916s] Level 1:colcon.colcon_core.package_identification:_identify(arduino_code/spi_test_folder) by extension 'ignore_ament_install'
[1.916s] Level 1:colcon.colcon_core.package_identification:_identify(arduino_code/spi_test_folder) by extensions ['colcon_pkg']
[1.916s] Level 1:colcon.colcon_core.package_identification:_identify(arduino_code/spi_test_folder) by extension 'colcon_pkg'
[1.916s] Level 1:colcon.colcon_core.package_identification:_identify(arduino_code/spi_test_folder) by extensions ['colcon_meta']
[1.917s] Level 1:colcon.colcon_core.package_identification:_identify(arduino_code/spi_test_folder) by extension 'colcon_meta'
[1.917s] Level 1:colcon.colcon_core.package_identification:_identify(arduino_code/spi_test_folder) by extensions ['ros']
[1.917s] Level 1:colcon.colcon_core.package_identification:_identify(arduino_code/spi_test_folder) by extension 'ros'
[1.917s] Level 1:colcon.colcon_core.package_identification:_identify(arduino_code/spi_test_folder) by extensions ['cmake', 'python']
[1.917s] Level 1:colcon.colcon_core.package_identification:_identify(arduino_code/spi_test_folder) by extension 'cmake'
[1.918s] Level 1:colcon.colcon_core.package_identification:_identify(arduino_code/spi_test_folder) by extension 'python'
[1.918s] Level 1:colcon.colcon_core.package_identification:_identify(arduino_code/spi_test_folder) by extensions ['python_setup_py']
[1.918s] Level 1:colcon.colcon_core.package_identification:_identify(arduino_code/spi_test_folder) by extension 'python_setup_py'
[1.918s] Level 1:colcon.colcon_core.package_identification:_identify(build) by extensions ['ignore', 'ignore_ament_install']
[1.919s] Level 1:colcon.colcon_core.package_identification:_identify(build) by extension 'ignore'
[1.919s] Level 1:colcon.colcon_core.package_identification:_identify(build) ignored
[1.919s] Level 1:colcon.colcon_core.package_identification:_identify(install) by extensions ['ignore', 'ignore_ament_install']
[1.920s] Level 1:colcon.colcon_core.package_identification:_identify(install) by extension 'ignore'
[1.920s] Level 1:colcon.colcon_core.package_identification:_identify(install) ignored
[1.920s] Level 1:colcon.colcon_core.package_identification:_identify(lib_aarch64) by extensions ['ignore', 'ignore_ament_install']
[1.920s] Level 1:colcon.colcon_core.package_identification:_identify(lib_aarch64) by extension 'ignore'
[1.921s] Level 1:colcon.colcon_core.package_identification:_identify(lib_aarch64) by extension 'ignore_ament_install'
[1.921s] Level 1:colcon.colcon_core.package_identification:_identify(lib_aarch64) by extensions ['colcon_pkg']
[1.921s] Level 1:colcon.colcon_core.package_identification:_identify(lib_aarch64) by extension 'colcon_pkg'
[1.921s] Level 1:colcon.colcon_core.package_identification:_identify(lib_aarch64) by extensions ['colcon_meta']
[1.921s] Level 1:colcon.colcon_core.package_identification:_identify(lib_aarch64) by extension 'colcon_meta'
[1.922s] Level 1:colcon.colcon_core.package_identification:_identify(lib_aarch64) by extensions ['ros']
[1.922s] Level 1:colcon.colcon_core.package_identification:_identify(lib_aarch64) by extension 'ros'
[1.922s] Level 1:colcon.colcon_core.package_identification:_identify(lib_aarch64) by extensions ['cmake', 'python']
[1.922s] Level 1:colcon.colcon_core.package_identification:_identify(lib_aarch64) by extension 'cmake'
[1.922s] Level 1:colcon.colcon_core.package_identification:_identify(lib_aarch64) by extension 'python'
[1.923s] Level 1:colcon.colcon_core.package_identification:_identify(lib_aarch64) by extensions ['python_setup_py']
[1.923s] Level 1:colcon.colcon_core.package_identification:_identify(lib_aarch64) by extension 'python_setup_py'
[1.923s] Level 1:colcon.colcon_core.package_identification:_identify(log) by extensions ['ignore', 'ignore_ament_install']
[1.923s] Level 1:colcon.colcon_core.package_identification:_identify(log) by extension 'ignore'
[1.924s] Level 1:colcon.colcon_core.package_identification:_identify(log) ignored
[1.924s] Level 1:colcon.colcon_core.package_identification:_identify(src) by extensions ['ignore', 'ignore_ament_install']
[1.924s] Level 1:colcon.colcon_core.package_identification:_identify(src) by extension 'ignore'
[1.924s] Level 1:colcon.colcon_core.package_identification:_identify(src) by extension 'ignore_ament_install'
[1.925s] Level 1:colcon.colcon_core.package_identification:_identify(src) by extensions ['colcon_pkg']
[1.925s] Level 1:colcon.colcon_core.package_identification:_identify(src) by extension 'colcon_pkg'
[1.925s] Level 1:colcon.colcon_core.package_identification:_identify(src) by extensions ['colcon_meta']
[1.925s] Level 1:colcon.colcon_core.package_identification:_identify(src) by extension 'colcon_meta'
[1.925s] Level 1:colcon.colcon_core.package_identification:_identify(src) by extensions ['ros']
[1.926s] Level 1:colcon.colcon_core.package_identification:_identify(src) by extension 'ros'
[1.926s] Level 1:colcon.colcon_core.package_identification:_identify(src) by extensions ['cmake', 'python']
[1.926s] Level 1:colcon.colcon_core.package_identification:_identify(src) by extension 'cmake'
[1.926s] Level 1:colcon.colcon_core.package_identification:_identify(src) by extension 'python'
[1.926s] Level 1:colcon.colcon_core.package_identification:_identify(src) by extensions ['python_setup_py']
[1.927s] Level 1:colcon.colcon_core.package_identification:_identify(src) by extension 'python_setup_py'
[1.927s] Level 1:colcon.colcon_core.package_identification:_identify(src/mecanum_bringup) by extensions ['ignore', 'ignore_ament_install']
[1.927s] Level 1:colcon.colcon_core.package_identification:_identify(src/mecanum_bringup) by extension 'ignore'
[1.928s] Level 1:colcon.colcon_core.package_identification:_identify(src/mecanum_bringup) by extension 'ignore_ament_install'
[1.928s] Level 1:colcon.colcon_core.package_identification:_identify(src/mecanum_bringup) by extensions ['colcon_pkg']
[1.928s] Level 1:colcon.colcon_core.package_identification:_identify(src/mecanum_bringup) by extension 'colcon_pkg'
[1.928s] Level 1:colcon.colcon_core.package_identification:_identify(src/mecanum_bringup) by extensions ['colcon_meta']
[1.928s] Level 1:colcon.colcon_core.package_identification:_identify(src/mecanum_bringup) by extension 'colcon_meta'
[1.928s] Level 1:colcon.colcon_core.package_identification:_identify(src/mecanum_bringup) by extensions ['ros']
[1.929s] Level 1:colcon.colcon_core.package_identification:_identify(src/mecanum_bringup) by extension 'ros'
[1.938s] DEBUG:colcon.colcon_core.package_identification:Package 'src/mecanum_bringup' with type 'ros.ament_cmake' and name 'mecanum_bringup'
[1.939s] Level 1:colcon.colcon_core.package_identification:_identify(src/mecanum_odometry) by extensions ['ignore', 'ignore_ament_install']
[1.939s] Level 1:colcon.colcon_core.package_identification:_identify(src/mecanum_odometry) by extension 'ignore'
[1.939s] Level 1:colcon.colcon_core.package_identification:_identify(src/mecanum_odometry) by extension 'ignore_ament_install'
[1.940s] Level 1:colcon.colcon_core.package_identification:_identify(src/mecanum_odometry) by extensions ['colcon_pkg']
[1.940s] Level 1:colcon.colcon_core.package_identification:_identify(src/mecanum_odometry) by extension 'colcon_pkg'
[1.940s] Level 1:colcon.colcon_core.package_identification:_identify(src/mecanum_odometry) by extensions ['colcon_meta']
[1.940s] Level 1:colcon.colcon_core.package_identification:_identify(src/mecanum_odometry) by extension 'colcon_meta'
[1.940s] Level 1:colcon.colcon_core.package_identification:_identify(src/mecanum_odometry) by extensions ['ros']
[1.941s] Level 1:colcon.colcon_core.package_identification:_identify(src/mecanum_odometry) by extension 'ros'
[1.943s] DEBUG:colcon.colcon_core.package_identification:Package 'src/mecanum_odometry' with type 'ros.ament_python' and name 'mecanum_odometry'
[1.944s] Level 1:colcon.colcon_core.package_identification:_identify(src/mobile_description) by extensions ['ignore', 'ignore_ament_install']
[1.944s] Level 1:colcon.colcon_core.package_identification:_identify(src/mobile_description) by extension 'ignore'
[1.944s] Level 1:colcon.colcon_core.package_identification:_identify(src/mobile_description) by extension 'ignore_ament_install'
[1.945s] Level 1:colcon.colcon_core.package_identification:_identify(src/mobile_description) by extensions ['colcon_pkg']
[1.945s] Level 1:colcon.colcon_core.package_identification:_identify(src/mobile_description) by extension 'colcon_pkg'
[1.945s] Level 1:colcon.colcon_core.package_identification:_identify(src/mobile_description) by extensions ['colcon_meta']
[1.945s] Level 1:colcon.colcon_core.package_identification:_identify(src/mobile_description) by extension 'colcon_meta'
[1.945s] Level 1:colcon.colcon_core.package_identification:_identify(src/mobile_description) by extensions ['ros']
[1.945s] Level 1:colcon.colcon_core.package_identification:_identify(src/mobile_description) by extension 'ros'
[1.950s] DEBUG:colcon.colcon_core.package_identification:Package 'src/mobile_description' with type 'ros.ament_python' and name 'mobile_description'
[1.950s] Level 1:colcon.colcon_core.package_identification:_identify(src/motor_control) by extensions ['ignore', 'ignore_ament_install']
[1.950s] Level 1:colcon.colcon_core.package_identification:_identify(src/motor_control) by extension 'ignore'
[1.951s] Level 1:colcon.colcon_core.package_identification:_identify(src/motor_control) by extension 'ignore_ament_install'
[1.951s] Level 1:colcon.colcon_core.package_identification:_identify(src/motor_control) by extensions ['colcon_pkg']
[1.951s] Level 1:colcon.colcon_core.package_identification:_identify(src/motor_control) by extension 'colcon_pkg'
[1.951s] Level 1:colcon.colcon_core.package_identification:_identify(src/motor_control) by extensions ['colcon_meta']
[1.951s] Level 1:colcon.colcon_core.package_identification:_identify(src/motor_control) by extension 'colcon_meta'
[1.952s] Level 1:colcon.colcon_core.package_identification:_identify(src/motor_control) by extensions ['ros']
[1.952s] Level 1:colcon.colcon_core.package_identification:_identify(src/motor_control) by extension 'ros'
[1.954s] DEBUG:colcon.colcon_core.package_identification:Package 'src/motor_control' with type 'ros.ament_python' and name 'motor_control'
[1.955s] Level 1:colcon.colcon_core.package_identification:_identify(src/stella_ahrs) by extensions ['ignore', 'ignore_ament_install']
[1.955s] Level 1:colcon.colcon_core.package_identification:_identify(src/stella_ahrs) by extension 'ignore'
[1.955s] Level 1:colcon.colcon_core.package_identification:_identify(src/stella_ahrs) by extension 'ignore_ament_install'
[1.955s] Level 1:colcon.colcon_core.package_identification:_identify(src/stella_ahrs) by extensions ['colcon_pkg']
[1.956s] Level 1:colcon.colcon_core.package_identification:_identify(src/stella_ahrs) by extension 'colcon_pkg'
[1.956s] Level 1:colcon.colcon_core.package_identification:_identify(src/stella_ahrs) by extensions ['colcon_meta']
[1.956s] Level 1:colcon.colcon_core.package_identification:_identify(src/stella_ahrs) by extension 'colcon_meta'
[1.956s] Level 1:colcon.colcon_core.package_identification:_identify(src/stella_ahrs) by extensions ['ros']
[1.956s] Level 1:colcon.colcon_core.package_identification:_identify(src/stella_ahrs) by extension 'ros'
[1.961s] DEBUG:colcon.colcon_core.package_identification:Package 'src/stella_ahrs' with type 'ros.ament_cmake' and name 'stella_ahrs'
[1.961s] Level 1:colcon.colcon_core.package_identification:_identify(src/teleop_keyboard) by extensions ['ignore', 'ignore_ament_install']
[1.962s] Level 1:colcon.colcon_core.package_identification:_identify(src/teleop_keyboard) by extension 'ignore'
[1.962s] Level 1:colcon.colcon_core.package_identification:_identify(src/teleop_keyboard) by extension 'ignore_ament_install'
[1.962s] Level 1:colcon.colcon_core.package_identification:_identify(src/teleop_keyboard) by extensions ['colcon_pkg']
[1.962s] Level 1:colcon.colcon_core.package_identification:_identify(src/teleop_keyboard) by extension 'colcon_pkg'
[1.962s] Level 1:colcon.colcon_core.package_identification:_identify(src/teleop_keyboard) by extensions ['colcon_meta']
[1.963s] Level 1:colcon.colcon_core.package_identification:_identify(src/teleop_keyboard) by extension 'colcon_meta'
[1.963s] Level 1:colcon.colcon_core.package_identification:_identify(src/teleop_keyboard) by extensions ['ros']
[1.963s] Level 1:colcon.colcon_core.package_identification:_identify(src/teleop_keyboard) by extension 'ros'
[1.965s] DEBUG:colcon.colcon_core.package_identification:Package 'src/teleop_keyboard' with type 'ros.ament_python' and name 'teleop_keyboard'
[1.966s] Level 1:colcon.colcon_core.package_identification:_identify(src/ydlidar_ros2_driver) by extensions ['ignore', 'ignore_ament_install']
[1.966s] Level 1:colcon.colcon_core.package_identification:_identify(src/ydlidar_ros2_driver) by extension 'ignore'
[1.966s] Level 1:colcon.colcon_core.package_identification:_identify(src/ydlidar_ros2_driver) by extension 'ignore_ament_install'
[1.967s] Level 1:colcon.colcon_core.package_identification:_identify(src/ydlidar_ros2_driver) by extensions ['colcon_pkg']
[1.967s] Level 1:colcon.colcon_core.package_identification:_identify(src/ydlidar_ros2_driver) by extension 'colcon_pkg'
[1.967s] Level 1:colcon.colcon_core.package_identification:_identify(src/ydlidar_ros2_driver) by extensions ['colcon_meta']
[1.967s] Level 1:colcon.colcon_core.package_identification:_identify(src/ydlidar_ros2_driver) by extension 'colcon_meta'
[1.967s] Level 1:colcon.colcon_core.package_identification:_identify(src/ydlidar_ros2_driver) by extensions ['ros']
[1.968s] Level 1:colcon.colcon_core.package_identification:_identify(src/ydlidar_ros2_driver) by extension 'ros'
[1.970s] DEBUG:colcon.colcon_core.package_identification:Package 'src/ydlidar_ros2_driver' with type 'ros.ament_cmake' and name 'ydlidar_ros2_driver'
[1.971s] Level 1:colcon.colcon_core.package_discovery:discover_packages(recursive) using defaults
[1.971s] Level 1:colcon.colcon_core.package_discovery:discover_packages(ignore) discover
[1.971s] Level 1:colcon.colcon_core.package_discovery:discover_packages(ignore) using defaults
[1.971s] Level 1:colcon.colcon_core.package_discovery:discover_packages(path) discover
[1.971s] Level 1:colcon.colcon_core.package_discovery:discover_packages(path) using defaults
[2.078s] Level 1:colcon.colcon_core.package_discovery:discover_packages(prefix_path) check parameters
[2.079s] Level 1:colcon.colcon_core.package_discovery:discover_packages(prefix_path) discover
[2.093s] DEBUG:colcon.colcon_installed_package_information.package_discovery:Found 7 installed packages in /home/jetson/mecanum-ros2/install
[2.103s] DEBUG:colcon.colcon_installed_package_information.package_discovery:Found 268 installed packages in /opt/ros/galactic
[2.111s] Level 1:colcon.colcon_core.package_discovery:discover_packages(prefix_path) using defaults
[2.461s] Level 5:colcon.colcon_core.verb:set package 'mecanum_bringup' build argument 'cmake_args' from command line to 'None'
[2.461s] Level 5:colcon.colcon_core.verb:set package 'mecanum_bringup' build argument 'cmake_target' from command line to 'None'
[2.461s] Level 5:colcon.colcon_core.verb:set package 'mecanum_bringup' build argument 'cmake_target_skip_unavailable' from command line to 'False'
[2.461s] Level 5:colcon.colcon_core.verb:set package 'mecanum_bringup' build argument 'cmake_clean_cache' from command line to 'False'
[2.461s] Level 5:colcon.colcon_core.verb:set package 'mecanum_bringup' build argument 'cmake_clean_first' from command line to 'False'
[2.461s] Level 5:colcon.colcon_core.verb:set package 'mecanum_bringup' build argument 'cmake_force_configure' from command line to 'False'
[2.461s] Level 5:colcon.colcon_core.verb:set package 'mecanum_bringup' build argument 'ament_cmake_args' from command line to 'None'
[2.462s] Level 5:colcon.colcon_core.verb:set package 'mecanum_bringup' build argument 'catkin_cmake_args' from command line to 'None'
[2.462s] Level 5:colcon.colcon_core.verb:set package 'mecanum_bringup' build argument 'catkin_skip_building_tests' from command line to 'False'
[2.462s] DEBUG:colcon.colcon_core.verb:Building package 'mecanum_bringup' with the following arguments: {'ament_cmake_args': None, 'build_base': '/home/jetson/mecanum-ros2/build/mecanum_bringup', 'catkin_cmake_args': None, 'catkin_skip_building_tests': False, 'cmake_args': None, 'cmake_clean_cache': False, 'cmake_clean_first': False, 'cmake_force_configure': False, 'cmake_target': None, 'cmake_target_skip_unavailable': False, 'install_base': '/home/jetson/mecanum-ros2/install/mecanum_bringup', 'merge_install': False, 'path': '/home/jetson/mecanum-ros2/src/mecanum_bringup', 'symlink_install': False, 'test_result_base': None}
[2.468s] Level 5:colcon.colcon_core.verb:set package 'mecanum_odometry' build argument 'cmake_args' from command line to 'None'
[2.468s] Level 5:colcon.colcon_core.verb:set package 'mecanum_odometry' build argument 'cmake_target' from command line to 'None'
[2.468s] Level 5:colcon.colcon_core.verb:set package 'mecanum_odometry' build argument 'cmake_target_skip_unavailable' from command line to 'False'
[2.469s] Level 5:colcon.colcon_core.verb:set package 'mecanum_odometry' build argument 'cmake_clean_cache' from command line to 'False'
[2.469s] Level 5:colcon.colcon_core.verb:set package 'mecanum_odometry' build argument 'cmake_clean_first' from command line to 'False'
[2.469s] Level 5:colcon.colcon_core.verb:set package 'mecanum_odometry' build argument 'cmake_force_configure' from command line to 'False'
[2.469s] Level 5:colcon.colcon_core.verb:set package 'mecanum_odometry' build argument 'ament_cmake_args' from command line to 'None'
[2.469s] Level 5:colcon.colcon_core.verb:set package 'mecanum_odometry' build argument 'catkin_cmake_args' from command line to 'None'
[2.469s] Level 5:colcon.colcon_core.verb:set package 'mecanum_odometry' build argument 'catkin_skip_building_tests' from command line to 'False'
[2.469s] DEBUG:colcon.colcon_core.verb:Building package 'mecanum_odometry' with the following arguments: {'ament_cmake_args': None, 'build_base': '/home/jetson/mecanum-ros2/build/mecanum_odometry', 'catkin_cmake_args': None, 'catkin_skip_building_tests': False, 'cmake_args': None, 'cmake_clean_cache': False, 'cmake_clean_first': False, 'cmake_force_configure': False, 'cmake_target': None, 'cmake_target_skip_unavailable': False, 'install_base': '/home/jetson/mecanum-ros2/install/mecanum_odometry', 'merge_install': False, 'path': '/home/jetson/mecanum-ros2/src/mecanum_odometry', 'symlink_install': False, 'test_result_base': None}
[2.475s] Level 5:colcon.colcon_core.verb:set package 'mobile_description' build argument 'cmake_args' from command line to 'None'
[2.475s] Level 5:colcon.colcon_core.verb:set package 'mobile_description' build argument 'cmake_target' from command line to 'None'
[2.475s] Level 5:colcon.colcon_core.verb:set package 'mobile_description' build argument 'cmake_target_skip_unavailable' from command line to 'False'
[2.475s] Level 5:colcon.colcon_core.verb:set package 'mobile_description' build argument 'cmake_clean_cache' from command line to 'False'
[2.476s] Level 5:colcon.colcon_core.verb:set package 'mobile_description' build argument 'cmake_clean_first' from command line to 'False'
[2.476s] Level 5:colcon.colcon_core.verb:set package 'mobile_description' build argument 'cmake_force_configure' from command line to 'False'
[2.476s] Level 5:colcon.colcon_core.verb:set package 'mobile_description' build argument 'ament_cmake_args' from command line to 'None'
[2.476s] Level 5:colcon.colcon_core.verb:set package 'mobile_description' build argument 'catkin_cmake_args' from command line to 'None'
[2.476s] Level 5:colcon.colcon_core.verb:set package 'mobile_description' build argument 'catkin_skip_building_tests' from command line to 'False'
[2.476s] DEBUG:colcon.colcon_core.verb:Building package 'mobile_description' with the following arguments: {'ament_cmake_args': None, 'build_base': '/home/jetson/mecanum-ros2/build/mobile_description', 'catkin_cmake_args': None, 'catkin_skip_building_tests': False, 'cmake_args': None, 'cmake_clean_cache': False, 'cmake_clean_first': False, 'cmake_force_configure': False, 'cmake_target': None, 'cmake_target_skip_unavailable': False, 'install_base': '/home/jetson/mecanum-ros2/install/mobile_description', 'merge_install': False, 'path': '/home/jetson/mecanum-ros2/src/mobile_description', 'symlink_install': False, 'test_result_base': None}
[2.482s] Level 5:colcon.colcon_core.verb:set package 'motor_control' build argument 'cmake_args' from command line to 'None'
[2.482s] Level 5:colcon.colcon_core.verb:set package 'motor_control' build argument 'cmake_target' from command line to 'None'
[2.482s] Level 5:colcon.colcon_core.verb:set package 'motor_control' build argument 'cmake_target_skip_unavailable' from command line to 'False'
[2.482s] Level 5:colcon.colcon_core.verb:set package 'motor_control' build argument 'cmake_clean_cache' from command line to 'False'
[2.482s] Level 5:colcon.colcon_core.verb:set package 'motor_control' build argument 'cmake_clean_first' from command line to 'False'
[2.482s] Level 5:colcon.colcon_core.verb:set package 'motor_control' build argument 'cmake_force_configure' from command line to 'False'
[2.482s] Level 5:colcon.colcon_core.verb:set package 'motor_control' build argument 'ament_cmake_args' from command line to 'None'
[2.483s] Level 5:colcon.colcon_core.verb:set package 'motor_control' build argument 'catkin_cmake_args' from command line to 'None'
[2.483s] Level 5:colcon.colcon_core.verb:set package 'motor_control' build argument 'catkin_skip_building_tests' from command line to 'False'
[2.483s] DEBUG:colcon.colcon_core.verb:Building package 'motor_control' with the following arguments: {'ament_cmake_args': None, 'build_base': '/home/jetson/mecanum-ros2/build/motor_control', 'catkin_cmake_args': None, 'catkin_skip_building_tests': False, 'cmake_args': None, 'cmake_clean_cache': False, 'cmake_clean_first': False, 'cmake_force_configure': False, 'cmake_target': None, 'cmake_target_skip_unavailable': False, 'install_base': '/home/jetson/mecanum-ros2/install/motor_control', 'merge_install': False, 'path': '/home/jetson/mecanum-ros2/src/motor_control', 'symlink_install': False, 'test_result_base': None}
[2.488s] Level 5:colcon.colcon_core.verb:set package 'stella_ahrs' build argument 'cmake_args' from command line to 'None'
[2.488s] Level 5:colcon.colcon_core.verb:set package 'stella_ahrs' build argument 'cmake_target' from command line to 'None'
[2.489s] Level 5:colcon.colcon_core.verb:set package 'stella_ahrs' build argument 'cmake_target_skip_unavailable' from command line to 'False'
[2.489s] Level 5:colcon.colcon_core.verb:set package 'stella_ahrs' build argument 'cmake_clean_cache' from command line to 'False'
[2.489s] Level 5:colcon.colcon_core.verb:set package 'stella_ahrs' build argument 'cmake_clean_first' from command line to 'False'
[2.489s] Level 5:colcon.colcon_core.verb:set package 'stella_ahrs' build argument 'cmake_force_configure' from command line to 'False'
[2.489s] Level 5:colcon.colcon_core.verb:set package 'stella_ahrs' build argument 'ament_cmake_args' from command line to 'None'
[2.489s] Level 5:colcon.colcon_core.verb:set package 'stella_ahrs' build argument 'catkin_cmake_args' from command line to 'None'
[2.489s] Level 5:colcon.colcon_core.verb:set package 'stella_ahrs' build argument 'catkin_skip_building_tests' from command line to 'False'
[2.489s] DEBUG:colcon.colcon_core.verb:Building package 'stella_ahrs' with the following arguments: {'ament_cmake_args': None, 'build_base': '/home/jetson/mecanum-ros2/build/stella_ahrs', 'catkin_cmake_args': None, 'catkin_skip_building_tests': False, 'cmake_args': None, 'cmake_clean_cache': False, 'cmake_clean_first': False, 'cmake_force_configure': False, 'cmake_target': None, 'cmake_target_skip_unavailable': False, 'install_base': '/home/jetson/mecanum-ros2/install/stella_ahrs', 'merge_install': False, 'path': '/home/jetson/mecanum-ros2/src/stella_ahrs', 'symlink_install': False, 'test_result_base': None}
[2.495s] Level 5:colcon.colcon_core.verb:set package 'teleop_keyboard' build argument 'cmake_args' from command line to 'None'
[2.495s] Level 5:colcon.colcon_core.verb:set package 'teleop_keyboard' build argument 'cmake_target' from command line to 'None'
[2.495s] Level 5:colcon.colcon_core.verb:set package 'teleop_keyboard' build argument 'cmake_target_skip_unavailable' from command line to 'False'
[2.495s] Level 5:colcon.colcon_core.verb:set package 'teleop_keyboard' build argument 'cmake_clean_cache' from command line to 'False'
[2.495s] Level 5:colcon.colcon_core.verb:set package 'teleop_keyboard' build argument 'cmake_clean_first' from command line to 'False'
[2.495s] Level 5:colcon.colcon_core.verb:set package 'teleop_keyboard' build argument 'cmake_force_configure' from command line to 'False'
[2.496s] Level 5:colcon.colcon_core.verb:set package 'teleop_keyboard' build argument 'ament_cmake_args' from command line to 'None'
[2.496s] Level 5:colcon.colcon_core.verb:set package 'teleop_keyboard' build argument 'catkin_cmake_args' from command line to 'None'
[2.496s] Level 5:colcon.colcon_core.verb:set package 'teleop_keyboard' build argument 'catkin_skip_building_tests' from command line to 'False'
[2.496s] DEBUG:colcon.colcon_core.verb:Building package 'teleop_keyboard' with the following arguments: {'ament_cmake_args': None, 'build_base': '/home/jetson/mecanum-ros2/build/teleop_keyboard', 'catkin_cmake_args': None, 'catkin_skip_building_tests': False, 'cmake_args': None, 'cmake_clean_cache': False, 'cmake_clean_first': False, 'cmake_force_configure': False, 'cmake_target': None, 'cmake_target_skip_unavailable': False, 'install_base': '/home/jetson/mecanum-ros2/install/teleop_keyboard', 'merge_install': False, 'path': '/home/jetson/mecanum-ros2/src/teleop_keyboard', 'symlink_install': False, 'test_result_base': None}
[2.501s] Level 5:colcon.colcon_core.verb:set package 'ydlidar_ros2_driver' build argument 'cmake_args' from command line to 'None'
[2.501s] Level 5:colcon.colcon_core.verb:set package 'ydlidar_ros2_driver' build argument 'cmake_target' from command line to 'None'
[2.502s] Level 5:colcon.colcon_core.verb:set package 'ydlidar_ros2_driver' build argument 'cmake_target_skip_unavailable' from command line to 'False'
[2.502s] Level 5:colcon.colcon_core.verb:set package 'ydlidar_ros2_driver' build argument 'cmake_clean_cache' from command line to 'False'
[2.502s] Level 5:colcon.colcon_core.verb:set package 'ydlidar_ros2_driver' build argument 'cmake_clean_first' from command line to 'False'
[2.502s] Level 5:colcon.colcon_core.verb:set package 'ydlidar_ros2_driver' build argument 'cmake_force_configure' from command line to 'False'
[2.502s] Level 5:colcon.colcon_core.verb:set package 'ydlidar_ros2_driver' build argument 'ament_cmake_args' from command line to 'None'
[2.502s] Level 5:colcon.colcon_core.verb:set package 'ydlidar_ros2_driver' build argument 'catkin_cmake_args' from command line to 'None'
[2.502s] Level 5:colcon.colcon_core.verb:set package 'ydlidar_ros2_driver' build argument 'catkin_skip_building_tests' from command line to 'False'
[2.502s] DEBUG:colcon.colcon_core.verb:Building package 'ydlidar_ros2_driver' with the following arguments: {'ament_cmake_args': None, 'build_base': '/home/jetson/mecanum-ros2/build/ydlidar_ros2_driver', 'catkin_cmake_args': None, 'catkin_skip_building_tests': False, 'cmake_args': None, 'cmake_clean_cache': False, 'cmake_clean_first': False, 'cmake_force_configure': False, 'cmake_target': None, 'cmake_target_skip_unavailable': False, 'install_base': '/home/jetson/mecanum-ros2/install/ydlidar_ros2_driver', 'merge_install': False, 'path': '/home/jetson/mecanum-ros2/src/ydlidar_ros2_driver', 'symlink_install': False, 'test_result_base': None}
[2.506s] INFO:colcon.colcon_core.executor:Executing jobs using 'parallel' executor
[2.525s] DEBUG:colcon.colcon_parallel_executor.executor.parallel:run_until_complete
[2.526s] INFO:colcon.colcon_ros.task.ament_cmake.build:Building ROS package in '/home/jetson/mecanum-ros2/src/mecanum_bringup' with build type 'ament_cmake'
[2.527s] INFO:colcon.colcon_cmake.task.cmake.build:Building CMake package in '/home/jetson/mecanum-ros2/src/mecanum_bringup'
[2.548s] INFO:colcon.colcon_core.plugin_system:Skipping extension 'colcon_core.shell.bat': Not used on non-Windows systems
[2.549s] INFO:colcon.colcon_core.shell:Skip shell extension 'powershell' for command environment: Not usable outside of PowerShell
[2.549s] DEBUG:colcon.colcon_core.shell:Skip shell extension 'dsv' for command environment
[2.578s] INFO:colcon.colcon_ros.task.ament_python.build:Building ROS package in '/home/jetson/mecanum-ros2/src/mecanum_odometry' with build type 'ament_python'
[2.579s] Level 1:colcon.colcon_core.shell:create_environment_hook('mecanum_odometry', 'ament_prefix_path')
[2.588s] INFO:colcon.colcon_core.shell:Creating environment hook '/home/jetson/mecanum-ros2/install/mecanum_odometry/share/mecanum_odometry/hook/ament_prefix_path.ps1'
[2.591s] INFO:colcon.colcon_core.shell:Creating environment descriptor '/home/jetson/mecanum-ros2/install/mecanum_odometry/share/mecanum_odometry/hook/ament_prefix_path.dsv'
[2.593s] INFO:colcon.colcon_core.shell:Creating environment hook '/home/jetson/mecanum-ros2/install/mecanum_odometry/share/mecanum_odometry/hook/ament_prefix_path.sh'
[2.604s] INFO:colcon.colcon_core.shell:Skip shell extension 'powershell' for command environment: Not usable outside of PowerShell
[2.604s] DEBUG:colcon.colcon_core.shell:Skip shell extension 'dsv' for command environment
[2.633s] INFO:colcon.colcon_ros.task.ament_python.build:Building ROS package in '/home/jetson/mecanum-ros2/src/mobile_description' with build type 'ament_python'
[2.634s] Level 1:colcon.colcon_core.shell:create_environment_hook('mobile_description', 'ament_prefix_path')
[2.643s] INFO:colcon.colcon_core.shell:Creating environment hook '/home/jetson/mecanum-ros2/install/mobile_description/share/mobile_description/hook/ament_prefix_path.ps1'
[2.646s] INFO:colcon.colcon_core.shell:Creating environment descriptor '/home/jetson/mecanum-ros2/install/mobile_description/share/mobile_description/hook/ament_prefix_path.dsv'
[2.648s] INFO:colcon.colcon_core.shell:Creating environment hook '/home/jetson/mecanum-ros2/install/mobile_description/share/mobile_description/hook/ament_prefix_path.sh'
[2.657s] INFO:colcon.colcon_core.shell:Skip shell extension 'powershell' for command environment: Not usable outside of PowerShell
[2.657s] DEBUG:colcon.colcon_core.shell:Skip shell extension 'dsv' for command environment
[2.686s] INFO:colcon.colcon_ros.task.ament_python.build:Building ROS package in '/home/jetson/mecanum-ros2/src/motor_control' with build type 'ament_python'
[2.687s] Level 1:colcon.colcon_core.shell:create_environment_hook('motor_control', 'ament_prefix_path')
[2.697s] INFO:colcon.colcon_core.shell:Creating environment hook '/home/jetson/mecanum-ros2/install/motor_control/share/motor_control/hook/ament_prefix_path.ps1'
[2.700s] INFO:colcon.colcon_core.shell:Creating environment descriptor '/home/jetson/mecanum-ros2/install/motor_control/share/motor_control/hook/ament_prefix_path.dsv'
[2.701s] INFO:colcon.colcon_core.shell:Creating environment hook '/home/jetson/mecanum-ros2/install/motor_control/share/motor_control/hook/ament_prefix_path.sh'
[2.711s] INFO:colcon.colcon_core.shell:Skip shell extension 'powershell' for command environment: Not usable outside of PowerShell
[2.711s] DEBUG:colcon.colcon_core.shell:Skip shell extension 'dsv' for command environment
[2.758s] DEBUG:colcon.colcon_core.event_handler.log_command:Invoking command in '/home/jetson/mecanum-ros2/build/mecanum_bringup': CMAKE_PREFIX_PATH=${CMAKE_PREFIX_PATH}:/home/jetson/mecanum-ros2/install/teleop_keyboard:/home/jetson/mecanum-ros2/install/motor_control:/home/jetson/mecanum-ros2/install/mobile_description:/home/jetson/mecanum-ros2/install/mecanum_odometry:/opt/ros/galactic /usr/bin/cmake --build /home/jetson/mecanum-ros2/build/mecanum_bringup -- -j4 -l4
[4.073s] INFO:colcon.colcon_core.task.python.build:Building Python package in '/home/jetson/mecanum-ros2/src/mecanum_odometry'
[4.082s] INFO:colcon.colcon_core.shell:Skip shell extension 'powershell' for command environment: Not usable outside of PowerShell
[4.082s] DEBUG:colcon.colcon_core.shell:Skip shell extension 'dsv' for command environment
[5.384s] INFO:colcon.colcon_core.task.python.build:Building Python package in '/home/jetson/mecanum-ros2/src/mobile_description'
[5.394s] INFO:colcon.colcon_core.shell:Skip shell extension 'powershell' for command environment: Not usable outside of PowerShell
[5.394s] DEBUG:colcon.colcon_core.shell:Skip shell extension 'dsv' for command environment
[6.699s] INFO:colcon.colcon_core.task.python.build:Building Python package in '/home/jetson/mecanum-ros2/src/motor_control'
[6.708s] INFO:colcon.colcon_core.shell:Skip shell extension 'powershell' for command environment: Not usable outside of PowerShell
[6.708s] DEBUG:colcon.colcon_core.shell:Skip shell extension 'dsv' for command environment
[6.746s] DEBUG:colcon.colcon_core.event_handler.log_command:Invoked command in '/home/jetson/mecanum-ros2/build/mecanum_bringup' returned '0': CMAKE_PREFIX_PATH=${CMAKE_PREFIX_PATH}:/home/jetson/mecanum-ros2/install/teleop_keyboard:/home/jetson/mecanum-ros2/install/motor_control:/home/jetson/mecanum-ros2/install/mobile_description:/home/jetson/mecanum-ros2/install/mecanum_odometry:/opt/ros/galactic /usr/bin/cmake --build /home/jetson/mecanum-ros2/build/mecanum_bringup -- -j4 -l4
[6.899s] DEBUG:colcon.colcon_core.event_handler.log_command:Invoking command in '/home/jetson/mecanum-ros2/build/mecanum_bringup': CMAKE_PREFIX_PATH=${CMAKE_PREFIX_PATH}:/home/jetson/mecanum-ros2/install/teleop_keyboard:/home/jetson/mecanum-ros2/install/motor_control:/home/jetson/mecanum-ros2/install/mobile_description:/home/jetson/mecanum-ros2/install/mecanum_odometry:/opt/ros/galactic /usr/bin/cmake --install /home/jetson/mecanum-ros2/build/mecanum_bringup
[6.951s] Level 1:colcon.colcon_core.environment:create_environment_scripts_only(mecanum_bringup)
[6.968s] DEBUG:colcon.colcon_core.event_handler.log_command:Invoked command in '/home/jetson/mecanum-ros2/build/mecanum_bringup' returned '0': CMAKE_PREFIX_PATH=${CMAKE_PREFIX_PATH}:/home/jetson/mecanum-ros2/install/teleop_keyboard:/home/jetson/mecanum-ros2/install/motor_control:/home/jetson/mecanum-ros2/install/mobile_description:/home/jetson/mecanum-ros2/install/mecanum_odometry:/opt/ros/galactic /usr/bin/cmake --install /home/jetson/mecanum-ros2/build/mecanum_bringup
[6.987s] Level 1:colcon.colcon_core.environment:checking '/home/jetson/mecanum-ros2/install/mecanum_bringup' for CMake module files
[6.990s] Level 1:colcon.colcon_core.environment:checking '/home/jetson/mecanum-ros2/install/mecanum_bringup' for CMake config files
[6.991s] Level 1:colcon.colcon_core.shell:create_environment_hook('mecanum_bringup', 'cmake_prefix_path')
[7.000s] INFO:colcon.colcon_core.shell:Creating environment hook '/home/jetson/mecanum-ros2/install/mecanum_bringup/share/mecanum_bringup/hook/cmake_prefix_path.ps1'
[7.002s] INFO:colcon.colcon_core.shell:Creating environment descriptor '/home/jetson/mecanum-ros2/install/mecanum_bringup/share/mecanum_bringup/hook/cmake_prefix_path.dsv'
[7.004s] INFO:colcon.colcon_core.shell:Creating environment hook '/home/jetson/mecanum-ros2/install/mecanum_bringup/share/mecanum_bringup/hook/cmake_prefix_path.sh'
[7.007s] Level 1:colcon.colcon_core.environment:checking '/home/jetson/mecanum-ros2/install/mecanum_bringup/bin'
[7.007s] Level 1:colcon.colcon_core.environment:checking '/home/jetson/mecanum-ros2/install/mecanum_bringup/lib/pkgconfig/mecanum_bringup.pc'
[7.008s] Level 1:colcon.colcon_core.environment:checking '/home/jetson/mecanum-ros2/install/mecanum_bringup/lib/python3.8/site-packages'
[7.009s] Level 1:colcon.colcon_core.environment:checking '/home/jetson/mecanum-ros2/install/mecanum_bringup/bin'
[7.019s] INFO:colcon.colcon_core.shell:Creating package script '/home/jetson/mecanum-ros2/install/mecanum_bringup/share/mecanum_bringup/package.ps1'
[7.023s] INFO:colcon.colcon_core.shell:Creating package descriptor '/home/jetson/mecanum-ros2/install/mecanum_bringup/share/mecanum_bringup/package.dsv'
[7.026s] INFO:colcon.colcon_core.shell:Creating package script '/home/jetson/mecanum-ros2/install/mecanum_bringup/share/mecanum_bringup/package.sh'
[7.030s] INFO:colcon.colcon_core.shell:Creating package script '/home/jetson/mecanum-ros2/install/mecanum_bringup/share/mecanum_bringup/package.bash'
[7.034s] INFO:colcon.colcon_core.shell:Creating package script '/home/jetson/mecanum-ros2/install/mecanum_bringup/share/mecanum_bringup/package.zsh'
[7.037s] Level 1:colcon.colcon_core.environment:create_file_with_runtime_dependencies(/home/jetson/mecanum-ros2/install/mecanum_bringup/share/colcon-core/packages/mecanum_bringup)
[7.139s] Level 1:colcon.colcon_core.environment:create_environment_scripts_only(mecanum_bringup)
[7.153s] Level 1:colcon.colcon_core.environment:checking '/home/jetson/mecanum-ros2/install/mecanum_bringup' for CMake module files
[7.156s] Level 1:colcon.colcon_core.environment:checking '/home/jetson/mecanum-ros2/install/mecanum_bringup' for CMake config files
[7.157s] Level 1:colcon.colcon_core.shell:create_environment_hook('mecanum_bringup', 'cmake_prefix_path')
[7.166s] INFO:colcon.colcon_core.shell:Creating environment hook '/home/jetson/mecanum-ros2/install/mecanum_bringup/share/mecanum_bringup/hook/cmake_prefix_path.ps1'
[7.169s] INFO:colcon.colcon_core.shell:Creating environment descriptor '/home/jetson/mecanum-ros2/install/mecanum_bringup/share/mecanum_bringup/hook/cmake_prefix_path.dsv'
[7.171s] INFO:colcon.colcon_core.shell:Creating environment hook '/home/jetson/mecanum-ros2/install/mecanum_bringup/share/mecanum_bringup/hook/cmake_prefix_path.sh'
[7.173s] Level 1:colcon.colcon_core.environment:checking '/home/jetson/mecanum-ros2/install/mecanum_bringup/bin'
[7.174s] Level 1:colcon.colcon_core.environment:checking '/home/jetson/mecanum-ros2/install/mecanum_bringup/lib/pkgconfig/mecanum_bringup.pc'
[7.175s] Level 1:colcon.colcon_core.environment:checking '/home/jetson/mecanum-ros2/install/mecanum_bringup/lib/python3.8/site-packages'
[7.176s] Level 1:colcon.colcon_core.environment:checking '/home/jetson/mecanum-ros2/install/mecanum_bringup/bin'
[7.186s] INFO:colcon.colcon_core.shell:Creating package script '/home/jetson/mecanum-ros2/install/mecanum_bringup/share/mecanum_bringup/package.ps1'
[7.188s] INFO:colcon.colcon_core.shell:Creating package descriptor '/home/jetson/mecanum-ros2/install/mecanum_bringup/share/mecanum_bringup/package.dsv'
[7.191s] INFO:colcon.colcon_core.shell:Creating package script '/home/jetson/mecanum-ros2/install/mecanum_bringup/share/mecanum_bringup/package.sh'
[7.193s] INFO:colcon.colcon_core.shell:Creating package script '/home/jetson/mecanum-ros2/install/mecanum_bringup/share/mecanum_bringup/package.bash'
[7.195s] INFO:colcon.colcon_core.shell:Creating package script '/home/jetson/mecanum-ros2/install/mecanum_bringup/share/mecanum_bringup/package.zsh'
[7.196s] Level 1:colcon.colcon_core.environment:create_file_with_runtime_dependencies(/home/jetson/mecanum-ros2/install/mecanum_bringup/share/colcon-core/packages/mecanum_bringup)
[7.201s] INFO:colcon.colcon_ros.task.ament_cmake.build:Building ROS package in '/home/jetson/mecanum-ros2/src/stella_ahrs' with build type 'ament_cmake'
[7.202s] INFO:colcon.colcon_cmake.task.cmake.build:Building CMake package in '/home/jetson/mecanum-ros2/src/stella_ahrs'
[7.212s] INFO:colcon.colcon_core.shell:Skip shell extension 'powershell' for command environment: Not usable outside of PowerShell
[7.212s] DEBUG:colcon.colcon_core.shell:Skip shell extension 'dsv' for command environment
[7.265s] DEBUG:colcon.colcon_core.event_handler.log_command:Invoking command in '/home/jetson/mecanum-ros2/build/stella_ahrs': CMAKE_PREFIX_PATH=${CMAKE_PREFIX_PATH}:/home/jetson/mecanum-ros2/install/teleop_keyboard:/home/jetson/mecanum-ros2/install/motor_control:/home/jetson/mecanum-ros2/install/mobile_description:/home/jetson/mecanum-ros2/install/mecanum_odometry:/opt/ros/galactic /usr/bin/cmake --build /home/jetson/mecanum-ros2/build/stella_ahrs -- -j4 -l4
[7.577s] DEBUG:colcon.colcon_core.event_handler.log_command:Invoked command in '/home/jetson/mecanum-ros2/build/stella_ahrs' returned '0': CMAKE_PREFIX_PATH=${CMAKE_PREFIX_PATH}:/home/jetson/mecanum-ros2/install/teleop_keyboard:/home/jetson/mecanum-ros2/install/motor_control:/home/jetson/mecanum-ros2/install/mobile_description:/home/jetson/mecanum-ros2/install/mecanum_odometry:/opt/ros/galactic /usr/bin/cmake --build /home/jetson/mecanum-ros2/build/stella_ahrs -- -j4 -l4
[7.707s] DEBUG:colcon.colcon_core.event_handler.log_command:Invoking command in '/home/jetson/mecanum-ros2/build/stella_ahrs': CMAKE_PREFIX_PATH=${CMAKE_PREFIX_PATH}:/home/jetson/mecanum-ros2/install/teleop_keyboard:/home/jetson/mecanum-ros2/install/motor_control:/home/jetson/mecanum-ros2/install/mobile_description:/home/jetson/mecanum-ros2/install/mecanum_odometry:/opt/ros/galactic /usr/bin/cmake --install /home/jetson/mecanum-ros2/build/stella_ahrs
[7.775s] Level 1:colcon.colcon_core.environment:create_environment_scripts_only(stella_ahrs)
[7.787s] DEBUG:colcon.colcon_core.event_handler.log_command:Invoked command in '/home/jetson/mecanum-ros2/build/stella_ahrs' returned '0': CMAKE_PREFIX_PATH=${CMAKE_PREFIX_PATH}:/home/jetson/mecanum-ros2/install/teleop_keyboard:/home/jetson/mecanum-ros2/install/motor_control:/home/jetson/mecanum-ros2/install/mobile_description:/home/jetson/mecanum-ros2/install/mecanum_odometry:/opt/ros/galactic /usr/bin/cmake --install /home/jetson/mecanum-ros2/build/stella_ahrs
[7.792s] Level 1:colcon.colcon_core.environment:checking '/home/jetson/mecanum-ros2/install/stella_ahrs' for CMake module files
[7.794s] Level 1:colcon.colcon_core.environment:checking '/home/jetson/mecanum-ros2/install/stella_ahrs' for CMake config files
[7.795s] Level 1:colcon.colcon_core.shell:create_environment_hook('stella_ahrs', 'cmake_prefix_path')
[7.805s] INFO:colcon.colcon_core.shell:Creating environment hook '/home/jetson/mecanum-ros2/install/stella_ahrs/share/stella_ahrs/hook/cmake_prefix_path.ps1'
[7.807s] INFO:colcon.colcon_core.shell:Creating environment descriptor '/home/jetson/mecanum-ros2/install/stella_ahrs/share/stella_ahrs/hook/cmake_prefix_path.dsv'
[7.808s] INFO:colcon.colcon_core.shell:Creating environment hook '/home/jetson/mecanum-ros2/install/stella_ahrs/share/stella_ahrs/hook/cmake_prefix_path.sh'
[7.811s] Level 1:colcon.colcon_core.environment:checking '/home/jetson/mecanum-ros2/install/stella_ahrs/lib'
[7.812s] Level 1:colcon.colcon_core.environment:checking '/home/jetson/mecanum-ros2/install/stella_ahrs/bin'
[7.813s] Level 1:colcon.colcon_core.environment:checking '/home/jetson/mecanum-ros2/install/stella_ahrs/lib/pkgconfig/stella_ahrs.pc'
[7.814s] Level 1:colcon.colcon_core.environment:checking '/home/jetson/mecanum-ros2/install/stella_ahrs/lib/python3.8/site-packages'
[7.814s] Level 1:colcon.colcon_core.environment:checking '/home/jetson/mecanum-ros2/install/stella_ahrs/bin'
[7.824s] INFO:colcon.colcon_core.shell:Creating package script '/home/jetson/mecanum-ros2/install/stella_ahrs/share/stella_ahrs/package.ps1'
[7.827s] INFO:colcon.colcon_core.shell:Creating package descriptor '/home/jetson/mecanum-ros2/install/stella_ahrs/share/stella_ahrs/package.dsv'
[7.828s] INFO:colcon.colcon_core.shell:Creating package script '/home/jetson/mecanum-ros2/install/stella_ahrs/share/stella_ahrs/package.sh'
[7.830s] INFO:colcon.colcon_core.shell:Creating package script '/home/jetson/mecanum-ros2/install/stella_ahrs/share/stella_ahrs/package.bash'
[7.832s] INFO:colcon.colcon_core.shell:Creating package script '/home/jetson/mecanum-ros2/install/stella_ahrs/share/stella_ahrs/package.zsh'
[7.834s] Level 1:colcon.colcon_core.environment:create_file_with_runtime_dependencies(/home/jetson/mecanum-ros2/install/stella_ahrs/share/colcon-core/packages/stella_ahrs)
[7.977s] Level 1:colcon.colcon_core.environment:create_environment_scripts_only(stella_ahrs)
[7.993s] Level 1:colcon.colcon_core.environment:checking '/home/jetson/mecanum-ros2/install/stella_ahrs' for CMake module files
[7.997s] Level 1:colcon.colcon_core.environment:checking '/home/jetson/mecanum-ros2/install/stella_ahrs' for CMake config files
[7.998s] Level 1:colcon.colcon_core.shell:create_environment_hook('stella_ahrs', 'cmake_prefix_path')
[8.009s] INFO:colcon.colcon_core.shell:Creating environment hook '/home/jetson/mecanum-ros2/install/stella_ahrs/share/stella_ahrs/hook/cmake_prefix_path.ps1'
[8.011s] INFO:colcon.colcon_core.shell:Creating environment descriptor '/home/jetson/mecanum-ros2/install/stella_ahrs/share/stella_ahrs/hook/cmake_prefix_path.dsv'
[8.013s] INFO:colcon.colcon_core.shell:Creating environment hook '/home/jetson/mecanum-ros2/install/stella_ahrs/share/stella_ahrs/hook/cmake_prefix_path.sh'
[8.015s] Level 1:colcon.colcon_core.environment:checking '/home/jetson/mecanum-ros2/install/stella_ahrs/lib'
[8.016s] Level 1:colcon.colcon_core.environment:checking '/home/jetson/mecanum-ros2/install/stella_ahrs/bin'
[8.016s] Level 1:colcon.colcon_core.environment:checking '/home/jetson/mecanum-ros2/install/stella_ahrs/lib/pkgconfig/stella_ahrs.pc'
[8.017s] Level 1:colcon.colcon_core.environment:checking '/home/jetson/mecanum-ros2/install/stella_ahrs/lib/python3.8/site-packages'
[8.018s] Level 1:colcon.colcon_core.environment:checking '/home/jetson/mecanum-ros2/install/stella_ahrs/bin'
[8.029s] INFO:colcon.colcon_core.shell:Creating package script '/home/jetson/mecanum-ros2/install/stella_ahrs/share/stella_ahrs/package.ps1'
[8.031s] INFO:colcon.colcon_core.shell:Creating package descriptor '/home/jetson/mecanum-ros2/install/stella_ahrs/share/stella_ahrs/package.dsv'
[8.034s] INFO:colcon.colcon_core.shell:Creating package script '/home/jetson/mecanum-ros2/install/stella_ahrs/share/stella_ahrs/package.sh'
[8.036s] INFO:colcon.colcon_core.shell:Creating package script '/home/jetson/mecanum-ros2/install/stella_ahrs/share/stella_ahrs/package.bash'
[8.037s] INFO:colcon.colcon_core.shell:Creating package script '/home/jetson/mecanum-ros2/install/stella_ahrs/share/stella_ahrs/package.zsh'
[8.039s] Level 1:colcon.colcon_core.environment:create_file_with_runtime_dependencies(/home/jetson/mecanum-ros2/install/stella_ahrs/share/colcon-core/packages/stella_ahrs)
[8.043s] INFO:colcon.colcon_ros.task.ament_python.build:Building ROS package in '/home/jetson/mecanum-ros2/src/teleop_keyboard' with build type 'ament_python'
[8.044s] Level 1:colcon.colcon_core.shell:create_environment_hook('teleop_keyboard', 'ament_prefix_path')
[8.055s] INFO:colcon.colcon_core.shell:Creating environment hook '/home/jetson/mecanum-ros2/install/teleop_keyboard/share/teleop_keyboard/hook/ament_prefix_path.ps1'
[8.056s] INFO:colcon.colcon_core.shell:Creating environment descriptor '/home/jetson/mecanum-ros2/install/teleop_keyboard/share/teleop_keyboard/hook/ament_prefix_path.dsv'
[8.058s] INFO:colcon.colcon_core.shell:Creating environment hook '/home/jetson/mecanum-ros2/install/teleop_keyboard/share/teleop_keyboard/hook/ament_prefix_path.sh'
[8.068s] INFO:colcon.colcon_core.shell:Skip shell extension 'powershell' for command environment: Not usable outside of PowerShell
[8.069s] DEBUG:colcon.colcon_core.shell:Skip shell extension 'dsv' for command environment
[9.616s] INFO:colcon.colcon_core.task.python.build:Building Python package in '/home/jetson/mecanum-ros2/src/teleop_keyboard'
[9.626s] INFO:colcon.colcon_core.shell:Skip shell extension 'powershell' for command environment: Not usable outside of PowerShell
[9.626s] DEBUG:colcon.colcon_core.shell:Skip shell extension 'dsv' for command environment
[9.670s] DEBUG:colcon.colcon_core.event_handler.log_command:Invoking command in '/home/jetson/mecanum-ros2/src/mecanum_odometry': PYTHONPATH=/home/jetson/mecanum-ros2/build/mecanum_odometry/prefix_override:/home/jetson/mecanum-ros2/install/mecanum_odometry/lib/python3.8/site-packages:${PYTHONPATH} /usr/bin/python3 setup.py egg_info --egg-base ../../build/mecanum_odometry build --build-base /home/jetson/mecanum-ros2/build/mecanum_odometry/build install --record /home/jetson/mecanum-ros2/build/mecanum_odometry/install.log --single-version-externally-managed
[9.684s] DEBUG:colcon.colcon_core.event_handler.log_command:Invoking command in '/home/jetson/mecanum-ros2/src/mobile_description': PYTHONPATH=/home/jetson/mecanum-ros2/build/mobile_description/prefix_override:/home/jetson/mecanum-ros2/install/mobile_description/lib/python3.8/site-packages:${PYTHONPATH} /usr/bin/python3 setup.py egg_info --egg-base ../../build/mobile_description build --build-base /home/jetson/mecanum-ros2/build/mobile_description/build install --record /home/jetson/mecanum-ros2/build/mobile_description/install.log --single-version-externally-managed
[9.696s] DEBUG:colcon.colcon_core.event_handler.log_command:Invoking command in '/home/jetson/mecanum-ros2/src/motor_control': PYTHONPATH=/home/jetson/mecanum-ros2/build/motor_control/prefix_override:/home/jetson/mecanum-ros2/install/motor_control/lib/python3.8/site-packages:${PYTHONPATH} /usr/bin/python3 setup.py egg_info --egg-base ../../build/motor_control build --build-base /home/jetson/mecanum-ros2/build/motor_control/build install --record /home/jetson/mecanum-ros2/build/motor_control/install.log --single-version-externally-managed
[11.351s] DEBUG:colcon.colcon_core.event_handler.log_command:Invoked command in '/home/jetson/mecanum-ros2/src/mecanum_odometry' returned '0': PYTHONPATH=/home/jetson/mecanum-ros2/build/mecanum_odometry/prefix_override:/home/jetson/mecanum-ros2/install/mecanum_odometry/lib/python3.8/site-packages:${PYTHONPATH} /usr/bin/python3 setup.py egg_info --egg-base ../../build/mecanum_odometry build --build-base /home/jetson/mecanum-ros2/build/mecanum_odometry/build install --record /home/jetson/mecanum-ros2/build/mecanum_odometry/install.log --single-version-externally-managed
[11.362s] Level 1:colcon.colcon_core.environment:checking '/home/jetson/mecanum-ros2/install/mecanum_odometry' for CMake module files
[11.365s] Level 1:colcon.colcon_core.environment:checking '/home/jetson/mecanum-ros2/install/mecanum_odometry' for CMake config files
[11.367s] Level 1:colcon.colcon_core.environment:checking '/home/jetson/mecanum-ros2/install/mecanum_odometry/lib'
[11.368s] Level 1:colcon.colcon_core.environment:checking '/home/jetson/mecanum-ros2/install/mecanum_odometry/bin'
[11.368s] Level 1:colcon.colcon_core.environment:checking '/home/jetson/mecanum-ros2/install/mecanum_odometry/lib/pkgconfig/mecanum_odometry.pc'
[11.369s] Level 1:colcon.colcon_core.environment:checking '/home/jetson/mecanum-ros2/install/mecanum_odometry/lib/python3.8/site-packages'
[11.370s] Level 1:colcon.colcon_core.shell:create_environment_hook('mecanum_odometry', 'pythonpath')
[11.379s] INFO:colcon.colcon_core.shell:Creating environment hook '/home/jetson/mecanum-ros2/install/mecanum_odometry/share/mecanum_odometry/hook/pythonpath.ps1'
[11.381s] INFO:colcon.colcon_core.shell:Creating environment descriptor '/home/jetson/mecanum-ros2/install/mecanum_odometry/share/mecanum_odometry/hook/pythonpath.dsv'
[11.382s] INFO:colcon.colcon_core.shell:Creating environment hook '/home/jetson/mecanum-ros2/install/mecanum_odometry/share/mecanum_odometry/hook/pythonpath.sh'
[11.385s] Level 1:colcon.colcon_core.environment:checking '/home/jetson/mecanum-ros2/install/mecanum_odometry/bin'
[11.385s] Level 1:colcon.colcon_core.environment:create_environment_scripts_only(mecanum_odometry)
[11.394s] INFO:colcon.colcon_core.shell:Creating package script '/home/jetson/mecanum-ros2/install/mecanum_odometry/share/mecanum_odometry/package.ps1'
[11.396s] INFO:colcon.colcon_core.shell:Creating package descriptor '/home/jetson/mecanum-ros2/install/mecanum_odometry/share/mecanum_odometry/package.dsv'
[11.398s] INFO:colcon.colcon_core.shell:Creating package script '/home/jetson/mecanum-ros2/install/mecanum_odometry/share/mecanum_odometry/package.sh'
[11.400s] INFO:colcon.colcon_core.shell:Creating package script '/home/jetson/mecanum-ros2/install/mecanum_odometry/share/mecanum_odometry/package.bash'
[11.402s] INFO:colcon.colcon_core.shell:Creating package script '/home/jetson/mecanum-ros2/install/mecanum_odometry/share/mecanum_odometry/package.zsh'
[11.403s] Level 1:colcon.colcon_core.environment:create_file_with_runtime_dependencies(/home/jetson/mecanum-ros2/install/mecanum_odometry/share/colcon-core/packages/mecanum_odometry)
[11.407s] INFO:colcon.colcon_ros.task.ament_cmake.build:Building ROS package in '/home/jetson/mecanum-ros2/src/ydlidar_ros2_driver' with build type 'ament_cmake'
[11.408s] INFO:colcon.colcon_cmake.task.cmake.build:Building CMake package in '/home/jetson/mecanum-ros2/src/ydlidar_ros2_driver'
[11.418s] INFO:colcon.colcon_core.shell:Skip shell extension 'powershell' for command environment: Not usable outside of PowerShell
[11.418s] DEBUG:colcon.colcon_core.shell:Skip shell extension 'dsv' for command environment
[11.468s] Level 1:colcon.colcon_core.environment:checking '/home/jetson/mecanum-ros2/install/motor_control' for CMake module files
[11.470s] DEBUG:colcon.colcon_core.event_handler.log_command:Invoked command in '/home/jetson/mecanum-ros2/src/motor_control' returned '0': PYTHONPATH=/home/jetson/mecanum-ros2/build/motor_control/prefix_override:/home/jetson/mecanum-ros2/install/motor_control/lib/python3.8/site-packages:${PYTHONPATH} /usr/bin/python3 setup.py egg_info --egg-base ../../build/motor_control build --build-base /home/jetson/mecanum-ros2/build/motor_control/build install --record /home/jetson/mecanum-ros2/build/motor_control/install.log --single-version-externally-managed
[11.472s] Level 1:colcon.colcon_core.environment:checking '/home/jetson/mecanum-ros2/install/motor_control' for CMake config files
[11.474s] Level 1:colcon.colcon_core.environment:checking '/home/jetson/mecanum-ros2/install/motor_control/lib'
[11.475s] Level 1:colcon.colcon_core.environment:checking '/home/jetson/mecanum-ros2/install/motor_control/bin'
[11.475s] Level 1:colcon.colcon_core.environment:checking '/home/jetson/mecanum-ros2/install/motor_control/lib/pkgconfig/motor_control.pc'
[11.476s] Level 1:colcon.colcon_core.environment:checking '/home/jetson/mecanum-ros2/install/motor_control/lib/python3.8/site-packages'
[11.476s] Level 1:colcon.colcon_core.shell:create_environment_hook('motor_control', 'pythonpath')
[11.485s] INFO:colcon.colcon_core.shell:Creating environment hook '/home/jetson/mecanum-ros2/install/motor_control/share/motor_control/hook/pythonpath.ps1'
[11.488s] INFO:colcon.colcon_core.shell:Creating environment descriptor '/home/jetson/mecanum-ros2/install/motor_control/share/motor_control/hook/pythonpath.dsv'
[11.490s] INFO:colcon.colcon_core.shell:Creating environment hook '/home/jetson/mecanum-ros2/install/motor_control/share/motor_control/hook/pythonpath.sh'
[11.492s] Level 1:colcon.colcon_core.environment:checking '/home/jetson/mecanum-ros2/install/motor_control/bin'
[11.492s] Level 1:colcon.colcon_core.environment:create_environment_scripts_only(motor_control)
[11.502s] INFO:colcon.colcon_core.shell:Creating package script '/home/jetson/mecanum-ros2/install/motor_control/share/motor_control/package.ps1'
[11.504s] INFO:colcon.colcon_core.shell:Creating package descriptor '/home/jetson/mecanum-ros2/install/motor_control/share/motor_control/package.dsv'
[11.506s] INFO:colcon.colcon_core.shell:Creating package script '/home/jetson/mecanum-ros2/install/motor_control/share/motor_control/package.sh'
[11.508s] INFO:colcon.colcon_core.shell:Creating package script '/home/jetson/mecanum-ros2/install/motor_control/share/motor_control/package.bash'
[11.510s] INFO:colcon.colcon_core.shell:Creating package script '/home/jetson/mecanum-ros2/install/motor_control/share/motor_control/package.zsh'
[11.511s] Level 1:colcon.colcon_core.environment:create_file_with_runtime_dependencies(/home/jetson/mecanum-ros2/install/motor_control/share/colcon-core/packages/motor_control)
[11.527s] Level 1:colcon.colcon_core.environment:checking '/home/jetson/mecanum-ros2/install/mobile_description' for CMake module files
[11.532s] DEBUG:colcon.colcon_core.event_handler.log_command:Invoked command in '/home/jetson/mecanum-ros2/src/mobile_description' returned '0': PYTHONPATH=/home/jetson/mecanum-ros2/build/mobile_description/prefix_override:/home/jetson/mecanum-ros2/install/mobile_description/lib/python3.8/site-packages:${PYTHONPATH} /usr/bin/python3 setup.py egg_info --egg-base ../../build/mobile_description build --build-base /home/jetson/mecanum-ros2/build/mobile_description/build install --record /home/jetson/mecanum-ros2/build/mobile_description/install.log --single-version-externally-managed
[11.533s] Level 1:colcon.colcon_core.environment:checking '/home/jetson/mecanum-ros2/install/mobile_description' for CMake config files
[11.535s] Level 1:colcon.colcon_core.environment:checking '/home/jetson/mecanum-ros2/install/mobile_description/lib'
[11.536s] Level 1:colcon.colcon_core.environment:checking '/home/jetson/mecanum-ros2/install/mobile_description/bin'
[11.536s] Level 1:colcon.colcon_core.environment:checking '/home/jetson/mecanum-ros2/install/mobile_description/lib/pkgconfig/mobile_description.pc'
[11.537s] Level 1:colcon.colcon_core.environment:checking '/home/jetson/mecanum-ros2/install/mobile_description/lib/python3.8/site-packages'
[11.537s] Level 1:colcon.colcon_core.shell:create_environment_hook('mobile_description', 'pythonpath')
[11.546s] INFO:colcon.colcon_core.shell:Creating environment hook '/home/jetson/mecanum-ros2/install/mobile_description/share/mobile_description/hook/pythonpath.ps1'
[11.548s] INFO:colcon.colcon_core.shell:Creating environment descriptor '/home/jetson/mecanum-ros2/install/mobile_description/share/mobile_description/hook/pythonpath.dsv'
[11.549s] INFO:colcon.colcon_core.shell:Creating environment hook '/home/jetson/mecanum-ros2/install/mobile_description/share/mobile_description/hook/pythonpath.sh'
[11.551s] Level 1:colcon.colcon_core.environment:checking '/home/jetson/mecanum-ros2/install/mobile_description/bin'
[11.551s] Level 1:colcon.colcon_core.environment:create_environment_scripts_only(mobile_description)
[11.562s] INFO:colcon.colcon_core.shell:Creating package script '/home/jetson/mecanum-ros2/install/mobile_description/share/mobile_description/package.ps1'
[11.564s] INFO:colcon.colcon_core.shell:Creating package descriptor '/home/jetson/mecanum-ros2/install/mobile_description/share/mobile_description/package.dsv'
[11.566s] INFO:colcon.colcon_core.shell:Creating package script '/home/jetson/mecanum-ros2/install/mobile_description/share/mobile_description/package.sh'
[11.568s] INFO:colcon.colcon_core.shell:Creating package script '/home/jetson/mecanum-ros2/install/mobile_description/share/mobile_description/package.bash'
[11.569s] INFO:colcon.colcon_core.shell:Creating package script '/home/jetson/mecanum-ros2/install/mobile_description/share/mobile_description/package.zsh'
[11.571s] Level 1:colcon.colcon_core.environment:create_file_with_runtime_dependencies(/home/jetson/mecanum-ros2/install/mobile_description/share/colcon-core/packages/mobile_description)
[11.590s] DEBUG:colcon.colcon_core.event_handler.log_command:Invoking command in '/home/jetson/mecanum-ros2/build/ydlidar_ros2_driver': CMAKE_PREFIX_PATH=${CMAKE_PREFIX_PATH}:/home/jetson/mecanum-ros2/install/teleop_keyboard:/home/jetson/mecanum-ros2/install/motor_control:/home/jetson/mecanum-ros2/install/mobile_description:/home/jetson/mecanum-ros2/install/mecanum_odometry:/opt/ros/galactic /usr/bin/cmake --build /home/jetson/mecanum-ros2/build/ydlidar_ros2_driver -- -j4 -l4
[11.853s] DEBUG:colcon.colcon_core.event_handler.log_command:Invoked command in '/home/jetson/mecanum-ros2/build/ydlidar_ros2_driver' returned '0': CMAKE_PREFIX_PATH=${CMAKE_PREFIX_PATH}:/home/jetson/mecanum-ros2/install/teleop_keyboard:/home/jetson/mecanum-ros2/install/motor_control:/home/jetson/mecanum-ros2/install/mobile_description:/home/jetson/mecanum-ros2/install/mecanum_odometry:/opt/ros/galactic /usr/bin/cmake --build /home/jetson/mecanum-ros2/build/ydlidar_ros2_driver -- -j4 -l4
[11.880s] DEBUG:colcon.colcon_core.event_handler.log_command:Invoking command in '/home/jetson/mecanum-ros2/src/teleop_keyboard': PYTHONPATH=/home/jetson/mecanum-ros2/build/teleop_keyboard/prefix_override:/home/jetson/mecanum-ros2/install/teleop_keyboard/lib/python3.8/site-packages:${PYTHONPATH} /usr/bin/python3 setup.py egg_info --egg-base ../../build/teleop_keyboard build --build-base /home/jetson/mecanum-ros2/build/teleop_keyboard/build install --record /home/jetson/mecanum-ros2/build/teleop_keyboard/install.log --single-version-externally-managed
[11.951s] DEBUG:colcon.colcon_core.event_handler.log_command:Invoking command in '/home/jetson/mecanum-ros2/build/ydlidar_ros2_driver': CMAKE_PREFIX_PATH=${CMAKE_PREFIX_PATH}:/home/jetson/mecanum-ros2/install/teleop_keyboard:/home/jetson/mecanum-ros2/install/motor_control:/home/jetson/mecanum-ros2/install/mobile_description:/home/jetson/mecanum-ros2/install/mecanum_odometry:/opt/ros/galactic /usr/bin/cmake --install /home/jetson/mecanum-ros2/build/ydlidar_ros2_driver
[11.996s] Level 1:colcon.colcon_core.environment:create_environment_scripts_only(ydlidar_ros2_driver)
[12.010s] Level 1:colcon.colcon_core.environment:checking '/home/jetson/mecanum-ros2/install/ydlidar_ros2_driver' for CMake module files
[12.017s] DEBUG:colcon.colcon_core.event_handler.log_command:Invoked command in '/home/jetson/mecanum-ros2/build/ydlidar_ros2_driver' returned '0': CMAKE_PREFIX_PATH=${CMAKE_PREFIX_PATH}:/home/jetson/mecanum-ros2/install/teleop_keyboard:/home/jetson/mecanum-ros2/install/motor_control:/home/jetson/mecanum-ros2/install/mobile_description:/home/jetson/mecanum-ros2/install/mecanum_odometry:/opt/ros/galactic /usr/bin/cmake --install /home/jetson/mecanum-ros2/build/ydlidar_ros2_driver
[12.018s] Level 1:colcon.colcon_core.environment:checking '/home/jetson/mecanum-ros2/install/ydlidar_ros2_driver' for CMake config files
[12.019s] Level 1:colcon.colcon_core.shell:create_environment_hook('ydlidar_ros2_driver', 'cmake_prefix_path')
[12.028s] INFO:colcon.colcon_core.shell:Creating environment hook '/home/jetson/mecanum-ros2/install/ydlidar_ros2_driver/share/ydlidar_ros2_driver/hook/cmake_prefix_path.ps1'
[12.030s] INFO:colcon.colcon_core.shell:Creating environment descriptor '/home/jetson/mecanum-ros2/install/ydlidar_ros2_driver/share/ydlidar_ros2_driver/hook/cmake_prefix_path.dsv'
[12.032s] INFO:colcon.colcon_core.shell:Creating environment hook '/home/jetson/mecanum-ros2/install/ydlidar_ros2_driver/share/ydlidar_ros2_driver/hook/cmake_prefix_path.sh'
[12.035s] Level 1:colcon.colcon_core.environment:checking '/home/jetson/mecanum-ros2/install/ydlidar_ros2_driver/lib'
[12.035s] Level 1:colcon.colcon_core.environment:checking '/home/jetson/mecanum-ros2/install/ydlidar_ros2_driver/bin'
[12.036s] Level 1:colcon.colcon_core.environment:checking '/home/jetson/mecanum-ros2/install/ydlidar_ros2_driver/lib/pkgconfig/ydlidar_ros2_driver.pc'
[12.036s] Level 1:colcon.colcon_core.environment:checking '/home/jetson/mecanum-ros2/install/ydlidar_ros2_driver/lib/python3.8/site-packages'
[12.037s] Level 1:colcon.colcon_core.environment:checking '/home/jetson/mecanum-ros2/install/ydlidar_ros2_driver/bin'
[12.047s] INFO:colcon.colcon_core.shell:Creating package script '/home/jetson/mecanum-ros2/install/ydlidar_ros2_driver/share/ydlidar_ros2_driver/package.ps1'
[12.050s] INFO:colcon.colcon_core.shell:Creating package descriptor '/home/jetson/mecanum-ros2/install/ydlidar_ros2_driver/share/ydlidar_ros2_driver/package.dsv'
[12.051s] INFO:colcon.colcon_core.shell:Creating package script '/home/jetson/mecanum-ros2/install/ydlidar_ros2_driver/share/ydlidar_ros2_driver/package.sh'
[12.053s] INFO:colcon.colcon_core.shell:Creating package script '/home/jetson/mecanum-ros2/install/ydlidar_ros2_driver/share/ydlidar_ros2_driver/package.bash'
[12.054s] INFO:colcon.colcon_core.shell:Creating package script '/home/jetson/mecanum-ros2/install/ydlidar_ros2_driver/share/ydlidar_ros2_driver/package.zsh'
[12.056s] Level 1:colcon.colcon_core.environment:create_file_with_runtime_dependencies(/home/jetson/mecanum-ros2/install/ydlidar_ros2_driver/share/colcon-core/packages/ydlidar_ros2_driver)
[12.154s] Level 1:colcon.colcon_core.environment:create_environment_scripts_only(ydlidar_ros2_driver)
[12.168s] Level 1:colcon.colcon_core.environment:checking '/home/jetson/mecanum-ros2/install/ydlidar_ros2_driver' for CMake module files
[12.171s] Level 1:colcon.colcon_core.environment:checking '/home/jetson/mecanum-ros2/install/ydlidar_ros2_driver' for CMake config files
[12.173s] Level 1:colcon.colcon_core.shell:create_environment_hook('ydlidar_ros2_driver', 'cmake_prefix_path')
[12.182s] INFO:colcon.colcon_core.shell:Creating environment hook '/home/jetson/mecanum-ros2/install/ydlidar_ros2_driver/share/ydlidar_ros2_driver/hook/cmake_prefix_path.ps1'
[12.183s] INFO:colcon.colcon_core.shell:Creating environment descriptor '/home/jetson/mecanum-ros2/install/ydlidar_ros2_driver/share/ydlidar_ros2_driver/hook/cmake_prefix_path.dsv'
[12.185s] INFO:colcon.colcon_core.shell:Creating environment hook '/home/jetson/mecanum-ros2/install/ydlidar_ros2_driver/share/ydlidar_ros2_driver/hook/cmake_prefix_path.sh'
[12.187s] Level 1:colcon.colcon_core.environment:checking '/home/jetson/mecanum-ros2/install/ydlidar_ros2_driver/lib'
[12.187s] Level 1:colcon.colcon_core.environment:checking '/home/jetson/mecanum-ros2/install/ydlidar_ros2_driver/bin'
[12.188s] Level 1:colcon.colcon_core.environment:checking '/home/jetson/mecanum-ros2/install/ydlidar_ros2_driver/lib/pkgconfig/ydlidar_ros2_driver.pc'
[12.189s] Level 1:colcon.colcon_core.environment:checking '/home/jetson/mecanum-ros2/install/ydlidar_ros2_driver/lib/python3.8/site-packages'
[12.190s] Level 1:colcon.colcon_core.environment:checking '/home/jetson/mecanum-ros2/install/ydlidar_ros2_driver/bin'
[12.199s] INFO:colcon.colcon_core.shell:Creating package script '/home/jetson/mecanum-ros2/install/ydlidar_ros2_driver/share/ydlidar_ros2_driver/package.ps1'
[12.201s] INFO:colcon.colcon_core.shell:Creating package descriptor '/home/jetson/mecanum-ros2/install/ydlidar_ros2_driver/share/ydlidar_ros2_driver/package.dsv'
[12.203s] INFO:colcon.colcon_core.shell:Creating package script '/home/jetson/mecanum-ros2/install/ydlidar_ros2_driver/share/ydlidar_ros2_driver/package.sh'
[12.204s] INFO:colcon.colcon_core.shell:Creating package script '/home/jetson/mecanum-ros2/install/ydlidar_ros2_driver/share/ydlidar_ros2_driver/package.bash'
[12.206s] INFO:colcon.colcon_core.shell:Creating package script '/home/jetson/mecanum-ros2/install/ydlidar_ros2_driver/share/ydlidar_ros2_driver/package.zsh'
[12.208s] Level 1:colcon.colcon_core.environment:create_file_with_runtime_dependencies(/home/jetson/mecanum-ros2/install/ydlidar_ros2_driver/share/colcon-core/packages/ydlidar_ros2_driver)
[13.338s] DEBUG:colcon.colcon_core.event_handler.log_command:Invoked command in '/home/jetson/mecanum-ros2/src/teleop_keyboard' returned '0': PYTHONPATH=/home/jetson/mecanum-ros2/build/teleop_keyboard/prefix_override:/home/jetson/mecanum-ros2/install/teleop_keyboard/lib/python3.8/site-packages:${PYTHONPATH} /usr/bin/python3 setup.py egg_info --egg-base ../../build/teleop_keyboard build --build-base /home/jetson/mecanum-ros2/build/teleop_keyboard/build install --record /home/jetson/mecanum-ros2/build/teleop_keyboard/install.log --single-version-externally-managed
[13.339s] Level 1:colcon.colcon_core.environment:checking '/home/jetson/mecanum-ros2/install/teleop_keyboard' for CMake module files
[13.343s] Level 1:colcon.colcon_core.environment:checking '/home/jetson/mecanum-ros2/install/teleop_keyboard' for CMake config files
[13.345s] Level 1:colcon.colcon_core.environment:checking '/home/jetson/mecanum-ros2/install/teleop_keyboard/lib'
[13.345s] Level 1:colcon.colcon_core.environment:checking '/home/jetson/mecanum-ros2/install/teleop_keyboard/bin'
[13.346s] Level 1:colcon.colcon_core.environment:checking '/home/jetson/mecanum-ros2/install/teleop_keyboard/lib/pkgconfig/teleop_keyboard.pc'
[13.346s] Level 1:colcon.colcon_core.environment:checking '/home/jetson/mecanum-ros2/install/teleop_keyboard/lib/python3.8/site-packages'
[13.347s] Level 1:colcon.colcon_core.shell:create_environment_hook('teleop_keyboard', 'pythonpath')
[13.355s] INFO:colcon.colcon_core.shell:Creating environment hook '/home/jetson/mecanum-ros2/install/teleop_keyboard/share/teleop_keyboard/hook/pythonpath.ps1'
[13.356s] INFO:colcon.colcon_core.shell:Creating environment descriptor '/home/jetson/mecanum-ros2/install/teleop_keyboard/share/teleop_keyboard/hook/pythonpath.dsv'
[13.358s] INFO:colcon.colcon_core.shell:Creating environment hook '/home/jetson/mecanum-ros2/install/teleop_keyboard/share/teleop_keyboard/hook/pythonpath.sh'
[13.359s] Level 1:colcon.colcon_core.environment:checking '/home/jetson/mecanum-ros2/install/teleop_keyboard/bin'
[13.360s] Level 1:colcon.colcon_core.environment:create_environment_scripts_only(teleop_keyboard)
[13.368s] INFO:colcon.colcon_core.shell:Creating package script '/home/jetson/mecanum-ros2/install/teleop_keyboard/share/teleop_keyboard/package.ps1'
[13.370s] INFO:colcon.colcon_core.shell:Creating package descriptor '/home/jetson/mecanum-ros2/install/teleop_keyboard/share/teleop_keyboard/package.dsv'
[13.372s] INFO:colcon.colcon_core.shell:Creating package script '/home/jetson/mecanum-ros2/install/teleop_keyboard/share/teleop_keyboard/package.sh'
[13.374s] INFO:colcon.colcon_core.shell:Creating package script '/home/jetson/mecanum-ros2/install/teleop_keyboard/share/teleop_keyboard/package.bash'
[13.375s] INFO:colcon.colcon_core.shell:Creating package script '/home/jetson/mecanum-ros2/install/teleop_keyboard/share/teleop_keyboard/package.zsh'
[13.376s] Level 1:colcon.colcon_core.environment:create_file_with_runtime_dependencies(/home/jetson/mecanum-ros2/install/teleop_keyboard/share/colcon-core/packages/teleop_keyboard)
[13.377s] DEBUG:colcon.colcon_parallel_executor.executor.parallel:closing loop
[13.379s] DEBUG:colcon.colcon_parallel_executor.executor.parallel:loop closed
[13.380s] DEBUG:colcon.colcon_parallel_executor.executor.parallel:run_until_complete finished with '0'
[13.380s] DEBUG:colcon.colcon_core.event_reactor:joining thread
[13.406s] INFO:colcon.colcon_core.plugin_system:Skipping extension 'colcon_notification.desktop_notification.terminal_notifier': Not used on non-Darwin systems
[13.406s] INFO:colcon.colcon_core.plugin_system:Skipping extension 'colcon_notification.desktop_notification.win32': Not used on non-Windows systems
[13.406s] INFO:colcon.colcon_notification.desktop_notification:Sending desktop notification using 'notify2'
[13.461s] DEBUG:colcon.colcon_core.event_reactor:joined thread
[13.471s] INFO:colcon.colcon_core.shell:Creating prefix script '/home/jetson/mecanum-ros2/install/local_setup.ps1'
[13.475s] INFO:colcon.colcon_core.shell:Creating prefix util module '/home/jetson/mecanum-ros2/install/_local_setup_util_ps1.py'
[13.481s] INFO:colcon.colcon_core.shell:Creating prefix chain script '/home/jetson/mecanum-ros2/install/setup.ps1'
[13.490s] INFO:colcon.colcon_core.shell:Creating prefix script '/home/jetson/mecanum-ros2/install/local_setup.sh'
[13.492s] INFO:colcon.colcon_core.shell:Creating prefix util module '/home/jetson/mecanum-ros2/install/_local_setup_util_sh.py'
[13.494s] INFO:colcon.colcon_core.shell:Creating prefix chain script '/home/jetson/mecanum-ros2/install/setup.sh'
[13.502s] INFO:colcon.colcon_core.shell:Creating prefix script '/home/jetson/mecanum-ros2/install/local_setup.bash'
[13.505s] INFO:colcon.colcon_core.shell:Creating prefix chain script '/home/jetson/mecanum-ros2/install/setup.bash'
[13.513s] INFO:colcon.colcon_core.shell:Creating prefix script '/home/jetson/mecanum-ros2/install/local_setup.zsh'
[13.515s] INFO:colcon.colcon_core.shell:Creating prefix chain script '/home/jetson/mecanum-ros2/install/setup.zsh'
