[8.524s] Invoking command in '/home/jetson/mecanum-ros2/src/mobile_description': PYTHONPATH=/home/jetson/mecanum-ros2/build/mobile_description/prefix_override:/home/jetson/mecanum-ros2/install/mobile_description/lib/python3.8/site-packages:${PYTHONPATH} /usr/bin/python3 setup.py egg_info --egg-base ../../build/mobile_description build --build-base /home/jetson/mecanum-ros2/build/mobile_description/build install --record /home/jetson/mecanum-ros2/build/mobile_description/install.log --single-version-externally-managed
[10.933s] running egg_info
[10.934s] writing ../../build/mobile_description/mobile_description.egg-info/PKG-INFO
[10.935s] writing dependency_links to ../../build/mobile_description/mobile_description.egg-info/dependency_links.txt
[10.936s] writing entry points to ../../build/mobile_description/mobile_description.egg-info/entry_points.txt
[10.937s] writing requirements to ../../build/mobile_description/mobile_description.egg-info/requires.txt
[10.937s] writing top-level names to ../../build/mobile_description/mobile_description.egg-info/top_level.txt
[10.968s] reading manifest file '../../build/mobile_description/mobile_description.egg-info/SOURCES.txt'
[10.986s] writing manifest file '../../build/mobile_description/mobile_description.egg-info/SOURCES.txt'
[10.987s] running build
[10.988s] running build_py
[10.989s] running install
[10.990s] running install_lib
[11.000s] running install_data
[11.011s] running install_egg_info
[11.023s] removing '/home/jetson/mecanum-ros2/install/mobile_description/lib/python3.8/site-packages/mobile_description-0.0.0-py3.8.egg-info' (and everything under it)
[11.027s] Copying ../../build/mobile_description/mobile_description.egg-info to /home/jetson/mecanum-ros2/install/mobile_description/lib/python3.8/site-packages/mobile_description-0.0.0-py3.8.egg-info
[11.034s] running install_scripts
[11.184s] writing list of installed files to '/home/jetson/mecanum-ros2/build/mobile_description/install.log'
[11.466s] Invoked command in '/home/jetson/mecanum-ros2/src/mobile_description' returned '0': PYTHONPATH=/home/jetson/mecanum-ros2/build/mobile_description/prefix_override:/home/jetson/mecanum-ros2/install/mobile_description/lib/python3.8/site-packages:${PYTHONPATH} /usr/bin/python3 setup.py egg_info --egg-base ../../build/mobile_description build --build-base /home/jetson/mecanum-ros2/build/mobile_description/build install --record /home/jetson/mecanum-ros2/build/mobile_description/install.log --single-version-externally-managed
