[0.268s] Invoking command in '/home/jetson/mecanum-ros2/build/mecanum_bringup': CMAKE_PREFIX_PATH=${CMAKE_PREFIX_PATH}:/home/jetson/mecanum-ros2/install/teleop_keyboard:/home/jetson/mecanum-ros2/install/motor_control:/home/jetson/mecanum-ros2/install/mobile_description:/opt/ros/galactic /usr/bin/cmake /home/jetson/mecanum-ros2/src/mecanum_bringup -DCMAKE_INSTALL_PREFIX=/home/jetson/mecanum-ros2/install/mecanum_bringup
[4.789s] -- The C compiler identification is GNU 8.4.0
[4.790s] -- The CXX compiler identification is GNU 8.4.0
[4.792s] -- Check for working C compiler: /usr/bin/cc
[4.795s] -- Check for working C compiler: /usr/bin/cc -- works
[4.796s] -- Detecting C compiler ABI info
[4.797s] -- Detecting C compiler ABI info - done
[4.801s] -- Detecting C compile features
[4.805s] -- Detecting C compile features - done
[4.806s] -- Check for working CXX compiler: /usr/bin/c++
[4.806s] -- Check for working CXX compiler: /usr/bin/c++ -- works
[4.807s] -- Detecting CXX compiler ABI info
[4.808s] -- Detecting CXX compiler ABI info - done
[4.814s] -- Detecting CXX compile features
[4.815s] -- Detecting CXX compile features - done
[4.816s] -- Found ament_cmake: 1.1.6 (/opt/ros/galactic/share/ament_cmake/cmake)
[4.816s] -- Found PythonInterp: /usr/bin/python3 (found suitable version "3.8.10", minimum required is "3") 
[4.817s] -- Using PYTHON_EXECUTABLE: /usr/bin/python3
[4.817s] -- Found ament_lint_auto: 0.10.7 (/opt/ros/galactic/share/ament_lint_auto/cmake)
[4.818s] -- Added test 'copyright' to check source files copyright and LICENSE
[4.818s] -- Added test 'flake8' to check Python code syntax and style conventions
[4.818s] -- Added test 'lint_cmake' to check CMake code style
[4.819s] -- Added test 'pep257' to check Python code against some of the style conventions in PEP 257
[4.820s] -- Added test 'xmllint' to check XML markup files
[4.821s] -- Configuring done
[4.822s] -- Generating done
[4.823s] -- Build files have been written to: /home/jetson/mecanum-ros2/build/mecanum_bringup
[4.828s] Invoked command in '/home/jetson/mecanum-ros2/build/mecanum_bringup' returned '0': CMAKE_PREFIX_PATH=${CMAKE_PREFIX_PATH}:/home/jetson/mecanum-ros2/install/teleop_keyboard:/home/jetson/mecanum-ros2/install/motor_control:/home/jetson/mecanum-ros2/install/mobile_description:/opt/ros/galactic /usr/bin/cmake /home/jetson/mecanum-ros2/src/mecanum_bringup -DCMAKE_INSTALL_PREFIX=/home/jetson/mecanum-ros2/install/mecanum_bringup
[4.832s] Invoking command in '/home/jetson/mecanum-ros2/build/mecanum_bringup': CMAKE_PREFIX_PATH=${CMAKE_PREFIX_PATH}:/home/jetson/mecanum-ros2/install/teleop_keyboard:/home/jetson/mecanum-ros2/install/motor_control:/home/jetson/mecanum-ros2/install/mobile_description:/opt/ros/galactic /usr/bin/cmake --build /home/jetson/mecanum-ros2/build/mecanum_bringup -- -j4 -l4
[5.013s] Invoked command in '/home/jetson/mecanum-ros2/build/mecanum_bringup' returned '0': CMAKE_PREFIX_PATH=${CMAKE_PREFIX_PATH}:/home/jetson/mecanum-ros2/install/teleop_keyboard:/home/jetson/mecanum-ros2/install/motor_control:/home/jetson/mecanum-ros2/install/mobile_description:/opt/ros/galactic /usr/bin/cmake --build /home/jetson/mecanum-ros2/build/mecanum_bringup -- -j4 -l4
[5.183s] Invoking command in '/home/jetson/mecanum-ros2/build/mecanum_bringup': CMAKE_PREFIX_PATH=${CMAKE_PREFIX_PATH}:/home/jetson/mecanum-ros2/install/teleop_keyboard:/home/jetson/mecanum-ros2/install/motor_control:/home/jetson/mecanum-ros2/install/mobile_description:/opt/ros/galactic /usr/bin/cmake --install /home/jetson/mecanum-ros2/build/mecanum_bringup
[5.232s] -- Install configuration: ""
[5.233s] -- Installing: /home/jetson/mecanum-ros2/install/mecanum_bringup/share/mecanum_bringup/launch
[5.233s] -- Installing: /home/jetson/mecanum-ros2/install/mecanum_bringup/share/mecanum_bringup/launch/mecanum_rviz_view.launch.py
[5.234s] -- Installing: /home/jetson/mecanum-ros2/install/mecanum_bringup/share/mecanum_bringup/launch/mecanum.launch.py
[5.235s] -- Installing: /home/jetson/mecanum-ros2/install/mecanum_bringup/share/mecanum_bringup/launch/mecanum_state_publisher.launch.py
[5.236s] -- Installing: /home/jetson/mecanum-ros2/install/mecanum_bringup/share/mecanum_bringup/config
[5.236s] -- Installing: /home/jetson/mecanum-ros2/install/mecanum_bringup/share/mecanum_bringup/config/config.rviz
[5.237s] -- Installing: /home/jetson/mecanum-ros2/install/mecanum_bringup/share/mecanum_bringup/config/mecanum_rviz_view.rviz
[5.237s] -- Installing: /home/jetson/mecanum-ros2/install/mecanum_bringup/share/ament_index/resource_index/package_run_dependencies/mecanum_bringup
[5.238s] -- Installing: /home/jetson/mecanum-ros2/install/mecanum_bringup/share/ament_index/resource_index/parent_prefix_path/mecanum_bringup
[5.239s] -- Installing: /home/jetson/mecanum-ros2/install/mecanum_bringup/share/mecanum_bringup/environment/ament_prefix_path.sh
[5.240s] -- Installing: /home/jetson/mecanum-ros2/install/mecanum_bringup/share/mecanum_bringup/environment/ament_prefix_path.dsv
[5.241s] -- Installing: /home/jetson/mecanum-ros2/install/mecanum_bringup/share/mecanum_bringup/environment/path.sh
[5.241s] -- Installing: /home/jetson/mecanum-ros2/install/mecanum_bringup/share/mecanum_bringup/environment/path.dsv
[5.242s] -- Installing: /home/jetson/mecanum-ros2/install/mecanum_bringup/share/mecanum_bringup/local_setup.bash
[5.245s] -- Installing: /home/jetson/mecanum-ros2/install/mecanum_bringup/share/mecanum_bringup/local_setup.sh
[5.251s] -- Installing: /home/jetson/mecanum-ros2/install/mecanum_bringup/share/mecanum_bringup/local_setup.zsh
[5.252s] -- Installing: /home/jetson/mecanum-ros2/install/mecanum_bringup/share/mecanum_bringup/local_setup.dsv
[5.252s] -- Installing: /home/jetson/mecanum-ros2/install/mecanum_bringup/share/mecanum_bringup/package.dsv
[5.253s] -- Installing: /home/jetson/mecanum-ros2/install/mecanum_bringup/share/ament_index/resource_index/packages/mecanum_bringup
[5.253s] -- Installing: /home/jetson/mecanum-ros2/install/mecanum_bringup/share/mecanum_bringup/cmake/mecanum_bringupConfig.cmake
[5.260s] -- Installing: /home/jetson/mecanum-ros2/install/mecanum_bringup/share/mecanum_bringup/cmake/mecanum_bringupConfig-version.cmake
[5.262s] -- Installing: /home/jetson/mecanum-ros2/install/mecanum_bringup/share/mecanum_bringup/package.xml
[5.270s] Invoked command in '/home/jetson/mecanum-ros2/build/mecanum_bringup' returned '0': CMAKE_PREFIX_PATH=${CMAKE_PREFIX_PATH}:/home/jetson/mecanum-ros2/install/teleop_keyboard:/home/jetson/mecanum-ros2/install/motor_control:/home/jetson/mecanum-ros2/install/mobile_description:/opt/ros/galactic /usr/bin/cmake --install /home/jetson/mecanum-ros2/build/mecanum_bringup
