[0.108s] Invoking command in '/home/jetson/mecanum-ros2/build/stella_ahrs': CMAKE_PREFIX_PATH=${CMAKE_PREFIX_PATH}:/home/jetson/mecanum-ros2/install/teleop_keyboard:/home/jetson/mecanum-ros2/install/motor_control:/home/jetson/mecanum-ros2/install/mobile_description:/home/jetson/mecanum-ros2/install/mecanum_odometry:/opt/ros/galactic /usr/bin/cmake --build /home/jetson/mecanum-ros2/build/stella_ahrs -- -j4 -l4
[0.536s] [100%] Built target stella_ahrs_node
[0.610s] Invoked command in '/home/jetson/mecanum-ros2/build/stella_ahrs' returned '0': CMAKE_PREFIX_PATH=${CMAKE_PREFIX_PATH}:/home/jetson/mecanum-ros2/install/teleop_keyboard:/home/jetson/mecanum-ros2/install/motor_control:/home/jetson/mecanum-ros2/install/mobile_description:/home/jetson/mecanum-ros2/install/mecanum_odometry:/opt/ros/galactic /usr/bin/cmake --build /home/jetson/mecanum-ros2/build/stella_ahrs -- -j4 -l4
[0.812s] Invoking command in '/home/jetson/mecanum-ros2/build/stella_ahrs': CMAKE_PREFIX_PATH=${CMAKE_PREFIX_PATH}:/home/jetson/mecanum-ros2/install/teleop_keyboard:/home/jetson/mecanum-ros2/install/motor_control:/home/jetson/mecanum-ros2/install/mobile_description:/home/jetson/mecanum-ros2/install/mecanum_odometry:/opt/ros/galactic /usr/bin/cmake --install /home/jetson/mecanum-ros2/build/stella_ahrs
[0.876s] -- Install configuration: ""
[0.878s] -- Up-to-date: /home/jetson/mecanum-ros2/install/stella_ahrs/share/stella_ahrs//launch
[0.879s] -- Up-to-date: /home/jetson/mecanum-ros2/install/stella_ahrs/share/stella_ahrs//launch/stella_ahrs_launch.py
[0.881s] -- Up-to-date: /home/jetson/mecanum-ros2/install/stella_ahrs/share/stella_ahrs/rviz
[0.882s] -- Up-to-date: /home/jetson/mecanum-ros2/install/stella_ahrs/share/stella_ahrs/rviz/imu_test.rviz
[0.885s] -- Up-to-date: /home/jetson/mecanum-ros2/install/stella_ahrs/lib/stella_ahrs/stella_ahrs_node
[0.887s] -- Up-to-date: /home/jetson/mecanum-ros2/install/stella_ahrs/share/ament_index/resource_index/package_run_dependencies/stella_ahrs
[0.889s] -- Up-to-date: /home/jetson/mecanum-ros2/install/stella_ahrs/share/ament_index/resource_index/parent_prefix_path/stella_ahrs
[0.890s] -- Up-to-date: /home/jetson/mecanum-ros2/install/stella_ahrs/share/stella_ahrs/environment/ament_prefix_path.sh
[0.892s] -- Up-to-date: /home/jetson/mecanum-ros2/install/stella_ahrs/share/stella_ahrs/environment/ament_prefix_path.dsv
[0.893s] -- Up-to-date: /home/jetson/mecanum-ros2/install/stella_ahrs/share/stella_ahrs/environment/path.sh
[0.895s] -- Up-to-date: /home/jetson/mecanum-ros2/install/stella_ahrs/share/stella_ahrs/environment/path.dsv
[0.896s] -- Up-to-date: /home/jetson/mecanum-ros2/install/stella_ahrs/share/stella_ahrs/local_setup.bash
[0.898s] -- Up-to-date: /home/jetson/mecanum-ros2/install/stella_ahrs/share/stella_ahrs/local_setup.sh
[0.899s] -- Up-to-date: /home/jetson/mecanum-ros2/install/stella_ahrs/share/stella_ahrs/local_setup.zsh
[0.901s] -- Up-to-date: /home/jetson/mecanum-ros2/install/stella_ahrs/share/stella_ahrs/local_setup.dsv
[0.902s] -- Installing: /home/jetson/mecanum-ros2/install/stella_ahrs/share/stella_ahrs/package.dsv
[0.904s] -- Up-to-date: /home/jetson/mecanum-ros2/install/stella_ahrs/share/ament_index/resource_index/packages/stella_ahrs
[0.906s] -- Up-to-date: /home/jetson/mecanum-ros2/install/stella_ahrs/share/stella_ahrs/cmake/ament_cmake_export_include_directories-extras.cmake
[0.907s] -- Up-to-date: /home/jetson/mecanum-ros2/install/stella_ahrs/share/stella_ahrs/cmake/stella_ahrsConfig.cmake
[0.908s] -- Up-to-date: /home/jetson/mecanum-ros2/install/stella_ahrs/share/stella_ahrs/cmake/stella_ahrsConfig-version.cmake
[0.910s] -- Up-to-date: /home/jetson/mecanum-ros2/install/stella_ahrs/share/stella_ahrs/package.xml
[0.929s] Invoked command in '/home/jetson/mecanum-ros2/build/stella_ahrs' returned '0': CMAKE_PREFIX_PATH=${CMAKE_PREFIX_PATH}:/home/jetson/mecanum-ros2/install/teleop_keyboard:/home/jetson/mecanum-ros2/install/motor_control:/home/jetson/mecanum-ros2/install/mobile_description:/home/jetson/mecanum-ros2/install/mecanum_odometry:/opt/ros/galactic /usr/bin/cmake --install /home/jetson/mecanum-ros2/build/stella_ahrs
