[0.659s] Invoking command in '/home/ohj/mecanum-ros2/build/ydlidar': CMAKE_PREFIX_PATH=/opt/ros/galactic /usr/bin/cmake /home/ohj/mecanum-ros2/src/ydlidar_ros2 -DCMAKE_INSTALL_PREFIX=/home/ohj/mecanum-ros2/install/ydlidar
[0.710s] -- The C compiler identification is GNU 9.4.0
[0.750s] -- The CXX compiler identification is GNU 9.4.0
[0.753s] -- Check for working C compiler: /usr/bin/cc
[0.804s] -- Check for working C compiler: /usr/bin/cc -- works
[0.805s] -- Detecting C compiler ABI info
[0.860s] -- Detecting C compiler ABI info - done
[0.873s] -- Detecting C compile features
[0.873s] -- Detecting C compile features - done
[0.875s] -- Check for working CXX compiler: /usr/bin/c++
[0.934s] -- Check for working CXX compiler: /usr/bin/c++ -- works
[0.936s] -- Detecting CXX compiler ABI info
[0.997s] -- Detecting CXX compiler ABI info - done
[1.009s] -- Detecting CXX compile features
[1.010s] -- Detecting CXX compile features - done
[1.012s] -- Found ament_cmake: 1.1.6 (/opt/ros/galactic/share/ament_cmake/cmake)
[1.038s] -- Found PythonInterp: /usr/bin/python3 (found suitable version "3.8.10", minimum required is "3") 
[1.039s] -- Using PYTHON_EXECUTABLE: /usr/bin/python3
[1.102s] -- Found rclcpp: 9.2.2 (/opt/ros/galactic/share/rclcpp/cmake)
[1.150s] -- Using all available rosidl_typesupport_c: rosidl_typesupport_fastrtps_c;rosidl_typesupport_introspection_c
[1.157s] -- Found rosidl_adapter: 2.2.3 (/opt/ros/galactic/share/rosidl_adapter/cmake)
[1.237s] -- Found OpenSSL: /usr/lib/x86_64-linux-gnu/libcrypto.so (found version "1.1.1f")  
[1.262s] -- Found FastRTPS: /opt/ros/galactic/include  
[1.323s] -- Using all available rosidl_typesupport_cpp: rosidl_typesupport_fastrtps_cpp;rosidl_typesupport_introspection_cpp
[1.368s] -- Found rmw_implementation_cmake: 3.3.1 (/opt/ros/galactic/share/rmw_implementation_cmake/cmake)
[1.370s] -- Found rmw_cyclonedds_cpp: 0.22.6 (/opt/ros/galactic/share/rmw_cyclonedds_cpp/cmake)
[1.385s] -- Using RMW implementation 'rmw_cyclonedds_cpp' as default
[1.387s] -- Looking for pthread.h
[1.449s] -- Looking for pthread.h - found
[1.449s] -- Performing Test CMAKE_HAVE_LIBC_PTHREAD
[1.512s] -- Performing Test CMAKE_HAVE_LIBC_PTHREAD - Failed
[1.512s] -- Looking for pthread_create in pthreads
[1.569s] -- Looking for pthread_create in pthreads - not found
[1.569s] -- Looking for pthread_create in pthread
[1.631s] -- Looking for pthread_create in pthread - found
[1.633s] -- Found Threads: TRUE  
[1.747s] -- Found sensor_msgs: 2.2.4 (/opt/ros/galactic/share/sensor_msgs/cmake)
[1.828s] -- Found visualization_msgs: 2.2.4 (/opt/ros/galactic/share/visualization_msgs/cmake)
[1.880s] -- Found ament_lint_auto: 0.10.7 (/opt/ros/galactic/share/ament_lint_auto/cmake)
[1.942s] -- Added test 'copyright' to check source files copyright and LICENSE
[1.954s] -- Added test 'cppcheck' to perform static code analysis on C / C++ code
[1.954s] -- Configured cppcheck include dirs: /home/ohj/mecanum-ros2/src/ydlidar_ros2/src;/home/ohj/mecanum-ros2/src/ydlidar_ros2/sdk/include;/home/ohj/mecanum-ros2/src/ydlidar_ros2/sdk/src
[1.954s] -- Configured cppcheck exclude dirs and/or files: 
[1.962s] -- Added test 'cpplint' to check C / C++ code against the Google style
[1.963s] -- Configured cpplint exclude dirs and/or files: 
[1.964s] -- Added test 'flake8' to check Python code syntax and style conventions
[1.966s] -- Added test 'lint_cmake' to check CMake code style
[1.968s] -- Added test 'pep257' to check Python code against some of the style conventions in PEP 257
[1.977s] -- Added test 'uncrustify' to check C / C++ code style
[1.977s] -- Configured uncrustify additional arguments: 
[1.978s] -- Added test 'xmllint' to check XML markup files
[1.980s] -- Configuring done
[1.990s] -- Generating done
[1.991s] -- Build files have been written to: /home/ohj/mecanum-ros2/build/ydlidar
[1.997s] Invoked command in '/home/ohj/mecanum-ros2/build/ydlidar' returned '0': CMAKE_PREFIX_PATH=/opt/ros/galactic /usr/bin/cmake /home/ohj/mecanum-ros2/src/ydlidar_ros2 -DCMAKE_INSTALL_PREFIX=/home/ohj/mecanum-ros2/install/ydlidar
[2.001s] Invoking command in '/home/ohj/mecanum-ros2/build/ydlidar': CMAKE_PREFIX_PATH=/opt/ros/galactic /usr/bin/cmake --build /home/ohj/mecanum-ros2/build/ydlidar -- -j16 -l16
[2.040s] [35m[1mScanning dependencies of target ydlidar_node[0m
[2.041s] [35m[1mScanning dependencies of target ydlidar_client[0m
[2.114s] [  9%] [32mBuilding CXX object CMakeFiles/ydlidar_client.dir/src/ydlidar_client.cpp.o[0m
[2.117s] [ 27%] [32mBuilding CXX object CMakeFiles/ydlidar_node.dir/sdk/src/impl/unix/list_ports_linux.cpp.o[0m
[2.117s] [ 27%] [32mBuilding CXX object CMakeFiles/ydlidar_node.dir/sdk/src/CYdLidar.cpp.o[0m
[2.117s] [ 36%] [32mBuilding CXX object CMakeFiles/ydlidar_node.dir/sdk/src/impl/unix/unix_timer.cpp.o[0m
[2.117s] [ 45%] [32mBuilding CXX object CMakeFiles/ydlidar_node.dir/sdk/src/serial.cpp.o[0m
[2.119s] [ 54%] [32mBuilding CXX object CMakeFiles/ydlidar_node.dir/sdk/src/impl/unix/unix_serial.cpp.o[0m
[2.119s] [ 63%] [32mBuilding CXX object CMakeFiles/ydlidar_node.dir/sdk/src/ydlidar_driver.cpp.o[0m
[2.120s] [ 72%] [32mBuilding CXX object CMakeFiles/ydlidar_node.dir/src/ydlidar_node.cpp.o[0m
[2.121s] [ 81%] [32mBuilding C object CMakeFiles/ydlidar_node.dir/sdk/src/lock.c.o[0m
[2.151s] [01m[K/home/ohj/mecanum-ros2/src/ydlidar_ros2/sdk/src/lock.c:[m[K In function ‘[01m[Kfhs_lock[m[K’:
[2.151s] [01m[K/home/ohj/mecanum-ros2/src/ydlidar_ros2/sdk/src/lock.c:199:40:[m[K [01;35m[Kwarning: [m[Kunused parameter ‘[01m[Kpid[m[K’ [[01;35m[K-Wunused-parameter[m[K]
[2.151s]   199 | int fhs_lock(const char *filename, [01;35m[Kint pid[m[K) {
[2.151s]       |                                    [01;35m[K~~~~^~~[m[K
[2.151s] [01m[K/home/ohj/mecanum-ros2/src/ydlidar_ros2/sdk/src/lock.c:[m[K In function ‘[01m[Kuucp_lock[m[K’:
[2.151s] [01m[K/home/ohj/mecanum-ros2/src/ydlidar_ros2/sdk/src/lock.c:281:41:[m[K [01;35m[Kwarning: [m[Kunused parameter ‘[01m[Kpid[m[K’ [[01;35m[K-Wunused-parameter[m[K]
[2.151s]   281 | int uucp_lock(const char *filename, [01;35m[Kint pid[m[K) {
[2.151s]       |                                     [01;35m[K~~~~^~~[m[K
[2.259s] In file included from [01m[K/home/ohj/mecanum-ros2/src/ydlidar_ros2/sdk/include/timer.h:2[m[K,
[2.260s]                  from [01m[K/home/ohj/mecanum-ros2/src/ydlidar_ros2/sdk/src/impl/unix/unix_timer.cpp:2[m[K:
[2.260s] [01m[K/home/ohj/mecanum-ros2/src/ydlidar_ros2/sdk/include/v8stdint.h:[m[K In function ‘[01m[Kbool ydlidar::fileExists(std::string)[m[K’:
[2.260s] [01m[K/home/ohj/mecanum-ros2/src/ydlidar_ros2/sdk/include/v8stdint.h:240:24:[m[K [01;35m[Kwarning: [m[Kmissing initializer for member ‘[01m[Kstat::st_ino[m[K’ [[01;35m[K-Wmissing-field-initializers[m[K]
[2.260s]   240 |   struct stat info = {0[01;35m[K}[m[K;
[2.260s]       |                        [01;35m[K^[m[K
[2.260s] [01m[K/home/ohj/mecanum-ros2/src/ydlidar_ros2/sdk/include/v8stdint.h:240:24:[m[K [01;35m[Kwarning: [m[Kmissing initializer for member ‘[01m[Kstat::st_nlink[m[K’ [[01;35m[K-Wmissing-field-initializers[m[K]
[2.260s] [01m[K/home/ohj/mecanum-ros2/src/ydlidar_ros2/sdk/include/v8stdint.h:240:24:[m[K [01;35m[Kwarning: [m[Kmissing initializer for member ‘[01m[Kstat::st_mode[m[K’ [[01;35m[K-Wmissing-field-initializers[m[K]
[2.260s] [01m[K/home/ohj/mecanum-ros2/src/ydlidar_ros2/sdk/include/v8stdint.h:240:24:[m[K [01;35m[Kwarning: [m[Kmissing initializer for member ‘[01m[Kstat::st_uid[m[K’ [[01;35m[K-Wmissing-field-initializers[m[K]
[2.260s] [01m[K/home/ohj/mecanum-ros2/src/ydlidar_ros2/sdk/include/v8stdint.h:240:24:[m[K [01;35m[Kwarning: [m[Kmissing initializer for member ‘[01m[Kstat::st_gid[m[K’ [[01;35m[K-Wmissing-field-initializers[m[K]
[2.260s] [01m[K/home/ohj/mecanum-ros2/src/ydlidar_ros2/sdk/include/v8stdint.h:240:24:[m[K [01;35m[Kwarning: [m[Kmissing initializer for member ‘[01m[Kstat::__pad0[m[K’ [[01;35m[K-Wmissing-field-initializers[m[K]
[2.261s] [01m[K/home/ohj/mecanum-ros2/src/ydlidar_ros2/sdk/include/v8stdint.h:240:24:[m[K [01;35m[Kwarning: [m[Kmissing initializer for member ‘[01m[Kstat::st_rdev[m[K’ [[01;35m[K-Wmissing-field-initializers[m[K]
[2.261s] [01m[K/home/ohj/mecanum-ros2/src/ydlidar_ros2/sdk/include/v8stdint.h:240:24:[m[K [01;35m[Kwarning: [m[Kmissing initializer for member ‘[01m[Kstat::st_size[m[K’ [[01;35m[K-Wmissing-field-initializers[m[K]
[2.261s] [01m[K/home/ohj/mecanum-ros2/src/ydlidar_ros2/sdk/include/v8stdint.h:240:24:[m[K [01;35m[Kwarning: [m[Kmissing initializer for member ‘[01m[Kstat::st_blksize[m[K’ [[01;35m[K-Wmissing-field-initializers[m[K]
[2.261s] [01m[K/home/ohj/mecanum-ros2/src/ydlidar_ros2/sdk/include/v8stdint.h:240:24:[m[K [01;35m[Kwarning: [m[Kmissing initializer for member ‘[01m[Kstat::st_blocks[m[K’ [[01;35m[K-Wmissing-field-initializers[m[K]
[2.261s] [01m[K/home/ohj/mecanum-ros2/src/ydlidar_ros2/sdk/include/v8stdint.h:240:24:[m[K [01;35m[Kwarning: [m[Kmissing initializer for member ‘[01m[Kstat::st_atim[m[K’ [[01;35m[K-Wmissing-field-initializers[m[K]
[2.261s] [01m[K/home/ohj/mecanum-ros2/src/ydlidar_ros2/sdk/include/v8stdint.h:240:24:[m[K [01;35m[Kwarning: [m[Kmissing initializer for member ‘[01m[Kstat::st_mtim[m[K’ [[01;35m[K-Wmissing-field-initializers[m[K]
[2.261s] [01m[K/home/ohj/mecanum-ros2/src/ydlidar_ros2/sdk/include/v8stdint.h:240:24:[m[K [01;35m[Kwarning: [m[Kmissing initializer for member ‘[01m[Kstat::st_ctim[m[K’ [[01;35m[K-Wmissing-field-initializers[m[K]
[2.261s] [01m[K/home/ohj/mecanum-ros2/src/ydlidar_ros2/sdk/include/v8stdint.h:240:24:[m[K [01;35m[Kwarning: [m[Kmissing initializer for member ‘[01m[Kstat::__glibc_reserved[m[K’ [[01;35m[K-Wmissing-field-initializers[m[K]
[2.354s] In file included from [01m[K/home/ohj/mecanum-ros2/src/ydlidar_ros2/sdk/include/serial.h:9[m[K,
[2.354s]                  from [01m[K/home/ohj/mecanum-ros2/src/ydlidar_ros2/sdk/src/impl/unix/list_ports_linux.cpp:26[m[K:
[2.354s] [01m[K/home/ohj/mecanum-ros2/src/ydlidar_ros2/sdk/include/v8stdint.h:[m[K In function ‘[01m[Kbool ydlidar::fileExists(std::string)[m[K’:
[2.355s] [01m[K/home/ohj/mecanum-ros2/src/ydlidar_ros2/sdk/include/v8stdint.h:240:24:[m[K [01;35m[Kwarning: [m[Kmissing initializer for member ‘[01m[Kstat::st_ino[m[K’ [[01;35m[K-Wmissing-field-initializers[m[K]
[2.355s]   240 |   struct stat info = {0[01;35m[K}[m[K;
[2.355s]       |                        [01;35m[K^[m[K
[2.355s] [01m[K/home/ohj/mecanum-ros2/src/ydlidar_ros2/sdk/include/v8stdint.h:240:24:[m[K [01;35m[Kwarning: [m[Kmissing initializer for member ‘[01m[Kstat::st_nlink[m[K’ [[01;35m[K-Wmissing-field-initializers[m[K]
[2.355s] [01m[K/home/ohj/mecanum-ros2/src/ydlidar_ros2/sdk/include/v8stdint.h:240:24:[m[K [01;35m[Kwarning: [m[Kmissing initializer for member ‘[01m[Kstat::st_mode[m[K’ [[01;35m[K-Wmissing-field-initializers[m[K]
[2.355s] [01m[K/home/ohj/mecanum-ros2/src/ydlidar_ros2/sdk/include/v8stdint.h:240:24:[m[K [01;35m[Kwarning: [m[Kmissing initializer for member ‘[01m[Kstat::st_uid[m[K’ [[01;35m[K-Wmissing-field-initializers[m[K]
[2.355s] [01m[K/home/ohj/mecanum-ros2/src/ydlidar_ros2/sdk/include/v8stdint.h:240:24:[m[K [01;35m[Kwarning: [m[Kmissing initializer for member ‘[01m[Kstat::st_gid[m[K’ [[01;35m[K-Wmissing-field-initializers[m[K]
[2.355s] [01m[K/home/ohj/mecanum-ros2/src/ydlidar_ros2/sdk/include/v8stdint.h:240:24:[m[K [01;35m[Kwarning: [m[Kmissing initializer for member ‘[01m[Kstat::__pad0[m[K’ [[01;35m[K-Wmissing-field-initializers[m[K]
[2.355s] [01m[K/home/ohj/mecanum-ros2/src/ydlidar_ros2/sdk/include/v8stdint.h:240:24:[m[K [01;35m[Kwarning: [m[Kmissing initializer for member ‘[01m[Kstat::st_rdev[m[K’ [[01;35m[K-Wmissing-field-initializers[m[K]
[2.355s] [01m[K/home/ohj/mecanum-ros2/src/ydlidar_ros2/sdk/include/v8stdint.h:240:24:[m[K [01;35m[Kwarning: [m[Kmissing initializer for member ‘[01m[Kstat::st_size[m[K’ [[01;35m[K-Wmissing-field-initializers[m[K]
[2.355s] [01m[K/home/ohj/mecanum-ros2/src/ydlidar_ros2/sdk/include/v8stdint.h:240:24:[m[K [01;35m[Kwarning: [m[Kmissing initializer for member ‘[01m[Kstat::st_blksize[m[K’ [[01;35m[K-Wmissing-field-initializers[m[K]
[2.355s] [01m[K/home/ohj/mecanum-ros2/src/ydlidar_ros2/sdk/include/v8stdint.h:240:24:[m[K [01;35m[Kwarning: [m[Kmissing initializer for member ‘[01m[Kstat::st_blocks[m[K’ [[01;35m[K-Wmissing-field-initializers[m[K]
[2.356s] [01m[K/home/ohj/mecanum-ros2/src/ydlidar_ros2/sdk/include/v8stdint.h:240:24:[m[K [01;35m[Kwarning: [m[Kmissing initializer for member ‘[01m[Kstat::st_atim[m[K’ [[01;35m[K-Wmissing-field-initializers[m[K]
[2.356s] [01m[K/home/ohj/mecanum-ros2/src/ydlidar_ros2/sdk/include/v8stdint.h:240:24:[m[K [01;35m[Kwarning: [m[Kmissing initializer for member ‘[01m[Kstat::st_mtim[m[K’ [[01;35m[K-Wmissing-field-initializers[m[K]
[2.356s] [01m[K/home/ohj/mecanum-ros2/src/ydlidar_ros2/sdk/include/v8stdint.h:240:24:[m[K [01;35m[Kwarning: [m[Kmissing initializer for member ‘[01m[Kstat::st_ctim[m[K’ [[01;35m[K-Wmissing-field-initializers[m[K]
[2.356s] [01m[K/home/ohj/mecanum-ros2/src/ydlidar_ros2/sdk/include/v8stdint.h:240:24:[m[K [01;35m[Kwarning: [m[Kmissing initializer for member ‘[01m[Kstat::__glibc_reserved[m[K’ [[01;35m[K-Wmissing-field-initializers[m[K]
[2.358s] [01m[K/home/ohj/mecanum-ros2/src/ydlidar_ros2/sdk/src/impl/unix/list_ports_linux.cpp:[m[K In function ‘[01m[Kstd::vector<std::__cxx11::basic_string<char> > glob(const std::vector<std::__cxx11::basic_string<char> >&)[m[K’:
[2.358s] [01m[K/home/ohj/mecanum-ros2/src/ydlidar_ros2/sdk/src/impl/unix/list_ports_linux.cpp:58:7:[m[K [01;35m[Kwarning: [m[Kvariable ‘[01m[Kglob_retval[m[K’ set but not used [[01;35m[K-Wunused-but-set-variable[m[K]
[2.358s]    58 |   int [01;35m[Kglob_retval[m[K = glob(patterns[0].c_str(), 0, NULL, &glob_results);
[2.358s]       |       [01;35m[K^~~~~~~~~~~[m[K
[2.395s] In file included from [01m[K/home/ohj/mecanum-ros2/src/ydlidar_ros2/sdk/include/serial.h:9[m[K,
[2.395s]                  from [01m[K/home/ohj/mecanum-ros2/src/ydlidar_ros2/sdk/src/impl/unix/unix_serial.h:9[m[K,
[2.395s]                  from [01m[K/home/ohj/mecanum-ros2/src/ydlidar_ros2/sdk/src/impl/unix/unix_serial.cpp:39[m[K:
[2.395s] [01m[K/home/ohj/mecanum-ros2/src/ydlidar_ros2/sdk/include/v8stdint.h:[m[K In function ‘[01m[Kbool ydlidar::fileExists(std::string)[m[K’:
[2.396s] [01m[K/home/ohj/mecanum-ros2/src/ydlidar_ros2/sdk/include/v8stdint.h:240:24:[m[K [01;35m[Kwarning: [m[Kmissing initializer for member ‘[01m[Kstat::st_ino[m[K’ [[01;35m[K-Wmissing-field-initializers[m[K]
[2.396s]   240 |   struct stat info = {0[01;35m[K}[m[K;
[2.396s]       |                        [01;35m[K^[m[K
[2.396s] [01m[K/home/ohj/mecanum-ros2/src/ydlidar_ros2/sdk/include/v8stdint.h:240:24:[m[K [01;35m[Kwarning: [m[Kmissing initializer for member ‘[01m[Kstat::st_nlink[m[K’ [[01;35m[K-Wmissing-field-initializers[m[K]
[2.396s] [01m[K/home/ohj/mecanum-ros2/src/ydlidar_ros2/sdk/include/v8stdint.h:240:24:[m[K [01;35m[Kwarning: [m[Kmissing initializer for member ‘[01m[Kstat::st_mode[m[K’ [[01;35m[K-Wmissing-field-initializers[m[K]
[2.396s] [01m[K/home/ohj/mecanum-ros2/src/ydlidar_ros2/sdk/include/v8stdint.h:240:24:[m[K [01;35m[Kwarning: [m[Kmissing initializer for member ‘[01m[Kstat::st_uid[m[K’ [[01;35m[K-Wmissing-field-initializers[m[K]
[2.396s] [01m[K/home/ohj/mecanum-ros2/src/ydlidar_ros2/sdk/include/v8stdint.h:240:24:[m[K [01;35m[Kwarning: [m[Kmissing initializer for member ‘[01m[Kstat::st_gid[m[K’ [[01;35m[K-Wmissing-field-initializers[m[K]
[2.396s] [01m[K/home/ohj/mecanum-ros2/src/ydlidar_ros2/sdk/include/v8stdint.h:240:24:[m[K [01;35m[Kwarning: [m[Kmissing initializer for member ‘[01m[Kstat::__pad0[m[K’ [[01;35m[K-Wmissing-field-initializers[m[K]
[2.396s] [01m[K/home/ohj/mecanum-ros2/src/ydlidar_ros2/sdk/include/v8stdint.h:240:24:[m[K [01;35m[Kwarning: [m[Kmissing initializer for member ‘[01m[Kstat::st_rdev[m[K’ [[01;35m[K-Wmissing-field-initializers[m[K]
[2.396s] [01m[K/home/ohj/mecanum-ros2/src/ydlidar_ros2/sdk/include/v8stdint.h:240:24:[m[K [01;35m[Kwarning: [m[Kmissing initializer for member ‘[01m[Kstat::st_size[m[K’ [[01;35m[K-Wmissing-field-initializers[m[K]
[2.396s] [01m[K/home/ohj/mecanum-ros2/src/ydlidar_ros2/sdk/include/v8stdint.h:240:24:[m[K [01;35m[Kwarning: [m[Kmissing initializer for member ‘[01m[Kstat::st_blksize[m[K’ [[01;35m[K-Wmissing-field-initializers[m[K]
[2.396s] [01m[K/home/ohj/mecanum-ros2/src/ydlidar_ros2/sdk/include/v8stdint.h:240:24:[m[K [01;35m[Kwarning: [m[Kmissing initializer for member ‘[01m[Kstat::st_blocks[m[K’ [[01;35m[K-Wmissing-field-initializers[m[K]
[2.396s] [01m[K/home/ohj/mecanum-ros2/src/ydlidar_ros2/sdk/include/v8stdint.h:240:24:[m[K [01;35m[Kwarning: [m[Kmissing initializer for member ‘[01m[Kstat::st_atim[m[K’ [[01;35m[K-Wmissing-field-initializers[m[K]
[2.397s] [01m[K/home/ohj/mecanum-ros2/src/ydlidar_ros2/sdk/include/v8stdint.h:240:24:[m[K [01;35m[Kwarning: [m[Kmissing initializer for member ‘[01m[Kstat::st_mtim[m[K’ [[01;35m[K-Wmissing-field-initializers[m[K]
[2.397s] [01m[K/home/ohj/mecanum-ros2/src/ydlidar_ros2/sdk/include/v8stdint.h:240:24:[m[K [01;35m[Kwarning: [m[Kmissing initializer for member ‘[01m[Kstat::st_ctim[m[K’ [[01;35m[K-Wmissing-field-initializers[m[K]
[2.397s] [01m[K/home/ohj/mecanum-ros2/src/ydlidar_ros2/sdk/include/v8stdint.h:240:24:[m[K [01;35m[Kwarning: [m[Kmissing initializer for member ‘[01m[Kstat::__glibc_reserved[m[K’ [[01;35m[K-Wmissing-field-initializers[m[K]
[2.402s] In file included from [01m[K/home/ohj/mecanum-ros2/src/ydlidar_ros2/sdk/include/serial.h:9[m[K,
[2.402s]                  from [01m[K/home/ohj/mecanum-ros2/src/ydlidar_ros2/sdk/include/ydlidar_driver.h:54[m[K,
[2.403s]                  from [01m[K/home/ohj/mecanum-ros2/src/ydlidar_ros2/sdk/src/ydlidar_driver.cpp:34[m[K:
[2.403s] [01m[K/home/ohj/mecanum-ros2/src/ydlidar_ros2/sdk/include/v8stdint.h:[m[K In function ‘[01m[Kbool ydlidar::fileExists(std::string)[m[K’:
[2.403s] [01m[K/home/ohj/mecanum-ros2/src/ydlidar_ros2/sdk/include/v8stdint.h:240:24:[m[K [01;35m[Kwarning: [m[Kmissing initializer for member ‘[01m[Kstat::st_ino[m[K’ [[01;35m[K-Wmissing-field-initializers[m[K]
[2.403s]   240 |   struct stat info = {0[01;35m[K}[m[K;
[2.403s]       |                        [01;35m[K^[m[K
[2.403s] [01m[K/home/ohj/mecanum-ros2/src/ydlidar_ros2/sdk/include/v8stdint.h:240:24:[m[K [01;35m[Kwarning: [m[Kmissing initializer for member ‘[01m[Kstat::st_nlink[m[K’ [[01;35m[K-Wmissing-field-initializers[m[K]
[2.403s] [01m[K/home/ohj/mecanum-ros2/src/ydlidar_ros2/sdk/include/v8stdint.h:240:24:[m[K [01;35m[Kwarning: [m[Kmissing initializer for member ‘[01m[Kstat::st_mode[m[K’ [[01;35m[K-Wmissing-field-initializers[m[K]
[2.403s] [01m[K/home/ohj/mecanum-ros2/src/ydlidar_ros2/sdk/include/v8stdint.h:240:24:[m[K [01;35m[Kwarning: [m[Kmissing initializer for member ‘[01m[Kstat::st_uid[m[K’ [[01;35m[K-Wmissing-field-initializers[m[K]
[2.403s] [01m[K/home/ohj/mecanum-ros2/src/ydlidar_ros2/sdk/include/v8stdint.h:240:24:[m[K [01;35m[Kwarning: [m[Kmissing initializer for member ‘[01m[Kstat::st_gid[m[K’ [[01;35m[K-Wmissing-field-initializers[m[K]
[2.403s] [01m[K/home/ohj/mecanum-ros2/src/ydlidar_ros2/sdk/include/v8stdint.h:240:24:[m[K [01;35m[Kwarning: [m[Kmissing initializer for member ‘[01m[Kstat::__pad0[m[K’ [[01;35m[K-Wmissing-field-initializers[m[K]
[2.403s] [01m[K/home/ohj/mecanum-ros2/src/ydlidar_ros2/sdk/include/v8stdint.h:240:24:[m[K [01;35m[Kwarning: [m[Kmissing initializer for member ‘[01m[Kstat::st_rdev[m[K’ [[01;35m[K-Wmissing-field-initializers[m[K]
[2.404s] [01m[K/home/ohj/mecanum-ros2/src/ydlidar_ros2/sdk/include/v8stdint.h:240:24:[m[K [01;35m[Kwarning: [m[Kmissing initializer for member ‘[01m[Kstat::st_size[m[K’ [[01;35m[K-Wmissing-field-initializers[m[K]
[2.404s] [01m[K/home/ohj/mecanum-ros2/src/ydlidar_ros2/sdk/include/v8stdint.h:240:24:[m[K [01;35m[Kwarning: [m[Kmissing initializer for member ‘[01m[Kstat::st_blksize[m[K’ [[01;35m[K-Wmissing-field-initializers[m[K]
[2.404s] [01m[K/home/ohj/mecanum-ros2/src/ydlidar_ros2/sdk/include/v8stdint.h:240:24:[m[K [01;35m[Kwarning: [m[Kmissing initializer for member ‘[01m[Kstat::st_blocks[m[K’ [[01;35m[K-Wmissing-field-initializers[m[K]
[2.404s] [01m[K/home/ohj/mecanum-ros2/src/ydlidar_ros2/sdk/include/v8stdint.h:240:24:[m[K [01;35m[Kwarning: [m[Kmissing initializer for member ‘[01m[Kstat::st_atim[m[K’ [[01;35m[K-Wmissing-field-initializers[m[K]
[2.404s] [01m[K/home/ohj/mecanum-ros2/src/ydlidar_ros2/sdk/include/v8stdint.h:240:24:[m[K [01;35m[Kwarning: [m[Kmissing initializer for member ‘[01m[Kstat::st_mtim[m[K’ [[01;35m[K-Wmissing-field-initializers[m[K]
[2.404s] [01m[K/home/ohj/mecanum-ros2/src/ydlidar_ros2/sdk/include/v8stdint.h:240:24:[m[K [01;35m[Kwarning: [m[Kmissing initializer for member ‘[01m[Kstat::st_ctim[m[K’ [[01;35m[K-Wmissing-field-initializers[m[K]
[2.404s] [01m[K/home/ohj/mecanum-ros2/src/ydlidar_ros2/sdk/include/v8stdint.h:240:24:[m[K [01;35m[Kwarning: [m[Kmissing initializer for member ‘[01m[Kstat::__glibc_reserved[m[K’ [[01;35m[K-Wmissing-field-initializers[m[K]
[2.405s] [01m[K/home/ohj/mecanum-ros2/src/ydlidar_ros2/sdk/src/impl/unix/unix_serial.cpp:[m[K In member function ‘[01m[Kbool serial::Serial::SerialImpl::setCustomBaudRate(long unsigned int)[m[K’:
[2.406s] [01m[K/home/ohj/mecanum-ros2/src/ydlidar_ros2/sdk/src/impl/unix/unix_serial.cpp:1235:40:[m[K [01;35m[Kwarning: [m[Kcomparison of integer expressions of different signedness: ‘[01m[Klong unsigned int[m[K’ and ‘[01m[Kint[m[K’ [[01;35m[K-Wsign-compare[m[K]
[2.406s]  1235 |   if ([01;35m[Kserial.custom_divisor * baudrate != serial.baud_base[m[K) {
[2.406s]       |       [01;35m[K~~~~~~~~~~~~~~~~~~~~~~~~~~~~~~~~~^~~~~~~~~~~~~~~~~~~[m[K
[2.406s] In file included from [01m[K/home/ohj/mecanum-ros2/src/ydlidar_ros2/sdk/include/ydlidar_driver.h:56[m[K,
[2.406s]                  from [01m[K/home/ohj/mecanum-ros2/src/ydlidar_ros2/sdk/src/ydlidar_driver.cpp:34[m[K:
[2.406s] [01m[K/home/ohj/mecanum-ros2/src/ydlidar_ros2/sdk/include/thread.h:[m[K In static member function ‘[01m[Kstatic Thread Thread::createThread(thread_proc_t, void*)[m[K’:
[2.406s] [01m[K/home/ohj/mecanum-ros2/src/ydlidar_ros2/sdk/include/thread.h:43:76:[m[K [01;35m[Kwarning: [m[Kcast between incompatible function types from ‘[01m[Kthread_proc_t[m[K’ {aka ‘[01m[Klong unsigned int (*)(void*)[m[K’} to ‘[01m[Kvoid* (*)(void*)[m[K’ [[01;35m[K-Wcast-function-type[m[K]
[2.406s]    43 |     pthread_create((pthread_t *)&thread_._handle, NULL, (void *(*)(void *))[01;35m[Kproc[m[K,
[2.407s]       |                                                                            [01;35m[K^~~~[m[K
[2.415s] In file included from [01m[K/home/ohj/mecanum-ros2/src/ydlidar_ros2/sdk/include/ydlidar_driver.h:58[m[K,
[2.415s]                  from [01m[K/home/ohj/mecanum-ros2/src/ydlidar_ros2/sdk/src/ydlidar_driver.cpp:34[m[K:
[2.415s] [01m[K/home/ohj/mecanum-ros2/src/ydlidar_ros2/sdk/include/help_info.h:[m[K In function ‘[01m[Kbool ydlidar::isSupportMotorCtrl(int)[m[K’:
[2.415s] [01m[K/home/ohj/mecanum-ros2/src/ydlidar_ros2/sdk/include/help_info.h:414:8:[m[K [01;35m[Kwarning: [m[Kvariable ‘[01m[Kret[m[K’ set but not used [[01;35m[K-Wunused-but-set-variable[m[K]
[2.415s]   414 |   bool [01;35m[Kret[m[K = false;
[2.416s]       |        [01;35m[K^~~[m[K
[2.442s] In file included from [01m[K/home/ohj/mecanum-ros2/src/ydlidar_ros2/sdk/include/serial.h:9[m[K,
[2.443s]                  from [01m[K/home/ohj/mecanum-ros2/src/ydlidar_ros2/sdk/src/serial.cpp:11[m[K:
[2.443s] [01m[K/home/ohj/mecanum-ros2/src/ydlidar_ros2/sdk/include/v8stdint.h:[m[K In function ‘[01m[Kbool ydlidar::fileExists(std::string)[m[K’:
[2.443s] [01m[K/home/ohj/mecanum-ros2/src/ydlidar_ros2/sdk/include/v8stdint.h:240:24:[m[K [01;35m[Kwarning: [m[Kmissing initializer for member ‘[01m[Kstat::st_ino[m[K’ [[01;35m[K-Wmissing-field-initializers[m[K]
[2.443s]   240 |   struct stat info = {0[01;35m[K}[m[K;
[2.443s]       |                        [01;35m[K^[m[K
[2.443s] [01m[K/home/ohj/mecanum-ros2/src/ydlidar_ros2/sdk/include/v8stdint.h:240:24:[m[K [01;35m[Kwarning: [m[Kmissing initializer for member ‘[01m[Kstat::st_nlink[m[K’ [[01;35m[K-Wmissing-field-initializers[m[K]
[2.443s] [01m[K/home/ohj/mecanum-ros2/src/ydlidar_ros2/sdk/include/v8stdint.h:240:24:[m[K [01;35m[Kwarning: [m[Kmissing initializer for member ‘[01m[Kstat::st_mode[m[K’ [[01;35m[K-Wmissing-field-initializers[m[K]
[2.443s] [01m[K/home/ohj/mecanum-ros2/src/ydlidar_ros2/sdk/include/v8stdint.h:240:24:[m[K [01;35m[Kwarning: [m[Kmissing initializer for member ‘[01m[Kstat::st_uid[m[K’ [[01;35m[K-Wmissing-field-initializers[m[K]
[2.443s] [01m[K/home/ohj/mecanum-ros2/src/ydlidar_ros2/sdk/include/v8stdint.h:240:24:[m[K [01;35m[Kwarning: [m[Kmissing initializer for member ‘[01m[Kstat::st_gid[m[K’ [[01;35m[K-Wmissing-field-initializers[m[K]
[2.443s] [01m[K/home/ohj/mecanum-ros2/src/ydlidar_ros2/sdk/include/v8stdint.h:240:24:[m[K [01;35m[Kwarning: [m[Kmissing initializer for member ‘[01m[Kstat::__pad0[m[K’ [[01;35m[K-Wmissing-field-initializers[m[K]
[2.444s] [01m[K/home/ohj/mecanum-ros2/src/ydlidar_ros2/sdk/include/v8stdint.h:240:24:[m[K [01;35m[Kwarning: [m[Kmissing initializer for member ‘[01m[Kstat::st_rdev[m[K’ [[01;35m[K-Wmissing-field-initializers[m[K]
[2.444s] [01m[K/home/ohj/mecanum-ros2/src/ydlidar_ros2/sdk/include/v8stdint.h:240:24:[m[K [01;35m[Kwarning: [m[Kmissing initializer for member ‘[01m[Kstat::st_size[m[K’ [[01;35m[K-Wmissing-field-initializers[m[K]
[2.444s] [01m[K/home/ohj/mecanum-ros2/src/ydlidar_ros2/sdk/include/v8stdint.h:240:24:[m[K [01;35m[Kwarning: [m[Kmissing initializer for member ‘[01m[Kstat::st_blksize[m[K’ [[01;35m[K-Wmissing-field-initializers[m[K]
[2.444s] [01m[K/home/ohj/mecanum-ros2/src/ydlidar_ros2/sdk/include/v8stdint.h:240:24:[m[K [01;35m[Kwarning: [m[Kmissing initializer for member ‘[01m[Kstat::st_blocks[m[K’ [[01;35m[K-Wmissing-field-initializers[m[K]
[2.444s] [01m[K/home/ohj/mecanum-ros2/src/ydlidar_ros2/sdk/include/v8stdint.h:240:24:[m[K [01;35m[Kwarning: [m[Kmissing initializer for member ‘[01m[Kstat::st_atim[m[K’ [[01;35m[K-Wmissing-field-initializers[m[K]
[2.444s] [01m[K/home/ohj/mecanum-ros2/src/ydlidar_ros2/sdk/include/v8stdint.h:240:24:[m[K [01;35m[Kwarning: [m[Kmissing initializer for member ‘[01m[Kstat::st_mtim[m[K’ [[01;35m[K-Wmissing-field-initializers[m[K]
[2.444s] [01m[K/home/ohj/mecanum-ros2/src/ydlidar_ros2/sdk/include/v8stdint.h:240:24:[m[K [01;35m[Kwarning: [m[Kmissing initializer for member ‘[01m[Kstat::st_ctim[m[K’ [[01;35m[K-Wmissing-field-initializers[m[K]
[2.444s] [01m[K/home/ohj/mecanum-ros2/src/ydlidar_ros2/sdk/include/v8stdint.h:240:24:[m[K [01;35m[Kwarning: [m[Kmissing initializer for member ‘[01m[Kstat::__glibc_reserved[m[K’ [[01;35m[K-Wmissing-field-initializers[m[K]
[2.466s] [01m[K/home/ohj/mecanum-ros2/src/ydlidar_ros2/sdk/src/ydlidar_driver.cpp:[m[K In member function ‘[01m[Kresult_t ydlidar::YDlidarDriver::waitPackage(node_info*, uint32_t)[m[K’:
[2.466s] [01m[K/home/ohj/mecanum-ros2/src/ydlidar_ros2/sdk/src/ydlidar_driver.cpp:992:95:[m[K [01;35m[Kwarning: [m[Ksuggest parentheses around arithmetic in operand of ‘[01m[K|[m[K’ [[01;35m[K-Wparentheses[m[K]
[2.466s]   992 |                                          [01;35m[Kpackages.packageSampleDistance[package_Sample_Index] &[m[K
[2.466s]       |                                          [01;35m[K~~~~~~~~~~~~~~~~~~~~~~~~~~~~~~~~~~~~~~~~~~~~~~~~~~~~~^[m[K
[2.466s]   993 | [01;35m[K                                         0x0003[m[K)) << LIDAR_RESP_MEASUREMENT_QUALITY_SHIFT;
[2.466s]       |                                          [01;35m[K~~~~~~[m[K                                                
[2.477s] In file included from [01m[K/home/ohj/mecanum-ros2/src/ydlidar_ros2/sdk/src/common.h:47[m[K,
[2.477s]                  from [01m[K/home/ohj/mecanum-ros2/src/ydlidar_ros2/sdk/src/serial.cpp:12[m[K:
[2.478s] [01m[K/home/ohj/mecanum-ros2/src/ydlidar_ros2/sdk/include/thread.h:[m[K In static member function ‘[01m[Kstatic Thread Thread::createThread(thread_proc_t, void*)[m[K’:
[2.478s] [01m[K/home/ohj/mecanum-ros2/src/ydlidar_ros2/sdk/include/thread.h:43:76:[m[K [01;35m[Kwarning: [m[Kcast between incompatible function types from ‘[01m[Kthread_proc_t[m[K’ {aka ‘[01m[Klong unsigned int (*)(void*)[m[K’} to ‘[01m[Kvoid* (*)(void*)[m[K’ [[01;35m[K-Wcast-function-type[m[K]
[2.478s]    43 |     pthread_create((pthread_t *)&thread_._handle, NULL, (void *(*)(void *))[01;35m[Kproc[m[K,
[2.478s]       |                                                                            [01;35m[K^~~~[m[K
[2.546s] In file included from [01m[K/home/ohj/mecanum-ros2/src/ydlidar_ros2/sdk/include/serial.h:9[m[K,
[2.546s]                  from [01m[K/home/ohj/mecanum-ros2/src/ydlidar_ros2/sdk/include/ydlidar_driver.h:54[m[K,
[2.546s]                  from [01m[K/home/ohj/mecanum-ros2/src/ydlidar_ros2/sdk/include/CYdLidar.h:36[m[K,
[2.546s]                  from [01m[K/home/ohj/mecanum-ros2/src/ydlidar_ros2/sdk/src/CYdLidar.cpp:34[m[K:
[2.546s] [01m[K/home/ohj/mecanum-ros2/src/ydlidar_ros2/sdk/include/v8stdint.h:[m[K In function ‘[01m[Kbool ydlidar::fileExists(std::string)[m[K’:
[2.547s] [01m[K/home/ohj/mecanum-ros2/src/ydlidar_ros2/sdk/include/v8stdint.h:240:24:[m[K [01;35m[Kwarning: [m[Kmissing initializer for member ‘[01m[Kstat::st_ino[m[K’ [[01;35m[K-Wmissing-field-initializers[m[K]
[2.547s]   240 |   struct stat info = {0[01;35m[K}[m[K;
[2.547s]       |                        [01;35m[K^[m[K
[2.547s] [01m[K/home/ohj/mecanum-ros2/src/ydlidar_ros2/sdk/include/v8stdint.h:240:24:[m[K [01;35m[Kwarning: [m[Kmissing initializer for member ‘[01m[Kstat::st_nlink[m[K’ [[01;35m[K-Wmissing-field-initializers[m[K]
[2.547s] [01m[K/home/ohj/mecanum-ros2/src/ydlidar_ros2/sdk/include/v8stdint.h:240:24:[m[K [01;35m[Kwarning: [m[Kmissing initializer for member ‘[01m[Kstat::st_mode[m[K’ [[01;35m[K-Wmissing-field-initializers[m[K]
[2.547s] [01m[K/home/ohj/mecanum-ros2/src/ydlidar_ros2/sdk/include/v8stdint.h:240:24:[m[K [01;35m[Kwarning: [m[Kmissing initializer for member ‘[01m[Kstat::st_uid[m[K’ [[01;35m[K-Wmissing-field-initializers[m[K]
[2.547s] [01m[K/home/ohj/mecanum-ros2/src/ydlidar_ros2/sdk/include/v8stdint.h:240:24:[m[K [01;35m[Kwarning: [m[Kmissing initializer for member ‘[01m[Kstat::st_gid[m[K’ [[01;35m[K-Wmissing-field-initializers[m[K]
[2.547s] [01m[K/home/ohj/mecanum-ros2/src/ydlidar_ros2/sdk/include/v8stdint.h:240:24:[m[K [01;35m[Kwarning: [m[Kmissing initializer for member ‘[01m[Kstat::__pad0[m[K’ [[01;35m[K-Wmissing-field-initializers[m[K]
[2.547s] [01m[K/home/ohj/mecanum-ros2/src/ydlidar_ros2/sdk/include/v8stdint.h:240:24:[m[K [01;35m[Kwarning: [m[Kmissing initializer for member ‘[01m[Kstat::st_rdev[m[K’ [[01;35m[K-Wmissing-field-initializers[m[K]
[2.547s] [01m[K/home/ohj/mecanum-ros2/src/ydlidar_ros2/sdk/include/v8stdint.h:240:24:[m[K [01;35m[Kwarning: [m[Kmissing initializer for member ‘[01m[Kstat::st_size[m[K’ [[01;35m[K-Wmissing-field-initializers[m[K]
[2.547s] [01m[K/home/ohj/mecanum-ros2/src/ydlidar_ros2/sdk/include/v8stdint.h:240:24:[m[K [01;35m[Kwarning: [m[Kmissing initializer for member ‘[01m[Kstat::st_blksize[m[K’ [[01;35m[K-Wmissing-field-initializers[m[K]
[2.547s] [01m[K/home/ohj/mecanum-ros2/src/ydlidar_ros2/sdk/include/v8stdint.h:240:24:[m[K [01;35m[Kwarning: [m[Kmissing initializer for member ‘[01m[Kstat::st_blocks[m[K’ [[01;35m[K-Wmissing-field-initializers[m[K]
[2.548s] [01m[K/home/ohj/mecanum-ros2/src/ydlidar_ros2/sdk/include/v8stdint.h:240:24:[m[K [01;35m[Kwarning: [m[Kmissing initializer for member ‘[01m[Kstat::st_atim[m[K’ [[01;35m[K-Wmissing-field-initializers[m[K]
[2.548s] [01m[K/home/ohj/mecanum-ros2/src/ydlidar_ros2/sdk/include/v8stdint.h:240:24:[m[K [01;35m[Kwarning: [m[Kmissing initializer for member ‘[01m[Kstat::st_mtim[m[K’ [[01;35m[K-Wmissing-field-initializers[m[K]
[2.548s] [01m[K/home/ohj/mecanum-ros2/src/ydlidar_ros2/sdk/include/v8stdint.h:240:24:[m[K [01;35m[Kwarning: [m[Kmissing initializer for member ‘[01m[Kstat::st_ctim[m[K’ [[01;35m[K-Wmissing-field-initializers[m[K]
[2.548s] [01m[K/home/ohj/mecanum-ros2/src/ydlidar_ros2/sdk/include/v8stdint.h:240:24:[m[K [01;35m[Kwarning: [m[Kmissing initializer for member ‘[01m[Kstat::__glibc_reserved[m[K’ [[01;35m[K-Wmissing-field-initializers[m[K]
[2.550s] In file included from [01m[K/home/ohj/mecanum-ros2/src/ydlidar_ros2/sdk/include/ydlidar_driver.h:56[m[K,
[2.550s]                  from [01m[K/home/ohj/mecanum-ros2/src/ydlidar_ros2/sdk/include/CYdLidar.h:36[m[K,
[2.550s]                  from [01m[K/home/ohj/mecanum-ros2/src/ydlidar_ros2/sdk/src/CYdLidar.cpp:34[m[K:
[2.551s] [01m[K/home/ohj/mecanum-ros2/src/ydlidar_ros2/sdk/include/thread.h:[m[K In static member function ‘[01m[Kstatic Thread Thread::createThread(thread_proc_t, void*)[m[K’:
[2.551s] [01m[K/home/ohj/mecanum-ros2/src/ydlidar_ros2/sdk/include/thread.h:43:76:[m[K [01;35m[Kwarning: [m[Kcast between incompatible function types from ‘[01m[Kthread_proc_t[m[K’ {aka ‘[01m[Klong unsigned int (*)(void*)[m[K’} to ‘[01m[Kvoid* (*)(void*)[m[K’ [[01;35m[K-Wcast-function-type[m[K]
[2.551s]    43 |     pthread_create((pthread_t *)&thread_._handle, NULL, (void *(*)(void *))[01;35m[Kproc[m[K,
[2.551s]       |                                                                            [01;35m[K^~~~[m[K
[2.563s] In file included from [01m[K/home/ohj/mecanum-ros2/src/ydlidar_ros2/sdk/include/ydlidar_driver.h:58[m[K,
[2.563s]                  from [01m[K/home/ohj/mecanum-ros2/src/ydlidar_ros2/sdk/include/CYdLidar.h:36[m[K,
[2.563s]                  from [01m[K/home/ohj/mecanum-ros2/src/ydlidar_ros2/sdk/src/CYdLidar.cpp:34[m[K:
[2.563s] [01m[K/home/ohj/mecanum-ros2/src/ydlidar_ros2/sdk/include/help_info.h:[m[K In function ‘[01m[Kbool ydlidar::isSupportMotorCtrl(int)[m[K’:
[2.563s] [01m[K/home/ohj/mecanum-ros2/src/ydlidar_ros2/sdk/include/help_info.h:414:8:[m[K [01;35m[Kwarning: [m[Kvariable ‘[01m[Kret[m[K’ set but not used [[01;35m[K-Wunused-but-set-variable[m[K]
[2.563s]   414 |   bool [01;35m[Kret[m[K = false;
[2.563s]       |        [01;35m[K^~~[m[K
[2.744s] [01m[K/home/ohj/mecanum-ros2/src/ydlidar_ros2/sdk/src/CYdLidar.cpp:[m[K In member function ‘[01m[Kbool CYdLidar::doProcessSimple(LaserScan&, bool&)[m[K’:
[2.744s] [01m[K/home/ohj/mecanum-ros2/src/ydlidar_ros2/sdk/src/CYdLidar.cpp:216:23:[m[K [01;35m[Kwarning: [m[Kcomparison of integer expressions of different signedness: ‘[01m[Kint[m[K’ and ‘[01m[Ksize_t[m[K’ {aka ‘[01m[Klong unsigned int[m[K’} [[01;35m[K-Wsign-compare[m[K]
[2.745s]   216 |     for (int i = 0; [01;35m[Ki < count[m[K; i++) {
[2.745s]       |                     [01;35m[K~~^~~~~~~[m[K
[3.547s] In file included from [01m[K/home/ohj/mecanum-ros2/src/ydlidar_ros2/sdk/include/serial.h:9[m[K,
[3.547s]                  from [01m[K/home/ohj/mecanum-ros2/src/ydlidar_ros2/sdk/include/ydlidar_driver.h:54[m[K,
[3.547s]                  from [01m[K/home/ohj/mecanum-ros2/src/ydlidar_ros2/sdk/include/CYdLidar.h:36[m[K,
[3.547s]                  from [01m[K/home/ohj/mecanum-ros2/src/ydlidar_ros2/src/ydlidar_node.cpp:26[m[K:
[3.547s] [01m[K/home/ohj/mecanum-ros2/src/ydlidar_ros2/sdk/include/v8stdint.h:[m[K In function ‘[01m[Kbool ydlidar::fileExists(std::string)[m[K’:
[3.547s] [01m[K/home/ohj/mecanum-ros2/src/ydlidar_ros2/sdk/include/v8stdint.h:240:24:[m[K [01;35m[Kwarning: [m[Kmissing initializer for member ‘[01m[Kstat::st_ino[m[K’ [[01;35m[K-Wmissing-field-initializers[m[K]
[3.547s]   240 |   struct stat info = {0[01;35m[K}[m[K;
[3.547s]       |                        [01;35m[K^[m[K
[3.547s] [01m[K/home/ohj/mecanum-ros2/src/ydlidar_ros2/sdk/include/v8stdint.h:240:24:[m[K [01;35m[Kwarning: [m[Kmissing initializer for member ‘[01m[Kstat::st_nlink[m[K’ [[01;35m[K-Wmissing-field-initializers[m[K]
[3.548s] [01m[K/home/ohj/mecanum-ros2/src/ydlidar_ros2/sdk/include/v8stdint.h:240:24:[m[K [01;35m[Kwarning: [m[Kmissing initializer for member ‘[01m[Kstat::st_mode[m[K’ [[01;35m[K-Wmissing-field-initializers[m[K]
[3.548s] [01m[K/home/ohj/mecanum-ros2/src/ydlidar_ros2/sdk/include/v8stdint.h:240:24:[m[K [01;35m[Kwarning: [m[Kmissing initializer for member ‘[01m[Kstat::st_uid[m[K’ [[01;35m[K-Wmissing-field-initializers[m[K]
[3.548s] [01m[K/home/ohj/mecanum-ros2/src/ydlidar_ros2/sdk/include/v8stdint.h:240:24:[m[K [01;35m[Kwarning: [m[Kmissing initializer for member ‘[01m[Kstat::st_gid[m[K’ [[01;35m[K-Wmissing-field-initializers[m[K]
[3.548s] [01m[K/home/ohj/mecanum-ros2/src/ydlidar_ros2/sdk/include/v8stdint.h:240:24:[m[K [01;35m[Kwarning: [m[Kmissing initializer for member ‘[01m[Kstat::__pad0[m[K’ [[01;35m[K-Wmissing-field-initializers[m[K]
[3.548s] [01m[K/home/ohj/mecanum-ros2/src/ydlidar_ros2/sdk/include/v8stdint.h:240:24:[m[K [01;35m[Kwarning: [m[Kmissing initializer for member ‘[01m[Kstat::st_rdev[m[K’ [[01;35m[K-Wmissing-field-initializers[m[K]
[3.548s] [01m[K/home/ohj/mecanum-ros2/src/ydlidar_ros2/sdk/include/v8stdint.h:240:24:[m[K [01;35m[Kwarning: [m[Kmissing initializer for member ‘[01m[Kstat::st_size[m[K’ [[01;35m[K-Wmissing-field-initializers[m[K]
[3.548s] [01m[K/home/ohj/mecanum-ros2/src/ydlidar_ros2/sdk/include/v8stdint.h:240:24:[m[K [01;35m[Kwarning: [m[Kmissing initializer for member ‘[01m[Kstat::st_blksize[m[K’ [[01;35m[K-Wmissing-field-initializers[m[K]
[3.548s] [01m[K/home/ohj/mecanum-ros2/src/ydlidar_ros2/sdk/include/v8stdint.h:240:24:[m[K [01;35m[Kwarning: [m[Kmissing initializer for member ‘[01m[Kstat::st_blocks[m[K’ [[01;35m[K-Wmissing-field-initializers[m[K]
[3.548s] [01m[K/home/ohj/mecanum-ros2/src/ydlidar_ros2/sdk/include/v8stdint.h:240:24:[m[K [01;35m[Kwarning: [m[Kmissing initializer for member ‘[01m[Kstat::st_atim[m[K’ [[01;35m[K-Wmissing-field-initializers[m[K]
[3.548s] [01m[K/home/ohj/mecanum-ros2/src/ydlidar_ros2/sdk/include/v8stdint.h:240:24:[m[K [01;35m[Kwarning: [m[Kmissing initializer for member ‘[01m[Kstat::st_mtim[m[K’ [[01;35m[K-Wmissing-field-initializers[m[K]
[3.548s] [01m[K/home/ohj/mecanum-ros2/src/ydlidar_ros2/sdk/include/v8stdint.h:240:24:[m[K [01;35m[Kwarning: [m[Kmissing initializer for member ‘[01m[Kstat::st_ctim[m[K’ [[01;35m[K-Wmissing-field-initializers[m[K]
[3.548s] [01m[K/home/ohj/mecanum-ros2/src/ydlidar_ros2/sdk/include/v8stdint.h:240:24:[m[K [01;35m[Kwarning: [m[Kmissing initializer for member ‘[01m[Kstat::__glibc_reserved[m[K’ [[01;35m[K-Wmissing-field-initializers[m[K]
[3.551s] In file included from [01m[K/home/ohj/mecanum-ros2/src/ydlidar_ros2/sdk/include/ydlidar_driver.h:56[m[K,
[3.551s]                  from [01m[K/home/ohj/mecanum-ros2/src/ydlidar_ros2/sdk/include/CYdLidar.h:36[m[K,
[3.551s]                  from [01m[K/home/ohj/mecanum-ros2/src/ydlidar_ros2/src/ydlidar_node.cpp:26[m[K:
[3.551s] [01m[K/home/ohj/mecanum-ros2/src/ydlidar_ros2/sdk/include/thread.h:[m[K In static member function ‘[01m[Kstatic Thread Thread::createThread(thread_proc_t, void*)[m[K’:
[3.551s] [01m[K/home/ohj/mecanum-ros2/src/ydlidar_ros2/sdk/include/thread.h:43:76:[m[K [01;35m[Kwarning: [m[Kcast between incompatible function types from ‘[01m[Kthread_proc_t[m[K’ {aka ‘[01m[Klong unsigned int (*)(void*)[m[K’} to ‘[01m[Kvoid* (*)(void*)[m[K’ [[01;35m[K-Wcast-function-type[m[K]
[3.551s]    43 |     pthread_create((pthread_t *)&thread_._handle, NULL, (void *(*)(void *))[01;35m[Kproc[m[K,
[3.551s]       |                                                                            [01;35m[K^~~~[m[K
[3.557s] In file included from [01m[K/home/ohj/mecanum-ros2/src/ydlidar_ros2/sdk/include/ydlidar_driver.h:58[m[K,
[3.557s]                  from [01m[K/home/ohj/mecanum-ros2/src/ydlidar_ros2/sdk/include/CYdLidar.h:36[m[K,
[3.558s]                  from [01m[K/home/ohj/mecanum-ros2/src/ydlidar_ros2/src/ydlidar_node.cpp:26[m[K:
[3.558s] [01m[K/home/ohj/mecanum-ros2/src/ydlidar_ros2/sdk/include/help_info.h:[m[K In function ‘[01m[Kbool ydlidar::isSupportMotorCtrl(int)[m[K’:
[3.558s] [01m[K/home/ohj/mecanum-ros2/src/ydlidar_ros2/sdk/include/help_info.h:414:8:[m[K [01;35m[Kwarning: [m[Kvariable ‘[01m[Kret[m[K’ set but not used [[01;35m[K-Wunused-but-set-variable[m[K]
[3.558s]   414 |   bool [01;35m[Kret[m[K = false;
[3.558s]       |        [01;35m[K^~~[m[K
[3.565s] [01m[K/home/ohj/mecanum-ros2/src/ydlidar_ros2/src/ydlidar_node.cpp:[m[K In function ‘[01m[Kint main(int, char**)[m[K’:
[3.565s] [01m[K/home/ohj/mecanum-ros2/src/ydlidar_ros2/src/ydlidar_node.cpp:78:33:[m[K [01;35m[Kwarning: [m[K‘[01m[Kconst rclcpp::ParameterValue& rclcpp::Node::declare_parameter(const string&)[m[K’ is deprecated: declare_parameter() with only a name is deprecated and will be deleted in the future.\nIf you want to declare a parameter that won't change type without a default value use:\n`node->declare_parameter<ParameterT>(name)`, where e.g. ParameterT=int64_t.\n\nIf you want to declare a parameter that can dynamically change type use:\n```\nrcl_interfaces::msg::ParameterDescriptor descriptor;\ndescriptor.dynamic_typing = true;\nnode->declare_parameter(name, rclcpp::ParameterValue{}, descriptor);\n``` [[01;35m[K-Wdeprecated-declarations[m[K]
[3.566s]    78 |   node->declare_parameter("port"[01;35m[K)[m[K;
[3.566s]       |                                 [01;35m[K^[m[K
[3.566s] In file included from [01m[K/opt/ros/galactic/include/rclcpp/executors/single_threaded_executor.hpp:28[m[K,
[3.566s]                  from [01m[K/opt/ros/galactic/include/rclcpp/executors.hpp:22[m[K,
[3.566s]                  from [01m[K/opt/ros/galactic/include/rclcpp/rclcpp.hpp:156[m[K,
[3.567s]                  from [01m[K/home/ohj/mecanum-ros2/src/ydlidar_ros2/src/ydlidar_node.cpp:23[m[K:
[3.567s] [01m[K/opt/ros/galactic/include/rclcpp/node.hpp:422:3:[m[K [01;36m[Knote: [m[Kdeclared here
[3.567s]   422 |   [01;36m[Kdeclare_parameter[m[K(const std::string & name);
[3.567s]       |   [01;36m[K^~~~~~~~~~~~~~~~~[m[K
[3.567s] [01m[K/home/ohj/mecanum-ros2/src/ydlidar_ros2/src/ydlidar_node.cpp:81:37:[m[K [01;35m[Kwarning: [m[K‘[01m[Kconst rclcpp::ParameterValue& rclcpp::Node::declare_parameter(const string&)[m[K’ is deprecated: declare_parameter() with only a name is deprecated and will be deleted in the future.\nIf you want to declare a parameter that won't change type without a default value use:\n`node->declare_parameter<ParameterT>(name)`, where e.g. ParameterT=int64_t.\n\nIf you want to declare a parameter that can dynamically change type use:\n```\nrcl_interfaces::msg::ParameterDescriptor descriptor;\ndescriptor.dynamic_typing = true;\nnode->declare_parameter(name, rclcpp::ParameterValue{}, descriptor);\n``` [[01;35m[K-Wdeprecated-declarations[m[K]
[3.567s]    81 |   node->declare_parameter("frame_id"[01;35m[K)[m[K;
[3.567s]       |                                     [01;35m[K^[m[K
[3.567s] In file included from [01m[K/opt/ros/galactic/include/rclcpp/executors/single_threaded_executor.hpp:28[m[K,
[3.567s]                  from [01m[K/opt/ros/galactic/include/rclcpp/executors.hpp:22[m[K,
[3.567s]                  from [01m[K/opt/ros/galactic/include/rclcpp/rclcpp.hpp:156[m[K,
[3.567s]                  from [01m[K/home/ohj/mecanum-ros2/src/ydlidar_ros2/src/ydlidar_node.cpp:23[m[K:
[3.567s] [01m[K/opt/ros/galactic/include/rclcpp/node.hpp:422:3:[m[K [01;36m[Knote: [m[Kdeclared here
[3.567s]   422 |   [01;36m[Kdeclare_parameter[m[K(const std::string & name);
[3.568s]       |   [01;36m[K^~~~~~~~~~~~~~~~~[m[K
[3.568s] [01m[K/home/ohj/mecanum-ros2/src/ydlidar_ros2/src/ydlidar_node.cpp:84:41:[m[K [01;35m[Kwarning: [m[K‘[01m[Kconst rclcpp::ParameterValue& rclcpp::Node::declare_parameter(const string&)[m[K’ is deprecated: declare_parameter() with only a name is deprecated and will be deleted in the future.\nIf you want to declare a parameter that won't change type without a default value use:\n`node->declare_parameter<ParameterT>(name)`, where e.g. ParameterT=int64_t.\n\nIf you want to declare a parameter that can dynamically change type use:\n```\nrcl_interfaces::msg::ParameterDescriptor descriptor;\ndescriptor.dynamic_typing = true;\nnode->declare_parameter(name, rclcpp::ParameterValue{}, descriptor);\n``` [[01;35m[K-Wdeprecated-declarations[m[K]
[3.568s]    84 |   node->declare_parameter("ignore_array"[01;35m[K)[m[K;
[3.568s]       |                                         [01;35m[K^[m[K
[3.568s] In file included from [01m[K/opt/ros/galactic/include/rclcpp/executors/single_threaded_executor.hpp:28[m[K,
[3.568s]                  from [01m[K/opt/ros/galactic/include/rclcpp/executors.hpp:22[m[K,
[3.568s]                  from [01m[K/opt/ros/galactic/include/rclcpp/rclcpp.hpp:156[m[K,
[3.568s]                  from [01m[K/home/ohj/mecanum-ros2/src/ydlidar_ros2/src/ydlidar_node.cpp:23[m[K:
[3.568s] [01m[K/opt/ros/galactic/include/rclcpp/node.hpp:422:3:[m[K [01;36m[Knote: [m[Kdeclared here
[3.568s]   422 |   [01;36m[Kdeclare_parameter[m[K(const std::string & name);
[3.568s]       |   [01;36m[K^~~~~~~~~~~~~~~~~[m[K
[3.568s] [01m[K/home/ohj/mecanum-ros2/src/ydlidar_ros2/src/ydlidar_node.cpp:87:37:[m[K [01;35m[Kwarning: [m[K‘[01m[Kconst rclcpp::ParameterValue& rclcpp::Node::declare_parameter(const string&)[m[K’ is deprecated: declare_parameter() with only a name is deprecated and will be deleted in the future.\nIf you want to declare a parameter that won't change type without a default value use:\n`node->declare_parameter<ParameterT>(name)`, where e.g. ParameterT=int64_t.\n\nIf you want to declare a parameter that can dynamically change type use:\n```\nrcl_interfaces::msg::ParameterDescriptor descriptor;\ndescriptor.dynamic_typing = true;\nnode->declare_parameter(name, rclcpp::ParameterValue{}, descriptor);\n``` [[01;35m[K-Wdeprecated-declarations[m[K]
[3.568s]    87 |   node->declare_parameter("baudrate"[01;35m[K)[m[K;
[3.569s]       |                                     [01;35m[K^[m[K
[3.569s] In file included from [01m[K/opt/ros/galactic/include/rclcpp/executors/single_threaded_executor.hpp:28[m[K,
[3.569s]                  from [01m[K/opt/ros/galactic/include/rclcpp/executors.hpp:22[m[K,
[3.569s]                  from [01m[K/opt/ros/galactic/include/rclcpp/rclcpp.hpp:156[m[K,
[3.569s]                  from [01m[K/home/ohj/mecanum-ros2/src/ydlidar_ros2/src/ydlidar_node.cpp:23[m[K:
[3.569s] [01m[K/opt/ros/galactic/include/rclcpp/node.hpp:422:3:[m[K [01;36m[Knote: [m[Kdeclared here
[3.569s]   422 |   [01;36m[Kdeclare_parameter[m[K(const std::string & name);
[3.569s]       |   [01;36m[K^~~~~~~~~~~~~~~~~[m[K
[3.569s] [01m[K/home/ohj/mecanum-ros2/src/ydlidar_ros2/src/ydlidar_node.cpp:90:38:[m[K [01;35m[Kwarning: [m[K‘[01m[Kconst rclcpp::ParameterValue& rclcpp::Node::declare_parameter(const string&)[m[K’ is deprecated: declare_parameter() with only a name is deprecated and will be deleted in the future.\nIf you want to declare a parameter that won't change type without a default value use:\n`node->declare_parameter<ParameterT>(name)`, where e.g. ParameterT=int64_t.\n\nIf you want to declare a parameter that can dynamically change type use:\n```\nrcl_interfaces::msg::ParameterDescriptor descriptor;\ndescriptor.dynamic_typing = true;\nnode->declare_parameter(name, rclcpp::ParameterValue{}, descriptor);\n``` [[01;35m[K-Wdeprecated-declarations[m[K]
[3.569s]    90 |   node->declare_parameter("samp_rate"[01;35m[K)[m[K;
[3.569s]       |                                      [01;35m[K^[m[K
[3.569s] In file included from [01m[K/opt/ros/galactic/include/rclcpp/executors/single_threaded_executor.hpp:28[m[K,
[3.569s]                  from [01m[K/opt/ros/galactic/include/rclcpp/executors.hpp:22[m[K,
[3.570s]                  from [01m[K/opt/ros/galactic/include/rclcpp/rclcpp.hpp:156[m[K,
[3.570s]                  from [01m[K/home/ohj/mecanum-ros2/src/ydlidar_ros2/src/ydlidar_node.cpp:23[m[K:
[3.570s] [01m[K/opt/ros/galactic/include/rclcpp/node.hpp:422:3:[m[K [01;36m[Knote: [m[Kdeclared here
[3.570s]   422 |   [01;36m[Kdeclare_parameter[m[K(const std::string & name);
[3.570s]       |   [01;36m[K^~~~~~~~~~~~~~~~~[m[K
[3.570s] [01m[K/home/ohj/mecanum-ros2/src/ydlidar_ros2/src/ydlidar_node.cpp:93:45:[m[K [01;35m[Kwarning: [m[K‘[01m[Kconst rclcpp::ParameterValue& rclcpp::Node::declare_parameter(const string&)[m[K’ is deprecated: declare_parameter() with only a name is deprecated and will be deleted in the future.\nIf you want to declare a parameter that won't change type without a default value use:\n`node->declare_parameter<ParameterT>(name)`, where e.g. ParameterT=int64_t.\n\nIf you want to declare a parameter that can dynamically change type use:\n```\nrcl_interfaces::msg::ParameterDescriptor descriptor;\ndescriptor.dynamic_typing = true;\nnode->declare_parameter(name, rclcpp::ParameterValue{}, descriptor);\n``` [[01;35m[K-Wdeprecated-declarations[m[K]
[3.570s]    93 |   node->declare_parameter("resolution_fixed"[01;35m[K)[m[K;
[3.570s]       |                                             [01;35m[K^[m[K
[3.570s] In file included from [01m[K/opt/ros/galactic/include/rclcpp/executors/single_threaded_executor.hpp:28[m[K,
[3.570s]                  from [01m[K/opt/ros/galactic/include/rclcpp/executors.hpp:22[m[K,
[3.570s]                  from [01m[K/opt/ros/galactic/include/rclcpp/rclcpp.hpp:156[m[K,
[3.570s]                  from [01m[K/home/ohj/mecanum-ros2/src/ydlidar_ros2/src/ydlidar_node.cpp:23[m[K:
[3.570s] [01m[K/opt/ros/galactic/include/rclcpp/node.hpp:422:3:[m[K [01;36m[Knote: [m[Kdeclared here
[3.571s]   422 |   [01;36m[Kdeclare_parameter[m[K(const std::string & name);
[3.571s]       |   [01;36m[K^~~~~~~~~~~~~~~~~[m[K
[3.571s] [01m[K/home/ohj/mecanum-ros2/src/ydlidar_ros2/src/ydlidar_node.cpp:96:42:[m[K [01;35m[Kwarning: [m[K‘[01m[Kconst rclcpp::ParameterValue& rclcpp::Node::declare_parameter(const string&)[m[K’ is deprecated: declare_parameter() with only a name is deprecated and will be deleted in the future.\nIf you want to declare a parameter that won't change type without a default value use:\n`node->declare_parameter<ParameterT>(name)`, where e.g. ParameterT=int64_t.\n\nIf you want to declare a parameter that can dynamically change type use:\n```\nrcl_interfaces::msg::ParameterDescriptor descriptor;\ndescriptor.dynamic_typing = true;\nnode->declare_parameter(name, rclcpp::ParameterValue{}, descriptor);\n``` [[01;35m[K-Wdeprecated-declarations[m[K]
[3.571s]    96 |   node->declare_parameter("singleChannel"[01;35m[K)[m[K;
[3.571s]       |                                          [01;35m[K^[m[K
[3.571s] In file included from [01m[K/opt/ros/galactic/include/rclcpp/executors/single_threaded_executor.hpp:28[m[K,
[3.571s]                  from [01m[K/opt/ros/galactic/include/rclcpp/executors.hpp:22[m[K,
[3.571s]                  from [01m[K/opt/ros/galactic/include/rclcpp/rclcpp.hpp:156[m[K,
[3.571s]                  from [01m[K/home/ohj/mecanum-ros2/src/ydlidar_ros2/src/ydlidar_node.cpp:23[m[K:
[3.571s] [01m[K/opt/ros/galactic/include/rclcpp/node.hpp:422:3:[m[K [01;36m[Knote: [m[Kdeclared here
[3.571s]   422 |   [01;36m[Kdeclare_parameter[m[K(const std::string & name);
[3.571s]       |   [01;36m[K^~~~~~~~~~~~~~~~~[m[K
[3.571s] [01m[K/home/ohj/mecanum-ros2/src/ydlidar_ros2/src/ydlidar_node.cpp:99:43:[m[K [01;35m[Kwarning: [m[K‘[01m[Kconst rclcpp::ParameterValue& rclcpp::Node::declare_parameter(const string&)[m[K’ is deprecated: declare_parameter() with only a name is deprecated and will be deleted in the future.\nIf you want to declare a parameter that won't change type without a default value use:\n`node->declare_parameter<ParameterT>(name)`, where e.g. ParameterT=int64_t.\n\nIf you want to declare a parameter that can dynamically change type use:\n```\nrcl_interfaces::msg::ParameterDescriptor descriptor;\ndescriptor.dynamic_typing = true;\nnode->declare_parameter(name, rclcpp::ParameterValue{}, descriptor);\n``` [[01;35m[K-Wdeprecated-declarations[m[K]
[3.571s]    99 |   node->declare_parameter("auto_reconnect"[01;35m[K)[m[K;
[3.572s]       |                                           [01;35m[K^[m[K
[3.572s] In file included from [01m[K/opt/ros/galactic/include/rclcpp/executors/single_threaded_executor.hpp:28[m[K,
[3.572s]                  from [01m[K/opt/ros/galactic/include/rclcpp/executors.hpp:22[m[K,
[3.572s]                  from [01m[K/opt/ros/galactic/include/rclcpp/rclcpp.hpp:156[m[K,
[3.572s]                  from [01m[K/home/ohj/mecanum-ros2/src/ydlidar_ros2/src/ydlidar_node.cpp:23[m[K:
[3.572s] [01m[K/opt/ros/galactic/include/rclcpp/node.hpp:422:3:[m[K [01;36m[Knote: [m[Kdeclared here
[3.572s]   422 |   [01;36m[Kdeclare_parameter[m[K(const std::string & name);
[3.572s]       |   [01;36m[K^~~~~~~~~~~~~~~~~[m[K
[3.572s] [01m[K/home/ohj/mecanum-ros2/src/ydlidar_ros2/src/ydlidar_node.cpp:102:38:[m[K [01;35m[Kwarning: [m[K‘[01m[Kconst rclcpp::ParameterValue& rclcpp::Node::declare_parameter(const string&)[m[K’ is deprecated: declare_parameter() with only a name is deprecated and will be deleted in the future.\nIf you want to declare a parameter that won't change type without a default value use:\n`node->declare_parameter<ParameterT>(name)`, where e.g. ParameterT=int64_t.\n\nIf you want to declare a parameter that can dynamically change type use:\n```\nrcl_interfaces::msg::ParameterDescriptor descriptor;\ndescriptor.dynamic_typing = true;\nnode->declare_parameter(name, rclcpp::ParameterValue{}, descriptor);\n``` [[01;35m[K-Wdeprecated-declarations[m[K]
[3.572s]   102 |   node->declare_parameter("reversion"[01;35m[K)[m[K;
[3.572s]       |                                      [01;35m[K^[m[K
[3.572s] In file included from [01m[K/opt/ros/galactic/include/rclcpp/executors/single_threaded_executor.hpp:28[m[K,
[3.572s]                  from [01m[K/opt/ros/galactic/include/rclcpp/executors.hpp:22[m[K,
[3.573s]                  from [01m[K/opt/ros/galactic/include/rclcpp/rclcpp.hpp:156[m[K,
[3.573s]                  from [01m[K/home/ohj/mecanum-ros2/src/ydlidar_ros2/src/ydlidar_node.cpp:23[m[K:
[3.573s] [01m[K/opt/ros/galactic/include/rclcpp/node.hpp:422:3:[m[K [01;36m[Knote: [m[Kdeclared here
[3.573s]   422 |   [01;36m[Kdeclare_parameter[m[K(const std::string & name);
[3.573s]       |   [01;36m[K^~~~~~~~~~~~~~~~~[m[K
[3.573s] [01m[K/home/ohj/mecanum-ros2/src/ydlidar_ros2/src/ydlidar_node.cpp:105:39:[m[K [01;35m[Kwarning: [m[K‘[01m[Kconst rclcpp::ParameterValue& rclcpp::Node::declare_parameter(const string&)[m[K’ is deprecated: declare_parameter() with only a name is deprecated and will be deleted in the future.\nIf you want to declare a parameter that won't change type without a default value use:\n`node->declare_parameter<ParameterT>(name)`, where e.g. ParameterT=int64_t.\n\nIf you want to declare a parameter that can dynamically change type use:\n```\nrcl_interfaces::msg::ParameterDescriptor descriptor;\ndescriptor.dynamic_typing = true;\nnode->declare_parameter(name, rclcpp::ParameterValue{}, descriptor);\n``` [[01;35m[K-Wdeprecated-declarations[m[K]
[3.573s]   105 |   node->declare_parameter("isToFLidar"[01;35m[K)[m[K;
[3.573s]       |                                       [01;35m[K^[m[K
[3.573s] In file included from [01m[K/opt/ros/galactic/include/rclcpp/executors/single_threaded_executor.hpp:28[m[K,
[3.573s]                  from [01m[K/opt/ros/galactic/include/rclcpp/executors.hpp:22[m[K,
[3.573s]                  from [01m[K/opt/ros/galactic/include/rclcpp/rclcpp.hpp:156[m[K,
[3.573s]                  from [01m[K/home/ohj/mecanum-ros2/src/ydlidar_ros2/src/ydlidar_node.cpp:23[m[K:
[3.573s] [01m[K/opt/ros/galactic/include/rclcpp/node.hpp:422:3:[m[K [01;36m[Knote: [m[Kdeclared here
[3.573s]   422 |   [01;36m[Kdeclare_parameter[m[K(const std::string & name);
[3.574s]       |   [01;36m[K^~~~~~~~~~~~~~~~~[m[K
[3.574s] [01m[K/home/ohj/mecanum-ros2/src/ydlidar_ros2/src/ydlidar_node.cpp:108:38:[m[K [01;35m[Kwarning: [m[K‘[01m[Kconst rclcpp::ParameterValue& rclcpp::Node::declare_parameter(const string&)[m[K’ is deprecated: declare_parameter() with only a name is deprecated and will be deleted in the future.\nIf you want to declare a parameter that won't change type without a default value use:\n`node->declare_parameter<ParameterT>(name)`, where e.g. ParameterT=int64_t.\n\nIf you want to declare a parameter that can dynamically change type use:\n```\nrcl_interfaces::msg::ParameterDescriptor descriptor;\ndescriptor.dynamic_typing = true;\nnode->declare_parameter(name, rclcpp::ParameterValue{}, descriptor);\n``` [[01;35m[K-Wdeprecated-declarations[m[K]
[3.574s]   108 |   node->declare_parameter("angle_max"[01;35m[K)[m[K;
[3.574s]       |                                      [01;35m[K^[m[K
[3.574s] In file included from [01m[K/opt/ros/galactic/include/rclcpp/executors/single_threaded_executor.hpp:28[m[K,
[3.574s]                  from [01m[K/opt/ros/galactic/include/rclcpp/executors.hpp:22[m[K,
[3.574s]                  from [01m[K/opt/ros/galactic/include/rclcpp/rclcpp.hpp:156[m[K,
[3.574s]                  from [01m[K/home/ohj/mecanum-ros2/src/ydlidar_ros2/src/ydlidar_node.cpp:23[m[K:
[3.574s] [01m[K/opt/ros/galactic/include/rclcpp/node.hpp:422:3:[m[K [01;36m[Knote: [m[Kdeclared here
[3.574s]   422 |   [01;36m[Kdeclare_parameter[m[K(const std::string & name);
[3.574s]       |   [01;36m[K^~~~~~~~~~~~~~~~~[m[K
[3.574s] [01m[K/home/ohj/mecanum-ros2/src/ydlidar_ros2/src/ydlidar_node.cpp:111:38:[m[K [01;35m[Kwarning: [m[K‘[01m[Kconst rclcpp::ParameterValue& rclcpp::Node::declare_parameter(const string&)[m[K’ is deprecated: declare_parameter() with only a name is deprecated and will be deleted in the future.\nIf you want to declare a parameter that won't change type without a default value use:\n`node->declare_parameter<ParameterT>(name)`, where e.g. ParameterT=int64_t.\n\nIf you want to declare a parameter that can dynamically change type use:\n```\nrcl_interfaces::msg::ParameterDescriptor descriptor;\ndescriptor.dynamic_typing = true;\nnode->declare_parameter(name, rclcpp::ParameterValue{}, descriptor);\n``` [[01;35m[K-Wdeprecated-declarations[m[K]
[3.574s]   111 |   node->declare_parameter("angle_min"[01;35m[K)[m[K;
[3.574s]       |                                      [01;35m[K^[m[K
[3.574s] In file included from [01m[K/opt/ros/galactic/include/rclcpp/executors/single_threaded_executor.hpp:28[m[K,
[3.574s]                  from [01m[K/opt/ros/galactic/include/rclcpp/executors.hpp:22[m[K,
[3.574s]                  from [01m[K/opt/ros/galactic/include/rclcpp/rclcpp.hpp:156[m[K,
[3.574s]                  from [01m[K/home/ohj/mecanum-ros2/src/ydlidar_ros2/src/ydlidar_node.cpp:23[m[K:
[3.575s] [01m[K/opt/ros/galactic/include/rclcpp/node.hpp:422:3:[m[K [01;36m[Knote: [m[Kdeclared here
[3.575s]   422 |   [01;36m[Kdeclare_parameter[m[K(const std::string & name);
[3.575s]       |   [01;36m[K^~~~~~~~~~~~~~~~~[m[K
[3.575s] [01m[K/home/ohj/mecanum-ros2/src/ydlidar_ros2/src/ydlidar_node.cpp:114:38:[m[K [01;35m[Kwarning: [m[K‘[01m[Kconst rclcpp::ParameterValue& rclcpp::Node::declare_parameter(const string&)[m[K’ is deprecated: declare_parameter() with only a name is deprecated and will be deleted in the future.\nIf you want to declare a parameter that won't change type without a default value use:\n`node->declare_parameter<ParameterT>(name)`, where e.g. ParameterT=int64_t.\n\nIf you want to declare a parameter that can dynamically change type use:\n```\nrcl_interfaces::msg::ParameterDescriptor descriptor;\ndescriptor.dynamic_typing = true;\nnode->declare_parameter(name, rclcpp::ParameterValue{}, descriptor);\n``` [[01;35m[K-Wdeprecated-declarations[m[K]
[3.575s]   114 |   node->declare_parameter("max_range"[01;35m[K)[m[K;
[3.575s]       |                                      [01;35m[K^[m[K
[3.575s] In file included from [01m[K/opt/ros/galactic/include/rclcpp/executors/single_threaded_executor.hpp:28[m[K,
[3.575s]                  from [01m[K/opt/ros/galactic/include/rclcpp/executors.hpp:22[m[K,
[3.575s]                  from [01m[K/opt/ros/galactic/include/rclcpp/rclcpp.hpp:156[m[K,
[3.575s]                  from [01m[K/home/ohj/mecanum-ros2/src/ydlidar_ros2/src/ydlidar_node.cpp:23[m[K:
[3.575s] [01m[K/opt/ros/galactic/include/rclcpp/node.hpp:422:3:[m[K [01;36m[Knote: [m[Kdeclared here
[3.575s]   422 |   [01;36m[Kdeclare_parameter[m[K(const std::string & name);
[3.575s]       |   [01;36m[K^~~~~~~~~~~~~~~~~[m[K
[3.575s] [01m[K/home/ohj/mecanum-ros2/src/ydlidar_ros2/src/ydlidar_node.cpp:117:38:[m[K [01;35m[Kwarning: [m[K‘[01m[Kconst rclcpp::ParameterValue& rclcpp::Node::declare_parameter(const string&)[m[K’ is deprecated: declare_parameter() with only a name is deprecated and will be deleted in the future.\nIf you want to declare a parameter that won't change type without a default value use:\n`node->declare_parameter<ParameterT>(name)`, where e.g. ParameterT=int64_t.\n\nIf you want to declare a parameter that can dynamically change type use:\n```\nrcl_interfaces::msg::ParameterDescriptor descriptor;\ndescriptor.dynamic_typing = true;\nnode->declare_parameter(name, rclcpp::ParameterValue{}, descriptor);\n``` [[01;35m[K-Wdeprecated-declarations[m[K]
[3.575s]   117 |   node->declare_parameter("min_range"[01;35m[K)[m[K;
[3.575s]       |                                      [01;35m[K^[m[K
[3.575s] In file included from [01m[K/opt/ros/galactic/include/rclcpp/executors/single_threaded_executor.hpp:28[m[K,
[3.575s]                  from [01m[K/opt/ros/galactic/include/rclcpp/executors.hpp:22[m[K,
[3.575s]                  from [01m[K/opt/ros/galactic/include/rclcpp/rclcpp.hpp:156[m[K,
[3.575s]                  from [01m[K/home/ohj/mecanum-ros2/src/ydlidar_ros2/src/ydlidar_node.cpp:23[m[K:
[3.575s] [01m[K/opt/ros/galactic/include/rclcpp/node.hpp:422:3:[m[K [01;36m[Knote: [m[Kdeclared here
[3.575s]   422 |   [01;36m[Kdeclare_parameter[m[K(const std::string & name);
[3.575s]       |   [01;36m[K^~~~~~~~~~~~~~~~~[m[K
[3.575s] [01m[K/home/ohj/mecanum-ros2/src/ydlidar_ros2/src/ydlidar_node.cpp:120:38:[m[K [01;35m[Kwarning: [m[K‘[01m[Kconst rclcpp::ParameterValue& rclcpp::Node::declare_parameter(const string&)[m[K’ is deprecated: declare_parameter() with only a name is deprecated and will be deleted in the future.\nIf you want to declare a parameter that won't change type without a default value use:\n`node->declare_parameter<ParameterT>(name)`, where e.g. ParameterT=int64_t.\n\nIf you want to declare a parameter that can dynamically change type use:\n```\nrcl_interfaces::msg::ParameterDescriptor descriptor;\ndescriptor.dynamic_typing = true;\nnode->declare_parameter(name, rclcpp::ParameterValue{}, descriptor);\n``` [[01;35m[K-Wdeprecated-declarations[m[K]
[3.575s]   120 |   node->declare_parameter("frequency"[01;35m[K)[m[K;
[3.576s]       |                                      [01;35m[K^[m[K
[3.576s] In file included from [01m[K/opt/ros/galactic/include/rclcpp/executors/single_threaded_executor.hpp:28[m[K,
[3.576s]                  from [01m[K/opt/ros/galactic/include/rclcpp/executors.hpp:22[m[K,
[3.576s]                  from [01m[K/opt/ros/galactic/include/rclcpp/rclcpp.hpp:156[m[K,
[3.576s]                  from [01m[K/home/ohj/mecanum-ros2/src/ydlidar_ros2/src/ydlidar_node.cpp:23[m[K:
[3.576s] [01m[K/opt/ros/galactic/include/rclcpp/node.hpp:422:3:[m[K [01;36m[Knote: [m[Kdeclared here
[3.576s]   422 |   [01;36m[Kdeclare_parameter[m[K(const std::string & name);
[3.576s]       |   [01;36m[K^~~~~~~~~~~~~~~~~[m[K
[3.576s] [01m[K/home/ohj/mecanum-ros2/src/ydlidar_ros2/src/ydlidar_node.cpp:208:22:[m[K [01;35m[Kwarning: [m[Kcomparison of integer expressions of different signedness: ‘[01m[Kint[m[K’ and ‘[01m[Kstd::vector<LaserPoint>::size_type[m[K’ {aka ‘[01m[Klong unsigned int[m[K’} [[01;35m[K-Wsign-compare[m[K]
[3.576s]   208 |       for(int i=0; [01;35m[Ki < scan.points.size()[m[K; i++) {
[3.576s]       |                    [01;35m[K~~^~~~~~~~~~~~~~~~~~~~[m[K
[5.189s] [ 90%] [32m[1mLinking CXX executable ydlidar_node[0m
[5.350s] [ 90%] Built target ydlidar_node
[7.281s] [100%] [32m[1mLinking CXX executable ydlidar_client[0m
[7.458s] [100%] Built target ydlidar_client
[7.472s] Invoked command in '/home/ohj/mecanum-ros2/build/ydlidar' returned '0': CMAKE_PREFIX_PATH=/opt/ros/galactic /usr/bin/cmake --build /home/ohj/mecanum-ros2/build/ydlidar -- -j16 -l16
[7.507s] Invoking command in '/home/ohj/mecanum-ros2/build/ydlidar': CMAKE_PREFIX_PATH=/opt/ros/galactic /usr/bin/cmake --install /home/ohj/mecanum-ros2/build/ydlidar
[7.518s] -- Install configuration: ""
[7.519s] -- Installing: /home/ohj/mecanum-ros2/install/ydlidar/lib/ydlidar/ydlidar_node
[7.520s] -- Set runtime path of "/home/ohj/mecanum-ros2/install/ydlidar/lib/ydlidar/ydlidar_node" to ""
[7.520s] -- Installing: /home/ohj/mecanum-ros2/install/ydlidar/lib/ydlidar/ydlidar_client
[7.521s] -- Set runtime path of "/home/ohj/mecanum-ros2/install/ydlidar/lib/ydlidar/ydlidar_client" to ""
[7.521s] -- Installing: /home/ohj/mecanum-ros2/install/ydlidar/share/ydlidar/launch
[7.521s] -- Installing: /home/ohj/mecanum-ros2/install/ydlidar/share/ydlidar/launch/ydlidar.py
[7.521s] -- Installing: /home/ohj/mecanum-ros2/install/ydlidar/share/ydlidar/launch/ydlidar_launch.py
[7.522s] -- Installing: /home/ohj/mecanum-ros2/install/ydlidar/share/ydlidar/params
[7.522s] -- Installing: /home/ohj/mecanum-ros2/install/ydlidar/share/ydlidar/params/ydlidar.yaml
[7.522s] -- Installing: /home/ohj/mecanum-ros2/install/ydlidar/share/ydlidar/startup
[7.522s] -- Installing: /home/ohj/mecanum-ros2/install/ydlidar/share/ydlidar/startup/initenv.sh
[7.522s] -- Installing: /home/ohj/mecanum-ros2/install/ydlidar/share/ament_index/resource_index/package_run_dependencies/ydlidar
[7.522s] -- Installing: /home/ohj/mecanum-ros2/install/ydlidar/share/ament_index/resource_index/parent_prefix_path/ydlidar
[7.523s] -- Installing: /home/ohj/mecanum-ros2/install/ydlidar/share/ydlidar/environment/ament_prefix_path.sh
[7.523s] -- Installing: /home/ohj/mecanum-ros2/install/ydlidar/share/ydlidar/environment/ament_prefix_path.dsv
[7.523s] -- Installing: /home/ohj/mecanum-ros2/install/ydlidar/share/ydlidar/environment/path.sh
[7.523s] -- Installing: /home/ohj/mecanum-ros2/install/ydlidar/share/ydlidar/environment/path.dsv
[7.523s] -- Installing: /home/ohj/mecanum-ros2/install/ydlidar/share/ydlidar/local_setup.bash
[7.523s] -- Installing: /home/ohj/mecanum-ros2/install/ydlidar/share/ydlidar/local_setup.sh
[7.523s] -- Installing: /home/ohj/mecanum-ros2/install/ydlidar/share/ydlidar/local_setup.zsh
[7.523s] -- Installing: /home/ohj/mecanum-ros2/install/ydlidar/share/ydlidar/local_setup.dsv
[7.523s] -- Installing: /home/ohj/mecanum-ros2/install/ydlidar/share/ydlidar/package.dsv
[7.523s] -- Installing: /home/ohj/mecanum-ros2/install/ydlidar/share/ament_index/resource_index/packages/ydlidar
[7.524s] -- Installing: /home/ohj/mecanum-ros2/install/ydlidar/share/ydlidar/cmake/ydlidarConfig.cmake
[7.524s] -- Installing: /home/ohj/mecanum-ros2/install/ydlidar/share/ydlidar/cmake/ydlidarConfig-version.cmake
[7.524s] -- Installing: /home/ohj/mecanum-ros2/install/ydlidar/share/ydlidar/package.xml
[7.525s] Invoked command in '/home/ohj/mecanum-ros2/build/ydlidar' returned '0': CMAKE_PREFIX_PATH=/opt/ros/galactic /usr/bin/cmake --install /home/ohj/mecanum-ros2/build/ydlidar
