make[2]: *** [CMakeFiles/ydlidar_ros2_driver_node.dir/build.make:76: CMakeFiles/ydlidar_ros2_driver_node.dir/src/ydlidar_ros2_driver_node.cpp.o] Interrupt
make[2]: *** [CMakeFiles/ydlidar_ros2_driver_client.dir/build.make:76: CMakeFiles/ydlidar_ros2_driver_client.dir/src/ydlidar_ros2_driver_client.cpp.o] Interrupt
make[1]: *** [CMakeFiles/Makefile2:139: CMakeFiles/ydlidar_ros2_driver_node.dir/all] Interrupt
make[1]: *** [CMakeFiles/Makefile2:165: CMakeFiles/ydlidar_ros2_driver_client.dir/all] Interrupt
make: *** [Makefile:146: all] Interrupt
Traceback (most recent call last):
  File "/home/ohj/.local/bin/cmake", line 8, in <module>
    sys.exit(cmake())
  File "/home/ohj/.local/lib/python3.8/site-packages/cmake/__init__.py", line 43, in cmake
    raise SystemExit(_program('cmake', sys.argv[1:]))
  File "/home/ohj/.local/lib/python3.8/site-packages/cmake/__init__.py", line 39, in _program
    return subprocess.call([os.path.join(CMAKE_BIN_DIR, name)] + args, close_fds=False)
  File "/usr/lib/python3.8/subprocess.py", line 342, in call
    return p.wait(timeout=timeout)
  File "/usr/lib/python3.8/subprocess.py", line 1083, in wait
    return self._wait(timeout=timeout)
  File "/usr/lib/python3.8/subprocess.py", line 1806, in _wait
    (pid, sts) = self._try_wait(0)
  File "/usr/lib/python3.8/subprocess.py", line 1764, in _try_wait
    (pid, sts) = os.waitpid(self.pid, wait_flags)
KeyboardInterrupt
