[01m[K/home/ohj/mecanum-ros2/src/stella_ahrs/src/listener.cpp:[m[K In function ‘[01m[Kint main(int, char**)[m[K’:
[01m[K/home/ohj/mecanum-ros2/src/stella_ahrs/src/listener.cpp:7:18:[m[K [01;35m[Kwarning: [m[KISO C++ forbids converting a string constant to ‘[01m[Kchar*[m[K’ [[01;35m[K-Wwrite-strings[m[K]
    7 |     char *port = [01;35m[K"/dev/ttyUSB0"[m[K;
      |                  [01;35m[K^~~~~~~~~~~~~~[m[K
In file included from [01m[K/home/ohj/mecanum-ros2/src/stella_ahrs/src/listener.cpp:1[m[K:
[01m[K/home/ohj/mecanum-ros2/src/stella_ahrs/include/mw/mw_ahrs.hpp:[m[K At global scope:
[01m[K/home/ohj/mecanum-ros2/src/stella_ahrs/include/mw/mw_ahrs.hpp:41:13:[m[K [01;35m[Kwarning: [m[K‘[01m[Krun_bool[m[K’ defined but not used [[01;35m[K-Wunused-variable[m[K]
   41 | static bool [01;35m[Krun_bool[m[K = false;
      |             [01;35m[K^~~~~~~~[m[K
[01m[K/home/ohj/mecanum-ros2/src/stella_ahrs/include/mw/mw_ahrs.hpp:38:14:[m[K [01;35m[Kwarning: [m[K‘[01m[Kmag_value[m[K’ defined but not used [[01;35m[K-Wunused-variable[m[K]
   38 |              [01;35m[Kmag_value[m[K[3] = {
      |              [01;35m[K^~~~~~~~~[m[K
[01m[K/home/ohj/mecanum-ros2/src/stella_ahrs/include/mw/mw_ahrs.hpp:35:14:[m[K [01;35m[Kwarning: [m[K‘[01m[Kdeg_value[m[K’ defined but not used [[01;35m[K-Wunused-variable[m[K]
   35 |              [01;35m[Kdeg_value[m[K[3] = {
      |              [01;35m[K^~~~~~~~~[m[K
[01m[K/home/ohj/mecanum-ros2/src/stella_ahrs/include/mw/mw_ahrs.hpp:32:14:[m[K [01;35m[Kwarning: [m[K‘[01m[Kgyr_value[m[K’ defined but not used [[01;35m[K-Wunused-variable[m[K]
   32 |              [01;35m[Kgyr_value[m[K[3] = {
      |              [01;35m[K^~~~~~~~~[m[K
[01m[K/home/ohj/mecanum-ros2/src/stella_ahrs/include/mw/mw_ahrs.hpp:29:14:[m[K [01;35m[Kwarning: [m[K‘[01m[Kacc_value[m[K’ defined but not used [[01;35m[K-Wunused-variable[m[K]
   29 | static float [01;35m[Kacc_value[m[K[3] = {
      |              [01;35m[K^~~~~~~~~[m[K
