[0.186s] Invoking command in '/home/jetson/mecanum-ros2/build/dynamixel_sdk': CMAKE_PREFIX_PATH=${CMAKE_PREFIX_PATH}:/home/jetson/mecanum-ros2/install/teleop_keyboard:/home/jetson/mecanum-ros2/install/motor_control:/home/jetson/mecanum-ros2/install/mobile_description:/home/jetson/mecanum-ros2/install/mecanum_odometry:/home/jetson/mecanum-ros2/install/mecanum_cartographer:/home/jetson/mecanum-ros2/install/manipulator:/opt/ros/galactic /usr/bin/cmake /home/jetson/mecanum-ros2/src/DynamixelSDK/dynamixel_sdk -DCMAKE_INSTALL_PREFIX=/home/jetson/mecanum-ros2/install/dynamixel_sdk
[2.231s] -- The C compiler identification is GNU 8.4.0
[2.232s] -- The CXX compiler identification is GNU 8.4.0
[2.233s] -- Check for working C compiler: /usr/bin/cc
[2.233s] -- Check for working C compiler: /usr/bin/cc -- works
[2.234s] -- Detecting C compiler ABI info
[2.374s] -- Detecting C compiler ABI info - done
[2.464s] -- Detecting C compile features
[2.467s] -- Detecting C compile features - done
[2.485s] -- Check for working CXX compiler: /usr/bin/c++
[2.961s] -- Check for working CXX compiler: /usr/bin/c++ -- works
[2.967s] -- Detecting CXX compiler ABI info
[3.407s] -- Detecting CXX compiler ABI info - done
[3.501s] -- Detecting CXX compile features
[3.504s] -- Detecting CXX compile features - done
[3.544s] -- Found ament_cmake: 1.1.6 (/opt/ros/galactic/share/ament_cmake/cmake)
[3.735s] -- Found PythonInterp: /usr/bin/python3 (found suitable version "3.8.10", minimum required is "3") 
[3.736s] -- Using PYTHON_EXECUTABLE: /usr/bin/python3
[4.802s] -- Configuring done
[4.836s] -- Generating done
[4.841s] -- Build files have been written to: /home/jetson/mecanum-ros2/build/dynamixel_sdk
[4.861s] Invoked command in '/home/jetson/mecanum-ros2/build/dynamixel_sdk' returned '0': CMAKE_PREFIX_PATH=${CMAKE_PREFIX_PATH}:/home/jetson/mecanum-ros2/install/teleop_keyboard:/home/jetson/mecanum-ros2/install/motor_control:/home/jetson/mecanum-ros2/install/mobile_description:/home/jetson/mecanum-ros2/install/mecanum_odometry:/home/jetson/mecanum-ros2/install/mecanum_cartographer:/home/jetson/mecanum-ros2/install/manipulator:/opt/ros/galactic /usr/bin/cmake /home/jetson/mecanum-ros2/src/DynamixelSDK/dynamixel_sdk -DCMAKE_INSTALL_PREFIX=/home/jetson/mecanum-ros2/install/dynamixel_sdk
[4.869s] Invoking command in '/home/jetson/mecanum-ros2/build/dynamixel_sdk': CMAKE_PREFIX_PATH=${CMAKE_PREFIX_PATH}:/home/jetson/mecanum-ros2/install/teleop_keyboard:/home/jetson/mecanum-ros2/install/motor_control:/home/jetson/mecanum-ros2/install/mobile_description:/home/jetson/mecanum-ros2/install/mecanum_odometry:/home/jetson/mecanum-ros2/install/mecanum_cartographer:/home/jetson/mecanum-ros2/install/manipulator:/opt/ros/galactic /usr/bin/cmake --build /home/jetson/mecanum-ros2/build/dynamixel_sdk -- -j4 -l4
[5.120s] [35m[1mScanning dependencies of target dynamixel_sdk[0m
[5.228s] [ 10%] [32mBuilding CXX object CMakeFiles/dynamixel_sdk.dir/src/dynamixel_sdk/protocol2_packet_handler.cpp.o[0m
[5.254s] [ 20%] [32mBuilding CXX object CMakeFiles/dynamixel_sdk.dir/src/dynamixel_sdk/packet_handler.cpp.o[0m
[5.284s] [ 30%] [32mBuilding CXX object CMakeFiles/dynamixel_sdk.dir/src/dynamixel_sdk/protocol1_packet_handler.cpp.o[0m
[5.300s] [ 40%] [32mBuilding CXX object CMakeFiles/dynamixel_sdk.dir/src/dynamixel_sdk/group_sync_read.cpp.o[0m
[6.268s] [ 50%] [32mBuilding CXX object CMakeFiles/dynamixel_sdk.dir/src/dynamixel_sdk/group_sync_write.cpp.o[0m
[6.817s] [ 60%] [32mBuilding CXX object CMakeFiles/dynamixel_sdk.dir/src/dynamixel_sdk/group_bulk_read.cpp.o[0m
[7.201s] [ 70%] [32mBuilding CXX object CMakeFiles/dynamixel_sdk.dir/src/dynamixel_sdk/group_bulk_write.cpp.o[0m
[9.453s] [ 80%] [32mBuilding CXX object CMakeFiles/dynamixel_sdk.dir/src/dynamixel_sdk/port_handler.cpp.o[0m
[9.622s] [ 90%] [32mBuilding CXX object CMakeFiles/dynamixel_sdk.dir/src/dynamixel_sdk/port_handler_linux.cpp.o[0m
[11.304s] [100%] [32m[1mLinking CXX shared library libdynamixel_sdk.so[0m
[11.784s] [100%] Built target dynamixel_sdk
[12.936s] Invoked command in '/home/jetson/mecanum-ros2/build/dynamixel_sdk' returned '0': CMAKE_PREFIX_PATH=${CMAKE_PREFIX_PATH}:/home/jetson/mecanum-ros2/install/teleop_keyboard:/home/jetson/mecanum-ros2/install/motor_control:/home/jetson/mecanum-ros2/install/mobile_description:/home/jetson/mecanum-ros2/install/mecanum_odometry:/home/jetson/mecanum-ros2/install/mecanum_cartographer:/home/jetson/mecanum-ros2/install/manipulator:/opt/ros/galactic /usr/bin/cmake --build /home/jetson/mecanum-ros2/build/dynamixel_sdk -- -j4 -l4
[13.171s] Invoking command in '/home/jetson/mecanum-ros2/build/dynamixel_sdk': CMAKE_PREFIX_PATH=${CMAKE_PREFIX_PATH}:/home/jetson/mecanum-ros2/install/teleop_keyboard:/home/jetson/mecanum-ros2/install/motor_control:/home/jetson/mecanum-ros2/install/mobile_description:/home/jetson/mecanum-ros2/install/mecanum_odometry:/home/jetson/mecanum-ros2/install/mecanum_cartographer:/home/jetson/mecanum-ros2/install/manipulator:/opt/ros/galactic /usr/bin/cmake --install /home/jetson/mecanum-ros2/build/dynamixel_sdk
[13.241s] -- Install configuration: ""
[13.242s] -- Installing: /home/jetson/mecanum-ros2/install/dynamixel_sdk/include/
[13.245s] -- Installing: /home/jetson/mecanum-ros2/install/dynamixel_sdk/include//dynamixel_sdk
[13.246s] -- Installing: /home/jetson/mecanum-ros2/install/dynamixel_sdk/include//dynamixel_sdk/group_bulk_write.h
[13.248s] -- Installing: /home/jetson/mecanum-ros2/install/dynamixel_sdk/include//dynamixel_sdk/port_handler_arduino.h
[13.250s] -- Installing: /home/jetson/mecanum-ros2/install/dynamixel_sdk/include//dynamixel_sdk/group_bulk_read.h
[13.252s] -- Installing: /home/jetson/mecanum-ros2/install/dynamixel_sdk/include//dynamixel_sdk/group_sync_read.h
[13.254s] -- Installing: /home/jetson/mecanum-ros2/install/dynamixel_sdk/include//dynamixel_sdk/packet_handler.h
[13.256s] -- Installing: /home/jetson/mecanum-ros2/install/dynamixel_sdk/include//dynamixel_sdk/protocol1_packet_handler.h
[13.258s] -- Installing: /home/jetson/mecanum-ros2/install/dynamixel_sdk/include//dynamixel_sdk/protocol2_packet_handler.h
[13.260s] -- Installing: /home/jetson/mecanum-ros2/install/dynamixel_sdk/include//dynamixel_sdk/port_handler.h
[13.262s] -- Installing: /home/jetson/mecanum-ros2/install/dynamixel_sdk/include//dynamixel_sdk/port_handler_windows.h
[13.264s] -- Installing: /home/jetson/mecanum-ros2/install/dynamixel_sdk/include//dynamixel_sdk/port_handler_mac.h
[13.266s] -- Installing: /home/jetson/mecanum-ros2/install/dynamixel_sdk/include//dynamixel_sdk/group_sync_write.h
[13.267s] -- Installing: /home/jetson/mecanum-ros2/install/dynamixel_sdk/include//dynamixel_sdk/dynamixel_sdk.h
[13.274s] -- Installing: /home/jetson/mecanum-ros2/install/dynamixel_sdk/include//dynamixel_sdk/port_handler_linux.h
[13.275s] -- Installing: /home/jetson/mecanum-ros2/install/dynamixel_sdk/lib/libdynamixel_sdk.so
[13.278s] -- Installing: /home/jetson/mecanum-ros2/install/dynamixel_sdk/share/dynamixel_sdk/environment/library_path.sh
[13.279s] -- Installing: /home/jetson/mecanum-ros2/install/dynamixel_sdk/share/dynamixel_sdk/environment/library_path.dsv
[13.290s] -- Installing: /home/jetson/mecanum-ros2/install/dynamixel_sdk/share/ament_index/resource_index/package_run_dependencies/dynamixel_sdk
[13.291s] -- Installing: /home/jetson/mecanum-ros2/install/dynamixel_sdk/share/ament_index/resource_index/parent_prefix_path/dynamixel_sdk
[13.292s] -- Installing: /home/jetson/mecanum-ros2/install/dynamixel_sdk/share/dynamixel_sdk/environment/ament_prefix_path.sh
[13.293s] -- Installing: /home/jetson/mecanum-ros2/install/dynamixel_sdk/share/dynamixel_sdk/environment/ament_prefix_path.dsv
[13.294s] -- Installing: /home/jetson/mecanum-ros2/install/dynamixel_sdk/share/dynamixel_sdk/environment/path.sh
[13.294s] -- Installing: /home/jetson/mecanum-ros2/install/dynamixel_sdk/share/dynamixel_sdk/environment/path.dsv
[13.295s] -- Installing: /home/jetson/mecanum-ros2/install/dynamixel_sdk/share/dynamixel_sdk/local_setup.bash
[13.304s] -- Installing: /home/jetson/mecanum-ros2/install/dynamixel_sdk/share/dynamixel_sdk/local_setup.sh
[13.305s] -- Installing: /home/jetson/mecanum-ros2/install/dynamixel_sdk/share/dynamixel_sdk/local_setup.zsh
[13.305s] -- Installing: /home/jetson/mecanum-ros2/install/dynamixel_sdk/share/dynamixel_sdk/local_setup.dsv
[13.306s] -- Installing: /home/jetson/mecanum-ros2/install/dynamixel_sdk/share/dynamixel_sdk/package.dsv
[13.307s] -- Installing: /home/jetson/mecanum-ros2/install/dynamixel_sdk/share/ament_index/resource_index/packages/dynamixel_sdk
[13.308s] -- Installing: /home/jetson/mecanum-ros2/install/dynamixel_sdk/share/dynamixel_sdk/cmake/ament_cmake_export_include_directories-extras.cmake
[13.309s] -- Installing: /home/jetson/mecanum-ros2/install/dynamixel_sdk/share/dynamixel_sdk/cmake/ament_cmake_export_libraries-extras.cmake
[13.310s] -- Installing: /home/jetson/mecanum-ros2/install/dynamixel_sdk/share/dynamixel_sdk/cmake/dynamixel_sdkConfig.cmake
[13.311s] -- Installing: /home/jetson/mecanum-ros2/install/dynamixel_sdk/share/dynamixel_sdk/cmake/dynamixel_sdkConfig-version.cmake
[13.311s] -- Installing: /home/jetson/mecanum-ros2/install/dynamixel_sdk/share/dynamixel_sdk/package.xml
[13.339s] Invoked command in '/home/jetson/mecanum-ros2/build/dynamixel_sdk' returned '0': CMAKE_PREFIX_PATH=${CMAKE_PREFIX_PATH}:/home/jetson/mecanum-ros2/install/teleop_keyboard:/home/jetson/mecanum-ros2/install/motor_control:/home/jetson/mecanum-ros2/install/mobile_description:/home/jetson/mecanum-ros2/install/mecanum_odometry:/home/jetson/mecanum-ros2/install/mecanum_cartographer:/home/jetson/mecanum-ros2/install/manipulator:/opt/ros/galactic /usr/bin/cmake --install /home/jetson/mecanum-ros2/build/dynamixel_sdk
