[0.673s] Invoking command in '/home/ohj/mecanum-ros2/src/teleop_keyboard': PYTHONPATH=/home/ohj/mecanum-ros2/build/teleop_keyboard/prefix_override:/home/ohj/mecanum-ros2/install/teleop_keyboard/lib/python3.8/site-packages:${PYTHONPATH} /usr/bin/python3 setup.py egg_info --egg-base ../../build/teleop_keyboard build --build-base /home/ohj/mecanum-ros2/build/teleop_keyboard/build install --record /home/ohj/mecanum-ros2/build/teleop_keyboard/install.log --single-version-externally-managed
[0.813s] running egg_info
[0.813s] creating ../../build/teleop_keyboard/teleop_keyboard.egg-info
[0.814s] writing ../../build/teleop_keyboard/teleop_keyboard.egg-info/PKG-INFO
[0.814s] writing dependency_links to ../../build/teleop_keyboard/teleop_keyboard.egg-info/dependency_links.txt
[0.814s] writing entry points to ../../build/teleop_keyboard/teleop_keyboard.egg-info/entry_points.txt
[0.814s] writing requirements to ../../build/teleop_keyboard/teleop_keyboard.egg-info/requires.txt
[0.814s] writing top-level names to ../../build/teleop_keyboard/teleop_keyboard.egg-info/top_level.txt
[0.816s] writing manifest file '../../build/teleop_keyboard/teleop_keyboard.egg-info/SOURCES.txt'
[0.843s] reading manifest file '../../build/teleop_keyboard/teleop_keyboard.egg-info/SOURCES.txt'
[0.843s] writing manifest file '../../build/teleop_keyboard/teleop_keyboard.egg-info/SOURCES.txt'
[0.844s] running build
[0.844s] running build_py
[0.844s] creating /home/ohj/mecanum-ros2/build/teleop_keyboard/build
[0.844s] creating /home/ohj/mecanum-ros2/build/teleop_keyboard/build/lib
[0.844s] creating /home/ohj/mecanum-ros2/build/teleop_keyboard/build/lib/teleop_keyboard
[0.844s] copying teleop_keyboard/teleop_keyboard.py -> /home/ohj/mecanum-ros2/build/teleop_keyboard/build/lib/teleop_keyboard
[0.844s] copying teleop_keyboard/__init__.py -> /home/ohj/mecanum-ros2/build/teleop_keyboard/build/lib/teleop_keyboard
[0.844s] running install
[0.845s] running install_lib
[0.846s] creating /home/ohj/mecanum-ros2/install/teleop_keyboard/lib/python3.8/site-packages/teleop_keyboard
[0.846s] copying /home/ohj/mecanum-ros2/build/teleop_keyboard/build/lib/teleop_keyboard/teleop_keyboard.py -> /home/ohj/mecanum-ros2/install/teleop_keyboard/lib/python3.8/site-packages/teleop_keyboard
[0.846s] copying /home/ohj/mecanum-ros2/build/teleop_keyboard/build/lib/teleop_keyboard/__init__.py -> /home/ohj/mecanum-ros2/install/teleop_keyboard/lib/python3.8/site-packages/teleop_keyboard
[0.846s] byte-compiling /home/ohj/mecanum-ros2/install/teleop_keyboard/lib/python3.8/site-packages/teleop_keyboard/teleop_keyboard.py to teleop_keyboard.cpython-38.pyc
[0.847s] byte-compiling /home/ohj/mecanum-ros2/install/teleop_keyboard/lib/python3.8/site-packages/teleop_keyboard/__init__.py to __init__.cpython-38.pyc
[0.848s] running install_data
[0.848s] creating /home/ohj/mecanum-ros2/install/teleop_keyboard/share/ament_index
[0.848s] creating /home/ohj/mecanum-ros2/install/teleop_keyboard/share/ament_index/resource_index
[0.848s] creating /home/ohj/mecanum-ros2/install/teleop_keyboard/share/ament_index/resource_index/packages
[0.848s] copying resource/teleop_keyboard -> /home/ohj/mecanum-ros2/install/teleop_keyboard/share/ament_index/resource_index/packages
[0.848s] copying package.xml -> /home/ohj/mecanum-ros2/install/teleop_keyboard/share/teleop_keyboard
[0.848s] running install_egg_info
[0.849s] Copying ../../build/teleop_keyboard/teleop_keyboard.egg-info to /home/ohj/mecanum-ros2/install/teleop_keyboard/lib/python3.8/site-packages/teleop_keyboard-0.0.1-py3.8.egg-info
[0.850s] running install_scripts
[0.861s] Installing teleop_keyboard script to /home/ohj/mecanum-ros2/install/teleop_keyboard/lib/teleop_keyboard
[0.861s] writing list of installed files to '/home/ohj/mecanum-ros2/build/teleop_keyboard/install.log'
[0.885s] Invoked command in '/home/ohj/mecanum-ros2/src/teleop_keyboard' returned '0': PYTHONPATH=/home/ohj/mecanum-ros2/build/teleop_keyboard/prefix_override:/home/ohj/mecanum-ros2/install/teleop_keyboard/lib/python3.8/site-packages:${PYTHONPATH} /usr/bin/python3 setup.py egg_info --egg-base ../../build/teleop_keyboard build --build-base /home/ohj/mecanum-ros2/build/teleop_keyboard/build install --record /home/ohj/mecanum-ros2/build/teleop_keyboard/install.log --single-version-externally-managed
