[5.699s] Invoking command in '/home/jetson/mecanum-ros2/src/motor_control': PYTHONPATH=/home/jetson/mecanum-ros2/build/motor_control/prefix_override:/home/jetson/mecanum-ros2/install/motor_control/lib/python3.8/site-packages:${PYTHONPATH} /usr/bin/python3 setup.py egg_info --egg-base ../../build/motor_control build --build-base /home/jetson/mecanum-ros2/build/motor_control/build install --record /home/jetson/mecanum-ros2/build/motor_control/install.log --single-version-externally-managed
[7.024s] running egg_info
[7.026s] writing ../../build/motor_control/motor_control.egg-info/PKG-INFO
[7.032s] writing dependency_links to ../../build/motor_control/motor_control.egg-info/dependency_links.txt
[7.033s] writing entry points to ../../build/motor_control/motor_control.egg-info/entry_points.txt
[7.033s] writing requirements to ../../build/motor_control/motor_control.egg-info/requires.txt
[7.034s] writing top-level names to ../../build/motor_control/motor_control.egg-info/top_level.txt
[7.052s] reading manifest file '../../build/motor_control/motor_control.egg-info/SOURCES.txt'
[7.057s] writing manifest file '../../build/motor_control/motor_control.egg-info/SOURCES.txt'
[7.058s] running build
[7.058s] running build_py
[7.061s] running install
[7.064s] running install_lib
[7.072s] running install_data
[7.077s] copying param/motor_config.yaml -> /home/jetson/mecanum-ros2/install/motor_control/share/motor_control/param
[7.078s] running install_egg_info
[7.084s] removing '/home/jetson/mecanum-ros2/install/motor_control/lib/python3.8/site-packages/motor_control-0.0.0-py3.8.egg-info' (and everything under it)
[7.086s] Copying ../../build/motor_control/motor_control.egg-info to /home/jetson/mecanum-ros2/install/motor_control/lib/python3.8/site-packages/motor_control-0.0.0-py3.8.egg-info
[7.090s] running install_scripts
[7.170s] Installing motor_control script to /home/jetson/mecanum-ros2/install/motor_control/lib/motor_control
[7.173s] writing list of installed files to '/home/jetson/mecanum-ros2/build/motor_control/install.log'
[7.297s] Invoked command in '/home/jetson/mecanum-ros2/src/motor_control' returned '0': PYTHONPATH=/home/jetson/mecanum-ros2/build/motor_control/prefix_override:/home/jetson/mecanum-ros2/install/motor_control/lib/python3.8/site-packages:${PYTHONPATH} /usr/bin/python3 setup.py egg_info --egg-base ../../build/motor_control build --build-base /home/jetson/mecanum-ros2/build/motor_control/build install --record /home/jetson/mecanum-ros2/build/motor_control/install.log --single-version-externally-managed
