[01m[K/home/jetson/mecanum-ros2/src/ydlidar_ros2_driver/src/ydlidar_ros2_driver_node.cpp:[m[K In function ‘[01m[Kint main(int, char**)[m[K’:
[01m[K/home/jetson/mecanum-ros2/src/ydlidar_ros2_driver/src/ydlidar_ros2_driver_node.cpp:44:33:[m[K [01;35m[Kwarning: [m[K‘[01m[Kconst rclcpp::ParameterValue& rclcpp::Node::declare_parameter(const string&)[m[K’ is deprecated: declare_parameter() with only a name is deprecated and will be deleted in the future.
If you want to declare a parameter that won't change type without a default value use:
`node->declare_parameter<ParameterT>(name)`, where e.g. ParameterT=int64_t.

If you want to declare a parameter that can dynamically change type use:
```
rcl_interfaces::msg::ParameterDescriptor descriptor;
descriptor.dynamic_typing = true;
node->declare_parameter(name, rclcpp::ParameterValue{}, descriptor);
``` [[01;35m[K-Wdeprecated-declarations[m[K]
   node->declare_parameter("port"[01;35m[K)[m[K;
                                 [01;35m[K^[m[K
In file included from [01m[K/opt/ros/galactic/include/rclcpp/executors/single_threaded_executor.hpp:28[m[K,
                 from [01m[K/opt/ros/galactic/include/rclcpp/executors.hpp:22[m[K,
                 from [01m[K/opt/ros/galactic/include/rclcpp/rclcpp.hpp:156[m[K,
                 from [01m[K/home/jetson/mecanum-ros2/src/ydlidar_ros2_driver/src/ydlidar_ros2_driver_node.cpp:23[m[K:
[01m[K/opt/ros/galactic/include/rclcpp/node.hpp:422:3:[m[K [01;36m[Knote: [m[Kdeclared here
   [01;36m[Kdeclare_parameter[m[K(const std::string & name);
   [01;36m[K^~~~~~~~~~~~~~~~~[m[K
[01m[K/home/jetson/mecanum-ros2/src/ydlidar_ros2_driver/src/ydlidar_ros2_driver_node.cpp:51:41:[m[K [01;35m[Kwarning: [m[K‘[01m[Kconst rclcpp::ParameterValue& rclcpp::Node::declare_parameter(const string&)[m[K’ is deprecated: declare_parameter() with only a name is deprecated and will be deleted in the future.
If you want to declare a parameter that won't change type without a default value use:
`node->declare_parameter<ParameterT>(name)`, where e.g. ParameterT=int64_t.

If you want to declare a parameter that can dynamically change type use:
```
rcl_interfaces::msg::ParameterDescriptor descriptor;
descriptor.dynamic_typing = true;
node->declare_parameter(name, rclcpp::ParameterValue{}, descriptor);
``` [[01;35m[K-Wdeprecated-declarations[m[K]
   node->declare_parameter("ignore_array"[01;35m[K)[m[K;
                                         [01;35m[K^[m[K
In file included from [01m[K/opt/ros/galactic/include/rclcpp/executors/single_threaded_executor.hpp:28[m[K,
                 from [01m[K/opt/ros/galactic/include/rclcpp/executors.hpp:22[m[K,
                 from [01m[K/opt/ros/galactic/include/rclcpp/rclcpp.hpp:156[m[K,
                 from [01m[K/home/jetson/mecanum-ros2/src/ydlidar_ros2_driver/src/ydlidar_ros2_driver_node.cpp:23[m[K:
[01m[K/opt/ros/galactic/include/rclcpp/node.hpp:422:3:[m[K [01;36m[Knote: [m[Kdeclared here
   [01;36m[Kdeclare_parameter[m[K(const std::string & name);
   [01;36m[K^~~~~~~~~~~~~~~~~[m[K
[01m[K/home/jetson/mecanum-ros2/src/ydlidar_ros2_driver/src/ydlidar_ros2_driver_node.cpp:56:37:[m[K [01;35m[Kwarning: [m[K‘[01m[Kconst rclcpp::ParameterValue& rclcpp::Node::declare_parameter(const string&)[m[K’ is deprecated: declare_parameter() with only a name is deprecated and will be deleted in the future.
If you want to declare a parameter that won't change type without a default value use:
`node->declare_parameter<ParameterT>(name)`, where e.g. ParameterT=int64_t.

If you want to declare a parameter that can dynamically change type use:
```
rcl_interfaces::msg::ParameterDescriptor descriptor;
descriptor.dynamic_typing = true;
node->declare_parameter(name, rclcpp::ParameterValue{}, descriptor);
``` [[01;35m[K-Wdeprecated-declarations[m[K]
   node->declare_parameter("frame_id"[01;35m[K)[m[K;
                                     [01;35m[K^[m[K
In file included from [01m[K/opt/ros/galactic/include/rclcpp/executors/single_threaded_executor.hpp:28[m[K,
                 from [01m[K/opt/ros/galactic/include/rclcpp/executors.hpp:22[m[K,
                 from [01m[K/opt/ros/galactic/include/rclcpp/rclcpp.hpp:156[m[K,
                 from [01m[K/home/jetson/mecanum-ros2/src/ydlidar_ros2_driver/src/ydlidar_ros2_driver_node.cpp:23[m[K:
[01m[K/opt/ros/galactic/include/rclcpp/node.hpp:422:3:[m[K [01;36m[Knote: [m[Kdeclared here
   [01;36m[Kdeclare_parameter[m[K(const std::string & name);
   [01;36m[K^~~~~~~~~~~~~~~~~[m[K
[01m[K/home/jetson/mecanum-ros2/src/ydlidar_ros2_driver/src/ydlidar_ros2_driver_node.cpp:62:37:[m[K [01;35m[Kwarning: [m[K‘[01m[Kconst rclcpp::ParameterValue& rclcpp::Node::declare_parameter(const string&)[m[K’ is deprecated: declare_parameter() with only a name is deprecated and will be deleted in the future.
If you want to declare a parameter that won't change type without a default value use:
`node->declare_parameter<ParameterT>(name)`, where e.g. ParameterT=int64_t.

If you want to declare a parameter that can dynamically change type use:
```
rcl_interfaces::msg::ParameterDescriptor descriptor;
descriptor.dynamic_typing = true;
node->declare_parameter(name, rclcpp::ParameterValue{}, descriptor);
``` [[01;35m[K-Wdeprecated-declarations[m[K]
   node->declare_parameter("baudrate"[01;35m[K)[m[K;
                                     [01;35m[K^[m[K
In file included from [01m[K/opt/ros/galactic/include/rclcpp/executors/single_threaded_executor.hpp:28[m[K,
                 from [01m[K/opt/ros/galactic/include/rclcpp/executors.hpp:22[m[K,
                 from [01m[K/opt/ros/galactic/include/rclcpp/rclcpp.hpp:156[m[K,
                 from [01m[K/home/jetson/mecanum-ros2/src/ydlidar_ros2_driver/src/ydlidar_ros2_driver_node.cpp:23[m[K:
[01m[K/opt/ros/galactic/include/rclcpp/node.hpp:422:3:[m[K [01;36m[Knote: [m[Kdeclared here
   [01;36m[Kdeclare_parameter[m[K(const std::string & name);
   [01;36m[K^~~~~~~~~~~~~~~~~[m[K
[01m[K/home/jetson/mecanum-ros2/src/ydlidar_ros2_driver/src/ydlidar_ros2_driver_node.cpp:67:39:[m[K [01;35m[Kwarning: [m[K‘[01m[Kconst rclcpp::ParameterValue& rclcpp::Node::declare_parameter(const string&)[m[K’ is deprecated: declare_parameter() with only a name is deprecated and will be deleted in the future.
If you want to declare a parameter that won't change type without a default value use:
`node->declare_parameter<ParameterT>(name)`, where e.g. ParameterT=int64_t.

If you want to declare a parameter that can dynamically change type use:
```
rcl_interfaces::msg::ParameterDescriptor descriptor;
descriptor.dynamic_typing = true;
node->declare_parameter(name, rclcpp::ParameterValue{}, descriptor);
``` [[01;35m[K-Wdeprecated-declarations[m[K]
   node->declare_parameter("lidar_type"[01;35m[K)[m[K;
                                       [01;35m[K^[m[K
In file included from [01m[K/opt/ros/galactic/include/rclcpp/executors/single_threaded_executor.hpp:28[m[K,
                 from [01m[K/opt/ros/galactic/include/rclcpp/executors.hpp:22[m[K,
                 from [01m[K/opt/ros/galactic/include/rclcpp/rclcpp.hpp:156[m[K,
                 from [01m[K/home/jetson/mecanum-ros2/src/ydlidar_ros2_driver/src/ydlidar_ros2_driver_node.cpp:23[m[K:
[01m[K/opt/ros/galactic/include/rclcpp/node.hpp:422:3:[m[K [01;36m[Knote: [m[Kdeclared here
   [01;36m[Kdeclare_parameter[m[K(const std::string & name);
   [01;36m[K^~~~~~~~~~~~~~~~~[m[K
[01m[K/home/jetson/mecanum-ros2/src/ydlidar_ros2_driver/src/ydlidar_ros2_driver_node.cpp:72:40:[m[K [01;35m[Kwarning: [m[K‘[01m[Kconst rclcpp::ParameterValue& rclcpp::Node::declare_parameter(const string&)[m[K’ is deprecated: declare_parameter() with only a name is deprecated and will be deleted in the future.
If you want to declare a parameter that won't change type without a default value use:
`node->declare_parameter<ParameterT>(name)`, where e.g. ParameterT=int64_t.

If you want to declare a parameter that can dynamically change type use:
```
rcl_interfaces::msg::ParameterDescriptor descriptor;
descriptor.dynamic_typing = true;
node->declare_parameter(name, rclcpp::ParameterValue{}, descriptor);
``` [[01;35m[K-Wdeprecated-declarations[m[K]
   node->declare_parameter("device_type"[01;35m[K)[m[K;
                                        [01;35m[K^[m[K
In file included from [01m[K/opt/ros/galactic/include/rclcpp/executors/single_threaded_executor.hpp:28[m[K,
                 from [01m[K/opt/ros/galactic/include/rclcpp/executors.hpp:22[m[K,
                 from [01m[K/opt/ros/galactic/include/rclcpp/rclcpp.hpp:156[m[K,
                 from [01m[K/home/jetson/mecanum-ros2/src/ydlidar_ros2_driver/src/ydlidar_ros2_driver_node.cpp:23[m[K:
[01m[K/opt/ros/galactic/include/rclcpp/node.hpp:422:3:[m[K [01;36m[Knote: [m[Kdeclared here
   [01;36m[Kdeclare_parameter[m[K(const std::string & name);
   [01;36m[K^~~~~~~~~~~~~~~~~[m[K
[01m[K/home/jetson/mecanum-ros2/src/ydlidar_ros2_driver/src/ydlidar_ros2_driver_node.cpp:77:40:[m[K [01;35m[Kwarning: [m[K‘[01m[Kconst rclcpp::ParameterValue& rclcpp::Node::declare_parameter(const string&)[m[K’ is deprecated: declare_parameter() with only a name is deprecated and will be deleted in the future.
If you want to declare a parameter that won't change type without a default value use:
`node->declare_parameter<ParameterT>(name)`, where e.g. ParameterT=int64_t.

If you want to declare a parameter that can dynamically change type use:
```
rcl_interfaces::msg::ParameterDescriptor descriptor;
descriptor.dynamic_typing = true;
node->declare_parameter(name, rclcpp::ParameterValue{}, descriptor);
``` [[01;35m[K-Wdeprecated-declarations[m[K]
   node->declare_parameter("sample_rate"[01;35m[K)[m[K;
                                        [01;35m[K^[m[K
In file included from [01m[K/opt/ros/galactic/include/rclcpp/executors/single_threaded_executor.hpp:28[m[K,
                 from [01m[K/opt/ros/galactic/include/rclcpp/executors.hpp:22[m[K,
                 from [01m[K/opt/ros/galactic/include/rclcpp/rclcpp.hpp:156[m[K,
                 from [01m[K/home/jetson/mecanum-ros2/src/ydlidar_ros2_driver/src/ydlidar_ros2_driver_node.cpp:23[m[K:
[01m[K/opt/ros/galactic/include/rclcpp/node.hpp:422:3:[m[K [01;36m[Knote: [m[Kdeclared here
   [01;36m[Kdeclare_parameter[m[K(const std::string & name);
   [01;36m[K^~~~~~~~~~~~~~~~~[m[K
[01m[K/home/jetson/mecanum-ros2/src/ydlidar_ros2_driver/src/ydlidar_ros2_driver_node.cpp:82:49:[m[K [01;35m[Kwarning: [m[K‘[01m[Kconst rclcpp::ParameterValue& rclcpp::Node::declare_parameter(const string&)[m[K’ is deprecated: declare_parameter() with only a name is deprecated and will be deleted in the future.
If you want to declare a parameter that won't change type without a default value use:
`node->declare_parameter<ParameterT>(name)`, where e.g. ParameterT=int64_t.

If you want to declare a parameter that can dynamically change type use:
```
rcl_interfaces::msg::ParameterDescriptor descriptor;
descriptor.dynamic_typing = true;
node->declare_parameter(name, rclcpp::ParameterValue{}, descriptor);
``` [[01;35m[K-Wdeprecated-declarations[m[K]
   node->declare_parameter("abnormal_check_count"[01;35m[K)[m[K;
                                                 [01;35m[K^[m[K
In file included from [01m[K/opt/ros/galactic/include/rclcpp/executors/single_threaded_executor.hpp:28[m[K,
                 from [01m[K/opt/ros/galactic/include/rclcpp/executors.hpp:22[m[K,
                 from [01m[K/opt/ros/galactic/include/rclcpp/rclcpp.hpp:156[m[K,
                 from [01m[K/home/jetson/mecanum-ros2/src/ydlidar_ros2_driver/src/ydlidar_ros2_driver_node.cpp:23[m[K:
[01m[K/opt/ros/galactic/include/rclcpp/node.hpp:422:3:[m[K [01;36m[Knote: [m[Kdeclared here
   [01;36m[Kdeclare_parameter[m[K(const std::string & name);
   [01;36m[K^~~~~~~~~~~~~~~~~[m[K
[01m[K/home/jetson/mecanum-ros2/src/ydlidar_ros2_driver/src/ydlidar_ros2_driver_node.cpp:90:45:[m[K [01;35m[Kwarning: [m[K‘[01m[Kconst rclcpp::ParameterValue& rclcpp::Node::declare_parameter(const string&)[m[K’ is deprecated: declare_parameter() with only a name is deprecated and will be deleted in the future.
If you want to declare a parameter that won't change type without a default value use:
`node->declare_parameter<ParameterT>(name)`, where e.g. ParameterT=int64_t.

If you want to declare a parameter that can dynamically change type use:
```
rcl_interfaces::msg::ParameterDescriptor descriptor;
descriptor.dynamic_typing = true;
node->declare_parameter(name, rclcpp::ParameterValue{}, descriptor);
``` [[01;35m[K-Wdeprecated-declarations[m[K]
   node->declare_parameter("fixed_resolution"[01;35m[K)[m[K;
                                             [01;35m[K^[m[K
In file included from [01m[K/opt/ros/galactic/include/rclcpp/executors/single_threaded_executor.hpp:28[m[K,
                 from [01m[K/opt/ros/galactic/include/rclcpp/executors.hpp:22[m[K,
                 from [01m[K/opt/ros/galactic/include/rclcpp/rclcpp.hpp:156[m[K,
                 from [01m[K/home/jetson/mecanum-ros2/src/ydlidar_ros2_driver/src/ydlidar_ros2_driver_node.cpp:23[m[K:
[01m[K/opt/ros/galactic/include/rclcpp/node.hpp:422:3:[m[K [01;36m[Knote: [m[Kdeclared here
   [01;36m[Kdeclare_parameter[m[K(const std::string & name);
   [01;36m[K^~~~~~~~~~~~~~~~~[m[K
[01m[K/home/jetson/mecanum-ros2/src/ydlidar_ros2_driver/src/ydlidar_ros2_driver_node.cpp:95:38:[m[K [01;35m[Kwarning: [m[K‘[01m[Kconst rclcpp::ParameterValue& rclcpp::Node::declare_parameter(const string&)[m[K’ is deprecated: declare_parameter() with only a name is deprecated and will be deleted in the future.
If you want to declare a parameter that won't change type without a default value use:
`node->declare_parameter<ParameterT>(name)`, where e.g. ParameterT=int64_t.

If you want to declare a parameter that can dynamically change type use:
```
rcl_interfaces::msg::ParameterDescriptor descriptor;
descriptor.dynamic_typing = true;
node->declare_parameter(name, rclcpp::ParameterValue{}, descriptor);
``` [[01;35m[K-Wdeprecated-declarations[m[K]
   node->declare_parameter("reversion"[01;35m[K)[m[K;
                                      [01;35m[K^[m[K
In file included from [01m[K/opt/ros/galactic/include/rclcpp/executors/single_threaded_executor.hpp:28[m[K,
                 from [01m[K/opt/ros/galactic/include/rclcpp/executors.hpp:22[m[K,
                 from [01m[K/opt/ros/galactic/include/rclcpp/rclcpp.hpp:156[m[K,
                 from [01m[K/home/jetson/mecanum-ros2/src/ydlidar_ros2_driver/src/ydlidar_ros2_driver_node.cpp:23[m[K:
[01m[K/opt/ros/galactic/include/rclcpp/node.hpp:422:3:[m[K [01;36m[Knote: [m[Kdeclared here
   [01;36m[Kdeclare_parameter[m[K(const std::string & name);
   [01;36m[K^~~~~~~~~~~~~~~~~[m[K
[01m[K/home/jetson/mecanum-ros2/src/ydlidar_ros2_driver/src/ydlidar_ros2_driver_node.cpp:100:37:[m[K [01;35m[Kwarning: [m[K‘[01m[Kconst rclcpp::ParameterValue& rclcpp::Node::declare_parameter(const string&)[m[K’ is deprecated: declare_parameter() with only a name is deprecated and will be deleted in the future.
If you want to declare a parameter that won't change type without a default value use:
`node->declare_parameter<ParameterT>(name)`, where e.g. ParameterT=int64_t.

If you want to declare a parameter that can dynamically change type use:
```
rcl_interfaces::msg::ParameterDescriptor descriptor;
descriptor.dynamic_typing = true;
node->declare_parameter(name, rclcpp::ParameterValue{}, descriptor);
``` [[01;35m[K-Wdeprecated-declarations[m[K]
   node->declare_parameter("inverted"[01;35m[K)[m[K;
                                     [01;35m[K^[m[K
In file included from [01m[K/opt/ros/galactic/include/rclcpp/executors/single_threaded_executor.hpp:28[m[K,
                 from [01m[K/opt/ros/galactic/include/rclcpp/executors.hpp:22[m[K,
                 from [01m[K/opt/ros/galactic/include/rclcpp/rclcpp.hpp:156[m[K,
                 from [01m[K/home/jetson/mecanum-ros2/src/ydlidar_ros2_driver/src/ydlidar_ros2_driver_node.cpp:23[m[K:
[01m[K/opt/ros/galactic/include/rclcpp/node.hpp:422:3:[m[K [01;36m[Knote: [m[Kdeclared here
   [01;36m[Kdeclare_parameter[m[K(const std::string & name);
   [01;36m[K^~~~~~~~~~~~~~~~~[m[K
[01m[K/home/jetson/mecanum-ros2/src/ydlidar_ros2_driver/src/ydlidar_ros2_driver_node.cpp:104:43:[m[K [01;35m[Kwarning: [m[K‘[01m[Kconst rclcpp::ParameterValue& rclcpp::Node::declare_parameter(const string&)[m[K’ is deprecated: declare_parameter() with only a name is deprecated and will be deleted in the future.
If you want to declare a parameter that won't change type without a default value use:
`node->declare_parameter<ParameterT>(name)`, where e.g. ParameterT=int64_t.

If you want to declare a parameter that can dynamically change type use:
```
rcl_interfaces::msg::ParameterDescriptor descriptor;
descriptor.dynamic_typing = true;
node->declare_parameter(name, rclcpp::ParameterValue{}, descriptor);
``` [[01;35m[K-Wdeprecated-declarations[m[K]
   node->declare_parameter("auto_reconnect"[01;35m[K)[m[K;
                                           [01;35m[K^[m[K
In file included from [01m[K/opt/ros/galactic/include/rclcpp/executors/single_threaded_executor.hpp:28[m[K,
                 from [01m[K/opt/ros/galactic/include/rclcpp/executors.hpp:22[m[K,
                 from [01m[K/opt/ros/galactic/include/rclcpp/rclcpp.hpp:156[m[K,
                 from [01m[K/home/jetson/mecanum-ros2/src/ydlidar_ros2_driver/src/ydlidar_ros2_driver_node.cpp:23[m[K:
[01m[K/opt/ros/galactic/include/rclcpp/node.hpp:422:3:[m[K [01;36m[Knote: [m[Kdeclared here
   [01;36m[Kdeclare_parameter[m[K(const std::string & name);
   [01;36m[K^~~~~~~~~~~~~~~~~[m[K
[01m[K/home/jetson/mecanum-ros2/src/ydlidar_ros2_driver/src/ydlidar_ros2_driver_node.cpp:109:44:[m[K [01;35m[Kwarning: [m[K‘[01m[Kconst rclcpp::ParameterValue& rclcpp::Node::declare_parameter(const string&)[m[K’ is deprecated: declare_parameter() with only a name is deprecated and will be deleted in the future.
If you want to declare a parameter that won't change type without a default value use:
`node->declare_parameter<ParameterT>(name)`, where e.g. ParameterT=int64_t.

If you want to declare a parameter that can dynamically change type use:
```
rcl_interfaces::msg::ParameterDescriptor descriptor;
descriptor.dynamic_typing = true;
node->declare_parameter(name, rclcpp::ParameterValue{}, descriptor);
``` [[01;35m[K-Wdeprecated-declarations[m[K]
   node->declare_parameter("isSingleChannel"[01;35m[K)[m[K;
                                            [01;35m[K^[m[K
In file included from [01m[K/opt/ros/galactic/include/rclcpp/executors/single_threaded_executor.hpp:28[m[K,
                 from [01m[K/opt/ros/galactic/include/rclcpp/executors.hpp:22[m[K,
                 from [01m[K/opt/ros/galactic/include/rclcpp/rclcpp.hpp:156[m[K,
                 from [01m[K/home/jetson/mecanum-ros2/src/ydlidar_ros2_driver/src/ydlidar_ros2_driver_node.cpp:23[m[K:
[01m[K/opt/ros/galactic/include/rclcpp/node.hpp:422:3:[m[K [01;36m[Knote: [m[Kdeclared here
   [01;36m[Kdeclare_parameter[m[K(const std::string & name);
   [01;36m[K^~~~~~~~~~~~~~~~~[m[K
[01m[K/home/jetson/mecanum-ros2/src/ydlidar_ros2_driver/src/ydlidar_ros2_driver_node.cpp:114:38:[m[K [01;35m[Kwarning: [m[K‘[01m[Kconst rclcpp::ParameterValue& rclcpp::Node::declare_parameter(const string&)[m[K’ is deprecated: declare_parameter() with only a name is deprecated and will be deleted in the future.
If you want to declare a parameter that won't change type without a default value use:
`node->declare_parameter<ParameterT>(name)`, where e.g. ParameterT=int64_t.

If you want to declare a parameter that can dynamically change type use:
```
rcl_interfaces::msg::ParameterDescriptor descriptor;
descriptor.dynamic_typing = true;
node->declare_parameter(name, rclcpp::ParameterValue{}, descriptor);
``` [[01;35m[K-Wdeprecated-declarations[m[K]
   node->declare_parameter("intensity"[01;35m[K)[m[K;
                                      [01;35m[K^[m[K
In file included from [01m[K/opt/ros/galactic/include/rclcpp/executors/single_threaded_executor.hpp:28[m[K,
                 from [01m[K/opt/ros/galactic/include/rclcpp/executors.hpp:22[m[K,
                 from [01m[K/opt/ros/galactic/include/rclcpp/rclcpp.hpp:156[m[K,
                 from [01m[K/home/jetson/mecanum-ros2/src/ydlidar_ros2_driver/src/ydlidar_ros2_driver_node.cpp:23[m[K:
[01m[K/opt/ros/galactic/include/rclcpp/node.hpp:422:3:[m[K [01;36m[Knote: [m[Kdeclared here
   [01;36m[Kdeclare_parameter[m[K(const std::string & name);
   [01;36m[K^~~~~~~~~~~~~~~~~[m[K
[01m[K/home/jetson/mecanum-ros2/src/ydlidar_ros2_driver/src/ydlidar_ros2_driver_node.cpp:119:46:[m[K [01;35m[Kwarning: [m[K‘[01m[Kconst rclcpp::ParameterValue& rclcpp::Node::declare_parameter(const string&)[m[K’ is deprecated: declare_parameter() with only a name is deprecated and will be deleted in the future.
If you want to declare a parameter that won't change type without a default value use:
`node->declare_parameter<ParameterT>(name)`, where e.g. ParameterT=int64_t.

If you want to declare a parameter that can dynamically change type use:
```
rcl_interfaces::msg::ParameterDescriptor descriptor;
descriptor.dynamic_typing = true;
node->declare_parameter(name, rclcpp::ParameterValue{}, descriptor);
``` [[01;35m[K-Wdeprecated-declarations[m[K]
   node->declare_parameter("support_motor_dtr"[01;35m[K)[m[K;
                                              [01;35m[K^[m[K
In file included from [01m[K/opt/ros/galactic/include/rclcpp/executors/single_threaded_executor.hpp:28[m[K,
                 from [01m[K/opt/ros/galactic/include/rclcpp/executors.hpp:22[m[K,
                 from [01m[K/opt/ros/galactic/include/rclcpp/rclcpp.hpp:156[m[K,
                 from [01m[K/home/jetson/mecanum-ros2/src/ydlidar_ros2_driver/src/ydlidar_ros2_driver_node.cpp:23[m[K:
[01m[K/opt/ros/galactic/include/rclcpp/node.hpp:422:3:[m[K [01;36m[Knote: [m[Kdeclared here
   [01;36m[Kdeclare_parameter[m[K(const std::string & name);
   [01;36m[K^~~~~~~~~~~~~~~~~[m[K
[01m[K/home/jetson/mecanum-ros2/src/ydlidar_ros2_driver/src/ydlidar_ros2_driver_node.cpp:126:38:[m[K [01;35m[Kwarning: [m[K‘[01m[Kconst rclcpp::ParameterValue& rclcpp::Node::declare_parameter(const string&)[m[K’ is deprecated: declare_parameter() with only a name is deprecated and will be deleted in the future.
If you want to declare a parameter that won't change type without a default value use:
`node->declare_parameter<ParameterT>(name)`, where e.g. ParameterT=int64_t.

If you want to declare a parameter that can dynamically change type use:
```
rcl_interfaces::msg::ParameterDescriptor descriptor;
descriptor.dynamic_typing = true;
node->declare_parameter(name, rclcpp::ParameterValue{}, descriptor);
``` [[01;35m[K-Wdeprecated-declarations[m[K]
   node->declare_parameter("angle_max"[01;35m[K)[m[K;
                                      [01;35m[K^[m[K
In file included from [01m[K/opt/ros/galactic/include/rclcpp/executors/single_threaded_executor.hpp:28[m[K,
                 from [01m[K/opt/ros/galactic/include/rclcpp/executors.hpp:22[m[K,
                 from [01m[K/opt/ros/galactic/include/rclcpp/rclcpp.hpp:156[m[K,
                 from [01m[K/home/jetson/mecanum-ros2/src/ydlidar_ros2_driver/src/ydlidar_ros2_driver_node.cpp:23[m[K:
[01m[K/opt/ros/galactic/include/rclcpp/node.hpp:422:3:[m[K [01;36m[Knote: [m[Kdeclared here
   [01;36m[Kdeclare_parameter[m[K(const std::string & name);
   [01;36m[K^~~~~~~~~~~~~~~~~[m[K
[01m[K/home/jetson/mecanum-ros2/src/ydlidar_ros2_driver/src/ydlidar_ros2_driver_node.cpp:130:38:[m[K [01;35m[Kwarning: [m[K‘[01m[Kconst rclcpp::ParameterValue& rclcpp::Node::declare_parameter(const string&)[m[K’ is deprecated: declare_parameter() with only a name is deprecated and will be deleted in the future.
If you want to declare a parameter that won't change type without a default value use:
`node->declare_parameter<ParameterT>(name)`, where e.g. ParameterT=int64_t.

If you want to declare a parameter that can dynamically change type use:
```
rcl_interfaces::msg::ParameterDescriptor descriptor;
descriptor.dynamic_typing = true;
node->declare_parameter(name, rclcpp::ParameterValue{}, descriptor);
``` [[01;35m[K-Wdeprecated-declarations[m[K]
   node->declare_parameter("angle_min"[01;35m[K)[m[K;
                                      [01;35m[K^[m[K
In file included from [01m[K/opt/ros/galactic/include/rclcpp/executors/single_threaded_executor.hpp:28[m[K,
                 from [01m[K/opt/ros/galactic/include/rclcpp/executors.hpp:22[m[K,
                 from [01m[K/opt/ros/galactic/include/rclcpp/rclcpp.hpp:156[m[K,
                 from [01m[K/home/jetson/mecanum-ros2/src/ydlidar_ros2_driver/src/ydlidar_ros2_driver_node.cpp:23[m[K:
[01m[K/opt/ros/galactic/include/rclcpp/node.hpp:422:3:[m[K [01;36m[Knote: [m[Kdeclared here
   [01;36m[Kdeclare_parameter[m[K(const std::string & name);
   [01;36m[K^~~~~~~~~~~~~~~~~[m[K
[01m[K/home/jetson/mecanum-ros2/src/ydlidar_ros2_driver/src/ydlidar_ros2_driver_node.cpp:135:38:[m[K [01;35m[Kwarning: [m[K‘[01m[Kconst rclcpp::ParameterValue& rclcpp::Node::declare_parameter(const string&)[m[K’ is deprecated: declare_parameter() with only a name is deprecated and will be deleted in the future.
If you want to declare a parameter that won't change type without a default value use:
`node->declare_parameter<ParameterT>(name)`, where e.g. ParameterT=int64_t.

If you want to declare a parameter that can dynamically change type use:
```
rcl_interfaces::msg::ParameterDescriptor descriptor;
descriptor.dynamic_typing = true;
node->declare_parameter(name, rclcpp::ParameterValue{}, descriptor);
``` [[01;35m[K-Wdeprecated-declarations[m[K]
   node->declare_parameter("range_max"[01;35m[K)[m[K;
                                      [01;35m[K^[m[K
In file included from [01m[K/opt/ros/galactic/include/rclcpp/executors/single_threaded_executor.hpp:28[m[K,
                 from [01m[K/opt/ros/galactic/include/rclcpp/executors.hpp:22[m[K,
                 from [01m[K/opt/ros/galactic/include/rclcpp/rclcpp.hpp:156[m[K,
                 from [01m[K/home/jetson/mecanum-ros2/src/ydlidar_ros2_driver/src/ydlidar_ros2_driver_node.cpp:23[m[K:
[01m[K/opt/ros/galactic/include/rclcpp/node.hpp:422:3:[m[K [01;36m[Knote: [m[Kdeclared here
   [01;36m[Kdeclare_parameter[m[K(const std::string & name);
   [01;36m[K^~~~~~~~~~~~~~~~~[m[K
[01m[K/home/jetson/mecanum-ros2/src/ydlidar_ros2_driver/src/ydlidar_ros2_driver_node.cpp:139:38:[m[K [01;35m[Kwarning: [m[K‘[01m[Kconst rclcpp::ParameterValue& rclcpp::Node::declare_parameter(const string&)[m[K’ is deprecated: declare_parameter() with only a name is deprecated and will be deleted in the future.
If you want to declare a parameter that won't change type without a default value use:
`node->declare_parameter<ParameterT>(name)`, where e.g. ParameterT=int64_t.

If you want to declare a parameter that can dynamically change type use:
```
rcl_interfaces::msg::ParameterDescriptor descriptor;
descriptor.dynamic_typing = true;
node->declare_parameter(name, rclcpp::ParameterValue{}, descriptor);
``` [[01;35m[K-Wdeprecated-declarations[m[K]
   node->declare_parameter("range_min"[01;35m[K)[m[K;
                                      [01;35m[K^[m[K
In file included from [01m[K/opt/ros/galactic/include/rclcpp/executors/single_threaded_executor.hpp:28[m[K,
                 from [01m[K/opt/ros/galactic/include/rclcpp/executors.hpp:22[m[K,
                 from [01m[K/opt/ros/galactic/include/rclcpp/rclcpp.hpp:156[m[K,
                 from [01m[K/home/jetson/mecanum-ros2/src/ydlidar_ros2_driver/src/ydlidar_ros2_driver_node.cpp:23[m[K:
[01m[K/opt/ros/galactic/include/rclcpp/node.hpp:422:3:[m[K [01;36m[Knote: [m[Kdeclared here
   [01;36m[Kdeclare_parameter[m[K(const std::string & name);
   [01;36m[K^~~~~~~~~~~~~~~~~[m[K
[01m[K/home/jetson/mecanum-ros2/src/ydlidar_ros2_driver/src/ydlidar_ros2_driver_node.cpp:144:38:[m[K [01;35m[Kwarning: [m[K‘[01m[Kconst rclcpp::ParameterValue& rclcpp::Node::declare_parameter(const string&)[m[K’ is deprecated: declare_parameter() with only a name is deprecated and will be deleted in the future.
If you want to declare a parameter that won't change type without a default value use:
`node->declare_parameter<ParameterT>(name)`, where e.g. ParameterT=int64_t.

If you want to declare a parameter that can dynamically change type use:
```
rcl_interfaces::msg::ParameterDescriptor descriptor;
descriptor.dynamic_typing = true;
node->declare_parameter(name, rclcpp::ParameterValue{}, descriptor);
``` [[01;35m[K-Wdeprecated-declarations[m[K]
   node->declare_parameter("frequency"[01;35m[K)[m[K;
                                      [01;35m[K^[m[K
In file included from [01m[K/opt/ros/galactic/include/rclcpp/executors/single_threaded_executor.hpp:28[m[K,
                 from [01m[K/opt/ros/galactic/include/rclcpp/executors.hpp:22[m[K,
                 from [01m[K/opt/ros/galactic/include/rclcpp/rclcpp.hpp:156[m[K,
                 from [01m[K/home/jetson/mecanum-ros2/src/ydlidar_ros2_driver/src/ydlidar_ros2_driver_node.cpp:23[m[K:
[01m[K/opt/ros/galactic/include/rclcpp/node.hpp:422:3:[m[K [01;36m[Knote: [m[Kdeclared here
   [01;36m[Kdeclare_parameter[m[K(const std::string & name);
   [01;36m[K^~~~~~~~~~~~~~~~~[m[K
[01m[K/home/jetson/mecanum-ros2/src/ydlidar_ros2_driver/src/ydlidar_ros2_driver_node.cpp:149:49:[m[K [01;35m[Kwarning: [m[K‘[01m[Kconst rclcpp::ParameterValue& rclcpp::Node::declare_parameter(const string&)[m[K’ is deprecated: declare_parameter() with only a name is deprecated and will be deleted in the future.
If you want to declare a parameter that won't change type without a default value use:
`node->declare_parameter<ParameterT>(name)`, where e.g. ParameterT=int64_t.

If you want to declare a parameter that can dynamically change type use:
```
rcl_interfaces::msg::ParameterDescriptor descriptor;
descriptor.dynamic_typing = true;
node->declare_parameter(name, rclcpp::ParameterValue{}, descriptor);
``` [[01;35m[K-Wdeprecated-declarations[m[K]
   node->declare_parameter("invalid_range_is_inf"[01;35m[K)[m[K;
                                                 [01;35m[K^[m[K
In file included from [01m[K/opt/ros/galactic/include/rclcpp/executors/single_threaded_executor.hpp:28[m[K,
                 from [01m[K/opt/ros/galactic/include/rclcpp/executors.hpp:22[m[K,
                 from [01m[K/opt/ros/galactic/include/rclcpp/rclcpp.hpp:156[m[K,
                 from [01m[K/home/jetson/mecanum-ros2/src/ydlidar_ros2_driver/src/ydlidar_ros2_driver_node.cpp:23[m[K:
[01m[K/opt/ros/galactic/include/rclcpp/node.hpp:422:3:[m[K [01;36m[Knote: [m[Kdeclared here
   [01;36m[Kdeclare_parameter[m[K(const std::string & name);
   [01;36m[K^~~~~~~~~~~~~~~~~[m[K
[01m[K/home/jetson/mecanum-ros2/src/ydlidar_ros2_driver/src/ydlidar_ros2_driver_node.cpp:[m[K In lambda function:
[01m[K/home/jetson/mecanum-ros2/src/ydlidar_ros2_driver/src/ydlidar_ros2_driver_node.cpp:163:54:[m[K [01;35m[Kwarning: [m[Kunused parameter ‘[01m[Krequest_header[m[K’ [[01;35m[K-Wunused-parameter[m[K]
     [&laser]([01;35m[Kconst std::shared_ptr<rmw_request_id_t> request_header[m[K,
              [01;35m[K~~~~~~~~~~~~~~~~~~~~~~~~~~~~~~~~~~~~~~~~^~~~~~~~~~~~~~[m[K
[01m[K/home/jetson/mecanum-ros2/src/ydlidar_ros2_driver/src/ydlidar_ros2_driver_node.cpp:164:56:[m[K [01;35m[Kwarning: [m[Kunused parameter ‘[01m[Kreq[m[K’ [[01;35m[K-Wunused-parameter[m[K]
   [01;35m[Kconst std::shared_ptr<std_srvs::srv::Empty::Request> req[m[K,
   [01;35m[K~~~~~~~~~~~~~~~~~~~~~~~~~~~~~~~~~~~~~~~~~~~~~~~~~~~~~^~~[m[K
[01m[K/home/jetson/mecanum-ros2/src/ydlidar_ros2_driver/src/ydlidar_ros2_driver_node.cpp:165:51:[m[K [01;35m[Kwarning: [m[Kunused parameter ‘[01m[Kresponse[m[K’ [[01;35m[K-Wunused-parameter[m[K]
   [01;35m[Kstd::shared_ptr<std_srvs::srv::Empty::Response> response[m[K) -> bool
   [01;35m[K~~~~~~~~~~~~~~~~~~~~~~~~~~~~~~~~~~~~~~~~~~~~~~~~^~~~~~~~[m[K
[01m[K/home/jetson/mecanum-ros2/src/ydlidar_ros2_driver/src/ydlidar_ros2_driver_node.cpp:[m[K In lambda function:
[01m[K/home/jetson/mecanum-ros2/src/ydlidar_ros2_driver/src/ydlidar_ros2_driver_node.cpp:173:54:[m[K [01;35m[Kwarning: [m[Kunused parameter ‘[01m[Krequest_header[m[K’ [[01;35m[K-Wunused-parameter[m[K]
     [&laser]([01;35m[Kconst std::shared_ptr<rmw_request_id_t> request_header[m[K,
              [01;35m[K~~~~~~~~~~~~~~~~~~~~~~~~~~~~~~~~~~~~~~~~^~~~~~~~~~~~~~[m[K
[01m[K/home/jetson/mecanum-ros2/src/ydlidar_ros2_driver/src/ydlidar_ros2_driver_node.cpp:174:56:[m[K [01;35m[Kwarning: [m[Kunused parameter ‘[01m[Kreq[m[K’ [[01;35m[K-Wunused-parameter[m[K]
   [01;35m[Kconst std::shared_ptr<std_srvs::srv::Empty::Request> req[m[K,
   [01;35m[K~~~~~~~~~~~~~~~~~~~~~~~~~~~~~~~~~~~~~~~~~~~~~~~~~~~~~^~~[m[K
[01m[K/home/jetson/mecanum-ros2/src/ydlidar_ros2_driver/src/ydlidar_ros2_driver_node.cpp:175:51:[m[K [01;35m[Kwarning: [m[Kunused parameter ‘[01m[Kresponse[m[K’ [[01;35m[K-Wunused-parameter[m[K]
   [01;35m[Kstd::shared_ptr<std_srvs::srv::Empty::Response> response[m[K) -> bool
   [01;35m[K~~~~~~~~~~~~~~~~~~~~~~~~~~~~~~~~~~~~~~~~~~~~~~~~^~~~~~~~[m[K
