[0.299s] Invoking command in '/home/jetson/mecanum-ros2/build/ydlidar_ros2_driver': CMAKE_PREFIX_PATH=${CMAKE_PREFIX_PATH}:/home/jetson/mecanum-ros2/install/teleop_keyboard:/home/jetson/mecanum-ros2/install/motor_control:/home/jetson/mecanum-ros2/install/mobile_description:/home/jetson/mecanum-ros2/install/mecanum_odometry:/home/jetson/mecanum-ros2/install/mecanum_cartographer:/home/jetson/mecanum-ros2/install/manipulator:/opt/ros/galactic /usr/bin/cmake --build /home/jetson/mecanum-ros2/build/ydlidar_ros2_driver -- -j4 -l4
[1.396s] [ 50%] Built target ydlidar_ros2_driver_client
[1.568s] [100%] Built target ydlidar_ros2_driver_node
[1.737s] Invoked command in '/home/jetson/mecanum-ros2/build/ydlidar_ros2_driver' returned '0': CMAKE_PREFIX_PATH=${CMAKE_PREFIX_PATH}:/home/jetson/mecanum-ros2/install/teleop_keyboard:/home/jetson/mecanum-ros2/install/motor_control:/home/jetson/mecanum-ros2/install/mobile_description:/home/jetson/mecanum-ros2/install/mecanum_odometry:/home/jetson/mecanum-ros2/install/mecanum_cartographer:/home/jetson/mecanum-ros2/install/manipulator:/opt/ros/galactic /usr/bin/cmake --build /home/jetson/mecanum-ros2/build/ydlidar_ros2_driver -- -j4 -l4
[2.205s] Invoking command in '/home/jetson/mecanum-ros2/build/ydlidar_ros2_driver': CMAKE_PREFIX_PATH=${CMAKE_PREFIX_PATH}:/home/jetson/mecanum-ros2/install/teleop_keyboard:/home/jetson/mecanum-ros2/install/motor_control:/home/jetson/mecanum-ros2/install/mobile_description:/home/jetson/mecanum-ros2/install/mecanum_odometry:/home/jetson/mecanum-ros2/install/mecanum_cartographer:/home/jetson/mecanum-ros2/install/manipulator:/opt/ros/galactic /usr/bin/cmake --install /home/jetson/mecanum-ros2/build/ydlidar_ros2_driver
[2.371s] -- Install configuration: ""
[2.379s] -- Installing: /home/jetson/mecanum-ros2/install/ydlidar_ros2_driver/lib/ydlidar_ros2_driver/ydlidar_ros2_driver_node
[2.423s] -- Set runtime path of "/home/jetson/mecanum-ros2/install/ydlidar_ros2_driver/lib/ydlidar_ros2_driver/ydlidar_ros2_driver_node" to ""
[2.425s] -- Installing: /home/jetson/mecanum-ros2/install/ydlidar_ros2_driver/lib/ydlidar_ros2_driver/ydlidar_ros2_driver_client
[2.480s] -- Set runtime path of "/home/jetson/mecanum-ros2/install/ydlidar_ros2_driver/lib/ydlidar_ros2_driver/ydlidar_ros2_driver_client" to ""
[2.486s] -- Installing: /home/jetson/mecanum-ros2/install/ydlidar_ros2_driver/share/ydlidar_ros2_driver/launch
[2.489s] -- Installing: /home/jetson/mecanum-ros2/install/ydlidar_ros2_driver/share/ydlidar_ros2_driver/launch/ydlidar.py
[2.491s] -- Installing: /home/jetson/mecanum-ros2/install/ydlidar_ros2_driver/share/ydlidar_ros2_driver/launch/ydlidar_launch.py
[2.493s] -- Installing: /home/jetson/mecanum-ros2/install/ydlidar_ros2_driver/share/ydlidar_ros2_driver/launch/ydlidar_launch_view.py
[2.496s] -- Installing: /home/jetson/mecanum-ros2/install/ydlidar_ros2_driver/share/ydlidar_ros2_driver/params
[2.504s] -- Installing: /home/jetson/mecanum-ros2/install/ydlidar_ros2_driver/share/ydlidar_ros2_driver/params/ydlidar.yaml
[2.511s] -- Installing: /home/jetson/mecanum-ros2/install/ydlidar_ros2_driver/share/ydlidar_ros2_driver/startup
[2.513s] -- Installing: /home/jetson/mecanum-ros2/install/ydlidar_ros2_driver/share/ydlidar_ros2_driver/startup/initenv.sh
[2.514s] -- Installing: /home/jetson/mecanum-ros2/install/ydlidar_ros2_driver/share/ydlidar_ros2_driver/config
[2.516s] -- Installing: /home/jetson/mecanum-ros2/install/ydlidar_ros2_driver/share/ydlidar_ros2_driver/config/ydlidar.rviz
[2.518s] -- Installing: /home/jetson/mecanum-ros2/install/ydlidar_ros2_driver/share/ament_index/resource_index/package_run_dependencies/ydlidar_ros2_driver
[2.526s] -- Installing: /home/jetson/mecanum-ros2/install/ydlidar_ros2_driver/share/ament_index/resource_index/parent_prefix_path/ydlidar_ros2_driver
[2.531s] -- Installing: /home/jetson/mecanum-ros2/install/ydlidar_ros2_driver/share/ydlidar_ros2_driver/environment/ament_prefix_path.sh
[2.533s] -- Installing: /home/jetson/mecanum-ros2/install/ydlidar_ros2_driver/share/ydlidar_ros2_driver/environment/ament_prefix_path.dsv
[2.538s] -- Installing: /home/jetson/mecanum-ros2/install/ydlidar_ros2_driver/share/ydlidar_ros2_driver/environment/path.sh
[2.544s] -- Installing: /home/jetson/mecanum-ros2/install/ydlidar_ros2_driver/share/ydlidar_ros2_driver/environment/path.dsv
[2.546s] -- Installing: /home/jetson/mecanum-ros2/install/ydlidar_ros2_driver/share/ydlidar_ros2_driver/local_setup.bash
[2.563s] -- Installing: /home/jetson/mecanum-ros2/install/ydlidar_ros2_driver/share/ydlidar_ros2_driver/local_setup.sh
[2.564s] -- Installing: /home/jetson/mecanum-ros2/install/ydlidar_ros2_driver/share/ydlidar_ros2_driver/local_setup.zsh
[2.566s] -- Installing: /home/jetson/mecanum-ros2/install/ydlidar_ros2_driver/share/ydlidar_ros2_driver/local_setup.dsv
[2.567s] -- Installing: /home/jetson/mecanum-ros2/install/ydlidar_ros2_driver/share/ydlidar_ros2_driver/package.dsv
[2.569s] -- Installing: /home/jetson/mecanum-ros2/install/ydlidar_ros2_driver/share/ament_index/resource_index/packages/ydlidar_ros2_driver
[2.570s] -- Installing: /home/jetson/mecanum-ros2/install/ydlidar_ros2_driver/share/ydlidar_ros2_driver/cmake/ydlidar_ros2_driverConfig.cmake
[2.583s] -- Installing: /home/jetson/mecanum-ros2/install/ydlidar_ros2_driver/share/ydlidar_ros2_driver/cmake/ydlidar_ros2_driverConfig-version.cmake
[2.586s] -- Installing: /home/jetson/mecanum-ros2/install/ydlidar_ros2_driver/share/ydlidar_ros2_driver/package.xml
[2.605s] Invoked command in '/home/jetson/mecanum-ros2/build/ydlidar_ros2_driver' returned '0': CMAKE_PREFIX_PATH=${CMAKE_PREFIX_PATH}:/home/jetson/mecanum-ros2/install/teleop_keyboard:/home/jetson/mecanum-ros2/install/motor_control:/home/jetson/mecanum-ros2/install/mobile_description:/home/jetson/mecanum-ros2/install/mecanum_odometry:/home/jetson/mecanum-ros2/install/mecanum_cartographer:/home/jetson/mecanum-ros2/install/manipulator:/opt/ros/galactic /usr/bin/cmake --install /home/jetson/mecanum-ros2/build/ydlidar_ros2_driver
