[19.459s] Invoking command in '/home/jetson/mecanum-ros2/src/mecanum_odometry': PYTHONPATH=/home/jetson/mecanum-ros2/build/mecanum_odometry/prefix_override:/home/jetson/mecanum-ros2/install/mecanum_odometry/lib/python3.8/site-packages:${PYTHONPATH} /usr/bin/python3 setup.py egg_info --egg-base ../../build/mecanum_odometry build --build-base /home/jetson/mecanum-ros2/build/mecanum_odometry/build install --record /home/jetson/mecanum-ros2/build/mecanum_odometry/install.log --single-version-externally-managed
[24.788s] running egg_info
[24.798s] writing ../../build/mecanum_odometry/mecanum_odometry.egg-info/PKG-INFO
[24.805s] writing dependency_links to ../../build/mecanum_odometry/mecanum_odometry.egg-info/dependency_links.txt
[24.806s] writing entry points to ../../build/mecanum_odometry/mecanum_odometry.egg-info/entry_points.txt
[24.808s] writing requirements to ../../build/mecanum_odometry/mecanum_odometry.egg-info/requires.txt
[24.811s] writing top-level names to ../../build/mecanum_odometry/mecanum_odometry.egg-info/top_level.txt
[24.855s] reading manifest file '../../build/mecanum_odometry/mecanum_odometry.egg-info/SOURCES.txt'
[24.870s] writing manifest file '../../build/mecanum_odometry/mecanum_odometry.egg-info/SOURCES.txt'
[24.872s] running build
[24.874s] running build_py
[24.876s] running install
[24.886s] running install_lib
[24.907s] running install_data
[24.917s] running install_egg_info
[24.949s] removing '/home/jetson/mecanum-ros2/install/mecanum_odometry/lib/python3.8/site-packages/mecanum_odometry-0.0.0-py3.8.egg-info' (and everything under it)
[24.951s] Copying ../../build/mecanum_odometry/mecanum_odometry.egg-info to /home/jetson/mecanum-ros2/install/mecanum_odometry/lib/python3.8/site-packages/mecanum_odometry-0.0.0-py3.8.egg-info
[24.957s] running install_scripts
[25.265s] Installing odom_publisher script to /home/jetson/mecanum-ros2/install/mecanum_odometry/lib/mecanum_odometry
[25.270s] Installing time_test script to /home/jetson/mecanum-ros2/install/mecanum_odometry/lib/mecanum_odometry
[25.273s] writing list of installed files to '/home/jetson/mecanum-ros2/build/mecanum_odometry/install.log'
