running egg_info
writing ../../build/manipulator/manipulator.egg-info/PKG-INFO
writing dependency_links to ../../build/manipulator/manipulator.egg-info/dependency_links.txt
writing entry points to ../../build/manipulator/manipulator.egg-info/entry_points.txt
writing requirements to ../../build/manipulator/manipulator.egg-info/requires.txt
writing top-level names to ../../build/manipulator/manipulator.egg-info/top_level.txt
reading manifest file '../../build/manipulator/manipulator.egg-info/SOURCES.txt'
writing manifest file '../../build/manipulator/manipulator.egg-info/SOURCES.txt'
running build
running build_py
copying manipulator/manipulator_pose_get.py -> /home/ohj/mecanum-ros2/build/manipulator/build/lib/manipulator
running install
running install_lib
copying /home/ohj/mecanum-ros2/build/manipulator/build/lib/manipulator/manipulator_pose_get.py -> /home/ohj/mecanum-ros2/install/manipulator/lib/python3.8/site-packages/manipulator
byte-compiling /home/ohj/mecanum-ros2/install/manipulator/lib/python3.8/site-packages/manipulator/manipulator_pose_get.py to manipulator_pose_get.cpython-38.pyc
running install_data
running install_egg_info
removing '/home/ohj/mecanum-ros2/install/manipulator/lib/python3.8/site-packages/manipulator-0.0.0-py3.8.egg-info' (and everything under it)
Copying ../../build/manipulator/manipulator.egg-info to /home/ohj/mecanum-ros2/install/manipulator/lib/python3.8/site-packages/manipulator-0.0.0-py3.8.egg-info
running install_scripts
Installing manipulator_move script to /home/ohj/mecanum-ros2/install/manipulator/lib/manipulator
Installing manipulator_pose_get script to /home/ohj/mecanum-ros2/install/manipulator/lib/manipulator
writing list of installed files to '/home/ohj/mecanum-ros2/build/manipulator/install.log'
