[0.642s] Invoking command in '/home/ohj/mecanum-ros2/src/motor_control': PYTHONPATH=/home/ohj/mecanum-ros2/build/motor_control/prefix_override:/home/ohj/mecanum-ros2/install/motor_control/lib/python3.8/site-packages:${PYTHONPATH} /usr/bin/python3 setup.py egg_info --egg-base ../../build/motor_control build --build-base /home/ohj/mecanum-ros2/build/motor_control/build install --record /home/ohj/mecanum-ros2/build/motor_control/install.log --single-version-externally-managed
[0.789s] running egg_info
[0.789s] writing ../../build/motor_control/motor_control.egg-info/PKG-INFO
[0.789s] writing dependency_links to ../../build/motor_control/motor_control.egg-info/dependency_links.txt
[0.789s] writing entry points to ../../build/motor_control/motor_control.egg-info/entry_points.txt
[0.789s] writing requirements to ../../build/motor_control/motor_control.egg-info/requires.txt
[0.789s] writing top-level names to ../../build/motor_control/motor_control.egg-info/top_level.txt
[0.812s] reading manifest file '../../build/motor_control/motor_control.egg-info/SOURCES.txt'
[0.812s] writing manifest file '../../build/motor_control/motor_control.egg-info/SOURCES.txt'
[0.812s] running build
[0.812s] running build_py
[0.812s] copying motor_control/motor_control.py -> /home/ohj/mecanum-ros2/build/motor_control/build/lib/motor_control
[0.812s] running install
[0.812s] running install_lib
[0.813s] copying /home/ohj/mecanum-ros2/build/motor_control/build/lib/motor_control/motor_control.py -> /home/ohj/mecanum-ros2/install/motor_control/lib/python3.8/site-packages/motor_control
[0.813s] byte-compiling /home/ohj/mecanum-ros2/install/motor_control/lib/python3.8/site-packages/motor_control/motor_control.py to motor_control.cpython-38.pyc
[0.813s] running install_data
[0.814s] running install_egg_info
[0.815s] removing '/home/ohj/mecanum-ros2/install/motor_control/lib/python3.8/site-packages/motor_control-0.0.0-py3.8.egg-info' (and everything under it)
[0.815s] Copying ../../build/motor_control/motor_control.egg-info to /home/ohj/mecanum-ros2/install/motor_control/lib/python3.8/site-packages/motor_control-0.0.0-py3.8.egg-info
[0.815s] running install_scripts
[0.827s] Installing motor_control script to /home/ohj/mecanum-ros2/install/motor_control/lib/motor_control
[0.827s] writing list of installed files to '/home/ohj/mecanum-ros2/build/motor_control/install.log'
[0.854s] Invoked command in '/home/ohj/mecanum-ros2/src/motor_control' returned '0': PYTHONPATH=/home/ohj/mecanum-ros2/build/motor_control/prefix_override:/home/ohj/mecanum-ros2/install/motor_control/lib/python3.8/site-packages:${PYTHONPATH} /usr/bin/python3 setup.py egg_info --egg-base ../../build/motor_control build --build-base /home/ohj/mecanum-ros2/build/motor_control/build install --record /home/ohj/mecanum-ros2/build/motor_control/install.log --single-version-externally-managed
