[3.769s] Invoking command in '/home/jetson/mecanum-ros2/src/teleop_keyboard': PYTHONPATH=/home/jetson/mecanum-ros2/build/teleop_keyboard/prefix_override:/home/jetson/mecanum-ros2/install/teleop_keyboard/lib/python3.8/site-packages:${PYTHONPATH} /usr/bin/python3 setup.py egg_info --egg-base ../../build/teleop_keyboard build --build-base /home/jetson/mecanum-ros2/build/teleop_keyboard/build install --record /home/jetson/mecanum-ros2/build/teleop_keyboard/install.log --single-version-externally-managed
[4.975s] running egg_info
[4.978s] writing ../../build/teleop_keyboard/teleop_keyboard.egg-info/PKG-INFO
[4.979s] writing dependency_links to ../../build/teleop_keyboard/teleop_keyboard.egg-info/dependency_links.txt
[4.980s] writing entry points to ../../build/teleop_keyboard/teleop_keyboard.egg-info/entry_points.txt
[4.980s] writing requirements to ../../build/teleop_keyboard/teleop_keyboard.egg-info/requires.txt
[4.981s] writing top-level names to ../../build/teleop_keyboard/teleop_keyboard.egg-info/top_level.txt
[4.992s] reading manifest file '../../build/teleop_keyboard/teleop_keyboard.egg-info/SOURCES.txt'
[4.996s] writing manifest file '../../build/teleop_keyboard/teleop_keyboard.egg-info/SOURCES.txt'
[4.996s] running build
[4.997s] running build_py
[4.997s] running install
[5.001s] running install_lib
[5.006s] running install_data
[5.008s] running install_egg_info
[5.014s] removing '/home/jetson/mecanum-ros2/install/teleop_keyboard/lib/python3.8/site-packages/teleop_keyboard-0.0.1-py3.8.egg-info' (and everything under it)
[5.015s] Copying ../../build/teleop_keyboard/teleop_keyboard.egg-info to /home/jetson/mecanum-ros2/install/teleop_keyboard/lib/python3.8/site-packages/teleop_keyboard-0.0.1-py3.8.egg-info
[5.018s] running install_scripts
[5.090s] Installing teleop_keyboard script to /home/jetson/mecanum-ros2/install/teleop_keyboard/lib/teleop_keyboard
[5.092s] writing list of installed files to '/home/jetson/mecanum-ros2/build/teleop_keyboard/install.log'
[5.202s] Invoked command in '/home/jetson/mecanum-ros2/src/teleop_keyboard' returned '0': PYTHONPATH=/home/jetson/mecanum-ros2/build/teleop_keyboard/prefix_override:/home/jetson/mecanum-ros2/install/teleop_keyboard/lib/python3.8/site-packages:${PYTHONPATH} /usr/bin/python3 setup.py egg_info --egg-base ../../build/teleop_keyboard build --build-base /home/jetson/mecanum-ros2/build/teleop_keyboard/build install --record /home/jetson/mecanum-ros2/build/teleop_keyboard/install.log --single-version-externally-managed
