[0.501s] Invoking command in '/home/ohj/mecanum-ros2/build/stella_ahrs': CMAKE_PREFIX_PATH=${CMAKE_PREFIX_PATH}:/home/ohj/mecanum-ros2/install/teleop_keyboard:/home/ohj/mecanum-ros2/install/motor_control:/home/ohj/mecanum-ros2/install/mobile_description:/home/ohj/mecanum-ros2/install/mecanum_odometry:/opt/ros/galactic /usr/bin/cmake --build /home/ohj/mecanum-ros2/build/stella_ahrs -- -j16 -l16
[0.660s] [100%] Built target stella_ahrs_node
[0.667s] Invoked command in '/home/ohj/mecanum-ros2/build/stella_ahrs' returned '0': CMAKE_PREFIX_PATH=${CMAKE_PREFIX_PATH}:/home/ohj/mecanum-ros2/install/teleop_keyboard:/home/ohj/mecanum-ros2/install/motor_control:/home/ohj/mecanum-ros2/install/mobile_description:/home/ohj/mecanum-ros2/install/mecanum_odometry:/opt/ros/galactic /usr/bin/cmake --build /home/ohj/mecanum-ros2/build/stella_ahrs -- -j16 -l16
[0.691s] Invoking command in '/home/ohj/mecanum-ros2/build/stella_ahrs': CMAKE_PREFIX_PATH=${CMAKE_PREFIX_PATH}:/home/ohj/mecanum-ros2/install/teleop_keyboard:/home/ohj/mecanum-ros2/install/motor_control:/home/ohj/mecanum-ros2/install/mobile_description:/home/ohj/mecanum-ros2/install/mecanum_odometry:/opt/ros/galactic /usr/bin/cmake --install /home/ohj/mecanum-ros2/build/stella_ahrs
[0.699s] -- Install configuration: ""
[0.699s] -- Up-to-date: /home/ohj/mecanum-ros2/install/stella_ahrs/share/stella_ahrs//launch
[0.699s] -- Up-to-date: /home/ohj/mecanum-ros2/install/stella_ahrs/share/stella_ahrs//launch/stella_ahrs_launch.py
[0.700s] -- Up-to-date: /home/ohj/mecanum-ros2/install/stella_ahrs/share/stella_ahrs/rviz
[0.700s] -- Up-to-date: /home/ohj/mecanum-ros2/install/stella_ahrs/share/stella_ahrs/rviz/imu_test.rviz
[0.700s] -- Up-to-date: /home/ohj/mecanum-ros2/install/stella_ahrs/lib/stella_ahrs/stella_ahrs_node
[0.700s] -- Up-to-date: /home/ohj/mecanum-ros2/install/stella_ahrs/share/ament_index/resource_index/package_run_dependencies/stella_ahrs
[0.700s] -- Up-to-date: /home/ohj/mecanum-ros2/install/stella_ahrs/share/ament_index/resource_index/parent_prefix_path/stella_ahrs
[0.700s] -- Up-to-date: /home/ohj/mecanum-ros2/install/stella_ahrs/share/stella_ahrs/environment/ament_prefix_path.sh
[0.700s] -- Up-to-date: /home/ohj/mecanum-ros2/install/stella_ahrs/share/stella_ahrs/environment/ament_prefix_path.dsv
[0.700s] -- Up-to-date: /home/ohj/mecanum-ros2/install/stella_ahrs/share/stella_ahrs/environment/path.sh
[0.700s] -- Up-to-date: /home/ohj/mecanum-ros2/install/stella_ahrs/share/stella_ahrs/environment/path.dsv
[0.700s] -- Up-to-date: /home/ohj/mecanum-ros2/install/stella_ahrs/share/stella_ahrs/local_setup.bash
[0.700s] -- Up-to-date: /home/ohj/mecanum-ros2/install/stella_ahrs/share/stella_ahrs/local_setup.sh
[0.700s] -- Up-to-date: /home/ohj/mecanum-ros2/install/stella_ahrs/share/stella_ahrs/local_setup.zsh
[0.700s] -- Up-to-date: /home/ohj/mecanum-ros2/install/stella_ahrs/share/stella_ahrs/local_setup.dsv
[0.700s] -- Installing: /home/ohj/mecanum-ros2/install/stella_ahrs/share/stella_ahrs/package.dsv
[0.700s] -- Up-to-date: /home/ohj/mecanum-ros2/install/stella_ahrs/share/ament_index/resource_index/packages/stella_ahrs
[0.700s] -- Up-to-date: /home/ohj/mecanum-ros2/install/stella_ahrs/share/stella_ahrs/cmake/ament_cmake_export_include_directories-extras.cmake
[0.700s] -- Up-to-date: /home/ohj/mecanum-ros2/install/stella_ahrs/share/stella_ahrs/cmake/stella_ahrsConfig.cmake
[0.700s] -- Up-to-date: /home/ohj/mecanum-ros2/install/stella_ahrs/share/stella_ahrs/cmake/stella_ahrsConfig-version.cmake
[0.700s] -- Up-to-date: /home/ohj/mecanum-ros2/install/stella_ahrs/share/stella_ahrs/package.xml
[0.720s] Invoked command in '/home/ohj/mecanum-ros2/build/stella_ahrs' returned '0': CMAKE_PREFIX_PATH=${CMAKE_PREFIX_PATH}:/home/ohj/mecanum-ros2/install/teleop_keyboard:/home/ohj/mecanum-ros2/install/motor_control:/home/ohj/mecanum-ros2/install/mobile_description:/home/ohj/mecanum-ros2/install/mecanum_odometry:/opt/ros/galactic /usr/bin/cmake --install /home/ohj/mecanum-ros2/build/stella_ahrs
