[1.094s] Invoking command in '/home/ohj/mecanum-ros2/src/mecanum_cartographer': PYTHONPATH=/home/ohj/mecanum-ros2/build/mecanum_cartographer/prefix_override:/home/ohj/mecanum-ros2/install/mecanum_cartographer/lib/python3.8/site-packages:${PYTHONPATH} /usr/bin/python3 setup.py egg_info --egg-base ../../build/mecanum_cartographer build --build-base /home/ohj/mecanum-ros2/build/mecanum_cartographer/build install --record /home/ohj/mecanum-ros2/build/mecanum_cartographer/install.log --single-version-externally-managed
[1.386s] running egg_info
[1.387s] creating ../../build/mecanum_cartographer/mecanum_cartographer.egg-info
[1.387s] writing ../../build/mecanum_cartographer/mecanum_cartographer.egg-info/PKG-INFO
[1.387s] writing dependency_links to ../../build/mecanum_cartographer/mecanum_cartographer.egg-info/dependency_links.txt
[1.388s] writing entry points to ../../build/mecanum_cartographer/mecanum_cartographer.egg-info/entry_points.txt
[1.388s] writing requirements to ../../build/mecanum_cartographer/mecanum_cartographer.egg-info/requires.txt
[1.388s] writing top-level names to ../../build/mecanum_cartographer/mecanum_cartographer.egg-info/top_level.txt
[1.389s] writing manifest file '../../build/mecanum_cartographer/mecanum_cartographer.egg-info/SOURCES.txt'
[1.430s] reading manifest file '../../build/mecanum_cartographer/mecanum_cartographer.egg-info/SOURCES.txt'
[1.430s] writing manifest file '../../build/mecanum_cartographer/mecanum_cartographer.egg-info/SOURCES.txt'
[1.430s] running build
[1.430s] running build_py
[1.431s] creating /home/ohj/mecanum-ros2/build/mecanum_cartographer/build
[1.431s] creating /home/ohj/mecanum-ros2/build/mecanum_cartographer/build/lib
[1.431s] creating /home/ohj/mecanum-ros2/build/mecanum_cartographer/build/lib/mecanum_cartographer
[1.431s] copying mecanum_cartographer/__init__.py -> /home/ohj/mecanum-ros2/build/mecanum_cartographer/build/lib/mecanum_cartographer
[1.431s] running install
[1.432s] running install_lib
[1.433s] creating /home/ohj/mecanum-ros2/install/mecanum_cartographer/lib/python3.8/site-packages/mecanum_cartographer
[1.433s] copying /home/ohj/mecanum-ros2/build/mecanum_cartographer/build/lib/mecanum_cartographer/__init__.py -> /home/ohj/mecanum-ros2/install/mecanum_cartographer/lib/python3.8/site-packages/mecanum_cartographer
[1.433s] byte-compiling /home/ohj/mecanum-ros2/install/mecanum_cartographer/lib/python3.8/site-packages/mecanum_cartographer/__init__.py to __init__.cpython-38.pyc
[1.435s] running install_data
[1.435s] creating /home/ohj/mecanum-ros2/install/mecanum_cartographer/share/ament_index
[1.435s] creating /home/ohj/mecanum-ros2/install/mecanum_cartographer/share/ament_index/resource_index
[1.435s] creating /home/ohj/mecanum-ros2/install/mecanum_cartographer/share/ament_index/resource_index/packages
[1.436s] copying resource/mecanum_cartographer -> /home/ohj/mecanum-ros2/install/mecanum_cartographer/share/ament_index/resource_index/packages
[1.436s] copying package.xml -> /home/ohj/mecanum-ros2/install/mecanum_cartographer/share/mecanum_cartographer
[1.436s] creating /home/ohj/mecanum-ros2/install/mecanum_cartographer/share/mecanum_cartographer/launch
[1.436s] copying launch/occupancy_grid.launch.py -> /home/ohj/mecanum-ros2/install/mecanum_cartographer/share/mecanum_cartographer/launch
[1.436s] copying launch/cartographer.launch.py -> /home/ohj/mecanum-ros2/install/mecanum_cartographer/share/mecanum_cartographer/launch
[1.436s] creating /home/ohj/mecanum-ros2/install/mecanum_cartographer/share/mecanum_cartographer/config
[1.436s] copying config/mecanum_2d.lua -> /home/ohj/mecanum-ros2/install/mecanum_cartographer/share/mecanum_cartographer/config
[1.436s] creating /home/ohj/mecanum-ros2/install/mecanum_cartographer/share/mecanum_cartographer/rviz
[1.436s] copying rviz/mecanum_cartographer.rviz -> /home/ohj/mecanum-ros2/install/mecanum_cartographer/share/mecanum_cartographer/rviz
[1.437s] running install_egg_info
[1.438s] Copying ../../build/mecanum_cartographer/mecanum_cartographer.egg-info to /home/ohj/mecanum-ros2/install/mecanum_cartographer/lib/python3.8/site-packages/mecanum_cartographer-0.0.0-py3.8.egg-info
[1.439s] running install_scripts
[1.461s] writing list of installed files to '/home/ohj/mecanum-ros2/build/mecanum_cartographer/install.log'
[1.481s] Invoked command in '/home/ohj/mecanum-ros2/src/mecanum_cartographer' returned '0': PYTHONPATH=/home/ohj/mecanum-ros2/build/mecanum_cartographer/prefix_override:/home/ohj/mecanum-ros2/install/mecanum_cartographer/lib/python3.8/site-packages:${PYTHONPATH} /usr/bin/python3 setup.py egg_info --egg-base ../../build/mecanum_cartographer build --build-base /home/ohj/mecanum-ros2/build/mecanum_cartographer/build install --record /home/ohj/mecanum-ros2/build/mecanum_cartographer/install.log --single-version-externally-managed
