[7.331s] Invoking command in '/home/jetson/mecanum-ros2/src/mobile_description': PYTHONPATH=/home/jetson/mecanum-ros2/build/mobile_description/prefix_override:/home/jetson/mecanum-ros2/install/mobile_description/lib/python3.8/site-packages:${PYTHONPATH} /usr/bin/python3 setup.py egg_info --egg-base ../../build/mobile_description build --build-base /home/jetson/mecanum-ros2/build/mobile_description/build install --record /home/jetson/mecanum-ros2/build/mobile_description/install.log --single-version-externally-managed
[8.766s] running egg_info
[8.769s] writing ../../build/mobile_description/mobile_description.egg-info/PKG-INFO
[8.771s] writing dependency_links to ../../build/mobile_description/mobile_description.egg-info/dependency_links.txt
[8.773s] writing entry points to ../../build/mobile_description/mobile_description.egg-info/entry_points.txt
[8.774s] writing requirements to ../../build/mobile_description/mobile_description.egg-info/requires.txt
[8.776s] writing top-level names to ../../build/mobile_description/mobile_description.egg-info/top_level.txt
[8.795s] reading manifest file '../../build/mobile_description/mobile_description.egg-info/SOURCES.txt'
[8.803s] writing manifest file '../../build/mobile_description/mobile_description.egg-info/SOURCES.txt'
[8.804s] running build
[8.804s] running build_py
[8.808s] running install
[8.811s] running install_lib
[8.822s] running install_data
[8.831s] running install_egg_info
[8.838s] removing '/home/jetson/mecanum-ros2/install/mobile_description/lib/python3.8/site-packages/mobile_description-0.0.0-py3.8.egg-info' (and everything under it)
[8.840s] Copying ../../build/mobile_description/mobile_description.egg-info to /home/jetson/mecanum-ros2/install/mobile_description/lib/python3.8/site-packages/mobile_description-0.0.0-py3.8.egg-info
[8.844s] running install_scripts
[8.934s] writing list of installed files to '/home/jetson/mecanum-ros2/build/mobile_description/install.log'
[9.229s] Invoked command in '/home/jetson/mecanum-ros2/src/mobile_description' returned '0': PYTHONPATH=/home/jetson/mecanum-ros2/build/mobile_description/prefix_override:/home/jetson/mecanum-ros2/install/mobile_description/lib/python3.8/site-packages:${PYTHONPATH} /usr/bin/python3 setup.py egg_info --egg-base ../../build/mobile_description build --build-base /home/jetson/mecanum-ros2/build/mobile_description/build install --record /home/jetson/mecanum-ros2/build/mobile_description/install.log --single-version-externally-managed
