[7.517s] Invoking command in '/home/jetson/mecanum-ros2/src/motor_control': PYTHONPATH=/home/jetson/mecanum-ros2/build/motor_control/prefix_override:/home/jetson/mecanum-ros2/install/motor_control/lib/python3.8/site-packages:${PYTHONPATH} /usr/bin/python3 setup.py egg_info --egg-base ../../build/motor_control build --build-base /home/jetson/mecanum-ros2/build/motor_control/build install --record /home/jetson/mecanum-ros2/build/motor_control/install.log --single-version-externally-managed
[9.006s] running egg_info
[9.008s] creating ../../build/motor_control/motor_control.egg-info
[9.009s] writing ../../build/motor_control/motor_control.egg-info/PKG-INFO
[9.010s] writing dependency_links to ../../build/motor_control/motor_control.egg-info/dependency_links.txt
[9.010s] writing entry points to ../../build/motor_control/motor_control.egg-info/entry_points.txt
[9.011s] writing requirements to ../../build/motor_control/motor_control.egg-info/requires.txt
[9.011s] writing top-level names to ../../build/motor_control/motor_control.egg-info/top_level.txt
[9.019s] writing manifest file '../../build/motor_control/motor_control.egg-info/SOURCES.txt'
[9.027s] reading manifest file '../../build/motor_control/motor_control.egg-info/SOURCES.txt'
[9.030s] writing manifest file '../../build/motor_control/motor_control.egg-info/SOURCES.txt'
[9.031s] running build
[9.032s] running build_py
[9.032s] creating /home/jetson/mecanum-ros2/build/motor_control/build
[9.033s] creating /home/jetson/mecanum-ros2/build/motor_control/build/lib
[9.034s] creating /home/jetson/mecanum-ros2/build/motor_control/build/lib/motor_control
[9.035s] copying motor_control/motor_control_int.py -> /home/jetson/mecanum-ros2/build/motor_control/build/lib/motor_control
[9.036s] copying motor_control/__init__.py -> /home/jetson/mecanum-ros2/build/motor_control/build/lib/motor_control
[9.037s] copying motor_control/motor_control_float.py -> /home/jetson/mecanum-ros2/build/motor_control/build/lib/motor_control
[9.038s] running install
[9.042s] running install_lib
[9.046s] creating /home/jetson/mecanum-ros2/install/motor_control/lib/python3.8/site-packages/motor_control
[9.047s] copying /home/jetson/mecanum-ros2/build/motor_control/build/lib/motor_control/motor_control_int.py -> /home/jetson/mecanum-ros2/install/motor_control/lib/python3.8/site-packages/motor_control
[9.049s] copying /home/jetson/mecanum-ros2/build/motor_control/build/lib/motor_control/__init__.py -> /home/jetson/mecanum-ros2/install/motor_control/lib/python3.8/site-packages/motor_control
[9.050s] copying /home/jetson/mecanum-ros2/build/motor_control/build/lib/motor_control/motor_control_float.py -> /home/jetson/mecanum-ros2/install/motor_control/lib/python3.8/site-packages/motor_control
[9.052s] byte-compiling /home/jetson/mecanum-ros2/install/motor_control/lib/python3.8/site-packages/motor_control/motor_control_int.py to motor_control_int.cpython-38.pyc
[9.057s] byte-compiling /home/jetson/mecanum-ros2/install/motor_control/lib/python3.8/site-packages/motor_control/__init__.py to __init__.cpython-38.pyc
[9.058s] byte-compiling /home/jetson/mecanum-ros2/install/motor_control/lib/python3.8/site-packages/motor_control/motor_control_float.py to motor_control_float.cpython-38.pyc
[9.062s] running install_data
[9.065s] creating /home/jetson/mecanum-ros2/install/motor_control/share/ament_index
[9.065s] creating /home/jetson/mecanum-ros2/install/motor_control/share/ament_index/resource_index
[9.066s] creating /home/jetson/mecanum-ros2/install/motor_control/share/ament_index/resource_index/packages
[9.067s] copying resource/motor_control -> /home/jetson/mecanum-ros2/install/motor_control/share/ament_index/resource_index/packages
[9.067s] copying package.xml -> /home/jetson/mecanum-ros2/install/motor_control/share/motor_control
[9.068s] creating /home/jetson/mecanum-ros2/install/motor_control/share/motor_control/launch
[9.068s] copying launch/motor_control.launch.py -> /home/jetson/mecanum-ros2/install/motor_control/share/motor_control/launch
[9.068s] creating /home/jetson/mecanum-ros2/install/motor_control/share/motor_control/param
[9.069s] copying param/motor_config.yaml -> /home/jetson/mecanum-ros2/install/motor_control/share/motor_control/param
[9.069s] running install_egg_info
[9.076s] Copying ../../build/motor_control/motor_control.egg-info to /home/jetson/mecanum-ros2/install/motor_control/lib/python3.8/site-packages/motor_control-0.0.0-py3.8.egg-info
[9.080s] running install_scripts
[9.163s] Installing motor_control_float script to /home/jetson/mecanum-ros2/install/motor_control/lib/motor_control
[9.163s] Installing motor_control_int script to /home/jetson/mecanum-ros2/install/motor_control/lib/motor_control
[9.164s] writing list of installed files to '/home/jetson/mecanum-ros2/build/motor_control/install.log'
[9.273s] Invoked command in '/home/jetson/mecanum-ros2/src/motor_control' returned '0': PYTHONPATH=/home/jetson/mecanum-ros2/build/motor_control/prefix_override:/home/jetson/mecanum-ros2/install/motor_control/lib/python3.8/site-packages:${PYTHONPATH} /usr/bin/python3 setup.py egg_info --egg-base ../../build/motor_control build --build-base /home/jetson/mecanum-ros2/build/motor_control/build install --record /home/jetson/mecanum-ros2/build/motor_control/install.log --single-version-externally-managed
