[1.006s] Invoking command in '/home/ohj/mecanum-ros2/src/motor_control': PYTHONPATH=/home/ohj/mecanum-ros2/build/motor_control/prefix_override:/home/ohj/mecanum-ros2/install/motor_control/lib/python3.8/site-packages:${PYTHONPATH} /usr/bin/python3 setup.py egg_info --egg-base ../../build/motor_control build --build-base /home/ohj/mecanum-ros2/build/motor_control/build install --record /home/ohj/mecanum-ros2/build/motor_control/install.log --single-version-externally-managed
[1.152s] running egg_info
[1.153s] writing ../../build/motor_control/motor_control.egg-info/PKG-INFO
[1.153s] writing dependency_links to ../../build/motor_control/motor_control.egg-info/dependency_links.txt
[1.153s] writing entry points to ../../build/motor_control/motor_control.egg-info/entry_points.txt
[1.153s] writing requirements to ../../build/motor_control/motor_control.egg-info/requires.txt
[1.153s] writing top-level names to ../../build/motor_control/motor_control.egg-info/top_level.txt
[1.178s] reading manifest file '../../build/motor_control/motor_control.egg-info/SOURCES.txt'
[1.179s] writing manifest file '../../build/motor_control/motor_control.egg-info/SOURCES.txt'
[1.179s] running build
[1.179s] running build_py
[1.179s] running install
[1.179s] running install_lib
[1.180s] running install_data
[1.181s] running install_egg_info
[1.182s] removing '/home/ohj/mecanum-ros2/install/motor_control/lib/python3.8/site-packages/motor_control-0.0.0-py3.8.egg-info' (and everything under it)
[1.182s] Copying ../../build/motor_control/motor_control.egg-info to /home/ohj/mecanum-ros2/install/motor_control/lib/python3.8/site-packages/motor_control-0.0.0-py3.8.egg-info
[1.183s] running install_scripts
[1.196s] Installing motor_control_float script to /home/ohj/mecanum-ros2/install/motor_control/lib/motor_control
[1.196s] Installing motor_control_int script to /home/ohj/mecanum-ros2/install/motor_control/lib/motor_control
[1.196s] writing list of installed files to '/home/ohj/mecanum-ros2/build/motor_control/install.log'
[1.236s] Invoked command in '/home/ohj/mecanum-ros2/src/motor_control' returned '0': PYTHONPATH=/home/ohj/mecanum-ros2/build/motor_control/prefix_override:/home/ohj/mecanum-ros2/install/motor_control/lib/python3.8/site-packages:${PYTHONPATH} /usr/bin/python3 setup.py egg_info --egg-base ../../build/motor_control build --build-base /home/ohj/mecanum-ros2/build/motor_control/build install --record /home/ohj/mecanum-ros2/build/motor_control/install.log --single-version-externally-managed
