[0.619s] Invoking command in '/home/ohj/mecanum-ros2/build/stella_ahrs': CMAKE_PREFIX_PATH=${CMAKE_PREFIX_PATH}:/home/ohj/navigation2/install/nav2_simple_commander:/home/ohj/navigation2/install/nav2_gazebo_spawner:/home/ohj/mecanum-ros2/install/tomato_detection:/home/ohj/mecanum-ros2/install/teleop_keyboard:/home/ohj/mecanum-ros2/install/motor_control:/home/ohj/mecanum-ros2/install/mobile_description:/home/ohj/mecanum-ros2/install/mecanum_odometry:/home/ohj/mecanum-ros2/install/mecanum_cartographer:/home/ohj/mecanum-ros2/install/manipulator:/opt/ros/galactic /home/ohj/.local/bin/cmake --build /home/ohj/mecanum-ros2/build/stella_ahrs -- -j20 -l20
[0.912s] [100%] Built target stella_ahrs_node
[0.917s] Invoked command in '/home/ohj/mecanum-ros2/build/stella_ahrs' returned '0': CMAKE_PREFIX_PATH=${CMAKE_PREFIX_PATH}:/home/ohj/navigation2/install/nav2_simple_commander:/home/ohj/navigation2/install/nav2_gazebo_spawner:/home/ohj/mecanum-ros2/install/tomato_detection:/home/ohj/mecanum-ros2/install/teleop_keyboard:/home/ohj/mecanum-ros2/install/motor_control:/home/ohj/mecanum-ros2/install/mobile_description:/home/ohj/mecanum-ros2/install/mecanum_odometry:/home/ohj/mecanum-ros2/install/mecanum_cartographer:/home/ohj/mecanum-ros2/install/manipulator:/opt/ros/galactic /home/ohj/.local/bin/cmake --build /home/ohj/mecanum-ros2/build/stella_ahrs -- -j20 -l20
[1.000s] Invoking command in '/home/ohj/mecanum-ros2/build/stella_ahrs': CMAKE_PREFIX_PATH=${CMAKE_PREFIX_PATH}:/home/ohj/navigation2/install/nav2_simple_commander:/home/ohj/navigation2/install/nav2_gazebo_spawner:/home/ohj/mecanum-ros2/install/tomato_detection:/home/ohj/mecanum-ros2/install/teleop_keyboard:/home/ohj/mecanum-ros2/install/motor_control:/home/ohj/mecanum-ros2/install/mobile_description:/home/ohj/mecanum-ros2/install/mecanum_odometry:/home/ohj/mecanum-ros2/install/mecanum_cartographer:/home/ohj/mecanum-ros2/install/manipulator:/opt/ros/galactic /home/ohj/.local/bin/cmake --install /home/ohj/mecanum-ros2/build/stella_ahrs
[1.036s] -- Install configuration: ""
[1.036s] -- Up-to-date: /home/ohj/mecanum-ros2/install/stella_ahrs/share/stella_ahrs//launch
[1.037s] -- Up-to-date: /home/ohj/mecanum-ros2/install/stella_ahrs/share/stella_ahrs//launch/stella_ahrs_launch.py
[1.037s] -- Up-to-date: /home/ohj/mecanum-ros2/install/stella_ahrs/share/stella_ahrs/rviz
[1.037s] -- Up-to-date: /home/ohj/mecanum-ros2/install/stella_ahrs/share/stella_ahrs/rviz/imu_test.rviz
[1.037s] -- Up-to-date: /home/ohj/mecanum-ros2/install/stella_ahrs/lib/stella_ahrs/stella_ahrs_node
[1.038s] -- Up-to-date: /home/ohj/mecanum-ros2/install/stella_ahrs/share/ament_index/resource_index/package_run_dependencies/stella_ahrs
[1.038s] -- Up-to-date: /home/ohj/mecanum-ros2/install/stella_ahrs/share/ament_index/resource_index/parent_prefix_path/stella_ahrs
[1.038s] -- Up-to-date: /home/ohj/mecanum-ros2/install/stella_ahrs/share/stella_ahrs/environment/ament_prefix_path.sh
[1.038s] -- Up-to-date: /home/ohj/mecanum-ros2/install/stella_ahrs/share/stella_ahrs/environment/ament_prefix_path.dsv
[1.039s] -- Up-to-date: /home/ohj/mecanum-ros2/install/stella_ahrs/share/stella_ahrs/environment/path.sh
[1.039s] -- Up-to-date: /home/ohj/mecanum-ros2/install/stella_ahrs/share/stella_ahrs/environment/path.dsv
[1.039s] -- Up-to-date: /home/ohj/mecanum-ros2/install/stella_ahrs/share/stella_ahrs/local_setup.bash
[1.039s] -- Up-to-date: /home/ohj/mecanum-ros2/install/stella_ahrs/share/stella_ahrs/local_setup.sh
[1.039s] -- Up-to-date: /home/ohj/mecanum-ros2/install/stella_ahrs/share/stella_ahrs/local_setup.zsh
[1.039s] -- Up-to-date: /home/ohj/mecanum-ros2/install/stella_ahrs/share/stella_ahrs/local_setup.dsv
[1.039s] -- Installing: /home/ohj/mecanum-ros2/install/stella_ahrs/share/stella_ahrs/package.dsv
[1.039s] -- Up-to-date: /home/ohj/mecanum-ros2/install/stella_ahrs/share/ament_index/resource_index/packages/stella_ahrs
[1.039s] -- Up-to-date: /home/ohj/mecanum-ros2/install/stella_ahrs/share/stella_ahrs/cmake/ament_cmake_export_include_directories-extras.cmake
[1.039s] -- Up-to-date: /home/ohj/mecanum-ros2/install/stella_ahrs/share/stella_ahrs/cmake/stella_ahrsConfig.cmake
[1.039s] -- Up-to-date: /home/ohj/mecanum-ros2/install/stella_ahrs/share/stella_ahrs/cmake/stella_ahrsConfig-version.cmake
[1.039s] -- Up-to-date: /home/ohj/mecanum-ros2/install/stella_ahrs/share/stella_ahrs/package.xml
[1.054s] Invoked command in '/home/ohj/mecanum-ros2/build/stella_ahrs' returned '0': CMAKE_PREFIX_PATH=${CMAKE_PREFIX_PATH}:/home/ohj/navigation2/install/nav2_simple_commander:/home/ohj/navigation2/install/nav2_gazebo_spawner:/home/ohj/mecanum-ros2/install/tomato_detection:/home/ohj/mecanum-ros2/install/teleop_keyboard:/home/ohj/mecanum-ros2/install/motor_control:/home/ohj/mecanum-ros2/install/mobile_description:/home/ohj/mecanum-ros2/install/mecanum_odometry:/home/ohj/mecanum-ros2/install/mecanum_cartographer:/home/ohj/mecanum-ros2/install/manipulator:/opt/ros/galactic /home/ohj/.local/bin/cmake --install /home/ohj/mecanum-ros2/build/stella_ahrs
