-- The C compiler identification is GNU 8.4.0
-- The CXX compiler identification is GNU 8.4.0
-- Check for working C compiler: /usr/bin/cc
-- Check for working C compiler: /usr/bin/cc -- works
-- Detecting C compiler ABI info
-- Detecting C compiler ABI info - done
-- Detecting C compile features
-- Detecting C compile features - done
-- Check for working CXX compiler: /usr/bin/c++
-- Check for working CXX compiler: /usr/bin/c++ -- works
-- Detecting CXX compiler ABI info
-- Detecting CXX compiler ABI info - done
-- Detecting CXX compile features
-- Detecting CXX compile features - done
-- Found ament_cmake: 1.1.6 (/opt/ros/galactic/share/ament_cmake/cmake)
-- Found PythonInterp: /usr/bin/python3 (found suitable version "3.8.10", minimum required is "3") 
-- Using PYTHON_EXECUTABLE: /usr/bin/python3
-- Found ament_lint_auto: 0.10.7 (/opt/ros/galactic/share/ament_lint_auto/cmake)
-- Added test 'copyright' to check source files copyright and LICENSE
-- Added test 'flake8' to check Python code syntax and style conventions
-- Added test 'lint_cmake' to check CMake code style
-- Added test 'pep257' to check Python code against some of the style conventions in PEP 257
-- Added test 'xmllint' to check XML markup files
-- Configuring done
-- Generating done
-- Build files have been written to: /home/jetson/mecanum-ros2/build/mecanum_description
-- Install configuration: ""
-- Installing: /home/jetson/mecanum-ros2/install/mecanum_description/share/mecanum_description//launch
-- Installing: /home/jetson/mecanum-ros2/install/mecanum_description/share/mecanum_description//launch/mecanum.launch.py
-- Installing: /home/jetson/mecanum-ros2/install/mecanum_description/share/ament_index/resource_index/package_run_dependencies/mecanum_description
-- Installing: /home/jetson/mecanum-ros2/install/mecanum_description/share/ament_index/resource_index/parent_prefix_path/mecanum_description
-- Installing: /home/jetson/mecanum-ros2/install/mecanum_description/share/mecanum_description/environment/ament_prefix_path.sh
-- Installing: /home/jetson/mecanum-ros2/install/mecanum_description/share/mecanum_description/environment/ament_prefix_path.dsv
-- Installing: /home/jetson/mecanum-ros2/install/mecanum_description/share/mecanum_description/environment/path.sh
-- Installing: /home/jetson/mecanum-ros2/install/mecanum_description/share/mecanum_description/environment/path.dsv
-- Installing: /home/jetson/mecanum-ros2/install/mecanum_description/share/mecanum_description/local_setup.bash
-- Installing: /home/jetson/mecanum-ros2/install/mecanum_description/share/mecanum_description/local_setup.sh
-- Installing: /home/jetson/mecanum-ros2/install/mecanum_description/share/mecanum_description/local_setup.zsh
-- Installing: /home/jetson/mecanum-ros2/install/mecanum_description/share/mecanum_description/local_setup.dsv
-- Installing: /home/jetson/mecanum-ros2/install/mecanum_description/share/mecanum_description/package.dsv
-- Installing: /home/jetson/mecanum-ros2/install/mecanum_description/share/ament_index/resource_index/packages/mecanum_description
-- Installing: /home/jetson/mecanum-ros2/install/mecanum_description/share/mecanum_description/cmake/mecanum_descriptionConfig.cmake
-- Installing: /home/jetson/mecanum-ros2/install/mecanum_description/share/mecanum_description/cmake/mecanum_descriptionConfig-version.cmake
-- Installing: /home/jetson/mecanum-ros2/install/mecanum_description/share/mecanum_description/package.xml
