[7.388s] Invoking command in '/home/jetson/mecanum-ros2/src/motor_control': PYTHONPATH=/home/jetson/mecanum-ros2/build/motor_control/prefix_override:/home/jetson/mecanum-ros2/install/motor_control/lib/python3.8/site-packages:${PYTHONPATH} /usr/bin/python3 setup.py egg_info --egg-base ../../build/motor_control build --build-base /home/jetson/mecanum-ros2/build/motor_control/build install --record /home/jetson/mecanum-ros2/build/motor_control/install.log --single-version-externally-managed
[8.855s] running egg_info
[8.858s] writing ../../build/motor_control/motor_control.egg-info/PKG-INFO
[8.862s] writing dependency_links to ../../build/motor_control/motor_control.egg-info/dependency_links.txt
[8.863s] writing entry points to ../../build/motor_control/motor_control.egg-info/entry_points.txt
[8.864s] writing requirements to ../../build/motor_control/motor_control.egg-info/requires.txt
[8.864s] writing top-level names to ../../build/motor_control/motor_control.egg-info/top_level.txt
[8.880s] reading manifest file '../../build/motor_control/motor_control.egg-info/SOURCES.txt'
[8.887s] writing manifest file '../../build/motor_control/motor_control.egg-info/SOURCES.txt'
[8.888s] running build
[8.889s] running build_py
[8.893s] running install
[8.896s] running install_lib
[8.911s] running install_data
[8.915s] running install_egg_info
[8.923s] removing '/home/jetson/mecanum-ros2/install/motor_control/lib/python3.8/site-packages/motor_control-0.0.0-py3.8.egg-info' (and everything under it)
[8.926s] Copying ../../build/motor_control/motor_control.egg-info to /home/jetson/mecanum-ros2/install/motor_control/lib/python3.8/site-packages/motor_control-0.0.0-py3.8.egg-info
[8.932s] running install_scripts
[9.022s] Installing motor_control_float script to /home/jetson/mecanum-ros2/install/motor_control/lib/motor_control
[9.027s] Installing motor_control_int script to /home/jetson/mecanum-ros2/install/motor_control/lib/motor_control
[9.030s] writing list of installed files to '/home/jetson/mecanum-ros2/build/motor_control/install.log'
[9.197s] Invoked command in '/home/jetson/mecanum-ros2/src/motor_control' returned '0': PYTHONPATH=/home/jetson/mecanum-ros2/build/motor_control/prefix_override:/home/jetson/mecanum-ros2/install/motor_control/lib/python3.8/site-packages:${PYTHONPATH} /usr/bin/python3 setup.py egg_info --egg-base ../../build/motor_control build --build-base /home/jetson/mecanum-ros2/build/motor_control/build install --record /home/jetson/mecanum-ros2/build/motor_control/install.log --single-version-externally-managed
