-- Found ament_cmake: 1.1.6 (/opt/ros/galactic/share/ament_cmake/cmake)
-- Using PYTHON_EXECUTABLE: /usr/bin/python3
-- Override CMake install command with custom implementation using symlinks instead of copying resources
-- Found rclcpp: 9.2.2 (/opt/ros/galactic/share/rclcpp/cmake)
-- Using all available rosidl_typesupport_c: rosidl_typesupport_fastrtps_c;rosidl_typesupport_introspection_c
-- Found rosidl_adapter: 2.2.3 (/opt/ros/galactic/share/rosidl_adapter/cmake)
-- Using all available rosidl_typesupport_cpp: rosidl_typesupport_fastrtps_cpp;rosidl_typesupport_introspection_cpp
-- Found rmw_implementation_cmake: 3.3.1 (/opt/ros/galactic/share/rmw_implementation_cmake/cmake)
-- Found rmw_cyclonedds_cpp: 0.22.6 (/opt/ros/galactic/share/rmw_cyclonedds_cpp/cmake)
-- Using RMW implementation 'rmw_cyclonedds_cpp' as default
-- Found sensor_msgs: 2.2.4 (/opt/ros/galactic/share/sensor_msgs/cmake)
-- Found tf2: 0.17.5 (/opt/ros/galactic/share/tf2/cmake)
-- Found tf2_ros: 0.17.5 (/opt/ros/galactic/share/tf2_ros/cmake)
-- Configuring done
-- Generating done
-- Build files have been written to: /home/ohj/mecanum-ros2/build/stella_ahrs
[ 16%] [32m[1mLinking CXX executable stella_ahrs_node[0m
[100%] Built target stella_ahrs_node
-- Install configuration: ""
-- Execute custom install script
-- Symlinking: /home/ohj/mecanum-ros2/install/stella_ahrs/share/stella_ahrs//launch/stella_ahrs_launch.py
-- Symlinking: /home/ohj/mecanum-ros2/install/stella_ahrs/share/stella_ahrs/rviz/imu_test.rviz
-- Symlinking: /home/ohj/mecanum-ros2/install/stella_ahrs/lib/stella_ahrs/stella_ahrs_node
-- Symlinking: /home/ohj/mecanum-ros2/install/stella_ahrs/share/ament_index/resource_index/package_run_dependencies/stella_ahrs
-- Symlinking: /home/ohj/mecanum-ros2/install/stella_ahrs/share/ament_index/resource_index/parent_prefix_path/stella_ahrs
-- Symlinking: /home/ohj/mecanum-ros2/install/stella_ahrs/share/stella_ahrs/environment/ament_prefix_path.sh
-- Symlinking: /home/ohj/mecanum-ros2/install/stella_ahrs/share/stella_ahrs/environment/ament_prefix_path.dsv
-- Symlinking: /home/ohj/mecanum-ros2/install/stella_ahrs/share/stella_ahrs/environment/path.sh
-- Symlinking: /home/ohj/mecanum-ros2/install/stella_ahrs/share/stella_ahrs/environment/path.dsv
-- Symlinking: /home/ohj/mecanum-ros2/install/stella_ahrs/share/stella_ahrs/local_setup.bash
-- Symlinking: /home/ohj/mecanum-ros2/install/stella_ahrs/share/stella_ahrs/local_setup.sh
-- Symlinking: /home/ohj/mecanum-ros2/install/stella_ahrs/share/stella_ahrs/local_setup.zsh
-- Symlinking: /home/ohj/mecanum-ros2/install/stella_ahrs/share/stella_ahrs/local_setup.dsv
-- Symlinking: /home/ohj/mecanum-ros2/install/stella_ahrs/share/stella_ahrs/package.dsv
-- Symlinking: /home/ohj/mecanum-ros2/install/stella_ahrs/share/ament_index/resource_index/packages/stella_ahrs
-- Symlinking: /home/ohj/mecanum-ros2/install/stella_ahrs/share/stella_ahrs/cmake/ament_cmake_export_include_directories-extras.cmake
-- Symlinking: /home/ohj/mecanum-ros2/install/stella_ahrs/share/stella_ahrs/cmake/stella_ahrsConfig.cmake
-- Symlinking: /home/ohj/mecanum-ros2/install/stella_ahrs/share/stella_ahrs/cmake/stella_ahrsConfig-version.cmake
-- Symlinking: /home/ohj/mecanum-ros2/install/stella_ahrs/share/stella_ahrs/package.xml
