[13.351s] Invoking command in '/home/jetson/mecanum-ros2/src/manipulator': CMAKE_PREFIX_PATH=/home/jetson/mecanum-ros2/install/dynamixel_sdk_custom_interfaces:/home/jetson/mecanum-ros2/install/mecanum_bringup:/home/jetson/mecanum-ros2/install/dynamixel_sdk PYTHONPATH=/home/jetson/mecanum-ros2/build/manipulator/prefix_override:/home/jetson/mecanum-ros2/install/manipulator/lib/python3.8/site-packages:/home/jetson/mecanum-ros2/install/dynamixel_sdk_custom_interfaces/lib/python3.8/site-packages:/home/jetson/mecanum-ros2/install/teleop_keyboard/lib/python3.8/site-packages:/home/jetson/mecanum-ros2/install/motor_control/lib/python3.8/site-packages:/home/jetson/mecanum-ros2/install/mobile_description/lib/python3.8/site-packages:/home/jetson/mecanum-ros2/install/mecanum_odometry/lib/python3.8/site-packages:/home/jetson/mecanum-ros2/install/mecanum_cartographer/lib/python3.8/site-packages:/home/jetson/mecanum-ros2/install/manipulator/lib/python3.8/site-packages:/opt/ros/galactic/lib/python3.8/site-packages /usr/bin/python3 setup.py egg_info --egg-base ../../build/manipulator build --build-base /home/jetson/mecanum-ros2/build/manipulator/build install --record /home/jetson/mecanum-ros2/build/manipulator/install.log --single-version-externally-managed
[17.596s] running egg_info
[17.606s] writing ../../build/manipulator/manipulator.egg-info/PKG-INFO
[17.610s] writing dependency_links to ../../build/manipulator/manipulator.egg-info/dependency_links.txt
[17.612s] writing entry points to ../../build/manipulator/manipulator.egg-info/entry_points.txt
[17.613s] writing requirements to ../../build/manipulator/manipulator.egg-info/requires.txt
[17.615s] writing top-level names to ../../build/manipulator/manipulator.egg-info/top_level.txt
[17.653s] reading manifest file '../../build/manipulator/manipulator.egg-info/SOURCES.txt'
[17.664s] writing manifest file '../../build/manipulator/manipulator.egg-info/SOURCES.txt'
[17.666s] running build
[17.669s] running build_py
[17.670s] running install
[17.680s] running install_lib
[17.697s] running install_data
[17.706s] running install_egg_info
[17.727s] removing '/home/jetson/mecanum-ros2/install/manipulator/lib/python3.8/site-packages/manipulator-0.0.0-py3.8.egg-info' (and everything under it)
[17.732s] Copying ../../build/manipulator/manipulator.egg-info to /home/jetson/mecanum-ros2/install/manipulator/lib/python3.8/site-packages/manipulator-0.0.0-py3.8.egg-info
[17.744s] running install_scripts
[17.993s] Installing manipulator_move script to /home/jetson/mecanum-ros2/install/manipulator/lib/manipulator
[17.996s] writing list of installed files to '/home/jetson/mecanum-ros2/build/manipulator/install.log'
[18.236s] Invoked command in '/home/jetson/mecanum-ros2/src/manipulator' returned '0': CMAKE_PREFIX_PATH=/home/jetson/mecanum-ros2/install/dynamixel_sdk_custom_interfaces:/home/jetson/mecanum-ros2/install/mecanum_bringup:/home/jetson/mecanum-ros2/install/dynamixel_sdk PYTHONPATH=/home/jetson/mecanum-ros2/build/manipulator/prefix_override:/home/jetson/mecanum-ros2/install/manipulator/lib/python3.8/site-packages:/home/jetson/mecanum-ros2/install/dynamixel_sdk_custom_interfaces/lib/python3.8/site-packages:/home/jetson/mecanum-ros2/install/teleop_keyboard/lib/python3.8/site-packages:/home/jetson/mecanum-ros2/install/motor_control/lib/python3.8/site-packages:/home/jetson/mecanum-ros2/install/mobile_description/lib/python3.8/site-packages:/home/jetson/mecanum-ros2/install/mecanum_odometry/lib/python3.8/site-packages:/home/jetson/mecanum-ros2/install/mecanum_cartographer/lib/python3.8/site-packages:/home/jetson/mecanum-ros2/install/manipulator/lib/python3.8/site-packages:/opt/ros/galactic/lib/python3.8/site-packages /usr/bin/python3 setup.py egg_info --egg-base ../../build/manipulator build --build-base /home/jetson/mecanum-ros2/build/manipulator/build install --record /home/jetson/mecanum-ros2/build/manipulator/install.log --single-version-externally-managed
