[7.992s] Invoking command in '/home/jetson/mecanum-ros2/src/manipulator': CMAKE_PREFIX_PATH=/home/jetson/mecanum-ros2/install/dynamixel_sdk_custom_interfaces:/home/jetson/mecanum-ros2/install/ydlidar_ros2_driver:/home/jetson/mecanum-ros2/install/stella_ahrs:/home/jetson/mecanum-ros2/install/mecanum_bringup:/home/jetson/mecanum-ros2/install/dynamixel_sdk_examples:/home/jetson/mecanum-ros2/install/dynamixel_sdk PYTHONPATH=/home/jetson/mecanum-ros2/build/manipulator/prefix_override:/home/jetson/mecanum-ros2/install/manipulator/lib/python3.8/site-packages:/home/jetson/mecanum-ros2/install/dynamixel_sdk_custom_interfaces/lib/python3.8/site-packages:/home/jetson/mecanum-ros2/install/teleop_keyboard/lib/python3.8/site-packages:/home/jetson/mecanum-ros2/install/motor_control/lib/python3.8/site-packages:/home/jetson/mecanum-ros2/install/mobile_description/lib/python3.8/site-packages:/home/jetson/mecanum-ros2/install/mecanum_odometry/lib/python3.8/site-packages:/home/jetson/mecanum-ros2/install/mecanum_cartographer/lib/python3.8/site-packages:/home/jetson/mecanum-ros2/install/manipulator/lib/python3.8/site-packages:/opt/ros/galactic/lib/python3.8/site-packages /usr/bin/python3 setup.py egg_info --egg-base ../../build/manipulator build --build-base /home/jetson/mecanum-ros2/build/manipulator/build install --record /home/jetson/mecanum-ros2/build/manipulator/install.log --single-version-externally-managed
[10.494s] running egg_info
[10.498s] creating ../../build/manipulator/manipulator.egg-info
[10.501s] writing ../../build/manipulator/manipulator.egg-info/PKG-INFO
[10.503s] writing dependency_links to ../../build/manipulator/manipulator.egg-info/dependency_links.txt
[10.505s] writing entry points to ../../build/manipulator/manipulator.egg-info/entry_points.txt
[10.507s] writing requirements to ../../build/manipulator/manipulator.egg-info/requires.txt
[10.508s] writing top-level names to ../../build/manipulator/manipulator.egg-info/top_level.txt
[10.520s] writing manifest file '../../build/manipulator/manipulator.egg-info/SOURCES.txt'
[10.532s] reading manifest file '../../build/manipulator/manipulator.egg-info/SOURCES.txt'
[10.537s] writing manifest file '../../build/manipulator/manipulator.egg-info/SOURCES.txt'
[10.539s] running build
[10.540s] running build_py
[10.542s] creating /home/jetson/mecanum-ros2/build/manipulator/build
[10.543s] creating /home/jetson/mecanum-ros2/build/manipulator/build/lib
[10.545s] creating /home/jetson/mecanum-ros2/build/manipulator/build/lib/manipulator
[10.546s] copying manipulator/manipulater_move.py -> /home/jetson/mecanum-ros2/build/manipulator/build/lib/manipulator
[10.570s] copying manipulator/__init__.py -> /home/jetson/mecanum-ros2/build/manipulator/build/lib/manipulator
[10.571s] running install
[10.577s] running install_lib
[10.585s] creating /home/jetson/mecanum-ros2/install/manipulator/lib/python3.8/site-packages/manipulator
[10.587s] copying /home/jetson/mecanum-ros2/build/manipulator/build/lib/manipulator/manipulater_move.py -> /home/jetson/mecanum-ros2/install/manipulator/lib/python3.8/site-packages/manipulator
[10.588s] copying /home/jetson/mecanum-ros2/build/manipulator/build/lib/manipulator/__init__.py -> /home/jetson/mecanum-ros2/install/manipulator/lib/python3.8/site-packages/manipulator
[10.594s] byte-compiling /home/jetson/mecanum-ros2/install/manipulator/lib/python3.8/site-packages/manipulator/manipulater_move.py to manipulater_move.cpython-38.pyc
[10.599s] byte-compiling /home/jetson/mecanum-ros2/install/manipulator/lib/python3.8/site-packages/manipulator/__init__.py to __init__.cpython-38.pyc
[10.603s] running install_data
[10.610s] creating /home/jetson/mecanum-ros2/install/manipulator/share/ament_index
[10.611s] creating /home/jetson/mecanum-ros2/install/manipulator/share/ament_index/resource_index
[10.611s] creating /home/jetson/mecanum-ros2/install/manipulator/share/ament_index/resource_index/packages
[10.612s] copying resource/manipulator -> /home/jetson/mecanum-ros2/install/manipulator/share/ament_index/resource_index/packages
[10.613s] copying package.xml -> /home/jetson/mecanum-ros2/install/manipulator/share/manipulator
[10.613s] creating /home/jetson/mecanum-ros2/install/manipulator/share/manipulator/launch
[10.618s] creating /home/jetson/mecanum-ros2/install/manipulator/share/manipulator/param
[10.618s] running install_egg_info
[10.632s] Copying ../../build/manipulator/manipulator.egg-info to /home/jetson/mecanum-ros2/install/manipulator/lib/python3.8/site-packages/manipulator-0.0.0-py3.8.egg-info
[10.642s] running install_scripts
[10.834s] Installing manipulator_move script to /home/jetson/mecanum-ros2/install/manipulator/lib/manipulator
[10.837s] writing list of installed files to '/home/jetson/mecanum-ros2/build/manipulator/install.log'
[10.994s] Invoked command in '/home/jetson/mecanum-ros2/src/manipulator' returned '0': CMAKE_PREFIX_PATH=/home/jetson/mecanum-ros2/install/dynamixel_sdk_custom_interfaces:/home/jetson/mecanum-ros2/install/ydlidar_ros2_driver:/home/jetson/mecanum-ros2/install/stella_ahrs:/home/jetson/mecanum-ros2/install/mecanum_bringup:/home/jetson/mecanum-ros2/install/dynamixel_sdk_examples:/home/jetson/mecanum-ros2/install/dynamixel_sdk PYTHONPATH=/home/jetson/mecanum-ros2/build/manipulator/prefix_override:/home/jetson/mecanum-ros2/install/manipulator/lib/python3.8/site-packages:/home/jetson/mecanum-ros2/install/dynamixel_sdk_custom_interfaces/lib/python3.8/site-packages:/home/jetson/mecanum-ros2/install/teleop_keyboard/lib/python3.8/site-packages:/home/jetson/mecanum-ros2/install/motor_control/lib/python3.8/site-packages:/home/jetson/mecanum-ros2/install/mobile_description/lib/python3.8/site-packages:/home/jetson/mecanum-ros2/install/mecanum_odometry/lib/python3.8/site-packages:/home/jetson/mecanum-ros2/install/mecanum_cartographer/lib/python3.8/site-packages:/home/jetson/mecanum-ros2/install/manipulator/lib/python3.8/site-packages:/opt/ros/galactic/lib/python3.8/site-packages /usr/bin/python3 setup.py egg_info --egg-base ../../build/manipulator build --build-base /home/jetson/mecanum-ros2/build/manipulator/build install --record /home/jetson/mecanum-ros2/build/manipulator/install.log --single-version-externally-managed
