running egg_info
writing ../../build/tomato_detection/tomato_detection.egg-info/PKG-INFO
writing dependency_links to ../../build/tomato_detection/tomato_detection.egg-info/dependency_links.txt
writing entry points to ../../build/tomato_detection/tomato_detection.egg-info/entry_points.txt
writing requirements to ../../build/tomato_detection/tomato_detection.egg-info/requires.txt
writing top-level names to ../../build/tomato_detection/tomato_detection.egg-info/top_level.txt
reading manifest file '../../build/tomato_detection/tomato_detection.egg-info/SOURCES.txt'
writing manifest file '../../build/tomato_detection/tomato_detection.egg-info/SOURCES.txt'
running build
running build_py
running install
running install_lib
running install_data
running install_egg_info
removing '/home/ohj/mecanum-ros2/install/tomato_detection/lib/python3.8/site-packages/tomato_detection-0.0.0-py3.8.egg-info' (and everything under it)
Copying ../../build/tomato_detection/tomato_detection.egg-info to /home/ohj/mecanum-ros2/install/tomato_detection/lib/python3.8/site-packages/tomato_detection-0.0.0-py3.8.egg-info
running install_scripts
Installing tomato_detection_node script to /home/ohj/mecanum-ros2/install/tomato_detection/lib/tomato_detection
Installing tomato_detection_node_new script to /home/ohj/mecanum-ros2/install/tomato_detection/lib/tomato_detection
Installing tomato_detection_node_new_3 script to /home/ohj/mecanum-ros2/install/tomato_detection/lib/tomato_detection
writing list of installed files to '/home/ohj/mecanum-ros2/build/tomato_detection/install.log'
