running egg_info
writing ../../build/mecanum_cartographer/mecanum_cartographer.egg-info/PKG-INFO
writing dependency_links to ../../build/mecanum_cartographer/mecanum_cartographer.egg-info/dependency_links.txt
writing entry points to ../../build/mecanum_cartographer/mecanum_cartographer.egg-info/entry_points.txt
writing requirements to ../../build/mecanum_cartographer/mecanum_cartographer.egg-info/requires.txt
writing top-level names to ../../build/mecanum_cartographer/mecanum_cartographer.egg-info/top_level.txt
reading manifest file '../../build/mecanum_cartographer/mecanum_cartographer.egg-info/SOURCES.txt'
writing manifest file '../../build/mecanum_cartographer/mecanum_cartographer.egg-info/SOURCES.txt'
running build
running build_py
running install
running install_lib
running install_data
creating /home/ohj/mecanum-ros2/install/mecanum_cartographer/share/mecanum_cartographer/config
copying config/mecanum_2d.lua -> /home/ohj/mecanum-ros2/install/mecanum_cartographer/share/mecanum_cartographer/config
running install_egg_info
removing '/home/ohj/mecanum-ros2/install/mecanum_cartographer/lib/python3.8/site-packages/mecanum_cartographer-0.0.0-py3.8.egg-info' (and everything under it)
Copying ../../build/mecanum_cartographer/mecanum_cartographer.egg-info to /home/ohj/mecanum-ros2/install/mecanum_cartographer/lib/python3.8/site-packages/mecanum_cartographer-0.0.0-py3.8.egg-info
running install_scripts
writing list of installed files to '/home/ohj/mecanum-ros2/build/mecanum_cartographer/install.log'
