[9.033s] Invoking command in '/home/jetson/mecanum-ros2/src/motor_control': PYTHONPATH=/home/jetson/mecanum-ros2/build/motor_control/prefix_override:/home/jetson/mecanum-ros2/install/motor_control/lib/python3.8/site-packages:${PYTHONPATH} /usr/bin/python3 setup.py egg_info --egg-base ../../build/motor_control build --build-base /home/jetson/mecanum-ros2/build/motor_control/build install --record /home/jetson/mecanum-ros2/build/motor_control/install.log --single-version-externally-managed
[10.828s] running egg_info
[10.830s] writing ../../build/motor_control/motor_control.egg-info/PKG-INFO
[10.831s] writing dependency_links to ../../build/motor_control/motor_control.egg-info/dependency_links.txt
[10.832s] writing entry points to ../../build/motor_control/motor_control.egg-info/entry_points.txt
[10.833s] writing requirements to ../../build/motor_control/motor_control.egg-info/requires.txt
[10.834s] writing top-level names to ../../build/motor_control/motor_control.egg-info/top_level.txt
[10.856s] reading manifest file '../../build/motor_control/motor_control.egg-info/SOURCES.txt'
[10.857s] writing manifest file '../../build/motor_control/motor_control.egg-info/SOURCES.txt'
[10.857s] running build
[10.858s] running build_py
[10.859s] copying motor_control/motor_control_float.py -> /home/jetson/mecanum-ros2/build/motor_control/build/lib/motor_control
[10.859s] running install
[10.862s] running install_lib
[10.866s] copying /home/jetson/mecanum-ros2/build/motor_control/build/lib/motor_control/motor_control_float.py -> /home/jetson/mecanum-ros2/install/motor_control/lib/python3.8/site-packages/motor_control
[10.869s] byte-compiling /home/jetson/mecanum-ros2/install/motor_control/lib/python3.8/site-packages/motor_control/motor_control_float.py to motor_control_float.cpython-38.pyc
[10.874s] running install_data
[10.882s] copying param/motor_config.yaml -> /home/jetson/mecanum-ros2/install/motor_control/share/motor_control/param
[10.883s] running install_egg_info
[10.891s] removing '/home/jetson/mecanum-ros2/install/motor_control/lib/python3.8/site-packages/motor_control-0.0.0-py3.8.egg-info' (and everything under it)
[10.893s] Copying ../../build/motor_control/motor_control.egg-info to /home/jetson/mecanum-ros2/install/motor_control/lib/python3.8/site-packages/motor_control-0.0.0-py3.8.egg-info
[10.893s] running install_scripts
[10.983s] Installing motor_control_float script to /home/jetson/mecanum-ros2/install/motor_control/lib/motor_control
[10.984s] Installing motor_control_int script to /home/jetson/mecanum-ros2/install/motor_control/lib/motor_control
[10.985s] writing list of installed files to '/home/jetson/mecanum-ros2/build/motor_control/install.log'
[11.106s] Invoked command in '/home/jetson/mecanum-ros2/src/motor_control' returned '0': PYTHONPATH=/home/jetson/mecanum-ros2/build/motor_control/prefix_override:/home/jetson/mecanum-ros2/install/motor_control/lib/python3.8/site-packages:${PYTHONPATH} /usr/bin/python3 setup.py egg_info --egg-base ../../build/motor_control build --build-base /home/jetson/mecanum-ros2/build/motor_control/build install --record /home/jetson/mecanum-ros2/build/motor_control/install.log --single-version-externally-managed
