[0.338s] Invoking command in '/home/ohj/mecanum-ros2/build/ydlidar': CMAKE_PREFIX_PATH=/opt/ros/galactic /usr/bin/cmake /home/ohj/mecanum-ros2/src/ydlidar_ros2 -DCMAKE_INSTALL_PREFIX=/home/ohj/mecanum-ros2/install/ydlidar
[0.385s] -- The C compiler identification is GNU 9.4.0
[0.428s] -- The CXX compiler identification is GNU 9.4.0
[0.434s] -- Check for working C compiler: /usr/bin/cc
[0.499s] -- Check for working C compiler: /usr/bin/cc -- works
[0.500s] -- Detecting C compiler ABI info
[0.563s] -- Detecting C compiler ABI info - done
[0.570s] -- Detecting C compile features
[0.570s] -- Detecting C compile features - done
[0.572s] -- Check for working CXX compiler: /usr/bin/c++
[0.642s] -- Check for working CXX compiler: /usr/bin/c++ -- works
[0.643s] -- Detecting CXX compiler ABI info
[0.716s] -- Detecting CXX compiler ABI info - done
[0.727s] -- Detecting CXX compile features
[0.727s] -- Detecting CXX compile features - done
[0.729s] -- Found ament_cmake: 1.1.6 (/opt/ros/galactic/share/ament_cmake/cmake)
[0.748s] -- Found PythonInterp: /usr/bin/python3 (found suitable version "3.8.10", minimum required is "3") 
[0.749s] -- Using PYTHON_EXECUTABLE: /usr/bin/python3
[0.807s] -- Found rclcpp: 9.2.2 (/opt/ros/galactic/share/rclcpp/cmake)
[0.849s] -- Using all available rosidl_typesupport_c: rosidl_typesupport_fastrtps_c;rosidl_typesupport_introspection_c
[0.856s] -- Found rosidl_adapter: 2.2.3 (/opt/ros/galactic/share/rosidl_adapter/cmake)
[0.936s] -- Found OpenSSL: /usr/lib/x86_64-linux-gnu/libcrypto.so (found version "1.1.1f")  
[0.957s] -- Found FastRTPS: /opt/ros/galactic/include  
[1.014s] -- Using all available rosidl_typesupport_cpp: rosidl_typesupport_fastrtps_cpp;rosidl_typesupport_introspection_cpp
[1.060s] -- Found rmw_implementation_cmake: 3.3.1 (/opt/ros/galactic/share/rmw_implementation_cmake/cmake)
[1.062s] -- Found rmw_cyclonedds_cpp: 0.22.6 (/opt/ros/galactic/share/rmw_cyclonedds_cpp/cmake)
[1.077s] -- Using RMW implementation 'rmw_cyclonedds_cpp' as default
[1.078s] -- Looking for pthread.h
[1.159s] -- Looking for pthread.h - found
[1.159s] -- Performing Test CMAKE_HAVE_LIBC_PTHREAD
[1.232s] -- Performing Test CMAKE_HAVE_LIBC_PTHREAD - Failed
[1.233s] -- Looking for pthread_create in pthreads
[1.297s] -- Looking for pthread_create in pthreads - not found
[1.297s] -- Looking for pthread_create in pthread
[1.374s] -- Looking for pthread_create in pthread - found
[1.376s] -- Found Threads: TRUE  
[1.485s] -- Found sensor_msgs: 2.2.4 (/opt/ros/galactic/share/sensor_msgs/cmake)
[1.564s] -- Found visualization_msgs: 2.2.4 (/opt/ros/galactic/share/visualization_msgs/cmake)
[1.613s] -- Found ament_lint_auto: 0.10.7 (/opt/ros/galactic/share/ament_lint_auto/cmake)
[1.670s] -- Added test 'copyright' to check source files copyright and LICENSE
[1.679s] -- Added test 'cppcheck' to perform static code analysis on C / C++ code
[1.679s] -- Configured cppcheck include dirs: /home/ohj/mecanum-ros2/src/ydlidar_ros2/src;/home/ohj/mecanum-ros2/src/ydlidar_ros2/sdk/include;/home/ohj/mecanum-ros2/src/ydlidar_ros2/sdk/src
[1.680s] -- Configured cppcheck exclude dirs and/or files: 
[1.688s] -- Added test 'cpplint' to check C / C++ code against the Google style
[1.688s] -- Configured cpplint exclude dirs and/or files: 
[1.689s] -- Added test 'flake8' to check Python code syntax and style conventions
[1.691s] -- Added test 'lint_cmake' to check CMake code style
[1.693s] -- Added test 'pep257' to check Python code against some of the style conventions in PEP 257
[1.701s] -- Added test 'uncrustify' to check C / C++ code style
[1.701s] -- Configured uncrustify additional arguments: 
[1.702s] -- Added test 'xmllint' to check XML markup files
[1.704s] -- Configuring done
[1.714s] -- Generating done
[1.715s] -- Build files have been written to: /home/ohj/mecanum-ros2/build/ydlidar
[1.721s] Invoked command in '/home/ohj/mecanum-ros2/build/ydlidar' returned '0': CMAKE_PREFIX_PATH=/opt/ros/galactic /usr/bin/cmake /home/ohj/mecanum-ros2/src/ydlidar_ros2 -DCMAKE_INSTALL_PREFIX=/home/ohj/mecanum-ros2/install/ydlidar
[1.725s] Invoking command in '/home/ohj/mecanum-ros2/build/ydlidar': CMAKE_PREFIX_PATH=/opt/ros/galactic /usr/bin/cmake --build /home/ohj/mecanum-ros2/build/ydlidar -- -j16 -l16
[1.764s] [35m[1mScanning dependencies of target ydlidar_node[0m
[1.765s] [35m[1mScanning dependencies of target ydlidar_client[0m
[1.839s] [ 27%] [32mBuilding C object CMakeFiles/ydlidar_node.dir/sdk/src/lock.c.o[0m
[1.839s] [ 27%] [32mBuilding CXX object CMakeFiles/ydlidar_client.dir/src/ydlidar_client.cpp.o[0m
[1.839s] [ 27%] [32mBuilding CXX object CMakeFiles/ydlidar_node.dir/sdk/src/impl/unix/unix_serial.cpp.o[0m
[1.839s] [ 36%] [32mBuilding CXX object CMakeFiles/ydlidar_node.dir/sdk/src/CYdLidar.cpp.o[0m
[1.839s] [ 45%] [32mBuilding CXX object CMakeFiles/ydlidar_node.dir/sdk/src/impl/unix/list_ports_linux.cpp.o[0m
[1.840s] [ 54%] [32mBuilding CXX object CMakeFiles/ydlidar_node.dir/sdk/src/ydlidar_driver.cpp.o[0m
[1.842s] [ 63%] [32mBuilding CXX object CMakeFiles/ydlidar_node.dir/sdk/src/impl/unix/unix_timer.cpp.o[0m
[1.846s] [ 72%] [32mBuilding CXX object CMakeFiles/ydlidar_node.dir/src/ydlidar_node.cpp.o[0m
[1.847s] [ 81%] [32mBuilding CXX object CMakeFiles/ydlidar_node.dir/sdk/src/serial.cpp.o[0m
[1.866s] [01m[K/home/ohj/mecanum-ros2/src/ydlidar_ros2/sdk/src/lock.c:[m[K In function ‘[01m[Kfhs_lock[m[K’:
[1.866s] [01m[K/home/ohj/mecanum-ros2/src/ydlidar_ros2/sdk/src/lock.c:199:40:[m[K [01;35m[Kwarning: [m[Kunused parameter ‘[01m[Kpid[m[K’ [[01;35m[K-Wunused-parameter[m[K]
[1.866s]   199 | int fhs_lock(const char *filename, [01;35m[Kint pid[m[K) {
[1.866s]       |                                    [01;35m[K~~~~^~~[m[K
[1.866s] [01m[K/home/ohj/mecanum-ros2/src/ydlidar_ros2/sdk/src/lock.c:[m[K In function ‘[01m[Kuucp_lock[m[K’:
[1.866s] [01m[K/home/ohj/mecanum-ros2/src/ydlidar_ros2/sdk/src/lock.c:281:41:[m[K [01;35m[Kwarning: [m[Kunused parameter ‘[01m[Kpid[m[K’ [[01;35m[K-Wunused-parameter[m[K]
[1.866s]   281 | int uucp_lock(const char *filename, [01;35m[Kint pid[m[K) {
[1.866s]       |                                     [01;35m[K~~~~^~~[m[K
[1.967s] In file included from [01m[K/home/ohj/mecanum-ros2/src/ydlidar_ros2/sdk/include/timer.h:2[m[K,
[1.967s]                  from [01m[K/home/ohj/mecanum-ros2/src/ydlidar_ros2/sdk/src/impl/unix/unix_timer.cpp:2[m[K:
[1.967s] [01m[K/home/ohj/mecanum-ros2/src/ydlidar_ros2/sdk/include/v8stdint.h:[m[K In function ‘[01m[Kbool ydlidar::fileExists(std::string)[m[K’:
[1.967s] [01m[K/home/ohj/mecanum-ros2/src/ydlidar_ros2/sdk/include/v8stdint.h:240:24:[m[K [01;35m[Kwarning: [m[Kmissing initializer for member ‘[01m[Kstat::st_ino[m[K’ [[01;35m[K-Wmissing-field-initializers[m[K]
[1.967s]   240 |   struct stat info = {0[01;35m[K}[m[K;
[1.967s]       |                        [01;35m[K^[m[K
[1.967s] [01m[K/home/ohj/mecanum-ros2/src/ydlidar_ros2/sdk/include/v8stdint.h:240:24:[m[K [01;35m[Kwarning: [m[Kmissing initializer for member ‘[01m[Kstat::st_nlink[m[K’ [[01;35m[K-Wmissing-field-initializers[m[K]
[1.967s] [01m[K/home/ohj/mecanum-ros2/src/ydlidar_ros2/sdk/include/v8stdint.h:240:24:[m[K [01;35m[Kwarning: [m[Kmissing initializer for member ‘[01m[Kstat::st_mode[m[K’ [[01;35m[K-Wmissing-field-initializers[m[K]
[1.967s] [01m[K/home/ohj/mecanum-ros2/src/ydlidar_ros2/sdk/include/v8stdint.h:240:24:[m[K [01;35m[Kwarning: [m[Kmissing initializer for member ‘[01m[Kstat::st_uid[m[K’ [[01;35m[K-Wmissing-field-initializers[m[K]
[1.967s] [01m[K/home/ohj/mecanum-ros2/src/ydlidar_ros2/sdk/include/v8stdint.h:240:24:[m[K [01;35m[Kwarning: [m[Kmissing initializer for member ‘[01m[Kstat::st_gid[m[K’ [[01;35m[K-Wmissing-field-initializers[m[K]
[1.967s] [01m[K/home/ohj/mecanum-ros2/src/ydlidar_ros2/sdk/include/v8stdint.h:240:24:[m[K [01;35m[Kwarning: [m[Kmissing initializer for member ‘[01m[Kstat::__pad0[m[K’ [[01;35m[K-Wmissing-field-initializers[m[K]
[1.968s] [01m[K/home/ohj/mecanum-ros2/src/ydlidar_ros2/sdk/include/v8stdint.h:240:24:[m[K [01;35m[Kwarning: [m[Kmissing initializer for member ‘[01m[Kstat::st_rdev[m[K’ [[01;35m[K-Wmissing-field-initializers[m[K]
[1.968s] [01m[K/home/ohj/mecanum-ros2/src/ydlidar_ros2/sdk/include/v8stdint.h:240:24:[m[K [01;35m[Kwarning: [m[Kmissing initializer for member ‘[01m[Kstat::st_size[m[K’ [[01;35m[K-Wmissing-field-initializers[m[K]
[1.968s] [01m[K/home/ohj/mecanum-ros2/src/ydlidar_ros2/sdk/include/v8stdint.h:240:24:[m[K [01;35m[Kwarning: [m[Kmissing initializer for member ‘[01m[Kstat::st_blksize[m[K’ [[01;35m[K-Wmissing-field-initializers[m[K]
[1.968s] [01m[K/home/ohj/mecanum-ros2/src/ydlidar_ros2/sdk/include/v8stdint.h:240:24:[m[K [01;35m[Kwarning: [m[Kmissing initializer for member ‘[01m[Kstat::st_blocks[m[K’ [[01;35m[K-Wmissing-field-initializers[m[K]
[1.968s] [01m[K/home/ohj/mecanum-ros2/src/ydlidar_ros2/sdk/include/v8stdint.h:240:24:[m[K [01;35m[Kwarning: [m[Kmissing initializer for member ‘[01m[Kstat::st_atim[m[K’ [[01;35m[K-Wmissing-field-initializers[m[K]
[1.968s] [01m[K/home/ohj/mecanum-ros2/src/ydlidar_ros2/sdk/include/v8stdint.h:240:24:[m[K [01;35m[Kwarning: [m[Kmissing initializer for member ‘[01m[Kstat::st_mtim[m[K’ [[01;35m[K-Wmissing-field-initializers[m[K]
[1.968s] [01m[K/home/ohj/mecanum-ros2/src/ydlidar_ros2/sdk/include/v8stdint.h:240:24:[m[K [01;35m[Kwarning: [m[Kmissing initializer for member ‘[01m[Kstat::st_ctim[m[K’ [[01;35m[K-Wmissing-field-initializers[m[K]
[1.968s] [01m[K/home/ohj/mecanum-ros2/src/ydlidar_ros2/sdk/include/v8stdint.h:240:24:[m[K [01;35m[Kwarning: [m[Kmissing initializer for member ‘[01m[Kstat::__glibc_reserved[m[K’ [[01;35m[K-Wmissing-field-initializers[m[K]
[2.054s] In file included from [01m[K/home/ohj/mecanum-ros2/src/ydlidar_ros2/sdk/include/serial.h:9[m[K,
[2.054s]                  from [01m[K/home/ohj/mecanum-ros2/src/ydlidar_ros2/sdk/src/impl/unix/unix_serial.h:9[m[K,
[2.054s]                  from [01m[K/home/ohj/mecanum-ros2/src/ydlidar_ros2/sdk/src/impl/unix/unix_serial.cpp:39[m[K:
[2.054s] [01m[K/home/ohj/mecanum-ros2/src/ydlidar_ros2/sdk/include/v8stdint.h:[m[K In function ‘[01m[Kbool ydlidar::fileExists(std::string)[m[K’:
[2.054s] [01m[K/home/ohj/mecanum-ros2/src/ydlidar_ros2/sdk/include/v8stdint.h:240:24:[m[K [01;35m[Kwarning: [m[Kmissing initializer for member ‘[01m[Kstat::st_ino[m[K’ [[01;35m[K-Wmissing-field-initializers[m[K]
[2.055s]   240 |   struct stat info = {0[01;35m[K}[m[K;
[2.055s]       |                        [01;35m[K^[m[K
[2.055s] [01m[K/home/ohj/mecanum-ros2/src/ydlidar_ros2/sdk/include/v8stdint.h:240:24:[m[K [01;35m[Kwarning: [m[Kmissing initializer for member ‘[01m[Kstat::st_nlink[m[K’ [[01;35m[K-Wmissing-field-initializers[m[K]
[2.055s] [01m[K/home/ohj/mecanum-ros2/src/ydlidar_ros2/sdk/include/v8stdint.h:240:24:[m[K [01;35m[Kwarning: [m[Kmissing initializer for member ‘[01m[Kstat::st_mode[m[K’ [[01;35m[K-Wmissing-field-initializers[m[K]
[2.055s] [01m[K/home/ohj/mecanum-ros2/src/ydlidar_ros2/sdk/include/v8stdint.h:240:24:[m[K [01;35m[Kwarning: [m[Kmissing initializer for member ‘[01m[Kstat::st_uid[m[K’ [[01;35m[K-Wmissing-field-initializers[m[K]
[2.055s] [01m[K/home/ohj/mecanum-ros2/src/ydlidar_ros2/sdk/include/v8stdint.h:240:24:[m[K [01;35m[Kwarning: [m[Kmissing initializer for member ‘[01m[Kstat::st_gid[m[K’ [[01;35m[K-Wmissing-field-initializers[m[K]
[2.055s] [01m[K/home/ohj/mecanum-ros2/src/ydlidar_ros2/sdk/include/v8stdint.h:240:24:[m[K [01;35m[Kwarning: [m[Kmissing initializer for member ‘[01m[Kstat::__pad0[m[K’ [[01;35m[K-Wmissing-field-initializers[m[K]
[2.055s] [01m[K/home/ohj/mecanum-ros2/src/ydlidar_ros2/sdk/include/v8stdint.h:240:24:[m[K [01;35m[Kwarning: [m[Kmissing initializer for member ‘[01m[Kstat::st_rdev[m[K’ [[01;35m[K-Wmissing-field-initializers[m[K]
[2.055s] [01m[K/home/ohj/mecanum-ros2/src/ydlidar_ros2/sdk/include/v8stdint.h:240:24:[m[K [01;35m[Kwarning: [m[Kmissing initializer for member ‘[01m[Kstat::st_size[m[K’ [[01;35m[K-Wmissing-field-initializers[m[K]
[2.055s] [01m[K/home/ohj/mecanum-ros2/src/ydlidar_ros2/sdk/include/v8stdint.h:240:24:[m[K [01;35m[Kwarning: [m[Kmissing initializer for member ‘[01m[Kstat::st_blksize[m[K’ [[01;35m[K-Wmissing-field-initializers[m[K]
[2.055s] [01m[K/home/ohj/mecanum-ros2/src/ydlidar_ros2/sdk/include/v8stdint.h:240:24:[m[K [01;35m[Kwarning: [m[Kmissing initializer for member ‘[01m[Kstat::st_blocks[m[K’ [[01;35m[K-Wmissing-field-initializers[m[K]
[2.055s] [01m[K/home/ohj/mecanum-ros2/src/ydlidar_ros2/sdk/include/v8stdint.h:240:24:[m[K [01;35m[Kwarning: [m[Kmissing initializer for member ‘[01m[Kstat::st_atim[m[K’ [[01;35m[K-Wmissing-field-initializers[m[K]
[2.055s] [01m[K/home/ohj/mecanum-ros2/src/ydlidar_ros2/sdk/include/v8stdint.h:240:24:[m[K [01;35m[Kwarning: [m[Kmissing initializer for member ‘[01m[Kstat::st_mtim[m[K’ [[01;35m[K-Wmissing-field-initializers[m[K]
[2.056s] [01m[K/home/ohj/mecanum-ros2/src/ydlidar_ros2/sdk/include/v8stdint.h:240:24:[m[K [01;35m[Kwarning: [m[Kmissing initializer for member ‘[01m[Kstat::st_ctim[m[K’ [[01;35m[K-Wmissing-field-initializers[m[K]
[2.056s] [01m[K/home/ohj/mecanum-ros2/src/ydlidar_ros2/sdk/include/v8stdint.h:240:24:[m[K [01;35m[Kwarning: [m[Kmissing initializer for member ‘[01m[Kstat::__glibc_reserved[m[K’ [[01;35m[K-Wmissing-field-initializers[m[K]
[2.061s] [01m[K/home/ohj/mecanum-ros2/src/ydlidar_ros2/sdk/src/impl/unix/unix_serial.cpp:[m[K In member function ‘[01m[Kbool serial::Serial::SerialImpl::setCustomBaudRate(long unsigned int)[m[K’:
[2.061s] [01m[K/home/ohj/mecanum-ros2/src/ydlidar_ros2/sdk/src/impl/unix/unix_serial.cpp:1235:40:[m[K [01;35m[Kwarning: [m[Kcomparison of integer expressions of different signedness: ‘[01m[Klong unsigned int[m[K’ and ‘[01m[Kint[m[K’ [[01;35m[K-Wsign-compare[m[K]
[2.061s]  1235 |   if ([01;35m[Kserial.custom_divisor * baudrate != serial.baud_base[m[K) {
[2.061s]       |       [01;35m[K~~~~~~~~~~~~~~~~~~~~~~~~~~~~~~~~~^~~~~~~~~~~~~~~~~~~[m[K
[2.073s] In file included from [01m[K/home/ohj/mecanum-ros2/src/ydlidar_ros2/sdk/include/serial.h:9[m[K,
[2.073s]                  from [01m[K/home/ohj/mecanum-ros2/src/ydlidar_ros2/sdk/src/impl/unix/list_ports_linux.cpp:26[m[K:
[2.073s] [01m[K/home/ohj/mecanum-ros2/src/ydlidar_ros2/sdk/include/v8stdint.h:[m[K In function ‘[01m[Kbool ydlidar::fileExists(std::string)[m[K’:
[2.073s] [01m[K/home/ohj/mecanum-ros2/src/ydlidar_ros2/sdk/include/v8stdint.h:240:24:[m[K [01;35m[Kwarning: [m[Kmissing initializer for member ‘[01m[Kstat::st_ino[m[K’ [[01;35m[K-Wmissing-field-initializers[m[K]
[2.073s]   240 |   struct stat info = {0[01;35m[K}[m[K;
[2.073s]       |                        [01;35m[K^[m[K
[2.073s] [01m[K/home/ohj/mecanum-ros2/src/ydlidar_ros2/sdk/include/v8stdint.h:240:24:[m[K [01;35m[Kwarning: [m[Kmissing initializer for member ‘[01m[Kstat::st_nlink[m[K’ [[01;35m[K-Wmissing-field-initializers[m[K]
[2.073s] [01m[K/home/ohj/mecanum-ros2/src/ydlidar_ros2/sdk/include/v8stdint.h:240:24:[m[K [01;35m[Kwarning: [m[Kmissing initializer for member ‘[01m[Kstat::st_mode[m[K’ [[01;35m[K-Wmissing-field-initializers[m[K]
[2.073s] [01m[K/home/ohj/mecanum-ros2/src/ydlidar_ros2/sdk/include/v8stdint.h:240:24:[m[K [01;35m[Kwarning: [m[Kmissing initializer for member ‘[01m[Kstat::st_uid[m[K’ [[01;35m[K-Wmissing-field-initializers[m[K]
[2.074s] [01m[K/home/ohj/mecanum-ros2/src/ydlidar_ros2/sdk/include/v8stdint.h:240:24:[m[K [01;35m[Kwarning: [m[Kmissing initializer for member ‘[01m[Kstat::st_gid[m[K’ [[01;35m[K-Wmissing-field-initializers[m[K]
[2.074s] [01m[K/home/ohj/mecanum-ros2/src/ydlidar_ros2/sdk/include/v8stdint.h:240:24:[m[K [01;35m[Kwarning: [m[Kmissing initializer for member ‘[01m[Kstat::__pad0[m[K’ [[01;35m[K-Wmissing-field-initializers[m[K]
[2.074s] [01m[K/home/ohj/mecanum-ros2/src/ydlidar_ros2/sdk/include/v8stdint.h:240:24:[m[K [01;35m[Kwarning: [m[Kmissing initializer for member ‘[01m[Kstat::st_rdev[m[K’ [[01;35m[K-Wmissing-field-initializers[m[K]
[2.074s] [01m[K/home/ohj/mecanum-ros2/src/ydlidar_ros2/sdk/include/v8stdint.h:240:24:[m[K [01;35m[Kwarning: [m[Kmissing initializer for member ‘[01m[Kstat::st_size[m[K’ [[01;35m[K-Wmissing-field-initializers[m[K]
[2.074s] [01m[K/home/ohj/mecanum-ros2/src/ydlidar_ros2/sdk/include/v8stdint.h:240:24:[m[K [01;35m[Kwarning: [m[Kmissing initializer for member ‘[01m[Kstat::st_blksize[m[K’ [[01;35m[K-Wmissing-field-initializers[m[K]
[2.074s] [01m[K/home/ohj/mecanum-ros2/src/ydlidar_ros2/sdk/include/v8stdint.h:240:24:[m[K [01;35m[Kwarning: [m[Kmissing initializer for member ‘[01m[Kstat::st_blocks[m[K’ [[01;35m[K-Wmissing-field-initializers[m[K]
[2.074s] [01m[K/home/ohj/mecanum-ros2/src/ydlidar_ros2/sdk/include/v8stdint.h:240:24:[m[K [01;35m[Kwarning: [m[Kmissing initializer for member ‘[01m[Kstat::st_atim[m[K’ [[01;35m[K-Wmissing-field-initializers[m[K]
[2.074s] [01m[K/home/ohj/mecanum-ros2/src/ydlidar_ros2/sdk/include/v8stdint.h:240:24:[m[K [01;35m[Kwarning: [m[Kmissing initializer for member ‘[01m[Kstat::st_mtim[m[K’ [[01;35m[K-Wmissing-field-initializers[m[K]
[2.074s] [01m[K/home/ohj/mecanum-ros2/src/ydlidar_ros2/sdk/include/v8stdint.h:240:24:[m[K [01;35m[Kwarning: [m[Kmissing initializer for member ‘[01m[Kstat::st_ctim[m[K’ [[01;35m[K-Wmissing-field-initializers[m[K]
[2.074s] [01m[K/home/ohj/mecanum-ros2/src/ydlidar_ros2/sdk/include/v8stdint.h:240:24:[m[K [01;35m[Kwarning: [m[Kmissing initializer for member ‘[01m[Kstat::__glibc_reserved[m[K’ [[01;35m[K-Wmissing-field-initializers[m[K]
[2.076s] [01m[K/home/ohj/mecanum-ros2/src/ydlidar_ros2/sdk/src/impl/unix/list_ports_linux.cpp:[m[K In function ‘[01m[Kstd::vector<std::__cxx11::basic_string<char> > glob(const std::vector<std::__cxx11::basic_string<char> >&)[m[K’:
[2.077s] [01m[K/home/ohj/mecanum-ros2/src/ydlidar_ros2/sdk/src/impl/unix/list_ports_linux.cpp:58:7:[m[K [01;35m[Kwarning: [m[Kvariable ‘[01m[Kglob_retval[m[K’ set but not used [[01;35m[K-Wunused-but-set-variable[m[K]
[2.077s]    58 |   int [01;35m[Kglob_retval[m[K = glob(patterns[0].c_str(), 0, NULL, &glob_results);
[2.077s]       |       [01;35m[K^~~~~~~~~~~[m[K
[2.116s] In file included from [01m[K/home/ohj/mecanum-ros2/src/ydlidar_ros2/sdk/include/serial.h:9[m[K,
[2.116s]                  from [01m[K/home/ohj/mecanum-ros2/src/ydlidar_ros2/sdk/include/ydlidar_driver.h:54[m[K,
[2.116s]                  from [01m[K/home/ohj/mecanum-ros2/src/ydlidar_ros2/sdk/src/ydlidar_driver.cpp:34[m[K:
[2.116s] [01m[K/home/ohj/mecanum-ros2/src/ydlidar_ros2/sdk/include/v8stdint.h:[m[K In function ‘[01m[Kbool ydlidar::fileExists(std::string)[m[K’:
[2.117s] [01m[K/home/ohj/mecanum-ros2/src/ydlidar_ros2/sdk/include/v8stdint.h:240:24:[m[K [01;35m[Kwarning: [m[Kmissing initializer for member ‘[01m[Kstat::st_ino[m[K’ [[01;35m[K-Wmissing-field-initializers[m[K]
[2.117s]   240 |   struct stat info = {0[01;35m[K}[m[K;
[2.117s]       |                        [01;35m[K^[m[K
[2.117s] [01m[K/home/ohj/mecanum-ros2/src/ydlidar_ros2/sdk/include/v8stdint.h:240:24:[m[K [01;35m[Kwarning: [m[Kmissing initializer for member ‘[01m[Kstat::st_nlink[m[K’ [[01;35m[K-Wmissing-field-initializers[m[K]
[2.117s] [01m[K/home/ohj/mecanum-ros2/src/ydlidar_ros2/sdk/include/v8stdint.h:240:24:[m[K [01;35m[Kwarning: [m[Kmissing initializer for member ‘[01m[Kstat::st_mode[m[K’ [[01;35m[K-Wmissing-field-initializers[m[K]
[2.117s] [01m[K/home/ohj/mecanum-ros2/src/ydlidar_ros2/sdk/include/v8stdint.h:240:24:[m[K [01;35m[Kwarning: [m[Kmissing initializer for member ‘[01m[Kstat::st_uid[m[K’ [[01;35m[K-Wmissing-field-initializers[m[K]
[2.117s] [01m[K/home/ohj/mecanum-ros2/src/ydlidar_ros2/sdk/include/v8stdint.h:240:24:[m[K [01;35m[Kwarning: [m[Kmissing initializer for member ‘[01m[Kstat::st_gid[m[K’ [[01;35m[K-Wmissing-field-initializers[m[K]
[2.117s] [01m[K/home/ohj/mecanum-ros2/src/ydlidar_ros2/sdk/include/v8stdint.h:240:24:[m[K [01;35m[Kwarning: [m[Kmissing initializer for member ‘[01m[Kstat::__pad0[m[K’ [[01;35m[K-Wmissing-field-initializers[m[K]
[2.117s] [01m[K/home/ohj/mecanum-ros2/src/ydlidar_ros2/sdk/include/v8stdint.h:240:24:[m[K [01;35m[Kwarning: [m[Kmissing initializer for member ‘[01m[Kstat::st_rdev[m[K’ [[01;35m[K-Wmissing-field-initializers[m[K]
[2.117s] [01m[K/home/ohj/mecanum-ros2/src/ydlidar_ros2/sdk/include/v8stdint.h:240:24:[m[K [01;35m[Kwarning: [m[Kmissing initializer for member ‘[01m[Kstat::st_size[m[K’ [[01;35m[K-Wmissing-field-initializers[m[K]
[2.117s] [01m[K/home/ohj/mecanum-ros2/src/ydlidar_ros2/sdk/include/v8stdint.h:240:24:[m[K [01;35m[Kwarning: [m[Kmissing initializer for member ‘[01m[Kstat::st_blksize[m[K’ [[01;35m[K-Wmissing-field-initializers[m[K]
[2.117s] [01m[K/home/ohj/mecanum-ros2/src/ydlidar_ros2/sdk/include/v8stdint.h:240:24:[m[K [01;35m[Kwarning: [m[Kmissing initializer for member ‘[01m[Kstat::st_blocks[m[K’ [[01;35m[K-Wmissing-field-initializers[m[K]
[2.118s] [01m[K/home/ohj/mecanum-ros2/src/ydlidar_ros2/sdk/include/v8stdint.h:240:24:[m[K [01;35m[Kwarning: [m[Kmissing initializer for member ‘[01m[Kstat::st_atim[m[K’ [[01;35m[K-Wmissing-field-initializers[m[K]
[2.118s] [01m[K/home/ohj/mecanum-ros2/src/ydlidar_ros2/sdk/include/v8stdint.h:240:24:[m[K [01;35m[Kwarning: [m[Kmissing initializer for member ‘[01m[Kstat::st_mtim[m[K’ [[01;35m[K-Wmissing-field-initializers[m[K]
[2.118s] [01m[K/home/ohj/mecanum-ros2/src/ydlidar_ros2/sdk/include/v8stdint.h:240:24:[m[K [01;35m[Kwarning: [m[Kmissing initializer for member ‘[01m[Kstat::st_ctim[m[K’ [[01;35m[K-Wmissing-field-initializers[m[K]
[2.118s] [01m[K/home/ohj/mecanum-ros2/src/ydlidar_ros2/sdk/include/v8stdint.h:240:24:[m[K [01;35m[Kwarning: [m[Kmissing initializer for member ‘[01m[Kstat::__glibc_reserved[m[K’ [[01;35m[K-Wmissing-field-initializers[m[K]
[2.119s] In file included from [01m[K/home/ohj/mecanum-ros2/src/ydlidar_ros2/sdk/include/ydlidar_driver.h:56[m[K,
[2.119s]                  from [01m[K/home/ohj/mecanum-ros2/src/ydlidar_ros2/sdk/src/ydlidar_driver.cpp:34[m[K:
[2.119s] [01m[K/home/ohj/mecanum-ros2/src/ydlidar_ros2/sdk/include/thread.h:[m[K In static member function ‘[01m[Kstatic Thread Thread::createThread(thread_proc_t, void*)[m[K’:
[2.119s] [01m[K/home/ohj/mecanum-ros2/src/ydlidar_ros2/sdk/include/thread.h:43:76:[m[K [01;35m[Kwarning: [m[Kcast between incompatible function types from ‘[01m[Kthread_proc_t[m[K’ {aka ‘[01m[Klong unsigned int (*)(void*)[m[K’} to ‘[01m[Kvoid* (*)(void*)[m[K’ [[01;35m[K-Wcast-function-type[m[K]
[2.119s]    43 |     pthread_create((pthread_t *)&thread_._handle, NULL, (void *(*)(void *))[01;35m[Kproc[m[K,
[2.119s]       |                                                                            [01;35m[K^~~~[m[K
[2.127s] In file included from [01m[K/home/ohj/mecanum-ros2/src/ydlidar_ros2/sdk/include/ydlidar_driver.h:58[m[K,
[2.127s]                  from [01m[K/home/ohj/mecanum-ros2/src/ydlidar_ros2/sdk/src/ydlidar_driver.cpp:34[m[K:
[2.128s] [01m[K/home/ohj/mecanum-ros2/src/ydlidar_ros2/sdk/include/help_info.h:[m[K In function ‘[01m[Kbool ydlidar::isSupportMotorCtrl(int)[m[K’:
[2.128s] [01m[K/home/ohj/mecanum-ros2/src/ydlidar_ros2/sdk/include/help_info.h:414:8:[m[K [01;35m[Kwarning: [m[Kvariable ‘[01m[Kret[m[K’ set but not used [[01;35m[K-Wunused-but-set-variable[m[K]
[2.128s]   414 |   bool [01;35m[Kret[m[K = false;
[2.128s]       |        [01;35m[K^~~[m[K
[2.132s] In file included from [01m[K/home/ohj/mecanum-ros2/src/ydlidar_ros2/sdk/include/serial.h:9[m[K,
[2.132s]                  from [01m[K/home/ohj/mecanum-ros2/src/ydlidar_ros2/sdk/include/ydlidar_driver.h:54[m[K,
[2.132s]                  from [01m[K/home/ohj/mecanum-ros2/src/ydlidar_ros2/sdk/include/CYdLidar.h:36[m[K,
[2.132s]                  from [01m[K/home/ohj/mecanum-ros2/src/ydlidar_ros2/sdk/src/CYdLidar.cpp:34[m[K:
[2.132s] [01m[K/home/ohj/mecanum-ros2/src/ydlidar_ros2/sdk/include/v8stdint.h:[m[K In function ‘[01m[Kbool ydlidar::fileExists(std::string)[m[K’:
[2.132s] [01m[K/home/ohj/mecanum-ros2/src/ydlidar_ros2/sdk/include/v8stdint.h:240:24:[m[K [01;35m[Kwarning: [m[Kmissing initializer for member ‘[01m[Kstat::st_ino[m[K’ [[01;35m[K-Wmissing-field-initializers[m[K]
[2.132s]   240 |   struct stat info = {0[01;35m[K}[m[K;
[2.132s]       |                        [01;35m[K^[m[K
[2.132s] [01m[K/home/ohj/mecanum-ros2/src/ydlidar_ros2/sdk/include/v8stdint.h:240:24:[m[K [01;35m[Kwarning: [m[Kmissing initializer for member ‘[01m[Kstat::st_nlink[m[K’ [[01;35m[K-Wmissing-field-initializers[m[K]
[2.132s] [01m[K/home/ohj/mecanum-ros2/src/ydlidar_ros2/sdk/include/v8stdint.h:240:24:[m[K [01;35m[Kwarning: [m[Kmissing initializer for member ‘[01m[Kstat::st_mode[m[K’ [[01;35m[K-Wmissing-field-initializers[m[K]
[2.133s] [01m[K/home/ohj/mecanum-ros2/src/ydlidar_ros2/sdk/include/v8stdint.h:240:24:[m[K [01;35m[Kwarning: [m[Kmissing initializer for member ‘[01m[Kstat::st_uid[m[K’ [[01;35m[K-Wmissing-field-initializers[m[K]
[2.133s] [01m[K/home/ohj/mecanum-ros2/src/ydlidar_ros2/sdk/include/v8stdint.h:240:24:[m[K [01;35m[Kwarning: [m[Kmissing initializer for member ‘[01m[Kstat::st_gid[m[K’ [[01;35m[K-Wmissing-field-initializers[m[K]
[2.133s] [01m[K/home/ohj/mecanum-ros2/src/ydlidar_ros2/sdk/include/v8stdint.h:240:24:[m[K [01;35m[Kwarning: [m[Kmissing initializer for member ‘[01m[Kstat::__pad0[m[K’ [[01;35m[K-Wmissing-field-initializers[m[K]
[2.133s] [01m[K/home/ohj/mecanum-ros2/src/ydlidar_ros2/sdk/include/v8stdint.h:240:24:[m[K [01;35m[Kwarning: [m[Kmissing initializer for member ‘[01m[Kstat::st_rdev[m[K’ [[01;35m[K-Wmissing-field-initializers[m[K]
[2.133s] [01m[K/home/ohj/mecanum-ros2/src/ydlidar_ros2/sdk/include/v8stdint.h:240:24:[m[K [01;35m[Kwarning: [m[Kmissing initializer for member ‘[01m[Kstat::st_size[m[K’ [[01;35m[K-Wmissing-field-initializers[m[K]
[2.133s] [01m[K/home/ohj/mecanum-ros2/src/ydlidar_ros2/sdk/include/v8stdint.h:240:24:[m[K [01;35m[Kwarning: [m[Kmissing initializer for member ‘[01m[Kstat::st_blksize[m[K’ [[01;35m[K-Wmissing-field-initializers[m[K]
[2.133s] [01m[K/home/ohj/mecanum-ros2/src/ydlidar_ros2/sdk/include/v8stdint.h:240:24:[m[K [01;35m[Kwarning: [m[Kmissing initializer for member ‘[01m[Kstat::st_blocks[m[K’ [[01;35m[K-Wmissing-field-initializers[m[K]
[2.133s] [01m[K/home/ohj/mecanum-ros2/src/ydlidar_ros2/sdk/include/v8stdint.h:240:24:[m[K [01;35m[Kwarning: [m[Kmissing initializer for member ‘[01m[Kstat::st_atim[m[K’ [[01;35m[K-Wmissing-field-initializers[m[K]
[2.133s] [01m[K/home/ohj/mecanum-ros2/src/ydlidar_ros2/sdk/include/v8stdint.h:240:24:[m[K [01;35m[Kwarning: [m[Kmissing initializer for member ‘[01m[Kstat::st_mtim[m[K’ [[01;35m[K-Wmissing-field-initializers[m[K]
[2.133s] [01m[K/home/ohj/mecanum-ros2/src/ydlidar_ros2/sdk/include/v8stdint.h:240:24:[m[K [01;35m[Kwarning: [m[Kmissing initializer for member ‘[01m[Kstat::st_ctim[m[K’ [[01;35m[K-Wmissing-field-initializers[m[K]
[2.133s] [01m[K/home/ohj/mecanum-ros2/src/ydlidar_ros2/sdk/include/v8stdint.h:240:24:[m[K [01;35m[Kwarning: [m[Kmissing initializer for member ‘[01m[Kstat::__glibc_reserved[m[K’ [[01;35m[K-Wmissing-field-initializers[m[K]
[2.134s] In file included from [01m[K/home/ohj/mecanum-ros2/src/ydlidar_ros2/sdk/include/ydlidar_driver.h:56[m[K,
[2.135s]                  from [01m[K/home/ohj/mecanum-ros2/src/ydlidar_ros2/sdk/include/CYdLidar.h:36[m[K,
[2.135s]                  from [01m[K/home/ohj/mecanum-ros2/src/ydlidar_ros2/sdk/src/CYdLidar.cpp:34[m[K:
[2.135s] [01m[K/home/ohj/mecanum-ros2/src/ydlidar_ros2/sdk/include/thread.h:[m[K In static member function ‘[01m[Kstatic Thread Thread::createThread(thread_proc_t, void*)[m[K’:
[2.135s] [01m[K/home/ohj/mecanum-ros2/src/ydlidar_ros2/sdk/include/thread.h:43:76:[m[K [01;35m[Kwarning: [m[Kcast between incompatible function types from ‘[01m[Kthread_proc_t[m[K’ {aka ‘[01m[Klong unsigned int (*)(void*)[m[K’} to ‘[01m[Kvoid* (*)(void*)[m[K’ [[01;35m[K-Wcast-function-type[m[K]
[2.135s]    43 |     pthread_create((pthread_t *)&thread_._handle, NULL, (void *(*)(void *))[01;35m[Kproc[m[K,
[2.135s]       |                                                                            [01;35m[K^~~~[m[K
[2.143s] In file included from [01m[K/home/ohj/mecanum-ros2/src/ydlidar_ros2/sdk/include/ydlidar_driver.h:58[m[K,
[2.143s]                  from [01m[K/home/ohj/mecanum-ros2/src/ydlidar_ros2/sdk/include/CYdLidar.h:36[m[K,
[2.143s]                  from [01m[K/home/ohj/mecanum-ros2/src/ydlidar_ros2/sdk/src/CYdLidar.cpp:34[m[K:
[2.143s] [01m[K/home/ohj/mecanum-ros2/src/ydlidar_ros2/sdk/include/help_info.h:[m[K In function ‘[01m[Kbool ydlidar::isSupportMotorCtrl(int)[m[K’:
[2.143s] [01m[K/home/ohj/mecanum-ros2/src/ydlidar_ros2/sdk/include/help_info.h:414:8:[m[K [01;35m[Kwarning: [m[Kvariable ‘[01m[Kret[m[K’ set but not used [[01;35m[K-Wunused-but-set-variable[m[K]
[2.143s]   414 |   bool [01;35m[Kret[m[K = false;
[2.143s]       |        [01;35m[K^~~[m[K
[2.165s] In file included from [01m[K/home/ohj/mecanum-ros2/src/ydlidar_ros2/sdk/include/serial.h:9[m[K,
[2.165s]                  from [01m[K/home/ohj/mecanum-ros2/src/ydlidar_ros2/sdk/src/serial.cpp:11[m[K:
[2.165s] [01m[K/home/ohj/mecanum-ros2/src/ydlidar_ros2/sdk/include/v8stdint.h:[m[K In function ‘[01m[Kbool ydlidar::fileExists(std::string)[m[K’:
[2.165s] [01m[K/home/ohj/mecanum-ros2/src/ydlidar_ros2/sdk/include/v8stdint.h:240:24:[m[K [01;35m[Kwarning: [m[Kmissing initializer for member ‘[01m[Kstat::st_ino[m[K’ [[01;35m[K-Wmissing-field-initializers[m[K]
[2.165s]   240 |   struct stat info = {0[01;35m[K}[m[K;
[2.165s]       |                        [01;35m[K^[m[K
[2.165s] [01m[K/home/ohj/mecanum-ros2/src/ydlidar_ros2/sdk/include/v8stdint.h:240:24:[m[K [01;35m[Kwarning: [m[Kmissing initializer for member ‘[01m[Kstat::st_nlink[m[K’ [[01;35m[K-Wmissing-field-initializers[m[K]
[2.166s] [01m[K/home/ohj/mecanum-ros2/src/ydlidar_ros2/sdk/include/v8stdint.h:240:24:[m[K [01;35m[Kwarning: [m[Kmissing initializer for member ‘[01m[Kstat::st_mode[m[K’ [[01;35m[K-Wmissing-field-initializers[m[K]
[2.166s] [01m[K/home/ohj/mecanum-ros2/src/ydlidar_ros2/sdk/include/v8stdint.h:240:24:[m[K [01;35m[Kwarning: [m[Kmissing initializer for member ‘[01m[Kstat::st_uid[m[K’ [[01;35m[K-Wmissing-field-initializers[m[K]
[2.166s] [01m[K/home/ohj/mecanum-ros2/src/ydlidar_ros2/sdk/include/v8stdint.h:240:24:[m[K [01;35m[Kwarning: [m[Kmissing initializer for member ‘[01m[Kstat::st_gid[m[K’ [[01;35m[K-Wmissing-field-initializers[m[K]
[2.166s] [01m[K/home/ohj/mecanum-ros2/src/ydlidar_ros2/sdk/include/v8stdint.h:240:24:[m[K [01;35m[Kwarning: [m[Kmissing initializer for member ‘[01m[Kstat::__pad0[m[K’ [[01;35m[K-Wmissing-field-initializers[m[K]
[2.166s] [01m[K/home/ohj/mecanum-ros2/src/ydlidar_ros2/sdk/include/v8stdint.h:240:24:[m[K [01;35m[Kwarning: [m[Kmissing initializer for member ‘[01m[Kstat::st_rdev[m[K’ [[01;35m[K-Wmissing-field-initializers[m[K]
[2.166s] [01m[K/home/ohj/mecanum-ros2/src/ydlidar_ros2/sdk/include/v8stdint.h:240:24:[m[K [01;35m[Kwarning: [m[Kmissing initializer for member ‘[01m[Kstat::st_size[m[K’ [[01;35m[K-Wmissing-field-initializers[m[K]
[2.166s] [01m[K/home/ohj/mecanum-ros2/src/ydlidar_ros2/sdk/include/v8stdint.h:240:24:[m[K [01;35m[Kwarning: [m[Kmissing initializer for member ‘[01m[Kstat::st_blksize[m[K’ [[01;35m[K-Wmissing-field-initializers[m[K]
[2.166s] [01m[K/home/ohj/mecanum-ros2/src/ydlidar_ros2/sdk/include/v8stdint.h:240:24:[m[K [01;35m[Kwarning: [m[Kmissing initializer for member ‘[01m[Kstat::st_blocks[m[K’ [[01;35m[K-Wmissing-field-initializers[m[K]
[2.166s] [01m[K/home/ohj/mecanum-ros2/src/ydlidar_ros2/sdk/include/v8stdint.h:240:24:[m[K [01;35m[Kwarning: [m[Kmissing initializer for member ‘[01m[Kstat::st_atim[m[K’ [[01;35m[K-Wmissing-field-initializers[m[K]
[2.166s] [01m[K/home/ohj/mecanum-ros2/src/ydlidar_ros2/sdk/include/v8stdint.h:240:24:[m[K [01;35m[Kwarning: [m[Kmissing initializer for member ‘[01m[Kstat::st_mtim[m[K’ [[01;35m[K-Wmissing-field-initializers[m[K]
[2.166s] [01m[K/home/ohj/mecanum-ros2/src/ydlidar_ros2/sdk/include/v8stdint.h:240:24:[m[K [01;35m[Kwarning: [m[Kmissing initializer for member ‘[01m[Kstat::st_ctim[m[K’ [[01;35m[K-Wmissing-field-initializers[m[K]
[2.166s] [01m[K/home/ohj/mecanum-ros2/src/ydlidar_ros2/sdk/include/v8stdint.h:240:24:[m[K [01;35m[Kwarning: [m[Kmissing initializer for member ‘[01m[Kstat::__glibc_reserved[m[K’ [[01;35m[K-Wmissing-field-initializers[m[K]
[2.175s] [01m[K/home/ohj/mecanum-ros2/src/ydlidar_ros2/sdk/src/ydlidar_driver.cpp:[m[K In member function ‘[01m[Kresult_t ydlidar::YDlidarDriver::waitPackage(node_info*, uint32_t)[m[K’:
[2.175s] [01m[K/home/ohj/mecanum-ros2/src/ydlidar_ros2/sdk/src/ydlidar_driver.cpp:992:95:[m[K [01;35m[Kwarning: [m[Ksuggest parentheses around arithmetic in operand of ‘[01m[K|[m[K’ [[01;35m[K-Wparentheses[m[K]
[2.175s]   992 |                                          [01;35m[Kpackages.packageSampleDistance[package_Sample_Index] &[m[K
[2.175s]       |                                          [01;35m[K~~~~~~~~~~~~~~~~~~~~~~~~~~~~~~~~~~~~~~~~~~~~~~~~~~~~~^[m[K
[2.175s]   993 | [01;35m[K                                         0x0003[m[K)) << LIDAR_RESP_MEASUREMENT_QUALITY_SHIFT;
[2.175s]       |                                          [01;35m[K~~~~~~[m[K                                                
[2.199s] In file included from [01m[K/home/ohj/mecanum-ros2/src/ydlidar_ros2/sdk/src/common.h:47[m[K,
[2.199s]                  from [01m[K/home/ohj/mecanum-ros2/src/ydlidar_ros2/sdk/src/serial.cpp:12[m[K:
[2.199s] [01m[K/home/ohj/mecanum-ros2/src/ydlidar_ros2/sdk/include/thread.h:[m[K In static member function ‘[01m[Kstatic Thread Thread::createThread(thread_proc_t, void*)[m[K’:
[2.199s] [01m[K/home/ohj/mecanum-ros2/src/ydlidar_ros2/sdk/include/thread.h:43:76:[m[K [01;35m[Kwarning: [m[Kcast between incompatible function types from ‘[01m[Kthread_proc_t[m[K’ {aka ‘[01m[Klong unsigned int (*)(void*)[m[K’} to ‘[01m[Kvoid* (*)(void*)[m[K’ [[01;35m[K-Wcast-function-type[m[K]
[2.200s]    43 |     pthread_create((pthread_t *)&thread_._handle, NULL, (void *(*)(void *))[01;35m[Kproc[m[K,
[2.200s]       |                                                                            [01;35m[K^~~~[m[K
[2.254s] [01m[K/home/ohj/mecanum-ros2/src/ydlidar_ros2/sdk/src/CYdLidar.cpp:[m[K In member function ‘[01m[Kbool CYdLidar::doProcessSimple(LaserScan&, bool&)[m[K’:
[2.254s] [01m[K/home/ohj/mecanum-ros2/src/ydlidar_ros2/sdk/src/CYdLidar.cpp:216:23:[m[K [01;35m[Kwarning: [m[Kcomparison of integer expressions of different signedness: ‘[01m[Kint[m[K’ and ‘[01m[Ksize_t[m[K’ {aka ‘[01m[Klong unsigned int[m[K’} [[01;35m[K-Wsign-compare[m[K]
[2.254s]   216 |     for (int i = 0; [01;35m[Ki < count[m[K; i++) {
[2.254s]       |                     [01;35m[K~~^~~~~~~[m[K
[3.035s] In file included from [01m[K/home/ohj/mecanum-ros2/src/ydlidar_ros2/sdk/include/serial.h:9[m[K,
[3.035s]                  from [01m[K/home/ohj/mecanum-ros2/src/ydlidar_ros2/sdk/include/ydlidar_driver.h:54[m[K,
[3.035s]                  from [01m[K/home/ohj/mecanum-ros2/src/ydlidar_ros2/sdk/include/CYdLidar.h:36[m[K,
[3.035s]                  from [01m[K/home/ohj/mecanum-ros2/src/ydlidar_ros2/src/ydlidar_node.cpp:26[m[K:
[3.035s] [01m[K/home/ohj/mecanum-ros2/src/ydlidar_ros2/sdk/include/v8stdint.h:[m[K In function ‘[01m[Kbool ydlidar::fileExists(std::string)[m[K’:
[3.036s] [01m[K/home/ohj/mecanum-ros2/src/ydlidar_ros2/sdk/include/v8stdint.h:240:24:[m[K [01;35m[Kwarning: [m[Kmissing initializer for member ‘[01m[Kstat::st_ino[m[K’ [[01;35m[K-Wmissing-field-initializers[m[K]
[3.036s]   240 |   struct stat info = {0[01;35m[K}[m[K;
[3.036s]       |                        [01;35m[K^[m[K
[3.036s] [01m[K/home/ohj/mecanum-ros2/src/ydlidar_ros2/sdk/include/v8stdint.h:240:24:[m[K [01;35m[Kwarning: [m[Kmissing initializer for member ‘[01m[Kstat::st_nlink[m[K’ [[01;35m[K-Wmissing-field-initializers[m[K]
[3.036s] [01m[K/home/ohj/mecanum-ros2/src/ydlidar_ros2/sdk/include/v8stdint.h:240:24:[m[K [01;35m[Kwarning: [m[Kmissing initializer for member ‘[01m[Kstat::st_mode[m[K’ [[01;35m[K-Wmissing-field-initializers[m[K]
[3.036s] [01m[K/home/ohj/mecanum-ros2/src/ydlidar_ros2/sdk/include/v8stdint.h:240:24:[m[K [01;35m[Kwarning: [m[Kmissing initializer for member ‘[01m[Kstat::st_uid[m[K’ [[01;35m[K-Wmissing-field-initializers[m[K]
[3.036s] [01m[K/home/ohj/mecanum-ros2/src/ydlidar_ros2/sdk/include/v8stdint.h:240:24:[m[K [01;35m[Kwarning: [m[Kmissing initializer for member ‘[01m[Kstat::st_gid[m[K’ [[01;35m[K-Wmissing-field-initializers[m[K]
[3.036s] [01m[K/home/ohj/mecanum-ros2/src/ydlidar_ros2/sdk/include/v8stdint.h:240:24:[m[K [01;35m[Kwarning: [m[Kmissing initializer for member ‘[01m[Kstat::__pad0[m[K’ [[01;35m[K-Wmissing-field-initializers[m[K]
[3.036s] [01m[K/home/ohj/mecanum-ros2/src/ydlidar_ros2/sdk/include/v8stdint.h:240:24:[m[K [01;35m[Kwarning: [m[Kmissing initializer for member ‘[01m[Kstat::st_rdev[m[K’ [[01;35m[K-Wmissing-field-initializers[m[K]
[3.036s] [01m[K/home/ohj/mecanum-ros2/src/ydlidar_ros2/sdk/include/v8stdint.h:240:24:[m[K [01;35m[Kwarning: [m[Kmissing initializer for member ‘[01m[Kstat::st_size[m[K’ [[01;35m[K-Wmissing-field-initializers[m[K]
[3.036s] [01m[K/home/ohj/mecanum-ros2/src/ydlidar_ros2/sdk/include/v8stdint.h:240:24:[m[K [01;35m[Kwarning: [m[Kmissing initializer for member ‘[01m[Kstat::st_blksize[m[K’ [[01;35m[K-Wmissing-field-initializers[m[K]
[3.036s] [01m[K/home/ohj/mecanum-ros2/src/ydlidar_ros2/sdk/include/v8stdint.h:240:24:[m[K [01;35m[Kwarning: [m[Kmissing initializer for member ‘[01m[Kstat::st_blocks[m[K’ [[01;35m[K-Wmissing-field-initializers[m[K]
[3.036s] [01m[K/home/ohj/mecanum-ros2/src/ydlidar_ros2/sdk/include/v8stdint.h:240:24:[m[K [01;35m[Kwarning: [m[Kmissing initializer for member ‘[01m[Kstat::st_atim[m[K’ [[01;35m[K-Wmissing-field-initializers[m[K]
[3.037s] [01m[K/home/ohj/mecanum-ros2/src/ydlidar_ros2/sdk/include/v8stdint.h:240:24:[m[K [01;35m[Kwarning: [m[Kmissing initializer for member ‘[01m[Kstat::st_mtim[m[K’ [[01;35m[K-Wmissing-field-initializers[m[K]
[3.037s] [01m[K/home/ohj/mecanum-ros2/src/ydlidar_ros2/sdk/include/v8stdint.h:240:24:[m[K [01;35m[Kwarning: [m[Kmissing initializer for member ‘[01m[Kstat::st_ctim[m[K’ [[01;35m[K-Wmissing-field-initializers[m[K]
[3.037s] [01m[K/home/ohj/mecanum-ros2/src/ydlidar_ros2/sdk/include/v8stdint.h:240:24:[m[K [01;35m[Kwarning: [m[Kmissing initializer for member ‘[01m[Kstat::__glibc_reserved[m[K’ [[01;35m[K-Wmissing-field-initializers[m[K]
[3.037s] In file included from [01m[K/home/ohj/mecanum-ros2/src/ydlidar_ros2/sdk/include/ydlidar_driver.h:56[m[K,
[3.038s]                  from [01m[K/home/ohj/mecanum-ros2/src/ydlidar_ros2/sdk/include/CYdLidar.h:36[m[K,
[3.038s]                  from [01m[K/home/ohj/mecanum-ros2/src/ydlidar_ros2/src/ydlidar_node.cpp:26[m[K:
[3.038s] [01m[K/home/ohj/mecanum-ros2/src/ydlidar_ros2/sdk/include/thread.h:[m[K In static member function ‘[01m[Kstatic Thread Thread::createThread(thread_proc_t, void*)[m[K’:
[3.038s] [01m[K/home/ohj/mecanum-ros2/src/ydlidar_ros2/sdk/include/thread.h:43:76:[m[K [01;35m[Kwarning: [m[Kcast between incompatible function types from ‘[01m[Kthread_proc_t[m[K’ {aka ‘[01m[Klong unsigned int (*)(void*)[m[K’} to ‘[01m[Kvoid* (*)(void*)[m[K’ [[01;35m[K-Wcast-function-type[m[K]
[3.038s]    43 |     pthread_create((pthread_t *)&thread_._handle, NULL, (void *(*)(void *))[01;35m[Kproc[m[K,
[3.038s]       |                                                                            [01;35m[K^~~~[m[K
[3.044s] In file included from [01m[K/home/ohj/mecanum-ros2/src/ydlidar_ros2/sdk/include/ydlidar_driver.h:58[m[K,
[3.044s]                  from [01m[K/home/ohj/mecanum-ros2/src/ydlidar_ros2/sdk/include/CYdLidar.h:36[m[K,
[3.044s]                  from [01m[K/home/ohj/mecanum-ros2/src/ydlidar_ros2/src/ydlidar_node.cpp:26[m[K:
[3.044s] [01m[K/home/ohj/mecanum-ros2/src/ydlidar_ros2/sdk/include/help_info.h:[m[K In function ‘[01m[Kbool ydlidar::isSupportMotorCtrl(int)[m[K’:
[3.044s] [01m[K/home/ohj/mecanum-ros2/src/ydlidar_ros2/sdk/include/help_info.h:414:8:[m[K [01;35m[Kwarning: [m[Kvariable ‘[01m[Kret[m[K’ set but not used [[01;35m[K-Wunused-but-set-variable[m[K]
[3.044s]   414 |   bool [01;35m[Kret[m[K = false;
[3.044s]       |        [01;35m[K^~~[m[K
[3.052s] [01m[K/home/ohj/mecanum-ros2/src/ydlidar_ros2/src/ydlidar_node.cpp:[m[K In function ‘[01m[Kint main(int, char**)[m[K’:
[3.052s] [01m[K/home/ohj/mecanum-ros2/src/ydlidar_ros2/src/ydlidar_node.cpp:78:33:[m[K [01;35m[Kwarning: [m[K‘[01m[Kconst rclcpp::ParameterValue& rclcpp::Node::declare_parameter(const string&)[m[K’ is deprecated: declare_parameter() with only a name is deprecated and will be deleted in the future.\nIf you want to declare a parameter that won't change type without a default value use:\n`node->declare_parameter<ParameterT>(name)`, where e.g. ParameterT=int64_t.\n\nIf you want to declare a parameter that can dynamically change type use:\n```\nrcl_interfaces::msg::ParameterDescriptor descriptor;\ndescriptor.dynamic_typing = true;\nnode->declare_parameter(name, rclcpp::ParameterValue{}, descriptor);\n``` [[01;35m[K-Wdeprecated-declarations[m[K]
[3.052s]    78 |   node->declare_parameter("port"[01;35m[K)[m[K;
[3.052s]       |                                 [01;35m[K^[m[K
[3.052s] In file included from [01m[K/opt/ros/galactic/include/rclcpp/executors/single_threaded_executor.hpp:28[m[K,
[3.052s]                  from [01m[K/opt/ros/galactic/include/rclcpp/executors.hpp:22[m[K,
[3.052s]                  from [01m[K/opt/ros/galactic/include/rclcpp/rclcpp.hpp:156[m[K,
[3.052s]                  from [01m[K/home/ohj/mecanum-ros2/src/ydlidar_ros2/src/ydlidar_node.cpp:23[m[K:
[3.052s] [01m[K/opt/ros/galactic/include/rclcpp/node.hpp:422:3:[m[K [01;36m[Knote: [m[Kdeclared here
[3.053s]   422 |   [01;36m[Kdeclare_parameter[m[K(const std::string & name);
[3.053s]       |   [01;36m[K^~~~~~~~~~~~~~~~~[m[K
[3.053s] [01m[K/home/ohj/mecanum-ros2/src/ydlidar_ros2/src/ydlidar_node.cpp:81:37:[m[K [01;35m[Kwarning: [m[K‘[01m[Kconst rclcpp::ParameterValue& rclcpp::Node::declare_parameter(const string&)[m[K’ is deprecated: declare_parameter() with only a name is deprecated and will be deleted in the future.\nIf you want to declare a parameter that won't change type without a default value use:\n`node->declare_parameter<ParameterT>(name)`, where e.g. ParameterT=int64_t.\n\nIf you want to declare a parameter that can dynamically change type use:\n```\nrcl_interfaces::msg::ParameterDescriptor descriptor;\ndescriptor.dynamic_typing = true;\nnode->declare_parameter(name, rclcpp::ParameterValue{}, descriptor);\n``` [[01;35m[K-Wdeprecated-declarations[m[K]
[3.053s]    81 |   node->declare_parameter("frame_id"[01;35m[K)[m[K;
[3.053s]       |                                     [01;35m[K^[m[K
[3.053s] In file included from [01m[K/opt/ros/galactic/include/rclcpp/executors/single_threaded_executor.hpp:28[m[K,
[3.053s]                  from [01m[K/opt/ros/galactic/include/rclcpp/executors.hpp:22[m[K,
[3.053s]                  from [01m[K/opt/ros/galactic/include/rclcpp/rclcpp.hpp:156[m[K,
[3.053s]                  from [01m[K/home/ohj/mecanum-ros2/src/ydlidar_ros2/src/ydlidar_node.cpp:23[m[K:
[3.053s] [01m[K/opt/ros/galactic/include/rclcpp/node.hpp:422:3:[m[K [01;36m[Knote: [m[Kdeclared here
[3.053s]   422 |   [01;36m[Kdeclare_parameter[m[K(const std::string & name);
[3.053s]       |   [01;36m[K^~~~~~~~~~~~~~~~~[m[K
[3.053s] [01m[K/home/ohj/mecanum-ros2/src/ydlidar_ros2/src/ydlidar_node.cpp:84:41:[m[K [01;35m[Kwarning: [m[K‘[01m[Kconst rclcpp::ParameterValue& rclcpp::Node::declare_parameter(const string&)[m[K’ is deprecated: declare_parameter() with only a name is deprecated and will be deleted in the future.\nIf you want to declare a parameter that won't change type without a default value use:\n`node->declare_parameter<ParameterT>(name)`, where e.g. ParameterT=int64_t.\n\nIf you want to declare a parameter that can dynamically change type use:\n```\nrcl_interfaces::msg::ParameterDescriptor descriptor;\ndescriptor.dynamic_typing = true;\nnode->declare_parameter(name, rclcpp::ParameterValue{}, descriptor);\n``` [[01;35m[K-Wdeprecated-declarations[m[K]
[3.053s]    84 |   node->declare_parameter("ignore_array"[01;35m[K)[m[K;
[3.053s]       |                                         [01;35m[K^[m[K
[3.053s] In file included from [01m[K/opt/ros/galactic/include/rclcpp/executors/single_threaded_executor.hpp:28[m[K,
[3.053s]                  from [01m[K/opt/ros/galactic/include/rclcpp/executors.hpp:22[m[K,
[3.053s]                  from [01m[K/opt/ros/galactic/include/rclcpp/rclcpp.hpp:156[m[K,
[3.053s]                  from [01m[K/home/ohj/mecanum-ros2/src/ydlidar_ros2/src/ydlidar_node.cpp:23[m[K:
[3.053s] [01m[K/opt/ros/galactic/include/rclcpp/node.hpp:422:3:[m[K [01;36m[Knote: [m[Kdeclared here
[3.053s]   422 |   [01;36m[Kdeclare_parameter[m[K(const std::string & name);
[3.053s]       |   [01;36m[K^~~~~~~~~~~~~~~~~[m[K
[3.053s] [01m[K/home/ohj/mecanum-ros2/src/ydlidar_ros2/src/ydlidar_node.cpp:87:37:[m[K [01;35m[Kwarning: [m[K‘[01m[Kconst rclcpp::ParameterValue& rclcpp::Node::declare_parameter(const string&)[m[K’ is deprecated: declare_parameter() with only a name is deprecated and will be deleted in the future.\nIf you want to declare a parameter that won't change type without a default value use:\n`node->declare_parameter<ParameterT>(name)`, where e.g. ParameterT=int64_t.\n\nIf you want to declare a parameter that can dynamically change type use:\n```\nrcl_interfaces::msg::ParameterDescriptor descriptor;\ndescriptor.dynamic_typing = true;\nnode->declare_parameter(name, rclcpp::ParameterValue{}, descriptor);\n``` [[01;35m[K-Wdeprecated-declarations[m[K]
[3.053s]    87 |   node->declare_parameter("baudrate"[01;35m[K)[m[K;
[3.053s]       |                                     [01;35m[K^[m[K
[3.053s] In file included from [01m[K/opt/ros/galactic/include/rclcpp/executors/single_threaded_executor.hpp:28[m[K,
[3.053s]                  from [01m[K/opt/ros/galactic/include/rclcpp/executors.hpp:22[m[K,
[3.053s]                  from [01m[K/opt/ros/galactic/include/rclcpp/rclcpp.hpp:156[m[K,
[3.054s]                  from [01m[K/home/ohj/mecanum-ros2/src/ydlidar_ros2/src/ydlidar_node.cpp:23[m[K:
[3.054s] [01m[K/opt/ros/galactic/include/rclcpp/node.hpp:422:3:[m[K [01;36m[Knote: [m[Kdeclared here
[3.054s]   422 |   [01;36m[Kdeclare_parameter[m[K(const std::string & name);
[3.054s]       |   [01;36m[K^~~~~~~~~~~~~~~~~[m[K
[3.054s] [01m[K/home/ohj/mecanum-ros2/src/ydlidar_ros2/src/ydlidar_node.cpp:90:38:[m[K [01;35m[Kwarning: [m[K‘[01m[Kconst rclcpp::ParameterValue& rclcpp::Node::declare_parameter(const string&)[m[K’ is deprecated: declare_parameter() with only a name is deprecated and will be deleted in the future.\nIf you want to declare a parameter that won't change type without a default value use:\n`node->declare_parameter<ParameterT>(name)`, where e.g. ParameterT=int64_t.\n\nIf you want to declare a parameter that can dynamically change type use:\n```\nrcl_interfaces::msg::ParameterDescriptor descriptor;\ndescriptor.dynamic_typing = true;\nnode->declare_parameter(name, rclcpp::ParameterValue{}, descriptor);\n``` [[01;35m[K-Wdeprecated-declarations[m[K]
[3.054s]    90 |   node->declare_parameter("samp_rate"[01;35m[K)[m[K;
[3.054s]       |                                      [01;35m[K^[m[K
[3.054s] In file included from [01m[K/opt/ros/galactic/include/rclcpp/executors/single_threaded_executor.hpp:28[m[K,
[3.054s]                  from [01m[K/opt/ros/galactic/include/rclcpp/executors.hpp:22[m[K,
[3.054s]                  from [01m[K/opt/ros/galactic/include/rclcpp/rclcpp.hpp:156[m[K,
[3.054s]                  from [01m[K/home/ohj/mecanum-ros2/src/ydlidar_ros2/src/ydlidar_node.cpp:23[m[K:
[3.054s] [01m[K/opt/ros/galactic/include/rclcpp/node.hpp:422:3:[m[K [01;36m[Knote: [m[Kdeclared here
[3.054s]   422 |   [01;36m[Kdeclare_parameter[m[K(const std::string & name);
[3.054s]       |   [01;36m[K^~~~~~~~~~~~~~~~~[m[K
[3.054s] [01m[K/home/ohj/mecanum-ros2/src/ydlidar_ros2/src/ydlidar_node.cpp:93:45:[m[K [01;35m[Kwarning: [m[K‘[01m[Kconst rclcpp::ParameterValue& rclcpp::Node::declare_parameter(const string&)[m[K’ is deprecated: declare_parameter() with only a name is deprecated and will be deleted in the future.\nIf you want to declare a parameter that won't change type without a default value use:\n`node->declare_parameter<ParameterT>(name)`, where e.g. ParameterT=int64_t.\n\nIf you want to declare a parameter that can dynamically change type use:\n```\nrcl_interfaces::msg::ParameterDescriptor descriptor;\ndescriptor.dynamic_typing = true;\nnode->declare_parameter(name, rclcpp::ParameterValue{}, descriptor);\n``` [[01;35m[K-Wdeprecated-declarations[m[K]
[3.054s]    93 |   node->declare_parameter("resolution_fixed"[01;35m[K)[m[K;
[3.054s]       |                                             [01;35m[K^[m[K
[3.054s] In file included from [01m[K/opt/ros/galactic/include/rclcpp/executors/single_threaded_executor.hpp:28[m[K,
[3.054s]                  from [01m[K/opt/ros/galactic/include/rclcpp/executors.hpp:22[m[K,
[3.055s]                  from [01m[K/opt/ros/galactic/include/rclcpp/rclcpp.hpp:156[m[K,
[3.055s]                  from [01m[K/home/ohj/mecanum-ros2/src/ydlidar_ros2/src/ydlidar_node.cpp:23[m[K:
[3.055s] [01m[K/opt/ros/galactic/include/rclcpp/node.hpp:422:3:[m[K [01;36m[Knote: [m[Kdeclared here
[3.055s]   422 |   [01;36m[Kdeclare_parameter[m[K(const std::string & name);
[3.055s]       |   [01;36m[K^~~~~~~~~~~~~~~~~[m[K
[3.055s] [01m[K/home/ohj/mecanum-ros2/src/ydlidar_ros2/src/ydlidar_node.cpp:96:42:[m[K [01;35m[Kwarning: [m[K‘[01m[Kconst rclcpp::ParameterValue& rclcpp::Node::declare_parameter(const string&)[m[K’ is deprecated: declare_parameter() with only a name is deprecated and will be deleted in the future.\nIf you want to declare a parameter that won't change type without a default value use:\n`node->declare_parameter<ParameterT>(name)`, where e.g. ParameterT=int64_t.\n\nIf you want to declare a parameter that can dynamically change type use:\n```\nrcl_interfaces::msg::ParameterDescriptor descriptor;\ndescriptor.dynamic_typing = true;\nnode->declare_parameter(name, rclcpp::ParameterValue{}, descriptor);\n``` [[01;35m[K-Wdeprecated-declarations[m[K]
[3.055s]    96 |   node->declare_parameter("singleChannel"[01;35m[K)[m[K;
[3.055s]       |                                          [01;35m[K^[m[K
[3.055s] In file included from [01m[K/opt/ros/galactic/include/rclcpp/executors/single_threaded_executor.hpp:28[m[K,
[3.055s]                  from [01m[K/opt/ros/galactic/include/rclcpp/executors.hpp:22[m[K,
[3.055s]                  from [01m[K/opt/ros/galactic/include/rclcpp/rclcpp.hpp:156[m[K,
[3.055s]                  from [01m[K/home/ohj/mecanum-ros2/src/ydlidar_ros2/src/ydlidar_node.cpp:23[m[K:
[3.055s] [01m[K/opt/ros/galactic/include/rclcpp/node.hpp:422:3:[m[K [01;36m[Knote: [m[Kdeclared here
[3.055s]   422 |   [01;36m[Kdeclare_parameter[m[K(const std::string & name);
[3.056s]       |   [01;36m[K^~~~~~~~~~~~~~~~~[m[K
[3.056s] [01m[K/home/ohj/mecanum-ros2/src/ydlidar_ros2/src/ydlidar_node.cpp:99:43:[m[K [01;35m[Kwarning: [m[K‘[01m[Kconst rclcpp::ParameterValue& rclcpp::Node::declare_parameter(const string&)[m[K’ is deprecated: declare_parameter() with only a name is deprecated and will be deleted in the future.\nIf you want to declare a parameter that won't change type without a default value use:\n`node->declare_parameter<ParameterT>(name)`, where e.g. ParameterT=int64_t.\n\nIf you want to declare a parameter that can dynamically change type use:\n```\nrcl_interfaces::msg::ParameterDescriptor descriptor;\ndescriptor.dynamic_typing = true;\nnode->declare_parameter(name, rclcpp::ParameterValue{}, descriptor);\n``` [[01;35m[K-Wdeprecated-declarations[m[K]
[3.056s]    99 |   node->declare_parameter("auto_reconnect"[01;35m[K)[m[K;
[3.056s]       |                                           [01;35m[K^[m[K
[3.056s] In file included from [01m[K/opt/ros/galactic/include/rclcpp/executors/single_threaded_executor.hpp:28[m[K,
[3.056s]                  from [01m[K/opt/ros/galactic/include/rclcpp/executors.hpp:22[m[K,
[3.056s]                  from [01m[K/opt/ros/galactic/include/rclcpp/rclcpp.hpp:156[m[K,
[3.056s]                  from [01m[K/home/ohj/mecanum-ros2/src/ydlidar_ros2/src/ydlidar_node.cpp:23[m[K:
[3.056s] [01m[K/opt/ros/galactic/include/rclcpp/node.hpp:422:3:[m[K [01;36m[Knote: [m[Kdeclared here
[3.056s]   422 |   [01;36m[Kdeclare_parameter[m[K(const std::string & name);
[3.056s]       |   [01;36m[K^~~~~~~~~~~~~~~~~[m[K
[3.056s] [01m[K/home/ohj/mecanum-ros2/src/ydlidar_ros2/src/ydlidar_node.cpp:102:38:[m[K [01;35m[Kwarning: [m[K‘[01m[Kconst rclcpp::ParameterValue& rclcpp::Node::declare_parameter(const string&)[m[K’ is deprecated: declare_parameter() with only a name is deprecated and will be deleted in the future.\nIf you want to declare a parameter that won't change type without a default value use:\n`node->declare_parameter<ParameterT>(name)`, where e.g. ParameterT=int64_t.\n\nIf you want to declare a parameter that can dynamically change type use:\n```\nrcl_interfaces::msg::ParameterDescriptor descriptor;\ndescriptor.dynamic_typing = true;\nnode->declare_parameter(name, rclcpp::ParameterValue{}, descriptor);\n``` [[01;35m[K-Wdeprecated-declarations[m[K]
[3.056s]   102 |   node->declare_parameter("reversion"[01;35m[K)[m[K;
[3.056s]       |                                      [01;35m[K^[m[K
[3.057s] In file included from [01m[K/opt/ros/galactic/include/rclcpp/executors/single_threaded_executor.hpp:28[m[K,
[3.057s]                  from [01m[K/opt/ros/galactic/include/rclcpp/executors.hpp:22[m[K,
[3.057s]                  from [01m[K/opt/ros/galactic/include/rclcpp/rclcpp.hpp:156[m[K,
[3.057s]                  from [01m[K/home/ohj/mecanum-ros2/src/ydlidar_ros2/src/ydlidar_node.cpp:23[m[K:
[3.057s] [01m[K/opt/ros/galactic/include/rclcpp/node.hpp:422:3:[m[K [01;36m[Knote: [m[Kdeclared here
[3.057s]   422 |   [01;36m[Kdeclare_parameter[m[K(const std::string & name);
[3.057s]       |   [01;36m[K^~~~~~~~~~~~~~~~~[m[K
[3.057s] [01m[K/home/ohj/mecanum-ros2/src/ydlidar_ros2/src/ydlidar_node.cpp:105:39:[m[K [01;35m[Kwarning: [m[K‘[01m[Kconst rclcpp::ParameterValue& rclcpp::Node::declare_parameter(const string&)[m[K’ is deprecated: declare_parameter() with only a name is deprecated and will be deleted in the future.\nIf you want to declare a parameter that won't change type without a default value use:\n`node->declare_parameter<ParameterT>(name)`, where e.g. ParameterT=int64_t.\n\nIf you want to declare a parameter that can dynamically change type use:\n```\nrcl_interfaces::msg::ParameterDescriptor descriptor;\ndescriptor.dynamic_typing = true;\nnode->declare_parameter(name, rclcpp::ParameterValue{}, descriptor);\n``` [[01;35m[K-Wdeprecated-declarations[m[K]
[3.057s]   105 |   node->declare_parameter("isToFLidar"[01;35m[K)[m[K;
[3.057s]       |                                       [01;35m[K^[m[K
[3.057s] In file included from [01m[K/opt/ros/galactic/include/rclcpp/executors/single_threaded_executor.hpp:28[m[K,
[3.057s]                  from [01m[K/opt/ros/galactic/include/rclcpp/executors.hpp:22[m[K,
[3.057s]                  from [01m[K/opt/ros/galactic/include/rclcpp/rclcpp.hpp:156[m[K,
[3.057s]                  from [01m[K/home/ohj/mecanum-ros2/src/ydlidar_ros2/src/ydlidar_node.cpp:23[m[K:
[3.058s] [01m[K/opt/ros/galactic/include/rclcpp/node.hpp:422:3:[m[K [01;36m[Knote: [m[Kdeclared here
[3.058s]   422 |   [01;36m[Kdeclare_parameter[m[K(const std::string & name);
[3.058s]       |   [01;36m[K^~~~~~~~~~~~~~~~~[m[K
[3.058s] [01m[K/home/ohj/mecanum-ros2/src/ydlidar_ros2/src/ydlidar_node.cpp:108:38:[m[K [01;35m[Kwarning: [m[K‘[01m[Kconst rclcpp::ParameterValue& rclcpp::Node::declare_parameter(const string&)[m[K’ is deprecated: declare_parameter() with only a name is deprecated and will be deleted in the future.\nIf you want to declare a parameter that won't change type without a default value use:\n`node->declare_parameter<ParameterT>(name)`, where e.g. ParameterT=int64_t.\n\nIf you want to declare a parameter that can dynamically change type use:\n```\nrcl_interfaces::msg::ParameterDescriptor descriptor;\ndescriptor.dynamic_typing = true;\nnode->declare_parameter(name, rclcpp::ParameterValue{}, descriptor);\n``` [[01;35m[K-Wdeprecated-declarations[m[K]
[3.058s]   108 |   node->declare_parameter("angle_max"[01;35m[K)[m[K;
[3.058s]       |                                      [01;35m[K^[m[K
[3.058s] In file included from [01m[K/opt/ros/galactic/include/rclcpp/executors/single_threaded_executor.hpp:28[m[K,
[3.058s]                  from [01m[K/opt/ros/galactic/include/rclcpp/executors.hpp:22[m[K,
[3.058s]                  from [01m[K/opt/ros/galactic/include/rclcpp/rclcpp.hpp:156[m[K,
[3.058s]                  from [01m[K/home/ohj/mecanum-ros2/src/ydlidar_ros2/src/ydlidar_node.cpp:23[m[K:
[3.058s] [01m[K/opt/ros/galactic/include/rclcpp/node.hpp:422:3:[m[K [01;36m[Knote: [m[Kdeclared here
[3.059s]   422 |   [01;36m[Kdeclare_parameter[m[K(const std::string & name);
[3.059s]       |   [01;36m[K^~~~~~~~~~~~~~~~~[m[K
[3.059s] [01m[K/home/ohj/mecanum-ros2/src/ydlidar_ros2/src/ydlidar_node.cpp:111:38:[m[K [01;35m[Kwarning: [m[K‘[01m[Kconst rclcpp::ParameterValue& rclcpp::Node::declare_parameter(const string&)[m[K’ is deprecated: declare_parameter() with only a name is deprecated and will be deleted in the future.\nIf you want to declare a parameter that won't change type without a default value use:\n`node->declare_parameter<ParameterT>(name)`, where e.g. ParameterT=int64_t.\n\nIf you want to declare a parameter that can dynamically change type use:\n```\nrcl_interfaces::msg::ParameterDescriptor descriptor;\ndescriptor.dynamic_typing = true;\nnode->declare_parameter(name, rclcpp::ParameterValue{}, descriptor);\n``` [[01;35m[K-Wdeprecated-declarations[m[K]
[3.059s]   111 |   node->declare_parameter("angle_min"[01;35m[K)[m[K;
[3.059s]       |                                      [01;35m[K^[m[K
[3.059s] In file included from [01m[K/opt/ros/galactic/include/rclcpp/executors/single_threaded_executor.hpp:28[m[K,
[3.059s]                  from [01m[K/opt/ros/galactic/include/rclcpp/executors.hpp:22[m[K,
[3.059s]                  from [01m[K/opt/ros/galactic/include/rclcpp/rclcpp.hpp:156[m[K,
[3.059s]                  from [01m[K/home/ohj/mecanum-ros2/src/ydlidar_ros2/src/ydlidar_node.cpp:23[m[K:
[3.059s] [01m[K/opt/ros/galactic/include/rclcpp/node.hpp:422:3:[m[K [01;36m[Knote: [m[Kdeclared here
[3.059s]   422 |   [01;36m[Kdeclare_parameter[m[K(const std::string & name);
[3.059s]       |   [01;36m[K^~~~~~~~~~~~~~~~~[m[K
[3.059s] [01m[K/home/ohj/mecanum-ros2/src/ydlidar_ros2/src/ydlidar_node.cpp:114:38:[m[K [01;35m[Kwarning: [m[K‘[01m[Kconst rclcpp::ParameterValue& rclcpp::Node::declare_parameter(const string&)[m[K’ is deprecated: declare_parameter() with only a name is deprecated and will be deleted in the future.\nIf you want to declare a parameter that won't change type without a default value use:\n`node->declare_parameter<ParameterT>(name)`, where e.g. ParameterT=int64_t.\n\nIf you want to declare a parameter that can dynamically change type use:\n```\nrcl_interfaces::msg::ParameterDescriptor descriptor;\ndescriptor.dynamic_typing = true;\nnode->declare_parameter(name, rclcpp::ParameterValue{}, descriptor);\n``` [[01;35m[K-Wdeprecated-declarations[m[K]
[3.060s]   114 |   node->declare_parameter("max_range"[01;35m[K)[m[K;
[3.060s]       |                                      [01;35m[K^[m[K
[3.060s] In file included from [01m[K/opt/ros/galactic/include/rclcpp/executors/single_threaded_executor.hpp:28[m[K,
[3.060s]                  from [01m[K/opt/ros/galactic/include/rclcpp/executors.hpp:22[m[K,
[3.060s]                  from [01m[K/opt/ros/galactic/include/rclcpp/rclcpp.hpp:156[m[K,
[3.060s]                  from [01m[K/home/ohj/mecanum-ros2/src/ydlidar_ros2/src/ydlidar_node.cpp:23[m[K:
[3.060s] [01m[K/opt/ros/galactic/include/rclcpp/node.hpp:422:3:[m[K [01;36m[Knote: [m[Kdeclared here
[3.060s]   422 |   [01;36m[Kdeclare_parameter[m[K(const std::string & name);
[3.060s]       |   [01;36m[K^~~~~~~~~~~~~~~~~[m[K
[3.060s] [01m[K/home/ohj/mecanum-ros2/src/ydlidar_ros2/src/ydlidar_node.cpp:117:38:[m[K [01;35m[Kwarning: [m[K‘[01m[Kconst rclcpp::ParameterValue& rclcpp::Node::declare_parameter(const string&)[m[K’ is deprecated: declare_parameter() with only a name is deprecated and will be deleted in the future.\nIf you want to declare a parameter that won't change type without a default value use:\n`node->declare_parameter<ParameterT>(name)`, where e.g. ParameterT=int64_t.\n\nIf you want to declare a parameter that can dynamically change type use:\n```\nrcl_interfaces::msg::ParameterDescriptor descriptor;\ndescriptor.dynamic_typing = true;\nnode->declare_parameter(name, rclcpp::ParameterValue{}, descriptor);\n``` [[01;35m[K-Wdeprecated-declarations[m[K]
[3.060s]   117 |   node->declare_parameter("min_range"[01;35m[K)[m[K;
[3.060s]       |                                      [01;35m[K^[m[K
[3.060s] In file included from [01m[K/opt/ros/galactic/include/rclcpp/executors/single_threaded_executor.hpp:28[m[K,
[3.060s]                  from [01m[K/opt/ros/galactic/include/rclcpp/executors.hpp:22[m[K,
[3.061s]                  from [01m[K/opt/ros/galactic/include/rclcpp/rclcpp.hpp:156[m[K,
[3.061s]                  from [01m[K/home/ohj/mecanum-ros2/src/ydlidar_ros2/src/ydlidar_node.cpp:23[m[K:
[3.061s] [01m[K/opt/ros/galactic/include/rclcpp/node.hpp:422:3:[m[K [01;36m[Knote: [m[Kdeclared here
[3.061s]   422 |   [01;36m[Kdeclare_parameter[m[K(const std::string & name);
[3.061s]       |   [01;36m[K^~~~~~~~~~~~~~~~~[m[K
[3.061s] [01m[K/home/ohj/mecanum-ros2/src/ydlidar_ros2/src/ydlidar_node.cpp:120:38:[m[K [01;35m[Kwarning: [m[K‘[01m[Kconst rclcpp::ParameterValue& rclcpp::Node::declare_parameter(const string&)[m[K’ is deprecated: declare_parameter() with only a name is deprecated and will be deleted in the future.\nIf you want to declare a parameter that won't change type without a default value use:\n`node->declare_parameter<ParameterT>(name)`, where e.g. ParameterT=int64_t.\n\nIf you want to declare a parameter that can dynamically change type use:\n```\nrcl_interfaces::msg::ParameterDescriptor descriptor;\ndescriptor.dynamic_typing = true;\nnode->declare_parameter(name, rclcpp::ParameterValue{}, descriptor);\n``` [[01;35m[K-Wdeprecated-declarations[m[K]
[3.061s]   120 |   node->declare_parameter("frequency"[01;35m[K)[m[K;
[3.061s]       |                                      [01;35m[K^[m[K
[3.061s] In file included from [01m[K/opt/ros/galactic/include/rclcpp/executors/single_threaded_executor.hpp:28[m[K,
[3.061s]                  from [01m[K/opt/ros/galactic/include/rclcpp/executors.hpp:22[m[K,
[3.061s]                  from [01m[K/opt/ros/galactic/include/rclcpp/rclcpp.hpp:156[m[K,
[3.061s]                  from [01m[K/home/ohj/mecanum-ros2/src/ydlidar_ros2/src/ydlidar_node.cpp:23[m[K:
[3.061s] [01m[K/opt/ros/galactic/include/rclcpp/node.hpp:422:3:[m[K [01;36m[Knote: [m[Kdeclared here
[3.061s]   422 |   [01;36m[Kdeclare_parameter[m[K(const std::string & name);
[3.062s]       |   [01;36m[K^~~~~~~~~~~~~~~~~[m[K
[3.062s] [01m[K/home/ohj/mecanum-ros2/src/ydlidar_ros2/src/ydlidar_node.cpp:208:22:[m[K [01;35m[Kwarning: [m[Kcomparison of integer expressions of different signedness: ‘[01m[Kint[m[K’ and ‘[01m[Kstd::vector<LaserPoint>::size_type[m[K’ {aka ‘[01m[Klong unsigned int[m[K’} [[01;35m[K-Wsign-compare[m[K]
[3.062s]   208 |       for(int i=0; [01;35m[Ki < scan.points.size()[m[K; i++) {
[3.062s]       |                    [01;35m[K~~^~~~~~~~~~~~~~~~~~~~[m[K
[4.583s] [ 90%] [32m[1mLinking CXX executable ydlidar_node[0m
[4.746s] [ 90%] Built target ydlidar_node
[6.681s] [100%] [32m[1mLinking CXX executable ydlidar_client[0m
[6.870s] [100%] Built target ydlidar_client
[6.878s] Invoked command in '/home/ohj/mecanum-ros2/build/ydlidar' returned '0': CMAKE_PREFIX_PATH=/opt/ros/galactic /usr/bin/cmake --build /home/ohj/mecanum-ros2/build/ydlidar -- -j16 -l16
[6.914s] Invoking command in '/home/ohj/mecanum-ros2/build/ydlidar': CMAKE_PREFIX_PATH=/opt/ros/galactic /usr/bin/cmake --install /home/ohj/mecanum-ros2/build/ydlidar
[6.923s] -- Install configuration: ""
[6.923s] -- Installing: /home/ohj/mecanum-ros2/install/ydlidar/lib/ydlidar/ydlidar_node
[6.924s] -- Set runtime path of "/home/ohj/mecanum-ros2/install/ydlidar/lib/ydlidar/ydlidar_node" to ""
[6.924s] -- Installing: /home/ohj/mecanum-ros2/install/ydlidar/lib/ydlidar/ydlidar_client
[6.926s] -- Set runtime path of "/home/ohj/mecanum-ros2/install/ydlidar/lib/ydlidar/ydlidar_client" to ""
[6.926s] -- Installing: /home/ohj/mecanum-ros2/install/ydlidar/share/ydlidar/launch
[6.926s] -- Installing: /home/ohj/mecanum-ros2/install/ydlidar/share/ydlidar/launch/ydlidar.py
[6.926s] -- Installing: /home/ohj/mecanum-ros2/install/ydlidar/share/ydlidar/launch/ydlidar_launch.py
[6.926s] -- Installing: /home/ohj/mecanum-ros2/install/ydlidar/share/ydlidar/params
[6.926s] -- Installing: /home/ohj/mecanum-ros2/install/ydlidar/share/ydlidar/params/ydlidar.yaml
[6.926s] -- Installing: /home/ohj/mecanum-ros2/install/ydlidar/share/ydlidar/startup
[6.926s] -- Installing: /home/ohj/mecanum-ros2/install/ydlidar/share/ydlidar/startup/initenv.sh
[6.926s] -- Installing: /home/ohj/mecanum-ros2/install/ydlidar/share/ament_index/resource_index/package_run_dependencies/ydlidar
[6.927s] -- Installing: /home/ohj/mecanum-ros2/install/ydlidar/share/ament_index/resource_index/parent_prefix_path/ydlidar
[6.927s] -- Installing: /home/ohj/mecanum-ros2/install/ydlidar/share/ydlidar/environment/ament_prefix_path.sh
[6.927s] -- Installing: /home/ohj/mecanum-ros2/install/ydlidar/share/ydlidar/environment/ament_prefix_path.dsv
[6.927s] -- Installing: /home/ohj/mecanum-ros2/install/ydlidar/share/ydlidar/environment/path.sh
[6.927s] -- Installing: /home/ohj/mecanum-ros2/install/ydlidar/share/ydlidar/environment/path.dsv
[6.927s] -- Installing: /home/ohj/mecanum-ros2/install/ydlidar/share/ydlidar/local_setup.bash
[6.927s] -- Installing: /home/ohj/mecanum-ros2/install/ydlidar/share/ydlidar/local_setup.sh
[6.927s] -- Installing: /home/ohj/mecanum-ros2/install/ydlidar/share/ydlidar/local_setup.zsh
[6.927s] -- Installing: /home/ohj/mecanum-ros2/install/ydlidar/share/ydlidar/local_setup.dsv
[6.927s] -- Installing: /home/ohj/mecanum-ros2/install/ydlidar/share/ydlidar/package.dsv
[6.927s] -- Installing: /home/ohj/mecanum-ros2/install/ydlidar/share/ament_index/resource_index/packages/ydlidar
[6.928s] -- Installing: /home/ohj/mecanum-ros2/install/ydlidar/share/ydlidar/cmake/ydlidarConfig.cmake
[6.928s] -- Installing: /home/ohj/mecanum-ros2/install/ydlidar/share/ydlidar/cmake/ydlidarConfig-version.cmake
[6.928s] -- Installing: /home/ohj/mecanum-ros2/install/ydlidar/share/ydlidar/package.xml
[6.929s] Invoked command in '/home/ohj/mecanum-ros2/build/ydlidar' returned '0': CMAKE_PREFIX_PATH=/opt/ros/galactic /usr/bin/cmake --install /home/ohj/mecanum-ros2/build/ydlidar
