[22.404s] Invoking command in '/home/jetson/mecanum-ros2/src/motor_control': PYTHONPATH=/home/jetson/mecanum-ros2/build/motor_control/prefix_override:/home/jetson/mecanum-ros2/install/motor_control/lib/python3.8/site-packages:${PYTHONPATH} /usr/bin/python3 setup.py egg_info --egg-base ../../build/motor_control build --build-base /home/jetson/mecanum-ros2/build/motor_control/build install --record /home/jetson/mecanum-ros2/build/motor_control/install.log --single-version-externally-managed
[32.970s] running egg_info
[32.977s] creating ../../build/motor_control/motor_control.egg-info
[32.980s] writing ../../build/motor_control/motor_control.egg-info/PKG-INFO
[32.995s] writing dependency_links to ../../build/motor_control/motor_control.egg-info/dependency_links.txt
[32.998s] writing entry points to ../../build/motor_control/motor_control.egg-info/entry_points.txt
[33.000s] writing requirements to ../../build/motor_control/motor_control.egg-info/requires.txt
[33.001s] writing top-level names to ../../build/motor_control/motor_control.egg-info/top_level.txt
[33.060s] writing manifest file '../../build/motor_control/motor_control.egg-info/SOURCES.txt'
[33.101s] reading manifest file '../../build/motor_control/motor_control.egg-info/SOURCES.txt'
[33.134s] writing manifest file '../../build/motor_control/motor_control.egg-info/SOURCES.txt'
[33.136s] running build
[33.141s] running build_py
[33.143s] creating /home/jetson/mecanum-ros2/build/motor_control/build
[33.144s] creating /home/jetson/mecanum-ros2/build/motor_control/build/lib
[33.149s] creating /home/jetson/mecanum-ros2/build/motor_control/build/lib/motor_control
[33.156s] copying motor_control/motor_control_int.py -> /home/jetson/mecanum-ros2/build/motor_control/build/lib/motor_control
[33.158s] copying motor_control/__init__.py -> /home/jetson/mecanum-ros2/build/motor_control/build/lib/motor_control
[33.160s] copying motor_control/motor_control_float.py -> /home/jetson/mecanum-ros2/build/motor_control/build/lib/motor_control
[33.161s] running install
[33.183s] running install_lib
[33.213s] creating /home/jetson/mecanum-ros2/install/motor_control/lib/python3.8/site-packages/motor_control
[33.215s] copying /home/jetson/mecanum-ros2/build/motor_control/build/lib/motor_control/motor_control_int.py -> /home/jetson/mecanum-ros2/install/motor_control/lib/python3.8/site-packages/motor_control
[33.228s] copying /home/jetson/mecanum-ros2/build/motor_control/build/lib/motor_control/__init__.py -> /home/jetson/mecanum-ros2/install/motor_control/lib/python3.8/site-packages/motor_control
[33.231s] copying /home/jetson/mecanum-ros2/build/motor_control/build/lib/motor_control/motor_control_float.py -> /home/jetson/mecanum-ros2/install/motor_control/lib/python3.8/site-packages/motor_control
[33.247s] byte-compiling /home/jetson/mecanum-ros2/install/motor_control/lib/python3.8/site-packages/motor_control/motor_control_int.py to motor_control_int.cpython-38.pyc
[33.271s] byte-compiling /home/jetson/mecanum-ros2/install/motor_control/lib/python3.8/site-packages/motor_control/__init__.py to __init__.cpython-38.pyc
[33.274s] byte-compiling /home/jetson/mecanum-ros2/install/motor_control/lib/python3.8/site-packages/motor_control/motor_control_float.py to motor_control_float.cpython-38.pyc
[33.307s] running install_data
[33.316s] creating /home/jetson/mecanum-ros2/install/motor_control/share/ament_index
[33.318s] creating /home/jetson/mecanum-ros2/install/motor_control/share/ament_index/resource_index
[33.320s] creating /home/jetson/mecanum-ros2/install/motor_control/share/ament_index/resource_index/packages
[33.321s] copying resource/motor_control -> /home/jetson/mecanum-ros2/install/motor_control/share/ament_index/resource_index/packages
[33.324s] copying package.xml -> /home/jetson/mecanum-ros2/install/motor_control/share/motor_control
[33.335s] creating /home/jetson/mecanum-ros2/install/motor_control/share/motor_control/launch
[33.337s] copying launch/motor_control.launch.py -> /home/jetson/mecanum-ros2/install/motor_control/share/motor_control/launch
[33.342s] creating /home/jetson/mecanum-ros2/install/motor_control/share/motor_control/param
[33.345s] copying param/motor_config.yaml -> /home/jetson/mecanum-ros2/install/motor_control/share/motor_control/param
[33.347s] running install_egg_info
[33.389s] Copying ../../build/motor_control/motor_control.egg-info to /home/jetson/mecanum-ros2/install/motor_control/lib/python3.8/site-packages/motor_control-0.0.0-py3.8.egg-info
[33.421s] running install_scripts
[34.033s] Installing motor_control_float script to /home/jetson/mecanum-ros2/install/motor_control/lib/motor_control
[34.037s] Installing motor_control_int script to /home/jetson/mecanum-ros2/install/motor_control/lib/motor_control
[34.040s] writing list of installed files to '/home/jetson/mecanum-ros2/build/motor_control/install.log'
[34.550s] Invoked command in '/home/jetson/mecanum-ros2/src/motor_control' returned '0': PYTHONPATH=/home/jetson/mecanum-ros2/build/motor_control/prefix_override:/home/jetson/mecanum-ros2/install/motor_control/lib/python3.8/site-packages:${PYTHONPATH} /usr/bin/python3 setup.py egg_info --egg-base ../../build/motor_control build --build-base /home/jetson/mecanum-ros2/build/motor_control/build install --record /home/jetson/mecanum-ros2/build/motor_control/install.log --single-version-externally-managed
