[0.678s] Invoking command in '/home/ohj/mecanum-ros2/src/motor_control': PYTHONPATH=/home/ohj/mecanum-ros2/build/motor_control/prefix_override:/home/ohj/mecanum-ros2/install/motor_control/lib/python3.8/site-packages:${PYTHONPATH} /usr/bin/python3 setup.py egg_info --egg-base ../../build/motor_control build --build-base /home/ohj/mecanum-ros2/build/motor_control/build install --record /home/ohj/mecanum-ros2/build/motor_control/install.log --single-version-externally-managed
[0.822s] running egg_info
[0.822s] creating ../../build/motor_control/motor_control.egg-info
[0.822s] writing ../../build/motor_control/motor_control.egg-info/PKG-INFO
[0.822s] writing dependency_links to ../../build/motor_control/motor_control.egg-info/dependency_links.txt
[0.822s] writing entry points to ../../build/motor_control/motor_control.egg-info/entry_points.txt
[0.822s] writing requirements to ../../build/motor_control/motor_control.egg-info/requires.txt
[0.822s] writing top-level names to ../../build/motor_control/motor_control.egg-info/top_level.txt
[0.823s] writing manifest file '../../build/motor_control/motor_control.egg-info/SOURCES.txt'
[0.847s] reading manifest file '../../build/motor_control/motor_control.egg-info/SOURCES.txt'
[0.848s] writing manifest file '../../build/motor_control/motor_control.egg-info/SOURCES.txt'
[0.848s] running build
[0.848s] running build_py
[0.848s] creating /home/ohj/mecanum-ros2/build/motor_control/build
[0.848s] creating /home/ohj/mecanum-ros2/build/motor_control/build/lib
[0.848s] creating /home/ohj/mecanum-ros2/build/motor_control/build/lib/motor_control
[0.849s] copying motor_control/motor_control.py -> /home/ohj/mecanum-ros2/build/motor_control/build/lib/motor_control
[0.849s] copying motor_control/__init__.py -> /home/ohj/mecanum-ros2/build/motor_control/build/lib/motor_control
[0.849s] running install
[0.849s] running install_lib
[0.850s] creating /home/ohj/mecanum-ros2/install/motor_control/lib/python3.8/site-packages/motor_control
[0.850s] copying /home/ohj/mecanum-ros2/build/motor_control/build/lib/motor_control/motor_control.py -> /home/ohj/mecanum-ros2/install/motor_control/lib/python3.8/site-packages/motor_control
[0.850s] copying /home/ohj/mecanum-ros2/build/motor_control/build/lib/motor_control/__init__.py -> /home/ohj/mecanum-ros2/install/motor_control/lib/python3.8/site-packages/motor_control
[0.850s] byte-compiling /home/ohj/mecanum-ros2/install/motor_control/lib/python3.8/site-packages/motor_control/motor_control.py to motor_control.cpython-38.pyc
[0.851s] byte-compiling /home/ohj/mecanum-ros2/install/motor_control/lib/python3.8/site-packages/motor_control/__init__.py to __init__.cpython-38.pyc
[0.851s] running install_data
[0.851s] creating /home/ohj/mecanum-ros2/install/motor_control/share/ament_index
[0.852s] creating /home/ohj/mecanum-ros2/install/motor_control/share/ament_index/resource_index
[0.852s] creating /home/ohj/mecanum-ros2/install/motor_control/share/ament_index/resource_index/packages
[0.852s] copying resource/motor_control -> /home/ohj/mecanum-ros2/install/motor_control/share/ament_index/resource_index/packages
[0.852s] copying package.xml -> /home/ohj/mecanum-ros2/install/motor_control/share/motor_control
[0.852s] running install_egg_info
[0.853s] Copying ../../build/motor_control/motor_control.egg-info to /home/ohj/mecanum-ros2/install/motor_control/lib/python3.8/site-packages/motor_control-0.0.0-py3.8.egg-info
[0.853s] running install_scripts
[0.864s] Installing motor_control script to /home/ohj/mecanum-ros2/install/motor_control/lib/motor_control
[0.864s] writing list of installed files to '/home/ohj/mecanum-ros2/build/motor_control/install.log'
[0.885s] Invoked command in '/home/ohj/mecanum-ros2/src/motor_control' returned '0': PYTHONPATH=/home/ohj/mecanum-ros2/build/motor_control/prefix_override:/home/ohj/mecanum-ros2/install/motor_control/lib/python3.8/site-packages:${PYTHONPATH} /usr/bin/python3 setup.py egg_info --egg-base ../../build/motor_control build --build-base /home/ohj/mecanum-ros2/build/motor_control/build install --record /home/ohj/mecanum-ros2/build/motor_control/install.log --single-version-externally-managed
