[0.075s] Invoking command in '/home/ohj/mecanum-ros2/build/dynamixel_sdk': CMAKE_PREFIX_PATH=${CMAKE_PREFIX_PATH}:/home/ohj/navigation2/install/nav2_simple_commander:/home/ohj/navigation2/install/nav2_gazebo_spawner:/home/ohj/mecanum-ros2/install/tomato_detection:/home/ohj/mecanum-ros2/install/teleop_keyboard:/home/ohj/mecanum-ros2/install/motor_control:/home/ohj/mecanum-ros2/install/mobile_description:/home/ohj/mecanum-ros2/install/mecanum_odometry:/home/ohj/mecanum-ros2/install/mecanum_cartographer:/home/ohj/mecanum-ros2/install/manipulator:/opt/ros/galactic /home/ohj/.local/bin/cmake --build /home/ohj/mecanum-ros2/build/dynamixel_sdk -- -j20 -l20
[0.979s] [100%] Built target dynamixel_sdk
[0.983s] Invoked command in '/home/ohj/mecanum-ros2/build/dynamixel_sdk' returned '0': CMAKE_PREFIX_PATH=${CMAKE_PREFIX_PATH}:/home/ohj/navigation2/install/nav2_simple_commander:/home/ohj/navigation2/install/nav2_gazebo_spawner:/home/ohj/mecanum-ros2/install/tomato_detection:/home/ohj/mecanum-ros2/install/teleop_keyboard:/home/ohj/mecanum-ros2/install/motor_control:/home/ohj/mecanum-ros2/install/mobile_description:/home/ohj/mecanum-ros2/install/mecanum_odometry:/home/ohj/mecanum-ros2/install/mecanum_cartographer:/home/ohj/mecanum-ros2/install/manipulator:/opt/ros/galactic /home/ohj/.local/bin/cmake --build /home/ohj/mecanum-ros2/build/dynamixel_sdk -- -j20 -l20
[1.056s] Invoking command in '/home/ohj/mecanum-ros2/build/dynamixel_sdk': CMAKE_PREFIX_PATH=${CMAKE_PREFIX_PATH}:/home/ohj/navigation2/install/nav2_simple_commander:/home/ohj/navigation2/install/nav2_gazebo_spawner:/home/ohj/mecanum-ros2/install/tomato_detection:/home/ohj/mecanum-ros2/install/teleop_keyboard:/home/ohj/mecanum-ros2/install/motor_control:/home/ohj/mecanum-ros2/install/mobile_description:/home/ohj/mecanum-ros2/install/mecanum_odometry:/home/ohj/mecanum-ros2/install/mecanum_cartographer:/home/ohj/mecanum-ros2/install/manipulator:/opt/ros/galactic /home/ohj/.local/bin/cmake --install /home/ohj/mecanum-ros2/build/dynamixel_sdk
[1.085s] -- Install configuration: ""
[1.085s] -- Up-to-date: /home/ohj/mecanum-ros2/install/dynamixel_sdk/include/
[1.085s] -- Up-to-date: /home/ohj/mecanum-ros2/install/dynamixel_sdk/include//dynamixel_sdk
[1.085s] -- Up-to-date: /home/ohj/mecanum-ros2/install/dynamixel_sdk/include//dynamixel_sdk/port_handler_windows.h
[1.085s] -- Up-to-date: /home/ohj/mecanum-ros2/install/dynamixel_sdk/include//dynamixel_sdk/protocol1_packet_handler.h
[1.085s] -- Up-to-date: /home/ohj/mecanum-ros2/install/dynamixel_sdk/include//dynamixel_sdk/group_sync_write.h
[1.086s] -- Up-to-date: /home/ohj/mecanum-ros2/install/dynamixel_sdk/include//dynamixel_sdk/port_handler_mac.h
[1.086s] -- Up-to-date: /home/ohj/mecanum-ros2/install/dynamixel_sdk/include//dynamixel_sdk/group_bulk_write.h
[1.086s] -- Up-to-date: /home/ohj/mecanum-ros2/install/dynamixel_sdk/include//dynamixel_sdk/protocol2_packet_handler.h
[1.086s] -- Up-to-date: /home/ohj/mecanum-ros2/install/dynamixel_sdk/include//dynamixel_sdk/packet_handler.h
[1.086s] -- Up-to-date: /home/ohj/mecanum-ros2/install/dynamixel_sdk/include//dynamixel_sdk/dynamixel_sdk.h
[1.086s] -- Up-to-date: /home/ohj/mecanum-ros2/install/dynamixel_sdk/include//dynamixel_sdk/port_handler.h
[1.086s] -- Up-to-date: /home/ohj/mecanum-ros2/install/dynamixel_sdk/include//dynamixel_sdk/group_sync_read.h
[1.086s] -- Up-to-date: /home/ohj/mecanum-ros2/install/dynamixel_sdk/include//dynamixel_sdk/port_handler_linux.h
[1.086s] -- Up-to-date: /home/ohj/mecanum-ros2/install/dynamixel_sdk/include//dynamixel_sdk/group_bulk_read.h
[1.086s] -- Up-to-date: /home/ohj/mecanum-ros2/install/dynamixel_sdk/include//dynamixel_sdk/port_handler_arduino.h
[1.087s] -- Up-to-date: /home/ohj/mecanum-ros2/install/dynamixel_sdk/lib/libdynamixel_sdk.so
[1.087s] -- Up-to-date: /home/ohj/mecanum-ros2/install/dynamixel_sdk/share/dynamixel_sdk/environment/library_path.sh
[1.087s] -- Up-to-date: /home/ohj/mecanum-ros2/install/dynamixel_sdk/share/dynamixel_sdk/environment/library_path.dsv
[1.087s] -- Up-to-date: /home/ohj/mecanum-ros2/install/dynamixel_sdk/share/ament_index/resource_index/package_run_dependencies/dynamixel_sdk
[1.087s] -- Up-to-date: /home/ohj/mecanum-ros2/install/dynamixel_sdk/share/ament_index/resource_index/parent_prefix_path/dynamixel_sdk
[1.087s] -- Up-to-date: /home/ohj/mecanum-ros2/install/dynamixel_sdk/share/dynamixel_sdk/environment/ament_prefix_path.sh
[1.087s] -- Up-to-date: /home/ohj/mecanum-ros2/install/dynamixel_sdk/share/dynamixel_sdk/environment/ament_prefix_path.dsv
[1.087s] -- Up-to-date: /home/ohj/mecanum-ros2/install/dynamixel_sdk/share/dynamixel_sdk/environment/path.sh
[1.087s] -- Up-to-date: /home/ohj/mecanum-ros2/install/dynamixel_sdk/share/dynamixel_sdk/environment/path.dsv
[1.087s] -- Up-to-date: /home/ohj/mecanum-ros2/install/dynamixel_sdk/share/dynamixel_sdk/local_setup.bash
[1.087s] -- Up-to-date: /home/ohj/mecanum-ros2/install/dynamixel_sdk/share/dynamixel_sdk/local_setup.sh
[1.088s] -- Up-to-date: /home/ohj/mecanum-ros2/install/dynamixel_sdk/share/dynamixel_sdk/local_setup.zsh
[1.088s] -- Up-to-date: /home/ohj/mecanum-ros2/install/dynamixel_sdk/share/dynamixel_sdk/local_setup.dsv
[1.088s] -- Installing: /home/ohj/mecanum-ros2/install/dynamixel_sdk/share/dynamixel_sdk/package.dsv
[1.088s] -- Up-to-date: /home/ohj/mecanum-ros2/install/dynamixel_sdk/share/ament_index/resource_index/packages/dynamixel_sdk
[1.088s] -- Up-to-date: /home/ohj/mecanum-ros2/install/dynamixel_sdk/share/dynamixel_sdk/cmake/ament_cmake_export_include_directories-extras.cmake
[1.088s] -- Up-to-date: /home/ohj/mecanum-ros2/install/dynamixel_sdk/share/dynamixel_sdk/cmake/ament_cmake_export_libraries-extras.cmake
[1.088s] -- Up-to-date: /home/ohj/mecanum-ros2/install/dynamixel_sdk/share/dynamixel_sdk/cmake/dynamixel_sdkConfig.cmake
[1.088s] -- Up-to-date: /home/ohj/mecanum-ros2/install/dynamixel_sdk/share/dynamixel_sdk/cmake/dynamixel_sdkConfig-version.cmake
[1.088s] -- Up-to-date: /home/ohj/mecanum-ros2/install/dynamixel_sdk/share/dynamixel_sdk/package.xml
[1.122s] Invoked command in '/home/ohj/mecanum-ros2/build/dynamixel_sdk' returned '0': CMAKE_PREFIX_PATH=${CMAKE_PREFIX_PATH}:/home/ohj/navigation2/install/nav2_simple_commander:/home/ohj/navigation2/install/nav2_gazebo_spawner:/home/ohj/mecanum-ros2/install/tomato_detection:/home/ohj/mecanum-ros2/install/teleop_keyboard:/home/ohj/mecanum-ros2/install/motor_control:/home/ohj/mecanum-ros2/install/mobile_description:/home/ohj/mecanum-ros2/install/mecanum_odometry:/home/ohj/mecanum-ros2/install/mecanum_cartographer:/home/ohj/mecanum-ros2/install/manipulator:/opt/ros/galactic /home/ohj/.local/bin/cmake --install /home/ohj/mecanum-ros2/build/dynamixel_sdk
