[7.105s] Invoking command in '/home/jetson/mecanum-ros2/src/mobile_description': PYTHONPATH=/home/jetson/mecanum-ros2/build/mobile_description/prefix_override:/home/jetson/mecanum-ros2/install/mobile_description/lib/python3.8/site-packages:${PYTHONPATH} /usr/bin/python3 setup.py egg_info --egg-base ../../build/mobile_description build --build-base /home/jetson/mecanum-ros2/build/mobile_description/build install --record /home/jetson/mecanum-ros2/build/mobile_description/install.log --install-scripts $base/lib/mobile_description --single-version-externally-managed
[8.358s] /usr/local/lib/python3.8/dist-packages/setuptools/dist.py:717: UserWarning: Usage of dash-separated 'script-dir' will not be supported in future versions. Please use the underscore name 'script_dir' instead
[8.359s]   warnings.warn(
[8.510s] running egg_info
[8.513s] writing ../../build/mobile_description/mobile_description.egg-info/PKG-INFO
[8.515s] writing dependency_links to ../../build/mobile_description/mobile_description.egg-info/dependency_links.txt
[8.516s] writing entry points to ../../build/mobile_description/mobile_description.egg-info/entry_points.txt
[8.518s] writing requirements to ../../build/mobile_description/mobile_description.egg-info/requires.txt
[8.519s] writing top-level names to ../../build/mobile_description/mobile_description.egg-info/top_level.txt
[8.535s] reading manifest file '../../build/mobile_description/mobile_description.egg-info/SOURCES.txt'
[8.546s] writing manifest file '../../build/mobile_description/mobile_description.egg-info/SOURCES.txt'
[8.547s] running build
[8.547s] running build_py
[8.548s] running install
[8.550s] running install_lib
[8.558s] running install_data
[8.564s] running install_egg_info
[8.576s] removing '/home/jetson/mecanum-ros2/install/mobile_description/lib/python3.8/site-packages/mobile_description-0.0.0-py3.8.egg-info' (and everything under it)
[8.581s] Copying ../../build/mobile_description/mobile_description.egg-info to /home/jetson/mecanum-ros2/install/mobile_description/lib/python3.8/site-packages/mobile_description-0.0.0-py3.8.egg-info
[8.587s] running install_scripts
[8.679s] writing list of installed files to '/home/jetson/mecanum-ros2/build/mobile_description/install.log'
[8.810s] Invoked command in '/home/jetson/mecanum-ros2/src/mobile_description' returned '0': PYTHONPATH=/home/jetson/mecanum-ros2/build/mobile_description/prefix_override:/home/jetson/mecanum-ros2/install/mobile_description/lib/python3.8/site-packages:${PYTHONPATH} /usr/bin/python3 setup.py egg_info --egg-base ../../build/mobile_description build --build-base /home/jetson/mecanum-ros2/build/mobile_description/build install --record /home/jetson/mecanum-ros2/build/mobile_description/install.log --install-scripts $base/lib/mobile_description --single-version-externally-managed
