[0.688s] Invoking command in '/home/ohj/mecanum-ros2/src/motor_control': PYTHONPATH=/home/ohj/mecanum-ros2/build/motor_control/prefix_override:/home/ohj/mecanum-ros2/install/motor_control/lib/python3.8/site-packages:${PYTHONPATH} /usr/bin/python3 setup.py egg_info --egg-base ../../build/motor_control build --build-base /home/ohj/mecanum-ros2/build/motor_control/build install --record /home/ohj/mecanum-ros2/build/motor_control/install.log --single-version-externally-managed
[0.837s] running egg_info
[0.844s] creating ../../build/motor_control/motor_control.egg-info
[0.844s] writing ../../build/motor_control/motor_control.egg-info/PKG-INFO
[0.844s] writing dependency_links to ../../build/motor_control/motor_control.egg-info/dependency_links.txt
[0.844s] writing entry points to ../../build/motor_control/motor_control.egg-info/entry_points.txt
[0.844s] writing requirements to ../../build/motor_control/motor_control.egg-info/requires.txt
[0.844s] writing top-level names to ../../build/motor_control/motor_control.egg-info/top_level.txt
[0.846s] writing manifest file '../../build/motor_control/motor_control.egg-info/SOURCES.txt'
[0.861s] reading manifest file '../../build/motor_control/motor_control.egg-info/SOURCES.txt'
[0.861s] writing manifest file '../../build/motor_control/motor_control.egg-info/SOURCES.txt'
[0.861s] running build
[0.862s] running build_py
[0.862s] creating /home/ohj/mecanum-ros2/build/motor_control/build
[0.862s] creating /home/ohj/mecanum-ros2/build/motor_control/build/lib
[0.862s] creating /home/ohj/mecanum-ros2/build/motor_control/build/lib/motor_control
[0.862s] copying motor_control/motor_control.py -> /home/ohj/mecanum-ros2/build/motor_control/build/lib/motor_control
[0.862s] copying motor_control/__init__.py -> /home/ohj/mecanum-ros2/build/motor_control/build/lib/motor_control
[0.862s] running install
[0.862s] running install_lib
[0.863s] creating /home/ohj/mecanum-ros2/install/motor_control/lib/python3.8/site-packages/motor_control
[0.863s] copying /home/ohj/mecanum-ros2/build/motor_control/build/lib/motor_control/motor_control.py -> /home/ohj/mecanum-ros2/install/motor_control/lib/python3.8/site-packages/motor_control
[0.863s] copying /home/ohj/mecanum-ros2/build/motor_control/build/lib/motor_control/__init__.py -> /home/ohj/mecanum-ros2/install/motor_control/lib/python3.8/site-packages/motor_control
[0.864s] byte-compiling /home/ohj/mecanum-ros2/install/motor_control/lib/python3.8/site-packages/motor_control/motor_control.py to motor_control.cpython-38.pyc
[0.865s] byte-compiling /home/ohj/mecanum-ros2/install/motor_control/lib/python3.8/site-packages/motor_control/__init__.py to __init__.cpython-38.pyc
[0.865s] running install_data
[0.865s] creating /home/ohj/mecanum-ros2/install/motor_control/share/ament_index
[0.865s] creating /home/ohj/mecanum-ros2/install/motor_control/share/ament_index/resource_index
[0.865s] creating /home/ohj/mecanum-ros2/install/motor_control/share/ament_index/resource_index/packages
[0.865s] copying resource/motor_control -> /home/ohj/mecanum-ros2/install/motor_control/share/ament_index/resource_index/packages
[0.866s] copying package.xml -> /home/ohj/mecanum-ros2/install/motor_control/share/motor_control
[0.866s] running install_egg_info
[0.866s] Copying ../../build/motor_control/motor_control.egg-info to /home/ohj/mecanum-ros2/install/motor_control/lib/python3.8/site-packages/motor_control-0.0.0-py3.8.egg-info
[0.867s] running install_scripts
[0.878s] Installing motor_control script to /home/ohj/mecanum-ros2/install/motor_control/lib/motor_control
[0.878s] writing list of installed files to '/home/ohj/mecanum-ros2/build/motor_control/install.log'
[0.899s] Invoked command in '/home/ohj/mecanum-ros2/src/motor_control' returned '0': PYTHONPATH=/home/ohj/mecanum-ros2/build/motor_control/prefix_override:/home/ohj/mecanum-ros2/install/motor_control/lib/python3.8/site-packages:${PYTHONPATH} /usr/bin/python3 setup.py egg_info --egg-base ../../build/motor_control build --build-base /home/ohj/mecanum-ros2/build/motor_control/build install --record /home/ohj/mecanum-ros2/build/motor_control/install.log --single-version-externally-managed
