[5.426s] Invoking command in '/home/jetson/mecanum-ros2/src/teleop_keyboard': PYTHONPATH=/home/jetson/mecanum-ros2/build/teleop_keyboard/prefix_override:/home/jetson/mecanum-ros2/install/teleop_keyboard/lib/python3.8/site-packages:${PYTHONPATH} /usr/bin/python3 setup.py egg_info --egg-base ../../build/teleop_keyboard build --build-base /home/jetson/mecanum-ros2/build/teleop_keyboard/build install --record /home/jetson/mecanum-ros2/build/teleop_keyboard/install.log --single-version-externally-managed
[6.725s] running egg_info
[6.728s] creating ../../build/teleop_keyboard/teleop_keyboard.egg-info
[6.728s] writing ../../build/teleop_keyboard/teleop_keyboard.egg-info/PKG-INFO
[6.729s] writing dependency_links to ../../build/teleop_keyboard/teleop_keyboard.egg-info/dependency_links.txt
[6.730s] writing entry points to ../../build/teleop_keyboard/teleop_keyboard.egg-info/entry_points.txt
[6.730s] writing requirements to ../../build/teleop_keyboard/teleop_keyboard.egg-info/requires.txt
[6.731s] writing top-level names to ../../build/teleop_keyboard/teleop_keyboard.egg-info/top_level.txt
[6.745s] writing manifest file '../../build/teleop_keyboard/teleop_keyboard.egg-info/SOURCES.txt'
[6.752s] reading manifest file '../../build/teleop_keyboard/teleop_keyboard.egg-info/SOURCES.txt'
[6.756s] writing manifest file '../../build/teleop_keyboard/teleop_keyboard.egg-info/SOURCES.txt'
[6.757s] running build
[6.757s] running build_py
[6.758s] creating /home/jetson/mecanum-ros2/build/teleop_keyboard/build
[6.758s] creating /home/jetson/mecanum-ros2/build/teleop_keyboard/build/lib
[6.759s] creating /home/jetson/mecanum-ros2/build/teleop_keyboard/build/lib/teleop_keyboard
[6.759s] copying teleop_keyboard/__init__.py -> /home/jetson/mecanum-ros2/build/teleop_keyboard/build/lib/teleop_keyboard
[6.760s] copying teleop_keyboard/teleop_keyboard.py -> /home/jetson/mecanum-ros2/build/teleop_keyboard/build/lib/teleop_keyboard
[6.760s] running install
[6.762s] running install_lib
[6.766s] creating /home/jetson/mecanum-ros2/install/teleop_keyboard/lib/python3.8/site-packages/teleop_keyboard
[6.767s] copying /home/jetson/mecanum-ros2/build/teleop_keyboard/build/lib/teleop_keyboard/__init__.py -> /home/jetson/mecanum-ros2/install/teleop_keyboard/lib/python3.8/site-packages/teleop_keyboard
[6.767s] copying /home/jetson/mecanum-ros2/build/teleop_keyboard/build/lib/teleop_keyboard/teleop_keyboard.py -> /home/jetson/mecanum-ros2/install/teleop_keyboard/lib/python3.8/site-packages/teleop_keyboard
[6.769s] byte-compiling /home/jetson/mecanum-ros2/install/teleop_keyboard/lib/python3.8/site-packages/teleop_keyboard/__init__.py to __init__.cpython-38.pyc
[6.770s] byte-compiling /home/jetson/mecanum-ros2/install/teleop_keyboard/lib/python3.8/site-packages/teleop_keyboard/teleop_keyboard.py to teleop_keyboard.cpython-38.pyc
[6.774s] running install_data
[6.777s] creating /home/jetson/mecanum-ros2/install/teleop_keyboard/share/ament_index
[6.777s] creating /home/jetson/mecanum-ros2/install/teleop_keyboard/share/ament_index/resource_index
[6.781s] creating /home/jetson/mecanum-ros2/install/teleop_keyboard/share/ament_index/resource_index/packages
[6.783s] copying resource/teleop_keyboard -> /home/jetson/mecanum-ros2/install/teleop_keyboard/share/ament_index/resource_index/packages
[6.784s] copying package.xml -> /home/jetson/mecanum-ros2/install/teleop_keyboard/share/teleop_keyboard
[6.784s] running install_egg_info
[6.785s] Copying ../../build/teleop_keyboard/teleop_keyboard.egg-info to /home/jetson/mecanum-ros2/install/teleop_keyboard/lib/python3.8/site-packages/teleop_keyboard-0.0.1-py3.8.egg-info
[6.789s] running install_scripts
[6.868s] Installing teleop_keyboard script to /home/jetson/mecanum-ros2/install/teleop_keyboard/lib/teleop_keyboard
[6.869s] writing list of installed files to '/home/jetson/mecanum-ros2/build/teleop_keyboard/install.log'
[6.987s] Invoked command in '/home/jetson/mecanum-ros2/src/teleop_keyboard' returned '0': PYTHONPATH=/home/jetson/mecanum-ros2/build/teleop_keyboard/prefix_override:/home/jetson/mecanum-ros2/install/teleop_keyboard/lib/python3.8/site-packages:${PYTHONPATH} /usr/bin/python3 setup.py egg_info --egg-base ../../build/teleop_keyboard build --build-base /home/jetson/mecanum-ros2/build/teleop_keyboard/build install --record /home/jetson/mecanum-ros2/build/teleop_keyboard/install.log --single-version-externally-managed
