[0.680s] Invoking command in '/home/ohj/mecanum-ros2/src/motor_control': PYTHONPATH=/home/ohj/mecanum-ros2/build/motor_control/prefix_override:/home/ohj/mecanum-ros2/install/motor_control/lib/python3.8/site-packages:${PYTHONPATH} /usr/bin/python3 setup.py egg_info --egg-base ../../build/motor_control build --build-base /home/ohj/mecanum-ros2/build/motor_control/build install --record /home/ohj/mecanum-ros2/build/motor_control/install.log --single-version-externally-managed
[0.827s] running egg_info
[0.828s] creating ../../build/motor_control/motor_control.egg-info
[0.828s] writing ../../build/motor_control/motor_control.egg-info/PKG-INFO
[0.828s] writing dependency_links to ../../build/motor_control/motor_control.egg-info/dependency_links.txt
[0.828s] writing entry points to ../../build/motor_control/motor_control.egg-info/entry_points.txt
[0.828s] writing requirements to ../../build/motor_control/motor_control.egg-info/requires.txt
[0.828s] writing top-level names to ../../build/motor_control/motor_control.egg-info/top_level.txt
[0.830s] writing manifest file '../../build/motor_control/motor_control.egg-info/SOURCES.txt'
[0.852s] reading manifest file '../../build/motor_control/motor_control.egg-info/SOURCES.txt'
[0.852s] writing manifest file '../../build/motor_control/motor_control.egg-info/SOURCES.txt'
[0.852s] running build
[0.852s] running build_py
[0.853s] creating /home/ohj/mecanum-ros2/build/motor_control/build
[0.853s] creating /home/ohj/mecanum-ros2/build/motor_control/build/lib
[0.853s] creating /home/ohj/mecanum-ros2/build/motor_control/build/lib/motor_control
[0.853s] copying motor_control/motor_control.py -> /home/ohj/mecanum-ros2/build/motor_control/build/lib/motor_control
[0.853s] copying motor_control/__init__.py -> /home/ohj/mecanum-ros2/build/motor_control/build/lib/motor_control
[0.853s] running install
[0.853s] running install_lib
[0.854s] creating /home/ohj/mecanum-ros2/install/motor_control/lib/python3.8/site-packages/motor_control
[0.854s] copying /home/ohj/mecanum-ros2/build/motor_control/build/lib/motor_control/motor_control.py -> /home/ohj/mecanum-ros2/install/motor_control/lib/python3.8/site-packages/motor_control
[0.854s] copying /home/ohj/mecanum-ros2/build/motor_control/build/lib/motor_control/__init__.py -> /home/ohj/mecanum-ros2/install/motor_control/lib/python3.8/site-packages/motor_control
[0.854s] byte-compiling /home/ohj/mecanum-ros2/install/motor_control/lib/python3.8/site-packages/motor_control/motor_control.py to motor_control.cpython-38.pyc
[0.855s] byte-compiling /home/ohj/mecanum-ros2/install/motor_control/lib/python3.8/site-packages/motor_control/__init__.py to __init__.cpython-38.pyc
[0.855s] running install_data
[0.856s] creating /home/ohj/mecanum-ros2/install/motor_control/share/ament_index
[0.856s] creating /home/ohj/mecanum-ros2/install/motor_control/share/ament_index/resource_index
[0.856s] creating /home/ohj/mecanum-ros2/install/motor_control/share/ament_index/resource_index/packages
[0.856s] copying resource/motor_control -> /home/ohj/mecanum-ros2/install/motor_control/share/ament_index/resource_index/packages
[0.856s] copying package.xml -> /home/ohj/mecanum-ros2/install/motor_control/share/motor_control
[0.856s] creating /home/ohj/mecanum-ros2/install/motor_control/share/motor_control/launch
[0.856s] copying launch/motor_control.launch.py -> /home/ohj/mecanum-ros2/install/motor_control/share/motor_control/launch
[0.856s] creating /home/ohj/mecanum-ros2/install/motor_control/share/motor_control/param
[0.856s] copying param/motor_config.yaml -> /home/ohj/mecanum-ros2/install/motor_control/share/motor_control/param
[0.856s] running install_egg_info
[0.857s] Copying ../../build/motor_control/motor_control.egg-info to /home/ohj/mecanum-ros2/install/motor_control/lib/python3.8/site-packages/motor_control-0.0.0-py3.8.egg-info
[0.857s] running install_scripts
[0.868s] Installing motor_control script to /home/ohj/mecanum-ros2/install/motor_control/lib/motor_control
[0.868s] writing list of installed files to '/home/ohj/mecanum-ros2/build/motor_control/install.log'
[0.887s] Invoked command in '/home/ohj/mecanum-ros2/src/motor_control' returned '0': PYTHONPATH=/home/ohj/mecanum-ros2/build/motor_control/prefix_override:/home/ohj/mecanum-ros2/install/motor_control/lib/python3.8/site-packages:${PYTHONPATH} /usr/bin/python3 setup.py egg_info --egg-base ../../build/motor_control build --build-base /home/ohj/mecanum-ros2/build/motor_control/build install --record /home/ohj/mecanum-ros2/build/motor_control/install.log --single-version-externally-managed
