-- Install configuration: ""
-- Execute custom install script
-- Up-to-date symlink: /home/ohj/mecanum-ros2/install/mecanum_bringup/share/mecanum_bringup/launch/mecanum.launch.py
-- Up-to-date symlink: /home/ohj/mecanum-ros2/install/mecanum_bringup/share/mecanum_bringup/launch/mecanum_rviz_view.launch.py
-- Up-to-date symlink: /home/ohj/mecanum-ros2/install/mecanum_bringup/share/mecanum_bringup/launch/mecanum_state_publisher.launch.py
-- Up-to-date symlink: /home/ohj/mecanum-ros2/install/mecanum_bringup/share/mecanum_bringup/config/config.rviz
-- Up-to-date symlink: /home/ohj/mecanum-ros2/install/mecanum_bringup/share/mecanum_bringup/config/mecanum_rviz_view.rviz
-- Up-to-date symlink: /home/ohj/mecanum-ros2/install/mecanum_bringup/share/ament_index/resource_index/package_run_dependencies/mecanum_bringup
-- Up-to-date symlink: /home/ohj/mecanum-ros2/install/mecanum_bringup/share/ament_index/resource_index/parent_prefix_path/mecanum_bringup
-- Up-to-date symlink: /home/ohj/mecanum-ros2/install/mecanum_bringup/share/mecanum_bringup/environment/ament_prefix_path.sh
-- Up-to-date symlink: /home/ohj/mecanum-ros2/install/mecanum_bringup/share/mecanum_bringup/environment/ament_prefix_path.dsv
-- Up-to-date symlink: /home/ohj/mecanum-ros2/install/mecanum_bringup/share/mecanum_bringup/environment/path.sh
-- Up-to-date symlink: /home/ohj/mecanum-ros2/install/mecanum_bringup/share/mecanum_bringup/environment/path.dsv
-- Up-to-date symlink: /home/ohj/mecanum-ros2/install/mecanum_bringup/share/mecanum_bringup/local_setup.bash
-- Up-to-date symlink: /home/ohj/mecanum-ros2/install/mecanum_bringup/share/mecanum_bringup/local_setup.sh
-- Up-to-date symlink: /home/ohj/mecanum-ros2/install/mecanum_bringup/share/mecanum_bringup/local_setup.zsh
-- Up-to-date symlink: /home/ohj/mecanum-ros2/install/mecanum_bringup/share/mecanum_bringup/local_setup.dsv
-- Symlinking: /home/ohj/mecanum-ros2/install/mecanum_bringup/share/mecanum_bringup/package.dsv
-- Up-to-date symlink: /home/ohj/mecanum-ros2/install/mecanum_bringup/share/ament_index/resource_index/packages/mecanum_bringup
-- Up-to-date symlink: /home/ohj/mecanum-ros2/install/mecanum_bringup/share/mecanum_bringup/cmake/mecanum_bringupConfig.cmake
-- Up-to-date symlink: /home/ohj/mecanum-ros2/install/mecanum_bringup/share/mecanum_bringup/cmake/mecanum_bringupConfig-version.cmake
-- Up-to-date symlink: /home/ohj/mecanum-ros2/install/mecanum_bringup/share/mecanum_bringup/package.xml
