[0.050s] Invoking command in '/home/ohj/mecanum-ros2/build/dynamixel_sdk': CMAKE_PREFIX_PATH=${CMAKE_PREFIX_PATH}:/home/ohj/mecanum-ros2/install/teleop_keyboard:/home/ohj/mecanum-ros2/install/motor_control:/home/ohj/mecanum-ros2/install/mobile_description:/home/ohj/mecanum-ros2/install/mecanum_odometry:/home/ohj/mecanum-ros2/install/mecanum_cartographer:/home/ohj/mecanum-ros2/install/manipulator:/opt/ros/galactic /usr/bin/cmake --build /home/ohj/mecanum-ros2/build/dynamixel_sdk -- -j20 -l20
[0.700s] [100%] Built target dynamixel_sdk
[0.702s] Invoked command in '/home/ohj/mecanum-ros2/build/dynamixel_sdk' returned '0': CMAKE_PREFIX_PATH=${CMAKE_PREFIX_PATH}:/home/ohj/mecanum-ros2/install/teleop_keyboard:/home/ohj/mecanum-ros2/install/motor_control:/home/ohj/mecanum-ros2/install/mobile_description:/home/ohj/mecanum-ros2/install/mecanum_odometry:/home/ohj/mecanum-ros2/install/mecanum_cartographer:/home/ohj/mecanum-ros2/install/manipulator:/opt/ros/galactic /usr/bin/cmake --build /home/ohj/mecanum-ros2/build/dynamixel_sdk -- -j20 -l20
[0.731s] Invoking command in '/home/ohj/mecanum-ros2/build/dynamixel_sdk': CMAKE_PREFIX_PATH=${CMAKE_PREFIX_PATH}:/home/ohj/mecanum-ros2/install/teleop_keyboard:/home/ohj/mecanum-ros2/install/motor_control:/home/ohj/mecanum-ros2/install/mobile_description:/home/ohj/mecanum-ros2/install/mecanum_odometry:/home/ohj/mecanum-ros2/install/mecanum_cartographer:/home/ohj/mecanum-ros2/install/manipulator:/opt/ros/galactic /usr/bin/cmake --install /home/ohj/mecanum-ros2/build/dynamixel_sdk
[0.742s] -- Install configuration: ""
[0.743s] -- Up-to-date: /home/ohj/mecanum-ros2/install/dynamixel_sdk/include/
[0.743s] -- Up-to-date: /home/ohj/mecanum-ros2/install/dynamixel_sdk/include//dynamixel_sdk
[0.743s] -- Up-to-date: /home/ohj/mecanum-ros2/install/dynamixel_sdk/include//dynamixel_sdk/port_handler_windows.h
[0.743s] -- Up-to-date: /home/ohj/mecanum-ros2/install/dynamixel_sdk/include//dynamixel_sdk/protocol1_packet_handler.h
[0.743s] -- Up-to-date: /home/ohj/mecanum-ros2/install/dynamixel_sdk/include//dynamixel_sdk/group_sync_write.h
[0.743s] -- Up-to-date: /home/ohj/mecanum-ros2/install/dynamixel_sdk/include//dynamixel_sdk/port_handler_mac.h
[0.743s] -- Up-to-date: /home/ohj/mecanum-ros2/install/dynamixel_sdk/include//dynamixel_sdk/group_bulk_write.h
[0.744s] -- Up-to-date: /home/ohj/mecanum-ros2/install/dynamixel_sdk/include//dynamixel_sdk/protocol2_packet_handler.h
[0.744s] -- Up-to-date: /home/ohj/mecanum-ros2/install/dynamixel_sdk/include//dynamixel_sdk/packet_handler.h
[0.744s] -- Up-to-date: /home/ohj/mecanum-ros2/install/dynamixel_sdk/include//dynamixel_sdk/dynamixel_sdk.h
[0.744s] -- Up-to-date: /home/ohj/mecanum-ros2/install/dynamixel_sdk/include//dynamixel_sdk/port_handler.h
[0.744s] -- Up-to-date: /home/ohj/mecanum-ros2/install/dynamixel_sdk/include//dynamixel_sdk/group_sync_read.h
[0.744s] -- Up-to-date: /home/ohj/mecanum-ros2/install/dynamixel_sdk/include//dynamixel_sdk/port_handler_linux.h
[0.744s] -- Up-to-date: /home/ohj/mecanum-ros2/install/dynamixel_sdk/include//dynamixel_sdk/group_bulk_read.h
[0.744s] -- Up-to-date: /home/ohj/mecanum-ros2/install/dynamixel_sdk/include//dynamixel_sdk/port_handler_arduino.h
[0.744s] -- Up-to-date: /home/ohj/mecanum-ros2/install/dynamixel_sdk/lib/libdynamixel_sdk.so
[0.744s] -- Up-to-date: /home/ohj/mecanum-ros2/install/dynamixel_sdk/share/dynamixel_sdk/environment/library_path.sh
[0.744s] -- Up-to-date: /home/ohj/mecanum-ros2/install/dynamixel_sdk/share/dynamixel_sdk/environment/library_path.dsv
[0.746s] -- Up-to-date: /home/ohj/mecanum-ros2/install/dynamixel_sdk/share/ament_index/resource_index/package_run_dependencies/dynamixel_sdk
[0.746s] -- Up-to-date: /home/ohj/mecanum-ros2/install/dynamixel_sdk/share/ament_index/resource_index/parent_prefix_path/dynamixel_sdk
[0.746s] -- Up-to-date: /home/ohj/mecanum-ros2/install/dynamixel_sdk/share/dynamixel_sdk/environment/ament_prefix_path.sh
[0.746s] -- Up-to-date: /home/ohj/mecanum-ros2/install/dynamixel_sdk/share/dynamixel_sdk/environment/ament_prefix_path.dsv
[0.746s] -- Up-to-date: /home/ohj/mecanum-ros2/install/dynamixel_sdk/share/dynamixel_sdk/environment/path.sh
[0.746s] -- Up-to-date: /home/ohj/mecanum-ros2/install/dynamixel_sdk/share/dynamixel_sdk/environment/path.dsv
[0.746s] -- Up-to-date: /home/ohj/mecanum-ros2/install/dynamixel_sdk/share/dynamixel_sdk/local_setup.bash
[0.746s] -- Up-to-date: /home/ohj/mecanum-ros2/install/dynamixel_sdk/share/dynamixel_sdk/local_setup.sh
[0.747s] -- Up-to-date: /home/ohj/mecanum-ros2/install/dynamixel_sdk/share/dynamixel_sdk/local_setup.zsh
[0.747s] -- Up-to-date: /home/ohj/mecanum-ros2/install/dynamixel_sdk/share/dynamixel_sdk/local_setup.dsv
[0.747s] -- Installing: /home/ohj/mecanum-ros2/install/dynamixel_sdk/share/dynamixel_sdk/package.dsv
[0.747s] -- Up-to-date: /home/ohj/mecanum-ros2/install/dynamixel_sdk/share/ament_index/resource_index/packages/dynamixel_sdk
[0.747s] -- Up-to-date: /home/ohj/mecanum-ros2/install/dynamixel_sdk/share/dynamixel_sdk/cmake/ament_cmake_export_include_directories-extras.cmake
[0.747s] -- Up-to-date: /home/ohj/mecanum-ros2/install/dynamixel_sdk/share/dynamixel_sdk/cmake/ament_cmake_export_libraries-extras.cmake
[0.747s] -- Up-to-date: /home/ohj/mecanum-ros2/install/dynamixel_sdk/share/dynamixel_sdk/cmake/dynamixel_sdkConfig.cmake
[0.747s] -- Up-to-date: /home/ohj/mecanum-ros2/install/dynamixel_sdk/share/dynamixel_sdk/cmake/dynamixel_sdkConfig-version.cmake
[0.747s] -- Up-to-date: /home/ohj/mecanum-ros2/install/dynamixel_sdk/share/dynamixel_sdk/package.xml
[0.770s] Invoked command in '/home/ohj/mecanum-ros2/build/dynamixel_sdk' returned '0': CMAKE_PREFIX_PATH=${CMAKE_PREFIX_PATH}:/home/ohj/mecanum-ros2/install/teleop_keyboard:/home/ohj/mecanum-ros2/install/motor_control:/home/ohj/mecanum-ros2/install/mobile_description:/home/ohj/mecanum-ros2/install/mecanum_odometry:/home/ohj/mecanum-ros2/install/mecanum_cartographer:/home/ohj/mecanum-ros2/install/manipulator:/opt/ros/galactic /usr/bin/cmake --install /home/ohj/mecanum-ros2/build/dynamixel_sdk
