[0.703s] Invoking command in '/home/jetson/mecanum-ros2/build/dynamixel_sdk': CMAKE_PREFIX_PATH=${CMAKE_PREFIX_PATH}:/home/jetson/mecanum-ros2/install/teleop_keyboard:/home/jetson/mecanum-ros2/install/motor_control:/home/jetson/mecanum-ros2/install/mobile_description:/home/jetson/mecanum-ros2/install/mecanum_odometry:/home/jetson/mecanum-ros2/install/mecanum_cartographer:/home/jetson/mecanum-ros2/install/manipulator:/opt/ros/galactic /usr/bin/cmake --build /home/jetson/mecanum-ros2/build/dynamixel_sdk -- -j4 -l4
[5.978s] [100%] Built target dynamixel_sdk
[5.998s] Invoked command in '/home/jetson/mecanum-ros2/build/dynamixel_sdk' returned '0': CMAKE_PREFIX_PATH=${CMAKE_PREFIX_PATH}:/home/jetson/mecanum-ros2/install/teleop_keyboard:/home/jetson/mecanum-ros2/install/motor_control:/home/jetson/mecanum-ros2/install/mobile_description:/home/jetson/mecanum-ros2/install/mecanum_odometry:/home/jetson/mecanum-ros2/install/mecanum_cartographer:/home/jetson/mecanum-ros2/install/manipulator:/opt/ros/galactic /usr/bin/cmake --build /home/jetson/mecanum-ros2/build/dynamixel_sdk -- -j4 -l4
[6.589s] Invoking command in '/home/jetson/mecanum-ros2/build/dynamixel_sdk': CMAKE_PREFIX_PATH=${CMAKE_PREFIX_PATH}:/home/jetson/mecanum-ros2/install/teleop_keyboard:/home/jetson/mecanum-ros2/install/motor_control:/home/jetson/mecanum-ros2/install/mobile_description:/home/jetson/mecanum-ros2/install/mecanum_odometry:/home/jetson/mecanum-ros2/install/mecanum_cartographer:/home/jetson/mecanum-ros2/install/manipulator:/opt/ros/galactic /usr/bin/cmake --install /home/jetson/mecanum-ros2/build/dynamixel_sdk
[6.765s] -- Install configuration: ""
[6.768s] -- Up-to-date: /home/jetson/mecanum-ros2/install/dynamixel_sdk/include/
[6.770s] -- Up-to-date: /home/jetson/mecanum-ros2/install/dynamixel_sdk/include//dynamixel_sdk
[6.772s] -- Up-to-date: /home/jetson/mecanum-ros2/install/dynamixel_sdk/include//dynamixel_sdk/group_bulk_write.h
[6.773s] -- Up-to-date: /home/jetson/mecanum-ros2/install/dynamixel_sdk/include//dynamixel_sdk/port_handler_arduino.h
[6.778s] -- Up-to-date: /home/jetson/mecanum-ros2/install/dynamixel_sdk/include//dynamixel_sdk/group_bulk_read.h
[6.787s] -- Up-to-date: /home/jetson/mecanum-ros2/install/dynamixel_sdk/include//dynamixel_sdk/group_sync_read.h
[6.796s] -- Up-to-date: /home/jetson/mecanum-ros2/install/dynamixel_sdk/include//dynamixel_sdk/packet_handler.h
[6.807s] -- Up-to-date: /home/jetson/mecanum-ros2/install/dynamixel_sdk/include//dynamixel_sdk/protocol1_packet_handler.h
[6.811s] -- Up-to-date: /home/jetson/mecanum-ros2/install/dynamixel_sdk/include//dynamixel_sdk/protocol2_packet_handler.h
[6.814s] -- Up-to-date: /home/jetson/mecanum-ros2/install/dynamixel_sdk/include//dynamixel_sdk/port_handler.h
[6.817s] -- Up-to-date: /home/jetson/mecanum-ros2/install/dynamixel_sdk/include//dynamixel_sdk/port_handler_windows.h
[6.824s] -- Up-to-date: /home/jetson/mecanum-ros2/install/dynamixel_sdk/include//dynamixel_sdk/port_handler_mac.h
[6.849s] -- Up-to-date: /home/jetson/mecanum-ros2/install/dynamixel_sdk/include//dynamixel_sdk/group_sync_write.h
[6.851s] -- Up-to-date: /home/jetson/mecanum-ros2/install/dynamixel_sdk/include//dynamixel_sdk/dynamixel_sdk.h
[6.853s] -- Up-to-date: /home/jetson/mecanum-ros2/install/dynamixel_sdk/include//dynamixel_sdk/port_handler_linux.h
[6.855s] -- Up-to-date: /home/jetson/mecanum-ros2/install/dynamixel_sdk/lib/libdynamixel_sdk.so
[6.858s] -- Up-to-date: /home/jetson/mecanum-ros2/install/dynamixel_sdk/share/dynamixel_sdk/environment/library_path.sh
[6.865s] -- Up-to-date: /home/jetson/mecanum-ros2/install/dynamixel_sdk/share/dynamixel_sdk/environment/library_path.dsv
[6.868s] -- Up-to-date: /home/jetson/mecanum-ros2/install/dynamixel_sdk/share/ament_index/resource_index/package_run_dependencies/dynamixel_sdk
[6.870s] -- Up-to-date: /home/jetson/mecanum-ros2/install/dynamixel_sdk/share/ament_index/resource_index/parent_prefix_path/dynamixel_sdk
[6.873s] -- Up-to-date: /home/jetson/mecanum-ros2/install/dynamixel_sdk/share/dynamixel_sdk/environment/ament_prefix_path.sh
[6.875s] -- Up-to-date: /home/jetson/mecanum-ros2/install/dynamixel_sdk/share/dynamixel_sdk/environment/ament_prefix_path.dsv
[6.877s] -- Up-to-date: /home/jetson/mecanum-ros2/install/dynamixel_sdk/share/dynamixel_sdk/environment/path.sh
[6.879s] -- Up-to-date: /home/jetson/mecanum-ros2/install/dynamixel_sdk/share/dynamixel_sdk/environment/path.dsv
[6.880s] -- Up-to-date: /home/jetson/mecanum-ros2/install/dynamixel_sdk/share/dynamixel_sdk/local_setup.bash
[6.882s] -- Up-to-date: /home/jetson/mecanum-ros2/install/dynamixel_sdk/share/dynamixel_sdk/local_setup.sh
[6.885s] -- Up-to-date: /home/jetson/mecanum-ros2/install/dynamixel_sdk/share/dynamixel_sdk/local_setup.zsh
[6.887s] -- Up-to-date: /home/jetson/mecanum-ros2/install/dynamixel_sdk/share/dynamixel_sdk/local_setup.dsv
[6.890s] -- Installing: /home/jetson/mecanum-ros2/install/dynamixel_sdk/share/dynamixel_sdk/package.dsv
[6.893s] -- Up-to-date: /home/jetson/mecanum-ros2/install/dynamixel_sdk/share/ament_index/resource_index/packages/dynamixel_sdk
[6.895s] -- Up-to-date: /home/jetson/mecanum-ros2/install/dynamixel_sdk/share/dynamixel_sdk/cmake/ament_cmake_export_include_directories-extras.cmake
[6.897s] -- Up-to-date: /home/jetson/mecanum-ros2/install/dynamixel_sdk/share/dynamixel_sdk/cmake/ament_cmake_export_libraries-extras.cmake
[6.899s] -- Up-to-date: /home/jetson/mecanum-ros2/install/dynamixel_sdk/share/dynamixel_sdk/cmake/dynamixel_sdkConfig.cmake
[6.901s] -- Up-to-date: /home/jetson/mecanum-ros2/install/dynamixel_sdk/share/dynamixel_sdk/cmake/dynamixel_sdkConfig-version.cmake
[6.903s] -- Up-to-date: /home/jetson/mecanum-ros2/install/dynamixel_sdk/share/dynamixel_sdk/package.xml
[7.119s] Invoked command in '/home/jetson/mecanum-ros2/build/dynamixel_sdk' returned '0': CMAKE_PREFIX_PATH=${CMAKE_PREFIX_PATH}:/home/jetson/mecanum-ros2/install/teleop_keyboard:/home/jetson/mecanum-ros2/install/motor_control:/home/jetson/mecanum-ros2/install/mobile_description:/home/jetson/mecanum-ros2/install/mecanum_odometry:/home/jetson/mecanum-ros2/install/mecanum_cartographer:/home/jetson/mecanum-ros2/install/manipulator:/opt/ros/galactic /usr/bin/cmake --install /home/jetson/mecanum-ros2/build/dynamixel_sdk
