[0.196s] Invoking command in '/home/jetson/mecanum-ros2/build/mecanum_description': CMAKE_PREFIX_PATH=${CMAKE_PREFIX_PATH}:/home/jetson/mecanum-ros2/install/teleop_keyboard:/home/jetson/mecanum-ros2/install/motor_control:/opt/ros/galactic /usr/bin/cmake --build /home/jetson/mecanum-ros2/build/mecanum_description -- -j4 -l4
[2.880s] Invoked command in '/home/jetson/mecanum-ros2/build/mecanum_description' returned '0': CMAKE_PREFIX_PATH=${CMAKE_PREFIX_PATH}:/home/jetson/mecanum-ros2/install/teleop_keyboard:/home/jetson/mecanum-ros2/install/motor_control:/opt/ros/galactic /usr/bin/cmake --build /home/jetson/mecanum-ros2/build/mecanum_description -- -j4 -l4
[3.006s] Invoking command in '/home/jetson/mecanum-ros2/build/mecanum_description': CMAKE_PREFIX_PATH=${CMAKE_PREFIX_PATH}:/home/jetson/mecanum-ros2/install/teleop_keyboard:/home/jetson/mecanum-ros2/install/motor_control:/opt/ros/galactic /usr/bin/cmake --install /home/jetson/mecanum-ros2/build/mecanum_description
[3.041s] -- Install configuration: ""
[3.042s] -- Up-to-date: /home/jetson/mecanum-ros2/install/mecanum_description/share/mecanum_description//launch
[3.042s] -- Up-to-date: /home/jetson/mecanum-ros2/install/mecanum_description/share/mecanum_description//launch/mecanum.launch.py
[3.043s] -- Up-to-date: /home/jetson/mecanum-ros2/install/mecanum_description/share/ament_index/resource_index/package_run_dependencies/mecanum_description
[3.044s] -- Up-to-date: /home/jetson/mecanum-ros2/install/mecanum_description/share/ament_index/resource_index/parent_prefix_path/mecanum_description
[3.045s] -- Up-to-date: /home/jetson/mecanum-ros2/install/mecanum_description/share/mecanum_description/environment/ament_prefix_path.sh
[3.045s] -- Up-to-date: /home/jetson/mecanum-ros2/install/mecanum_description/share/mecanum_description/environment/ament_prefix_path.dsv
[3.046s] -- Up-to-date: /home/jetson/mecanum-ros2/install/mecanum_description/share/mecanum_description/environment/path.sh
[3.046s] -- Up-to-date: /home/jetson/mecanum-ros2/install/mecanum_description/share/mecanum_description/environment/path.dsv
[3.047s] -- Up-to-date: /home/jetson/mecanum-ros2/install/mecanum_description/share/mecanum_description/local_setup.bash
[3.047s] -- Up-to-date: /home/jetson/mecanum-ros2/install/mecanum_description/share/mecanum_description/local_setup.sh
[3.048s] -- Up-to-date: /home/jetson/mecanum-ros2/install/mecanum_description/share/mecanum_description/local_setup.zsh
[3.048s] -- Up-to-date: /home/jetson/mecanum-ros2/install/mecanum_description/share/mecanum_description/local_setup.dsv
[3.049s] -- Up-to-date: /home/jetson/mecanum-ros2/install/mecanum_description/share/mecanum_description/package.dsv
[3.051s] -- Up-to-date: /home/jetson/mecanum-ros2/install/mecanum_description/share/ament_index/resource_index/packages/mecanum_description
[3.055s] -- Up-to-date: /home/jetson/mecanum-ros2/install/mecanum_description/share/mecanum_description/cmake/mecanum_descriptionConfig.cmake
[3.055s] -- Up-to-date: /home/jetson/mecanum-ros2/install/mecanum_description/share/mecanum_description/cmake/mecanum_descriptionConfig-version.cmake
[3.060s] -- Up-to-date: /home/jetson/mecanum-ros2/install/mecanum_description/share/mecanum_description/package.xml
[3.061s] Invoked command in '/home/jetson/mecanum-ros2/build/mecanum_description' returned '0': CMAKE_PREFIX_PATH=${CMAKE_PREFIX_PATH}:/home/jetson/mecanum-ros2/install/teleop_keyboard:/home/jetson/mecanum-ros2/install/motor_control:/opt/ros/galactic /usr/bin/cmake --install /home/jetson/mecanum-ros2/build/mecanum_description
