[0.135s] Invoking command in '/home/jetson/mecanum-ros2/build/stella_ahrs': CMAKE_PREFIX_PATH=${CMAKE_PREFIX_PATH}:/home/jetson/mecanum-ros2/install/teleop_keyboard:/home/jetson/mecanum-ros2/install/motor_control:/home/jetson/mecanum-ros2/install/mobile_description:/home/jetson/mecanum-ros2/install/mecanum_odometry:/home/jetson/mecanum-ros2/install/mecanum_cartographer:/home/jetson/mecanum-ros2/install/manipulator:/opt/ros/galactic /usr/bin/cmake /home/jetson/mecanum-ros2/src/stella_ahrs -DCMAKE_INSTALL_PREFIX=/home/jetson/mecanum-ros2/install/stella_ahrs
[0.725s] -- The C compiler identification is GNU 8.4.0
[1.251s] -- The CXX compiler identification is GNU 8.4.0
[1.299s] -- Check for working C compiler: /usr/bin/cc
[2.053s] -- Check for working C compiler: /usr/bin/cc -- works
[2.053s] -- Detecting C compiler ABI info
[2.589s] -- Detecting C compiler ABI info - done
[2.687s] -- Detecting C compile features
[2.695s] -- Detecting C compile features - done
[2.714s] -- Check for working CXX compiler: /usr/bin/c++
[3.252s] -- Check for working CXX compiler: /usr/bin/c++ -- works
[3.257s] -- Detecting CXX compiler ABI info
[4.019s] -- Detecting CXX compiler ABI info - done
[4.110s] -- Detecting CXX compile features
[4.113s] -- Detecting CXX compile features - done
[4.131s] -- Found ament_cmake: 1.1.6 (/opt/ros/galactic/share/ament_cmake/cmake)
[4.262s] -- Found PythonInterp: /usr/bin/python3 (found suitable version "3.8.10", minimum required is "3") 
[4.263s] -- Using PYTHON_EXECUTABLE: /usr/bin/python3
[4.718s] -- Found rclcpp: 9.2.2 (/opt/ros/galactic/share/rclcpp/cmake)
[5.139s] -- Using all available rosidl_typesupport_c: rosidl_typesupport_fastrtps_c;rosidl_typesupport_introspection_c
[5.191s] -- Found rosidl_adapter: 2.2.3 (/opt/ros/galactic/share/rosidl_adapter/cmake)
[6.130s] -- Found OpenSSL: /usr/lib/aarch64-linux-gnu/libcrypto.so (found version "1.1.1f")  
[6.260s] -- Found FastRTPS: /opt/ros/galactic/include  
[6.710s] -- Using all available rosidl_typesupport_cpp: rosidl_typesupport_fastrtps_cpp;rosidl_typesupport_introspection_cpp
[7.423s] -- Found rmw_implementation_cmake: 3.3.1 (/opt/ros/galactic/share/rmw_implementation_cmake/cmake)
[7.445s] -- Found rmw_cyclonedds_cpp: 0.22.6 (/opt/ros/galactic/share/rmw_cyclonedds_cpp/cmake)
[7.556s] -- Using RMW implementation 'rmw_cyclonedds_cpp' as default
[7.561s] -- Looking for pthread.h
[9.653s] -- Looking for pthread.h - found
[9.654s] -- Performing Test CMAKE_HAVE_LIBC_PTHREAD
[10.905s] -- Performing Test CMAKE_HAVE_LIBC_PTHREAD - Failed
[10.906s] -- Looking for pthread_create in pthreads
[14.009s] -- Looking for pthread_create in pthreads - not found
[14.010s] -- Looking for pthread_create in pthread
[14.655s] -- Looking for pthread_create in pthread - found
[14.660s] -- Found Threads: TRUE  
[15.489s] -- Found sensor_msgs: 2.2.4 (/opt/ros/galactic/share/sensor_msgs/cmake)
[16.091s] -- Found tf2: 0.17.5 (/opt/ros/galactic/share/tf2/cmake)
[16.149s] -- Found tf2_ros: 0.17.5 (/opt/ros/galactic/share/tf2_ros/cmake)
[18.128s] -- Configuring done
[18.185s] -- Generating done
[18.193s] -- Build files have been written to: /home/jetson/mecanum-ros2/build/stella_ahrs
[19.345s] Invoked command in '/home/jetson/mecanum-ros2/build/stella_ahrs' returned '0': CMAKE_PREFIX_PATH=${CMAKE_PREFIX_PATH}:/home/jetson/mecanum-ros2/install/teleop_keyboard:/home/jetson/mecanum-ros2/install/motor_control:/home/jetson/mecanum-ros2/install/mobile_description:/home/jetson/mecanum-ros2/install/mecanum_odometry:/home/jetson/mecanum-ros2/install/mecanum_cartographer:/home/jetson/mecanum-ros2/install/manipulator:/opt/ros/galactic /usr/bin/cmake /home/jetson/mecanum-ros2/src/stella_ahrs -DCMAKE_INSTALL_PREFIX=/home/jetson/mecanum-ros2/install/stella_ahrs
[19.353s] Invoking command in '/home/jetson/mecanum-ros2/build/stella_ahrs': CMAKE_PREFIX_PATH=${CMAKE_PREFIX_PATH}:/home/jetson/mecanum-ros2/install/teleop_keyboard:/home/jetson/mecanum-ros2/install/motor_control:/home/jetson/mecanum-ros2/install/mobile_description:/home/jetson/mecanum-ros2/install/mecanum_odometry:/home/jetson/mecanum-ros2/install/mecanum_cartographer:/home/jetson/mecanum-ros2/install/manipulator:/opt/ros/galactic /usr/bin/cmake --build /home/jetson/mecanum-ros2/build/stella_ahrs -- -j4 -l4
[19.525s] [35m[1mScanning dependencies of target stella_ahrs_node[0m
[19.763s] [ 16%] [32mBuilding CXX object CMakeFiles/stella_ahrs_node.dir/src/listener.cpp.o[0m
[19.781s] [ 33%] [32mBuilding CXX object CMakeFiles/stella_ahrs_node.dir/serial/list_ports_linux.cc.o[0m
[19.845s] [ 50%] [32mBuilding CXX object CMakeFiles/stella_ahrs_node.dir/serial/unix.cc.o[0m
[19.848s] [ 66%] [32mBuilding CXX object CMakeFiles/stella_ahrs_node.dir/serial/serial.cc.o[0m
[22.198s] [01m[K/home/jetson/mecanum-ros2/src/stella_ahrs/serial/list_ports_linux.cc:[m[K In function ‘[01m[Kstd::vector<std::__cxx11::basic_string<char> > glob(const std::vector<std::__cxx11::basic_string<char> >&)[m[K’:
[22.199s] [01m[K/home/jetson/mecanum-ros2/src/stella_ahrs/serial/list_ports_linux.cc:66:40:[m[K [01;35m[Kwarning: [m[Kcomparison of integer expressions of different signedness: ‘[01m[Kint[m[K’ and ‘[01m[Ksize_t[m[K’ {aka ‘[01m[Klong unsigned int[m[K’} [[01;35m[K-Wsign-compare[m[K]
[22.200s]      for(int path_index = 0; [01;35m[Kpath_index < glob_results.gl_pathc[m[K; path_index++)
[22.201s]                              [01;35m[K~~~~~~~~~~~^~~~~~~~~~~~~~~~~~~~~~~[m[K
[22.203s] [01m[K/home/jetson/mecanum-ros2/src/stella_ahrs/serial/list_ports_linux.cc:57:9:[m[K [01;35m[Kwarning: [m[Kvariable ‘[01m[Kglob_retval[m[K’ set but not used [[01;35m[K-Wunused-but-set-variable[m[K]
[22.204s]      int [01;35m[Kglob_retval[m[K = glob(patterns[0].c_str(), 0, NULL, &glob_results);
[22.205s]          [01;35m[K^~~~~~~~~~~[m[K
[22.277s] [01m[K/home/jetson/mecanum-ros2/src/stella_ahrs/serial/list_ports_linux.cc:[m[K In function ‘[01m[Kstd::__cxx11::string format(const char*, ...)[m[K’:
[22.278s] [01m[K/home/jetson/mecanum-ros2/src/stella_ahrs/serial/list_ports_linux.cc:246:31:[m[K [01;35m[Kwarning: [m[Kcomparison of integer expressions of different signedness: ‘[01m[Kint[m[K’ and ‘[01m[Ksize_t[m[K’ {aka ‘[01m[Klong unsigned int[m[K’} [[01;35m[K-Wsign-compare[m[K]
[22.279s]          else if( [01;35m[Kreturn_value >= buffer_size_bytes[m[K )
[22.280s]                   [01;35m[K~~~~~~~~~~~~~^~~~~~~~~~~~~~~~~~~~[m[K
[23.429s] [ 83%] [32mBuilding CXX object CMakeFiles/stella_ahrs_node.dir/mw/mw_ahrs.cpp.o[0m
[30.026s] [01m[K/home/jetson/mecanum-ros2/src/stella_ahrs/src/listener.cpp:[m[K In function ‘[01m[Kint main(int, char**)[m[K’:
[30.026s] [01m[K/home/jetson/mecanum-ros2/src/stella_ahrs/src/listener.cpp:7:18:[m[K [01;35m[Kwarning: [m[KISO C++ forbids converting a string constant to ‘[01m[Kchar*[m[K’ [[01;35m[K-Wwrite-strings[m[K]
[30.027s]      char *port = [01;35m[K"/dev/ttyUSB1"[m[K;
[30.028s]                   [01;35m[K^~~~~~~~~~~~~~[m[K
[32.447s] In file included from [01m[K/home/jetson/mecanum-ros2/src/stella_ahrs/src/listener.cpp:1[m[K:
[32.447s] [01m[K/home/jetson/mecanum-ros2/src/stella_ahrs/include/mw/mw_ahrs.hpp:[m[K At global scope:
[32.448s] [01m[K/home/jetson/mecanum-ros2/src/stella_ahrs/include/mw/mw_ahrs.hpp:41:13:[m[K [01;35m[Kwarning: [m[K‘[01m[Krun_bool[m[K’ defined but not used [[01;35m[K-Wunused-variable[m[K]
[32.448s]  static bool [01;35m[Krun_bool[m[K = false;
[32.449s]              [01;35m[K^~~~~~~~[m[K
[32.449s] [01m[K/home/jetson/mecanum-ros2/src/stella_ahrs/include/mw/mw_ahrs.hpp:38:14:[m[K [01;35m[Kwarning: [m[K‘[01m[Kmag_value[m[K’ defined but not used [[01;35m[K-Wunused-variable[m[K]
[32.450s]               [01;35m[Kmag_value[m[K[3] = {
[32.450s]               [01;35m[K^~~~~~~~~[m[K
[32.451s] [01m[K/home/jetson/mecanum-ros2/src/stella_ahrs/include/mw/mw_ahrs.hpp:35:14:[m[K [01;35m[Kwarning: [m[K‘[01m[Kdeg_value[m[K’ defined but not used [[01;35m[K-Wunused-variable[m[K]
[32.451s]               [01;35m[Kdeg_value[m[K[3] = {
[32.452s]               [01;35m[K^~~~~~~~~[m[K
[32.452s] [01m[K/home/jetson/mecanum-ros2/src/stella_ahrs/include/mw/mw_ahrs.hpp:32:14:[m[K [01;35m[Kwarning: [m[K‘[01m[Kgyr_value[m[K’ defined but not used [[01;35m[K-Wunused-variable[m[K]
[32.453s]               [01;35m[Kgyr_value[m[K[3] = {
[32.453s]               [01;35m[K^~~~~~~~~[m[K
[32.454s] [01m[K/home/jetson/mecanum-ros2/src/stella_ahrs/include/mw/mw_ahrs.hpp:29:14:[m[K [01;35m[Kwarning: [m[K‘[01m[Kacc_value[m[K’ defined but not used [[01;35m[K-Wunused-variable[m[K]
[32.454s]  static float [01;35m[Kacc_value[m[K[3] = {
[32.455s]               [01;35m[K^~~~~~~~~[m[K
[33.318s] [01m[K/home/jetson/mecanum-ros2/src/stella_ahrs/mw/mw_ahrs.cpp:[m[K In static member function ‘[01m[Kstatic void* ntrex::MwAhrsRosDriver::MwAhrsRead(void*)[m[K’:
[33.319s] [01m[K/home/jetson/mecanum-ros2/src/stella_ahrs/mw/mw_ahrs.cpp:48:3:[m[K [01;35m[Kwarning: [m[Kno return statement in function returning non-void [[01;35m[K-Wreturn-type[m[K]
[33.320s]    [01;35m[K}[m[K
[33.321s]    [01;35m[K^[m[K
[33.321s] [01m[K/home/jetson/mecanum-ros2/src/stella_ahrs/mw/mw_ahrs.cpp:12:43:[m[K [01;35m[Kwarning: [m[Kunused parameter ‘[01m[Karg[m[K’ [[01;35m[K-Wunused-parameter[m[K]
[33.322s]    void *MwAhrsRosDriver::MwAhrsRead([01;35m[Kvoid *arg[m[K)
[33.322s]                                      [01;35m[K~~~~~~^~~[m[K
[33.323s] [01m[K/home/jetson/mecanum-ros2/src/stella_ahrs/mw/mw_ahrs.cpp:[m[K In constructor ‘[01m[Kntrex::MwAhrsRosDriver::MwAhrsRosDriver(char*, int, int)[m[K’:
[33.323s] [01m[K/home/jetson/mecanum-ros2/src/stella_ahrs/mw/mw_ahrs.cpp:53:57:[m[K [01;35m[Kwarning: [m[K‘[01m[Kconst rclcpp::ParameterValue& rclcpp::Node::declare_parameter(const string&)[m[K’ is deprecated: declare_parameter() with only a name is deprecated and will be deleted in the future.
[33.324s] If you want to declare a parameter that won't change type without a default value use:
[33.324s] `node->declare_parameter<ParameterT>(name)`, where e.g. ParameterT=int64_t.
[33.324s] 
[33.325s] If you want to declare a parameter that can dynamically change type use:
[33.325s] ```
[33.326s] rcl_interfaces::msg::ParameterDescriptor descriptor;
[33.326s] descriptor.dynamic_typing = true;
[33.327s] node->declare_parameter(name, rclcpp::ParameterValue{}, descriptor);
[33.327s] ``` [[01;35m[K-Wdeprecated-declarations[m[K]
[33.328s]      this->declare_parameter("linear_acceleration_stddev"[01;35m[K)[m[K;
[33.328s]                                                          [01;35m[K^[m[K
[33.329s] In file included from [01m[K/opt/ros/galactic/include/rclcpp/executors/single_threaded_executor.hpp:28[m[K,
[33.329s]                  from [01m[K/opt/ros/galactic/include/rclcpp/executors.hpp:22[m[K,
[33.330s]                  from [01m[K/opt/ros/galactic/include/rclcpp/rclcpp.hpp:156[m[K,
[33.330s]                  from [01m[K/opt/ros/galactic/include/tf2_ros/transform_broadcaster.h:38[m[K,
[33.331s]                  from [01m[K/home/jetson/mecanum-ros2/src/stella_ahrs/include/mw/mw_ahrs.hpp:5[m[K,
[33.331s]                  from [01m[K/home/jetson/mecanum-ros2/src/stella_ahrs/mw/mw_ahrs.cpp:1[m[K:
[33.331s] [01m[K/opt/ros/galactic/include/rclcpp/node.hpp:422:3:[m[K [01;36m[Knote: [m[Kdeclared here
[33.332s]    [01;36m[Kdeclare_parameter[m[K(const std::string & name);
[33.332s]    [01;36m[K^~~~~~~~~~~~~~~~~[m[K
[33.345s] [01m[K/home/jetson/mecanum-ros2/src/stella_ahrs/mw/mw_ahrs.cpp:54:54:[m[K [01;35m[Kwarning: [m[K‘[01m[Kconst rclcpp::ParameterValue& rclcpp::Node::declare_parameter(const string&)[m[K’ is deprecated: declare_parameter() with only a name is deprecated and will be deleted in the future.
[33.346s] If you want to declare a parameter that won't change type without a default value use:
[33.346s] `node->declare_parameter<ParameterT>(name)`, where e.g. ParameterT=int64_t.
[33.347s] 
[33.347s] If you want to declare a parameter that can dynamically change type use:
[33.347s] ```
[33.348s] rcl_interfaces::msg::ParameterDescriptor descriptor;
[33.348s] descriptor.dynamic_typing = true;
[33.349s] node->declare_parameter(name, rclcpp::ParameterValue{}, descriptor);
[33.349s] ``` [[01;35m[K-Wdeprecated-declarations[m[K]
[33.350s]      this->declare_parameter("angular_velocity_stddev"[01;35m[K)[m[K;
[33.350s]                                                       [01;35m[K^[m[K
[33.351s] In file included from [01m[K/opt/ros/galactic/include/rclcpp/executors/single_threaded_executor.hpp:28[m[K,
[33.351s]                  from [01m[K/opt/ros/galactic/include/rclcpp/executors.hpp:22[m[K,
[33.352s]                  from [01m[K/opt/ros/galactic/include/rclcpp/rclcpp.hpp:156[m[K,
[33.352s]                  from [01m[K/opt/ros/galactic/include/tf2_ros/transform_broadcaster.h:38[m[K,
[33.353s]                  from [01m[K/home/jetson/mecanum-ros2/src/stella_ahrs/include/mw/mw_ahrs.hpp:5[m[K,
[33.353s]                  from [01m[K/home/jetson/mecanum-ros2/src/stella_ahrs/mw/mw_ahrs.cpp:1[m[K:
[33.354s] [01m[K/opt/ros/galactic/include/rclcpp/node.hpp:422:3:[m[K [01;36m[Knote: [m[Kdeclared here
[33.354s]    [01;36m[Kdeclare_parameter[m[K(const std::string & name);
[33.354s]    [01;36m[K^~~~~~~~~~~~~~~~~[m[K
[33.355s] [01m[K/home/jetson/mecanum-ros2/src/stella_ahrs/mw/mw_ahrs.cpp:55:52:[m[K [01;35m[Kwarning: [m[K‘[01m[Kconst rclcpp::ParameterValue& rclcpp::Node::declare_parameter(const string&)[m[K’ is deprecated: declare_parameter() with only a name is deprecated and will be deleted in the future.
[33.355s] If you want to declare a parameter that won't change type without a default value use:
[33.356s] `node->declare_parameter<ParameterT>(name)`, where e.g. ParameterT=int64_t.
[33.356s] 
[33.369s] If you want to declare a parameter that can dynamically change type use:
[33.370s] ```
[33.370s] rcl_interfaces::msg::ParameterDescriptor descriptor;
[33.370s] descriptor.dynamic_typing = true;
[33.371s] node->declare_parameter(name, rclcpp::ParameterValue{}, descriptor);
[33.371s] ``` [[01;35m[K-Wdeprecated-declarations[m[K]
[33.372s]      this->declare_parameter("magnetic_field_stddev"[01;35m[K)[m[K;
[33.372s]                                                     [01;35m[K^[m[K
[33.373s] In file included from [01m[K/opt/ros/galactic/include/rclcpp/executors/single_threaded_executor.hpp:28[m[K,
[33.373s]                  from [01m[K/opt/ros/galactic/include/rclcpp/executors.hpp:22[m[K,
[33.374s]                  from [01m[K/opt/ros/galactic/include/rclcpp/rclcpp.hpp:156[m[K,
[33.374s]                  from [01m[K/opt/ros/galactic/include/tf2_ros/transform_broadcaster.h:38[m[K,
[33.374s]                  from [01m[K/home/jetson/mecanum-ros2/src/stella_ahrs/include/mw/mw_ahrs.hpp:5[m[K,
[33.375s]                  from [01m[K/home/jetson/mecanum-ros2/src/stella_ahrs/mw/mw_ahrs.cpp:1[m[K:
[33.375s] [01m[K/opt/ros/galactic/include/rclcpp/node.hpp:422:3:[m[K [01;36m[Knote: [m[Kdeclared here
[33.376s]    [01;36m[Kdeclare_parameter[m[K(const std::string & name);
[33.376s]    [01;36m[K^~~~~~~~~~~~~~~~~[m[K
[33.377s] [01m[K/home/jetson/mecanum-ros2/src/stella_ahrs/mw/mw_ahrs.cpp:56:49:[m[K [01;35m[Kwarning: [m[K‘[01m[Kconst rclcpp::ParameterValue& rclcpp::Node::declare_parameter(const string&)[m[K’ is deprecated: declare_parameter() with only a name is deprecated and will be deleted in the future.
[33.377s] If you want to declare a parameter that won't change type without a default value use:
[33.378s] `node->declare_parameter<ParameterT>(name)`, where e.g. ParameterT=int64_t.
[33.378s] 
[33.378s] If you want to declare a parameter that can dynamically change type use:
[33.379s] ```
[33.379s] rcl_interfaces::msg::ParameterDescriptor descriptor;
[33.380s] descriptor.dynamic_typing = true;
[33.380s] node->declare_parameter(name, rclcpp::ParameterValue{}, descriptor);
[33.393s] ``` [[01;35m[K-Wdeprecated-declarations[m[K]
[33.393s]      this->declare_parameter("orientation_stddev"[01;35m[K)[m[K;
[33.394s]                                                  [01;35m[K^[m[K
[33.394s] In file included from [01m[K/opt/ros/galactic/include/rclcpp/executors/single_threaded_executor.hpp:28[m[K,
[33.395s]                  from [01m[K/opt/ros/galactic/include/rclcpp/executors.hpp:22[m[K,
[33.395s]                  from [01m[K/opt/ros/galactic/include/rclcpp/rclcpp.hpp:156[m[K,
[33.395s]                  from [01m[K/opt/ros/galactic/include/tf2_ros/transform_broadcaster.h:38[m[K,
[33.396s]                  from [01m[K/home/jetson/mecanum-ros2/src/stella_ahrs/include/mw/mw_ahrs.hpp:5[m[K,
[33.396s]                  from [01m[K/home/jetson/mecanum-ros2/src/stella_ahrs/mw/mw_ahrs.cpp:1[m[K:
[33.397s] [01m[K/opt/ros/galactic/include/rclcpp/node.hpp:422:3:[m[K [01;36m[Knote: [m[Kdeclared here
[33.397s]    [01;36m[Kdeclare_parameter[m[K(const std::string & name);
[33.398s]    [01;36m[K^~~~~~~~~~~~~~~~~[m[K
[45.217s] [100%] [32m[1mLinking CXX executable stella_ahrs_node[0m
[46.488s] [100%] Built target stella_ahrs_node
[46.530s] Invoked command in '/home/jetson/mecanum-ros2/build/stella_ahrs' returned '0': CMAKE_PREFIX_PATH=${CMAKE_PREFIX_PATH}:/home/jetson/mecanum-ros2/install/teleop_keyboard:/home/jetson/mecanum-ros2/install/motor_control:/home/jetson/mecanum-ros2/install/mobile_description:/home/jetson/mecanum-ros2/install/mecanum_odometry:/home/jetson/mecanum-ros2/install/mecanum_cartographer:/home/jetson/mecanum-ros2/install/manipulator:/opt/ros/galactic /usr/bin/cmake --build /home/jetson/mecanum-ros2/build/stella_ahrs -- -j4 -l4
[46.664s] Invoking command in '/home/jetson/mecanum-ros2/build/stella_ahrs': CMAKE_PREFIX_PATH=${CMAKE_PREFIX_PATH}:/home/jetson/mecanum-ros2/install/teleop_keyboard:/home/jetson/mecanum-ros2/install/motor_control:/home/jetson/mecanum-ros2/install/mobile_description:/home/jetson/mecanum-ros2/install/mecanum_odometry:/home/jetson/mecanum-ros2/install/mecanum_cartographer:/home/jetson/mecanum-ros2/install/manipulator:/opt/ros/galactic /usr/bin/cmake --install /home/jetson/mecanum-ros2/build/stella_ahrs
[46.697s] -- Install configuration: ""
[46.699s] -- Installing: /home/jetson/mecanum-ros2/install/stella_ahrs/share/stella_ahrs//launch
[46.700s] -- Installing: /home/jetson/mecanum-ros2/install/stella_ahrs/share/stella_ahrs//launch/stella_ahrs_launch.py
[46.703s] -- Installing: /home/jetson/mecanum-ros2/install/stella_ahrs/share/stella_ahrs/rviz
[46.704s] -- Installing: /home/jetson/mecanum-ros2/install/stella_ahrs/share/stella_ahrs/rviz/imu_test.rviz
[46.705s] -- Installing: /home/jetson/mecanum-ros2/install/stella_ahrs/lib/stella_ahrs/stella_ahrs_node
[46.713s] -- Set runtime path of "/home/jetson/mecanum-ros2/install/stella_ahrs/lib/stella_ahrs/stella_ahrs_node" to ""
[46.714s] -- Installing: /home/jetson/mecanum-ros2/install/stella_ahrs/share/ament_index/resource_index/package_run_dependencies/stella_ahrs
[46.714s] -- Installing: /home/jetson/mecanum-ros2/install/stella_ahrs/share/ament_index/resource_index/parent_prefix_path/stella_ahrs
[46.716s] -- Installing: /home/jetson/mecanum-ros2/install/stella_ahrs/share/stella_ahrs/environment/ament_prefix_path.sh
[46.720s] -- Installing: /home/jetson/mecanum-ros2/install/stella_ahrs/share/stella_ahrs/environment/ament_prefix_path.dsv
[46.721s] -- Installing: /home/jetson/mecanum-ros2/install/stella_ahrs/share/stella_ahrs/environment/path.sh
[46.722s] -- Installing: /home/jetson/mecanum-ros2/install/stella_ahrs/share/stella_ahrs/environment/path.dsv
[46.722s] -- Installing: /home/jetson/mecanum-ros2/install/stella_ahrs/share/stella_ahrs/local_setup.bash
[46.723s] -- Installing: /home/jetson/mecanum-ros2/install/stella_ahrs/share/stella_ahrs/local_setup.sh
[46.724s] -- Installing: /home/jetson/mecanum-ros2/install/stella_ahrs/share/stella_ahrs/local_setup.zsh
[46.725s] -- Installing: /home/jetson/mecanum-ros2/install/stella_ahrs/share/stella_ahrs/local_setup.dsv
[46.725s] -- Installing: /home/jetson/mecanum-ros2/install/stella_ahrs/share/stella_ahrs/package.dsv
[46.726s] -- Installing: /home/jetson/mecanum-ros2/install/stella_ahrs/share/ament_index/resource_index/packages/stella_ahrs
[46.727s] -- Installing: /home/jetson/mecanum-ros2/install/stella_ahrs/share/stella_ahrs/cmake/ament_cmake_export_include_directories-extras.cmake
[46.727s] -- Installing: /home/jetson/mecanum-ros2/install/stella_ahrs/share/stella_ahrs/cmake/stella_ahrsConfig.cmake
[46.728s] -- Installing: /home/jetson/mecanum-ros2/install/stella_ahrs/share/stella_ahrs/cmake/stella_ahrsConfig-version.cmake
[46.729s] -- Installing: /home/jetson/mecanum-ros2/install/stella_ahrs/share/stella_ahrs/package.xml
[46.741s] Invoked command in '/home/jetson/mecanum-ros2/build/stella_ahrs' returned '0': CMAKE_PREFIX_PATH=${CMAKE_PREFIX_PATH}:/home/jetson/mecanum-ros2/install/teleop_keyboard:/home/jetson/mecanum-ros2/install/motor_control:/home/jetson/mecanum-ros2/install/mobile_description:/home/jetson/mecanum-ros2/install/mecanum_odometry:/home/jetson/mecanum-ros2/install/mecanum_cartographer:/home/jetson/mecanum-ros2/install/manipulator:/opt/ros/galactic /usr/bin/cmake --install /home/jetson/mecanum-ros2/build/stella_ahrs
