[4.619s] Invoking command in '/home/jetson/mecanum-ros2/src/motor_control': PYTHONPATH=/home/jetson/mecanum-ros2/build/motor_control/prefix_override:/home/jetson/mecanum-ros2/install/motor_control/lib/python3.8/site-packages:${PYTHONPATH} /usr/bin/python3 setup.py egg_info --egg-base ../../build/motor_control build --build-base /home/jetson/mecanum-ros2/build/motor_control/build install --record /home/jetson/mecanum-ros2/build/motor_control/install.log --single-version-externally-managed
[5.867s] running egg_info
[5.870s] writing ../../build/motor_control/motor_control.egg-info/PKG-INFO
[5.872s] writing dependency_links to ../../build/motor_control/motor_control.egg-info/dependency_links.txt
[5.873s] writing entry points to ../../build/motor_control/motor_control.egg-info/entry_points.txt
[5.873s] writing requirements to ../../build/motor_control/motor_control.egg-info/requires.txt
[5.874s] writing top-level names to ../../build/motor_control/motor_control.egg-info/top_level.txt
[5.887s] reading manifest file '../../build/motor_control/motor_control.egg-info/SOURCES.txt'
[5.891s] writing manifest file '../../build/motor_control/motor_control.egg-info/SOURCES.txt'
[5.891s] running build
[5.892s] running build_py
[5.892s] copying motor_control/motor_control.py -> /home/jetson/mecanum-ros2/build/motor_control/build/lib/motor_control
[5.893s] running install
[5.896s] running install_lib
[5.900s] copying /home/jetson/mecanum-ros2/build/motor_control/build/lib/motor_control/motor_control.py -> /home/jetson/mecanum-ros2/install/motor_control/lib/python3.8/site-packages/motor_control
[5.902s] byte-compiling /home/jetson/mecanum-ros2/install/motor_control/lib/python3.8/site-packages/motor_control/motor_control.py to motor_control.cpython-38.pyc
[5.905s] running install_data
[5.908s] running install_egg_info
[5.914s] removing '/home/jetson/mecanum-ros2/install/motor_control/lib/python3.8/site-packages/motor_control-0.0.0-py3.8.egg-info' (and everything under it)
[5.915s] Copying ../../build/motor_control/motor_control.egg-info to /home/jetson/mecanum-ros2/install/motor_control/lib/python3.8/site-packages/motor_control-0.0.0-py3.8.egg-info
[5.918s] running install_scripts
[5.995s] Installing motor_control script to /home/jetson/mecanum-ros2/install/motor_control/lib/motor_control
[5.996s] writing list of installed files to '/home/jetson/mecanum-ros2/build/motor_control/install.log'
[6.113s] Invoked command in '/home/jetson/mecanum-ros2/src/motor_control' returned '0': PYTHONPATH=/home/jetson/mecanum-ros2/build/motor_control/prefix_override:/home/jetson/mecanum-ros2/install/motor_control/lib/python3.8/site-packages:${PYTHONPATH} /usr/bin/python3 setup.py egg_info --egg-base ../../build/motor_control build --build-base /home/jetson/mecanum-ros2/build/motor_control/build install --record /home/jetson/mecanum-ros2/build/motor_control/install.log --single-version-externally-managed
