[0.184s] Invoking command in '/home/jetson/mecanum-ros2/build/ydlidar_ros2_driver': CMAKE_PREFIX_PATH=${CMAKE_PREFIX_PATH}:/home/jetson/mecanum-ros2/install/teleop_keyboard:/home/jetson/mecanum-ros2/install/motor_control:/home/jetson/mecanum-ros2/install/mobile_description:/home/jetson/mecanum-ros2/install/mecanum_odometry:/opt/ros/galactic /usr/bin/cmake --build /home/jetson/mecanum-ros2/build/ydlidar_ros2_driver -- -j4 -l4
[0.442s] [100%] Built target ydlidar_ros2_driver_node
[0.443s] [100%] Built target ydlidar_ros2_driver_client
[0.484s] Invoked command in '/home/jetson/mecanum-ros2/build/ydlidar_ros2_driver' returned '0': CMAKE_PREFIX_PATH=${CMAKE_PREFIX_PATH}:/home/jetson/mecanum-ros2/install/teleop_keyboard:/home/jetson/mecanum-ros2/install/motor_control:/home/jetson/mecanum-ros2/install/mobile_description:/home/jetson/mecanum-ros2/install/mecanum_odometry:/opt/ros/galactic /usr/bin/cmake --build /home/jetson/mecanum-ros2/build/ydlidar_ros2_driver -- -j4 -l4
[0.595s] Invoking command in '/home/jetson/mecanum-ros2/build/ydlidar_ros2_driver': CMAKE_PREFIX_PATH=${CMAKE_PREFIX_PATH}:/home/jetson/mecanum-ros2/install/teleop_keyboard:/home/jetson/mecanum-ros2/install/motor_control:/home/jetson/mecanum-ros2/install/mobile_description:/home/jetson/mecanum-ros2/install/mecanum_odometry:/opt/ros/galactic /usr/bin/cmake --install /home/jetson/mecanum-ros2/build/ydlidar_ros2_driver
[0.627s] -- Install configuration: ""
[0.628s] -- Up-to-date: /home/jetson/mecanum-ros2/install/ydlidar_ros2_driver/lib/ydlidar_ros2_driver/ydlidar_ros2_driver_node
[0.630s] -- Up-to-date: /home/jetson/mecanum-ros2/install/ydlidar_ros2_driver/lib/ydlidar_ros2_driver/ydlidar_ros2_driver_client
[0.631s] -- Up-to-date: /home/jetson/mecanum-ros2/install/ydlidar_ros2_driver/share/ydlidar_ros2_driver/launch
[0.632s] -- Up-to-date: /home/jetson/mecanum-ros2/install/ydlidar_ros2_driver/share/ydlidar_ros2_driver/launch/ydlidar.py
[0.633s] -- Up-to-date: /home/jetson/mecanum-ros2/install/ydlidar_ros2_driver/share/ydlidar_ros2_driver/launch/ydlidar_launch.py
[0.634s] -- Up-to-date: /home/jetson/mecanum-ros2/install/ydlidar_ros2_driver/share/ydlidar_ros2_driver/launch/ydlidar_launch_view.py
[0.634s] -- Up-to-date: /home/jetson/mecanum-ros2/install/ydlidar_ros2_driver/share/ydlidar_ros2_driver/params
[0.635s] -- Up-to-date: /home/jetson/mecanum-ros2/install/ydlidar_ros2_driver/share/ydlidar_ros2_driver/params/ydlidar.yaml
[0.636s] -- Up-to-date: /home/jetson/mecanum-ros2/install/ydlidar_ros2_driver/share/ydlidar_ros2_driver/startup
[0.636s] -- Up-to-date: /home/jetson/mecanum-ros2/install/ydlidar_ros2_driver/share/ydlidar_ros2_driver/startup/initenv.sh
[0.637s] -- Up-to-date: /home/jetson/mecanum-ros2/install/ydlidar_ros2_driver/share/ydlidar_ros2_driver/config
[0.637s] -- Up-to-date: /home/jetson/mecanum-ros2/install/ydlidar_ros2_driver/share/ydlidar_ros2_driver/config/ydlidar.rviz
[0.638s] -- Up-to-date: /home/jetson/mecanum-ros2/install/ydlidar_ros2_driver/share/ament_index/resource_index/package_run_dependencies/ydlidar_ros2_driver
[0.639s] -- Up-to-date: /home/jetson/mecanum-ros2/install/ydlidar_ros2_driver/share/ament_index/resource_index/parent_prefix_path/ydlidar_ros2_driver
[0.639s] -- Up-to-date: /home/jetson/mecanum-ros2/install/ydlidar_ros2_driver/share/ydlidar_ros2_driver/environment/ament_prefix_path.sh
[0.640s] -- Up-to-date: /home/jetson/mecanum-ros2/install/ydlidar_ros2_driver/share/ydlidar_ros2_driver/environment/ament_prefix_path.dsv
[0.642s] -- Up-to-date: /home/jetson/mecanum-ros2/install/ydlidar_ros2_driver/share/ydlidar_ros2_driver/environment/path.sh
[0.642s] -- Up-to-date: /home/jetson/mecanum-ros2/install/ydlidar_ros2_driver/share/ydlidar_ros2_driver/environment/path.dsv
[0.643s] -- Up-to-date: /home/jetson/mecanum-ros2/install/ydlidar_ros2_driver/share/ydlidar_ros2_driver/local_setup.bash
[0.644s] -- Up-to-date: /home/jetson/mecanum-ros2/install/ydlidar_ros2_driver/share/ydlidar_ros2_driver/local_setup.sh
[0.645s] -- Up-to-date: /home/jetson/mecanum-ros2/install/ydlidar_ros2_driver/share/ydlidar_ros2_driver/local_setup.zsh
[0.646s] -- Up-to-date: /home/jetson/mecanum-ros2/install/ydlidar_ros2_driver/share/ydlidar_ros2_driver/local_setup.dsv
[0.653s] -- Installing: /home/jetson/mecanum-ros2/install/ydlidar_ros2_driver/share/ydlidar_ros2_driver/package.dsv
[0.665s] -- Up-to-date: /home/jetson/mecanum-ros2/install/ydlidar_ros2_driver/share/ament_index/resource_index/packages/ydlidar_ros2_driver
[0.666s] -- Up-to-date: /home/jetson/mecanum-ros2/install/ydlidar_ros2_driver/share/ydlidar_ros2_driver/cmake/ydlidar_ros2_driverConfig.cmake
[0.667s] -- Up-to-date: /home/jetson/mecanum-ros2/install/ydlidar_ros2_driver/share/ydlidar_ros2_driver/cmake/ydlidar_ros2_driverConfig-version.cmake
[0.668s] -- Up-to-date: /home/jetson/mecanum-ros2/install/ydlidar_ros2_driver/share/ydlidar_ros2_driver/package.xml
[0.669s] Invoked command in '/home/jetson/mecanum-ros2/build/ydlidar_ros2_driver' returned '0': CMAKE_PREFIX_PATH=${CMAKE_PREFIX_PATH}:/home/jetson/mecanum-ros2/install/teleop_keyboard:/home/jetson/mecanum-ros2/install/motor_control:/home/jetson/mecanum-ros2/install/mobile_description:/home/jetson/mecanum-ros2/install/mecanum_odometry:/opt/ros/galactic /usr/bin/cmake --install /home/jetson/mecanum-ros2/build/ydlidar_ros2_driver
