[8.413s] Invoking command in '/home/jetson/mecanum-ros2/src/mobile_description': PYTHONPATH=/home/jetson/mecanum-ros2/build/mobile_description/prefix_override:/home/jetson/mecanum-ros2/install/mobile_description/lib/python3.8/site-packages:${PYTHONPATH} /usr/bin/python3 setup.py egg_info --egg-base ../../build/mobile_description build --build-base /home/jetson/mecanum-ros2/build/mobile_description/build install --record /home/jetson/mecanum-ros2/build/mobile_description/install.log --install-scripts $base/lib/mobile_description --single-version-externally-managed
[9.886s] /usr/local/lib/python3.8/dist-packages/setuptools/dist.py:717: UserWarning: Usage of dash-separated 'script-dir' will not be supported in future versions. Please use the underscore name 'script_dir' instead
[9.887s]   warnings.warn(
[10.072s] running egg_info
[10.075s] writing ../../build/mobile_description/mobile_description.egg-info/PKG-INFO
[10.082s] writing dependency_links to ../../build/mobile_description/mobile_description.egg-info/dependency_links.txt
[10.083s] writing entry points to ../../build/mobile_description/mobile_description.egg-info/entry_points.txt
[10.085s] writing requirements to ../../build/mobile_description/mobile_description.egg-info/requires.txt
[10.086s] writing top-level names to ../../build/mobile_description/mobile_description.egg-info/top_level.txt
[10.106s] reading manifest file '../../build/mobile_description/mobile_description.egg-info/SOURCES.txt'
[10.116s] writing manifest file '../../build/mobile_description/mobile_description.egg-info/SOURCES.txt'
[10.116s] running build
[10.117s] running build_py
[10.124s] running install
[10.129s] running install_lib
[10.149s] running install_data
[10.165s] running install_egg_info
[10.173s] removing '/home/jetson/mecanum-ros2/install/mobile_description/lib/python3.8/site-packages/mobile_description-0.0.0-py3.8.egg-info' (and everything under it)
[10.175s] Copying ../../build/mobile_description/mobile_description.egg-info to /home/jetson/mecanum-ros2/install/mobile_description/lib/python3.8/site-packages/mobile_description-0.0.0-py3.8.egg-info
[10.185s] running install_scripts
[10.290s] writing list of installed files to '/home/jetson/mecanum-ros2/build/mobile_description/install.log'
[10.478s] Invoked command in '/home/jetson/mecanum-ros2/src/mobile_description' returned '0': PYTHONPATH=/home/jetson/mecanum-ros2/build/mobile_description/prefix_override:/home/jetson/mecanum-ros2/install/mobile_description/lib/python3.8/site-packages:${PYTHONPATH} /usr/bin/python3 setup.py egg_info --egg-base ../../build/mobile_description build --build-base /home/jetson/mecanum-ros2/build/mobile_description/build install --record /home/jetson/mecanum-ros2/build/mobile_description/install.log --install-scripts $base/lib/mobile_description --single-version-externally-managed
