[0.594s] Invoking command in '/home/jetson/mecanum-ros2/build/mecanum_bringup': CMAKE_PREFIX_PATH=${CMAKE_PREFIX_PATH}:/home/jetson/mecanum-ros2/install/teleop_keyboard:/home/jetson/mecanum-ros2/install/motor_control:/home/jetson/mecanum-ros2/install/mobile_description:/home/jetson/mecanum-ros2/install/mecanum_odometry:/opt/ros/galactic /usr/bin/cmake --build /home/jetson/mecanum-ros2/build/mecanum_bringup -- -j4 -l4
[6.129s] Invoked command in '/home/jetson/mecanum-ros2/build/mecanum_bringup' returned '0': CMAKE_PREFIX_PATH=${CMAKE_PREFIX_PATH}:/home/jetson/mecanum-ros2/install/teleop_keyboard:/home/jetson/mecanum-ros2/install/motor_control:/home/jetson/mecanum-ros2/install/mobile_description:/home/jetson/mecanum-ros2/install/mecanum_odometry:/opt/ros/galactic /usr/bin/cmake --build /home/jetson/mecanum-ros2/build/mecanum_bringup -- -j4 -l4
[6.521s] Invoking command in '/home/jetson/mecanum-ros2/build/mecanum_bringup': CMAKE_PREFIX_PATH=${CMAKE_PREFIX_PATH}:/home/jetson/mecanum-ros2/install/teleop_keyboard:/home/jetson/mecanum-ros2/install/motor_control:/home/jetson/mecanum-ros2/install/mobile_description:/home/jetson/mecanum-ros2/install/mecanum_odometry:/opt/ros/galactic /usr/bin/cmake --install /home/jetson/mecanum-ros2/build/mecanum_bringup
[6.673s] -- Install configuration: ""
[6.677s] -- Up-to-date: /home/jetson/mecanum-ros2/install/mecanum_bringup/share/mecanum_bringup/launch
[6.684s] -- Up-to-date: /home/jetson/mecanum-ros2/install/mecanum_bringup/share/mecanum_bringup/launch/mecanum_rviz_view.launch.py
[6.686s] -- Up-to-date: /home/jetson/mecanum-ros2/install/mecanum_bringup/share/mecanum_bringup/launch/mecanum.launch.py
[6.690s] -- Up-to-date: /home/jetson/mecanum-ros2/install/mecanum_bringup/share/mecanum_bringup/launch/mecanum_state_publisher.launch.py
[6.693s] -- Up-to-date: /home/jetson/mecanum-ros2/install/mecanum_bringup/share/mecanum_bringup/config
[6.696s] -- Up-to-date: /home/jetson/mecanum-ros2/install/mecanum_bringup/share/mecanum_bringup/config/config.rviz
[6.699s] -- Up-to-date: /home/jetson/mecanum-ros2/install/mecanum_bringup/share/mecanum_bringup/config/mecanum_rviz_view.rviz
[6.701s] -- Up-to-date: /home/jetson/mecanum-ros2/install/mecanum_bringup/share/ament_index/resource_index/package_run_dependencies/mecanum_bringup
[6.703s] -- Up-to-date: /home/jetson/mecanum-ros2/install/mecanum_bringup/share/ament_index/resource_index/parent_prefix_path/mecanum_bringup
[6.727s] -- Up-to-date: /home/jetson/mecanum-ros2/install/mecanum_bringup/share/mecanum_bringup/environment/ament_prefix_path.sh
[6.729s] -- Up-to-date: /home/jetson/mecanum-ros2/install/mecanum_bringup/share/mecanum_bringup/environment/ament_prefix_path.dsv
[6.731s] -- Up-to-date: /home/jetson/mecanum-ros2/install/mecanum_bringup/share/mecanum_bringup/environment/path.sh
[6.732s] -- Up-to-date: /home/jetson/mecanum-ros2/install/mecanum_bringup/share/mecanum_bringup/environment/path.dsv
[6.735s] -- Up-to-date: /home/jetson/mecanum-ros2/install/mecanum_bringup/share/mecanum_bringup/local_setup.bash
[6.736s] -- Up-to-date: /home/jetson/mecanum-ros2/install/mecanum_bringup/share/mecanum_bringup/local_setup.sh
[6.738s] -- Up-to-date: /home/jetson/mecanum-ros2/install/mecanum_bringup/share/mecanum_bringup/local_setup.zsh
[6.740s] -- Up-to-date: /home/jetson/mecanum-ros2/install/mecanum_bringup/share/mecanum_bringup/local_setup.dsv
[6.741s] -- Installing: /home/jetson/mecanum-ros2/install/mecanum_bringup/share/mecanum_bringup/package.dsv
[6.743s] -- Up-to-date: /home/jetson/mecanum-ros2/install/mecanum_bringup/share/ament_index/resource_index/packages/mecanum_bringup
[6.744s] -- Up-to-date: /home/jetson/mecanum-ros2/install/mecanum_bringup/share/mecanum_bringup/cmake/mecanum_bringupConfig.cmake
[6.746s] -- Up-to-date: /home/jetson/mecanum-ros2/install/mecanum_bringup/share/mecanum_bringup/cmake/mecanum_bringupConfig-version.cmake
[6.760s] -- Up-to-date: /home/jetson/mecanum-ros2/install/mecanum_bringup/share/mecanum_bringup/package.xml
[6.764s] Invoked command in '/home/jetson/mecanum-ros2/build/mecanum_bringup' returned '0': CMAKE_PREFIX_PATH=${CMAKE_PREFIX_PATH}:/home/jetson/mecanum-ros2/install/teleop_keyboard:/home/jetson/mecanum-ros2/install/motor_control:/home/jetson/mecanum-ros2/install/mobile_description:/home/jetson/mecanum-ros2/install/mecanum_odometry:/opt/ros/galactic /usr/bin/cmake --install /home/jetson/mecanum-ros2/build/mecanum_bringup
