[3.836s] Invoking command in '/home/jetson/mecanum-ros2/src/teleop_keyboard': PYTHONPATH=/home/jetson/mecanum-ros2/build/teleop_keyboard/prefix_override:/home/jetson/mecanum-ros2/install/teleop_keyboard/lib/python3.8/site-packages:${PYTHONPATH} /usr/bin/python3 setup.py egg_info --egg-base ../../build/teleop_keyboard build --build-base /home/jetson/mecanum-ros2/build/teleop_keyboard/build install --record /home/jetson/mecanum-ros2/build/teleop_keyboard/install.log --single-version-externally-managed
[5.065s] running egg_info
[5.069s] writing ../../build/teleop_keyboard/teleop_keyboard.egg-info/PKG-INFO
[5.069s] writing dependency_links to ../../build/teleop_keyboard/teleop_keyboard.egg-info/dependency_links.txt
[5.070s] writing entry points to ../../build/teleop_keyboard/teleop_keyboard.egg-info/entry_points.txt
[5.070s] writing requirements to ../../build/teleop_keyboard/teleop_keyboard.egg-info/requires.txt
[5.071s] writing top-level names to ../../build/teleop_keyboard/teleop_keyboard.egg-info/top_level.txt
[5.082s] reading manifest file '../../build/teleop_keyboard/teleop_keyboard.egg-info/SOURCES.txt'
[5.086s] writing manifest file '../../build/teleop_keyboard/teleop_keyboard.egg-info/SOURCES.txt'
[5.086s] running build
[5.086s] running build_py
[5.087s] running install
[5.090s] running install_lib
[5.095s] running install_data
[5.098s] running install_egg_info
[5.104s] removing '/home/jetson/mecanum-ros2/install/teleop_keyboard/lib/python3.8/site-packages/teleop_keyboard-0.0.1-py3.8.egg-info' (and everything under it)
[5.105s] Copying ../../build/teleop_keyboard/teleop_keyboard.egg-info to /home/jetson/mecanum-ros2/install/teleop_keyboard/lib/python3.8/site-packages/teleop_keyboard-0.0.1-py3.8.egg-info
[5.108s] running install_scripts
[5.182s] Installing teleop_keyboard script to /home/jetson/mecanum-ros2/install/teleop_keyboard/lib/teleop_keyboard
[5.182s] writing list of installed files to '/home/jetson/mecanum-ros2/build/teleop_keyboard/install.log'
[5.289s] Invoked command in '/home/jetson/mecanum-ros2/src/teleop_keyboard' returned '0': PYTHONPATH=/home/jetson/mecanum-ros2/build/teleop_keyboard/prefix_override:/home/jetson/mecanum-ros2/install/teleop_keyboard/lib/python3.8/site-packages:${PYTHONPATH} /usr/bin/python3 setup.py egg_info --egg-base ../../build/teleop_keyboard build --build-base /home/jetson/mecanum-ros2/build/teleop_keyboard/build install --record /home/jetson/mecanum-ros2/build/teleop_keyboard/install.log --single-version-externally-managed
