[10.109s] Invoking command in '/home/jetson/mecanum-ros2/src/motor_control': PYTHONPATH=/home/jetson/mecanum-ros2/build/motor_control/prefix_override:/home/jetson/mecanum-ros2/install/motor_control/lib/python3.8/site-packages:${PYTHONPATH} /usr/bin/python3 setup.py egg_info --egg-base ../../build/motor_control build --build-base /home/jetson/mecanum-ros2/build/motor_control/build install --record /home/jetson/mecanum-ros2/build/motor_control/install.log --single-version-externally-managed
[12.857s] running egg_info
[12.859s] creating ../../build/motor_control/motor_control.egg-info
[12.862s] writing ../../build/motor_control/motor_control.egg-info/PKG-INFO
[12.863s] writing dependency_links to ../../build/motor_control/motor_control.egg-info/dependency_links.txt
[12.863s] writing entry points to ../../build/motor_control/motor_control.egg-info/entry_points.txt
[12.864s] writing requirements to ../../build/motor_control/motor_control.egg-info/requires.txt
[12.864s] writing top-level names to ../../build/motor_control/motor_control.egg-info/top_level.txt
[12.868s] writing manifest file '../../build/motor_control/motor_control.egg-info/SOURCES.txt'
[12.886s] reading manifest file '../../build/motor_control/motor_control.egg-info/SOURCES.txt'
[12.899s] writing manifest file '../../build/motor_control/motor_control.egg-info/SOURCES.txt'
[12.900s] running build
[12.901s] running build_py
[12.902s] creating /home/jetson/mecanum-ros2/build/motor_control/build
[12.903s] creating /home/jetson/mecanum-ros2/build/motor_control/build/lib
[12.904s] creating /home/jetson/mecanum-ros2/build/motor_control/build/lib/motor_control
[12.904s] copying motor_control/motor_control_int.py -> /home/jetson/mecanum-ros2/build/motor_control/build/lib/motor_control
[12.908s] copying motor_control/__init__.py -> /home/jetson/mecanum-ros2/build/motor_control/build/lib/motor_control
[12.909s] copying motor_control/motor_control_float.py -> /home/jetson/mecanum-ros2/build/motor_control/build/lib/motor_control
[12.909s] running install
[12.922s] running install_lib
[12.929s] creating /home/jetson/mecanum-ros2/install/motor_control/lib/python3.8/site-packages/motor_control
[12.931s] copying /home/jetson/mecanum-ros2/build/motor_control/build/lib/motor_control/motor_control_int.py -> /home/jetson/mecanum-ros2/install/motor_control/lib/python3.8/site-packages/motor_control
[12.933s] copying /home/jetson/mecanum-ros2/build/motor_control/build/lib/motor_control/__init__.py -> /home/jetson/mecanum-ros2/install/motor_control/lib/python3.8/site-packages/motor_control
[12.935s] copying /home/jetson/mecanum-ros2/build/motor_control/build/lib/motor_control/motor_control_float.py -> /home/jetson/mecanum-ros2/install/motor_control/lib/python3.8/site-packages/motor_control
[12.940s] byte-compiling /home/jetson/mecanum-ros2/install/motor_control/lib/python3.8/site-packages/motor_control/motor_control_int.py to motor_control_int.cpython-38.pyc
[12.945s] byte-compiling /home/jetson/mecanum-ros2/install/motor_control/lib/python3.8/site-packages/motor_control/__init__.py to __init__.cpython-38.pyc
[12.947s] byte-compiling /home/jetson/mecanum-ros2/install/motor_control/lib/python3.8/site-packages/motor_control/motor_control_float.py to motor_control_float.cpython-38.pyc
[12.953s] running install_data
[12.957s] creating /home/jetson/mecanum-ros2/install/motor_control/share/ament_index
[12.958s] creating /home/jetson/mecanum-ros2/install/motor_control/share/ament_index/resource_index
[12.960s] creating /home/jetson/mecanum-ros2/install/motor_control/share/ament_index/resource_index/packages
[12.961s] copying resource/motor_control -> /home/jetson/mecanum-ros2/install/motor_control/share/ament_index/resource_index/packages
[12.961s] copying package.xml -> /home/jetson/mecanum-ros2/install/motor_control/share/motor_control
[12.962s] creating /home/jetson/mecanum-ros2/install/motor_control/share/motor_control/launch
[12.963s] copying launch/motor_control.launch.py -> /home/jetson/mecanum-ros2/install/motor_control/share/motor_control/launch
[12.991s] creating /home/jetson/mecanum-ros2/install/motor_control/share/motor_control/param
[12.992s] copying param/motor_config.yaml -> /home/jetson/mecanum-ros2/install/motor_control/share/motor_control/param
[13.128s] running install_egg_info
[13.137s] Copying ../../build/motor_control/motor_control.egg-info to /home/jetson/mecanum-ros2/install/motor_control/lib/python3.8/site-packages/motor_control-0.0.0-py3.8.egg-info
[13.142s] running install_scripts
[13.303s] Installing motor_control_float script to /home/jetson/mecanum-ros2/install/motor_control/lib/motor_control
[13.304s] Installing motor_control_int script to /home/jetson/mecanum-ros2/install/motor_control/lib/motor_control
[13.305s] writing list of installed files to '/home/jetson/mecanum-ros2/build/motor_control/install.log'
[13.533s] Invoked command in '/home/jetson/mecanum-ros2/src/motor_control' returned '0': PYTHONPATH=/home/jetson/mecanum-ros2/build/motor_control/prefix_override:/home/jetson/mecanum-ros2/install/motor_control/lib/python3.8/site-packages:${PYTHONPATH} /usr/bin/python3 setup.py egg_info --egg-base ../../build/motor_control build --build-base /home/jetson/mecanum-ros2/build/motor_control/build install --record /home/jetson/mecanum-ros2/build/motor_control/install.log --single-version-externally-managed
