[0.034s] Invoking command in '/home/ohj/mecanum-ros2/build/dynamixel_sdk_examples': AMENT_PREFIX_PATH=/home/ohj/mecanum-ros2/install/dynamixel_sdk_custom_interfaces:/home/ohj/mecanum-ros2/install/dynamixel_sdk:${AMENT_PREFIX_PATH} CMAKE_PREFIX_PATH=/home/ohj/mecanum-ros2/install/dynamixel_sdk_custom_interfaces:/home/ohj/mecanum-ros2/install/dynamixel_sdk:/opt/ros/galactic LD_LIBRARY_PATH=/home/ohj/mecanum-ros2/install/dynamixel_sdk_custom_interfaces/lib:/home/ohj/mecanum-ros2/install/dynamixel_sdk/lib:${LD_LIBRARY_PATH} PYTHONPATH=/home/ohj/mecanum-ros2/install/dynamixel_sdk_custom_interfaces/lib/python3.8/site-packages:${PYTHONPATH} /usr/bin/cmake --build /home/ohj/mecanum-ros2/build/dynamixel_sdk_examples -- -j20 -l20
[0.087s] [100%] Built target read_write_node
[0.219s] Invoked command in '/home/ohj/mecanum-ros2/build/dynamixel_sdk_examples' returned '0': AMENT_PREFIX_PATH=/home/ohj/mecanum-ros2/install/dynamixel_sdk_custom_interfaces:/home/ohj/mecanum-ros2/install/dynamixel_sdk:${AMENT_PREFIX_PATH} CMAKE_PREFIX_PATH=/home/ohj/mecanum-ros2/install/dynamixel_sdk_custom_interfaces:/home/ohj/mecanum-ros2/install/dynamixel_sdk:/opt/ros/galactic LD_LIBRARY_PATH=/home/ohj/mecanum-ros2/install/dynamixel_sdk_custom_interfaces/lib:/home/ohj/mecanum-ros2/install/dynamixel_sdk/lib:${LD_LIBRARY_PATH} PYTHONPATH=/home/ohj/mecanum-ros2/install/dynamixel_sdk_custom_interfaces/lib/python3.8/site-packages:${PYTHONPATH} /usr/bin/cmake --build /home/ohj/mecanum-ros2/build/dynamixel_sdk_examples -- -j20 -l20
[0.242s] Invoking command in '/home/ohj/mecanum-ros2/build/dynamixel_sdk_examples': AMENT_PREFIX_PATH=/home/ohj/mecanum-ros2/install/dynamixel_sdk_custom_interfaces:/home/ohj/mecanum-ros2/install/dynamixel_sdk:${AMENT_PREFIX_PATH} CMAKE_PREFIX_PATH=/home/ohj/mecanum-ros2/install/dynamixel_sdk_custom_interfaces:/home/ohj/mecanum-ros2/install/dynamixel_sdk:/opt/ros/galactic LD_LIBRARY_PATH=/home/ohj/mecanum-ros2/install/dynamixel_sdk_custom_interfaces/lib:/home/ohj/mecanum-ros2/install/dynamixel_sdk/lib:${LD_LIBRARY_PATH} PYTHONPATH=/home/ohj/mecanum-ros2/install/dynamixel_sdk_custom_interfaces/lib/python3.8/site-packages:${PYTHONPATH} /usr/bin/cmake --install /home/ohj/mecanum-ros2/build/dynamixel_sdk_examples
[0.250s] -- Install configuration: ""
[0.250s] -- Installing: /home/ohj/mecanum-ros2/install/dynamixel_sdk_examples/lib/dynamixel_sdk_examples/read_write_node
[0.253s] -- Set runtime path of "/home/ohj/mecanum-ros2/install/dynamixel_sdk_examples/lib/dynamixel_sdk_examples/read_write_node" to ""
[0.253s] -- Installing: /home/ohj/mecanum-ros2/install/dynamixel_sdk_examples/share/ament_index/resource_index/package_run_dependencies/dynamixel_sdk_examples
[0.253s] -- Installing: /home/ohj/mecanum-ros2/install/dynamixel_sdk_examples/share/ament_index/resource_index/parent_prefix_path/dynamixel_sdk_examples
[0.254s] -- Installing: /home/ohj/mecanum-ros2/install/dynamixel_sdk_examples/share/dynamixel_sdk_examples/environment/ament_prefix_path.sh
[0.254s] -- Installing: /home/ohj/mecanum-ros2/install/dynamixel_sdk_examples/share/dynamixel_sdk_examples/environment/ament_prefix_path.dsv
[0.254s] -- Installing: /home/ohj/mecanum-ros2/install/dynamixel_sdk_examples/share/dynamixel_sdk_examples/environment/path.sh
[0.254s] -- Installing: /home/ohj/mecanum-ros2/install/dynamixel_sdk_examples/share/dynamixel_sdk_examples/environment/path.dsv
[0.254s] -- Installing: /home/ohj/mecanum-ros2/install/dynamixel_sdk_examples/share/dynamixel_sdk_examples/local_setup.bash
[0.254s] -- Installing: /home/ohj/mecanum-ros2/install/dynamixel_sdk_examples/share/dynamixel_sdk_examples/local_setup.sh
[0.254s] -- Installing: /home/ohj/mecanum-ros2/install/dynamixel_sdk_examples/share/dynamixel_sdk_examples/local_setup.zsh
[0.254s] -- Installing: /home/ohj/mecanum-ros2/install/dynamixel_sdk_examples/share/dynamixel_sdk_examples/local_setup.dsv
[0.254s] -- Installing: /home/ohj/mecanum-ros2/install/dynamixel_sdk_examples/share/dynamixel_sdk_examples/package.dsv
[0.254s] -- Installing: /home/ohj/mecanum-ros2/install/dynamixel_sdk_examples/share/ament_index/resource_index/packages/dynamixel_sdk_examples
[0.255s] -- Installing: /home/ohj/mecanum-ros2/install/dynamixel_sdk_examples/share/dynamixel_sdk_examples/cmake/dynamixel_sdk_examplesConfig.cmake
[0.255s] -- Installing: /home/ohj/mecanum-ros2/install/dynamixel_sdk_examples/share/dynamixel_sdk_examples/cmake/dynamixel_sdk_examplesConfig-version.cmake
[0.255s] -- Installing: /home/ohj/mecanum-ros2/install/dynamixel_sdk_examples/share/dynamixel_sdk_examples/package.xml
[0.260s] Invoked command in '/home/ohj/mecanum-ros2/build/dynamixel_sdk_examples' returned '0': AMENT_PREFIX_PATH=/home/ohj/mecanum-ros2/install/dynamixel_sdk_custom_interfaces:/home/ohj/mecanum-ros2/install/dynamixel_sdk:${AMENT_PREFIX_PATH} CMAKE_PREFIX_PATH=/home/ohj/mecanum-ros2/install/dynamixel_sdk_custom_interfaces:/home/ohj/mecanum-ros2/install/dynamixel_sdk:/opt/ros/galactic LD_LIBRARY_PATH=/home/ohj/mecanum-ros2/install/dynamixel_sdk_custom_interfaces/lib:/home/ohj/mecanum-ros2/install/dynamixel_sdk/lib:${LD_LIBRARY_PATH} PYTHONPATH=/home/ohj/mecanum-ros2/install/dynamixel_sdk_custom_interfaces/lib/python3.8/site-packages:${PYTHONPATH} /usr/bin/cmake --install /home/ohj/mecanum-ros2/build/dynamixel_sdk_examples
