[0.920s] Invoking command in '/home/ohj/mecanum-ros2/src/teleop_keyboard': PYTHONPATH=/home/ohj/mecanum-ros2/build/teleop_keyboard/prefix_override:/home/ohj/mecanum-ros2/install/teleop_keyboard/lib/python3.8/site-packages:${PYTHONPATH} /usr/bin/python3 setup.py egg_info --egg-base ../../build/teleop_keyboard build --build-base /home/ohj/mecanum-ros2/build/teleop_keyboard/build install --record /home/ohj/mecanum-ros2/build/teleop_keyboard/install.log --single-version-externally-managed
[1.053s] running egg_info
[1.053s] creating ../../build/teleop_keyboard/teleop_keyboard.egg-info
[1.053s] writing ../../build/teleop_keyboard/teleop_keyboard.egg-info/PKG-INFO
[1.053s] writing dependency_links to ../../build/teleop_keyboard/teleop_keyboard.egg-info/dependency_links.txt
[1.053s] writing entry points to ../../build/teleop_keyboard/teleop_keyboard.egg-info/entry_points.txt
[1.053s] writing requirements to ../../build/teleop_keyboard/teleop_keyboard.egg-info/requires.txt
[1.054s] writing top-level names to ../../build/teleop_keyboard/teleop_keyboard.egg-info/top_level.txt
[1.054s] writing manifest file '../../build/teleop_keyboard/teleop_keyboard.egg-info/SOURCES.txt'
[1.075s] reading manifest file '../../build/teleop_keyboard/teleop_keyboard.egg-info/SOURCES.txt'
[1.075s] writing manifest file '../../build/teleop_keyboard/teleop_keyboard.egg-info/SOURCES.txt'
[1.076s] running build
[1.076s] running build_py
[1.076s] creating /home/ohj/mecanum-ros2/build/teleop_keyboard/build
[1.076s] creating /home/ohj/mecanum-ros2/build/teleop_keyboard/build/lib
[1.076s] creating /home/ohj/mecanum-ros2/build/teleop_keyboard/build/lib/teleop_keyboard
[1.076s] copying teleop_keyboard/__init__.py -> /home/ohj/mecanum-ros2/build/teleop_keyboard/build/lib/teleop_keyboard
[1.076s] copying teleop_keyboard/teleop_keyboard.py -> /home/ohj/mecanum-ros2/build/teleop_keyboard/build/lib/teleop_keyboard
[1.076s] running install
[1.076s] running install_lib
[1.077s] creating /home/ohj/mecanum-ros2/install/teleop_keyboard/lib/python3.8/site-packages/teleop_keyboard
[1.077s] copying /home/ohj/mecanum-ros2/build/teleop_keyboard/build/lib/teleop_keyboard/__init__.py -> /home/ohj/mecanum-ros2/install/teleop_keyboard/lib/python3.8/site-packages/teleop_keyboard
[1.077s] copying /home/ohj/mecanum-ros2/build/teleop_keyboard/build/lib/teleop_keyboard/teleop_keyboard.py -> /home/ohj/mecanum-ros2/install/teleop_keyboard/lib/python3.8/site-packages/teleop_keyboard
[1.077s] byte-compiling /home/ohj/mecanum-ros2/install/teleop_keyboard/lib/python3.8/site-packages/teleop_keyboard/__init__.py to __init__.cpython-38.pyc
[1.078s] byte-compiling /home/ohj/mecanum-ros2/install/teleop_keyboard/lib/python3.8/site-packages/teleop_keyboard/teleop_keyboard.py to teleop_keyboard.cpython-38.pyc
[1.079s] running install_data
[1.079s] creating /home/ohj/mecanum-ros2/install/teleop_keyboard/share/ament_index
[1.079s] creating /home/ohj/mecanum-ros2/install/teleop_keyboard/share/ament_index/resource_index
[1.079s] creating /home/ohj/mecanum-ros2/install/teleop_keyboard/share/ament_index/resource_index/packages
[1.079s] copying resource/teleop_keyboard -> /home/ohj/mecanum-ros2/install/teleop_keyboard/share/ament_index/resource_index/packages
[1.079s] copying package.xml -> /home/ohj/mecanum-ros2/install/teleop_keyboard/share/teleop_keyboard
[1.080s] running install_egg_info
[1.080s] Copying ../../build/teleop_keyboard/teleop_keyboard.egg-info to /home/ohj/mecanum-ros2/install/teleop_keyboard/lib/python3.8/site-packages/teleop_keyboard-0.0.1-py3.8.egg-info
[1.081s] running install_scripts
[1.098s] Installing teleop_keyboard script to /home/ohj/mecanum-ros2/install/teleop_keyboard/lib/teleop_keyboard
[1.098s] writing list of installed files to '/home/ohj/mecanum-ros2/build/teleop_keyboard/install.log'
[1.118s] Invoked command in '/home/ohj/mecanum-ros2/src/teleop_keyboard' returned '0': PYTHONPATH=/home/ohj/mecanum-ros2/build/teleop_keyboard/prefix_override:/home/ohj/mecanum-ros2/install/teleop_keyboard/lib/python3.8/site-packages:${PYTHONPATH} /usr/bin/python3 setup.py egg_info --egg-base ../../build/teleop_keyboard build --build-base /home/ohj/mecanum-ros2/build/teleop_keyboard/build install --record /home/ohj/mecanum-ros2/build/teleop_keyboard/install.log --single-version-externally-managed
