[1.067s] Invoking command in '/home/ohj/mecanum-ros2/src/mecanum_odometry': PYTHONPATH=/home/ohj/mecanum-ros2/build/mecanum_odometry/prefix_override:/home/ohj/mecanum-ros2/install/mecanum_odometry/lib/python3.8/site-packages:${PYTHONPATH} /usr/bin/python3 setup.py egg_info --egg-base ../../build/mecanum_odometry build --build-base /home/ohj/mecanum-ros2/build/mecanum_odometry/build install --record /home/ohj/mecanum-ros2/build/mecanum_odometry/install.log --single-version-externally-managed
[1.233s] running egg_info
[1.233s] creating ../../build/mecanum_odometry/mecanum_odometry.egg-info
[1.233s] writing ../../build/mecanum_odometry/mecanum_odometry.egg-info/PKG-INFO
[1.234s] writing dependency_links to ../../build/mecanum_odometry/mecanum_odometry.egg-info/dependency_links.txt
[1.234s] writing entry points to ../../build/mecanum_odometry/mecanum_odometry.egg-info/entry_points.txt
[1.234s] writing requirements to ../../build/mecanum_odometry/mecanum_odometry.egg-info/requires.txt
[1.234s] writing top-level names to ../../build/mecanum_odometry/mecanum_odometry.egg-info/top_level.txt
[1.235s] writing manifest file '../../build/mecanum_odometry/mecanum_odometry.egg-info/SOURCES.txt'
[1.263s] reading manifest file '../../build/mecanum_odometry/mecanum_odometry.egg-info/SOURCES.txt'
[1.264s] writing manifest file '../../build/mecanum_odometry/mecanum_odometry.egg-info/SOURCES.txt'
[1.264s] running build
[1.264s] running build_py
[1.264s] creating /home/ohj/mecanum-ros2/build/mecanum_odometry/build
[1.264s] creating /home/ohj/mecanum-ros2/build/mecanum_odometry/build/lib
[1.264s] creating /home/ohj/mecanum-ros2/build/mecanum_odometry/build/lib/mecanum_odometry
[1.264s] copying mecanum_odometry/odom_publisher.py -> /home/ohj/mecanum-ros2/build/mecanum_odometry/build/lib/mecanum_odometry
[1.265s] copying mecanum_odometry/time_test.py -> /home/ohj/mecanum-ros2/build/mecanum_odometry/build/lib/mecanum_odometry
[1.265s] copying mecanum_odometry/__init__.py -> /home/ohj/mecanum-ros2/build/mecanum_odometry/build/lib/mecanum_odometry
[1.265s] running install
[1.265s] running install_lib
[1.266s] creating /home/ohj/mecanum-ros2/install/mecanum_odometry/lib/python3.8/site-packages/mecanum_odometry
[1.266s] copying /home/ohj/mecanum-ros2/build/mecanum_odometry/build/lib/mecanum_odometry/odom_publisher.py -> /home/ohj/mecanum-ros2/install/mecanum_odometry/lib/python3.8/site-packages/mecanum_odometry
[1.266s] copying /home/ohj/mecanum-ros2/build/mecanum_odometry/build/lib/mecanum_odometry/time_test.py -> /home/ohj/mecanum-ros2/install/mecanum_odometry/lib/python3.8/site-packages/mecanum_odometry
[1.266s] copying /home/ohj/mecanum-ros2/build/mecanum_odometry/build/lib/mecanum_odometry/__init__.py -> /home/ohj/mecanum-ros2/install/mecanum_odometry/lib/python3.8/site-packages/mecanum_odometry
[1.267s] byte-compiling /home/ohj/mecanum-ros2/install/mecanum_odometry/lib/python3.8/site-packages/mecanum_odometry/odom_publisher.py to odom_publisher.cpython-38.pyc
[1.269s] byte-compiling /home/ohj/mecanum-ros2/install/mecanum_odometry/lib/python3.8/site-packages/mecanum_odometry/time_test.py to time_test.cpython-38.pyc
[1.269s] byte-compiling /home/ohj/mecanum-ros2/install/mecanum_odometry/lib/python3.8/site-packages/mecanum_odometry/__init__.py to __init__.cpython-38.pyc
[1.269s] running install_data
[1.270s] creating /home/ohj/mecanum-ros2/install/mecanum_odometry/share/ament_index
[1.270s] creating /home/ohj/mecanum-ros2/install/mecanum_odometry/share/ament_index/resource_index
[1.270s] creating /home/ohj/mecanum-ros2/install/mecanum_odometry/share/ament_index/resource_index/packages
[1.270s] copying resource/mecanum_odometry -> /home/ohj/mecanum-ros2/install/mecanum_odometry/share/ament_index/resource_index/packages
[1.270s] copying package.xml -> /home/ohj/mecanum-ros2/install/mecanum_odometry/share/mecanum_odometry
[1.270s] creating /home/ohj/mecanum-ros2/install/mecanum_odometry/share/mecanum_odometry/launch
[1.270s] copying launch/mecanum_localization.launch.py -> /home/ohj/mecanum-ros2/install/mecanum_odometry/share/mecanum_odometry/launch
[1.270s] creating /home/ohj/mecanum-ros2/install/mecanum_odometry/share/mecanum_odometry/param
[1.270s] copying param/ekf.yaml -> /home/ohj/mecanum-ros2/install/mecanum_odometry/share/mecanum_odometry/param
[1.270s] running install_egg_info
[1.272s] Copying ../../build/mecanum_odometry/mecanum_odometry.egg-info to /home/ohj/mecanum-ros2/install/mecanum_odometry/lib/python3.8/site-packages/mecanum_odometry-0.0.0-py3.8.egg-info
[1.272s] running install_scripts
[1.286s] Installing odom_publisher script to /home/ohj/mecanum-ros2/install/mecanum_odometry/lib/mecanum_odometry
[1.286s] Installing time_test script to /home/ohj/mecanum-ros2/install/mecanum_odometry/lib/mecanum_odometry
[1.286s] writing list of installed files to '/home/ohj/mecanum-ros2/build/mecanum_odometry/install.log'
[1.311s] Invoked command in '/home/ohj/mecanum-ros2/src/mecanum_odometry' returned '0': PYTHONPATH=/home/ohj/mecanum-ros2/build/mecanum_odometry/prefix_override:/home/ohj/mecanum-ros2/install/mecanum_odometry/lib/python3.8/site-packages:${PYTHONPATH} /usr/bin/python3 setup.py egg_info --egg-base ../../build/mecanum_odometry build --build-base /home/ohj/mecanum-ros2/build/mecanum_odometry/build install --record /home/ohj/mecanum-ros2/build/mecanum_odometry/install.log --single-version-externally-managed
